Starting Post Hard Filtering Quality Control (DNA Repair Genes)
Wed 13 Jun 12:53:48 UTC 2018

QUAL Filtered ExAC (non-TCGA) VCF File: /home/ec2-user/results/r_export/exac_nontcga_ddr_qual_filt_header.vcf.gz
[W::vcf_parse] INFO 'NA' is not defined in the header, assuming Type=String
Parsing bcftools stats output: /home/ec2-user/results/r_export/vcf_stats/exac_v1/ddr/exac_nontcga_ddr_qual_filtered_vcfstats.txt
Plotting graphs: python plot.py
Creating PDF: pdflatex summary.tex >plot-vcfstats.log 2>&1
Finished: /home/ec2-user/results/r_export/vcf_stats/exac_v1/ddr//summary.pdf

GQ Filtered ICR1000 VCF File: /home/ec2-user/results/r_export/icr1000_ddr_gq_filt_header.vcf.gz
[W::vcf_parse] FILTER 'NA' is not defined in the header
[W::vcf_parse] INFO 'NA' is not defined in the header, assuming Type=String
Parsing bcftools stats output: /home/ec2-user/results/r_export/vcf_stats/icr1000/ddr/icr1000_ddr_qual_filtered_vcfstats.txt
Plotting graphs: python plot.py
Creating PDF: pdflatex summary.tex >plot-vcfstats.log 2>&1
Finished: /home/ec2-user/results/r_export/vcf_stats/icr1000/ddr//summary.pdf

AC Filtered 1000 Genomes Project VCF File: /home/ec2-user/results/r_export/kgen_ddr_ac_filt_header.vcf.gz
[W::vcf_parse] INFO 'NA' is not defined in the header, assuming Type=String
Parsing bcftools stats output: /home/ec2-user/results/r_export/vcf_stats/kgen/ddr/kgen_ddr_qual_filtered_vcfstats.txt
Plotting graphs: python plot.py
Creating PDF: pdflatex summary.tex >plot-vcfstats.log 2>&1
Finished: /home/ec2-user/results/r_export/vcf_stats/kgen/ddr//summary.pdf

Finishing Post Hard Filtering Quality Control (DNA Repair Genes)
Wed 13 Jun 12:53:52 UTC 2018

