Starting s01_select_NA19315_ddr_control_kgen.sh
Fri 25 May 13:54:08 UTC 2018

1000 Genomes Project Individual ID - DDR control genotype to be extracted - NA19315

Selecting DDR control individual genotype from 1000 Genome Project (Chromosome 1) ...
Fri 25 May 13:54:08 UTC 2018

Completed DDR control individual genotype from 1000 Genome Project (Chromosome 1)
Fri 25 May 14:22:38 UTC 2018

Selecting DDR control individual genotype from 1000 Genome Project (Chromosome 2) ...
Fri 25 May 14:22:38 UTC 2018

Completed DDR control individual genotype from 1000 Genome Project (Chromosome 2)
Fri 25 May 14:55:36 UTC 2018

Selecting DDR control individual genotype from 1000 Genome Project (Chromosome 3) ...
Fri 25 May 14:55:36 UTC 2018

Completed DDR control individual genotype from 1000 Genome Project (Chromosome 3)
Fri 25 May 15:22:05 UTC 2018

Selecting DDR control individual genotype from 1000 Genome Project (Chromosome 4) ...
Fri 25 May 15:22:05 UTC 2018

Completed DDR control individual genotype from 1000 Genome Project (Chromosome 4)
Fri 25 May 15:48:23 UTC 2018

Selecting DDR control individual genotype from 1000 Genome Project (Chromosome 5) ...
Fri 25 May 15:48:23 UTC 2018

Completed DDR control individual genotype from 1000 Genome Project (Chromosome 5)
Fri 25 May 16:12:43 UTC 2018

Selecting DDR control individual genotype from 1000 Genome Project (Chromosome 6) ...
Fri 25 May 16:12:43 UTC 2018

Completed DDR control individual genotype from 1000 Genome Project (Chromosome 6)
Fri 25 May 16:34:57 UTC 2018

Selecting DDR control individual genotype from 1000 Genome Project (Chromosome 7) ...
Fri 25 May 16:34:57 UTC 2018

Completed DDR control individual genotype from 1000 Genome Project (Chromosome 7)
Fri 25 May 16:55:59 UTC 2018

Selecting DDR control individual genotype from 1000 Genome Project (Chromosome 8) ...
Fri 25 May 16:55:59 UTC 2018

Completed DDR control individual genotype from 1000 Genome Project (Chromosome 8)
Fri 25 May 17:16:32 UTC 2018

Selecting DDR control individual genotype from 1000 Genome Project (Chromosome 9) ...
Fri 25 May 17:16:32 UTC 2018

Completed DDR control individual genotype from 1000 Genome Project (Chromosome 9)
Fri 25 May 17:32:15 UTC 2018

Selecting DDR control individual genotype from 1000 Genome Project (Chromosome 10) ...
Fri 25 May 17:32:15 UTC 2018

Completed DDR control individual genotype from 1000 Genome Project (Chromosome 10)
Fri 25 May 17:50:08 UTC 2018

Selecting DDR control individual genotype from 1000 Genome Project (Chromosome 11) ...
Fri 25 May 17:50:08 UTC 2018

Completed DDR control individual genotype from 1000 Genome Project (Chromosome 11)
Fri 25 May 18:08:12 UTC 2018

Selecting DDR control individual genotype from 1000 Genome Project (Chromosome 12) ...
Fri 25 May 18:08:12 UTC 2018

Completed DDR control individual genotype from 1000 Genome Project (Chromosome 12)
Fri 25 May 18:26:09 UTC 2018

Selecting DDR control individual genotype from 1000 Genome Project (Chromosome 13) ...
Fri 25 May 18:26:09 UTC 2018

Completed DDR control individual genotype from 1000 Genome Project (Chromosome 13)
Fri 25 May 18:38:49 UTC 2018

Selecting DDR control individual genotype from 1000 Genome Project (Chromosome 14) ...
Fri 25 May 18:38:49 UTC 2018

Completed DDR control individual genotype from 1000 Genome Project (Chromosome 14)
Fri 25 May 18:52:42 UTC 2018

Selecting DDR control individual genotype from 1000 Genome Project (Chromosome 15) ...
Fri 25 May 18:52:42 UTC 2018

Completed DDR control individual genotype from 1000 Genome Project (Chromosome 15)
Fri 25 May 19:03:34 UTC 2018

Selecting DDR control individual genotype from 1000 Genome Project (Chromosome 16) ...
Fri 25 May 19:03:34 UTC 2018

Completed DDR control individual genotype from 1000 Genome Project (Chromosome 16)
Fri 25 May 19:15:20 UTC 2018

Selecting DDR control individual genotype from 1000 Genome Project (Chromosome 17) ...
Fri 25 May 19:15:20 UTC 2018

Completed DDR control individual genotype from 1000 Genome Project (Chromosome 17)
Fri 25 May 19:25:43 UTC 2018

Selecting DDR control individual genotype from 1000 Genome Project (Chromosome 18) ...
Fri 25 May 19:25:43 UTC 2018

Completed DDR control individual genotype from 1000 Genome Project (Chromosome 18)
Fri 25 May 19:35:45 UTC 2018

Selecting DDR control individual genotype from 1000 Genome Project (Chromosome 19) ...
Fri 25 May 19:35:45 UTC 2018

Completed DDR control individual genotype from 1000 Genome Project (Chromosome 19)
Fri 25 May 19:44:00 UTC 2018

Selecting DDR control individual genotype from 1000 Genome Project (Chromosome 20) ...
Fri 25 May 19:44:00 UTC 2018

Completed DDR control individual genotype from 1000 Genome Project (Chromosome 20)
Fri 25 May 19:52:11 UTC 2018

Selecting DDR control individual genotype from 1000 Genome Project (Chromosome 21) ...
Fri 25 May 19:52:11 UTC 2018

Completed DDR control individual genotype from 1000 Genome Project (Chromosome 21)
Fri 25 May 19:57:10 UTC 2018

Selecting DDR control individual genotype from 1000 Genome Project (Chromosome 22) ...
Fri 25 May 19:57:10 UTC 2018

Completed DDR control individual genotype from 1000 Genome Project (Chromosome 22)
Fri 25 May 20:02:13 UTC 2018

Selecting DDR control individual genotype from 1000 Genome Project (Chromosome X) ...
Fri 25 May 20:02:13 UTC 2018

Completed DDR control individual genotype from 1000 Genome Project (Chromosome X)
Fri 25 May 20:20:55 UTC 2018


Merging DDR control individual genotype VCF files from 1000 Genome Project
Fri 25 May 20:20:55 UTC 2018
20:20:59.039 INFO  NativeLibraryLoader - Loading libgkl_compression.so from jar:file:/home/ec2-user/tools/picard/picard.jar!/com/intel/gkl/native/libgkl_compression.so
[Fri May 25 20:20:59 UTC 2018] MergeVcfs INPUT=[/home/ec2-user/results/data_analysis/gt_individuals/kgen/ddr_control/NA19315/s01_NA19315_ddr_control_kgen_chr1_raw.vcf, /home/ec2-user/results/data_analysis/gt_individuals/kgen/ddr_control/NA19315/s01_NA19315_ddr_control_kgen_chr2_raw.vcf, /home/ec2-user/results/data_analysis/gt_individuals/kgen/ddr_control/NA19315/s01_NA19315_ddr_control_kgen_chr3_raw.vcf, /home/ec2-user/results/data_analysis/gt_individuals/kgen/ddr_control/NA19315/s01_NA19315_ddr_control_kgen_chr4_raw.vcf, /home/ec2-user/results/data_analysis/gt_individuals/kgen/ddr_control/NA19315/s01_NA19315_ddr_control_kgen_chr5_raw.vcf, /home/ec2-user/results/data_analysis/gt_individuals/kgen/ddr_control/NA19315/s01_NA19315_ddr_control_kgen_chr6_raw.vcf, /home/ec2-user/results/data_analysis/gt_individuals/kgen/ddr_control/NA19315/s01_NA19315_ddr_control_kgen_chr7_raw.vcf, /home/ec2-user/results/data_analysis/gt_individuals/kgen/ddr_control/NA19315/s01_NA19315_ddr_control_kgen_chr8_raw.vcf, /home/ec2-user/results/data_analysis/gt_individuals/kgen/ddr_control/NA19315/s01_NA19315_ddr_control_kgen_chr9_raw.vcf, /home/ec2-user/results/data_analysis/gt_individuals/kgen/ddr_control/NA19315/s01_NA19315_ddr_control_kgen_chr10_raw.vcf, /home/ec2-user/results/data_analysis/gt_individuals/kgen/ddr_control/NA19315/s01_NA19315_ddr_control_kgen_chr11_raw.vcf, /home/ec2-user/results/data_analysis/gt_individuals/kgen/ddr_control/NA19315/s01_NA19315_ddr_control_kgen_chr12_raw.vcf, /home/ec2-user/results/data_analysis/gt_individuals/kgen/ddr_control/NA19315/s01_NA19315_ddr_control_kgen_chr13_raw.vcf, /home/ec2-user/results/data_analysis/gt_individuals/kgen/ddr_control/NA19315/s01_NA19315_ddr_control_kgen_chr14_raw.vcf, /home/ec2-user/results/data_analysis/gt_individuals/kgen/ddr_control/NA19315/s01_NA19315_ddr_control_kgen_chr15_raw.vcf, /home/ec2-user/results/data_analysis/gt_individuals/kgen/ddr_control/NA19315/s01_NA19315_ddr_control_kgen_chr16_raw.vcf, /home/ec2-user/results/data_analysis/gt_individuals/kgen/ddr_control/NA19315/s01_NA19315_ddr_control_kgen_chr17_raw.vcf, /home/ec2-user/results/data_analysis/gt_individuals/kgen/ddr_control/NA19315/s01_NA19315_ddr_control_kgen_chr18_raw.vcf, /home/ec2-user/results/data_analysis/gt_individuals/kgen/ddr_control/NA19315/s01_NA19315_ddr_control_kgen_chr19_raw.vcf, /home/ec2-user/results/data_analysis/gt_individuals/kgen/ddr_control/NA19315/s01_NA19315_ddr_control_kgen_chr20_raw.vcf, /home/ec2-user/results/data_analysis/gt_individuals/kgen/ddr_control/NA19315/s01_NA19315_ddr_control_kgen_chr21_raw.vcf, /home/ec2-user/results/data_analysis/gt_individuals/kgen/ddr_control/NA19315/s01_NA19315_ddr_control_kgen_chr22_raw.vcf, /home/ec2-user/results/data_analysis/gt_individuals/kgen/ddr_control/NA19315/s01_NA19315_ddr_control_kgen_chrX_raw.vcf] OUTPUT=/home/ec2-user/results/data_analysis/gt_individuals/kgen/ddr_control/NA19315/s01_NA19315_ddr_control_kgen_merged_raw.vcf.gz    VERBOSITY=INFO QUIET=false VALIDATION_STRINGENCY=STRICT COMPRESSION_LEVEL=5 MAX_RECORDS_IN_RAM=500000 CREATE_INDEX=true CREATE_MD5_FILE=false GA4GH_CLIENT_SECRETS=client_secrets.json USE_JDK_DEFLATER=false USE_JDK_INFLATER=false
[Fri May 25 20:20:59 UTC 2018] Executing as ec2-user@ip-172-31-42-132 on Linux 4.14.33-51.37.amzn1.x86_64 amd64; OpenJDK 64-Bit Server VM 1.8.0_171-b10; Deflater: Intel; Inflater: Intel; Provider GCS is not available; Picard version: 2.18.2-SNAPSHOT
INFO	2018-05-25 20:21:00	MergeVcfs	Processed        10,000 records.  Elapsed time: 00:00:01s.  Time for last 10,000:    0s.  Last read position: 1:5,323,271
INFO	2018-05-25 20:21:00	MergeVcfs	Processed        20,000 records.  Elapsed time: 00:00:01s.  Time for last 10,000:    0s.  Last read position: 1:10,932,458
INFO	2018-05-25 20:21:00	MergeVcfs	Processed        30,000 records.  Elapsed time: 00:00:01s.  Time for last 10,000:    0s.  Last read position: 1:16,492,668
INFO	2018-05-25 20:21:01	MergeVcfs	Processed        40,000 records.  Elapsed time: 00:00:02s.  Time for last 10,000:    0s.  Last read position: 1:21,618,715
INFO	2018-05-25 20:21:01	MergeVcfs	Processed        50,000 records.  Elapsed time: 00:00:02s.  Time for last 10,000:    0s.  Last read position: 1:26,893,957
INFO	2018-05-25 20:21:01	MergeVcfs	Processed        60,000 records.  Elapsed time: 00:00:02s.  Time for last 10,000:    0s.  Last read position: 1:33,946,551
INFO	2018-05-25 20:21:01	MergeVcfs	Processed        70,000 records.  Elapsed time: 00:00:02s.  Time for last 10,000:    0s.  Last read position: 1:40,781,177
INFO	2018-05-25 20:21:02	MergeVcfs	Processed        80,000 records.  Elapsed time: 00:00:03s.  Time for last 10,000:    0s.  Last read position: 1:47,072,819
INFO	2018-05-25 20:21:02	MergeVcfs	Processed        90,000 records.  Elapsed time: 00:00:03s.  Time for last 10,000:    0s.  Last read position: 1:55,074,419
INFO	2018-05-25 20:21:02	MergeVcfs	Processed       100,000 records.  Elapsed time: 00:00:03s.  Time for last 10,000:    0s.  Last read position: 1:61,269,721
INFO	2018-05-25 20:21:02	MergeVcfs	Processed       110,000 records.  Elapsed time: 00:00:03s.  Time for last 10,000:    0s.  Last read position: 1:67,137,407
INFO	2018-05-25 20:21:03	MergeVcfs	Processed       120,000 records.  Elapsed time: 00:00:04s.  Time for last 10,000:    0s.  Last read position: 1:73,658,061
INFO	2018-05-25 20:21:03	MergeVcfs	Processed       130,000 records.  Elapsed time: 00:00:04s.  Time for last 10,000:    0s.  Last read position: 1:79,331,001
INFO	2018-05-25 20:21:03	MergeVcfs	Processed       140,000 records.  Elapsed time: 00:00:04s.  Time for last 10,000:    0s.  Last read position: 1:84,907,152
INFO	2018-05-25 20:21:03	MergeVcfs	Processed       150,000 records.  Elapsed time: 00:00:04s.  Time for last 10,000:    0s.  Last read position: 1:90,691,912
INFO	2018-05-25 20:21:04	MergeVcfs	Processed       160,000 records.  Elapsed time: 00:00:05s.  Time for last 10,000:    0s.  Last read position: 1:96,377,421
INFO	2018-05-25 20:21:04	MergeVcfs	Processed       170,000 records.  Elapsed time: 00:00:05s.  Time for last 10,000:    0s.  Last read position: 1:102,379,463
INFO	2018-05-25 20:21:04	MergeVcfs	Processed       180,000 records.  Elapsed time: 00:00:05s.  Time for last 10,000:    0s.  Last read position: 1:106,954,553
INFO	2018-05-25 20:21:04	MergeVcfs	Processed       190,000 records.  Elapsed time: 00:00:05s.  Time for last 10,000:    0s.  Last read position: 1:112,760,957
INFO	2018-05-25 20:21:05	MergeVcfs	Processed       200,000 records.  Elapsed time: 00:00:06s.  Time for last 10,000:    0s.  Last read position: 1:119,337,975
INFO	2018-05-25 20:21:05	MergeVcfs	Processed       210,000 records.  Elapsed time: 00:00:06s.  Time for last 10,000:    0s.  Last read position: 1:151,679,441
INFO	2018-05-25 20:21:05	MergeVcfs	Processed       220,000 records.  Elapsed time: 00:00:06s.  Time for last 10,000:    0s.  Last read position: 1:157,616,623
INFO	2018-05-25 20:21:05	MergeVcfs	Processed       230,000 records.  Elapsed time: 00:00:06s.  Time for last 10,000:    0s.  Last read position: 1:162,703,160
INFO	2018-05-25 20:21:06	MergeVcfs	Processed       240,000 records.  Elapsed time: 00:00:07s.  Time for last 10,000:    0s.  Last read position: 1:168,003,475
INFO	2018-05-25 20:21:06	MergeVcfs	Processed       250,000 records.  Elapsed time: 00:00:07s.  Time for last 10,000:    0s.  Last read position: 1:173,574,465
INFO	2018-05-25 20:21:06	MergeVcfs	Processed       260,000 records.  Elapsed time: 00:00:07s.  Time for last 10,000:    0s.  Last read position: 1:179,666,833
INFO	2018-05-25 20:21:06	MergeVcfs	Processed       270,000 records.  Elapsed time: 00:00:07s.  Time for last 10,000:    0s.  Last read position: 1:186,199,763
INFO	2018-05-25 20:21:07	MergeVcfs	Processed       280,000 records.  Elapsed time: 00:00:08s.  Time for last 10,000:    0s.  Last read position: 1:191,235,667
INFO	2018-05-25 20:21:07	MergeVcfs	Processed       290,000 records.  Elapsed time: 00:00:08s.  Time for last 10,000:    0s.  Last read position: 1:196,853,166
INFO	2018-05-25 20:21:07	MergeVcfs	Processed       300,000 records.  Elapsed time: 00:00:08s.  Time for last 10,000:    0s.  Last read position: 1:203,281,692
INFO	2018-05-25 20:21:07	MergeVcfs	Processed       310,000 records.  Elapsed time: 00:00:08s.  Time for last 10,000:    0s.  Last read position: 1:209,682,096
INFO	2018-05-25 20:21:07	MergeVcfs	Processed       320,000 records.  Elapsed time: 00:00:08s.  Time for last 10,000:    0s.  Last read position: 1:215,565,496
INFO	2018-05-25 20:21:08	MergeVcfs	Processed       330,000 records.  Elapsed time: 00:00:09s.  Time for last 10,000:    0s.  Last read position: 1:221,301,868
INFO	2018-05-25 20:21:08	MergeVcfs	Processed       340,000 records.  Elapsed time: 00:00:09s.  Time for last 10,000:    0s.  Last read position: 1:227,287,627
INFO	2018-05-25 20:21:08	MergeVcfs	Processed       350,000 records.  Elapsed time: 00:00:09s.  Time for last 10,000:    0s.  Last read position: 1:232,937,739
INFO	2018-05-25 20:21:08	MergeVcfs	Processed       360,000 records.  Elapsed time: 00:00:09s.  Time for last 10,000:    0s.  Last read position: 1:237,542,552
INFO	2018-05-25 20:21:08	MergeVcfs	Processed       370,000 records.  Elapsed time: 00:00:09s.  Time for last 10,000:    0s.  Last read position: 1:242,156,578
INFO	2018-05-25 20:21:08	MergeVcfs	Processed       380,000 records.  Elapsed time: 00:00:09s.  Time for last 10,000:    0s.  Last read position: 1:246,733,983
INFO	2018-05-25 20:21:08	MergeVcfs	Processed       390,000 records.  Elapsed time: 00:00:09s.  Time for last 10,000:    0s.  Last read position: 2:1,413,226
INFO	2018-05-25 20:21:09	MergeVcfs	Processed       400,000 records.  Elapsed time: 00:00:09s.  Time for last 10,000:    0s.  Last read position: 2:6,389,676
INFO	2018-05-25 20:21:09	MergeVcfs	Processed       410,000 records.  Elapsed time: 00:00:10s.  Time for last 10,000:    0s.  Last read position: 2:11,308,842
INFO	2018-05-25 20:21:09	MergeVcfs	Processed       420,000 records.  Elapsed time: 00:00:10s.  Time for last 10,000:    0s.  Last read position: 2:16,499,226
INFO	2018-05-25 20:21:09	MergeVcfs	Processed       430,000 records.  Elapsed time: 00:00:10s.  Time for last 10,000:    0s.  Last read position: 2:21,747,135
INFO	2018-05-25 20:21:09	MergeVcfs	Processed       440,000 records.  Elapsed time: 00:00:10s.  Time for last 10,000:    0s.  Last read position: 2:28,259,976
INFO	2018-05-25 20:21:09	MergeVcfs	Processed       450,000 records.  Elapsed time: 00:00:10s.  Time for last 10,000:    0s.  Last read position: 2:34,410,146
INFO	2018-05-25 20:21:09	MergeVcfs	Processed       460,000 records.  Elapsed time: 00:00:10s.  Time for last 10,000:    0s.  Last read position: 2:38,407,536
INFO	2018-05-25 20:21:09	MergeVcfs	Processed       470,000 records.  Elapsed time: 00:00:10s.  Time for last 10,000:    0s.  Last read position: 2:42,637,663
INFO	2018-05-25 20:21:09	MergeVcfs	Processed       480,000 records.  Elapsed time: 00:00:10s.  Time for last 10,000:    0s.  Last read position: 2:47,523,409
INFO	2018-05-25 20:21:09	MergeVcfs	Processed       490,000 records.  Elapsed time: 00:00:10s.  Time for last 10,000:    0s.  Last read position: 2:53,214,822
INFO	2018-05-25 20:21:10	MergeVcfs	Processed       500,000 records.  Elapsed time: 00:00:11s.  Time for last 10,000:    0s.  Last read position: 2:59,053,149
INFO	2018-05-25 20:21:10	MergeVcfs	Processed       510,000 records.  Elapsed time: 00:00:11s.  Time for last 10,000:    0s.  Last read position: 2:65,858,959
INFO	2018-05-25 20:21:10	MergeVcfs	Processed       520,000 records.  Elapsed time: 00:00:11s.  Time for last 10,000:    0s.  Last read position: 2:70,927,661
INFO	2018-05-25 20:21:10	MergeVcfs	Processed       530,000 records.  Elapsed time: 00:00:11s.  Time for last 10,000:    0s.  Last read position: 2:76,602,110
INFO	2018-05-25 20:21:10	MergeVcfs	Processed       540,000 records.  Elapsed time: 00:00:11s.  Time for last 10,000:    0s.  Last read position: 2:81,481,496
INFO	2018-05-25 20:21:10	MergeVcfs	Processed       550,000 records.  Elapsed time: 00:00:11s.  Time for last 10,000:    0s.  Last read position: 2:87,509,954
INFO	2018-05-25 20:21:10	MergeVcfs	Processed       560,000 records.  Elapsed time: 00:00:11s.  Time for last 10,000:    0s.  Last read position: 2:101,127,550
INFO	2018-05-25 20:21:10	MergeVcfs	Processed       570,000 records.  Elapsed time: 00:00:11s.  Time for last 10,000:    0s.  Last read position: 2:106,894,241
INFO	2018-05-25 20:21:10	MergeVcfs	Processed       580,000 records.  Elapsed time: 00:00:11s.  Time for last 10,000:    0s.  Last read position: 2:113,836,526
INFO	2018-05-25 20:21:11	MergeVcfs	Processed       590,000 records.  Elapsed time: 00:00:11s.  Time for last 10,000:    0s.  Last read position: 2:119,563,497
INFO	2018-05-25 20:21:11	MergeVcfs	Processed       600,000 records.  Elapsed time: 00:00:12s.  Time for last 10,000:    0s.  Last read position: 2:125,264,721
INFO	2018-05-25 20:21:11	MergeVcfs	Processed       610,000 records.  Elapsed time: 00:00:12s.  Time for last 10,000:    0s.  Last read position: 2:130,265,440
INFO	2018-05-25 20:21:11	MergeVcfs	Processed       620,000 records.  Elapsed time: 00:00:12s.  Time for last 10,000:    0s.  Last read position: 2:136,053,800
INFO	2018-05-25 20:21:11	MergeVcfs	Processed       630,000 records.  Elapsed time: 00:00:12s.  Time for last 10,000:    0s.  Last read position: 2:141,151,531
INFO	2018-05-25 20:21:11	MergeVcfs	Processed       640,000 records.  Elapsed time: 00:00:12s.  Time for last 10,000:    0s.  Last read position: 2:148,279,258
INFO	2018-05-25 20:21:11	MergeVcfs	Processed       650,000 records.  Elapsed time: 00:00:12s.  Time for last 10,000:    0s.  Last read position: 2:154,988,159
INFO	2018-05-25 20:21:11	MergeVcfs	Processed       660,000 records.  Elapsed time: 00:00:12s.  Time for last 10,000:    0s.  Last read position: 2:161,654,497
INFO	2018-05-25 20:21:11	MergeVcfs	Processed       670,000 records.  Elapsed time: 00:00:12s.  Time for last 10,000:    0s.  Last read position: 2:168,521,116
INFO	2018-05-25 20:21:11	MergeVcfs	Processed       680,000 records.  Elapsed time: 00:00:12s.  Time for last 10,000:    0s.  Last read position: 2:173,944,399
INFO	2018-05-25 20:21:12	MergeVcfs	Processed       690,000 records.  Elapsed time: 00:00:13s.  Time for last 10,000:    0s.  Last read position: 2:180,238,458
INFO	2018-05-25 20:21:12	MergeVcfs	Processed       700,000 records.  Elapsed time: 00:00:13s.  Time for last 10,000:    0s.  Last read position: 2:186,675,264
INFO	2018-05-25 20:21:12	MergeVcfs	Processed       710,000 records.  Elapsed time: 00:00:13s.  Time for last 10,000:    0s.  Last read position: 2:193,175,139
INFO	2018-05-25 20:21:12	MergeVcfs	Processed       720,000 records.  Elapsed time: 00:00:13s.  Time for last 10,000:    0s.  Last read position: 2:199,823,160
INFO	2018-05-25 20:21:12	MergeVcfs	Processed       730,000 records.  Elapsed time: 00:00:13s.  Time for last 10,000:    0s.  Last read position: 2:207,149,143
INFO	2018-05-25 20:21:12	MergeVcfs	Processed       740,000 records.  Elapsed time: 00:00:13s.  Time for last 10,000:    0s.  Last read position: 2:212,682,706
INFO	2018-05-25 20:21:12	MergeVcfs	Processed       750,000 records.  Elapsed time: 00:00:13s.  Time for last 10,000:    0s.  Last read position: 2:218,196,065
INFO	2018-05-25 20:21:12	MergeVcfs	Processed       760,000 records.  Elapsed time: 00:00:13s.  Time for last 10,000:    0s.  Last read position: 2:223,652,519
INFO	2018-05-25 20:21:12	MergeVcfs	Processed       770,000 records.  Elapsed time: 00:00:13s.  Time for last 10,000:    0s.  Last read position: 2:228,560,878
INFO	2018-05-25 20:21:12	MergeVcfs	Processed       780,000 records.  Elapsed time: 00:00:13s.  Time for last 10,000:    0s.  Last read position: 2:234,235,154
INFO	2018-05-25 20:21:13	MergeVcfs	Processed       790,000 records.  Elapsed time: 00:00:14s.  Time for last 10,000:    0s.  Last read position: 2:238,612,386
INFO	2018-05-25 20:21:13	MergeVcfs	Processed       800,000 records.  Elapsed time: 00:00:14s.  Time for last 10,000:    0s.  Last read position: 3:318,317
INFO	2018-05-25 20:21:13	MergeVcfs	Processed       810,000 records.  Elapsed time: 00:00:14s.  Time for last 10,000:    0s.  Last read position: 3:3,993,921
INFO	2018-05-25 20:21:13	MergeVcfs	Processed       820,000 records.  Elapsed time: 00:00:14s.  Time for last 10,000:    0s.  Last read position: 3:7,776,735
INFO	2018-05-25 20:21:13	MergeVcfs	Processed       830,000 records.  Elapsed time: 00:00:14s.  Time for last 10,000:    0s.  Last read position: 3:12,430,040
INFO	2018-05-25 20:21:13	MergeVcfs	Processed       840,000 records.  Elapsed time: 00:00:14s.  Time for last 10,000:    0s.  Last read position: 3:17,722,619
INFO	2018-05-25 20:21:13	MergeVcfs	Processed       850,000 records.  Elapsed time: 00:00:14s.  Time for last 10,000:    0s.  Last read position: 3:22,841,660
INFO	2018-05-25 20:21:13	MergeVcfs	Processed       860,000 records.  Elapsed time: 00:00:14s.  Time for last 10,000:    0s.  Last read position: 3:27,929,143
INFO	2018-05-25 20:21:13	MergeVcfs	Processed       870,000 records.  Elapsed time: 00:00:14s.  Time for last 10,000:    0s.  Last read position: 3:32,815,566
INFO	2018-05-25 20:21:14	MergeVcfs	Processed       880,000 records.  Elapsed time: 00:00:14s.  Time for last 10,000:    0s.  Last read position: 3:39,471,620
INFO	2018-05-25 20:21:14	MergeVcfs	Processed       890,000 records.  Elapsed time: 00:00:15s.  Time for last 10,000:    0s.  Last read position: 3:45,598,919
INFO	2018-05-25 20:21:14	MergeVcfs	Processed       900,000 records.  Elapsed time: 00:00:15s.  Time for last 10,000:    0s.  Last read position: 3:54,130,789
INFO	2018-05-25 20:21:14	MergeVcfs	Processed       910,000 records.  Elapsed time: 00:00:15s.  Time for last 10,000:    0s.  Last read position: 3:59,920,697
INFO	2018-05-25 20:21:14	MergeVcfs	Processed       920,000 records.  Elapsed time: 00:00:15s.  Time for last 10,000:    0s.  Last read position: 3:64,796,512
INFO	2018-05-25 20:21:14	MergeVcfs	Processed       930,000 records.  Elapsed time: 00:00:15s.  Time for last 10,000:    0s.  Last read position: 3:69,878,488
INFO	2018-05-25 20:21:14	MergeVcfs	Processed       940,000 records.  Elapsed time: 00:00:15s.  Time for last 10,000:    0s.  Last read position: 3:75,761,813
INFO	2018-05-25 20:21:14	MergeVcfs	Processed       950,000 records.  Elapsed time: 00:00:15s.  Time for last 10,000:    0s.  Last read position: 3:82,081,655
INFO	2018-05-25 20:21:14	MergeVcfs	Processed       960,000 records.  Elapsed time: 00:00:15s.  Time for last 10,000:    0s.  Last read position: 3:87,863,280
INFO	2018-05-25 20:21:14	MergeVcfs	Processed       970,000 records.  Elapsed time: 00:00:15s.  Time for last 10,000:    0s.  Last read position: 3:96,082,076
INFO	2018-05-25 20:21:15	MergeVcfs	Processed       980,000 records.  Elapsed time: 00:00:15s.  Time for last 10,000:    0s.  Last read position: 3:101,418,501
INFO	2018-05-25 20:21:15	MergeVcfs	Processed       990,000 records.  Elapsed time: 00:00:16s.  Time for last 10,000:    0s.  Last read position: 3:106,346,832
INFO	2018-05-25 20:21:15	MergeVcfs	Processed     1,000,000 records.  Elapsed time: 00:00:16s.  Time for last 10,000:    0s.  Last read position: 3:111,834,753
INFO	2018-05-25 20:21:15	MergeVcfs	Processed     1,010,000 records.  Elapsed time: 00:00:16s.  Time for last 10,000:    0s.  Last read position: 3:117,832,828
INFO	2018-05-25 20:21:15	MergeVcfs	Processed     1,020,000 records.  Elapsed time: 00:00:16s.  Time for last 10,000:    0s.  Last read position: 3:124,047,409
INFO	2018-05-25 20:21:15	MergeVcfs	Processed     1,030,000 records.  Elapsed time: 00:00:16s.  Time for last 10,000:    0s.  Last read position: 3:129,032,199
INFO	2018-05-25 20:21:15	MergeVcfs	Processed     1,040,000 records.  Elapsed time: 00:00:16s.  Time for last 10,000:    0s.  Last read position: 3:134,689,969
INFO	2018-05-25 20:21:15	MergeVcfs	Processed     1,050,000 records.  Elapsed time: 00:00:16s.  Time for last 10,000:    0s.  Last read position: 3:141,745,790
INFO	2018-05-25 20:21:15	MergeVcfs	Processed     1,060,000 records.  Elapsed time: 00:00:16s.  Time for last 10,000:    0s.  Last read position: 3:147,188,925
INFO	2018-05-25 20:21:15	MergeVcfs	Processed     1,070,000 records.  Elapsed time: 00:00:16s.  Time for last 10,000:    0s.  Last read position: 3:153,235,252
INFO	2018-05-25 20:21:16	MergeVcfs	Processed     1,080,000 records.  Elapsed time: 00:00:16s.  Time for last 10,000:    0s.  Last read position: 3:159,380,008
INFO	2018-05-25 20:21:16	MergeVcfs	Processed     1,090,000 records.  Elapsed time: 00:00:17s.  Time for last 10,000:    0s.  Last read position: 3:164,710,189
INFO	2018-05-25 20:21:16	MergeVcfs	Processed     1,100,000 records.  Elapsed time: 00:00:17s.  Time for last 10,000:    0s.  Last read position: 3:171,201,197
INFO	2018-05-25 20:21:16	MergeVcfs	Processed     1,110,000 records.  Elapsed time: 00:00:17s.  Time for last 10,000:    0s.  Last read position: 3:176,420,631
INFO	2018-05-25 20:21:16	MergeVcfs	Processed     1,120,000 records.  Elapsed time: 00:00:17s.  Time for last 10,000:    0s.  Last read position: 3:182,678,068
INFO	2018-05-25 20:21:16	MergeVcfs	Processed     1,130,000 records.  Elapsed time: 00:00:17s.  Time for last 10,000:    0s.  Last read position: 3:187,953,513
INFO	2018-05-25 20:21:16	MergeVcfs	Processed     1,140,000 records.  Elapsed time: 00:00:17s.  Time for last 10,000:    0s.  Last read position: 3:192,153,434
INFO	2018-05-25 20:21:16	MergeVcfs	Processed     1,150,000 records.  Elapsed time: 00:00:17s.  Time for last 10,000:    0s.  Last read position: 3:196,974,183
INFO	2018-05-25 20:21:16	MergeVcfs	Processed     1,160,000 records.  Elapsed time: 00:00:17s.  Time for last 10,000:    0s.  Last read position: 4:4,155,683
INFO	2018-05-25 20:21:16	MergeVcfs	Processed     1,170,000 records.  Elapsed time: 00:00:17s.  Time for last 10,000:    0s.  Last read position: 4:7,894,820
INFO	2018-05-25 20:21:17	MergeVcfs	Processed     1,180,000 records.  Elapsed time: 00:00:18s.  Time for last 10,000:    0s.  Last read position: 4:11,796,050
INFO	2018-05-25 20:21:17	MergeVcfs	Processed     1,190,000 records.  Elapsed time: 00:00:18s.  Time for last 10,000:    0s.  Last read position: 4:17,030,306
INFO	2018-05-25 20:21:17	MergeVcfs	Processed     1,200,000 records.  Elapsed time: 00:00:18s.  Time for last 10,000:    0s.  Last read position: 4:22,310,225
INFO	2018-05-25 20:21:17	MergeVcfs	Processed     1,210,000 records.  Elapsed time: 00:00:18s.  Time for last 10,000:    0s.  Last read position: 4:27,801,627
INFO	2018-05-25 20:21:17	MergeVcfs	Processed     1,220,000 records.  Elapsed time: 00:00:18s.  Time for last 10,000:    0s.  Last read position: 4:32,537,976
INFO	2018-05-25 20:21:17	MergeVcfs	Processed     1,230,000 records.  Elapsed time: 00:00:18s.  Time for last 10,000:    0s.  Last read position: 4:37,364,513
INFO	2018-05-25 20:21:17	MergeVcfs	Processed     1,240,000 records.  Elapsed time: 00:00:18s.  Time for last 10,000:    0s.  Last read position: 4:42,225,822
INFO	2018-05-25 20:21:17	MergeVcfs	Processed     1,250,000 records.  Elapsed time: 00:00:18s.  Time for last 10,000:    0s.  Last read position: 4:48,967,889
INFO	2018-05-25 20:21:17	MergeVcfs	Processed     1,260,000 records.  Elapsed time: 00:00:18s.  Time for last 10,000:    0s.  Last read position: 4:57,749,811
INFO	2018-05-25 20:21:17	MergeVcfs	Processed     1,270,000 records.  Elapsed time: 00:00:18s.  Time for last 10,000:    0s.  Last read position: 4:62,028,315
INFO	2018-05-25 20:21:18	MergeVcfs	Processed     1,280,000 records.  Elapsed time: 00:00:19s.  Time for last 10,000:    0s.  Last read position: 4:66,752,727
INFO	2018-05-25 20:21:18	MergeVcfs	Processed     1,290,000 records.  Elapsed time: 00:00:19s.  Time for last 10,000:    0s.  Last read position: 4:71,418,993
INFO	2018-05-25 20:21:18	MergeVcfs	Processed     1,300,000 records.  Elapsed time: 00:00:19s.  Time for last 10,000:    0s.  Last read position: 4:77,131,376
INFO	2018-05-25 20:21:18	MergeVcfs	Processed     1,310,000 records.  Elapsed time: 00:00:19s.  Time for last 10,000:    0s.  Last read position: 4:82,347,193
INFO	2018-05-25 20:21:18	MergeVcfs	Processed     1,320,000 records.  Elapsed time: 00:00:19s.  Time for last 10,000:    0s.  Last read position: 4:87,161,825
INFO	2018-05-25 20:21:18	MergeVcfs	Processed     1,330,000 records.  Elapsed time: 00:00:19s.  Time for last 10,000:    0s.  Last read position: 4:92,723,785
INFO	2018-05-25 20:21:18	MergeVcfs	Processed     1,340,000 records.  Elapsed time: 00:00:19s.  Time for last 10,000:    0s.  Last read position: 4:98,621,295
INFO	2018-05-25 20:21:18	MergeVcfs	Processed     1,350,000 records.  Elapsed time: 00:00:19s.  Time for last 10,000:    0s.  Last read position: 4:104,411,451
INFO	2018-05-25 20:21:18	MergeVcfs	Processed     1,360,000 records.  Elapsed time: 00:00:19s.  Time for last 10,000:    0s.  Last read position: 4:110,463,542
INFO	2018-05-25 20:21:18	MergeVcfs	Processed     1,370,000 records.  Elapsed time: 00:00:19s.  Time for last 10,000:    0s.  Last read position: 4:116,040,116
INFO	2018-05-25 20:21:19	MergeVcfs	Processed     1,380,000 records.  Elapsed time: 00:00:20s.  Time for last 10,000:    0s.  Last read position: 4:121,287,057
INFO	2018-05-25 20:21:19	MergeVcfs	Processed     1,390,000 records.  Elapsed time: 00:00:20s.  Time for last 10,000:    0s.  Last read position: 4:127,014,027
INFO	2018-05-25 20:21:19	MergeVcfs	Processed     1,400,000 records.  Elapsed time: 00:00:20s.  Time for last 10,000:    0s.  Last read position: 4:133,060,190
INFO	2018-05-25 20:21:19	MergeVcfs	Processed     1,410,000 records.  Elapsed time: 00:00:20s.  Time for last 10,000:    0s.  Last read position: 4:138,168,247
INFO	2018-05-25 20:21:19	MergeVcfs	Processed     1,420,000 records.  Elapsed time: 00:00:20s.  Time for last 10,000:    0s.  Last read position: 4:143,769,509
INFO	2018-05-25 20:21:19	MergeVcfs	Processed     1,430,000 records.  Elapsed time: 00:00:20s.  Time for last 10,000:    0s.  Last read position: 4:149,531,963
INFO	2018-05-25 20:21:19	MergeVcfs	Processed     1,440,000 records.  Elapsed time: 00:00:20s.  Time for last 10,000:    0s.  Last read position: 4:156,227,891
INFO	2018-05-25 20:21:19	MergeVcfs	Processed     1,450,000 records.  Elapsed time: 00:00:20s.  Time for last 10,000:    0s.  Last read position: 4:161,463,360
INFO	2018-05-25 20:21:19	MergeVcfs	Processed     1,460,000 records.  Elapsed time: 00:00:20s.  Time for last 10,000:    0s.  Last read position: 4:166,224,288
INFO	2018-05-25 20:21:20	MergeVcfs	Processed     1,470,000 records.  Elapsed time: 00:00:20s.  Time for last 10,000:    0s.  Last read position: 4:171,425,771
INFO	2018-05-25 20:21:20	MergeVcfs	Processed     1,480,000 records.  Elapsed time: 00:00:21s.  Time for last 10,000:    0s.  Last read position: 4:177,088,948
INFO	2018-05-25 20:21:20	MergeVcfs	Processed     1,490,000 records.  Elapsed time: 00:00:21s.  Time for last 10,000:    0s.  Last read position: 4:181,447,430
INFO	2018-05-25 20:21:20	MergeVcfs	Processed     1,500,000 records.  Elapsed time: 00:00:21s.  Time for last 10,000:    0s.  Last read position: 4:185,855,128
INFO	2018-05-25 20:21:20	MergeVcfs	Processed     1,510,000 records.  Elapsed time: 00:00:21s.  Time for last 10,000:    0s.  Last read position: 4:189,758,419
INFO	2018-05-25 20:21:20	MergeVcfs	Processed     1,520,000 records.  Elapsed time: 00:00:21s.  Time for last 10,000:    0s.  Last read position: 5:2,543,192
INFO	2018-05-25 20:21:20	MergeVcfs	Processed     1,530,000 records.  Elapsed time: 00:00:21s.  Time for last 10,000:    0s.  Last read position: 5:6,567,912
INFO	2018-05-25 20:21:20	MergeVcfs	Processed     1,540,000 records.  Elapsed time: 00:00:21s.  Time for last 10,000:    0s.  Last read position: 5:11,582,048
INFO	2018-05-25 20:21:20	MergeVcfs	Processed     1,550,000 records.  Elapsed time: 00:00:21s.  Time for last 10,000:    0s.  Last read position: 5:17,043,428
INFO	2018-05-25 20:21:20	MergeVcfs	Processed     1,560,000 records.  Elapsed time: 00:00:21s.  Time for last 10,000:    0s.  Last read position: 5:22,582,788
INFO	2018-05-25 20:21:21	MergeVcfs	Processed     1,570,000 records.  Elapsed time: 00:00:21s.  Time for last 10,000:    0s.  Last read position: 5:27,889,376
INFO	2018-05-25 20:21:21	MergeVcfs	Processed     1,580,000 records.  Elapsed time: 00:00:22s.  Time for last 10,000:    0s.  Last read position: 5:32,500,698
INFO	2018-05-25 20:21:21	MergeVcfs	Processed     1,590,000 records.  Elapsed time: 00:00:22s.  Time for last 10,000:    0s.  Last read position: 5:37,916,090
INFO	2018-05-25 20:21:21	MergeVcfs	Processed     1,600,000 records.  Elapsed time: 00:00:22s.  Time for last 10,000:    0s.  Last read position: 5:43,430,406
INFO	2018-05-25 20:21:21	MergeVcfs	Processed     1,610,000 records.  Elapsed time: 00:00:22s.  Time for last 10,000:    0s.  Last read position: 5:53,447,103
INFO	2018-05-25 20:21:21	MergeVcfs	Processed     1,620,000 records.  Elapsed time: 00:00:22s.  Time for last 10,000:    0s.  Last read position: 5:58,259,817
INFO	2018-05-25 20:21:21	MergeVcfs	Processed     1,630,000 records.  Elapsed time: 00:00:22s.  Time for last 10,000:    0s.  Last read position: 5:64,859,884
INFO	2018-05-25 20:21:21	MergeVcfs	Processed     1,640,000 records.  Elapsed time: 00:00:22s.  Time for last 10,000:    0s.  Last read position: 5:72,973,274
INFO	2018-05-25 20:21:21	MergeVcfs	Processed     1,650,000 records.  Elapsed time: 00:00:22s.  Time for last 10,000:    0s.  Last read position: 5:78,220,709
INFO	2018-05-25 20:21:21	MergeVcfs	Processed     1,660,000 records.  Elapsed time: 00:00:22s.  Time for last 10,000:    0s.  Last read position: 5:84,098,894
INFO	2018-05-25 20:21:22	MergeVcfs	Processed     1,670,000 records.  Elapsed time: 00:00:22s.  Time for last 10,000:    0s.  Last read position: 5:91,098,697
INFO	2018-05-25 20:21:22	MergeVcfs	Processed     1,680,000 records.  Elapsed time: 00:00:23s.  Time for last 10,000:    0s.  Last read position: 5:98,532,010
INFO	2018-05-25 20:21:22	MergeVcfs	Processed     1,690,000 records.  Elapsed time: 00:00:23s.  Time for last 10,000:    0s.  Last read position: 5:103,805,346
INFO	2018-05-25 20:21:22	MergeVcfs	Processed     1,700,000 records.  Elapsed time: 00:00:23s.  Time for last 10,000:    0s.  Last read position: 5:109,634,086
INFO	2018-05-25 20:21:22	MergeVcfs	Processed     1,710,000 records.  Elapsed time: 00:00:23s.  Time for last 10,000:    0s.  Last read position: 5:114,567,046
INFO	2018-05-25 20:21:22	MergeVcfs	Processed     1,720,000 records.  Elapsed time: 00:00:23s.  Time for last 10,000:    0s.  Last read position: 5:119,326,733
INFO	2018-05-25 20:21:22	MergeVcfs	Processed     1,730,000 records.  Elapsed time: 00:00:23s.  Time for last 10,000:    0s.  Last read position: 5:124,617,602
INFO	2018-05-25 20:21:22	MergeVcfs	Processed     1,740,000 records.  Elapsed time: 00:00:23s.  Time for last 10,000:    0s.  Last read position: 5:130,826,748
INFO	2018-05-25 20:21:22	MergeVcfs	Processed     1,750,000 records.  Elapsed time: 00:00:23s.  Time for last 10,000:    0s.  Last read position: 5:137,359,583
INFO	2018-05-25 20:21:22	MergeVcfs	Processed     1,760,000 records.  Elapsed time: 00:00:23s.  Time for last 10,000:    0s.  Last read position: 5:144,618,526
INFO	2018-05-25 20:21:23	MergeVcfs	Processed     1,770,000 records.  Elapsed time: 00:00:23s.  Time for last 10,000:    0s.  Last read position: 5:151,058,484
INFO	2018-05-25 20:21:23	MergeVcfs	Processed     1,780,000 records.  Elapsed time: 00:00:24s.  Time for last 10,000:    0s.  Last read position: 5:156,910,217
INFO	2018-05-25 20:21:23	MergeVcfs	Processed     1,790,000 records.  Elapsed time: 00:00:24s.  Time for last 10,000:    0s.  Last read position: 5:162,978,283
INFO	2018-05-25 20:21:23	MergeVcfs	Processed     1,800,000 records.  Elapsed time: 00:00:24s.  Time for last 10,000:    0s.  Last read position: 5:168,892,935
INFO	2018-05-25 20:21:23	MergeVcfs	Processed     1,810,000 records.  Elapsed time: 00:00:24s.  Time for last 10,000:    0s.  Last read position: 5:173,967,355
INFO	2018-05-25 20:21:23	MergeVcfs	Processed     1,820,000 records.  Elapsed time: 00:00:24s.  Time for last 10,000:    0s.  Last read position: 5:178,892,706
INFO	2018-05-25 20:21:23	MergeVcfs	Processed     1,830,000 records.  Elapsed time: 00:00:24s.  Time for last 10,000:    0s.  Last read position: 6:2,721,352
INFO	2018-05-25 20:21:23	MergeVcfs	Processed     1,840,000 records.  Elapsed time: 00:00:24s.  Time for last 10,000:    0s.  Last read position: 6:6,953,553
INFO	2018-05-25 20:21:23	MergeVcfs	Processed     1,850,000 records.  Elapsed time: 00:00:24s.  Time for last 10,000:    0s.  Last read position: 6:11,965,555
INFO	2018-05-25 20:21:23	MergeVcfs	Processed     1,860,000 records.  Elapsed time: 00:00:24s.  Time for last 10,000:    0s.  Last read position: 6:17,728,416
INFO	2018-05-25 20:21:24	MergeVcfs	Processed     1,870,000 records.  Elapsed time: 00:00:25s.  Time for last 10,000:    0s.  Last read position: 6:22,749,328
INFO	2018-05-25 20:21:24	MergeVcfs	Processed     1,880,000 records.  Elapsed time: 00:00:25s.  Time for last 10,000:    0s.  Last read position: 6:27,861,922
INFO	2018-05-25 20:21:24	MergeVcfs	Processed     1,890,000 records.  Elapsed time: 00:00:25s.  Time for last 10,000:    0s.  Last read position: 6:31,262,438
INFO	2018-05-25 20:21:24	MergeVcfs	Processed     1,900,000 records.  Elapsed time: 00:00:25s.  Time for last 10,000:    0s.  Last read position: 6:32,568,937
INFO	2018-05-25 20:21:24	MergeVcfs	Processed     1,910,000 records.  Elapsed time: 00:00:25s.  Time for last 10,000:    0s.  Last read position: 6:34,769,101
INFO	2018-05-25 20:21:24	MergeVcfs	Processed     1,920,000 records.  Elapsed time: 00:00:25s.  Time for last 10,000:    0s.  Last read position: 6:40,546,230
INFO	2018-05-25 20:21:24	MergeVcfs	Processed     1,930,000 records.  Elapsed time: 00:00:25s.  Time for last 10,000:    0s.  Last read position: 6:47,020,956
INFO	2018-05-25 20:21:24	MergeVcfs	Processed     1,940,000 records.  Elapsed time: 00:00:25s.  Time for last 10,000:    0s.  Last read position: 6:52,727,759
INFO	2018-05-25 20:21:24	MergeVcfs	Processed     1,950,000 records.  Elapsed time: 00:00:25s.  Time for last 10,000:    0s.  Last read position: 6:57,530,603
INFO	2018-05-25 20:21:24	MergeVcfs	Processed     1,960,000 records.  Elapsed time: 00:00:25s.  Time for last 10,000:    0s.  Last read position: 6:65,234,103
INFO	2018-05-25 20:21:25	MergeVcfs	Processed     1,970,000 records.  Elapsed time: 00:00:26s.  Time for last 10,000:    0s.  Last read position: 6:70,046,302
INFO	2018-05-25 20:21:25	MergeVcfs	Processed     1,980,000 records.  Elapsed time: 00:00:26s.  Time for last 10,000:    0s.  Last read position: 6:75,948,042
INFO	2018-05-25 20:21:25	MergeVcfs	Processed     1,990,000 records.  Elapsed time: 00:00:26s.  Time for last 10,000:    0s.  Last read position: 6:81,407,258
INFO	2018-05-25 20:21:25	MergeVcfs	Processed     2,000,000 records.  Elapsed time: 00:00:26s.  Time for last 10,000:    0s.  Last read position: 6:87,157,066
INFO	2018-05-25 20:21:25	MergeVcfs	Processed     2,010,000 records.  Elapsed time: 00:00:26s.  Time for last 10,000:    0s.  Last read position: 6:93,291,098
INFO	2018-05-25 20:21:25	MergeVcfs	Processed     2,020,000 records.  Elapsed time: 00:00:26s.  Time for last 10,000:    0s.  Last read position: 6:99,467,850
INFO	2018-05-25 20:21:25	MergeVcfs	Processed     2,030,000 records.  Elapsed time: 00:00:26s.  Time for last 10,000:    0s.  Last read position: 6:104,743,203
INFO	2018-05-25 20:21:25	MergeVcfs	Processed     2,040,000 records.  Elapsed time: 00:00:26s.  Time for last 10,000:    0s.  Last read position: 6:110,794,423
INFO	2018-05-25 20:21:25	MergeVcfs	Processed     2,050,000 records.  Elapsed time: 00:00:26s.  Time for last 10,000:    0s.  Last read position: 6:117,215,671
INFO	2018-05-25 20:21:25	MergeVcfs	Processed     2,060,000 records.  Elapsed time: 00:00:26s.  Time for last 10,000:    0s.  Last read position: 6:122,851,131
INFO	2018-05-25 20:21:26	MergeVcfs	Processed     2,070,000 records.  Elapsed time: 00:00:27s.  Time for last 10,000:    0s.  Last read position: 6:129,946,602
INFO	2018-05-25 20:21:26	MergeVcfs	Processed     2,080,000 records.  Elapsed time: 00:00:27s.  Time for last 10,000:    0s.  Last read position: 6:135,117,332
INFO	2018-05-25 20:21:26	MergeVcfs	Processed     2,090,000 records.  Elapsed time: 00:00:27s.  Time for last 10,000:    0s.  Last read position: 6:141,607,779
INFO	2018-05-25 20:21:26	MergeVcfs	Processed     2,100,000 records.  Elapsed time: 00:00:27s.  Time for last 10,000:    0s.  Last read position: 6:148,220,605
INFO	2018-05-25 20:21:26	MergeVcfs	Processed     2,110,000 records.  Elapsed time: 00:00:27s.  Time for last 10,000:    0s.  Last read position: 6:152,962,854
INFO	2018-05-25 20:21:26	MergeVcfs	Processed     2,120,000 records.  Elapsed time: 00:00:27s.  Time for last 10,000:    0s.  Last read position: 6:158,374,594
INFO	2018-05-25 20:21:26	MergeVcfs	Processed     2,130,000 records.  Elapsed time: 00:00:27s.  Time for last 10,000:    0s.  Last read position: 6:162,785,500
INFO	2018-05-25 20:21:26	MergeVcfs	Processed     2,140,000 records.  Elapsed time: 00:00:27s.  Time for last 10,000:    0s.  Last read position: 6:167,378,568
INFO	2018-05-25 20:21:26	MergeVcfs	Processed     2,150,000 records.  Elapsed time: 00:00:27s.  Time for last 10,000:    0s.  Last read position: 7:573,631
INFO	2018-05-25 20:21:27	MergeVcfs	Processed     2,160,000 records.  Elapsed time: 00:00:27s.  Time for last 10,000:    0s.  Last read position: 7:4,218,233
INFO	2018-05-25 20:21:27	MergeVcfs	Processed     2,170,000 records.  Elapsed time: 00:00:28s.  Time for last 10,000:    0s.  Last read position: 7:8,071,406
INFO	2018-05-25 20:21:27	MergeVcfs	Processed     2,180,000 records.  Elapsed time: 00:00:28s.  Time for last 10,000:    0s.  Last read position: 7:11,803,828
INFO	2018-05-25 20:21:27	MergeVcfs	Processed     2,190,000 records.  Elapsed time: 00:00:28s.  Time for last 10,000:    0s.  Last read position: 7:15,383,579
INFO	2018-05-25 20:21:27	MergeVcfs	Processed     2,200,000 records.  Elapsed time: 00:00:28s.  Time for last 10,000:    0s.  Last read position: 7:20,370,192
INFO	2018-05-25 20:21:27	MergeVcfs	Processed     2,210,000 records.  Elapsed time: 00:00:28s.  Time for last 10,000:    0s.  Last read position: 7:25,471,651
INFO	2018-05-25 20:21:27	MergeVcfs	Processed     2,220,000 records.  Elapsed time: 00:00:28s.  Time for last 10,000:    0s.  Last read position: 7:31,480,724
INFO	2018-05-25 20:21:27	MergeVcfs	Processed     2,230,000 records.  Elapsed time: 00:00:28s.  Time for last 10,000:    0s.  Last read position: 7:36,864,606
INFO	2018-05-25 20:21:27	MergeVcfs	Processed     2,240,000 records.  Elapsed time: 00:00:28s.  Time for last 10,000:    0s.  Last read position: 7:42,346,778
INFO	2018-05-25 20:21:27	MergeVcfs	Processed     2,250,000 records.  Elapsed time: 00:00:28s.  Time for last 10,000:    0s.  Last read position: 7:47,996,232
INFO	2018-05-25 20:21:28	MergeVcfs	Processed     2,260,000 records.  Elapsed time: 00:00:28s.  Time for last 10,000:    0s.  Last read position: 7:52,674,331
INFO	2018-05-25 20:21:28	MergeVcfs	Processed     2,270,000 records.  Elapsed time: 00:00:29s.  Time for last 10,000:    0s.  Last read position: 7:57,177,926
INFO	2018-05-25 20:21:28	MergeVcfs	Processed     2,280,000 records.  Elapsed time: 00:00:29s.  Time for last 10,000:    0s.  Last read position: 7:66,485,401
INFO	2018-05-25 20:21:28	MergeVcfs	Processed     2,290,000 records.  Elapsed time: 00:00:29s.  Time for last 10,000:    0s.  Last read position: 7:70,824,625
INFO	2018-05-25 20:21:28	MergeVcfs	Processed     2,300,000 records.  Elapsed time: 00:00:29s.  Time for last 10,000:    0s.  Last read position: 7:78,113,734
INFO	2018-05-25 20:21:28	MergeVcfs	Processed     2,310,000 records.  Elapsed time: 00:00:29s.  Time for last 10,000:    0s.  Last read position: 7:83,348,737
INFO	2018-05-25 20:21:28	MergeVcfs	Processed     2,320,000 records.  Elapsed time: 00:00:29s.  Time for last 10,000:    0s.  Last read position: 7:89,078,993
INFO	2018-05-25 20:21:28	MergeVcfs	Processed     2,330,000 records.  Elapsed time: 00:00:29s.  Time for last 10,000:    0s.  Last read position: 7:96,434,368
INFO	2018-05-25 20:21:28	MergeVcfs	Processed     2,340,000 records.  Elapsed time: 00:00:29s.  Time for last 10,000:    0s.  Last read position: 7:102,368,010
INFO	2018-05-25 20:21:28	MergeVcfs	Processed     2,350,000 records.  Elapsed time: 00:00:29s.  Time for last 10,000:    0s.  Last read position: 7:108,412,976
INFO	2018-05-25 20:21:29	MergeVcfs	Processed     2,360,000 records.  Elapsed time: 00:00:30s.  Time for last 10,000:    0s.  Last read position: 7:114,312,651
INFO	2018-05-25 20:21:29	MergeVcfs	Processed     2,370,000 records.  Elapsed time: 00:00:30s.  Time for last 10,000:    0s.  Last read position: 7:121,008,282
INFO	2018-05-25 20:21:29	MergeVcfs	Processed     2,380,000 records.  Elapsed time: 00:00:30s.  Time for last 10,000:    0s.  Last read position: 7:125,793,767
INFO	2018-05-25 20:21:29	MergeVcfs	Processed     2,390,000 records.  Elapsed time: 00:00:30s.  Time for last 10,000:    0s.  Last read position: 7:132,242,921
INFO	2018-05-25 20:21:29	MergeVcfs	Processed     2,400,000 records.  Elapsed time: 00:00:30s.  Time for last 10,000:    0s.  Last read position: 7:137,429,960
INFO	2018-05-25 20:21:29	MergeVcfs	Processed     2,410,000 records.  Elapsed time: 00:00:30s.  Time for last 10,000:    0s.  Last read position: 7:142,499,729
INFO	2018-05-25 20:21:29	MergeVcfs	Processed     2,420,000 records.  Elapsed time: 00:00:30s.  Time for last 10,000:    0s.  Last read position: 7:147,709,890
INFO	2018-05-25 20:21:29	MergeVcfs	Processed     2,430,000 records.  Elapsed time: 00:00:30s.  Time for last 10,000:    0s.  Last read position: 7:152,340,092
INFO	2018-05-25 20:21:29	MergeVcfs	Processed     2,440,000 records.  Elapsed time: 00:00:30s.  Time for last 10,000:    0s.  Last read position: 7:156,448,692
INFO	2018-05-25 20:21:29	MergeVcfs	Processed     2,450,000 records.  Elapsed time: 00:00:30s.  Time for last 10,000:    0s.  Last read position: 8:1,150,159
INFO	2018-05-25 20:21:30	MergeVcfs	Processed     2,460,000 records.  Elapsed time: 00:00:31s.  Time for last 10,000:    0s.  Last read position: 8:3,800,808
INFO	2018-05-25 20:21:30	MergeVcfs	Processed     2,470,000 records.  Elapsed time: 00:00:31s.  Time for last 10,000:    0s.  Last read position: 8:6,054,709
INFO	2018-05-25 20:21:30	MergeVcfs	Processed     2,480,000 records.  Elapsed time: 00:00:31s.  Time for last 10,000:    0s.  Last read position: 8:10,459,787
INFO	2018-05-25 20:21:30	MergeVcfs	Processed     2,490,000 records.  Elapsed time: 00:00:31s.  Time for last 10,000:    0s.  Last read position: 8:13,949,241
INFO	2018-05-25 20:21:30	MergeVcfs	Processed     2,500,000 records.  Elapsed time: 00:00:31s.  Time for last 10,000:    0s.  Last read position: 8:17,332,325
INFO	2018-05-25 20:21:30	MergeVcfs	Processed     2,510,000 records.  Elapsed time: 00:00:31s.  Time for last 10,000:    0s.  Last read position: 8:21,259,321
INFO	2018-05-25 20:21:30	MergeVcfs	Processed     2,520,000 records.  Elapsed time: 00:00:31s.  Time for last 10,000:    0s.  Last read position: 8:26,928,455
INFO	2018-05-25 20:21:30	MergeVcfs	Processed     2,530,000 records.  Elapsed time: 00:00:31s.  Time for last 10,000:    0s.  Last read position: 8:32,507,546
INFO	2018-05-25 20:21:30	MergeVcfs	Processed     2,540,000 records.  Elapsed time: 00:00:31s.  Time for last 10,000:    0s.  Last read position: 8:38,762,976
INFO	2018-05-25 20:21:31	MergeVcfs	Processed     2,550,000 records.  Elapsed time: 00:00:31s.  Time for last 10,000:    0s.  Last read position: 8:47,565,958
INFO	2018-05-25 20:21:31	MergeVcfs	Processed     2,560,000 records.  Elapsed time: 00:00:32s.  Time for last 10,000:    0s.  Last read position: 8:53,552,560
INFO	2018-05-25 20:21:31	MergeVcfs	Processed     2,570,000 records.  Elapsed time: 00:00:32s.  Time for last 10,000:    0s.  Last read position: 8:58,295,167
INFO	2018-05-25 20:21:31	MergeVcfs	Processed     2,580,000 records.  Elapsed time: 00:00:32s.  Time for last 10,000:    0s.  Last read position: 8:64,057,439
INFO	2018-05-25 20:21:31	MergeVcfs	Processed     2,590,000 records.  Elapsed time: 00:00:32s.  Time for last 10,000:    0s.  Last read position: 8:70,893,868
INFO	2018-05-25 20:21:31	MergeVcfs	Processed     2,600,000 records.  Elapsed time: 00:00:32s.  Time for last 10,000:    0s.  Last read position: 8:77,282,753
INFO	2018-05-25 20:21:31	MergeVcfs	Processed     2,610,000 records.  Elapsed time: 00:00:32s.  Time for last 10,000:    0s.  Last read position: 8:83,974,451
INFO	2018-05-25 20:21:31	MergeVcfs	Processed     2,620,000 records.  Elapsed time: 00:00:32s.  Time for last 10,000:    0s.  Last read position: 8:90,384,257
INFO	2018-05-25 20:21:31	MergeVcfs	Processed     2,630,000 records.  Elapsed time: 00:00:32s.  Time for last 10,000:    0s.  Last read position: 8:96,815,081
INFO	2018-05-25 20:21:31	MergeVcfs	Processed     2,640,000 records.  Elapsed time: 00:00:32s.  Time for last 10,000:    0s.  Last read position: 8:103,270,321
INFO	2018-05-25 20:21:32	MergeVcfs	Processed     2,650,000 records.  Elapsed time: 00:00:32s.  Time for last 10,000:    0s.  Last read position: 8:109,189,220
INFO	2018-05-25 20:21:32	MergeVcfs	Processed     2,660,000 records.  Elapsed time: 00:00:33s.  Time for last 10,000:    0s.  Last read position: 8:116,446,325
INFO	2018-05-25 20:21:32	MergeVcfs	Processed     2,670,000 records.  Elapsed time: 00:00:33s.  Time for last 10,000:    0s.  Last read position: 8:122,342,095
INFO	2018-05-25 20:21:32	MergeVcfs	Processed     2,680,000 records.  Elapsed time: 00:00:33s.  Time for last 10,000:    0s.  Last read position: 8:127,907,224
INFO	2018-05-25 20:21:32	MergeVcfs	Processed     2,690,000 records.  Elapsed time: 00:00:33s.  Time for last 10,000:    0s.  Last read position: 8:132,689,443
INFO	2018-05-25 20:21:32	MergeVcfs	Processed     2,700,000 records.  Elapsed time: 00:00:33s.  Time for last 10,000:    0s.  Last read position: 8:137,732,732
INFO	2018-05-25 20:21:32	MergeVcfs	Processed     2,710,000 records.  Elapsed time: 00:00:33s.  Time for last 10,000:    0s.  Last read position: 8:142,447,780
INFO	2018-05-25 20:21:32	MergeVcfs	Processed     2,720,000 records.  Elapsed time: 00:00:33s.  Time for last 10,000:    0s.  Last read position: 9:728,564
INFO	2018-05-25 20:21:32	MergeVcfs	Processed     2,730,000 records.  Elapsed time: 00:00:33s.  Time for last 10,000:    0s.  Last read position: 9:4,295,281
INFO	2018-05-25 20:21:32	MergeVcfs	Processed     2,740,000 records.  Elapsed time: 00:00:33s.  Time for last 10,000:    0s.  Last read position: 9:8,466,028
INFO	2018-05-25 20:21:33	MergeVcfs	Processed     2,750,000 records.  Elapsed time: 00:00:34s.  Time for last 10,000:    0s.  Last read position: 9:12,678,682
INFO	2018-05-25 20:21:33	MergeVcfs	Processed     2,760,000 records.  Elapsed time: 00:00:34s.  Time for last 10,000:    0s.  Last read position: 9:17,268,526
INFO	2018-05-25 20:21:33	MergeVcfs	Processed     2,770,000 records.  Elapsed time: 00:00:34s.  Time for last 10,000:    0s.  Last read position: 9:22,063,001
INFO	2018-05-25 20:21:33	MergeVcfs	Processed     2,780,000 records.  Elapsed time: 00:00:34s.  Time for last 10,000:    0s.  Last read position: 9:27,421,272
INFO	2018-05-25 20:21:33	MergeVcfs	Processed     2,790,000 records.  Elapsed time: 00:00:34s.  Time for last 10,000:    0s.  Last read position: 9:31,982,067
INFO	2018-05-25 20:21:33	MergeVcfs	Processed     2,800,000 records.  Elapsed time: 00:00:34s.  Time for last 10,000:    0s.  Last read position: 9:38,346,579
INFO	2018-05-25 20:21:33	MergeVcfs	Processed     2,810,000 records.  Elapsed time: 00:00:34s.  Time for last 10,000:    0s.  Last read position: 9:73,493,728
INFO	2018-05-25 20:21:33	MergeVcfs	Processed     2,820,000 records.  Elapsed time: 00:00:34s.  Time for last 10,000:    0s.  Last read position: 9:79,107,595
INFO	2018-05-25 20:21:33	MergeVcfs	Processed     2,830,000 records.  Elapsed time: 00:00:34s.  Time for last 10,000:    0s.  Last read position: 9:84,674,796
INFO	2018-05-25 20:21:34	MergeVcfs	Processed     2,840,000 records.  Elapsed time: 00:00:34s.  Time for last 10,000:    0s.  Last read position: 9:90,600,692
INFO	2018-05-25 20:21:34	MergeVcfs	Processed     2,850,000 records.  Elapsed time: 00:00:35s.  Time for last 10,000:    0s.  Last read position: 9:96,368,536
INFO	2018-05-25 20:21:34	MergeVcfs	Processed     2,860,000 records.  Elapsed time: 00:00:35s.  Time for last 10,000:    0s.  Last read position: 9:102,304,271
INFO	2018-05-25 20:21:34	MergeVcfs	Processed     2,870,000 records.  Elapsed time: 00:00:35s.  Time for last 10,000:    0s.  Last read position: 9:107,479,502
INFO	2018-05-25 20:21:34	MergeVcfs	Processed     2,880,000 records.  Elapsed time: 00:00:35s.  Time for last 10,000:    0s.  Last read position: 9:113,000,219
INFO	2018-05-25 20:21:34	MergeVcfs	Processed     2,890,000 records.  Elapsed time: 00:00:35s.  Time for last 10,000:    0s.  Last read position: 9:118,178,609
INFO	2018-05-25 20:21:34	MergeVcfs	Processed     2,900,000 records.  Elapsed time: 00:00:35s.  Time for last 10,000:    0s.  Last read position: 9:124,614,836
INFO	2018-05-25 20:21:34	MergeVcfs	Processed     2,910,000 records.  Elapsed time: 00:00:35s.  Time for last 10,000:    0s.  Last read position: 9:132,130,004
INFO	2018-05-25 20:21:34	MergeVcfs	Processed     2,920,000 records.  Elapsed time: 00:00:35s.  Time for last 10,000:    0s.  Last read position: 9:137,271,351
INFO	2018-05-25 20:21:35	MergeVcfs	Processed     2,930,000 records.  Elapsed time: 00:00:36s.  Time for last 10,000:    0s.  Last read position: 10:1,170,400
INFO	2018-05-25 20:21:35	MergeVcfs	Processed     2,940,000 records.  Elapsed time: 00:00:36s.  Time for last 10,000:    0s.  Last read position: 10:5,520,890
INFO	2018-05-25 20:21:35	MergeVcfs	Processed     2,950,000 records.  Elapsed time: 00:00:36s.  Time for last 10,000:    0s.  Last read position: 10:10,302,186
INFO	2018-05-25 20:21:35	MergeVcfs	Processed     2,960,000 records.  Elapsed time: 00:00:36s.  Time for last 10,000:    0s.  Last read position: 10:14,668,674
INFO	2018-05-25 20:21:35	MergeVcfs	Processed     2,970,000 records.  Elapsed time: 00:00:36s.  Time for last 10,000:    0s.  Last read position: 10:19,589,681
INFO	2018-05-25 20:21:35	MergeVcfs	Processed     2,980,000 records.  Elapsed time: 00:00:36s.  Time for last 10,000:    0s.  Last read position: 10:24,858,158
INFO	2018-05-25 20:21:35	MergeVcfs	Processed     2,990,000 records.  Elapsed time: 00:00:36s.  Time for last 10,000:    0s.  Last read position: 10:29,603,296
INFO	2018-05-25 20:21:35	MergeVcfs	Processed     3,000,000 records.  Elapsed time: 00:00:36s.  Time for last 10,000:    0s.  Last read position: 10:34,983,995
INFO	2018-05-25 20:21:35	MergeVcfs	Processed     3,010,000 records.  Elapsed time: 00:00:36s.  Time for last 10,000:    0s.  Last read position: 10:44,336,807
INFO	2018-05-25 20:21:35	MergeVcfs	Processed     3,020,000 records.  Elapsed time: 00:00:36s.  Time for last 10,000:    0s.  Last read position: 10:52,398,259
INFO	2018-05-25 20:21:36	MergeVcfs	Processed     3,030,000 records.  Elapsed time: 00:00:37s.  Time for last 10,000:    0s.  Last read position: 10:56,521,962
INFO	2018-05-25 20:21:36	MergeVcfs	Processed     3,040,000 records.  Elapsed time: 00:00:37s.  Time for last 10,000:    0s.  Last read position: 10:61,043,051
INFO	2018-05-25 20:21:36	MergeVcfs	Processed     3,050,000 records.  Elapsed time: 00:00:37s.  Time for last 10,000:    0s.  Last read position: 10:66,739,105
INFO	2018-05-25 20:21:36	MergeVcfs	Processed     3,060,000 records.  Elapsed time: 00:00:37s.  Time for last 10,000:    0s.  Last read position: 10:71,300,216
INFO	2018-05-25 20:21:36	MergeVcfs	Processed     3,070,000 records.  Elapsed time: 00:00:37s.  Time for last 10,000:    0s.  Last read position: 10:77,089,139
INFO	2018-05-25 20:21:36	MergeVcfs	Processed     3,080,000 records.  Elapsed time: 00:00:37s.  Time for last 10,000:    0s.  Last read position: 10:82,736,762
INFO	2018-05-25 20:21:36	MergeVcfs	Processed     3,090,000 records.  Elapsed time: 00:00:37s.  Time for last 10,000:    0s.  Last read position: 10:87,730,164
INFO	2018-05-25 20:21:36	MergeVcfs	Processed     3,100,000 records.  Elapsed time: 00:00:37s.  Time for last 10,000:    0s.  Last read position: 10:94,553,572
INFO	2018-05-25 20:21:36	MergeVcfs	Processed     3,110,000 records.  Elapsed time: 00:00:37s.  Time for last 10,000:    0s.  Last read position: 10:100,171,371
INFO	2018-05-25 20:21:37	MergeVcfs	Processed     3,120,000 records.  Elapsed time: 00:00:37s.  Time for last 10,000:    0s.  Last read position: 10:106,792,401
INFO	2018-05-25 20:21:37	MergeVcfs	Processed     3,130,000 records.  Elapsed time: 00:00:38s.  Time for last 10,000:    0s.  Last read position: 10:112,579,663
INFO	2018-05-25 20:21:37	MergeVcfs	Processed     3,140,000 records.  Elapsed time: 00:00:38s.  Time for last 10,000:    0s.  Last read position: 10:118,002,927
INFO	2018-05-25 20:21:37	MergeVcfs	Processed     3,150,000 records.  Elapsed time: 00:00:38s.  Time for last 10,000:    0s.  Last read position: 10:123,385,919
INFO	2018-05-25 20:21:37	MergeVcfs	Processed     3,160,000 records.  Elapsed time: 00:00:38s.  Time for last 10,000:    0s.  Last read position: 10:128,595,687
INFO	2018-05-25 20:21:37	MergeVcfs	Processed     3,170,000 records.  Elapsed time: 00:00:38s.  Time for last 10,000:    0s.  Last read position: 10:133,020,047
INFO	2018-05-25 20:21:37	MergeVcfs	Processed     3,180,000 records.  Elapsed time: 00:00:38s.  Time for last 10,000:    0s.  Last read position: 11:2,251,657
INFO	2018-05-25 20:21:37	MergeVcfs	Processed     3,190,000 records.  Elapsed time: 00:00:38s.  Time for last 10,000:    0s.  Last read position: 11:5,720,996
INFO	2018-05-25 20:21:37	MergeVcfs	Processed     3,200,000 records.  Elapsed time: 00:00:38s.  Time for last 10,000:    0s.  Last read position: 11:10,268,814
INFO	2018-05-25 20:21:38	MergeVcfs	Processed     3,210,000 records.  Elapsed time: 00:00:38s.  Time for last 10,000:    0s.  Last read position: 11:15,272,266
INFO	2018-05-25 20:21:38	MergeVcfs	Processed     3,220,000 records.  Elapsed time: 00:00:39s.  Time for last 10,000:    0s.  Last read position: 11:21,262,202
INFO	2018-05-25 20:21:38	MergeVcfs	Processed     3,230,000 records.  Elapsed time: 00:00:39s.  Time for last 10,000:    0s.  Last read position: 11:25,251,756
INFO	2018-05-25 20:21:38	MergeVcfs	Processed     3,240,000 records.  Elapsed time: 00:00:39s.  Time for last 10,000:    0s.  Last read position: 11:30,547,903
INFO	2018-05-25 20:21:38	MergeVcfs	Processed     3,250,000 records.  Elapsed time: 00:00:39s.  Time for last 10,000:    0s.  Last read position: 11:36,712,346
INFO	2018-05-25 20:21:38	MergeVcfs	Processed     3,260,000 records.  Elapsed time: 00:00:39s.  Time for last 10,000:    0s.  Last read position: 11:41,938,895
INFO	2018-05-25 20:21:38	MergeVcfs	Processed     3,270,000 records.  Elapsed time: 00:00:39s.  Time for last 10,000:    0s.  Last read position: 11:48,091,032
INFO	2018-05-25 20:21:38	MergeVcfs	Processed     3,280,000 records.  Elapsed time: 00:00:39s.  Time for last 10,000:    0s.  Last read position: 11:55,900,444
INFO	2018-05-25 20:21:38	MergeVcfs	Processed     3,290,000 records.  Elapsed time: 00:00:39s.  Time for last 10,000:    0s.  Last read position: 11:61,993,396
INFO	2018-05-25 20:21:39	MergeVcfs	Processed     3,300,000 records.  Elapsed time: 00:00:39s.  Time for last 10,000:    0s.  Last read position: 11:68,839,187
INFO	2018-05-25 20:21:39	MergeVcfs	Processed     3,310,000 records.  Elapsed time: 00:00:40s.  Time for last 10,000:    0s.  Last read position: 11:74,856,517
INFO	2018-05-25 20:21:39	MergeVcfs	Processed     3,320,000 records.  Elapsed time: 00:00:40s.  Time for last 10,000:    0s.  Last read position: 11:80,939,930
INFO	2018-05-25 20:21:39	MergeVcfs	Processed     3,330,000 records.  Elapsed time: 00:00:40s.  Time for last 10,000:    0s.  Last read position: 11:86,512,242
INFO	2018-05-25 20:21:39	MergeVcfs	Processed     3,340,000 records.  Elapsed time: 00:00:40s.  Time for last 10,000:    0s.  Last read position: 11:91,882,981
INFO	2018-05-25 20:21:39	MergeVcfs	Processed     3,350,000 records.  Elapsed time: 00:00:40s.  Time for last 10,000:    0s.  Last read position: 11:97,956,401
INFO	2018-05-25 20:21:39	MergeVcfs	Processed     3,360,000 records.  Elapsed time: 00:00:40s.  Time for last 10,000:    0s.  Last read position: 11:102,356,018
INFO	2018-05-25 20:21:39	MergeVcfs	Processed     3,370,000 records.  Elapsed time: 00:00:40s.  Time for last 10,000:    0s.  Last read position: 11:107,243,717
INFO	2018-05-25 20:21:39	MergeVcfs	Processed     3,380,000 records.  Elapsed time: 00:00:40s.  Time for last 10,000:    0s.  Last read position: 11:113,252,759
INFO	2018-05-25 20:21:40	MergeVcfs	Processed     3,390,000 records.  Elapsed time: 00:00:40s.  Time for last 10,000:    0s.  Last read position: 11:118,892,940
INFO	2018-05-25 20:21:40	MergeVcfs	Processed     3,400,000 records.  Elapsed time: 00:00:41s.  Time for last 10,000:    0s.  Last read position: 11:124,244,588
INFO	2018-05-25 20:21:40	MergeVcfs	Processed     3,410,000 records.  Elapsed time: 00:00:41s.  Time for last 10,000:    0s.  Last read position: 11:129,537,635
INFO	2018-05-25 20:21:40	MergeVcfs	Processed     3,420,000 records.  Elapsed time: 00:00:41s.  Time for last 10,000:    0s.  Last read position: 11:134,489,717
INFO	2018-05-25 20:21:40	MergeVcfs	Processed     3,430,000 records.  Elapsed time: 00:00:41s.  Time for last 10,000:    0s.  Last read position: 12:4,712,541
INFO	2018-05-25 20:21:40	MergeVcfs	Processed     3,440,000 records.  Elapsed time: 00:00:41s.  Time for last 10,000:    0s.  Last read position: 12:9,475,598
INFO	2018-05-25 20:21:40	MergeVcfs	Processed     3,450,000 records.  Elapsed time: 00:00:41s.  Time for last 10,000:    0s.  Last read position: 12:13,920,468
INFO	2018-05-25 20:21:40	MergeVcfs	Processed     3,460,000 records.  Elapsed time: 00:00:41s.  Time for last 10,000:    0s.  Last read position: 12:20,002,210
INFO	2018-05-25 20:21:40	MergeVcfs	Processed     3,470,000 records.  Elapsed time: 00:00:41s.  Time for last 10,000:    0s.  Last read position: 12:26,453,318
INFO	2018-05-25 20:21:40	MergeVcfs	Processed     3,480,000 records.  Elapsed time: 00:00:41s.  Time for last 10,000:    0s.  Last read position: 12:31,310,092
INFO	2018-05-25 20:21:41	MergeVcfs	Processed     3,490,000 records.  Elapsed time: 00:00:41s.  Time for last 10,000:    0s.  Last read position: 12:38,720,279
INFO	2018-05-25 20:21:41	MergeVcfs	Processed     3,500,000 records.  Elapsed time: 00:00:42s.  Time for last 10,000:    0s.  Last read position: 12:45,140,610
INFO	2018-05-25 20:21:41	MergeVcfs	Processed     3,510,000 records.  Elapsed time: 00:00:42s.  Time for last 10,000:    0s.  Last read position: 12:51,412,922
INFO	2018-05-25 20:21:41	MergeVcfs	Processed     3,520,000 records.  Elapsed time: 00:00:42s.  Time for last 10,000:    0s.  Last read position: 12:57,318,326
INFO	2018-05-25 20:21:41	MergeVcfs	Processed     3,530,000 records.  Elapsed time: 00:00:42s.  Time for last 10,000:    0s.  Last read position: 12:63,266,280
INFO	2018-05-25 20:21:41	MergeVcfs	Processed     3,540,000 records.  Elapsed time: 00:00:42s.  Time for last 10,000:    0s.  Last read position: 12:69,275,804
INFO	2018-05-25 20:21:41	MergeVcfs	Processed     3,550,000 records.  Elapsed time: 00:00:42s.  Time for last 10,000:    0s.  Last read position: 12:74,980,849
INFO	2018-05-25 20:21:41	MergeVcfs	Processed     3,560,000 records.  Elapsed time: 00:00:42s.  Time for last 10,000:    0s.  Last read position: 12:80,836,334
INFO	2018-05-25 20:21:41	MergeVcfs	Processed     3,570,000 records.  Elapsed time: 00:00:42s.  Time for last 10,000:    0s.  Last read position: 12:86,834,808
INFO	2018-05-25 20:21:41	MergeVcfs	Processed     3,580,000 records.  Elapsed time: 00:00:42s.  Time for last 10,000:    0s.  Last read position: 12:93,607,750
INFO	2018-05-25 20:21:42	MergeVcfs	Processed     3,590,000 records.  Elapsed time: 00:00:42s.  Time for last 10,000:    0s.  Last read position: 12:98,957,522
INFO	2018-05-25 20:21:42	MergeVcfs	Processed     3,600,000 records.  Elapsed time: 00:00:43s.  Time for last 10,000:    0s.  Last read position: 12:105,046,250
INFO	2018-05-25 20:21:42	MergeVcfs	Processed     3,610,000 records.  Elapsed time: 00:00:43s.  Time for last 10,000:    0s.  Last read position: 12:111,394,327
INFO	2018-05-25 20:21:42	MergeVcfs	Processed     3,620,000 records.  Elapsed time: 00:00:43s.  Time for last 10,000:    0s.  Last read position: 12:117,594,254
INFO	2018-05-25 20:21:42	MergeVcfs	Processed     3,630,000 records.  Elapsed time: 00:00:43s.  Time for last 10,000:    0s.  Last read position: 12:123,010,353
INFO	2018-05-25 20:21:42	MergeVcfs	Processed     3,640,000 records.  Elapsed time: 00:00:43s.  Time for last 10,000:    0s.  Last read position: 12:127,788,585
INFO	2018-05-25 20:21:42	MergeVcfs	Processed     3,650,000 records.  Elapsed time: 00:00:43s.  Time for last 10,000:    0s.  Last read position: 12:131,371,684
INFO	2018-05-25 20:21:42	MergeVcfs	Processed     3,660,000 records.  Elapsed time: 00:00:43s.  Time for last 10,000:    0s.  Last read position: 13:20,536,173
INFO	2018-05-25 20:21:42	MergeVcfs	Processed     3,670,000 records.  Elapsed time: 00:00:43s.  Time for last 10,000:    0s.  Last read position: 13:24,949,412
INFO	2018-05-25 20:21:42	MergeVcfs	Processed     3,680,000 records.  Elapsed time: 00:00:43s.  Time for last 10,000:    0s.  Last read position: 13:29,567,820
INFO	2018-05-25 20:21:43	MergeVcfs	Processed     3,690,000 records.  Elapsed time: 00:00:43s.  Time for last 10,000:    0s.  Last read position: 13:34,652,594
INFO	2018-05-25 20:21:43	MergeVcfs	Processed     3,700,000 records.  Elapsed time: 00:00:44s.  Time for last 10,000:    0s.  Last read position: 13:40,318,082
INFO	2018-05-25 20:21:43	MergeVcfs	Processed     3,710,000 records.  Elapsed time: 00:00:44s.  Time for last 10,000:    0s.  Last read position: 13:46,694,429
INFO	2018-05-25 20:21:43	MergeVcfs	Processed     3,720,000 records.  Elapsed time: 00:00:44s.  Time for last 10,000:    0s.  Last read position: 13:53,365,913
INFO	2018-05-25 20:21:43	MergeVcfs	Processed     3,730,000 records.  Elapsed time: 00:00:44s.  Time for last 10,000:    0s.  Last read position: 13:59,898,697
INFO	2018-05-25 20:21:43	MergeVcfs	Processed     3,740,000 records.  Elapsed time: 00:00:44s.  Time for last 10,000:    0s.  Last read position: 13:65,285,358
INFO	2018-05-25 20:21:43	MergeVcfs	Processed     3,750,000 records.  Elapsed time: 00:00:44s.  Time for last 10,000:    0s.  Last read position: 13:70,735,000
INFO	2018-05-25 20:21:43	MergeVcfs	Processed     3,760,000 records.  Elapsed time: 00:00:44s.  Time for last 10,000:    0s.  Last read position: 13:76,243,506
INFO	2018-05-25 20:21:43	MergeVcfs	Processed     3,770,000 records.  Elapsed time: 00:00:44s.  Time for last 10,000:    0s.  Last read position: 13:82,209,988
INFO	2018-05-25 20:21:43	MergeVcfs	Processed     3,780,000 records.  Elapsed time: 00:00:44s.  Time for last 10,000:    0s.  Last read position: 13:87,781,187
INFO	2018-05-25 20:21:44	MergeVcfs	Processed     3,790,000 records.  Elapsed time: 00:00:44s.  Time for last 10,000:    0s.  Last read position: 13:93,662,878
INFO	2018-05-25 20:21:44	MergeVcfs	Processed     3,800,000 records.  Elapsed time: 00:00:45s.  Time for last 10,000:    0s.  Last read position: 13:99,194,125
INFO	2018-05-25 20:21:44	MergeVcfs	Processed     3,810,000 records.  Elapsed time: 00:00:45s.  Time for last 10,000:    0s.  Last read position: 13:104,205,829
INFO	2018-05-25 20:21:44	MergeVcfs	Processed     3,820,000 records.  Elapsed time: 00:00:45s.  Time for last 10,000:    0s.  Last read position: 13:109,205,585
INFO	2018-05-25 20:21:44	MergeVcfs	Processed     3,830,000 records.  Elapsed time: 00:00:45s.  Time for last 10,000:    0s.  Last read position: 13:114,157,305
INFO	2018-05-25 20:21:44	MergeVcfs	Processed     3,840,000 records.  Elapsed time: 00:00:45s.  Time for last 10,000:    0s.  Last read position: 14:23,385,036
INFO	2018-05-25 20:21:44	MergeVcfs	Processed     3,850,000 records.  Elapsed time: 00:00:45s.  Time for last 10,000:    0s.  Last read position: 14:28,461,970
INFO	2018-05-25 20:21:44	MergeVcfs	Processed     3,860,000 records.  Elapsed time: 00:00:45s.  Time for last 10,000:    0s.  Last read position: 14:34,362,285
INFO	2018-05-25 20:21:44	MergeVcfs	Processed     3,870,000 records.  Elapsed time: 00:00:45s.  Time for last 10,000:    0s.  Last read position: 14:40,162,536
INFO	2018-05-25 20:21:44	MergeVcfs	Processed     3,880,000 records.  Elapsed time: 00:00:45s.  Time for last 10,000:    0s.  Last read position: 14:45,447,781
INFO	2018-05-25 20:21:44	MergeVcfs	Processed     3,890,000 records.  Elapsed time: 00:00:45s.  Time for last 10,000:    0s.  Last read position: 14:50,891,446
INFO	2018-05-25 20:21:45	MergeVcfs	Processed     3,900,000 records.  Elapsed time: 00:00:46s.  Time for last 10,000:    0s.  Last read position: 14:56,110,265
INFO	2018-05-25 20:21:45	MergeVcfs	Processed     3,910,000 records.  Elapsed time: 00:00:46s.  Time for last 10,000:    0s.  Last read position: 14:61,937,292
INFO	2018-05-25 20:21:45	MergeVcfs	Processed     3,920,000 records.  Elapsed time: 00:00:46s.  Time for last 10,000:    0s.  Last read position: 14:68,480,920
INFO	2018-05-25 20:21:45	MergeVcfs	Processed     3,930,000 records.  Elapsed time: 00:00:46s.  Time for last 10,000:    0s.  Last read position: 14:74,537,885
INFO	2018-05-25 20:21:45	MergeVcfs	Processed     3,940,000 records.  Elapsed time: 00:00:46s.  Time for last 10,000:    0s.  Last read position: 14:80,302,646
INFO	2018-05-25 20:21:45	MergeVcfs	Processed     3,950,000 records.  Elapsed time: 00:00:46s.  Time for last 10,000:    0s.  Last read position: 14:86,366,380
INFO	2018-05-25 20:21:45	MergeVcfs	Processed     3,960,000 records.  Elapsed time: 00:00:46s.  Time for last 10,000:    0s.  Last read position: 14:91,736,183
INFO	2018-05-25 20:21:45	MergeVcfs	Processed     3,970,000 records.  Elapsed time: 00:00:46s.  Time for last 10,000:    0s.  Last read position: 14:96,279,926
INFO	2018-05-25 20:21:45	MergeVcfs	Processed     3,980,000 records.  Elapsed time: 00:00:46s.  Time for last 10,000:    0s.  Last read position: 14:101,680,791
INFO	2018-05-25 20:21:45	MergeVcfs	Processed     3,990,000 records.  Elapsed time: 00:00:46s.  Time for last 10,000:    0s.  Last read position: 14:106,764,462
INFO	2018-05-25 20:21:46	MergeVcfs	Processed     4,000,000 records.  Elapsed time: 00:00:46s.  Time for last 10,000:    0s.  Last read position: 15:24,833,308
INFO	2018-05-25 20:21:46	MergeVcfs	Processed     4,010,000 records.  Elapsed time: 00:00:47s.  Time for last 10,000:    0s.  Last read position: 15:29,939,100
INFO	2018-05-25 20:21:46	MergeVcfs	Processed     4,020,000 records.  Elapsed time: 00:00:47s.  Time for last 10,000:    0s.  Last read position: 15:35,781,050
INFO	2018-05-25 20:21:46	MergeVcfs	Processed     4,030,000 records.  Elapsed time: 00:00:47s.  Time for last 10,000:    0s.  Last read position: 15:41,180,312
INFO	2018-05-25 20:21:46	MergeVcfs	Processed     4,040,000 records.  Elapsed time: 00:00:47s.  Time for last 10,000:    0s.  Last read position: 15:48,115,356
INFO	2018-05-25 20:21:46	MergeVcfs	Processed     4,050,000 records.  Elapsed time: 00:00:47s.  Time for last 10,000:    0s.  Last read position: 15:54,236,242
INFO	2018-05-25 20:21:46	MergeVcfs	Processed     4,060,000 records.  Elapsed time: 00:00:47s.  Time for last 10,000:    0s.  Last read position: 15:59,235,501
INFO	2018-05-25 20:21:46	MergeVcfs	Processed     4,070,000 records.  Elapsed time: 00:00:47s.  Time for last 10,000:    0s.  Last read position: 15:65,502,519
INFO	2018-05-25 20:21:46	MergeVcfs	Processed     4,080,000 records.  Elapsed time: 00:00:47s.  Time for last 10,000:    0s.  Last read position: 15:71,103,387
INFO	2018-05-25 20:21:46	MergeVcfs	Processed     4,090,000 records.  Elapsed time: 00:00:47s.  Time for last 10,000:    0s.  Last read position: 15:78,311,750
INFO	2018-05-25 20:21:47	MergeVcfs	Processed     4,100,000 records.  Elapsed time: 00:00:47s.  Time for last 10,000:    0s.  Last read position: 15:85,255,012
INFO	2018-05-25 20:21:47	MergeVcfs	Processed     4,110,000 records.  Elapsed time: 00:00:48s.  Time for last 10,000:    0s.  Last read position: 15:90,282,271
INFO	2018-05-25 20:21:47	MergeVcfs	Processed     4,120,000 records.  Elapsed time: 00:00:48s.  Time for last 10,000:    0s.  Last read position: 15:94,419,205
INFO	2018-05-25 20:21:47	MergeVcfs	Processed     4,130,000 records.  Elapsed time: 00:00:48s.  Time for last 10,000:    0s.  Last read position: 15:99,070,392
INFO	2018-05-25 20:21:47	MergeVcfs	Processed     4,140,000 records.  Elapsed time: 00:00:48s.  Time for last 10,000:    0s.  Last read position: 16:920,310
INFO	2018-05-25 20:21:47	MergeVcfs	Processed     4,150,000 records.  Elapsed time: 00:00:48s.  Time for last 10,000:    0s.  Last read position: 16:5,344,122
INFO	2018-05-25 20:21:47	MergeVcfs	Processed     4,160,000 records.  Elapsed time: 00:00:48s.  Time for last 10,000:    0s.  Last read position: 16:8,009,835
INFO	2018-05-25 20:21:47	MergeVcfs	Processed     4,170,000 records.  Elapsed time: 00:00:48s.  Time for last 10,000:    0s.  Last read position: 16:11,350,811
INFO	2018-05-25 20:21:47	MergeVcfs	Processed     4,180,000 records.  Elapsed time: 00:00:48s.  Time for last 10,000:    0s.  Last read position: 16:16,752,451
INFO	2018-05-25 20:21:47	MergeVcfs	Processed     4,190,000 records.  Elapsed time: 00:00:48s.  Time for last 10,000:    0s.  Last read position: 16:23,949,175
INFO	2018-05-25 20:21:47	MergeVcfs	Processed     4,200,000 records.  Elapsed time: 00:00:48s.  Time for last 10,000:    0s.  Last read position: 16:29,931,593
INFO	2018-05-25 20:21:48	MergeVcfs	Processed     4,210,000 records.  Elapsed time: 00:00:49s.  Time for last 10,000:    0s.  Last read position: 16:51,563,529
INFO	2018-05-25 20:21:48	MergeVcfs	Processed     4,220,000 records.  Elapsed time: 00:00:49s.  Time for last 10,000:    0s.  Last read position: 16:56,664,928
INFO	2018-05-25 20:21:48	MergeVcfs	Processed     4,230,000 records.  Elapsed time: 00:00:49s.  Time for last 10,000:    0s.  Last read position: 16:61,689,269
INFO	2018-05-25 20:21:48	MergeVcfs	Processed     4,240,000 records.  Elapsed time: 00:00:49s.  Time for last 10,000:    0s.  Last read position: 16:68,037,278
INFO	2018-05-25 20:21:48	MergeVcfs	Processed     4,250,000 records.  Elapsed time: 00:00:49s.  Time for last 10,000:    0s.  Last read position: 16:74,658,867
INFO	2018-05-25 20:21:48	MergeVcfs	Processed     4,260,000 records.  Elapsed time: 00:00:49s.  Time for last 10,000:    0s.  Last read position: 16:78,655,794
INFO	2018-05-25 20:21:48	MergeVcfs	Processed     4,270,000 records.  Elapsed time: 00:00:49s.  Time for last 10,000:    0s.  Last read position: 16:81,855,769
INFO	2018-05-25 20:21:48	MergeVcfs	Processed     4,280,000 records.  Elapsed time: 00:00:49s.  Time for last 10,000:    0s.  Last read position: 16:85,041,124
INFO	2018-05-25 20:21:48	MergeVcfs	Processed     4,290,000 records.  Elapsed time: 00:00:49s.  Time for last 10,000:    0s.  Last read position: 16:88,645,955
INFO	2018-05-25 20:21:48	MergeVcfs	Processed     4,300,000 records.  Elapsed time: 00:00:49s.  Time for last 10,000:    0s.  Last read position: 17:2,453,280
INFO	2018-05-25 20:21:49	MergeVcfs	Processed     4,310,000 records.  Elapsed time: 00:00:49s.  Time for last 10,000:    0s.  Last read position: 17:6,895,682
INFO	2018-05-25 20:21:49	MergeVcfs	Processed     4,320,000 records.  Elapsed time: 00:00:50s.  Time for last 10,000:    0s.  Last read position: 17:11,747,954
INFO	2018-05-25 20:21:49	MergeVcfs	Processed     4,330,000 records.  Elapsed time: 00:00:50s.  Time for last 10,000:    0s.  Last read position: 17:16,188,487
INFO	2018-05-25 20:21:49	MergeVcfs	Processed     4,340,000 records.  Elapsed time: 00:00:50s.  Time for last 10,000:    0s.  Last read position: 17:25,347,425
INFO	2018-05-25 20:21:49	MergeVcfs	Processed     4,350,000 records.  Elapsed time: 00:00:50s.  Time for last 10,000:    0s.  Last read position: 17:31,977,072
INFO	2018-05-25 20:21:49	MergeVcfs	Processed     4,360,000 records.  Elapsed time: 00:00:50s.  Time for last 10,000:    0s.  Last read position: 17:38,536,143
INFO	2018-05-25 20:21:49	MergeVcfs	Processed     4,370,000 records.  Elapsed time: 00:00:50s.  Time for last 10,000:    0s.  Last read position: 17:45,391,819
INFO	2018-05-25 20:21:49	MergeVcfs	Processed     4,380,000 records.  Elapsed time: 00:00:50s.  Time for last 10,000:    0s.  Last read position: 17:51,364,543
INFO	2018-05-25 20:21:49	MergeVcfs	Processed     4,390,000 records.  Elapsed time: 00:00:50s.  Time for last 10,000:    0s.  Last read position: 17:57,932,635
INFO	2018-05-25 20:21:49	MergeVcfs	Processed     4,400,000 records.  Elapsed time: 00:00:50s.  Time for last 10,000:    0s.  Last read position: 17:63,969,477
INFO	2018-05-25 20:21:50	MergeVcfs	Processed     4,410,000 records.  Elapsed time: 00:00:50s.  Time for last 10,000:    0s.  Last read position: 17:69,232,630
INFO	2018-05-25 20:21:50	MergeVcfs	Processed     4,420,000 records.  Elapsed time: 00:00:51s.  Time for last 10,000:    0s.  Last read position: 17:74,297,193
INFO	2018-05-25 20:21:50	MergeVcfs	Processed     4,430,000 records.  Elapsed time: 00:00:51s.  Time for last 10,000:    0s.  Last read position: 17:78,581,696
INFO	2018-05-25 20:21:50	MergeVcfs	Processed     4,440,000 records.  Elapsed time: 00:00:51s.  Time for last 10,000:    0s.  Last read position: 18:1,971,659
INFO	2018-05-25 20:21:50	MergeVcfs	Processed     4,450,000 records.  Elapsed time: 00:00:51s.  Time for last 10,000:    0s.  Last read position: 18:6,222,428
INFO	2018-05-25 20:21:50	MergeVcfs	Processed     4,460,000 records.  Elapsed time: 00:00:51s.  Time for last 10,000:    0s.  Last read position: 18:10,614,171
INFO	2018-05-25 20:21:50	MergeVcfs	Processed     4,470,000 records.  Elapsed time: 00:00:51s.  Time for last 10,000:    0s.  Last read position: 18:14,996,662
INFO	2018-05-25 20:21:50	MergeVcfs	Processed     4,480,000 records.  Elapsed time: 00:00:51s.  Time for last 10,000:    0s.  Last read position: 18:24,367,063
INFO	2018-05-25 20:21:50	MergeVcfs	Processed     4,490,000 records.  Elapsed time: 00:00:51s.  Time for last 10,000:    0s.  Last read position: 18:29,748,206
INFO	2018-05-25 20:21:50	MergeVcfs	Processed     4,500,000 records.  Elapsed time: 00:00:51s.  Time for last 10,000:    0s.  Last read position: 18:35,820,364
INFO	2018-05-25 20:21:50	MergeVcfs	Processed     4,510,000 records.  Elapsed time: 00:00:51s.  Time for last 10,000:    0s.  Last read position: 18:42,175,440
INFO	2018-05-25 20:21:51	MergeVcfs	Processed     4,520,000 records.  Elapsed time: 00:00:51s.  Time for last 10,000:    0s.  Last read position: 18:47,889,130
INFO	2018-05-25 20:21:51	MergeVcfs	Processed     4,530,000 records.  Elapsed time: 00:00:52s.  Time for last 10,000:    0s.  Last read position: 18:53,679,983
INFO	2018-05-25 20:21:51	MergeVcfs	Processed     4,540,000 records.  Elapsed time: 00:00:52s.  Time for last 10,000:    0s.  Last read position: 18:58,883,412
INFO	2018-05-25 20:21:51	MergeVcfs	Processed     4,550,000 records.  Elapsed time: 00:00:52s.  Time for last 10,000:    0s.  Last read position: 18:63,797,524
INFO	2018-05-25 20:21:51	MergeVcfs	Processed     4,560,000 records.  Elapsed time: 00:00:52s.  Time for last 10,000:    0s.  Last read position: 18:68,684,544
INFO	2018-05-25 20:21:51	MergeVcfs	Processed     4,570,000 records.  Elapsed time: 00:00:52s.  Time for last 10,000:    0s.  Last read position: 18:73,514,007
INFO	2018-05-25 20:21:51	MergeVcfs	Processed     4,580,000 records.  Elapsed time: 00:00:52s.  Time for last 10,000:    0s.  Last read position: 19:351,608
INFO	2018-05-25 20:21:51	MergeVcfs	Processed     4,590,000 records.  Elapsed time: 00:00:52s.  Time for last 10,000:    0s.  Last read position: 19:4,513,044
INFO	2018-05-25 20:21:51	MergeVcfs	Processed     4,600,000 records.  Elapsed time: 00:00:52s.  Time for last 10,000:    0s.  Last read position: 19:8,996,019
INFO	2018-05-25 20:21:51	MergeVcfs	Processed     4,610,000 records.  Elapsed time: 00:00:52s.  Time for last 10,000:    0s.  Last read position: 19:14,532,884
INFO	2018-05-25 20:21:52	MergeVcfs	Processed     4,620,000 records.  Elapsed time: 00:00:52s.  Time for last 10,000:    0s.  Last read position: 19:18,826,139
INFO	2018-05-25 20:21:52	MergeVcfs	Processed     4,630,000 records.  Elapsed time: 00:00:53s.  Time for last 10,000:    0s.  Last read position: 19:22,858,550
INFO	2018-05-25 20:21:52	MergeVcfs	Processed     4,640,000 records.  Elapsed time: 00:00:53s.  Time for last 10,000:    0s.  Last read position: 19:29,827,166
INFO	2018-05-25 20:21:52	MergeVcfs	Processed     4,650,000 records.  Elapsed time: 00:00:53s.  Time for last 10,000:    0s.  Last read position: 19:35,597,228
INFO	2018-05-25 20:21:52	MergeVcfs	Processed     4,660,000 records.  Elapsed time: 00:00:53s.  Time for last 10,000:    0s.  Last read position: 19:41,296,046
INFO	2018-05-25 20:21:52	MergeVcfs	Processed     4,670,000 records.  Elapsed time: 00:00:53s.  Time for last 10,000:    0s.  Last read position: 19:46,602,690
INFO	2018-05-25 20:21:52	MergeVcfs	Processed     4,680,000 records.  Elapsed time: 00:00:53s.  Time for last 10,000:    0s.  Last read position: 19:51,434,627
INFO	2018-05-25 20:21:52	MergeVcfs	Processed     4,690,000 records.  Elapsed time: 00:00:53s.  Time for last 10,000:    0s.  Last read position: 19:54,826,518
INFO	2018-05-25 20:21:52	MergeVcfs	Processed     4,700,000 records.  Elapsed time: 00:00:53s.  Time for last 10,000:    0s.  Last read position: 20:161,586
INFO	2018-05-25 20:21:52	MergeVcfs	Processed     4,710,000 records.  Elapsed time: 00:00:53s.  Time for last 10,000:    0s.  Last read position: 20:4,853,544
INFO	2018-05-25 20:21:52	MergeVcfs	Processed     4,720,000 records.  Elapsed time: 00:00:53s.  Time for last 10,000:    0s.  Last read position: 20:9,983,399
INFO	2018-05-25 20:21:53	MergeVcfs	Processed     4,730,000 records.  Elapsed time: 00:00:54s.  Time for last 10,000:    0s.  Last read position: 20:15,725,233
INFO	2018-05-25 20:21:53	MergeVcfs	Processed     4,740,000 records.  Elapsed time: 00:00:54s.  Time for last 10,000:    0s.  Last read position: 20:20,920,153
INFO	2018-05-25 20:21:53	MergeVcfs	Processed     4,750,000 records.  Elapsed time: 00:00:54s.  Time for last 10,000:    0s.  Last read position: 20:26,082,895
INFO	2018-05-25 20:21:53	MergeVcfs	Processed     4,760,000 records.  Elapsed time: 00:00:54s.  Time for last 10,000:    0s.  Last read position: 20:36,503,668
INFO	2018-05-25 20:21:53	MergeVcfs	Processed     4,770,000 records.  Elapsed time: 00:00:54s.  Time for last 10,000:    0s.  Last read position: 20:43,285,791
INFO	2018-05-25 20:21:53	MergeVcfs	Processed     4,780,000 records.  Elapsed time: 00:00:54s.  Time for last 10,000:    0s.  Last read position: 20:48,601,633
INFO	2018-05-25 20:21:53	MergeVcfs	Processed     4,790,000 records.  Elapsed time: 00:00:54s.  Time for last 10,000:    0s.  Last read position: 20:53,695,676
INFO	2018-05-25 20:21:53	MergeVcfs	Processed     4,800,000 records.  Elapsed time: 00:00:54s.  Time for last 10,000:    0s.  Last read position: 20:58,319,709
INFO	2018-05-25 20:21:53	MergeVcfs	Processed     4,810,000 records.  Elapsed time: 00:00:54s.  Time for last 10,000:    0s.  Last read position: 21:10,598,148
INFO	2018-05-25 20:21:53	MergeVcfs	Processed     4,820,000 records.  Elapsed time: 00:00:54s.  Time for last 10,000:    0s.  Last read position: 21:18,726,436
INFO	2018-05-25 20:21:54	MergeVcfs	Processed     4,830,000 records.  Elapsed time: 00:00:54s.  Time for last 10,000:    0s.  Last read position: 21:22,741,748
INFO	2018-05-25 20:21:54	MergeVcfs	Processed     4,840,000 records.  Elapsed time: 00:00:55s.  Time for last 10,000:    0s.  Last read position: 21:27,228,235
INFO	2018-05-25 20:21:54	MergeVcfs	Processed     4,850,000 records.  Elapsed time: 00:00:55s.  Time for last 10,000:    0s.  Last read position: 21:32,114,780
INFO	2018-05-25 20:21:54	MergeVcfs	Processed     4,860,000 records.  Elapsed time: 00:00:55s.  Time for last 10,000:    0s.  Last read position: 21:37,064,975
INFO	2018-05-25 20:21:54	MergeVcfs	Processed     4,870,000 records.  Elapsed time: 00:00:55s.  Time for last 10,000:    0s.  Last read position: 21:41,653,035
INFO	2018-05-25 20:21:54	MergeVcfs	Processed     4,880,000 records.  Elapsed time: 00:00:55s.  Time for last 10,000:    0s.  Last read position: 21:46,054,389
INFO	2018-05-25 20:21:54	MergeVcfs	Processed     4,890,000 records.  Elapsed time: 00:00:55s.  Time for last 10,000:    0s.  Last read position: 22:19,033,747
INFO	2018-05-25 20:21:54	MergeVcfs	Processed     4,900,000 records.  Elapsed time: 00:00:55s.  Time for last 10,000:    0s.  Last read position: 22:24,099,143
INFO	2018-05-25 20:21:54	MergeVcfs	Processed     4,910,000 records.  Elapsed time: 00:00:55s.  Time for last 10,000:    0s.  Last read position: 22:29,280,478
INFO	2018-05-25 20:21:54	MergeVcfs	Processed     4,920,000 records.  Elapsed time: 00:00:55s.  Time for last 10,000:    0s.  Last read position: 22:34,890,899
INFO	2018-05-25 20:21:54	MergeVcfs	Processed     4,930,000 records.  Elapsed time: 00:00:55s.  Time for last 10,000:    0s.  Last read position: 22:39,607,442
INFO	2018-05-25 20:21:55	MergeVcfs	Processed     4,940,000 records.  Elapsed time: 00:00:56s.  Time for last 10,000:    0s.  Last read position: 22:45,363,264
INFO	2018-05-25 20:21:55	MergeVcfs	Processed     4,950,000 records.  Elapsed time: 00:00:56s.  Time for last 10,000:    0s.  Last read position: 22:49,404,702
INFO	2018-05-25 20:21:55	MergeVcfs	Processed     4,960,000 records.  Elapsed time: 00:00:56s.  Time for last 10,000:    0s.  Last read position: X:1,448,973
INFO	2018-05-25 20:21:55	MergeVcfs	Processed     4,970,000 records.  Elapsed time: 00:00:56s.  Time for last 10,000:    0s.  Last read position: X:5,282,850
INFO	2018-05-25 20:21:55	MergeVcfs	Processed     4,980,000 records.  Elapsed time: 00:00:56s.  Time for last 10,000:    0s.  Last read position: X:12,042,112
INFO	2018-05-25 20:21:55	MergeVcfs	Processed     4,990,000 records.  Elapsed time: 00:00:56s.  Time for last 10,000:    0s.  Last read position: X:19,935,577
INFO	2018-05-25 20:21:55	MergeVcfs	Processed     5,000,000 records.  Elapsed time: 00:00:56s.  Time for last 10,000:    0s.  Last read position: X:27,448,256
INFO	2018-05-25 20:21:55	MergeVcfs	Processed     5,010,000 records.  Elapsed time: 00:00:56s.  Time for last 10,000:    0s.  Last read position: X:35,081,387
INFO	2018-05-25 20:21:55	MergeVcfs	Processed     5,020,000 records.  Elapsed time: 00:00:56s.  Time for last 10,000:    0s.  Last read position: X:43,440,591
INFO	2018-05-25 20:21:55	MergeVcfs	Processed     5,030,000 records.  Elapsed time: 00:00:56s.  Time for last 10,000:    0s.  Last read position: X:54,412,528
INFO	2018-05-25 20:21:56	MergeVcfs	Processed     5,040,000 records.  Elapsed time: 00:00:56s.  Time for last 10,000:    0s.  Last read position: X:67,265,417
INFO	2018-05-25 20:21:56	MergeVcfs	Processed     5,050,000 records.  Elapsed time: 00:00:57s.  Time for last 10,000:    0s.  Last read position: X:76,193,274
INFO	2018-05-25 20:21:56	MergeVcfs	Processed     5,060,000 records.  Elapsed time: 00:00:57s.  Time for last 10,000:    0s.  Last read position: X:84,242,746
INFO	2018-05-25 20:21:56	MergeVcfs	Processed     5,070,000 records.  Elapsed time: 00:00:57s.  Time for last 10,000:    0s.  Last read position: X:89,218,354
INFO	2018-05-25 20:21:56	MergeVcfs	Processed     5,080,000 records.  Elapsed time: 00:00:57s.  Time for last 10,000:    0s.  Last read position: X:96,508,800
INFO	2018-05-25 20:21:56	MergeVcfs	Processed     5,090,000 records.  Elapsed time: 00:00:57s.  Time for last 10,000:    0s.  Last read position: X:106,407,238
INFO	2018-05-25 20:21:56	MergeVcfs	Processed     5,100,000 records.  Elapsed time: 00:00:57s.  Time for last 10,000:    0s.  Last read position: X:113,963,239
INFO	2018-05-25 20:21:56	MergeVcfs	Processed     5,110,000 records.  Elapsed time: 00:00:57s.  Time for last 10,000:    0s.  Last read position: X:120,356,108
INFO	2018-05-25 20:21:56	MergeVcfs	Processed     5,120,000 records.  Elapsed time: 00:00:57s.  Time for last 10,000:    0s.  Last read position: X:126,796,253
INFO	2018-05-25 20:21:56	MergeVcfs	Processed     5,130,000 records.  Elapsed time: 00:00:57s.  Time for last 10,000:    0s.  Last read position: X:137,092,158
INFO	2018-05-25 20:21:56	MergeVcfs	Processed     5,140,000 records.  Elapsed time: 00:00:57s.  Time for last 10,000:    0s.  Last read position: X:143,574,739
INFO	2018-05-25 20:21:57	MergeVcfs	Processed     5,150,000 records.  Elapsed time: 00:00:58s.  Time for last 10,000:    0s.  Last read position: X:150,956,593
[Fri May 25 20:21:57 UTC 2018] picard.vcf.MergeVcfs done. Elapsed time: 0.97 minutes.
Runtime.totalMemory()=321912832

Completed merging DDR control individual genotype VCF files from 1000 Genome Project
Fri 25 May 20:21:57 UTC 2018

Completed s01_select_NA19315_ddr_control_kgen.sh
Fri 25 May 20:21:57 UTC 2018

