Starting s01_select_HG01055_ddr_control_kgen.sh
Mon 28 May 11:25:09 UTC 2018

1000 Genomes Project Individual ID - DDR control genotype to be extracted - HG01055

Selecting DDR control individual genotype from 1000 Genome Project (Chromosome 1) ...
Mon 28 May 11:25:09 UTC 2018

Completed DDR control individual genotype from 1000 Genome Project (Chromosome 1)
Mon 28 May 11:54:57 UTC 2018

Selecting DDR control individual genotype from 1000 Genome Project (Chromosome 2) ...
Mon 28 May 11:54:57 UTC 2018

Completed DDR control individual genotype from 1000 Genome Project (Chromosome 2)
Mon 28 May 12:26:55 UTC 2018

Selecting DDR control individual genotype from 1000 Genome Project (Chromosome 3) ...
Mon 28 May 12:26:55 UTC 2018

Completed DDR control individual genotype from 1000 Genome Project (Chromosome 3)
Mon 28 May 12:52:41 UTC 2018

Selecting DDR control individual genotype from 1000 Genome Project (Chromosome 4) ...
Mon 28 May 12:52:41 UTC 2018

Completed DDR control individual genotype from 1000 Genome Project (Chromosome 4)
Mon 28 May 13:18:01 UTC 2018

Selecting DDR control individual genotype from 1000 Genome Project (Chromosome 5) ...
Mon 28 May 13:18:01 UTC 2018

Completed DDR control individual genotype from 1000 Genome Project (Chromosome 5)
Mon 28 May 13:41:55 UTC 2018

Selecting DDR control individual genotype from 1000 Genome Project (Chromosome 6) ...
Mon 28 May 13:41:55 UTC 2018

Completed DDR control individual genotype from 1000 Genome Project (Chromosome 6)
Mon 28 May 14:04:36 UTC 2018

Selecting DDR control individual genotype from 1000 Genome Project (Chromosome 7) ...
Mon 28 May 14:04:36 UTC 2018

Completed DDR control individual genotype from 1000 Genome Project (Chromosome 7)
Mon 28 May 14:25:31 UTC 2018

Selecting DDR control individual genotype from 1000 Genome Project (Chromosome 8) ...
Mon 28 May 14:25:31 UTC 2018

Completed DDR control individual genotype from 1000 Genome Project (Chromosome 8)
Mon 28 May 14:46:50 UTC 2018

Selecting DDR control individual genotype from 1000 Genome Project (Chromosome 9) ...
Mon 28 May 14:46:50 UTC 2018

Completed DDR control individual genotype from 1000 Genome Project (Chromosome 9)
Mon 28 May 15:02:57 UTC 2018

Selecting DDR control individual genotype from 1000 Genome Project (Chromosome 10) ...
Mon 28 May 15:02:57 UTC 2018

Completed DDR control individual genotype from 1000 Genome Project (Chromosome 10)
Mon 28 May 15:20:59 UTC 2018

Selecting DDR control individual genotype from 1000 Genome Project (Chromosome 11) ...
Mon 28 May 15:20:59 UTC 2018

Completed DDR control individual genotype from 1000 Genome Project (Chromosome 11)
Mon 28 May 15:39:24 UTC 2018

Selecting DDR control individual genotype from 1000 Genome Project (Chromosome 12) ...
Mon 28 May 15:39:24 UTC 2018

Completed DDR control individual genotype from 1000 Genome Project (Chromosome 12)
Mon 28 May 15:56:30 UTC 2018

Selecting DDR control individual genotype from 1000 Genome Project (Chromosome 13) ...
Mon 28 May 15:56:30 UTC 2018

Completed DDR control individual genotype from 1000 Genome Project (Chromosome 13)
Mon 28 May 16:09:06 UTC 2018

Selecting DDR control individual genotype from 1000 Genome Project (Chromosome 14) ...
Mon 28 May 16:09:06 UTC 2018

Completed DDR control individual genotype from 1000 Genome Project (Chromosome 14)
Mon 28 May 16:21:32 UTC 2018

Selecting DDR control individual genotype from 1000 Genome Project (Chromosome 15) ...
Mon 28 May 16:21:32 UTC 2018

Completed DDR control individual genotype from 1000 Genome Project (Chromosome 15)
Mon 28 May 16:32:15 UTC 2018

Selecting DDR control individual genotype from 1000 Genome Project (Chromosome 16) ...
Mon 28 May 16:32:15 UTC 2018

Completed DDR control individual genotype from 1000 Genome Project (Chromosome 16)
Mon 28 May 16:44:10 UTC 2018

Selecting DDR control individual genotype from 1000 Genome Project (Chromosome 17) ...
Mon 28 May 16:44:10 UTC 2018

Completed DDR control individual genotype from 1000 Genome Project (Chromosome 17)
Mon 28 May 16:54:49 UTC 2018

Selecting DDR control individual genotype from 1000 Genome Project (Chromosome 18) ...
Mon 28 May 16:54:49 UTC 2018

Completed DDR control individual genotype from 1000 Genome Project (Chromosome 18)
Mon 28 May 17:04:27 UTC 2018

Selecting DDR control individual genotype from 1000 Genome Project (Chromosome 19) ...
Mon 28 May 17:04:27 UTC 2018

Completed DDR control individual genotype from 1000 Genome Project (Chromosome 19)
Mon 28 May 17:12:59 UTC 2018

Selecting DDR control individual genotype from 1000 Genome Project (Chromosome 20) ...
Mon 28 May 17:12:59 UTC 2018

Completed DDR control individual genotype from 1000 Genome Project (Chromosome 20)
Mon 28 May 17:20:57 UTC 2018

Selecting DDR control individual genotype from 1000 Genome Project (Chromosome 21) ...
Mon 28 May 17:20:57 UTC 2018

Completed DDR control individual genotype from 1000 Genome Project (Chromosome 21)
Mon 28 May 17:26:10 UTC 2018

Selecting DDR control individual genotype from 1000 Genome Project (Chromosome 22) ...
Mon 28 May 17:26:10 UTC 2018

Completed DDR control individual genotype from 1000 Genome Project (Chromosome 22)
Mon 28 May 17:31:23 UTC 2018

Selecting DDR control individual genotype from 1000 Genome Project (Chromosome X) ...
Mon 28 May 17:31:23 UTC 2018

Completed DDR control individual genotype from 1000 Genome Project (Chromosome X)
Mon 28 May 17:47:26 UTC 2018


Merging DDR control individual genotype VCF files from 1000 Genome Project
Mon 28 May 17:47:26 UTC 2018
17:47:27.208 INFO  NativeLibraryLoader - Loading libgkl_compression.so from jar:file:/home/ec2-user/tools/picard/picard.jar!/com/intel/gkl/native/libgkl_compression.so
[Mon May 28 17:47:27 UTC 2018] MergeVcfs INPUT=[/home/ec2-user/results/data_analysis/gt_individuals/kgen/ddr_control/HG01055/s01_HG01055_ddr_control_kgen_chr1_raw.vcf, /home/ec2-user/results/data_analysis/gt_individuals/kgen/ddr_control/HG01055/s01_HG01055_ddr_control_kgen_chr2_raw.vcf, /home/ec2-user/results/data_analysis/gt_individuals/kgen/ddr_control/HG01055/s01_HG01055_ddr_control_kgen_chr3_raw.vcf, /home/ec2-user/results/data_analysis/gt_individuals/kgen/ddr_control/HG01055/s01_HG01055_ddr_control_kgen_chr4_raw.vcf, /home/ec2-user/results/data_analysis/gt_individuals/kgen/ddr_control/HG01055/s01_HG01055_ddr_control_kgen_chr5_raw.vcf, /home/ec2-user/results/data_analysis/gt_individuals/kgen/ddr_control/HG01055/s01_HG01055_ddr_control_kgen_chr6_raw.vcf, /home/ec2-user/results/data_analysis/gt_individuals/kgen/ddr_control/HG01055/s01_HG01055_ddr_control_kgen_chr7_raw.vcf, /home/ec2-user/results/data_analysis/gt_individuals/kgen/ddr_control/HG01055/s01_HG01055_ddr_control_kgen_chr8_raw.vcf, /home/ec2-user/results/data_analysis/gt_individuals/kgen/ddr_control/HG01055/s01_HG01055_ddr_control_kgen_chr9_raw.vcf, /home/ec2-user/results/data_analysis/gt_individuals/kgen/ddr_control/HG01055/s01_HG01055_ddr_control_kgen_chr10_raw.vcf, /home/ec2-user/results/data_analysis/gt_individuals/kgen/ddr_control/HG01055/s01_HG01055_ddr_control_kgen_chr11_raw.vcf, /home/ec2-user/results/data_analysis/gt_individuals/kgen/ddr_control/HG01055/s01_HG01055_ddr_control_kgen_chr12_raw.vcf, /home/ec2-user/results/data_analysis/gt_individuals/kgen/ddr_control/HG01055/s01_HG01055_ddr_control_kgen_chr13_raw.vcf, /home/ec2-user/results/data_analysis/gt_individuals/kgen/ddr_control/HG01055/s01_HG01055_ddr_control_kgen_chr14_raw.vcf, /home/ec2-user/results/data_analysis/gt_individuals/kgen/ddr_control/HG01055/s01_HG01055_ddr_control_kgen_chr15_raw.vcf, /home/ec2-user/results/data_analysis/gt_individuals/kgen/ddr_control/HG01055/s01_HG01055_ddr_control_kgen_chr16_raw.vcf, /home/ec2-user/results/data_analysis/gt_individuals/kgen/ddr_control/HG01055/s01_HG01055_ddr_control_kgen_chr17_raw.vcf, /home/ec2-user/results/data_analysis/gt_individuals/kgen/ddr_control/HG01055/s01_HG01055_ddr_control_kgen_chr18_raw.vcf, /home/ec2-user/results/data_analysis/gt_individuals/kgen/ddr_control/HG01055/s01_HG01055_ddr_control_kgen_chr19_raw.vcf, /home/ec2-user/results/data_analysis/gt_individuals/kgen/ddr_control/HG01055/s01_HG01055_ddr_control_kgen_chr20_raw.vcf, /home/ec2-user/results/data_analysis/gt_individuals/kgen/ddr_control/HG01055/s01_HG01055_ddr_control_kgen_chr21_raw.vcf, /home/ec2-user/results/data_analysis/gt_individuals/kgen/ddr_control/HG01055/s01_HG01055_ddr_control_kgen_chr22_raw.vcf, /home/ec2-user/results/data_analysis/gt_individuals/kgen/ddr_control/HG01055/s01_HG01055_ddr_control_kgen_chrX_raw.vcf] OUTPUT=/home/ec2-user/results/data_analysis/gt_individuals/kgen/ddr_control/HG01055/s01_HG01055_ddr_control_kgen_merged_raw.vcf.gz    VERBOSITY=INFO QUIET=false VALIDATION_STRINGENCY=STRICT COMPRESSION_LEVEL=5 MAX_RECORDS_IN_RAM=500000 CREATE_INDEX=true CREATE_MD5_FILE=false GA4GH_CLIENT_SECRETS=client_secrets.json USE_JDK_DEFLATER=false USE_JDK_INFLATER=false
[Mon May 28 17:47:27 UTC 2018] Executing as ec2-user@ip-172-31-42-132 on Linux 4.14.33-51.37.amzn1.x86_64 amd64; OpenJDK 64-Bit Server VM 1.8.0_171-b10; Deflater: Intel; Inflater: Intel; Provider GCS is not available; Picard version: 2.18.2-SNAPSHOT
INFO	2018-05-28 17:47:28	MergeVcfs	Processed        10,000 records.  Elapsed time: 00:00:01s.  Time for last 10,000:    0s.  Last read position: 1:6,148,763
INFO	2018-05-28 17:47:28	MergeVcfs	Processed        20,000 records.  Elapsed time: 00:00:01s.  Time for last 10,000:    0s.  Last read position: 1:12,832,492
INFO	2018-05-28 17:47:29	MergeVcfs	Processed        30,000 records.  Elapsed time: 00:00:01s.  Time for last 10,000:    0s.  Last read position: 1:18,687,463
INFO	2018-05-28 17:47:29	MergeVcfs	Processed        40,000 records.  Elapsed time: 00:00:02s.  Time for last 10,000:    0s.  Last read position: 1:25,328,778
INFO	2018-05-28 17:47:29	MergeVcfs	Processed        50,000 records.  Elapsed time: 00:00:02s.  Time for last 10,000:    0s.  Last read position: 1:33,540,335
INFO	2018-05-28 17:47:30	MergeVcfs	Processed        60,000 records.  Elapsed time: 00:00:02s.  Time for last 10,000:    0s.  Last read position: 1:41,782,781
INFO	2018-05-28 17:47:30	MergeVcfs	Processed        70,000 records.  Elapsed time: 00:00:03s.  Time for last 10,000:    0s.  Last read position: 1:49,251,779
INFO	2018-05-28 17:47:30	MergeVcfs	Processed        80,000 records.  Elapsed time: 00:00:03s.  Time for last 10,000:    0s.  Last read position: 1:57,751,761
INFO	2018-05-28 17:47:30	MergeVcfs	Processed        90,000 records.  Elapsed time: 00:00:03s.  Time for last 10,000:    0s.  Last read position: 1:64,671,072
INFO	2018-05-28 17:47:31	MergeVcfs	Processed       100,000 records.  Elapsed time: 00:00:04s.  Time for last 10,000:    0s.  Last read position: 1:71,442,683
INFO	2018-05-28 17:47:31	MergeVcfs	Processed       110,000 records.  Elapsed time: 00:00:04s.  Time for last 10,000:    0s.  Last read position: 1:77,397,996
INFO	2018-05-28 17:47:31	MergeVcfs	Processed       120,000 records.  Elapsed time: 00:00:04s.  Time for last 10,000:    0s.  Last read position: 1:83,179,246
INFO	2018-05-28 17:47:32	MergeVcfs	Processed       130,000 records.  Elapsed time: 00:00:04s.  Time for last 10,000:    0s.  Last read position: 1:89,582,474
INFO	2018-05-28 17:47:32	MergeVcfs	Processed       140,000 records.  Elapsed time: 00:00:05s.  Time for last 10,000:    0s.  Last read position: 1:95,681,448
INFO	2018-05-28 17:47:32	MergeVcfs	Processed       150,000 records.  Elapsed time: 00:00:05s.  Time for last 10,000:    0s.  Last read position: 1:102,365,298
INFO	2018-05-28 17:47:32	MergeVcfs	Processed       160,000 records.  Elapsed time: 00:00:05s.  Time for last 10,000:    0s.  Last read position: 1:107,212,081
INFO	2018-05-28 17:47:33	MergeVcfs	Processed       170,000 records.  Elapsed time: 00:00:05s.  Time for last 10,000:    0s.  Last read position: 1:113,147,581
INFO	2018-05-28 17:47:33	MergeVcfs	Processed       180,000 records.  Elapsed time: 00:00:06s.  Time for last 10,000:    0s.  Last read position: 1:120,418,499
INFO	2018-05-28 17:47:33	MergeVcfs	Processed       190,000 records.  Elapsed time: 00:00:06s.  Time for last 10,000:    0s.  Last read position: 1:152,976,114
INFO	2018-05-28 17:47:33	MergeVcfs	Processed       200,000 records.  Elapsed time: 00:00:06s.  Time for last 10,000:    0s.  Last read position: 1:159,647,390
INFO	2018-05-28 17:47:34	MergeVcfs	Processed       210,000 records.  Elapsed time: 00:00:06s.  Time for last 10,000:    0s.  Last read position: 1:165,694,897
INFO	2018-05-28 17:47:34	MergeVcfs	Processed       220,000 records.  Elapsed time: 00:00:07s.  Time for last 10,000:    0s.  Last read position: 1:171,722,847
INFO	2018-05-28 17:47:34	MergeVcfs	Processed       230,000 records.  Elapsed time: 00:00:07s.  Time for last 10,000:    0s.  Last read position: 1:179,455,364
INFO	2018-05-28 17:47:34	MergeVcfs	Processed       240,000 records.  Elapsed time: 00:00:07s.  Time for last 10,000:    0s.  Last read position: 1:187,597,420
INFO	2018-05-28 17:47:34	MergeVcfs	Processed       250,000 records.  Elapsed time: 00:00:07s.  Time for last 10,000:    0s.  Last read position: 1:192,786,597
INFO	2018-05-28 17:47:35	MergeVcfs	Processed       260,000 records.  Elapsed time: 00:00:07s.  Time for last 10,000:    0s.  Last read position: 1:198,859,198
INFO	2018-05-28 17:47:35	MergeVcfs	Processed       270,000 records.  Elapsed time: 00:00:08s.  Time for last 10,000:    0s.  Last read position: 1:204,583,450
INFO	2018-05-28 17:47:35	MergeVcfs	Processed       280,000 records.  Elapsed time: 00:00:08s.  Time for last 10,000:    0s.  Last read position: 1:210,980,348
INFO	2018-05-28 17:47:35	MergeVcfs	Processed       290,000 records.  Elapsed time: 00:00:08s.  Time for last 10,000:    0s.  Last read position: 1:218,080,224
INFO	2018-05-28 17:47:35	MergeVcfs	Processed       300,000 records.  Elapsed time: 00:00:08s.  Time for last 10,000:    0s.  Last read position: 1:224,969,057
INFO	2018-05-28 17:47:36	MergeVcfs	Processed       310,000 records.  Elapsed time: 00:00:08s.  Time for last 10,000:    0s.  Last read position: 1:232,253,281
INFO	2018-05-28 17:47:36	MergeVcfs	Processed       320,000 records.  Elapsed time: 00:00:08s.  Time for last 10,000:    0s.  Last read position: 1:237,956,641
INFO	2018-05-28 17:47:36	MergeVcfs	Processed       330,000 records.  Elapsed time: 00:00:09s.  Time for last 10,000:    0s.  Last read position: 1:242,528,343
INFO	2018-05-28 17:47:36	MergeVcfs	Processed       340,000 records.  Elapsed time: 00:00:09s.  Time for last 10,000:    0s.  Last read position: 1:247,979,849
INFO	2018-05-28 17:47:36	MergeVcfs	Processed       350,000 records.  Elapsed time: 00:00:09s.  Time for last 10,000:    0s.  Last read position: 2:3,321,423
INFO	2018-05-28 17:47:36	MergeVcfs	Processed       360,000 records.  Elapsed time: 00:00:09s.  Time for last 10,000:    0s.  Last read position: 2:9,289,601
INFO	2018-05-28 17:47:36	MergeVcfs	Processed       370,000 records.  Elapsed time: 00:00:09s.  Time for last 10,000:    0s.  Last read position: 2:14,904,750
INFO	2018-05-28 17:47:36	MergeVcfs	Processed       380,000 records.  Elapsed time: 00:00:09s.  Time for last 10,000:    0s.  Last read position: 2:21,449,408
INFO	2018-05-28 17:47:36	MergeVcfs	Processed       390,000 records.  Elapsed time: 00:00:09s.  Time for last 10,000:    0s.  Last read position: 2:29,204,230
INFO	2018-05-28 17:47:37	MergeVcfs	Processed       400,000 records.  Elapsed time: 00:00:09s.  Time for last 10,000:    0s.  Last read position: 2:34,925,480
INFO	2018-05-28 17:47:37	MergeVcfs	Processed       410,000 records.  Elapsed time: 00:00:09s.  Time for last 10,000:    0s.  Last read position: 2:39,608,782
INFO	2018-05-28 17:47:37	MergeVcfs	Processed       420,000 records.  Elapsed time: 00:00:10s.  Time for last 10,000:    0s.  Last read position: 2:44,290,433
INFO	2018-05-28 17:47:37	MergeVcfs	Processed       430,000 records.  Elapsed time: 00:00:10s.  Time for last 10,000:    0s.  Last read position: 2:50,031,813
INFO	2018-05-28 17:47:37	MergeVcfs	Processed       440,000 records.  Elapsed time: 00:00:10s.  Time for last 10,000:    0s.  Last read position: 2:55,091,223
INFO	2018-05-28 17:47:37	MergeVcfs	Processed       450,000 records.  Elapsed time: 00:00:10s.  Time for last 10,000:    0s.  Last read position: 2:61,970,732
INFO	2018-05-28 17:47:37	MergeVcfs	Processed       460,000 records.  Elapsed time: 00:00:10s.  Time for last 10,000:    0s.  Last read position: 2:69,336,304
INFO	2018-05-28 17:47:37	MergeVcfs	Processed       470,000 records.  Elapsed time: 00:00:10s.  Time for last 10,000:    0s.  Last read position: 2:76,559,679
INFO	2018-05-28 17:47:37	MergeVcfs	Processed       480,000 records.  Elapsed time: 00:00:10s.  Time for last 10,000:    0s.  Last read position: 2:83,718,903
INFO	2018-05-28 17:47:38	MergeVcfs	Processed       490,000 records.  Elapsed time: 00:00:10s.  Time for last 10,000:    0s.  Last read position: 2:98,503,399
INFO	2018-05-28 17:47:38	MergeVcfs	Processed       500,000 records.  Elapsed time: 00:00:10s.  Time for last 10,000:    0s.  Last read position: 2:106,290,592
INFO	2018-05-28 17:47:38	MergeVcfs	Processed       510,000 records.  Elapsed time: 00:00:11s.  Time for last 10,000:    0s.  Last read position: 2:114,576,025
INFO	2018-05-28 17:47:38	MergeVcfs	Processed       520,000 records.  Elapsed time: 00:00:11s.  Time for last 10,000:    0s.  Last read position: 2:121,408,892
INFO	2018-05-28 17:47:38	MergeVcfs	Processed       530,000 records.  Elapsed time: 00:00:11s.  Time for last 10,000:    0s.  Last read position: 2:127,666,077
INFO	2018-05-28 17:47:38	MergeVcfs	Processed       540,000 records.  Elapsed time: 00:00:11s.  Time for last 10,000:    0s.  Last read position: 2:133,936,485
INFO	2018-05-28 17:47:38	MergeVcfs	Processed       550,000 records.  Elapsed time: 00:00:11s.  Time for last 10,000:    0s.  Last read position: 2:140,598,860
INFO	2018-05-28 17:47:38	MergeVcfs	Processed       560,000 records.  Elapsed time: 00:00:11s.  Time for last 10,000:    0s.  Last read position: 2:147,437,780
INFO	2018-05-28 17:47:38	MergeVcfs	Processed       570,000 records.  Elapsed time: 00:00:11s.  Time for last 10,000:    0s.  Last read position: 2:154,506,478
INFO	2018-05-28 17:47:39	MergeVcfs	Processed       580,000 records.  Elapsed time: 00:00:11s.  Time for last 10,000:    0s.  Last read position: 2:161,629,402
INFO	2018-05-28 17:47:39	MergeVcfs	Processed       590,000 records.  Elapsed time: 00:00:11s.  Time for last 10,000:    0s.  Last read position: 2:168,531,581
INFO	2018-05-28 17:47:39	MergeVcfs	Processed       600,000 records.  Elapsed time: 00:00:11s.  Time for last 10,000:    0s.  Last read position: 2:173,913,258
INFO	2018-05-28 17:47:39	MergeVcfs	Processed       610,000 records.  Elapsed time: 00:00:12s.  Time for last 10,000:    0s.  Last read position: 2:180,386,216
INFO	2018-05-28 17:47:39	MergeVcfs	Processed       620,000 records.  Elapsed time: 00:00:12s.  Time for last 10,000:    0s.  Last read position: 2:186,788,173
INFO	2018-05-28 17:47:39	MergeVcfs	Processed       630,000 records.  Elapsed time: 00:00:12s.  Time for last 10,000:    0s.  Last read position: 2:193,323,585
INFO	2018-05-28 17:47:39	MergeVcfs	Processed       640,000 records.  Elapsed time: 00:00:12s.  Time for last 10,000:    0s.  Last read position: 2:202,103,169
INFO	2018-05-28 17:47:39	MergeVcfs	Processed       650,000 records.  Elapsed time: 00:00:12s.  Time for last 10,000:    0s.  Last read position: 2:209,454,495
INFO	2018-05-28 17:47:39	MergeVcfs	Processed       660,000 records.  Elapsed time: 00:00:12s.  Time for last 10,000:    0s.  Last read position: 2:214,985,679
INFO	2018-05-28 17:47:39	MergeVcfs	Processed       670,000 records.  Elapsed time: 00:00:12s.  Time for last 10,000:    0s.  Last read position: 2:221,224,959
INFO	2018-05-28 17:47:40	MergeVcfs	Processed       680,000 records.  Elapsed time: 00:00:12s.  Time for last 10,000:    0s.  Last read position: 2:227,910,200
INFO	2018-05-28 17:47:40	MergeVcfs	Processed       690,000 records.  Elapsed time: 00:00:12s.  Time for last 10,000:    0s.  Last read position: 2:233,350,287
INFO	2018-05-28 17:47:40	MergeVcfs	Processed       700,000 records.  Elapsed time: 00:00:13s.  Time for last 10,000:    0s.  Last read position: 2:238,514,441
INFO	2018-05-28 17:47:40	MergeVcfs	Processed       710,000 records.  Elapsed time: 00:00:13s.  Time for last 10,000:    0s.  Last read position: 2:242,926,311
INFO	2018-05-28 17:47:40	MergeVcfs	Processed       720,000 records.  Elapsed time: 00:00:13s.  Time for last 10,000:    0s.  Last read position: 3:4,073,357
INFO	2018-05-28 17:47:40	MergeVcfs	Processed       730,000 records.  Elapsed time: 00:00:13s.  Time for last 10,000:    0s.  Last read position: 3:8,543,713
INFO	2018-05-28 17:47:40	MergeVcfs	Processed       740,000 records.  Elapsed time: 00:00:13s.  Time for last 10,000:    0s.  Last read position: 3:14,913,756
INFO	2018-05-28 17:47:40	MergeVcfs	Processed       750,000 records.  Elapsed time: 00:00:13s.  Time for last 10,000:    0s.  Last read position: 3:22,099,786
INFO	2018-05-28 17:47:40	MergeVcfs	Processed       760,000 records.  Elapsed time: 00:00:13s.  Time for last 10,000:    0s.  Last read position: 3:27,974,814
INFO	2018-05-28 17:47:41	MergeVcfs	Processed       770,000 records.  Elapsed time: 00:00:13s.  Time for last 10,000:    0s.  Last read position: 3:35,146,969
INFO	2018-05-28 17:47:41	MergeVcfs	Processed       780,000 records.  Elapsed time: 00:00:13s.  Time for last 10,000:    0s.  Last read position: 3:41,897,046
INFO	2018-05-28 17:47:41	MergeVcfs	Processed       790,000 records.  Elapsed time: 00:00:14s.  Time for last 10,000:    0s.  Last read position: 3:49,878,113
INFO	2018-05-28 17:47:41	MergeVcfs	Processed       800,000 records.  Elapsed time: 00:00:14s.  Time for last 10,000:    0s.  Last read position: 3:57,410,452
INFO	2018-05-28 17:47:41	MergeVcfs	Processed       810,000 records.  Elapsed time: 00:00:14s.  Time for last 10,000:    0s.  Last read position: 3:63,025,514
INFO	2018-05-28 17:47:41	MergeVcfs	Processed       820,000 records.  Elapsed time: 00:00:14s.  Time for last 10,000:    0s.  Last read position: 3:69,258,254
INFO	2018-05-28 17:47:41	MergeVcfs	Processed       830,000 records.  Elapsed time: 00:00:14s.  Time for last 10,000:    0s.  Last read position: 3:75,511,377
INFO	2018-05-28 17:47:41	MergeVcfs	Processed       840,000 records.  Elapsed time: 00:00:14s.  Time for last 10,000:    0s.  Last read position: 3:81,445,549
INFO	2018-05-28 17:47:41	MergeVcfs	Processed       850,000 records.  Elapsed time: 00:00:14s.  Time for last 10,000:    0s.  Last read position: 3:88,523,225
INFO	2018-05-28 17:47:41	MergeVcfs	Processed       860,000 records.  Elapsed time: 00:00:14s.  Time for last 10,000:    0s.  Last read position: 3:98,769,218
INFO	2018-05-28 17:47:42	MergeVcfs	Processed       870,000 records.  Elapsed time: 00:00:14s.  Time for last 10,000:    0s.  Last read position: 3:104,773,918
INFO	2018-05-28 17:47:42	MergeVcfs	Processed       880,000 records.  Elapsed time: 00:00:14s.  Time for last 10,000:    0s.  Last read position: 3:110,904,346
INFO	2018-05-28 17:47:42	MergeVcfs	Processed       890,000 records.  Elapsed time: 00:00:15s.  Time for last 10,000:    0s.  Last read position: 3:117,743,174
INFO	2018-05-28 17:47:42	MergeVcfs	Processed       900,000 records.  Elapsed time: 00:00:15s.  Time for last 10,000:    0s.  Last read position: 3:124,761,920
INFO	2018-05-28 17:47:42	MergeVcfs	Processed       910,000 records.  Elapsed time: 00:00:15s.  Time for last 10,000:    0s.  Last read position: 3:130,879,618
INFO	2018-05-28 17:47:42	MergeVcfs	Processed       920,000 records.  Elapsed time: 00:00:15s.  Time for last 10,000:    0s.  Last read position: 3:137,476,989
INFO	2018-05-28 17:47:42	MergeVcfs	Processed       930,000 records.  Elapsed time: 00:00:15s.  Time for last 10,000:    0s.  Last read position: 3:144,718,432
INFO	2018-05-28 17:47:42	MergeVcfs	Processed       940,000 records.  Elapsed time: 00:00:15s.  Time for last 10,000:    0s.  Last read position: 3:151,086,412
INFO	2018-05-28 17:47:42	MergeVcfs	Processed       950,000 records.  Elapsed time: 00:00:15s.  Time for last 10,000:    0s.  Last read position: 3:158,780,937
INFO	2018-05-28 17:47:43	MergeVcfs	Processed       960,000 records.  Elapsed time: 00:00:15s.  Time for last 10,000:    0s.  Last read position: 3:165,220,016
INFO	2018-05-28 17:47:43	MergeVcfs	Processed       970,000 records.  Elapsed time: 00:00:15s.  Time for last 10,000:    0s.  Last read position: 3:173,553,259
INFO	2018-05-28 17:47:43	MergeVcfs	Processed       980,000 records.  Elapsed time: 00:00:15s.  Time for last 10,000:    0s.  Last read position: 3:181,063,252
INFO	2018-05-28 17:47:43	MergeVcfs	Processed       990,000 records.  Elapsed time: 00:00:16s.  Time for last 10,000:    0s.  Last read position: 3:188,263,602
INFO	2018-05-28 17:47:43	MergeVcfs	Processed     1,000,000 records.  Elapsed time: 00:00:16s.  Time for last 10,000:    0s.  Last read position: 3:194,127,049
INFO	2018-05-28 17:47:43	MergeVcfs	Processed     1,010,000 records.  Elapsed time: 00:00:16s.  Time for last 10,000:    0s.  Last read position: 4:2,191,646
INFO	2018-05-28 17:47:43	MergeVcfs	Processed     1,020,000 records.  Elapsed time: 00:00:16s.  Time for last 10,000:    0s.  Last read position: 4:7,029,430
INFO	2018-05-28 17:47:43	MergeVcfs	Processed     1,030,000 records.  Elapsed time: 00:00:16s.  Time for last 10,000:    0s.  Last read position: 4:10,706,422
INFO	2018-05-28 17:47:43	MergeVcfs	Processed     1,040,000 records.  Elapsed time: 00:00:16s.  Time for last 10,000:    0s.  Last read position: 4:16,720,813
INFO	2018-05-28 17:47:43	MergeVcfs	Processed     1,050,000 records.  Elapsed time: 00:00:16s.  Time for last 10,000:    0s.  Last read position: 4:22,229,919
INFO	2018-05-28 17:47:44	MergeVcfs	Processed     1,060,000 records.  Elapsed time: 00:00:16s.  Time for last 10,000:    0s.  Last read position: 4:28,424,680
INFO	2018-05-28 17:47:44	MergeVcfs	Processed     1,070,000 records.  Elapsed time: 00:00:16s.  Time for last 10,000:    0s.  Last read position: 4:33,241,439
INFO	2018-05-28 17:47:44	MergeVcfs	Processed     1,080,000 records.  Elapsed time: 00:00:17s.  Time for last 10,000:    0s.  Last read position: 4:38,080,460
INFO	2018-05-28 17:47:44	MergeVcfs	Processed     1,090,000 records.  Elapsed time: 00:00:17s.  Time for last 10,000:    0s.  Last read position: 4:43,026,276
INFO	2018-05-28 17:47:44	MergeVcfs	Processed     1,100,000 records.  Elapsed time: 00:00:17s.  Time for last 10,000:    0s.  Last read position: 4:48,591,150
INFO	2018-05-28 17:47:44	MergeVcfs	Processed     1,110,000 records.  Elapsed time: 00:00:17s.  Time for last 10,000:    0s.  Last read position: 4:57,266,303
INFO	2018-05-28 17:47:44	MergeVcfs	Processed     1,120,000 records.  Elapsed time: 00:00:17s.  Time for last 10,000:    0s.  Last read position: 4:62,150,738
INFO	2018-05-28 17:47:44	MergeVcfs	Processed     1,130,000 records.  Elapsed time: 00:00:17s.  Time for last 10,000:    0s.  Last read position: 4:67,664,430
INFO	2018-05-28 17:47:44	MergeVcfs	Processed     1,140,000 records.  Elapsed time: 00:00:17s.  Time for last 10,000:    0s.  Last read position: 4:72,827,703
INFO	2018-05-28 17:47:44	MergeVcfs	Processed     1,150,000 records.  Elapsed time: 00:00:17s.  Time for last 10,000:    0s.  Last read position: 4:78,597,444
INFO	2018-05-28 17:47:45	MergeVcfs	Processed     1,160,000 records.  Elapsed time: 00:00:17s.  Time for last 10,000:    0s.  Last read position: 4:85,015,116
INFO	2018-05-28 17:47:45	MergeVcfs	Processed     1,170,000 records.  Elapsed time: 00:00:17s.  Time for last 10,000:    0s.  Last read position: 4:91,901,488
INFO	2018-05-28 17:47:45	MergeVcfs	Processed     1,180,000 records.  Elapsed time: 00:00:18s.  Time for last 10,000:    0s.  Last read position: 4:98,878,296
INFO	2018-05-28 17:47:45	MergeVcfs	Processed     1,190,000 records.  Elapsed time: 00:00:18s.  Time for last 10,000:    0s.  Last read position: 4:105,239,875
INFO	2018-05-28 17:47:45	MergeVcfs	Processed     1,200,000 records.  Elapsed time: 00:00:18s.  Time for last 10,000:    0s.  Last read position: 4:112,509,204
INFO	2018-05-28 17:47:45	MergeVcfs	Processed     1,210,000 records.  Elapsed time: 00:00:18s.  Time for last 10,000:    0s.  Last read position: 4:118,883,341
INFO	2018-05-28 17:47:45	MergeVcfs	Processed     1,220,000 records.  Elapsed time: 00:00:18s.  Time for last 10,000:    0s.  Last read position: 4:124,894,602
INFO	2018-05-28 17:47:45	MergeVcfs	Processed     1,230,000 records.  Elapsed time: 00:00:18s.  Time for last 10,000:    0s.  Last read position: 4:131,335,159
INFO	2018-05-28 17:47:45	MergeVcfs	Processed     1,240,000 records.  Elapsed time: 00:00:18s.  Time for last 10,000:    0s.  Last read position: 4:137,535,918
INFO	2018-05-28 17:47:46	MergeVcfs	Processed     1,250,000 records.  Elapsed time: 00:00:18s.  Time for last 10,000:    0s.  Last read position: 4:143,867,845
INFO	2018-05-28 17:47:46	MergeVcfs	Processed     1,260,000 records.  Elapsed time: 00:00:18s.  Time for last 10,000:    0s.  Last read position: 4:151,573,303
INFO	2018-05-28 17:47:46	MergeVcfs	Processed     1,270,000 records.  Elapsed time: 00:00:19s.  Time for last 10,000:    0s.  Last read position: 4:157,980,786
INFO	2018-05-28 17:47:46	MergeVcfs	Processed     1,280,000 records.  Elapsed time: 00:00:19s.  Time for last 10,000:    0s.  Last read position: 4:163,308,261
INFO	2018-05-28 17:47:46	MergeVcfs	Processed     1,290,000 records.  Elapsed time: 00:00:19s.  Time for last 10,000:    0s.  Last read position: 4:169,339,439
INFO	2018-05-28 17:47:46	MergeVcfs	Processed     1,300,000 records.  Elapsed time: 00:00:19s.  Time for last 10,000:    0s.  Last read position: 4:174,907,905
INFO	2018-05-28 17:47:46	MergeVcfs	Processed     1,310,000 records.  Elapsed time: 00:00:19s.  Time for last 10,000:    0s.  Last read position: 4:180,316,415
INFO	2018-05-28 17:47:46	MergeVcfs	Processed     1,320,000 records.  Elapsed time: 00:00:19s.  Time for last 10,000:    0s.  Last read position: 4:184,730,303
INFO	2018-05-28 17:47:46	MergeVcfs	Processed     1,330,000 records.  Elapsed time: 00:00:19s.  Time for last 10,000:    0s.  Last read position: 4:189,021,297
INFO	2018-05-28 17:47:46	MergeVcfs	Processed     1,340,000 records.  Elapsed time: 00:00:19s.  Time for last 10,000:    0s.  Last read position: 5:2,034,063
INFO	2018-05-28 17:47:47	MergeVcfs	Processed     1,350,000 records.  Elapsed time: 00:00:19s.  Time for last 10,000:    0s.  Last read position: 5:6,601,055
INFO	2018-05-28 17:47:47	MergeVcfs	Processed     1,360,000 records.  Elapsed time: 00:00:19s.  Time for last 10,000:    0s.  Last read position: 5:11,960,056
INFO	2018-05-28 17:47:47	MergeVcfs	Processed     1,370,000 records.  Elapsed time: 00:00:20s.  Time for last 10,000:    0s.  Last read position: 5:18,439,693
INFO	2018-05-28 17:47:47	MergeVcfs	Processed     1,380,000 records.  Elapsed time: 00:00:20s.  Time for last 10,000:    0s.  Last read position: 5:23,872,721
INFO	2018-05-28 17:47:47	MergeVcfs	Processed     1,390,000 records.  Elapsed time: 00:00:20s.  Time for last 10,000:    0s.  Last read position: 5:29,838,718
INFO	2018-05-28 17:47:47	MergeVcfs	Processed     1,400,000 records.  Elapsed time: 00:00:20s.  Time for last 10,000:    0s.  Last read position: 5:35,797,380
INFO	2018-05-28 17:47:47	MergeVcfs	Processed     1,410,000 records.  Elapsed time: 00:00:20s.  Time for last 10,000:    0s.  Last read position: 5:42,188,880
INFO	2018-05-28 17:47:47	MergeVcfs	Processed     1,420,000 records.  Elapsed time: 00:00:20s.  Time for last 10,000:    0s.  Last read position: 5:53,215,497
INFO	2018-05-28 17:47:47	MergeVcfs	Processed     1,430,000 records.  Elapsed time: 00:00:20s.  Time for last 10,000:    0s.  Last read position: 5:58,920,147
INFO	2018-05-28 17:47:48	MergeVcfs	Processed     1,440,000 records.  Elapsed time: 00:00:20s.  Time for last 10,000:    0s.  Last read position: 5:66,508,891
INFO	2018-05-28 17:47:48	MergeVcfs	Processed     1,450,000 records.  Elapsed time: 00:00:20s.  Time for last 10,000:    0s.  Last read position: 5:74,625,790
INFO	2018-05-28 17:47:48	MergeVcfs	Processed     1,460,000 records.  Elapsed time: 00:00:20s.  Time for last 10,000:    0s.  Last read position: 5:80,381,090
INFO	2018-05-28 17:47:48	MergeVcfs	Processed     1,470,000 records.  Elapsed time: 00:00:21s.  Time for last 10,000:    0s.  Last read position: 5:88,430,633
INFO	2018-05-28 17:47:48	MergeVcfs	Processed     1,480,000 records.  Elapsed time: 00:00:21s.  Time for last 10,000:    0s.  Last read position: 5:97,106,458
INFO	2018-05-28 17:47:48	MergeVcfs	Processed     1,490,000 records.  Elapsed time: 00:00:21s.  Time for last 10,000:    0s.  Last read position: 5:103,867,460
INFO	2018-05-28 17:47:48	MergeVcfs	Processed     1,500,000 records.  Elapsed time: 00:00:21s.  Time for last 10,000:    0s.  Last read position: 5:110,921,349
INFO	2018-05-28 17:47:48	MergeVcfs	Processed     1,510,000 records.  Elapsed time: 00:00:21s.  Time for last 10,000:    0s.  Last read position: 5:116,271,328
INFO	2018-05-28 17:47:48	MergeVcfs	Processed     1,520,000 records.  Elapsed time: 00:00:21s.  Time for last 10,000:    0s.  Last read position: 5:122,646,199
INFO	2018-05-28 17:47:48	MergeVcfs	Processed     1,530,000 records.  Elapsed time: 00:00:21s.  Time for last 10,000:    0s.  Last read position: 5:129,254,741
INFO	2018-05-28 17:47:49	MergeVcfs	Processed     1,540,000 records.  Elapsed time: 00:00:21s.  Time for last 10,000:    0s.  Last read position: 5:138,733,108
INFO	2018-05-28 17:47:49	MergeVcfs	Processed     1,550,000 records.  Elapsed time: 00:00:21s.  Time for last 10,000:    0s.  Last read position: 5:147,721,259
INFO	2018-05-28 17:47:49	MergeVcfs	Processed     1,560,000 records.  Elapsed time: 00:00:22s.  Time for last 10,000:    0s.  Last read position: 5:154,888,706
INFO	2018-05-28 17:47:49	MergeVcfs	Processed     1,570,000 records.  Elapsed time: 00:00:22s.  Time for last 10,000:    0s.  Last read position: 5:162,308,679
INFO	2018-05-28 17:47:49	MergeVcfs	Processed     1,580,000 records.  Elapsed time: 00:00:22s.  Time for last 10,000:    0s.  Last read position: 5:169,608,884
INFO	2018-05-28 17:47:49	MergeVcfs	Processed     1,590,000 records.  Elapsed time: 00:00:22s.  Time for last 10,000:    0s.  Last read position: 5:175,798,239
INFO	2018-05-28 17:47:49	MergeVcfs	Processed     1,600,000 records.  Elapsed time: 00:00:22s.  Time for last 10,000:    0s.  Last read position: 6:736,237
INFO	2018-05-28 17:47:49	MergeVcfs	Processed     1,610,000 records.  Elapsed time: 00:00:22s.  Time for last 10,000:    0s.  Last read position: 6:6,313,497
INFO	2018-05-28 17:47:49	MergeVcfs	Processed     1,620,000 records.  Elapsed time: 00:00:22s.  Time for last 10,000:    0s.  Last read position: 6:11,356,245
INFO	2018-05-28 17:47:50	MergeVcfs	Processed     1,630,000 records.  Elapsed time: 00:00:22s.  Time for last 10,000:    0s.  Last read position: 6:17,829,042
INFO	2018-05-28 17:47:50	MergeVcfs	Processed     1,640,000 records.  Elapsed time: 00:00:22s.  Time for last 10,000:    0s.  Last read position: 6:23,764,943
INFO	2018-05-28 17:47:50	MergeVcfs	Processed     1,650,000 records.  Elapsed time: 00:00:23s.  Time for last 10,000:    0s.  Last read position: 6:29,817,896
INFO	2018-05-28 17:47:50	MergeVcfs	Processed     1,660,000 records.  Elapsed time: 00:00:23s.  Time for last 10,000:    0s.  Last read position: 6:31,532,292
INFO	2018-05-28 17:47:50	MergeVcfs	Processed     1,670,000 records.  Elapsed time: 00:00:23s.  Time for last 10,000:    0s.  Last read position: 6:32,646,763
INFO	2018-05-28 17:47:50	MergeVcfs	Processed     1,680,000 records.  Elapsed time: 00:00:23s.  Time for last 10,000:    0s.  Last read position: 6:36,644,958
INFO	2018-05-28 17:47:50	MergeVcfs	Processed     1,690,000 records.  Elapsed time: 00:00:23s.  Time for last 10,000:    0s.  Last read position: 6:43,386,090
INFO	2018-05-28 17:47:50	MergeVcfs	Processed     1,700,000 records.  Elapsed time: 00:00:23s.  Time for last 10,000:    0s.  Last read position: 6:50,349,550
INFO	2018-05-28 17:47:50	MergeVcfs	Processed     1,710,000 records.  Elapsed time: 00:00:23s.  Time for last 10,000:    0s.  Last read position: 6:56,263,214
INFO	2018-05-28 17:47:50	MergeVcfs	Processed     1,720,000 records.  Elapsed time: 00:00:23s.  Time for last 10,000:    0s.  Last read position: 6:65,802,631
INFO	2018-05-28 17:47:51	MergeVcfs	Processed     1,730,000 records.  Elapsed time: 00:00:23s.  Time for last 10,000:    0s.  Last read position: 6:70,346,602
INFO	2018-05-28 17:47:51	MergeVcfs	Processed     1,740,000 records.  Elapsed time: 00:00:23s.  Time for last 10,000:    0s.  Last read position: 6:77,001,766
INFO	2018-05-28 17:47:51	MergeVcfs	Processed     1,750,000 records.  Elapsed time: 00:00:24s.  Time for last 10,000:    0s.  Last read position: 6:83,141,143
INFO	2018-05-28 17:47:51	MergeVcfs	Processed     1,760,000 records.  Elapsed time: 00:00:24s.  Time for last 10,000:    0s.  Last read position: 6:90,967,197
INFO	2018-05-28 17:47:51	MergeVcfs	Processed     1,770,000 records.  Elapsed time: 00:00:24s.  Time for last 10,000:    0s.  Last read position: 6:98,130,580
INFO	2018-05-28 17:47:51	MergeVcfs	Processed     1,780,000 records.  Elapsed time: 00:00:24s.  Time for last 10,000:    0s.  Last read position: 6:105,272,951
INFO	2018-05-28 17:47:51	MergeVcfs	Processed     1,790,000 records.  Elapsed time: 00:00:24s.  Time for last 10,000:    0s.  Last read position: 6:113,036,012
INFO	2018-05-28 17:47:51	MergeVcfs	Processed     1,800,000 records.  Elapsed time: 00:00:24s.  Time for last 10,000:    0s.  Last read position: 6:119,758,065
INFO	2018-05-28 17:47:51	MergeVcfs	Processed     1,810,000 records.  Elapsed time: 00:00:24s.  Time for last 10,000:    0s.  Last read position: 6:125,877,617
INFO	2018-05-28 17:47:51	MergeVcfs	Processed     1,820,000 records.  Elapsed time: 00:00:24s.  Time for last 10,000:    0s.  Last read position: 6:134,165,726
INFO	2018-05-28 17:47:52	MergeVcfs	Processed     1,830,000 records.  Elapsed time: 00:00:24s.  Time for last 10,000:    0s.  Last read position: 6:140,895,423
INFO	2018-05-28 17:47:52	MergeVcfs	Processed     1,840,000 records.  Elapsed time: 00:00:24s.  Time for last 10,000:    0s.  Last read position: 6:149,184,617
INFO	2018-05-28 17:47:52	MergeVcfs	Processed     1,850,000 records.  Elapsed time: 00:00:25s.  Time for last 10,000:    0s.  Last read position: 6:155,074,112
INFO	2018-05-28 17:47:52	MergeVcfs	Processed     1,860,000 records.  Elapsed time: 00:00:25s.  Time for last 10,000:    0s.  Last read position: 6:162,170,141
INFO	2018-05-28 17:47:52	MergeVcfs	Processed     1,870,000 records.  Elapsed time: 00:00:25s.  Time for last 10,000:    0s.  Last read position: 6:167,600,593
INFO	2018-05-28 17:47:52	MergeVcfs	Processed     1,880,000 records.  Elapsed time: 00:00:25s.  Time for last 10,000:    0s.  Last read position: 7:1,622,951
INFO	2018-05-28 17:47:52	MergeVcfs	Processed     1,890,000 records.  Elapsed time: 00:00:25s.  Time for last 10,000:    0s.  Last read position: 7:6,599,592
INFO	2018-05-28 17:47:52	MergeVcfs	Processed     1,900,000 records.  Elapsed time: 00:00:25s.  Time for last 10,000:    0s.  Last read position: 7:10,596,910
INFO	2018-05-28 17:47:52	MergeVcfs	Processed     1,910,000 records.  Elapsed time: 00:00:25s.  Time for last 10,000:    0s.  Last read position: 7:15,656,187
INFO	2018-05-28 17:47:53	MergeVcfs	Processed     1,920,000 records.  Elapsed time: 00:00:25s.  Time for last 10,000:    0s.  Last read position: 7:20,844,736
INFO	2018-05-28 17:47:53	MergeVcfs	Processed     1,930,000 records.  Elapsed time: 00:00:25s.  Time for last 10,000:    0s.  Last read position: 7:26,648,786
INFO	2018-05-28 17:47:53	MergeVcfs	Processed     1,940,000 records.  Elapsed time: 00:00:26s.  Time for last 10,000:    0s.  Last read position: 7:32,383,151
INFO	2018-05-28 17:47:53	MergeVcfs	Processed     1,950,000 records.  Elapsed time: 00:00:26s.  Time for last 10,000:    0s.  Last read position: 7:37,877,630
INFO	2018-05-28 17:47:53	MergeVcfs	Processed     1,960,000 records.  Elapsed time: 00:00:26s.  Time for last 10,000:    0s.  Last read position: 7:44,065,256
INFO	2018-05-28 17:47:53	MergeVcfs	Processed     1,970,000 records.  Elapsed time: 00:00:26s.  Time for last 10,000:    0s.  Last read position: 7:50,152,675
INFO	2018-05-28 17:47:53	MergeVcfs	Processed     1,980,000 records.  Elapsed time: 00:00:26s.  Time for last 10,000:    0s.  Last read position: 7:54,438,181
INFO	2018-05-28 17:47:53	MergeVcfs	Processed     1,990,000 records.  Elapsed time: 00:00:26s.  Time for last 10,000:    0s.  Last read position: 7:64,461,496
INFO	2018-05-28 17:47:53	MergeVcfs	Processed     2,000,000 records.  Elapsed time: 00:00:26s.  Time for last 10,000:    0s.  Last read position: 7:70,882,163
INFO	2018-05-28 17:47:54	MergeVcfs	Processed     2,010,000 records.  Elapsed time: 00:00:26s.  Time for last 10,000:    0s.  Last read position: 7:79,263,408
INFO	2018-05-28 17:47:54	MergeVcfs	Processed     2,020,000 records.  Elapsed time: 00:00:26s.  Time for last 10,000:    0s.  Last read position: 7:86,616,977
INFO	2018-05-28 17:47:54	MergeVcfs	Processed     2,030,000 records.  Elapsed time: 00:00:26s.  Time for last 10,000:    0s.  Last read position: 7:94,120,764
INFO	2018-05-28 17:47:54	MergeVcfs	Processed     2,040,000 records.  Elapsed time: 00:00:27s.  Time for last 10,000:    0s.  Last read position: 7:100,634,476
INFO	2018-05-28 17:47:54	MergeVcfs	Processed     2,050,000 records.  Elapsed time: 00:00:27s.  Time for last 10,000:    0s.  Last read position: 7:106,672,961
INFO	2018-05-28 17:47:54	MergeVcfs	Processed     2,060,000 records.  Elapsed time: 00:00:27s.  Time for last 10,000:    0s.  Last read position: 7:113,637,550
INFO	2018-05-28 17:47:54	MergeVcfs	Processed     2,070,000 records.  Elapsed time: 00:00:27s.  Time for last 10,000:    0s.  Last read position: 7:123,376,352
INFO	2018-05-28 17:47:54	MergeVcfs	Processed     2,080,000 records.  Elapsed time: 00:00:27s.  Time for last 10,000:    0s.  Last read position: 7:129,419,362
INFO	2018-05-28 17:47:54	MergeVcfs	Processed     2,090,000 records.  Elapsed time: 00:00:27s.  Time for last 10,000:    0s.  Last read position: 7:136,276,186
INFO	2018-05-28 17:47:54	MergeVcfs	Processed     2,100,000 records.  Elapsed time: 00:00:27s.  Time for last 10,000:    0s.  Last read position: 7:142,452,265
INFO	2018-05-28 17:47:55	MergeVcfs	Processed     2,110,000 records.  Elapsed time: 00:00:27s.  Time for last 10,000:    0s.  Last read position: 7:148,625,416
INFO	2018-05-28 17:47:55	MergeVcfs	Processed     2,120,000 records.  Elapsed time: 00:00:27s.  Time for last 10,000:    0s.  Last read position: 7:154,107,165
INFO	2018-05-28 17:47:55	MergeVcfs	Processed     2,130,000 records.  Elapsed time: 00:00:28s.  Time for last 10,000:    0s.  Last read position: 7:158,409,271
INFO	2018-05-28 17:47:55	MergeVcfs	Processed     2,140,000 records.  Elapsed time: 00:00:28s.  Time for last 10,000:    0s.  Last read position: 8:3,245,595
INFO	2018-05-28 17:47:55	MergeVcfs	Processed     2,150,000 records.  Elapsed time: 00:00:28s.  Time for last 10,000:    0s.  Last read position: 8:5,651,001
INFO	2018-05-28 17:47:55	MergeVcfs	Processed     2,160,000 records.  Elapsed time: 00:00:28s.  Time for last 10,000:    0s.  Last read position: 8:9,929,586
INFO	2018-05-28 17:47:55	MergeVcfs	Processed     2,170,000 records.  Elapsed time: 00:00:28s.  Time for last 10,000:    0s.  Last read position: 8:13,822,440
INFO	2018-05-28 17:47:55	MergeVcfs	Processed     2,180,000 records.  Elapsed time: 00:00:28s.  Time for last 10,000:    0s.  Last read position: 8:17,649,299
INFO	2018-05-28 17:47:55	MergeVcfs	Processed     2,190,000 records.  Elapsed time: 00:00:28s.  Time for last 10,000:    0s.  Last read position: 8:22,652,045
INFO	2018-05-28 17:47:56	MergeVcfs	Processed     2,200,000 records.  Elapsed time: 00:00:28s.  Time for last 10,000:    0s.  Last read position: 8:28,189,349
INFO	2018-05-28 17:47:56	MergeVcfs	Processed     2,210,000 records.  Elapsed time: 00:00:28s.  Time for last 10,000:    0s.  Last read position: 8:34,513,665
INFO	2018-05-28 17:47:56	MergeVcfs	Processed     2,220,000 records.  Elapsed time: 00:00:28s.  Time for last 10,000:    0s.  Last read position: 8:42,511,174
INFO	2018-05-28 17:47:56	MergeVcfs	Processed     2,230,000 records.  Elapsed time: 00:00:29s.  Time for last 10,000:    0s.  Last read position: 8:53,638,240
INFO	2018-05-28 17:47:56	MergeVcfs	Processed     2,240,000 records.  Elapsed time: 00:00:29s.  Time for last 10,000:    0s.  Last read position: 8:60,699,779
INFO	2018-05-28 17:47:56	MergeVcfs	Processed     2,250,000 records.  Elapsed time: 00:00:29s.  Time for last 10,000:    0s.  Last read position: 8:68,106,296
INFO	2018-05-28 17:47:56	MergeVcfs	Processed     2,260,000 records.  Elapsed time: 00:00:29s.  Time for last 10,000:    0s.  Last read position: 8:75,252,630
INFO	2018-05-28 17:47:56	MergeVcfs	Processed     2,270,000 records.  Elapsed time: 00:00:29s.  Time for last 10,000:    0s.  Last read position: 8:81,976,972
INFO	2018-05-28 17:47:56	MergeVcfs	Processed     2,280,000 records.  Elapsed time: 00:00:29s.  Time for last 10,000:    0s.  Last read position: 8:88,531,906
INFO	2018-05-28 17:47:56	MergeVcfs	Processed     2,290,000 records.  Elapsed time: 00:00:29s.  Time for last 10,000:    0s.  Last read position: 8:95,666,634
INFO	2018-05-28 17:47:57	MergeVcfs	Processed     2,300,000 records.  Elapsed time: 00:00:29s.  Time for last 10,000:    0s.  Last read position: 8:104,140,334
INFO	2018-05-28 17:47:57	MergeVcfs	Processed     2,310,000 records.  Elapsed time: 00:00:29s.  Time for last 10,000:    0s.  Last read position: 8:112,152,232
INFO	2018-05-28 17:47:57	MergeVcfs	Processed     2,320,000 records.  Elapsed time: 00:00:30s.  Time for last 10,000:    0s.  Last read position: 8:119,669,034
INFO	2018-05-28 17:47:57	MergeVcfs	Processed     2,330,000 records.  Elapsed time: 00:00:30s.  Time for last 10,000:    0s.  Last read position: 8:126,843,883
INFO	2018-05-28 17:47:57	MergeVcfs	Processed     2,340,000 records.  Elapsed time: 00:00:30s.  Time for last 10,000:    0s.  Last read position: 8:133,115,986
INFO	2018-05-28 17:47:57	MergeVcfs	Processed     2,350,000 records.  Elapsed time: 00:00:30s.  Time for last 10,000:    0s.  Last read position: 8:138,800,650
INFO	2018-05-28 17:47:57	MergeVcfs	Processed     2,360,000 records.  Elapsed time: 00:00:30s.  Time for last 10,000:    0s.  Last read position: 8:143,695,681
INFO	2018-05-28 17:47:57	MergeVcfs	Processed     2,370,000 records.  Elapsed time: 00:00:30s.  Time for last 10,000:    0s.  Last read position: 9:1,749,963
INFO	2018-05-28 17:47:57	MergeVcfs	Processed     2,380,000 records.  Elapsed time: 00:00:30s.  Time for last 10,000:    0s.  Last read position: 9:7,074,821
INFO	2018-05-28 17:47:57	MergeVcfs	Processed     2,390,000 records.  Elapsed time: 00:00:30s.  Time for last 10,000:    0s.  Last read position: 9:11,552,989
INFO	2018-05-28 17:47:58	MergeVcfs	Processed     2,400,000 records.  Elapsed time: 00:00:30s.  Time for last 10,000:    0s.  Last read position: 9:16,726,226
INFO	2018-05-28 17:47:58	MergeVcfs	Processed     2,410,000 records.  Elapsed time: 00:00:30s.  Time for last 10,000:    0s.  Last read position: 9:22,298,571
INFO	2018-05-28 17:47:58	MergeVcfs	Processed     2,420,000 records.  Elapsed time: 00:00:31s.  Time for last 10,000:    0s.  Last read position: 9:29,453,863
INFO	2018-05-28 17:47:58	MergeVcfs	Processed     2,430,000 records.  Elapsed time: 00:00:31s.  Time for last 10,000:    0s.  Last read position: 9:35,176,022
INFO	2018-05-28 17:47:58	MergeVcfs	Processed     2,440,000 records.  Elapsed time: 00:00:31s.  Time for last 10,000:    0s.  Last read position: 9:71,502,895
INFO	2018-05-28 17:47:58	MergeVcfs	Processed     2,450,000 records.  Elapsed time: 00:00:31s.  Time for last 10,000:    0s.  Last read position: 9:78,001,817
INFO	2018-05-28 17:47:58	MergeVcfs	Processed     2,460,000 records.  Elapsed time: 00:00:31s.  Time for last 10,000:    0s.  Last read position: 9:83,826,355
INFO	2018-05-28 17:47:58	MergeVcfs	Processed     2,470,000 records.  Elapsed time: 00:00:31s.  Time for last 10,000:    0s.  Last read position: 9:91,981,958
INFO	2018-05-28 17:47:58	MergeVcfs	Processed     2,480,000 records.  Elapsed time: 00:00:31s.  Time for last 10,000:    0s.  Last read position: 9:99,646,408
INFO	2018-05-28 17:47:59	MergeVcfs	Processed     2,490,000 records.  Elapsed time: 00:00:31s.  Time for last 10,000:    0s.  Last read position: 9:106,374,646
INFO	2018-05-28 17:47:59	MergeVcfs	Processed     2,500,000 records.  Elapsed time: 00:00:31s.  Time for last 10,000:    0s.  Last read position: 9:113,060,439
INFO	2018-05-28 17:47:59	MergeVcfs	Processed     2,510,000 records.  Elapsed time: 00:00:32s.  Time for last 10,000:    0s.  Last read position: 9:118,979,103
INFO	2018-05-28 17:47:59	MergeVcfs	Processed     2,520,000 records.  Elapsed time: 00:00:32s.  Time for last 10,000:    0s.  Last read position: 9:125,372,101
INFO	2018-05-28 17:47:59	MergeVcfs	Processed     2,530,000 records.  Elapsed time: 00:00:32s.  Time for last 10,000:    0s.  Last read position: 9:133,580,610
INFO	2018-05-28 17:47:59	MergeVcfs	Processed     2,540,000 records.  Elapsed time: 00:00:32s.  Time for last 10,000:    0s.  Last read position: 9:139,450,932
INFO	2018-05-28 17:47:59	MergeVcfs	Processed     2,550,000 records.  Elapsed time: 00:00:32s.  Time for last 10,000:    0s.  Last read position: 10:3,303,777
INFO	2018-05-28 17:47:59	MergeVcfs	Processed     2,560,000 records.  Elapsed time: 00:00:32s.  Time for last 10,000:    0s.  Last read position: 10:7,717,557
INFO	2018-05-28 17:47:59	MergeVcfs	Processed     2,570,000 records.  Elapsed time: 00:00:32s.  Time for last 10,000:    0s.  Last read position: 10:13,120,858
INFO	2018-05-28 17:47:59	MergeVcfs	Processed     2,580,000 records.  Elapsed time: 00:00:32s.  Time for last 10,000:    0s.  Last read position: 10:18,862,431
INFO	2018-05-28 17:48:00	MergeVcfs	Processed     2,590,000 records.  Elapsed time: 00:00:32s.  Time for last 10,000:    0s.  Last read position: 10:25,835,725
INFO	2018-05-28 17:48:00	MergeVcfs	Processed     2,600,000 records.  Elapsed time: 00:00:32s.  Time for last 10,000:    0s.  Last read position: 10:30,195,630
INFO	2018-05-28 17:48:00	MergeVcfs	Processed     2,610,000 records.  Elapsed time: 00:00:33s.  Time for last 10,000:    0s.  Last read position: 10:35,881,963
INFO	2018-05-28 17:48:00	MergeVcfs	Processed     2,620,000 records.  Elapsed time: 00:00:33s.  Time for last 10,000:    0s.  Last read position: 10:46,902,513
INFO	2018-05-28 17:48:00	MergeVcfs	Processed     2,630,000 records.  Elapsed time: 00:00:33s.  Time for last 10,000:    0s.  Last read position: 10:54,454,560
INFO	2018-05-28 17:48:00	MergeVcfs	Processed     2,640,000 records.  Elapsed time: 00:00:33s.  Time for last 10,000:    0s.  Last read position: 10:58,654,880
INFO	2018-05-28 17:48:00	MergeVcfs	Processed     2,650,000 records.  Elapsed time: 00:00:33s.  Time for last 10,000:    0s.  Last read position: 10:64,318,586
INFO	2018-05-28 17:48:00	MergeVcfs	Processed     2,660,000 records.  Elapsed time: 00:00:33s.  Time for last 10,000:    0s.  Last read position: 10:69,073,232
INFO	2018-05-28 17:48:00	MergeVcfs	Processed     2,670,000 records.  Elapsed time: 00:00:33s.  Time for last 10,000:    0s.  Last read position: 10:75,115,725
INFO	2018-05-28 17:48:01	MergeVcfs	Processed     2,680,000 records.  Elapsed time: 00:00:33s.  Time for last 10,000:    0s.  Last read position: 10:83,068,870
INFO	2018-05-28 17:48:01	MergeVcfs	Processed     2,690,000 records.  Elapsed time: 00:00:33s.  Time for last 10,000:    0s.  Last read position: 10:90,499,387
INFO	2018-05-28 17:48:01	MergeVcfs	Processed     2,700,000 records.  Elapsed time: 00:00:34s.  Time for last 10,000:    0s.  Last read position: 10:96,985,701
INFO	2018-05-28 17:48:01	MergeVcfs	Processed     2,710,000 records.  Elapsed time: 00:00:34s.  Time for last 10,000:    0s.  Last read position: 10:103,401,884
INFO	2018-05-28 17:48:01	MergeVcfs	Processed     2,720,000 records.  Elapsed time: 00:00:34s.  Time for last 10,000:    0s.  Last read position: 10:111,000,791
INFO	2018-05-28 17:48:01	MergeVcfs	Processed     2,730,000 records.  Elapsed time: 00:00:34s.  Time for last 10,000:    0s.  Last read position: 10:117,677,721
INFO	2018-05-28 17:48:01	MergeVcfs	Processed     2,740,000 records.  Elapsed time: 00:00:34s.  Time for last 10,000:    0s.  Last read position: 10:123,020,251
INFO	2018-05-28 17:48:01	MergeVcfs	Processed     2,750,000 records.  Elapsed time: 00:00:34s.  Time for last 10,000:    0s.  Last read position: 10:128,864,482
INFO	2018-05-28 17:48:02	MergeVcfs	Processed     2,760,000 records.  Elapsed time: 00:00:34s.  Time for last 10,000:    0s.  Last read position: 10:133,766,887
INFO	2018-05-28 17:48:02	MergeVcfs	Processed     2,770,000 records.  Elapsed time: 00:00:35s.  Time for last 10,000:    0s.  Last read position: 11:2,458,393
INFO	2018-05-28 17:48:02	MergeVcfs	Processed     2,780,000 records.  Elapsed time: 00:00:35s.  Time for last 10,000:    0s.  Last read position: 11:6,374,273
INFO	2018-05-28 17:48:02	MergeVcfs	Processed     2,790,000 records.  Elapsed time: 00:00:35s.  Time for last 10,000:    0s.  Last read position: 11:11,696,838
INFO	2018-05-28 17:48:02	MergeVcfs	Processed     2,800,000 records.  Elapsed time: 00:00:35s.  Time for last 10,000:    0s.  Last read position: 11:18,144,490
INFO	2018-05-28 17:48:02	MergeVcfs	Processed     2,810,000 records.  Elapsed time: 00:00:35s.  Time for last 10,000:    0s.  Last read position: 11:23,333,456
INFO	2018-05-28 17:48:02	MergeVcfs	Processed     2,820,000 records.  Elapsed time: 00:00:35s.  Time for last 10,000:    0s.  Last read position: 11:27,986,676
INFO	2018-05-28 17:48:02	MergeVcfs	Processed     2,830,000 records.  Elapsed time: 00:00:35s.  Time for last 10,000:    0s.  Last read position: 11:34,908,748
INFO	2018-05-28 17:48:03	MergeVcfs	Processed     2,840,000 records.  Elapsed time: 00:00:35s.  Time for last 10,000:    0s.  Last read position: 11:41,025,766
INFO	2018-05-28 17:48:03	MergeVcfs	Processed     2,850,000 records.  Elapsed time: 00:00:35s.  Time for last 10,000:    0s.  Last read position: 11:48,170,581
INFO	2018-05-28 17:48:03	MergeVcfs	Processed     2,860,000 records.  Elapsed time: 00:00:36s.  Time for last 10,000:    0s.  Last read position: 11:57,144,828
INFO	2018-05-28 17:48:03	MergeVcfs	Processed     2,870,000 records.  Elapsed time: 00:00:36s.  Time for last 10,000:    0s.  Last read position: 11:64,821,143
INFO	2018-05-28 17:48:03	MergeVcfs	Processed     2,880,000 records.  Elapsed time: 00:00:36s.  Time for last 10,000:    0s.  Last read position: 11:71,498,500
INFO	2018-05-28 17:48:03	MergeVcfs	Processed     2,890,000 records.  Elapsed time: 00:00:36s.  Time for last 10,000:    0s.  Last read position: 11:79,526,663
INFO	2018-05-28 17:48:03	MergeVcfs	Processed     2,900,000 records.  Elapsed time: 00:00:36s.  Time for last 10,000:    0s.  Last read position: 11:85,915,028
INFO	2018-05-28 17:48:03	MergeVcfs	Processed     2,910,000 records.  Elapsed time: 00:00:36s.  Time for last 10,000:    0s.  Last read position: 11:90,509,708
INFO	2018-05-28 17:48:03	MergeVcfs	Processed     2,920,000 records.  Elapsed time: 00:00:36s.  Time for last 10,000:    0s.  Last read position: 11:96,749,101
INFO	2018-05-28 17:48:04	MergeVcfs	Processed     2,930,000 records.  Elapsed time: 00:00:36s.  Time for last 10,000:    0s.  Last read position: 11:101,947,767
INFO	2018-05-28 17:48:04	MergeVcfs	Processed     2,940,000 records.  Elapsed time: 00:00:36s.  Time for last 10,000:    0s.  Last read position: 11:107,557,802
INFO	2018-05-28 17:48:04	MergeVcfs	Processed     2,950,000 records.  Elapsed time: 00:00:37s.  Time for last 10,000:    0s.  Last read position: 11:114,767,237
INFO	2018-05-28 17:48:04	MergeVcfs	Processed     2,960,000 records.  Elapsed time: 00:00:37s.  Time for last 10,000:    0s.  Last read position: 11:121,101,075
INFO	2018-05-28 17:48:04	MergeVcfs	Processed     2,970,000 records.  Elapsed time: 00:00:37s.  Time for last 10,000:    0s.  Last read position: 11:127,330,733
INFO	2018-05-28 17:48:04	MergeVcfs	Processed     2,980,000 records.  Elapsed time: 00:00:37s.  Time for last 10,000:    0s.  Last read position: 11:134,472,661
INFO	2018-05-28 17:48:04	MergeVcfs	Processed     2,990,000 records.  Elapsed time: 00:00:37s.  Time for last 10,000:    0s.  Last read position: 12:5,638,188
INFO	2018-05-28 17:48:04	MergeVcfs	Processed     3,000,000 records.  Elapsed time: 00:00:37s.  Time for last 10,000:    0s.  Last read position: 12:10,581,446
INFO	2018-05-28 17:48:04	MergeVcfs	Processed     3,010,000 records.  Elapsed time: 00:00:37s.  Time for last 10,000:    0s.  Last read position: 12:15,899,535
INFO	2018-05-28 17:48:05	MergeVcfs	Processed     3,020,000 records.  Elapsed time: 00:00:37s.  Time for last 10,000:    0s.  Last read position: 12:21,587,841
INFO	2018-05-28 17:48:05	MergeVcfs	Processed     3,030,000 records.  Elapsed time: 00:00:37s.  Time for last 10,000:    0s.  Last read position: 12:26,975,759
INFO	2018-05-28 17:48:05	MergeVcfs	Processed     3,040,000 records.  Elapsed time: 00:00:37s.  Time for last 10,000:    0s.  Last read position: 12:32,076,454
INFO	2018-05-28 17:48:05	MergeVcfs	Processed     3,050,000 records.  Elapsed time: 00:00:38s.  Time for last 10,000:    0s.  Last read position: 12:40,606,007
INFO	2018-05-28 17:48:05	MergeVcfs	Processed     3,060,000 records.  Elapsed time: 00:00:38s.  Time for last 10,000:    0s.  Last read position: 12:47,982,011
INFO	2018-05-28 17:48:05	MergeVcfs	Processed     3,070,000 records.  Elapsed time: 00:00:38s.  Time for last 10,000:    0s.  Last read position: 12:55,498,108
INFO	2018-05-28 17:48:05	MergeVcfs	Processed     3,080,000 records.  Elapsed time: 00:00:38s.  Time for last 10,000:    0s.  Last read position: 12:62,271,703
INFO	2018-05-28 17:48:05	MergeVcfs	Processed     3,090,000 records.  Elapsed time: 00:00:38s.  Time for last 10,000:    0s.  Last read position: 12:69,180,843
INFO	2018-05-28 17:48:05	MergeVcfs	Processed     3,100,000 records.  Elapsed time: 00:00:38s.  Time for last 10,000:    0s.  Last read position: 12:75,534,085
INFO	2018-05-28 17:48:05	MergeVcfs	Processed     3,110,000 records.  Elapsed time: 00:00:38s.  Time for last 10,000:    0s.  Last read position: 12:83,449,484
INFO	2018-05-28 17:48:06	MergeVcfs	Processed     3,120,000 records.  Elapsed time: 00:00:38s.  Time for last 10,000:    0s.  Last read position: 12:91,562,799
INFO	2018-05-28 17:48:06	MergeVcfs	Processed     3,130,000 records.  Elapsed time: 00:00:38s.  Time for last 10,000:    0s.  Last read position: 12:98,127,660
INFO	2018-05-28 17:48:06	MergeVcfs	Processed     3,140,000 records.  Elapsed time: 00:00:39s.  Time for last 10,000:    0s.  Last read position: 12:106,020,294
INFO	2018-05-28 17:48:06	MergeVcfs	Processed     3,150,000 records.  Elapsed time: 00:00:39s.  Time for last 10,000:    0s.  Last read position: 12:115,863,917
INFO	2018-05-28 17:48:06	MergeVcfs	Processed     3,160,000 records.  Elapsed time: 00:00:39s.  Time for last 10,000:    0s.  Last read position: 12:123,275,030
INFO	2018-05-28 17:48:06	MergeVcfs	Processed     3,170,000 records.  Elapsed time: 00:00:39s.  Time for last 10,000:    0s.  Last read position: 12:128,826,190
INFO	2018-05-28 17:48:06	MergeVcfs	Processed     3,180,000 records.  Elapsed time: 00:00:39s.  Time for last 10,000:    0s.  Last read position: 12:133,172,582
INFO	2018-05-28 17:48:06	MergeVcfs	Processed     3,190,000 records.  Elapsed time: 00:00:39s.  Time for last 10,000:    0s.  Last read position: 13:23,428,761
INFO	2018-05-28 17:48:06	MergeVcfs	Processed     3,200,000 records.  Elapsed time: 00:00:39s.  Time for last 10,000:    0s.  Last read position: 13:27,751,863
INFO	2018-05-28 17:48:06	MergeVcfs	Processed     3,210,000 records.  Elapsed time: 00:00:39s.  Time for last 10,000:    0s.  Last read position: 13:32,938,881
INFO	2018-05-28 17:48:07	MergeVcfs	Processed     3,220,000 records.  Elapsed time: 00:00:39s.  Time for last 10,000:    0s.  Last read position: 13:39,350,977
INFO	2018-05-28 17:48:07	MergeVcfs	Processed     3,230,000 records.  Elapsed time: 00:00:39s.  Time for last 10,000:    0s.  Last read position: 13:45,366,954
INFO	2018-05-28 17:48:07	MergeVcfs	Processed     3,240,000 records.  Elapsed time: 00:00:40s.  Time for last 10,000:    0s.  Last read position: 13:53,266,285
INFO	2018-05-28 17:48:07	MergeVcfs	Processed     3,250,000 records.  Elapsed time: 00:00:40s.  Time for last 10,000:    0s.  Last read position: 13:59,695,977
INFO	2018-05-28 17:48:07	MergeVcfs	Processed     3,260,000 records.  Elapsed time: 00:00:40s.  Time for last 10,000:    0s.  Last read position: 13:65,277,553
INFO	2018-05-28 17:48:07	MergeVcfs	Processed     3,270,000 records.  Elapsed time: 00:00:40s.  Time for last 10,000:    0s.  Last read position: 13:71,327,563
INFO	2018-05-28 17:48:07	MergeVcfs	Processed     3,280,000 records.  Elapsed time: 00:00:40s.  Time for last 10,000:    0s.  Last read position: 13:76,809,018
INFO	2018-05-28 17:48:07	MergeVcfs	Processed     3,290,000 records.  Elapsed time: 00:00:40s.  Time for last 10,000:    0s.  Last read position: 13:83,111,212
INFO	2018-05-28 17:48:07	MergeVcfs	Processed     3,300,000 records.  Elapsed time: 00:00:40s.  Time for last 10,000:    0s.  Last read position: 13:88,942,561
INFO	2018-05-28 17:48:07	MergeVcfs	Processed     3,310,000 records.  Elapsed time: 00:00:40s.  Time for last 10,000:    0s.  Last read position: 13:95,339,305
INFO	2018-05-28 17:48:08	MergeVcfs	Processed     3,320,000 records.  Elapsed time: 00:00:40s.  Time for last 10,000:    0s.  Last read position: 13:101,453,117
INFO	2018-05-28 17:48:08	MergeVcfs	Processed     3,330,000 records.  Elapsed time: 00:00:40s.  Time for last 10,000:    0s.  Last read position: 13:106,842,436
INFO	2018-05-28 17:48:08	MergeVcfs	Processed     3,340,000 records.  Elapsed time: 00:00:41s.  Time for last 10,000:    0s.  Last read position: 13:111,522,420
INFO	2018-05-28 17:48:08	MergeVcfs	Processed     3,350,000 records.  Elapsed time: 00:00:41s.  Time for last 10,000:    0s.  Last read position: 14:20,913,996
INFO	2018-05-28 17:48:08	MergeVcfs	Processed     3,360,000 records.  Elapsed time: 00:00:41s.  Time for last 10,000:    0s.  Last read position: 14:26,449,419
INFO	2018-05-28 17:48:08	MergeVcfs	Processed     3,370,000 records.  Elapsed time: 00:00:41s.  Time for last 10,000:    0s.  Last read position: 14:33,313,300
INFO	2018-05-28 17:48:08	MergeVcfs	Processed     3,380,000 records.  Elapsed time: 00:00:41s.  Time for last 10,000:    0s.  Last read position: 14:38,912,485
INFO	2018-05-28 17:48:08	MergeVcfs	Processed     3,390,000 records.  Elapsed time: 00:00:41s.  Time for last 10,000:    0s.  Last read position: 14:44,065,224
INFO	2018-05-28 17:48:08	MergeVcfs	Processed     3,400,000 records.  Elapsed time: 00:00:41s.  Time for last 10,000:    0s.  Last read position: 14:50,372,642
INFO	2018-05-28 17:48:08	MergeVcfs	Processed     3,410,000 records.  Elapsed time: 00:00:41s.  Time for last 10,000:    0s.  Last read position: 14:56,359,698
INFO	2018-05-28 17:48:09	MergeVcfs	Processed     3,420,000 records.  Elapsed time: 00:00:41s.  Time for last 10,000:    0s.  Last read position: 14:62,930,928
INFO	2018-05-28 17:48:09	MergeVcfs	Processed     3,430,000 records.  Elapsed time: 00:00:41s.  Time for last 10,000:    0s.  Last read position: 14:69,597,769
INFO	2018-05-28 17:48:09	MergeVcfs	Processed     3,440,000 records.  Elapsed time: 00:00:41s.  Time for last 10,000:    0s.  Last read position: 14:76,405,298
INFO	2018-05-28 17:48:09	MergeVcfs	Processed     3,450,000 records.  Elapsed time: 00:00:42s.  Time for last 10,000:    0s.  Last read position: 14:83,770,967
INFO	2018-05-28 17:48:09	MergeVcfs	Processed     3,460,000 records.  Elapsed time: 00:00:42s.  Time for last 10,000:    0s.  Last read position: 14:90,325,000
INFO	2018-05-28 17:48:09	MergeVcfs	Processed     3,470,000 records.  Elapsed time: 00:00:42s.  Time for last 10,000:    0s.  Last read position: 14:96,603,798
INFO	2018-05-28 17:48:09	MergeVcfs	Processed     3,480,000 records.  Elapsed time: 00:00:42s.  Time for last 10,000:    0s.  Last read position: 14:103,329,430
INFO	2018-05-28 17:48:09	MergeVcfs	Processed     3,490,000 records.  Elapsed time: 00:00:42s.  Time for last 10,000:    0s.  Last read position: 14:107,172,874
INFO	2018-05-28 17:48:09	MergeVcfs	Processed     3,500,000 records.  Elapsed time: 00:00:42s.  Time for last 10,000:    0s.  Last read position: 15:26,955,664
INFO	2018-05-28 17:48:09	MergeVcfs	Processed     3,510,000 records.  Elapsed time: 00:00:42s.  Time for last 10,000:    0s.  Last read position: 15:34,273,346
INFO	2018-05-28 17:48:10	MergeVcfs	Processed     3,520,000 records.  Elapsed time: 00:00:42s.  Time for last 10,000:    0s.  Last read position: 15:40,721,067
INFO	2018-05-28 17:48:10	MergeVcfs	Processed     3,530,000 records.  Elapsed time: 00:00:42s.  Time for last 10,000:    0s.  Last read position: 15:49,466,363
INFO	2018-05-28 17:48:10	MergeVcfs	Processed     3,540,000 records.  Elapsed time: 00:00:42s.  Time for last 10,000:    0s.  Last read position: 15:56,461,133
INFO	2018-05-28 17:48:10	MergeVcfs	Processed     3,550,000 records.  Elapsed time: 00:00:43s.  Time for last 10,000:    0s.  Last read position: 15:62,385,234
INFO	2018-05-28 17:48:10	MergeVcfs	Processed     3,560,000 records.  Elapsed time: 00:00:43s.  Time for last 10,000:    0s.  Last read position: 15:68,753,995
INFO	2018-05-28 17:48:10	MergeVcfs	Processed     3,570,000 records.  Elapsed time: 00:00:43s.  Time for last 10,000:    0s.  Last read position: 15:76,913,274
INFO	2018-05-28 17:48:10	MergeVcfs	Processed     3,580,000 records.  Elapsed time: 00:00:43s.  Time for last 10,000:    0s.  Last read position: 15:84,411,895
INFO	2018-05-28 17:48:10	MergeVcfs	Processed     3,590,000 records.  Elapsed time: 00:00:43s.  Time for last 10,000:    0s.  Last read position: 15:91,045,928
INFO	2018-05-28 17:48:10	MergeVcfs	Processed     3,600,000 records.  Elapsed time: 00:00:43s.  Time for last 10,000:    0s.  Last read position: 15:96,674,227
INFO	2018-05-28 17:48:10	MergeVcfs	Processed     3,610,000 records.  Elapsed time: 00:00:43s.  Time for last 10,000:    0s.  Last read position: 15:101,927,326
INFO	2018-05-28 17:48:11	MergeVcfs	Processed     3,620,000 records.  Elapsed time: 00:00:43s.  Time for last 10,000:    0s.  Last read position: 16:5,389,093
INFO	2018-05-28 17:48:11	MergeVcfs	Processed     3,630,000 records.  Elapsed time: 00:00:43s.  Time for last 10,000:    0s.  Last read position: 16:8,584,604
INFO	2018-05-28 17:48:11	MergeVcfs	Processed     3,640,000 records.  Elapsed time: 00:00:44s.  Time for last 10,000:    0s.  Last read position: 16:13,053,140
INFO	2018-05-28 17:48:11	MergeVcfs	Processed     3,650,000 records.  Elapsed time: 00:00:44s.  Time for last 10,000:    0s.  Last read position: 16:21,150,269
INFO	2018-05-28 17:48:11	MergeVcfs	Processed     3,660,000 records.  Elapsed time: 00:00:44s.  Time for last 10,000:    0s.  Last read position: 16:29,160,996
INFO	2018-05-28 17:48:11	MergeVcfs	Processed     3,670,000 records.  Elapsed time: 00:00:44s.  Time for last 10,000:    0s.  Last read position: 16:52,192,371
INFO	2018-05-28 17:48:11	MergeVcfs	Processed     3,680,000 records.  Elapsed time: 00:00:44s.  Time for last 10,000:    0s.  Last read position: 16:58,991,748
INFO	2018-05-28 17:48:11	MergeVcfs	Processed     3,690,000 records.  Elapsed time: 00:00:44s.  Time for last 10,000:    0s.  Last read position: 16:65,172,697
INFO	2018-05-28 17:48:11	MergeVcfs	Processed     3,700,000 records.  Elapsed time: 00:00:44s.  Time for last 10,000:    0s.  Last read position: 16:73,176,119
INFO	2018-05-28 17:48:11	MergeVcfs	Processed     3,710,000 records.  Elapsed time: 00:00:44s.  Time for last 10,000:    0s.  Last read position: 16:77,766,553
INFO	2018-05-28 17:48:12	MergeVcfs	Processed     3,720,000 records.  Elapsed time: 00:00:44s.  Time for last 10,000:    0s.  Last read position: 16:81,387,042
INFO	2018-05-28 17:48:12	MergeVcfs	Processed     3,730,000 records.  Elapsed time: 00:00:44s.  Time for last 10,000:    0s.  Last read position: 16:85,147,739
INFO	2018-05-28 17:48:12	MergeVcfs	Processed     3,740,000 records.  Elapsed time: 00:00:45s.  Time for last 10,000:    0s.  Last read position: 16:89,325,052
INFO	2018-05-28 17:48:12	MergeVcfs	Processed     3,750,000 records.  Elapsed time: 00:00:45s.  Time for last 10,000:    0s.  Last read position: 17:4,040,347
INFO	2018-05-28 17:48:12	MergeVcfs	Processed     3,760,000 records.  Elapsed time: 00:00:45s.  Time for last 10,000:    0s.  Last read position: 17:9,273,178
INFO	2018-05-28 17:48:12	MergeVcfs	Processed     3,770,000 records.  Elapsed time: 00:00:45s.  Time for last 10,000:    0s.  Last read position: 17:14,800,337
INFO	2018-05-28 17:48:12	MergeVcfs	Processed     3,780,000 records.  Elapsed time: 00:00:45s.  Time for last 10,000:    0s.  Last read position: 17:22,259,959
INFO	2018-05-28 17:48:12	MergeVcfs	Processed     3,790,000 records.  Elapsed time: 00:00:45s.  Time for last 10,000:    0s.  Last read position: 17:33,969,327
INFO	2018-05-28 17:48:12	MergeVcfs	Processed     3,800,000 records.  Elapsed time: 00:00:45s.  Time for last 10,000:    0s.  Last read position: 17:42,176,591
INFO	2018-05-28 17:48:12	MergeVcfs	Processed     3,810,000 records.  Elapsed time: 00:00:45s.  Time for last 10,000:    0s.  Last read position: 17:50,264,324
INFO	2018-05-28 17:48:13	MergeVcfs	Processed     3,820,000 records.  Elapsed time: 00:00:45s.  Time for last 10,000:    0s.  Last read position: 17:57,273,415
INFO	2018-05-28 17:48:13	MergeVcfs	Processed     3,830,000 records.  Elapsed time: 00:00:45s.  Time for last 10,000:    0s.  Last read position: 17:65,503,165
INFO	2018-05-28 17:48:13	MergeVcfs	Processed     3,840,000 records.  Elapsed time: 00:00:46s.  Time for last 10,000:    0s.  Last read position: 17:71,749,490
INFO	2018-05-28 17:48:13	MergeVcfs	Processed     3,850,000 records.  Elapsed time: 00:00:46s.  Time for last 10,000:    0s.  Last read position: 17:77,281,937
INFO	2018-05-28 17:48:13	MergeVcfs	Processed     3,860,000 records.  Elapsed time: 00:00:46s.  Time for last 10,000:    0s.  Last read position: 18:1,450,222
INFO	2018-05-28 17:48:13	MergeVcfs	Processed     3,870,000 records.  Elapsed time: 00:00:46s.  Time for last 10,000:    0s.  Last read position: 18:6,405,581
INFO	2018-05-28 17:48:13	MergeVcfs	Processed     3,880,000 records.  Elapsed time: 00:00:46s.  Time for last 10,000:    0s.  Last read position: 18:11,501,414
INFO	2018-05-28 17:48:13	MergeVcfs	Processed     3,890,000 records.  Elapsed time: 00:00:46s.  Time for last 10,000:    0s.  Last read position: 18:20,705,120
INFO	2018-05-28 17:48:13	MergeVcfs	Processed     3,900,000 records.  Elapsed time: 00:00:46s.  Time for last 10,000:    0s.  Last read position: 18:28,020,840
INFO	2018-05-28 17:48:13	MergeVcfs	Processed     3,910,000 records.  Elapsed time: 00:00:46s.  Time for last 10,000:    0s.  Last read position: 18:36,624,313
INFO	2018-05-28 17:48:14	MergeVcfs	Processed     3,920,000 records.  Elapsed time: 00:00:46s.  Time for last 10,000:    0s.  Last read position: 18:44,598,273
INFO	2018-05-28 17:48:14	MergeVcfs	Processed     3,930,000 records.  Elapsed time: 00:00:46s.  Time for last 10,000:    0s.  Last read position: 18:50,690,643
INFO	2018-05-28 17:48:14	MergeVcfs	Processed     3,940,000 records.  Elapsed time: 00:00:47s.  Time for last 10,000:    0s.  Last read position: 18:57,098,636
INFO	2018-05-28 17:48:14	MergeVcfs	Processed     3,950,000 records.  Elapsed time: 00:00:47s.  Time for last 10,000:    0s.  Last read position: 18:64,057,656
INFO	2018-05-28 17:48:14	MergeVcfs	Processed     3,960,000 records.  Elapsed time: 00:00:47s.  Time for last 10,000:    0s.  Last read position: 18:69,326,493
INFO	2018-05-28 17:48:14	MergeVcfs	Processed     3,970,000 records.  Elapsed time: 00:00:47s.  Time for last 10,000:    0s.  Last read position: 18:74,337,940
INFO	2018-05-28 17:48:14	MergeVcfs	Processed     3,980,000 records.  Elapsed time: 00:00:47s.  Time for last 10,000:    0s.  Last read position: 19:729,567
INFO	2018-05-28 17:48:14	MergeVcfs	Processed     3,990,000 records.  Elapsed time: 00:00:47s.  Time for last 10,000:    0s.  Last read position: 19:5,385,672
INFO	2018-05-28 17:48:14	MergeVcfs	Processed     4,000,000 records.  Elapsed time: 00:00:47s.  Time for last 10,000:    0s.  Last read position: 19:10,683,477
INFO	2018-05-28 17:48:14	MergeVcfs	Processed     4,010,000 records.  Elapsed time: 00:00:47s.  Time for last 10,000:    0s.  Last read position: 19:17,134,159
INFO	2018-05-28 17:48:15	MergeVcfs	Processed     4,020,000 records.  Elapsed time: 00:00:47s.  Time for last 10,000:    0s.  Last read position: 19:22,541,575
INFO	2018-05-28 17:48:15	MergeVcfs	Processed     4,030,000 records.  Elapsed time: 00:00:47s.  Time for last 10,000:    0s.  Last read position: 19:31,887,499
INFO	2018-05-28 17:48:15	MergeVcfs	Processed     4,040,000 records.  Elapsed time: 00:00:47s.  Time for last 10,000:    0s.  Last read position: 19:38,324,030
INFO	2018-05-28 17:48:15	MergeVcfs	Processed     4,050,000 records.  Elapsed time: 00:00:48s.  Time for last 10,000:    0s.  Last read position: 19:44,639,558
INFO	2018-05-28 17:48:15	MergeVcfs	Processed     4,060,000 records.  Elapsed time: 00:00:48s.  Time for last 10,000:    0s.  Last read position: 19:49,820,114
INFO	2018-05-28 17:48:15	MergeVcfs	Processed     4,070,000 records.  Elapsed time: 00:00:48s.  Time for last 10,000:    0s.  Last read position: 19:54,067,325
INFO	2018-05-28 17:48:15	MergeVcfs	Processed     4,080,000 records.  Elapsed time: 00:00:48s.  Time for last 10,000:    0s.  Last read position: 19:59,041,723
INFO	2018-05-28 17:48:15	MergeVcfs	Processed     4,090,000 records.  Elapsed time: 00:00:48s.  Time for last 10,000:    0s.  Last read position: 20:5,570,144
INFO	2018-05-28 17:48:15	MergeVcfs	Processed     4,100,000 records.  Elapsed time: 00:00:48s.  Time for last 10,000:    0s.  Last read position: 20:12,069,077
INFO	2018-05-28 17:48:15	MergeVcfs	Processed     4,110,000 records.  Elapsed time: 00:00:48s.  Time for last 10,000:    0s.  Last read position: 20:18,017,314
INFO	2018-05-28 17:48:16	MergeVcfs	Processed     4,120,000 records.  Elapsed time: 00:00:48s.  Time for last 10,000:    0s.  Last read position: 20:25,373,782
INFO	2018-05-28 17:48:16	MergeVcfs	Processed     4,130,000 records.  Elapsed time: 00:00:48s.  Time for last 10,000:    0s.  Last read position: 20:36,048,206
INFO	2018-05-28 17:48:16	MergeVcfs	Processed     4,140,000 records.  Elapsed time: 00:00:48s.  Time for last 10,000:    0s.  Last read position: 20:44,269,656
INFO	2018-05-28 17:48:16	MergeVcfs	Processed     4,150,000 records.  Elapsed time: 00:00:49s.  Time for last 10,000:    0s.  Last read position: 20:50,883,217
INFO	2018-05-28 17:48:16	MergeVcfs	Processed     4,160,000 records.  Elapsed time: 00:00:49s.  Time for last 10,000:    0s.  Last read position: 20:57,668,542
INFO	2018-05-28 17:48:16	MergeVcfs	Processed     4,170,000 records.  Elapsed time: 00:00:49s.  Time for last 10,000:    0s.  Last read position: 21:10,800,401
INFO	2018-05-28 17:48:16	MergeVcfs	Processed     4,180,000 records.  Elapsed time: 00:00:49s.  Time for last 10,000:    0s.  Last read position: 21:19,513,724
INFO	2018-05-28 17:48:16	MergeVcfs	Processed     4,190,000 records.  Elapsed time: 00:00:49s.  Time for last 10,000:    0s.  Last read position: 21:23,934,818
INFO	2018-05-28 17:48:16	MergeVcfs	Processed     4,200,000 records.  Elapsed time: 00:00:49s.  Time for last 10,000:    0s.  Last read position: 21:28,698,313
INFO	2018-05-28 17:48:16	MergeVcfs	Processed     4,210,000 records.  Elapsed time: 00:00:49s.  Time for last 10,000:    0s.  Last read position: 21:34,819,582
INFO	2018-05-28 17:48:16	MergeVcfs	Processed     4,220,000 records.  Elapsed time: 00:00:49s.  Time for last 10,000:    0s.  Last read position: 21:40,726,489
INFO	2018-05-28 17:48:17	MergeVcfs	Processed     4,230,000 records.  Elapsed time: 00:00:49s.  Time for last 10,000:    0s.  Last read position: 21:45,367,152
INFO	2018-05-28 17:48:17	MergeVcfs	Processed     4,240,000 records.  Elapsed time: 00:00:49s.  Time for last 10,000:    0s.  Last read position: 22:19,551,692
INFO	2018-05-28 17:48:17	MergeVcfs	Processed     4,250,000 records.  Elapsed time: 00:00:50s.  Time for last 10,000:    0s.  Last read position: 22:26,148,996
INFO	2018-05-28 17:48:17	MergeVcfs	Processed     4,260,000 records.  Elapsed time: 00:00:50s.  Time for last 10,000:    0s.  Last read position: 22:33,173,944
INFO	2018-05-28 17:48:17	MergeVcfs	Processed     4,270,000 records.  Elapsed time: 00:00:50s.  Time for last 10,000:    0s.  Last read position: 22:38,913,461
INFO	2018-05-28 17:48:17	MergeVcfs	Processed     4,280,000 records.  Elapsed time: 00:00:50s.  Time for last 10,000:    0s.  Last read position: 22:45,057,047
INFO	2018-05-28 17:48:17	MergeVcfs	Processed     4,290,000 records.  Elapsed time: 00:00:50s.  Time for last 10,000:    0s.  Last read position: 22:49,429,226
INFO	2018-05-28 17:48:17	MergeVcfs	Processed     4,300,000 records.  Elapsed time: 00:00:50s.  Time for last 10,000:    0s.  Last read position: X:1,870,949
INFO	2018-05-28 17:48:17	MergeVcfs	Processed     4,310,000 records.  Elapsed time: 00:00:50s.  Time for last 10,000:    0s.  Last read position: X:8,844,040
INFO	2018-05-28 17:48:17	MergeVcfs	Processed     4,320,000 records.  Elapsed time: 00:00:50s.  Time for last 10,000:    0s.  Last read position: X:22,373,504
INFO	2018-05-28 17:48:18	MergeVcfs	Processed     4,330,000 records.  Elapsed time: 00:00:50s.  Time for last 10,000:    0s.  Last read position: X:32,383,469
INFO	2018-05-28 17:48:18	MergeVcfs	Processed     4,340,000 records.  Elapsed time: 00:00:50s.  Time for last 10,000:    0s.  Last read position: X:44,294,973
INFO	2018-05-28 17:48:18	MergeVcfs	Processed     4,350,000 records.  Elapsed time: 00:00:51s.  Time for last 10,000:    0s.  Last read position: X:55,587,432
INFO	2018-05-28 17:48:18	MergeVcfs	Processed     4,360,000 records.  Elapsed time: 00:00:51s.  Time for last 10,000:    0s.  Last read position: X:69,312,315
INFO	2018-05-28 17:48:18	MergeVcfs	Processed     4,370,000 records.  Elapsed time: 00:00:51s.  Time for last 10,000:    0s.  Last read position: X:78,963,957
INFO	2018-05-28 17:48:18	MergeVcfs	Processed     4,380,000 records.  Elapsed time: 00:00:51s.  Time for last 10,000:    0s.  Last read position: X:87,579,011
INFO	2018-05-28 17:48:18	MergeVcfs	Processed     4,390,000 records.  Elapsed time: 00:00:51s.  Time for last 10,000:    0s.  Last read position: X:95,899,377
INFO	2018-05-28 17:48:18	MergeVcfs	Processed     4,400,000 records.  Elapsed time: 00:00:51s.  Time for last 10,000:    0s.  Last read position: X:110,066,061
INFO	2018-05-28 17:48:18	MergeVcfs	Processed     4,410,000 records.  Elapsed time: 00:00:51s.  Time for last 10,000:    0s.  Last read position: X:120,765,790
INFO	2018-05-28 17:48:18	MergeVcfs	Processed     4,420,000 records.  Elapsed time: 00:00:51s.  Time for last 10,000:    0s.  Last read position: X:131,747,407
INFO	2018-05-28 17:48:19	MergeVcfs	Processed     4,430,000 records.  Elapsed time: 00:00:51s.  Time for last 10,000:    0s.  Last read position: X:143,730,522
INFO	2018-05-28 17:48:19	MergeVcfs	Processed     4,440,000 records.  Elapsed time: 00:00:51s.  Time for last 10,000:    0s.  Last read position: X:153,243,136
[Mon May 28 17:48:19 UTC 2018] picard.vcf.MergeVcfs done. Elapsed time: 0.87 minutes.
Runtime.totalMemory()=274202624

Completed merging DDR control individual genotype VCF files from 1000 Genome Project
Mon 28 May 17:48:19 UTC 2018

Completed s01_select_HG01055_ddr_control_kgen.sh
Mon 28 May 17:48:19 UTC 2018

