Starting s01_select_NA19908_ddr_control_kgen.sh
Sun 27 May 03:19:07 UTC 2018

1000 Genomes Project Individual ID - DDR control genotype to be extracted - NA19908

Selecting DDR control individual genotype from 1000 Genome Project (Chromosome 1) ...
Sun 27 May 03:19:07 UTC 2018

Completed DDR control individual genotype from 1000 Genome Project (Chromosome 1)
Sun 27 May 03:47:04 UTC 2018

Selecting DDR control individual genotype from 1000 Genome Project (Chromosome 2) ...
Sun 27 May 03:47:04 UTC 2018

Completed DDR control individual genotype from 1000 Genome Project (Chromosome 2)
Sun 27 May 04:18:37 UTC 2018

Selecting DDR control individual genotype from 1000 Genome Project (Chromosome 3) ...
Sun 27 May 04:18:37 UTC 2018

Completed DDR control individual genotype from 1000 Genome Project (Chromosome 3)
Sun 27 May 04:43:18 UTC 2018

Selecting DDR control individual genotype from 1000 Genome Project (Chromosome 4) ...
Sun 27 May 04:43:18 UTC 2018

Completed DDR control individual genotype from 1000 Genome Project (Chromosome 4)
Sun 27 May 05:07:57 UTC 2018

Selecting DDR control individual genotype from 1000 Genome Project (Chromosome 5) ...
Sun 27 May 05:07:57 UTC 2018

Completed DDR control individual genotype from 1000 Genome Project (Chromosome 5)
Sun 27 May 05:31:28 UTC 2018

Selecting DDR control individual genotype from 1000 Genome Project (Chromosome 6) ...
Sun 27 May 05:31:28 UTC 2018

Completed DDR control individual genotype from 1000 Genome Project (Chromosome 6)
Sun 27 May 05:54:00 UTC 2018

Selecting DDR control individual genotype from 1000 Genome Project (Chromosome 7) ...
Sun 27 May 05:54:00 UTC 2018

Completed DDR control individual genotype from 1000 Genome Project (Chromosome 7)
Sun 27 May 06:14:40 UTC 2018

Selecting DDR control individual genotype from 1000 Genome Project (Chromosome 8) ...
Sun 27 May 06:14:40 UTC 2018

Completed DDR control individual genotype from 1000 Genome Project (Chromosome 8)
Sun 27 May 06:34:07 UTC 2018

Selecting DDR control individual genotype from 1000 Genome Project (Chromosome 9) ...
Sun 27 May 06:34:07 UTC 2018

Completed DDR control individual genotype from 1000 Genome Project (Chromosome 9)
Sun 27 May 06:49:15 UTC 2018

Selecting DDR control individual genotype from 1000 Genome Project (Chromosome 10) ...
Sun 27 May 06:49:15 UTC 2018

Completed DDR control individual genotype from 1000 Genome Project (Chromosome 10)
Sun 27 May 07:06:15 UTC 2018

Selecting DDR control individual genotype from 1000 Genome Project (Chromosome 11) ...
Sun 27 May 07:06:15 UTC 2018

Completed DDR control individual genotype from 1000 Genome Project (Chromosome 11)
Sun 27 May 07:23:54 UTC 2018

Selecting DDR control individual genotype from 1000 Genome Project (Chromosome 12) ...
Sun 27 May 07:23:54 UTC 2018

Completed DDR control individual genotype from 1000 Genome Project (Chromosome 12)
Sun 27 May 07:42:28 UTC 2018

Selecting DDR control individual genotype from 1000 Genome Project (Chromosome 13) ...
Sun 27 May 07:42:28 UTC 2018

Completed DDR control individual genotype from 1000 Genome Project (Chromosome 13)
Sun 27 May 07:54:46 UTC 2018

Selecting DDR control individual genotype from 1000 Genome Project (Chromosome 14) ...
Sun 27 May 07:54:46 UTC 2018

Completed DDR control individual genotype from 1000 Genome Project (Chromosome 14)
Sun 27 May 08:06:14 UTC 2018

Selecting DDR control individual genotype from 1000 Genome Project (Chromosome 15) ...
Sun 27 May 08:06:14 UTC 2018

Completed DDR control individual genotype from 1000 Genome Project (Chromosome 15)
Sun 27 May 08:16:51 UTC 2018

Selecting DDR control individual genotype from 1000 Genome Project (Chromosome 16) ...
Sun 27 May 08:16:51 UTC 2018

Completed DDR control individual genotype from 1000 Genome Project (Chromosome 16)
Sun 27 May 08:28:26 UTC 2018

Selecting DDR control individual genotype from 1000 Genome Project (Chromosome 17) ...
Sun 27 May 08:28:26 UTC 2018

Completed DDR control individual genotype from 1000 Genome Project (Chromosome 17)
Sun 27 May 08:38:47 UTC 2018

Selecting DDR control individual genotype from 1000 Genome Project (Chromosome 18) ...
Sun 27 May 08:38:47 UTC 2018

Completed DDR control individual genotype from 1000 Genome Project (Chromosome 18)
Sun 27 May 08:48:22 UTC 2018

Selecting DDR control individual genotype from 1000 Genome Project (Chromosome 19) ...
Sun 27 May 08:48:22 UTC 2018

Completed DDR control individual genotype from 1000 Genome Project (Chromosome 19)
Sun 27 May 08:56:29 UTC 2018

Selecting DDR control individual genotype from 1000 Genome Project (Chromosome 20) ...
Sun 27 May 08:56:29 UTC 2018

Completed DDR control individual genotype from 1000 Genome Project (Chromosome 20)
Sun 27 May 09:04:37 UTC 2018

Selecting DDR control individual genotype from 1000 Genome Project (Chromosome 21) ...
Sun 27 May 09:04:37 UTC 2018

Completed DDR control individual genotype from 1000 Genome Project (Chromosome 21)
Sun 27 May 09:09:35 UTC 2018

Selecting DDR control individual genotype from 1000 Genome Project (Chromosome 22) ...
Sun 27 May 09:09:35 UTC 2018

Completed DDR control individual genotype from 1000 Genome Project (Chromosome 22)
Sun 27 May 09:14:29 UTC 2018

Selecting DDR control individual genotype from 1000 Genome Project (Chromosome X) ...
Sun 27 May 09:14:29 UTC 2018

Completed DDR control individual genotype from 1000 Genome Project (Chromosome X)
Sun 27 May 09:29:37 UTC 2018


Merging DDR control individual genotype VCF files from 1000 Genome Project
Sun 27 May 09:29:37 UTC 2018
09:29:38.164 INFO  NativeLibraryLoader - Loading libgkl_compression.so from jar:file:/home/ec2-user/tools/picard/picard.jar!/com/intel/gkl/native/libgkl_compression.so
[Sun May 27 09:29:38 UTC 2018] MergeVcfs INPUT=[/home/ec2-user/results/data_analysis/gt_individuals/kgen/ddr_control/NA19908/s01_NA19908_ddr_control_kgen_chr1_raw.vcf, /home/ec2-user/results/data_analysis/gt_individuals/kgen/ddr_control/NA19908/s01_NA19908_ddr_control_kgen_chr2_raw.vcf, /home/ec2-user/results/data_analysis/gt_individuals/kgen/ddr_control/NA19908/s01_NA19908_ddr_control_kgen_chr3_raw.vcf, /home/ec2-user/results/data_analysis/gt_individuals/kgen/ddr_control/NA19908/s01_NA19908_ddr_control_kgen_chr4_raw.vcf, /home/ec2-user/results/data_analysis/gt_individuals/kgen/ddr_control/NA19908/s01_NA19908_ddr_control_kgen_chr5_raw.vcf, /home/ec2-user/results/data_analysis/gt_individuals/kgen/ddr_control/NA19908/s01_NA19908_ddr_control_kgen_chr6_raw.vcf, /home/ec2-user/results/data_analysis/gt_individuals/kgen/ddr_control/NA19908/s01_NA19908_ddr_control_kgen_chr7_raw.vcf, /home/ec2-user/results/data_analysis/gt_individuals/kgen/ddr_control/NA19908/s01_NA19908_ddr_control_kgen_chr8_raw.vcf, /home/ec2-user/results/data_analysis/gt_individuals/kgen/ddr_control/NA19908/s01_NA19908_ddr_control_kgen_chr9_raw.vcf, /home/ec2-user/results/data_analysis/gt_individuals/kgen/ddr_control/NA19908/s01_NA19908_ddr_control_kgen_chr10_raw.vcf, /home/ec2-user/results/data_analysis/gt_individuals/kgen/ddr_control/NA19908/s01_NA19908_ddr_control_kgen_chr11_raw.vcf, /home/ec2-user/results/data_analysis/gt_individuals/kgen/ddr_control/NA19908/s01_NA19908_ddr_control_kgen_chr12_raw.vcf, /home/ec2-user/results/data_analysis/gt_individuals/kgen/ddr_control/NA19908/s01_NA19908_ddr_control_kgen_chr13_raw.vcf, /home/ec2-user/results/data_analysis/gt_individuals/kgen/ddr_control/NA19908/s01_NA19908_ddr_control_kgen_chr14_raw.vcf, /home/ec2-user/results/data_analysis/gt_individuals/kgen/ddr_control/NA19908/s01_NA19908_ddr_control_kgen_chr15_raw.vcf, /home/ec2-user/results/data_analysis/gt_individuals/kgen/ddr_control/NA19908/s01_NA19908_ddr_control_kgen_chr16_raw.vcf, /home/ec2-user/results/data_analysis/gt_individuals/kgen/ddr_control/NA19908/s01_NA19908_ddr_control_kgen_chr17_raw.vcf, /home/ec2-user/results/data_analysis/gt_individuals/kgen/ddr_control/NA19908/s01_NA19908_ddr_control_kgen_chr18_raw.vcf, /home/ec2-user/results/data_analysis/gt_individuals/kgen/ddr_control/NA19908/s01_NA19908_ddr_control_kgen_chr19_raw.vcf, /home/ec2-user/results/data_analysis/gt_individuals/kgen/ddr_control/NA19908/s01_NA19908_ddr_control_kgen_chr20_raw.vcf, /home/ec2-user/results/data_analysis/gt_individuals/kgen/ddr_control/NA19908/s01_NA19908_ddr_control_kgen_chr21_raw.vcf, /home/ec2-user/results/data_analysis/gt_individuals/kgen/ddr_control/NA19908/s01_NA19908_ddr_control_kgen_chr22_raw.vcf, /home/ec2-user/results/data_analysis/gt_individuals/kgen/ddr_control/NA19908/s01_NA19908_ddr_control_kgen_chrX_raw.vcf] OUTPUT=/home/ec2-user/results/data_analysis/gt_individuals/kgen/ddr_control/NA19908/s01_NA19908_ddr_control_kgen_merged_raw.vcf.gz    VERBOSITY=INFO QUIET=false VALIDATION_STRINGENCY=STRICT COMPRESSION_LEVEL=5 MAX_RECORDS_IN_RAM=500000 CREATE_INDEX=true CREATE_MD5_FILE=false GA4GH_CLIENT_SECRETS=client_secrets.json USE_JDK_DEFLATER=false USE_JDK_INFLATER=false
[Sun May 27 09:29:38 UTC 2018] Executing as ec2-user@ip-172-31-42-132 on Linux 4.14.33-51.37.amzn1.x86_64 amd64; OpenJDK 64-Bit Server VM 1.8.0_171-b10; Deflater: Intel; Inflater: Intel; Provider GCS is not available; Picard version: 2.18.2-SNAPSHOT
INFO	2018-05-27 09:29:39	MergeVcfs	Processed        10,000 records.  Elapsed time: 00:00:01s.  Time for last 10,000:    0s.  Last read position: 1:5,877,485
INFO	2018-05-27 09:29:39	MergeVcfs	Processed        20,000 records.  Elapsed time: 00:00:01s.  Time for last 10,000:    0s.  Last read position: 1:11,696,836
INFO	2018-05-27 09:29:40	MergeVcfs	Processed        30,000 records.  Elapsed time: 00:00:01s.  Time for last 10,000:    0s.  Last read position: 1:17,626,998
INFO	2018-05-27 09:29:40	MergeVcfs	Processed        40,000 records.  Elapsed time: 00:00:02s.  Time for last 10,000:    0s.  Last read position: 1:23,142,280
INFO	2018-05-27 09:29:40	MergeVcfs	Processed        50,000 records.  Elapsed time: 00:00:02s.  Time for last 10,000:    0s.  Last read position: 1:29,540,063
INFO	2018-05-27 09:29:41	MergeVcfs	Processed        60,000 records.  Elapsed time: 00:00:02s.  Time for last 10,000:    0s.  Last read position: 1:35,103,251
INFO	2018-05-27 09:29:41	MergeVcfs	Processed        70,000 records.  Elapsed time: 00:00:03s.  Time for last 10,000:    0s.  Last read position: 1:41,528,590
INFO	2018-05-27 09:29:41	MergeVcfs	Processed        80,000 records.  Elapsed time: 00:00:03s.  Time for last 10,000:    0s.  Last read position: 1:47,639,520
INFO	2018-05-27 09:29:41	MergeVcfs	Processed        90,000 records.  Elapsed time: 00:00:03s.  Time for last 10,000:    0s.  Last read position: 1:54,831,103
INFO	2018-05-27 09:29:41	MergeVcfs	Processed       100,000 records.  Elapsed time: 00:00:03s.  Time for last 10,000:    0s.  Last read position: 1:60,346,247
INFO	2018-05-27 09:29:42	MergeVcfs	Processed       110,000 records.  Elapsed time: 00:00:04s.  Time for last 10,000:    0s.  Last read position: 1:66,516,557
INFO	2018-05-27 09:29:42	MergeVcfs	Processed       120,000 records.  Elapsed time: 00:00:04s.  Time for last 10,000:    0s.  Last read position: 1:73,025,216
INFO	2018-05-27 09:29:42	MergeVcfs	Processed       130,000 records.  Elapsed time: 00:00:04s.  Time for last 10,000:    0s.  Last read position: 1:79,063,858
INFO	2018-05-27 09:29:42	MergeVcfs	Processed       140,000 records.  Elapsed time: 00:00:04s.  Time for last 10,000:    0s.  Last read position: 1:84,207,087
INFO	2018-05-27 09:29:42	MergeVcfs	Processed       150,000 records.  Elapsed time: 00:00:04s.  Time for last 10,000:    0s.  Last read position: 1:90,259,087
INFO	2018-05-27 09:29:43	MergeVcfs	Processed       160,000 records.  Elapsed time: 00:00:04s.  Time for last 10,000:    0s.  Last read position: 1:96,277,907
INFO	2018-05-27 09:29:43	MergeVcfs	Processed       170,000 records.  Elapsed time: 00:00:05s.  Time for last 10,000:    0s.  Last read position: 1:102,598,108
INFO	2018-05-27 09:29:43	MergeVcfs	Processed       180,000 records.  Elapsed time: 00:00:05s.  Time for last 10,000:    0s.  Last read position: 1:107,495,317
INFO	2018-05-27 09:29:43	MergeVcfs	Processed       190,000 records.  Elapsed time: 00:00:05s.  Time for last 10,000:    0s.  Last read position: 1:113,519,660
INFO	2018-05-27 09:29:43	MergeVcfs	Processed       200,000 records.  Elapsed time: 00:00:05s.  Time for last 10,000:    0s.  Last read position: 1:119,941,476
INFO	2018-05-27 09:29:43	MergeVcfs	Processed       210,000 records.  Elapsed time: 00:00:05s.  Time for last 10,000:    0s.  Last read position: 1:152,423,667
INFO	2018-05-27 09:29:43	MergeVcfs	Processed       220,000 records.  Elapsed time: 00:00:05s.  Time for last 10,000:    0s.  Last read position: 1:158,557,576
INFO	2018-05-27 09:29:43	MergeVcfs	Processed       230,000 records.  Elapsed time: 00:00:05s.  Time for last 10,000:    0s.  Last read position: 1:164,122,641
INFO	2018-05-27 09:29:43	MergeVcfs	Processed       240,000 records.  Elapsed time: 00:00:05s.  Time for last 10,000:    0s.  Last read position: 1:169,215,574
INFO	2018-05-27 09:29:44	MergeVcfs	Processed       250,000 records.  Elapsed time: 00:00:05s.  Time for last 10,000:    0s.  Last read position: 1:175,107,264
INFO	2018-05-27 09:29:44	MergeVcfs	Processed       260,000 records.  Elapsed time: 00:00:06s.  Time for last 10,000:    0s.  Last read position: 1:180,834,018
INFO	2018-05-27 09:29:44	MergeVcfs	Processed       270,000 records.  Elapsed time: 00:00:06s.  Time for last 10,000:    0s.  Last read position: 1:186,907,915
INFO	2018-05-27 09:29:44	MergeVcfs	Processed       280,000 records.  Elapsed time: 00:00:06s.  Time for last 10,000:    0s.  Last read position: 1:191,603,716
INFO	2018-05-27 09:29:44	MergeVcfs	Processed       290,000 records.  Elapsed time: 00:00:06s.  Time for last 10,000:    0s.  Last read position: 1:197,384,990
INFO	2018-05-27 09:29:44	MergeVcfs	Processed       300,000 records.  Elapsed time: 00:00:06s.  Time for last 10,000:    0s.  Last read position: 1:203,836,107
INFO	2018-05-27 09:29:44	MergeVcfs	Processed       310,000 records.  Elapsed time: 00:00:06s.  Time for last 10,000:    0s.  Last read position: 1:210,201,776
INFO	2018-05-27 09:29:44	MergeVcfs	Processed       320,000 records.  Elapsed time: 00:00:06s.  Time for last 10,000:    0s.  Last read position: 1:216,527,961
INFO	2018-05-27 09:29:44	MergeVcfs	Processed       330,000 records.  Elapsed time: 00:00:06s.  Time for last 10,000:    0s.  Last read position: 1:222,382,988
INFO	2018-05-27 09:29:45	MergeVcfs	Processed       340,000 records.  Elapsed time: 00:00:06s.  Time for last 10,000:    0s.  Last read position: 1:228,024,108
INFO	2018-05-27 09:29:45	MergeVcfs	Processed       350,000 records.  Elapsed time: 00:00:06s.  Time for last 10,000:    0s.  Last read position: 1:233,519,825
INFO	2018-05-27 09:29:45	MergeVcfs	Processed       360,000 records.  Elapsed time: 00:00:07s.  Time for last 10,000:    0s.  Last read position: 1:238,179,191
INFO	2018-05-27 09:29:45	MergeVcfs	Processed       370,000 records.  Elapsed time: 00:00:07s.  Time for last 10,000:    0s.  Last read position: 1:242,675,029
INFO	2018-05-27 09:29:45	MergeVcfs	Processed       380,000 records.  Elapsed time: 00:00:07s.  Time for last 10,000:    0s.  Last read position: 1:247,425,503
INFO	2018-05-27 09:29:45	MergeVcfs	Processed       390,000 records.  Elapsed time: 00:00:07s.  Time for last 10,000:    0s.  Last read position: 2:1,859,595
INFO	2018-05-27 09:29:45	MergeVcfs	Processed       400,000 records.  Elapsed time: 00:00:07s.  Time for last 10,000:    0s.  Last read position: 2:6,395,875
INFO	2018-05-27 09:29:45	MergeVcfs	Processed       410,000 records.  Elapsed time: 00:00:07s.  Time for last 10,000:    0s.  Last read position: 2:11,314,045
INFO	2018-05-27 09:29:45	MergeVcfs	Processed       420,000 records.  Elapsed time: 00:00:07s.  Time for last 10,000:    0s.  Last read position: 2:16,160,376
INFO	2018-05-27 09:29:45	MergeVcfs	Processed       430,000 records.  Elapsed time: 00:00:07s.  Time for last 10,000:    0s.  Last read position: 2:21,825,244
INFO	2018-05-27 09:29:46	MergeVcfs	Processed       440,000 records.  Elapsed time: 00:00:07s.  Time for last 10,000:    0s.  Last read position: 2:28,566,341
INFO	2018-05-27 09:29:46	MergeVcfs	Processed       450,000 records.  Elapsed time: 00:00:07s.  Time for last 10,000:    0s.  Last read position: 2:34,146,666
INFO	2018-05-27 09:29:46	MergeVcfs	Processed       460,000 records.  Elapsed time: 00:00:08s.  Time for last 10,000:    0s.  Last read position: 2:38,573,931
INFO	2018-05-27 09:29:46	MergeVcfs	Processed       470,000 records.  Elapsed time: 00:00:08s.  Time for last 10,000:    0s.  Last read position: 2:43,373,478
INFO	2018-05-27 09:29:46	MergeVcfs	Processed       480,000 records.  Elapsed time: 00:00:08s.  Time for last 10,000:    0s.  Last read position: 2:48,471,483
INFO	2018-05-27 09:29:46	MergeVcfs	Processed       490,000 records.  Elapsed time: 00:00:08s.  Time for last 10,000:    0s.  Last read position: 2:53,647,665
INFO	2018-05-27 09:29:46	MergeVcfs	Processed       500,000 records.  Elapsed time: 00:00:08s.  Time for last 10,000:    0s.  Last read position: 2:58,740,603
INFO	2018-05-27 09:29:46	MergeVcfs	Processed       510,000 records.  Elapsed time: 00:00:08s.  Time for last 10,000:    0s.  Last read position: 2:65,942,686
INFO	2018-05-27 09:29:46	MergeVcfs	Processed       520,000 records.  Elapsed time: 00:00:08s.  Time for last 10,000:    0s.  Last read position: 2:71,399,578
INFO	2018-05-27 09:29:46	MergeVcfs	Processed       530,000 records.  Elapsed time: 00:00:08s.  Time for last 10,000:    0s.  Last read position: 2:77,265,292
INFO	2018-05-27 09:29:47	MergeVcfs	Processed       540,000 records.  Elapsed time: 00:00:08s.  Time for last 10,000:    0s.  Last read position: 2:82,290,000
INFO	2018-05-27 09:29:47	MergeVcfs	Processed       550,000 records.  Elapsed time: 00:00:09s.  Time for last 10,000:    0s.  Last read position: 2:88,680,468
INFO	2018-05-27 09:29:47	MergeVcfs	Processed       560,000 records.  Elapsed time: 00:00:09s.  Time for last 10,000:    0s.  Last read position: 2:102,598,315
INFO	2018-05-27 09:29:47	MergeVcfs	Processed       570,000 records.  Elapsed time: 00:00:09s.  Time for last 10,000:    0s.  Last read position: 2:108,198,802
INFO	2018-05-27 09:29:47	MergeVcfs	Processed       580,000 records.  Elapsed time: 00:00:09s.  Time for last 10,000:    0s.  Last read position: 2:115,348,932
INFO	2018-05-27 09:29:47	MergeVcfs	Processed       590,000 records.  Elapsed time: 00:00:09s.  Time for last 10,000:    0s.  Last read position: 2:121,527,641
INFO	2018-05-27 09:29:47	MergeVcfs	Processed       600,000 records.  Elapsed time: 00:00:09s.  Time for last 10,000:    0s.  Last read position: 2:128,150,987
INFO	2018-05-27 09:29:47	MergeVcfs	Processed       610,000 records.  Elapsed time: 00:00:09s.  Time for last 10,000:    0s.  Last read position: 2:133,601,897
INFO	2018-05-27 09:29:47	MergeVcfs	Processed       620,000 records.  Elapsed time: 00:00:09s.  Time for last 10,000:    0s.  Last read position: 2:139,714,339
INFO	2018-05-27 09:29:48	MergeVcfs	Processed       630,000 records.  Elapsed time: 00:00:09s.  Time for last 10,000:    0s.  Last read position: 2:144,841,368
INFO	2018-05-27 09:29:48	MergeVcfs	Processed       640,000 records.  Elapsed time: 00:00:09s.  Time for last 10,000:    0s.  Last read position: 2:151,985,114
INFO	2018-05-27 09:29:48	MergeVcfs	Processed       650,000 records.  Elapsed time: 00:00:10s.  Time for last 10,000:    0s.  Last read position: 2:158,894,159
INFO	2018-05-27 09:29:48	MergeVcfs	Processed       660,000 records.  Elapsed time: 00:00:10s.  Time for last 10,000:    0s.  Last read position: 2:165,188,990
INFO	2018-05-27 09:29:48	MergeVcfs	Processed       670,000 records.  Elapsed time: 00:00:10s.  Time for last 10,000:    0s.  Last read position: 2:170,600,583
INFO	2018-05-27 09:29:48	MergeVcfs	Processed       680,000 records.  Elapsed time: 00:00:10s.  Time for last 10,000:    0s.  Last read position: 2:176,366,023
INFO	2018-05-27 09:29:48	MergeVcfs	Processed       690,000 records.  Elapsed time: 00:00:10s.  Time for last 10,000:    0s.  Last read position: 2:182,993,609
INFO	2018-05-27 09:29:48	MergeVcfs	Processed       700,000 records.  Elapsed time: 00:00:10s.  Time for last 10,000:    0s.  Last read position: 2:188,876,928
INFO	2018-05-27 09:29:48	MergeVcfs	Processed       710,000 records.  Elapsed time: 00:00:10s.  Time for last 10,000:    0s.  Last read position: 2:195,304,635
INFO	2018-05-27 09:29:48	MergeVcfs	Processed       720,000 records.  Elapsed time: 00:00:10s.  Time for last 10,000:    0s.  Last read position: 2:201,637,324
INFO	2018-05-27 09:29:49	MergeVcfs	Processed       730,000 records.  Elapsed time: 00:00:10s.  Time for last 10,000:    0s.  Last read position: 2:208,609,336
INFO	2018-05-27 09:29:49	MergeVcfs	Processed       740,000 records.  Elapsed time: 00:00:10s.  Time for last 10,000:    0s.  Last read position: 2:214,243,257
INFO	2018-05-27 09:29:49	MergeVcfs	Processed       750,000 records.  Elapsed time: 00:00:11s.  Time for last 10,000:    0s.  Last read position: 2:219,682,884
INFO	2018-05-27 09:29:49	MergeVcfs	Processed       760,000 records.  Elapsed time: 00:00:11s.  Time for last 10,000:    0s.  Last read position: 2:225,017,891
INFO	2018-05-27 09:29:49	MergeVcfs	Processed       770,000 records.  Elapsed time: 00:00:11s.  Time for last 10,000:    0s.  Last read position: 2:230,248,270
INFO	2018-05-27 09:29:49	MergeVcfs	Processed       780,000 records.  Elapsed time: 00:00:11s.  Time for last 10,000:    0s.  Last read position: 2:235,255,695
INFO	2018-05-27 09:29:49	MergeVcfs	Processed       790,000 records.  Elapsed time: 00:00:11s.  Time for last 10,000:    0s.  Last read position: 2:239,501,107
INFO	2018-05-27 09:29:49	MergeVcfs	Processed       800,000 records.  Elapsed time: 00:00:11s.  Time for last 10,000:    0s.  Last read position: 3:885,109
INFO	2018-05-27 09:29:49	MergeVcfs	Processed       810,000 records.  Elapsed time: 00:00:11s.  Time for last 10,000:    0s.  Last read position: 3:4,512,327
INFO	2018-05-27 09:29:49	MergeVcfs	Processed       820,000 records.  Elapsed time: 00:00:11s.  Time for last 10,000:    0s.  Last read position: 3:9,684,962
INFO	2018-05-27 09:29:50	MergeVcfs	Processed       830,000 records.  Elapsed time: 00:00:11s.  Time for last 10,000:    0s.  Last read position: 3:16,047,359
INFO	2018-05-27 09:29:50	MergeVcfs	Processed       840,000 records.  Elapsed time: 00:00:12s.  Time for last 10,000:    0s.  Last read position: 3:21,879,362
INFO	2018-05-27 09:29:50	MergeVcfs	Processed       850,000 records.  Elapsed time: 00:00:12s.  Time for last 10,000:    0s.  Last read position: 3:26,861,198
INFO	2018-05-27 09:29:50	MergeVcfs	Processed       860,000 records.  Elapsed time: 00:00:12s.  Time for last 10,000:    0s.  Last read position: 3:31,839,242
INFO	2018-05-27 09:29:50	MergeVcfs	Processed       870,000 records.  Elapsed time: 00:00:12s.  Time for last 10,000:    0s.  Last read position: 3:37,815,830
INFO	2018-05-27 09:29:50	MergeVcfs	Processed       880,000 records.  Elapsed time: 00:00:12s.  Time for last 10,000:    0s.  Last read position: 3:43,551,923
INFO	2018-05-27 09:29:50	MergeVcfs	Processed       890,000 records.  Elapsed time: 00:00:12s.  Time for last 10,000:    0s.  Last read position: 3:52,419,291
INFO	2018-05-27 09:29:50	MergeVcfs	Processed       900,000 records.  Elapsed time: 00:00:12s.  Time for last 10,000:    0s.  Last read position: 3:58,506,850
INFO	2018-05-27 09:29:50	MergeVcfs	Processed       910,000 records.  Elapsed time: 00:00:12s.  Time for last 10,000:    0s.  Last read position: 3:63,586,231
INFO	2018-05-27 09:29:51	MergeVcfs	Processed       920,000 records.  Elapsed time: 00:00:12s.  Time for last 10,000:    0s.  Last read position: 3:68,816,036
INFO	2018-05-27 09:29:51	MergeVcfs	Processed       930,000 records.  Elapsed time: 00:00:12s.  Time for last 10,000:    0s.  Last read position: 3:74,768,250
INFO	2018-05-27 09:29:51	MergeVcfs	Processed       940,000 records.  Elapsed time: 00:00:13s.  Time for last 10,000:    0s.  Last read position: 3:79,965,076
INFO	2018-05-27 09:29:51	MergeVcfs	Processed       950,000 records.  Elapsed time: 00:00:13s.  Time for last 10,000:    0s.  Last read position: 3:86,195,437
INFO	2018-05-27 09:29:51	MergeVcfs	Processed       960,000 records.  Elapsed time: 00:00:13s.  Time for last 10,000:    0s.  Last read position: 3:94,866,908
INFO	2018-05-27 09:29:51	MergeVcfs	Processed       970,000 records.  Elapsed time: 00:00:13s.  Time for last 10,000:    0s.  Last read position: 3:99,952,271
INFO	2018-05-27 09:29:51	MergeVcfs	Processed       980,000 records.  Elapsed time: 00:00:13s.  Time for last 10,000:    0s.  Last read position: 3:105,851,268
INFO	2018-05-27 09:29:51	MergeVcfs	Processed       990,000 records.  Elapsed time: 00:00:13s.  Time for last 10,000:    0s.  Last read position: 3:111,153,660
INFO	2018-05-27 09:29:51	MergeVcfs	Processed     1,000,000 records.  Elapsed time: 00:00:13s.  Time for last 10,000:    0s.  Last read position: 3:117,492,656
INFO	2018-05-27 09:29:51	MergeVcfs	Processed     1,010,000 records.  Elapsed time: 00:00:13s.  Time for last 10,000:    0s.  Last read position: 3:123,860,241
INFO	2018-05-27 09:29:52	MergeVcfs	Processed     1,020,000 records.  Elapsed time: 00:00:13s.  Time for last 10,000:    0s.  Last read position: 3:128,643,375
INFO	2018-05-27 09:29:52	MergeVcfs	Processed     1,030,000 records.  Elapsed time: 00:00:13s.  Time for last 10,000:    0s.  Last read position: 3:133,981,842
INFO	2018-05-27 09:29:52	MergeVcfs	Processed     1,040,000 records.  Elapsed time: 00:00:14s.  Time for last 10,000:    0s.  Last read position: 3:140,318,151
INFO	2018-05-27 09:29:52	MergeVcfs	Processed     1,050,000 records.  Elapsed time: 00:00:14s.  Time for last 10,000:    0s.  Last read position: 3:145,498,710
INFO	2018-05-27 09:29:52	MergeVcfs	Processed     1,060,000 records.  Elapsed time: 00:00:14s.  Time for last 10,000:    0s.  Last read position: 3:151,391,634
INFO	2018-05-27 09:29:52	MergeVcfs	Processed     1,070,000 records.  Elapsed time: 00:00:14s.  Time for last 10,000:    0s.  Last read position: 3:157,019,531
INFO	2018-05-27 09:29:52	MergeVcfs	Processed     1,080,000 records.  Elapsed time: 00:00:14s.  Time for last 10,000:    0s.  Last read position: 3:162,231,640
INFO	2018-05-27 09:29:52	MergeVcfs	Processed     1,090,000 records.  Elapsed time: 00:00:14s.  Time for last 10,000:    0s.  Last read position: 3:166,553,863
INFO	2018-05-27 09:29:52	MergeVcfs	Processed     1,100,000 records.  Elapsed time: 00:00:14s.  Time for last 10,000:    0s.  Last read position: 3:172,808,323
INFO	2018-05-27 09:29:52	MergeVcfs	Processed     1,110,000 records.  Elapsed time: 00:00:14s.  Time for last 10,000:    0s.  Last read position: 3:178,567,167
INFO	2018-05-27 09:29:53	MergeVcfs	Processed     1,120,000 records.  Elapsed time: 00:00:14s.  Time for last 10,000:    0s.  Last read position: 3:184,612,295
INFO	2018-05-27 09:29:53	MergeVcfs	Processed     1,130,000 records.  Elapsed time: 00:00:14s.  Time for last 10,000:    0s.  Last read position: 3:190,029,899
INFO	2018-05-27 09:29:53	MergeVcfs	Processed     1,140,000 records.  Elapsed time: 00:00:15s.  Time for last 10,000:    0s.  Last read position: 3:194,271,917
INFO	2018-05-27 09:29:53	MergeVcfs	Processed     1,150,000 records.  Elapsed time: 00:00:15s.  Time for last 10,000:    0s.  Last read position: 4:1,092,508
INFO	2018-05-27 09:29:53	MergeVcfs	Processed     1,160,000 records.  Elapsed time: 00:00:15s.  Time for last 10,000:    0s.  Last read position: 4:5,530,311
INFO	2018-05-27 09:29:53	MergeVcfs	Processed     1,170,000 records.  Elapsed time: 00:00:15s.  Time for last 10,000:    0s.  Last read position: 4:9,451,151
INFO	2018-05-27 09:29:53	MergeVcfs	Processed     1,180,000 records.  Elapsed time: 00:00:15s.  Time for last 10,000:    0s.  Last read position: 4:13,807,663
INFO	2018-05-27 09:29:53	MergeVcfs	Processed     1,190,000 records.  Elapsed time: 00:00:15s.  Time for last 10,000:    0s.  Last read position: 4:19,468,491
INFO	2018-05-27 09:29:53	MergeVcfs	Processed     1,200,000 records.  Elapsed time: 00:00:15s.  Time for last 10,000:    0s.  Last read position: 4:24,939,206
INFO	2018-05-27 09:29:53	MergeVcfs	Processed     1,210,000 records.  Elapsed time: 00:00:15s.  Time for last 10,000:    0s.  Last read position: 4:30,079,166
INFO	2018-05-27 09:29:54	MergeVcfs	Processed     1,220,000 records.  Elapsed time: 00:00:15s.  Time for last 10,000:    0s.  Last read position: 4:34,852,887
INFO	2018-05-27 09:29:54	MergeVcfs	Processed     1,230,000 records.  Elapsed time: 00:00:15s.  Time for last 10,000:    0s.  Last read position: 4:39,259,441
INFO	2018-05-27 09:29:54	MergeVcfs	Processed     1,240,000 records.  Elapsed time: 00:00:16s.  Time for last 10,000:    0s.  Last read position: 4:44,099,387
INFO	2018-05-27 09:29:54	MergeVcfs	Processed     1,250,000 records.  Elapsed time: 00:00:16s.  Time for last 10,000:    0s.  Last read position: 4:53,192,500
INFO	2018-05-27 09:29:54	MergeVcfs	Processed     1,260,000 records.  Elapsed time: 00:00:16s.  Time for last 10,000:    0s.  Last read position: 4:58,421,637
INFO	2018-05-27 09:29:54	MergeVcfs	Processed     1,270,000 records.  Elapsed time: 00:00:16s.  Time for last 10,000:    0s.  Last read position: 4:62,285,514
INFO	2018-05-27 09:29:54	MergeVcfs	Processed     1,280,000 records.  Elapsed time: 00:00:16s.  Time for last 10,000:    0s.  Last read position: 4:67,906,054
INFO	2018-05-27 09:29:54	MergeVcfs	Processed     1,290,000 records.  Elapsed time: 00:00:16s.  Time for last 10,000:    0s.  Last read position: 4:72,440,346
INFO	2018-05-27 09:29:54	MergeVcfs	Processed     1,300,000 records.  Elapsed time: 00:00:16s.  Time for last 10,000:    0s.  Last read position: 4:77,426,617
INFO	2018-05-27 09:29:54	MergeVcfs	Processed     1,310,000 records.  Elapsed time: 00:00:16s.  Time for last 10,000:    0s.  Last read position: 4:82,951,896
INFO	2018-05-27 09:29:55	MergeVcfs	Processed     1,320,000 records.  Elapsed time: 00:00:16s.  Time for last 10,000:    0s.  Last read position: 4:87,836,855
INFO	2018-05-27 09:29:55	MergeVcfs	Processed     1,330,000 records.  Elapsed time: 00:00:16s.  Time for last 10,000:    0s.  Last read position: 4:93,497,673
INFO	2018-05-27 09:29:55	MergeVcfs	Processed     1,340,000 records.  Elapsed time: 00:00:17s.  Time for last 10,000:    0s.  Last read position: 4:98,984,493
INFO	2018-05-27 09:29:55	MergeVcfs	Processed     1,350,000 records.  Elapsed time: 00:00:17s.  Time for last 10,000:    0s.  Last read position: 4:104,569,590
INFO	2018-05-27 09:29:55	MergeVcfs	Processed     1,360,000 records.  Elapsed time: 00:00:17s.  Time for last 10,000:    0s.  Last read position: 4:110,726,322
INFO	2018-05-27 09:29:55	MergeVcfs	Processed     1,370,000 records.  Elapsed time: 00:00:17s.  Time for last 10,000:    0s.  Last read position: 4:116,166,819
INFO	2018-05-27 09:29:55	MergeVcfs	Processed     1,380,000 records.  Elapsed time: 00:00:17s.  Time for last 10,000:    0s.  Last read position: 4:120,747,341
INFO	2018-05-27 09:29:55	MergeVcfs	Processed     1,390,000 records.  Elapsed time: 00:00:17s.  Time for last 10,000:    0s.  Last read position: 4:126,817,634
INFO	2018-05-27 09:29:55	MergeVcfs	Processed     1,400,000 records.  Elapsed time: 00:00:17s.  Time for last 10,000:    0s.  Last read position: 4:133,462,194
INFO	2018-05-27 09:29:55	MergeVcfs	Processed     1,410,000 records.  Elapsed time: 00:00:17s.  Time for last 10,000:    0s.  Last read position: 4:138,571,663
INFO	2018-05-27 09:29:56	MergeVcfs	Processed     1,420,000 records.  Elapsed time: 00:00:17s.  Time for last 10,000:    0s.  Last read position: 4:144,193,117
INFO	2018-05-27 09:29:56	MergeVcfs	Processed     1,430,000 records.  Elapsed time: 00:00:17s.  Time for last 10,000:    0s.  Last read position: 4:150,732,455
INFO	2018-05-27 09:29:56	MergeVcfs	Processed     1,440,000 records.  Elapsed time: 00:00:18s.  Time for last 10,000:    0s.  Last read position: 4:156,975,257
INFO	2018-05-27 09:29:56	MergeVcfs	Processed     1,450,000 records.  Elapsed time: 00:00:18s.  Time for last 10,000:    0s.  Last read position: 4:162,645,525
INFO	2018-05-27 09:29:56	MergeVcfs	Processed     1,460,000 records.  Elapsed time: 00:00:18s.  Time for last 10,000:    0s.  Last read position: 4:167,278,699
INFO	2018-05-27 09:29:56	MergeVcfs	Processed     1,470,000 records.  Elapsed time: 00:00:18s.  Time for last 10,000:    0s.  Last read position: 4:172,336,293
INFO	2018-05-27 09:29:56	MergeVcfs	Processed     1,480,000 records.  Elapsed time: 00:00:18s.  Time for last 10,000:    0s.  Last read position: 4:177,793,625
INFO	2018-05-27 09:29:56	MergeVcfs	Processed     1,490,000 records.  Elapsed time: 00:00:18s.  Time for last 10,000:    0s.  Last read position: 4:182,407,406
INFO	2018-05-27 09:29:56	MergeVcfs	Processed     1,500,000 records.  Elapsed time: 00:00:18s.  Time for last 10,000:    0s.  Last read position: 4:186,738,300
INFO	2018-05-27 09:29:56	MergeVcfs	Processed     1,510,000 records.  Elapsed time: 00:00:18s.  Time for last 10,000:    0s.  Last read position: 4:190,514,456
INFO	2018-05-27 09:29:57	MergeVcfs	Processed     1,520,000 records.  Elapsed time: 00:00:18s.  Time for last 10,000:    0s.  Last read position: 5:3,001,789
INFO	2018-05-27 09:29:57	MergeVcfs	Processed     1,530,000 records.  Elapsed time: 00:00:19s.  Time for last 10,000:    0s.  Last read position: 5:7,150,487
INFO	2018-05-27 09:29:57	MergeVcfs	Processed     1,540,000 records.  Elapsed time: 00:00:19s.  Time for last 10,000:    0s.  Last read position: 5:11,962,977
INFO	2018-05-27 09:29:57	MergeVcfs	Processed     1,550,000 records.  Elapsed time: 00:00:19s.  Time for last 10,000:    0s.  Last read position: 5:17,517,572
INFO	2018-05-27 09:29:57	MergeVcfs	Processed     1,560,000 records.  Elapsed time: 00:00:19s.  Time for last 10,000:    0s.  Last read position: 5:22,669,080
INFO	2018-05-27 09:29:57	MergeVcfs	Processed     1,570,000 records.  Elapsed time: 00:00:19s.  Time for last 10,000:    0s.  Last read position: 5:27,867,896
INFO	2018-05-27 09:29:57	MergeVcfs	Processed     1,580,000 records.  Elapsed time: 00:00:19s.  Time for last 10,000:    0s.  Last read position: 5:32,483,881
INFO	2018-05-27 09:29:57	MergeVcfs	Processed     1,590,000 records.  Elapsed time: 00:00:19s.  Time for last 10,000:    0s.  Last read position: 5:37,893,932
INFO	2018-05-27 09:29:57	MergeVcfs	Processed     1,600,000 records.  Elapsed time: 00:00:19s.  Time for last 10,000:    0s.  Last read position: 5:43,341,327
INFO	2018-05-27 09:29:58	MergeVcfs	Processed     1,610,000 records.  Elapsed time: 00:00:19s.  Time for last 10,000:    0s.  Last read position: 5:52,527,005
INFO	2018-05-27 09:29:58	MergeVcfs	Processed     1,620,000 records.  Elapsed time: 00:00:19s.  Time for last 10,000:    0s.  Last read position: 5:58,071,678
INFO	2018-05-27 09:29:58	MergeVcfs	Processed     1,630,000 records.  Elapsed time: 00:00:20s.  Time for last 10,000:    0s.  Last read position: 5:64,936,767
INFO	2018-05-27 09:29:58	MergeVcfs	Processed     1,640,000 records.  Elapsed time: 00:00:20s.  Time for last 10,000:    0s.  Last read position: 5:72,991,374
INFO	2018-05-27 09:29:58	MergeVcfs	Processed     1,650,000 records.  Elapsed time: 00:00:20s.  Time for last 10,000:    0s.  Last read position: 5:78,516,547
INFO	2018-05-27 09:29:58	MergeVcfs	Processed     1,660,000 records.  Elapsed time: 00:00:20s.  Time for last 10,000:    0s.  Last read position: 5:84,592,507
INFO	2018-05-27 09:29:58	MergeVcfs	Processed     1,670,000 records.  Elapsed time: 00:00:20s.  Time for last 10,000:    0s.  Last read position: 5:92,474,980
INFO	2018-05-27 09:29:58	MergeVcfs	Processed     1,680,000 records.  Elapsed time: 00:00:20s.  Time for last 10,000:    0s.  Last read position: 5:99,445,042
INFO	2018-05-27 09:29:58	MergeVcfs	Processed     1,690,000 records.  Elapsed time: 00:00:20s.  Time for last 10,000:    0s.  Last read position: 5:106,250,730
INFO	2018-05-27 09:29:58	MergeVcfs	Processed     1,700,000 records.  Elapsed time: 00:00:20s.  Time for last 10,000:    0s.  Last read position: 5:111,919,680
INFO	2018-05-27 09:29:59	MergeVcfs	Processed     1,710,000 records.  Elapsed time: 00:00:20s.  Time for last 10,000:    0s.  Last read position: 5:116,872,087
INFO	2018-05-27 09:29:59	MergeVcfs	Processed     1,720,000 records.  Elapsed time: 00:00:20s.  Time for last 10,000:    0s.  Last read position: 5:122,618,955
INFO	2018-05-27 09:29:59	MergeVcfs	Processed     1,730,000 records.  Elapsed time: 00:00:21s.  Time for last 10,000:    0s.  Last read position: 5:127,922,862
INFO	2018-05-27 09:29:59	MergeVcfs	Processed     1,740,000 records.  Elapsed time: 00:00:21s.  Time for last 10,000:    0s.  Last read position: 5:133,699,670
INFO	2018-05-27 09:29:59	MergeVcfs	Processed     1,750,000 records.  Elapsed time: 00:00:21s.  Time for last 10,000:    0s.  Last read position: 5:141,021,935
INFO	2018-05-27 09:29:59	MergeVcfs	Processed     1,760,000 records.  Elapsed time: 00:00:21s.  Time for last 10,000:    0s.  Last read position: 5:146,990,183
INFO	2018-05-27 09:29:59	MergeVcfs	Processed     1,770,000 records.  Elapsed time: 00:00:21s.  Time for last 10,000:    0s.  Last read position: 5:152,790,788
INFO	2018-05-27 09:29:59	MergeVcfs	Processed     1,780,000 records.  Elapsed time: 00:00:21s.  Time for last 10,000:    0s.  Last read position: 5:159,092,417
INFO	2018-05-27 09:29:59	MergeVcfs	Processed     1,790,000 records.  Elapsed time: 00:00:21s.  Time for last 10,000:    0s.  Last read position: 5:164,625,133
INFO	2018-05-27 09:29:59	MergeVcfs	Processed     1,800,000 records.  Elapsed time: 00:00:21s.  Time for last 10,000:    0s.  Last read position: 5:170,473,362
INFO	2018-05-27 09:30:00	MergeVcfs	Processed     1,810,000 records.  Elapsed time: 00:00:21s.  Time for last 10,000:    0s.  Last read position: 5:175,346,528
INFO	2018-05-27 09:30:00	MergeVcfs	Processed     1,820,000 records.  Elapsed time: 00:00:21s.  Time for last 10,000:    0s.  Last read position: 5:180,569,007
INFO	2018-05-27 09:30:00	MergeVcfs	Processed     1,830,000 records.  Elapsed time: 00:00:22s.  Time for last 10,000:    0s.  Last read position: 6:4,337,923
INFO	2018-05-27 09:30:00	MergeVcfs	Processed     1,840,000 records.  Elapsed time: 00:00:22s.  Time for last 10,000:    0s.  Last read position: 6:8,451,966
INFO	2018-05-27 09:30:00	MergeVcfs	Processed     1,850,000 records.  Elapsed time: 00:00:22s.  Time for last 10,000:    0s.  Last read position: 6:13,157,870
INFO	2018-05-27 09:30:00	MergeVcfs	Processed     1,860,000 records.  Elapsed time: 00:00:22s.  Time for last 10,000:    0s.  Last read position: 6:18,371,898
INFO	2018-05-27 09:30:00	MergeVcfs	Processed     1,870,000 records.  Elapsed time: 00:00:22s.  Time for last 10,000:    0s.  Last read position: 6:23,319,559
INFO	2018-05-27 09:30:00	MergeVcfs	Processed     1,880,000 records.  Elapsed time: 00:00:22s.  Time for last 10,000:    0s.  Last read position: 6:28,618,341
INFO	2018-05-27 09:30:00	MergeVcfs	Processed     1,890,000 records.  Elapsed time: 00:00:22s.  Time for last 10,000:    0s.  Last read position: 6:31,271,064
INFO	2018-05-27 09:30:00	MergeVcfs	Processed     1,900,000 records.  Elapsed time: 00:00:22s.  Time for last 10,000:    0s.  Last read position: 6:33,041,073
INFO	2018-05-27 09:30:01	MergeVcfs	Processed     1,910,000 records.  Elapsed time: 00:00:22s.  Time for last 10,000:    0s.  Last read position: 6:38,089,092
INFO	2018-05-27 09:30:01	MergeVcfs	Processed     1,920,000 records.  Elapsed time: 00:00:22s.  Time for last 10,000:    0s.  Last read position: 6:44,173,730
INFO	2018-05-27 09:30:01	MergeVcfs	Processed     1,930,000 records.  Elapsed time: 00:00:23s.  Time for last 10,000:    0s.  Last read position: 6:50,130,655
INFO	2018-05-27 09:30:01	MergeVcfs	Processed     1,940,000 records.  Elapsed time: 00:00:23s.  Time for last 10,000:    0s.  Last read position: 6:55,786,468
INFO	2018-05-27 09:30:01	MergeVcfs	Processed     1,950,000 records.  Elapsed time: 00:00:23s.  Time for last 10,000:    0s.  Last read position: 6:64,077,962
INFO	2018-05-27 09:30:01	MergeVcfs	Processed     1,960,000 records.  Elapsed time: 00:00:23s.  Time for last 10,000:    0s.  Last read position: 6:68,480,758
INFO	2018-05-27 09:30:01	MergeVcfs	Processed     1,970,000 records.  Elapsed time: 00:00:23s.  Time for last 10,000:    0s.  Last read position: 6:74,487,758
INFO	2018-05-27 09:30:01	MergeVcfs	Processed     1,980,000 records.  Elapsed time: 00:00:23s.  Time for last 10,000:    0s.  Last read position: 6:79,967,505
INFO	2018-05-27 09:30:01	MergeVcfs	Processed     1,990,000 records.  Elapsed time: 00:00:23s.  Time for last 10,000:    0s.  Last read position: 6:85,580,464
INFO	2018-05-27 09:30:02	MergeVcfs	Processed     2,000,000 records.  Elapsed time: 00:00:23s.  Time for last 10,000:    0s.  Last read position: 6:91,123,109
INFO	2018-05-27 09:30:02	MergeVcfs	Processed     2,010,000 records.  Elapsed time: 00:00:23s.  Time for last 10,000:    0s.  Last read position: 6:96,367,239
INFO	2018-05-27 09:30:02	MergeVcfs	Processed     2,020,000 records.  Elapsed time: 00:00:24s.  Time for last 10,000:    0s.  Last read position: 6:102,748,202
INFO	2018-05-27 09:30:02	MergeVcfs	Processed     2,030,000 records.  Elapsed time: 00:00:24s.  Time for last 10,000:    0s.  Last read position: 6:107,569,043
INFO	2018-05-27 09:30:02	MergeVcfs	Processed     2,040,000 records.  Elapsed time: 00:00:24s.  Time for last 10,000:    0s.  Last read position: 6:114,220,742
INFO	2018-05-27 09:30:02	MergeVcfs	Processed     2,050,000 records.  Elapsed time: 00:00:24s.  Time for last 10,000:    0s.  Last read position: 6:120,353,010
INFO	2018-05-27 09:30:02	MergeVcfs	Processed     2,060,000 records.  Elapsed time: 00:00:24s.  Time for last 10,000:    0s.  Last read position: 6:125,414,974
INFO	2018-05-27 09:30:02	MergeVcfs	Processed     2,070,000 records.  Elapsed time: 00:00:24s.  Time for last 10,000:    0s.  Last read position: 6:131,726,684
INFO	2018-05-27 09:30:02	MergeVcfs	Processed     2,080,000 records.  Elapsed time: 00:00:24s.  Time for last 10,000:    0s.  Last read position: 6:137,624,866
INFO	2018-05-27 09:30:02	MergeVcfs	Processed     2,090,000 records.  Elapsed time: 00:00:24s.  Time for last 10,000:    0s.  Last read position: 6:144,019,874
INFO	2018-05-27 09:30:03	MergeVcfs	Processed     2,100,000 records.  Elapsed time: 00:00:24s.  Time for last 10,000:    0s.  Last read position: 6:149,813,467
INFO	2018-05-27 09:30:03	MergeVcfs	Processed     2,110,000 records.  Elapsed time: 00:00:24s.  Time for last 10,000:    0s.  Last read position: 6:154,538,567
INFO	2018-05-27 09:30:03	MergeVcfs	Processed     2,120,000 records.  Elapsed time: 00:00:25s.  Time for last 10,000:    0s.  Last read position: 6:159,887,184
INFO	2018-05-27 09:30:03	MergeVcfs	Processed     2,130,000 records.  Elapsed time: 00:00:25s.  Time for last 10,000:    0s.  Last read position: 6:164,605,713
INFO	2018-05-27 09:30:03	MergeVcfs	Processed     2,140,000 records.  Elapsed time: 00:00:25s.  Time for last 10,000:    0s.  Last read position: 6:169,036,999
INFO	2018-05-27 09:30:03	MergeVcfs	Processed     2,150,000 records.  Elapsed time: 00:00:25s.  Time for last 10,000:    0s.  Last read position: 7:2,534,392
INFO	2018-05-27 09:30:03	MergeVcfs	Processed     2,160,000 records.  Elapsed time: 00:00:25s.  Time for last 10,000:    0s.  Last read position: 7:7,359,436
INFO	2018-05-27 09:30:03	MergeVcfs	Processed     2,170,000 records.  Elapsed time: 00:00:25s.  Time for last 10,000:    0s.  Last read position: 7:11,494,192
INFO	2018-05-27 09:30:03	MergeVcfs	Processed     2,180,000 records.  Elapsed time: 00:00:25s.  Time for last 10,000:    0s.  Last read position: 7:15,779,852
INFO	2018-05-27 09:30:03	MergeVcfs	Processed     2,190,000 records.  Elapsed time: 00:00:25s.  Time for last 10,000:    0s.  Last read position: 7:21,285,304
INFO	2018-05-27 09:30:04	MergeVcfs	Processed     2,200,000 records.  Elapsed time: 00:00:25s.  Time for last 10,000:    0s.  Last read position: 7:26,649,365
INFO	2018-05-27 09:30:04	MergeVcfs	Processed     2,210,000 records.  Elapsed time: 00:00:25s.  Time for last 10,000:    0s.  Last read position: 7:32,472,099
INFO	2018-05-27 09:30:04	MergeVcfs	Processed     2,220,000 records.  Elapsed time: 00:00:26s.  Time for last 10,000:    0s.  Last read position: 7:37,655,427
INFO	2018-05-27 09:30:04	MergeVcfs	Processed     2,230,000 records.  Elapsed time: 00:00:26s.  Time for last 10,000:    0s.  Last read position: 7:43,211,693
[Sun May 27 09:30:04 UTC 2018] picard.vcf.MergeVcfs done. Elapsed time: 0.44 minutes.
Runtime.totalMemory()=219152384
To get help, see http://broadinstitute.github.io/picard/index.html#GettingHelp
Exception in thread "main" java.lang.IllegalStateException: The elements of the input Iterators are not sorted according to the comparator htsjdk.variant.variantcontext.VariantContextComparator
	at htsjdk.samtools.util.MergingIterator.next(MergingIterator.java:113)
	at picard.vcf.MergeVcfs.doWork(MergeVcfs.java:221)
	at picard.cmdline.CommandLineProgram.instanceMain(CommandLineProgram.java:282)
	at picard.cmdline.PicardCommandLine.instanceMain(PicardCommandLine.java:98)
	at picard.cmdline.PicardCommandLine.main(PicardCommandLine.java:108)
