Starting s01_count_variants_ddr_control_kgen.sh
Sun 27 May 15:52:07 UTC 2018


DDR Positive Individual HG00179 (FIN (EUR))
Criteria met - 9 missense variants

Variant count using Grep -vc ^#

4238175

Variant count using GATK_4 Count Variants

Using GATK jar /home/ec2-user/tools/gatk_4_0/gatk-4.0.2.1/gatk-package-4.0.2.1-local.jar
Running:
    java -Dsamjdk.use_async_io_read_samtools=false -Dsamjdk.use_async_io_write_samtools=true -Dsamjdk.use_async_io_write_tribble=false -Dsamjdk.compression_level=1 -jar /home/ec2-user/tools/gatk_4_0/gatk-4.0.2.1/gatk-package-4.0.2.1-local.jar CountVariants -V /home/ec2-user/results/data_analysis/gt_individuals/kgen/ddr_control//HG00179/s01_HG00179_ddr_control_kgen_merged_raw.vcf.gz
15:52:14.420 INFO  NativeLibraryLoader - Loading libgkl_compression.so from jar:file:/home/ec2-user/tools/gatk_4_0/gatk-4.0.2.1/gatk-package-4.0.2.1-local.jar!/com/intel/gkl/native/libgkl_compression.so
15:52:14.558 INFO  CountVariants - ------------------------------------------------------------
15:52:14.558 INFO  CountVariants - The Genome Analysis Toolkit (GATK) v4.0.2.1
15:52:14.558 INFO  CountVariants - For support and documentation go to https://software.broadinstitute.org/gatk/
15:52:14.558 INFO  CountVariants - Executing as ec2-user@ip-172-31-36-234 on Linux v4.14.33-51.37.amzn1.x86_64 amd64
15:52:14.558 INFO  CountVariants - Java runtime: OpenJDK 64-Bit Server VM v1.8.0_171-b10
15:52:14.559 INFO  CountVariants - Start Date/Time: 27 May 2018 15:52:14 UTC
15:52:14.559 INFO  CountVariants - ------------------------------------------------------------
15:52:14.559 INFO  CountVariants - ------------------------------------------------------------
15:52:14.559 INFO  CountVariants - HTSJDK Version: 2.14.3
15:52:14.559 INFO  CountVariants - Picard Version: 2.17.2
15:52:14.559 INFO  CountVariants - HTSJDK Defaults.COMPRESSION_LEVEL : 1
15:52:14.559 INFO  CountVariants - HTSJDK Defaults.USE_ASYNC_IO_READ_FOR_SAMTOOLS : false
15:52:14.559 INFO  CountVariants - HTSJDK Defaults.USE_ASYNC_IO_WRITE_FOR_SAMTOOLS : true
15:52:14.559 INFO  CountVariants - HTSJDK Defaults.USE_ASYNC_IO_WRITE_FOR_TRIBBLE : false
15:52:14.559 INFO  CountVariants - Deflater: IntelDeflater
15:52:14.559 INFO  CountVariants - Inflater: IntelInflater
15:52:14.560 INFO  CountVariants - GCS max retries/reopens: 20
15:52:14.560 INFO  CountVariants - Using google-cloud-java patch 6d11bef1c81f885c26b2b56c8616b7a705171e4f from https://github.com/droazen/google-cloud-java/tree/dr_all_nio_fixes
15:52:14.560 INFO  CountVariants - Initializing engine
15:52:14.877 INFO  FeatureManager - Using codec VCFCodec to read file file:///home/ec2-user/results/data_analysis/gt_individuals/kgen/ddr_control/HG00179/s01_HG00179_ddr_control_kgen_merged_raw.vcf.gz
15:52:15.187 INFO  CountVariants - Done initializing engine
15:52:15.187 INFO  ProgressMeter - Starting traversal
15:52:15.187 INFO  ProgressMeter -        Current Locus  Elapsed Minutes    Variants Processed  Variants/Minute
15:52:25.188 INFO  ProgressMeter -         11:107879887              0.2               2798000       16788000.0
15:52:29.799 INFO  ProgressMeter -          X:155169158              0.2               4238175       17404044.9
15:52:29.799 INFO  ProgressMeter - Traversal complete. Processed 4238175 total variants in 0.2 minutes.
15:52:29.799 INFO  CountVariants - Shutting down engine
[27 May 2018 15:52:29 UTC] org.broadinstitute.hellbender.tools.walkers.CountVariants done. Elapsed time: 0.26 minutes.
Runtime.totalMemory()=741867520
Tool returned:
4238175

DDR Positive Individual HG00351 (FIN (EUR))
Criteria met - 6 missense variants

Variant count using Grep -vc ^#

4186098

Variant count using GATK_4 Count Variants

Using GATK jar /home/ec2-user/tools/gatk_4_0/gatk-4.0.2.1/gatk-package-4.0.2.1-local.jar
Running:
    java -Dsamjdk.use_async_io_read_samtools=false -Dsamjdk.use_async_io_write_samtools=true -Dsamjdk.use_async_io_write_tribble=false -Dsamjdk.compression_level=1 -jar /home/ec2-user/tools/gatk_4_0/gatk-4.0.2.1/gatk-package-4.0.2.1-local.jar CountVariants -V /home/ec2-user/results/data_analysis/gt_individuals/kgen/ddr_control//HG00351/s01_HG00351_ddr_control_kgen_merged_raw.vcf.gz
15:52:36.295 INFO  NativeLibraryLoader - Loading libgkl_compression.so from jar:file:/home/ec2-user/tools/gatk_4_0/gatk-4.0.2.1/gatk-package-4.0.2.1-local.jar!/com/intel/gkl/native/libgkl_compression.so
15:52:36.475 INFO  CountVariants - ------------------------------------------------------------
15:52:36.475 INFO  CountVariants - The Genome Analysis Toolkit (GATK) v4.0.2.1
15:52:36.475 INFO  CountVariants - For support and documentation go to https://software.broadinstitute.org/gatk/
15:52:36.475 INFO  CountVariants - Executing as ec2-user@ip-172-31-36-234 on Linux v4.14.33-51.37.amzn1.x86_64 amd64
15:52:36.475 INFO  CountVariants - Java runtime: OpenJDK 64-Bit Server VM v1.8.0_171-b10
15:52:36.476 INFO  CountVariants - Start Date/Time: 27 May 2018 15:52:36 UTC
15:52:36.476 INFO  CountVariants - ------------------------------------------------------------
15:52:36.476 INFO  CountVariants - ------------------------------------------------------------
15:52:36.476 INFO  CountVariants - HTSJDK Version: 2.14.3
15:52:36.476 INFO  CountVariants - Picard Version: 2.17.2
15:52:36.476 INFO  CountVariants - HTSJDK Defaults.COMPRESSION_LEVEL : 1
15:52:36.476 INFO  CountVariants - HTSJDK Defaults.USE_ASYNC_IO_READ_FOR_SAMTOOLS : false
15:52:36.476 INFO  CountVariants - HTSJDK Defaults.USE_ASYNC_IO_WRITE_FOR_SAMTOOLS : true
15:52:36.476 INFO  CountVariants - HTSJDK Defaults.USE_ASYNC_IO_WRITE_FOR_TRIBBLE : false
15:52:36.477 INFO  CountVariants - Deflater: IntelDeflater
15:52:36.477 INFO  CountVariants - Inflater: IntelInflater
15:52:36.477 INFO  CountVariants - GCS max retries/reopens: 20
15:52:36.477 INFO  CountVariants - Using google-cloud-java patch 6d11bef1c81f885c26b2b56c8616b7a705171e4f from https://github.com/droazen/google-cloud-java/tree/dr_all_nio_fixes
15:52:36.477 INFO  CountVariants - Initializing engine
15:52:36.805 INFO  FeatureManager - Using codec VCFCodec to read file file:///home/ec2-user/results/data_analysis/gt_individuals/kgen/ddr_control/HG00351/s01_HG00351_ddr_control_kgen_merged_raw.vcf.gz
15:52:37.115 INFO  CountVariants - Done initializing engine
15:52:37.115 INFO  ProgressMeter - Starting traversal
15:52:37.115 INFO  ProgressMeter -        Current Locus  Elapsed Minutes    Variants Processed  Variants/Minute
15:52:47.118 INFO  ProgressMeter -           12:9810914              0.2               2848000       17086291.4
15:52:51.409 INFO  ProgressMeter -          X:155203736              0.2               4186098       17572649.5
15:52:51.409 INFO  ProgressMeter - Traversal complete. Processed 4186098 total variants in 0.2 minutes.
15:52:51.410 INFO  CountVariants - Shutting down engine
[27 May 2018 15:52:51 UTC] org.broadinstitute.hellbender.tools.walkers.CountVariants done. Elapsed time: 0.25 minutes.
Runtime.totalMemory()=741343232
Tool returned:
4186098

DDR Positive Individual HG02050 (KHV (EAS))
Criteria met - 4 missense variants

Variant count using Grep -vc ^#

4213227

Variant count using GATK_4 Count Variants

Using GATK jar /home/ec2-user/tools/gatk_4_0/gatk-4.0.2.1/gatk-package-4.0.2.1-local.jar
Running:
    java -Dsamjdk.use_async_io_read_samtools=false -Dsamjdk.use_async_io_write_samtools=true -Dsamjdk.use_async_io_write_tribble=false -Dsamjdk.compression_level=1 -jar /home/ec2-user/tools/gatk_4_0/gatk-4.0.2.1/gatk-package-4.0.2.1-local.jar CountVariants -V /home/ec2-user/results/data_analysis/gt_individuals/kgen/ddr_control//HG02050/s01_HG02050_ddr_control_kgen_merged_raw.vcf.gz
15:52:57.897 INFO  NativeLibraryLoader - Loading libgkl_compression.so from jar:file:/home/ec2-user/tools/gatk_4_0/gatk-4.0.2.1/gatk-package-4.0.2.1-local.jar!/com/intel/gkl/native/libgkl_compression.so
15:52:58.034 INFO  CountVariants - ------------------------------------------------------------
15:52:58.035 INFO  CountVariants - The Genome Analysis Toolkit (GATK) v4.0.2.1
15:52:58.035 INFO  CountVariants - For support and documentation go to https://software.broadinstitute.org/gatk/
15:52:58.035 INFO  CountVariants - Executing as ec2-user@ip-172-31-36-234 on Linux v4.14.33-51.37.amzn1.x86_64 amd64
15:52:58.035 INFO  CountVariants - Java runtime: OpenJDK 64-Bit Server VM v1.8.0_171-b10
15:52:58.035 INFO  CountVariants - Start Date/Time: 27 May 2018 15:52:57 UTC
15:52:58.035 INFO  CountVariants - ------------------------------------------------------------
15:52:58.035 INFO  CountVariants - ------------------------------------------------------------
15:52:58.036 INFO  CountVariants - HTSJDK Version: 2.14.3
15:52:58.036 INFO  CountVariants - Picard Version: 2.17.2
15:52:58.036 INFO  CountVariants - HTSJDK Defaults.COMPRESSION_LEVEL : 1
15:52:58.036 INFO  CountVariants - HTSJDK Defaults.USE_ASYNC_IO_READ_FOR_SAMTOOLS : false
15:52:58.036 INFO  CountVariants - HTSJDK Defaults.USE_ASYNC_IO_WRITE_FOR_SAMTOOLS : true
15:52:58.036 INFO  CountVariants - HTSJDK Defaults.USE_ASYNC_IO_WRITE_FOR_TRIBBLE : false
15:52:58.036 INFO  CountVariants - Deflater: IntelDeflater
15:52:58.036 INFO  CountVariants - Inflater: IntelInflater
15:52:58.036 INFO  CountVariants - GCS max retries/reopens: 20
15:52:58.036 INFO  CountVariants - Using google-cloud-java patch 6d11bef1c81f885c26b2b56c8616b7a705171e4f from https://github.com/droazen/google-cloud-java/tree/dr_all_nio_fixes
15:52:58.036 INFO  CountVariants - Initializing engine
15:52:58.369 INFO  FeatureManager - Using codec VCFCodec to read file file:///home/ec2-user/results/data_analysis/gt_individuals/kgen/ddr_control/HG02050/s01_HG02050_ddr_control_kgen_merged_raw.vcf.gz
15:52:58.672 INFO  CountVariants - Done initializing engine
15:52:58.673 INFO  ProgressMeter - Starting traversal
15:52:58.673 INFO  ProgressMeter -        Current Locus  Elapsed Minutes    Variants Processed  Variants/Minute
15:53:08.675 INFO  ProgressMeter -          12:21227902              0.2               2875000       17250000.0
15:53:12.888 INFO  ProgressMeter -          X:155157231              0.2               4213227       17784833.3
15:53:12.888 INFO  ProgressMeter - Traversal complete. Processed 4213227 total variants in 0.2 minutes.
15:53:12.888 INFO  CountVariants - Shutting down engine
[27 May 2018 15:53:12 UTC] org.broadinstitute.hellbender.tools.walkers.CountVariants done. Elapsed time: 0.25 minutes.
Runtime.totalMemory()=742391808
Tool returned:
4213227

DDR Positive Individual HG02067 (KHV (EAS))
criteria met - 0 missense variants

Variant count using Grep -vc ^#

4222920

Variant count using GATK_4 Count Variants

Using GATK jar /home/ec2-user/tools/gatk_4_0/gatk-4.0.2.1/gatk-package-4.0.2.1-local.jar
Running:
    java -Dsamjdk.use_async_io_read_samtools=false -Dsamjdk.use_async_io_write_samtools=true -Dsamjdk.use_async_io_write_tribble=false -Dsamjdk.compression_level=1 -jar /home/ec2-user/tools/gatk_4_0/gatk-4.0.2.1/gatk-package-4.0.2.1-local.jar CountVariants -V /home/ec2-user/results/data_analysis/gt_individuals/kgen/ddr_control//HG02067/s01_HG02067_ddr_control_kgen_merged_raw.vcf.gz
15:53:19.432 INFO  NativeLibraryLoader - Loading libgkl_compression.so from jar:file:/home/ec2-user/tools/gatk_4_0/gatk-4.0.2.1/gatk-package-4.0.2.1-local.jar!/com/intel/gkl/native/libgkl_compression.so
15:53:19.565 INFO  CountVariants - ------------------------------------------------------------
15:53:19.565 INFO  CountVariants - The Genome Analysis Toolkit (GATK) v4.0.2.1
15:53:19.565 INFO  CountVariants - For support and documentation go to https://software.broadinstitute.org/gatk/
15:53:19.567 INFO  CountVariants - Executing as ec2-user@ip-172-31-36-234 on Linux v4.14.33-51.37.amzn1.x86_64 amd64
15:53:19.567 INFO  CountVariants - Java runtime: OpenJDK 64-Bit Server VM v1.8.0_171-b10
15:53:19.567 INFO  CountVariants - Start Date/Time: 27 May 2018 15:53:19 UTC
15:53:19.567 INFO  CountVariants - ------------------------------------------------------------
15:53:19.567 INFO  CountVariants - ------------------------------------------------------------
15:53:19.568 INFO  CountVariants - HTSJDK Version: 2.14.3
15:53:19.569 INFO  CountVariants - Picard Version: 2.17.2
15:53:19.569 INFO  CountVariants - HTSJDK Defaults.COMPRESSION_LEVEL : 1
15:53:19.569 INFO  CountVariants - HTSJDK Defaults.USE_ASYNC_IO_READ_FOR_SAMTOOLS : false
15:53:19.569 INFO  CountVariants - HTSJDK Defaults.USE_ASYNC_IO_WRITE_FOR_SAMTOOLS : true
15:53:19.569 INFO  CountVariants - HTSJDK Defaults.USE_ASYNC_IO_WRITE_FOR_TRIBBLE : false
15:53:19.569 INFO  CountVariants - Deflater: IntelDeflater
15:53:19.569 INFO  CountVariants - Inflater: IntelInflater
15:53:19.569 INFO  CountVariants - GCS max retries/reopens: 20
15:53:19.569 INFO  CountVariants - Using google-cloud-java patch 6d11bef1c81f885c26b2b56c8616b7a705171e4f from https://github.com/droazen/google-cloud-java/tree/dr_all_nio_fixes
15:53:19.569 INFO  CountVariants - Initializing engine
15:53:19.899 INFO  FeatureManager - Using codec VCFCodec to read file file:///home/ec2-user/results/data_analysis/gt_individuals/kgen/ddr_control/HG02067/s01_HG02067_ddr_control_kgen_merged_raw.vcf.gz
15:53:20.235 INFO  CountVariants - Done initializing engine
15:53:20.235 INFO  ProgressMeter - Starting traversal
15:53:20.236 INFO  ProgressMeter -        Current Locus  Elapsed Minutes    Variants Processed  Variants/Minute
15:53:30.241 INFO  ProgressMeter -         11:120175048              0.2               2819000       16907237.1
15:53:34.733 INFO  ProgressMeter -          X:154078042              0.2               4222920       17477767.8
15:53:34.733 INFO  ProgressMeter - Traversal complete. Processed 4222920 total variants in 0.2 minutes.
15:53:34.733 INFO  CountVariants - Shutting down engine
[27 May 2018 15:53:34 UTC] org.broadinstitute.hellbender.tools.walkers.CountVariants done. Elapsed time: 0.26 minutes.
Runtime.totalMemory()=742391808
Tool returned:
4222920

DDR Positive Individual HG02462 (GWD (AFR))
Criteria met - 17 missense variants

Variant count using Grep -vc ^#

5170808

Variant count using GATK_4 Count Variants

Using GATK jar /home/ec2-user/tools/gatk_4_0/gatk-4.0.2.1/gatk-package-4.0.2.1-local.jar
Running:
    java -Dsamjdk.use_async_io_read_samtools=false -Dsamjdk.use_async_io_write_samtools=true -Dsamjdk.use_async_io_write_tribble=false -Dsamjdk.compression_level=1 -jar /home/ec2-user/tools/gatk_4_0/gatk-4.0.2.1/gatk-package-4.0.2.1-local.jar CountVariants -V /home/ec2-user/results/data_analysis/gt_individuals/kgen/ddr_control//HG02462/s01_HG02462_ddr_control_kgen_merged_raw.vcf.gz
15:53:42.069 INFO  NativeLibraryLoader - Loading libgkl_compression.so from jar:file:/home/ec2-user/tools/gatk_4_0/gatk-4.0.2.1/gatk-package-4.0.2.1-local.jar!/com/intel/gkl/native/libgkl_compression.so
15:53:42.212 INFO  CountVariants - ------------------------------------------------------------
15:53:42.212 INFO  CountVariants - The Genome Analysis Toolkit (GATK) v4.0.2.1
15:53:42.212 INFO  CountVariants - For support and documentation go to https://software.broadinstitute.org/gatk/
15:53:42.214 INFO  CountVariants - Executing as ec2-user@ip-172-31-36-234 on Linux v4.14.33-51.37.amzn1.x86_64 amd64
15:53:42.214 INFO  CountVariants - Java runtime: OpenJDK 64-Bit Server VM v1.8.0_171-b10
15:53:42.214 INFO  CountVariants - Start Date/Time: 27 May 2018 15:53:42 UTC
15:53:42.214 INFO  CountVariants - ------------------------------------------------------------
15:53:42.214 INFO  CountVariants - ------------------------------------------------------------
15:53:42.215 INFO  CountVariants - HTSJDK Version: 2.14.3
15:53:42.215 INFO  CountVariants - Picard Version: 2.17.2
15:53:42.215 INFO  CountVariants - HTSJDK Defaults.COMPRESSION_LEVEL : 1
15:53:42.215 INFO  CountVariants - HTSJDK Defaults.USE_ASYNC_IO_READ_FOR_SAMTOOLS : false
15:53:42.215 INFO  CountVariants - HTSJDK Defaults.USE_ASYNC_IO_WRITE_FOR_SAMTOOLS : true
15:53:42.215 INFO  CountVariants - HTSJDK Defaults.USE_ASYNC_IO_WRITE_FOR_TRIBBLE : false
15:53:42.215 INFO  CountVariants - Deflater: IntelDeflater
15:53:42.215 INFO  CountVariants - Inflater: IntelInflater
15:53:42.216 INFO  CountVariants - GCS max retries/reopens: 20
15:53:42.216 INFO  CountVariants - Using google-cloud-java patch 6d11bef1c81f885c26b2b56c8616b7a705171e4f from https://github.com/droazen/google-cloud-java/tree/dr_all_nio_fixes
15:53:42.216 INFO  CountVariants - Initializing engine
15:53:42.550 INFO  FeatureManager - Using codec VCFCodec to read file file:///home/ec2-user/results/data_analysis/gt_individuals/kgen/ddr_control/HG02462/s01_HG02462_ddr_control_kgen_merged_raw.vcf.gz
15:53:42.910 INFO  CountVariants - Done initializing engine
15:53:42.910 INFO  ProgressMeter - Starting traversal
15:53:42.910 INFO  ProgressMeter -        Current Locus  Elapsed Minutes    Variants Processed  Variants/Minute
15:53:52.913 INFO  ProgressMeter -          8:116045246              0.2               2661000       15962807.4
15:54:01.390 INFO  ProgressMeter -          X:154891554              0.3               5170808       16788337.7
15:54:01.391 INFO  ProgressMeter - Traversal complete. Processed 5170808 total variants in 0.3 minutes.
15:54:01.391 INFO  CountVariants - Shutting down engine
[27 May 2018 15:54:01 UTC] org.broadinstitute.hellbender.tools.walkers.CountVariants done. Elapsed time: 0.32 minutes.
Runtime.totalMemory()=736624640
Tool returned:
5170808

DDR Positive Individual NA19315 (LWK (AFR))
Criteria met - 7 missense / 1 NC_transcript_exon_variant

Variant count using Grep -vc ^#

5154688

Variant count using GATK_4 Count Variants

Using GATK jar /home/ec2-user/tools/gatk_4_0/gatk-4.0.2.1/gatk-package-4.0.2.1-local.jar
Running:
    java -Dsamjdk.use_async_io_read_samtools=false -Dsamjdk.use_async_io_write_samtools=true -Dsamjdk.use_async_io_write_tribble=false -Dsamjdk.compression_level=1 -jar /home/ec2-user/tools/gatk_4_0/gatk-4.0.2.1/gatk-package-4.0.2.1-local.jar CountVariants -V /home/ec2-user/results/data_analysis/gt_individuals/kgen/ddr_control//NA19315/s01_NA19315_ddr_control_kgen_merged_raw.vcf.gz
15:54:08.770 INFO  NativeLibraryLoader - Loading libgkl_compression.so from jar:file:/home/ec2-user/tools/gatk_4_0/gatk-4.0.2.1/gatk-package-4.0.2.1-local.jar!/com/intel/gkl/native/libgkl_compression.so
15:54:08.905 INFO  CountVariants - ------------------------------------------------------------
15:54:08.905 INFO  CountVariants - The Genome Analysis Toolkit (GATK) v4.0.2.1
15:54:08.905 INFO  CountVariants - For support and documentation go to https://software.broadinstitute.org/gatk/
15:54:08.905 INFO  CountVariants - Executing as ec2-user@ip-172-31-36-234 on Linux v4.14.33-51.37.amzn1.x86_64 amd64
15:54:08.906 INFO  CountVariants - Java runtime: OpenJDK 64-Bit Server VM v1.8.0_171-b10
15:54:08.906 INFO  CountVariants - Start Date/Time: 27 May 2018 15:54:08 UTC
15:54:08.906 INFO  CountVariants - ------------------------------------------------------------
15:54:08.906 INFO  CountVariants - ------------------------------------------------------------
15:54:08.906 INFO  CountVariants - HTSJDK Version: 2.14.3
15:54:08.906 INFO  CountVariants - Picard Version: 2.17.2
15:54:08.906 INFO  CountVariants - HTSJDK Defaults.COMPRESSION_LEVEL : 1
15:54:08.907 INFO  CountVariants - HTSJDK Defaults.USE_ASYNC_IO_READ_FOR_SAMTOOLS : false
15:54:08.907 INFO  CountVariants - HTSJDK Defaults.USE_ASYNC_IO_WRITE_FOR_SAMTOOLS : true
15:54:08.907 INFO  CountVariants - HTSJDK Defaults.USE_ASYNC_IO_WRITE_FOR_TRIBBLE : false
15:54:08.907 INFO  CountVariants - Deflater: IntelDeflater
15:54:08.907 INFO  CountVariants - Inflater: IntelInflater
15:54:08.907 INFO  CountVariants - GCS max retries/reopens: 20
15:54:08.907 INFO  CountVariants - Using google-cloud-java patch 6d11bef1c81f885c26b2b56c8616b7a705171e4f from https://github.com/droazen/google-cloud-java/tree/dr_all_nio_fixes
15:54:08.907 INFO  CountVariants - Initializing engine
15:54:09.244 INFO  FeatureManager - Using codec VCFCodec to read file file:///home/ec2-user/results/data_analysis/gt_individuals/kgen/ddr_control/NA19315/s01_NA19315_ddr_control_kgen_merged_raw.vcf.gz
15:54:09.588 INFO  CountVariants - Done initializing engine
15:54:09.588 INFO  ProgressMeter - Starting traversal
15:54:09.588 INFO  ProgressMeter -        Current Locus  Elapsed Minutes    Variants Processed  Variants/Minute
15:54:19.589 INFO  ProgressMeter -           9:74655012              0.2               2812000       16872000.0
15:54:27.128 INFO  ProgressMeter -          X:154953884              0.3               5154688       17633917.6
15:54:27.128 INFO  ProgressMeter - Traversal complete. Processed 5154688 total variants in 0.3 minutes.
15:54:27.128 INFO  CountVariants - Shutting down engine
[27 May 2018 15:54:27 UTC] org.broadinstitute.hellbender.tools.walkers.CountVariants done. Elapsed time: 0.31 minutes.
Runtime.totalMemory()=742916096
Tool returned:
5154688

DDR Positive Individual NA19908 (ASW (AFR))
Criteria met - 12 missense variants

Variant count using Grep -vc ^#

5037913

Variant count using GATK_4 Count Variants

Using GATK jar /home/ec2-user/tools/gatk_4_0/gatk-4.0.2.1/gatk-package-4.0.2.1-local.jar
Running:
    java -Dsamjdk.use_async_io_read_samtools=false -Dsamjdk.use_async_io_write_samtools=true -Dsamjdk.use_async_io_write_tribble=false -Dsamjdk.compression_level=1 -jar /home/ec2-user/tools/gatk_4_0/gatk-4.0.2.1/gatk-package-4.0.2.1-local.jar CountVariants -V /home/ec2-user/results/data_analysis/gt_individuals/kgen/ddr_control//NA19908/s01_NA19908_ddr_control_kgen_merged_raw.vcf.gz
15:54:34.370 INFO  NativeLibraryLoader - Loading libgkl_compression.so from jar:file:/home/ec2-user/tools/gatk_4_0/gatk-4.0.2.1/gatk-package-4.0.2.1-local.jar!/com/intel/gkl/native/libgkl_compression.so
15:54:34.485 INFO  CountVariants - ------------------------------------------------------------
15:54:34.485 INFO  CountVariants - The Genome Analysis Toolkit (GATK) v4.0.2.1
15:54:34.485 INFO  CountVariants - For support and documentation go to https://software.broadinstitute.org/gatk/
15:54:34.485 INFO  CountVariants - Executing as ec2-user@ip-172-31-36-234 on Linux v4.14.33-51.37.amzn1.x86_64 amd64
15:54:34.485 INFO  CountVariants - Java runtime: OpenJDK 64-Bit Server VM v1.8.0_171-b10
15:54:34.486 INFO  CountVariants - Start Date/Time: 27 May 2018 15:54:34 UTC
15:54:34.486 INFO  CountVariants - ------------------------------------------------------------
15:54:34.486 INFO  CountVariants - ------------------------------------------------------------
15:54:34.486 INFO  CountVariants - HTSJDK Version: 2.14.3
15:54:34.486 INFO  CountVariants - Picard Version: 2.17.2
15:54:34.486 INFO  CountVariants - HTSJDK Defaults.COMPRESSION_LEVEL : 1
15:54:34.486 INFO  CountVariants - HTSJDK Defaults.USE_ASYNC_IO_READ_FOR_SAMTOOLS : false
15:54:34.486 INFO  CountVariants - HTSJDK Defaults.USE_ASYNC_IO_WRITE_FOR_SAMTOOLS : true
15:54:34.486 INFO  CountVariants - HTSJDK Defaults.USE_ASYNC_IO_WRITE_FOR_TRIBBLE : false
15:54:34.487 INFO  CountVariants - Deflater: IntelDeflater
15:54:34.487 INFO  CountVariants - Inflater: IntelInflater
15:54:34.487 INFO  CountVariants - GCS max retries/reopens: 20
15:54:34.487 INFO  CountVariants - Using google-cloud-java patch 6d11bef1c81f885c26b2b56c8616b7a705171e4f from https://github.com/droazen/google-cloud-java/tree/dr_all_nio_fixes
15:54:34.487 INFO  CountVariants - Initializing engine
15:54:34.829 INFO  FeatureManager - Using codec VCFCodec to read file file:///home/ec2-user/results/data_analysis/gt_individuals/kgen/ddr_control/NA19908/s01_NA19908_ddr_control_kgen_merged_raw.vcf.gz
15:54:35.138 INFO  CountVariants - Done initializing engine
15:54:35.138 INFO  ProgressMeter - Starting traversal
15:54:35.138 INFO  ProgressMeter -        Current Locus  Elapsed Minutes    Variants Processed  Variants/Minute
15:54:45.142 INFO  ProgressMeter -           9:99172854              0.2               2841000       17042591.5
15:54:52.130 INFO  ProgressMeter -          X:154393716              0.3               5037913       17790287.8
15:54:52.130 INFO  ProgressMeter - Traversal complete. Processed 5037913 total variants in 0.3 minutes.
15:54:52.130 INFO  CountVariants - Shutting down engine
[27 May 2018 15:54:52 UTC] org.broadinstitute.hellbender.tools.walkers.CountVariants done. Elapsed time: 0.30 minutes.
Runtime.totalMemory()=743440384
Tool returned:
5037913

Completed s01_count_variants_ddr_control_kgen.sh
Sun 27 May 15:54:52 UTC 2018

