Starting s01_select_HG02050_ddr_control_kgen.sh
Sat 26 May 08:45:00 UTC 2018

1000 Genomes Project Individual ID - DDR control genotype to be extracted - HG02050

Selecting DDR control individual genotype from 1000 Genome Project (Chromosome 1) ...
Sat 26 May 08:45:00 UTC 2018

Completed DDR control individual genotype from 1000 Genome Project (Chromosome 1)
Sat 26 May 09:13:40 UTC 2018

Selecting DDR control individual genotype from 1000 Genome Project (Chromosome 2) ...
Sat 26 May 09:13:40 UTC 2018

Completed DDR control individual genotype from 1000 Genome Project (Chromosome 2)
Sat 26 May 09:44:36 UTC 2018

Selecting DDR control individual genotype from 1000 Genome Project (Chromosome 3) ...
Sat 26 May 09:44:36 UTC 2018

Completed DDR control individual genotype from 1000 Genome Project (Chromosome 3)
Sat 26 May 10:10:32 UTC 2018

Selecting DDR control individual genotype from 1000 Genome Project (Chromosome 4) ...
Sat 26 May 10:10:32 UTC 2018

Completed DDR control individual genotype from 1000 Genome Project (Chromosome 4)
Sat 26 May 10:34:55 UTC 2018

Selecting DDR control individual genotype from 1000 Genome Project (Chromosome 5) ...
Sat 26 May 10:34:55 UTC 2018

Completed DDR control individual genotype from 1000 Genome Project (Chromosome 5)
Sat 26 May 10:58:28 UTC 2018

Selecting DDR control individual genotype from 1000 Genome Project (Chromosome 6) ...
Sat 26 May 10:58:28 UTC 2018

Completed DDR control individual genotype from 1000 Genome Project (Chromosome 6)
Sat 26 May 11:19:58 UTC 2018

Selecting DDR control individual genotype from 1000 Genome Project (Chromosome 7) ...
Sat 26 May 11:19:58 UTC 2018

Completed DDR control individual genotype from 1000 Genome Project (Chromosome 7)
Sat 26 May 11:40:15 UTC 2018

Selecting DDR control individual genotype from 1000 Genome Project (Chromosome 8) ...
Sat 26 May 11:40:15 UTC 2018

Completed DDR control individual genotype from 1000 Genome Project (Chromosome 8)
Sat 26 May 12:00:33 UTC 2018

Selecting DDR control individual genotype from 1000 Genome Project (Chromosome 9) ...
Sat 26 May 12:00:33 UTC 2018

Completed DDR control individual genotype from 1000 Genome Project (Chromosome 9)
Sat 26 May 12:16:21 UTC 2018

Selecting DDR control individual genotype from 1000 Genome Project (Chromosome 10) ...
Sat 26 May 12:16:21 UTC 2018

Completed DDR control individual genotype from 1000 Genome Project (Chromosome 10)
Sat 26 May 12:33:25 UTC 2018

Selecting DDR control individual genotype from 1000 Genome Project (Chromosome 11) ...
Sat 26 May 12:33:25 UTC 2018

Completed DDR control individual genotype from 1000 Genome Project (Chromosome 11)
Sat 26 May 12:51:13 UTC 2018

Selecting DDR control individual genotype from 1000 Genome Project (Chromosome 12) ...
Sat 26 May 12:51:13 UTC 2018

Completed DDR control individual genotype from 1000 Genome Project (Chromosome 12)
Sat 26 May 13:08:26 UTC 2018

Selecting DDR control individual genotype from 1000 Genome Project (Chromosome 13) ...
Sat 26 May 13:08:26 UTC 2018

Completed DDR control individual genotype from 1000 Genome Project (Chromosome 13)
Sat 26 May 13:21:08 UTC 2018

Selecting DDR control individual genotype from 1000 Genome Project (Chromosome 14) ...
Sat 26 May 13:21:08 UTC 2018

Completed DDR control individual genotype from 1000 Genome Project (Chromosome 14)
Sat 26 May 13:32:35 UTC 2018

Selecting DDR control individual genotype from 1000 Genome Project (Chromosome 15) ...
Sat 26 May 13:32:35 UTC 2018

Completed DDR control individual genotype from 1000 Genome Project (Chromosome 15)
Sat 26 May 13:42:59 UTC 2018

Selecting DDR control individual genotype from 1000 Genome Project (Chromosome 16) ...
Sat 26 May 13:42:59 UTC 2018

Completed DDR control individual genotype from 1000 Genome Project (Chromosome 16)
Sat 26 May 13:54:33 UTC 2018

Selecting DDR control individual genotype from 1000 Genome Project (Chromosome 17) ...
Sat 26 May 13:54:33 UTC 2018

Completed DDR control individual genotype from 1000 Genome Project (Chromosome 17)
Sat 26 May 14:04:58 UTC 2018

Selecting DDR control individual genotype from 1000 Genome Project (Chromosome 18) ...
Sat 26 May 14:04:58 UTC 2018

Completed DDR control individual genotype from 1000 Genome Project (Chromosome 18)
Sat 26 May 14:14:39 UTC 2018

Selecting DDR control individual genotype from 1000 Genome Project (Chromosome 19) ...
Sat 26 May 14:14:39 UTC 2018

Completed DDR control individual genotype from 1000 Genome Project (Chromosome 19)
Sat 26 May 14:22:47 UTC 2018

Selecting DDR control individual genotype from 1000 Genome Project (Chromosome 20) ...
Sat 26 May 14:22:47 UTC 2018

Completed DDR control individual genotype from 1000 Genome Project (Chromosome 20)
Sat 26 May 14:30:48 UTC 2018

Selecting DDR control individual genotype from 1000 Genome Project (Chromosome 21) ...
Sat 26 May 14:30:48 UTC 2018

Completed DDR control individual genotype from 1000 Genome Project (Chromosome 21)
Sat 26 May 14:35:36 UTC 2018

Selecting DDR control individual genotype from 1000 Genome Project (Chromosome 22) ...
Sat 26 May 14:35:36 UTC 2018

Completed DDR control individual genotype from 1000 Genome Project (Chromosome 22)
Sat 26 May 14:40:35 UTC 2018

Selecting DDR control individual genotype from 1000 Genome Project (Chromosome X) ...
Sat 26 May 14:40:35 UTC 2018

Completed DDR control individual genotype from 1000 Genome Project (Chromosome X)
Sat 26 May 14:56:03 UTC 2018


Merging DDR control individual genotype VCF files from 1000 Genome Project
Sat 26 May 14:56:03 UTC 2018
14:56:03.802 INFO  NativeLibraryLoader - Loading libgkl_compression.so from jar:file:/home/ec2-user/tools/picard/picard.jar!/com/intel/gkl/native/libgkl_compression.so
[Sat May 26 14:56:03 UTC 2018] MergeVcfs INPUT=[/home/ec2-user/results/data_analysis/gt_individuals/kgen/ddr_control/HG02050/s01_HG02050_ddr_control_kgen_chr1_raw.vcf, /home/ec2-user/results/data_analysis/gt_individuals/kgen/ddr_control/HG02050/s01_HG02050_ddr_control_kgen_chr2_raw.vcf, /home/ec2-user/results/data_analysis/gt_individuals/kgen/ddr_control/HG02050/s01_HG02050_ddr_control_kgen_chr3_raw.vcf, /home/ec2-user/results/data_analysis/gt_individuals/kgen/ddr_control/HG02050/s01_HG02050_ddr_control_kgen_chr4_raw.vcf, /home/ec2-user/results/data_analysis/gt_individuals/kgen/ddr_control/HG02050/s01_HG02050_ddr_control_kgen_chr5_raw.vcf, /home/ec2-user/results/data_analysis/gt_individuals/kgen/ddr_control/HG02050/s01_HG02050_ddr_control_kgen_chr6_raw.vcf, /home/ec2-user/results/data_analysis/gt_individuals/kgen/ddr_control/HG02050/s01_HG02050_ddr_control_kgen_chr7_raw.vcf, /home/ec2-user/results/data_analysis/gt_individuals/kgen/ddr_control/HG02050/s01_HG02050_ddr_control_kgen_chr8_raw.vcf, /home/ec2-user/results/data_analysis/gt_individuals/kgen/ddr_control/HG02050/s01_HG02050_ddr_control_kgen_chr9_raw.vcf, /home/ec2-user/results/data_analysis/gt_individuals/kgen/ddr_control/HG02050/s01_HG02050_ddr_control_kgen_chr10_raw.vcf, /home/ec2-user/results/data_analysis/gt_individuals/kgen/ddr_control/HG02050/s01_HG02050_ddr_control_kgen_chr11_raw.vcf, /home/ec2-user/results/data_analysis/gt_individuals/kgen/ddr_control/HG02050/s01_HG02050_ddr_control_kgen_chr12_raw.vcf, /home/ec2-user/results/data_analysis/gt_individuals/kgen/ddr_control/HG02050/s01_HG02050_ddr_control_kgen_chr13_raw.vcf, /home/ec2-user/results/data_analysis/gt_individuals/kgen/ddr_control/HG02050/s01_HG02050_ddr_control_kgen_chr14_raw.vcf, /home/ec2-user/results/data_analysis/gt_individuals/kgen/ddr_control/HG02050/s01_HG02050_ddr_control_kgen_chr15_raw.vcf, /home/ec2-user/results/data_analysis/gt_individuals/kgen/ddr_control/HG02050/s01_HG02050_ddr_control_kgen_chr16_raw.vcf, /home/ec2-user/results/data_analysis/gt_individuals/kgen/ddr_control/HG02050/s01_HG02050_ddr_control_kgen_chr17_raw.vcf, /home/ec2-user/results/data_analysis/gt_individuals/kgen/ddr_control/HG02050/s01_HG02050_ddr_control_kgen_chr18_raw.vcf, /home/ec2-user/results/data_analysis/gt_individuals/kgen/ddr_control/HG02050/s01_HG02050_ddr_control_kgen_chr19_raw.vcf, /home/ec2-user/results/data_analysis/gt_individuals/kgen/ddr_control/HG02050/s01_HG02050_ddr_control_kgen_chr20_raw.vcf, /home/ec2-user/results/data_analysis/gt_individuals/kgen/ddr_control/HG02050/s01_HG02050_ddr_control_kgen_chr21_raw.vcf, /home/ec2-user/results/data_analysis/gt_individuals/kgen/ddr_control/HG02050/s01_HG02050_ddr_control_kgen_chr22_raw.vcf, /home/ec2-user/results/data_analysis/gt_individuals/kgen/ddr_control/HG02050/s01_HG02050_ddr_control_kgen_chrX_raw.vcf] OUTPUT=/home/ec2-user/results/data_analysis/gt_individuals/kgen/ddr_control/HG02050/s01_HG02050_ddr_control_kgen_merged_raw.vcf.gz    VERBOSITY=INFO QUIET=false VALIDATION_STRINGENCY=STRICT COMPRESSION_LEVEL=5 MAX_RECORDS_IN_RAM=500000 CREATE_INDEX=true CREATE_MD5_FILE=false GA4GH_CLIENT_SECRETS=client_secrets.json USE_JDK_DEFLATER=false USE_JDK_INFLATER=false
[Sat May 26 14:56:03 UTC 2018] Executing as ec2-user@ip-172-31-42-132 on Linux 4.14.33-51.37.amzn1.x86_64 amd64; OpenJDK 64-Bit Server VM 1.8.0_171-b10; Deflater: Intel; Inflater: Intel; Provider GCS is not available; Picard version: 2.18.2-SNAPSHOT
INFO	2018-05-26 14:56:05	MergeVcfs	Processed        10,000 records.  Elapsed time: 00:00:01s.  Time for last 10,000:    0s.  Last read position: 1:6,595,902
INFO	2018-05-26 14:56:05	MergeVcfs	Processed        20,000 records.  Elapsed time: 00:00:01s.  Time for last 10,000:    0s.  Last read position: 1:14,165,753
INFO	2018-05-26 14:56:05	MergeVcfs	Processed        30,000 records.  Elapsed time: 00:00:01s.  Time for last 10,000:    0s.  Last read position: 1:20,175,112
INFO	2018-05-26 14:56:06	MergeVcfs	Processed        40,000 records.  Elapsed time: 00:00:02s.  Time for last 10,000:    0s.  Last read position: 1:27,215,784
INFO	2018-05-26 14:56:06	MergeVcfs	Processed        50,000 records.  Elapsed time: 00:00:02s.  Time for last 10,000:    0s.  Last read position: 1:35,661,665
INFO	2018-05-26 14:56:06	MergeVcfs	Processed        60,000 records.  Elapsed time: 00:00:02s.  Time for last 10,000:    0s.  Last read position: 1:43,324,900
INFO	2018-05-26 14:56:07	MergeVcfs	Processed        70,000 records.  Elapsed time: 00:00:03s.  Time for last 10,000:    0s.  Last read position: 1:52,694,792
INFO	2018-05-26 14:56:07	MergeVcfs	Processed        80,000 records.  Elapsed time: 00:00:03s.  Time for last 10,000:    0s.  Last read position: 1:58,996,203
INFO	2018-05-26 14:56:07	MergeVcfs	Processed        90,000 records.  Elapsed time: 00:00:03s.  Time for last 10,000:    0s.  Last read position: 1:66,268,406
INFO	2018-05-26 14:56:07	MergeVcfs	Processed       100,000 records.  Elapsed time: 00:00:04s.  Time for last 10,000:    0s.  Last read position: 1:73,813,579
INFO	2018-05-26 14:56:08	MergeVcfs	Processed       110,000 records.  Elapsed time: 00:00:04s.  Time for last 10,000:    0s.  Last read position: 1:80,658,263
INFO	2018-05-26 14:56:08	MergeVcfs	Processed       120,000 records.  Elapsed time: 00:00:04s.  Time for last 10,000:    0s.  Last read position: 1:87,552,423
INFO	2018-05-26 14:56:08	MergeVcfs	Processed       130,000 records.  Elapsed time: 00:00:04s.  Time for last 10,000:    0s.  Last read position: 1:94,639,337
INFO	2018-05-26 14:56:08	MergeVcfs	Processed       140,000 records.  Elapsed time: 00:00:04s.  Time for last 10,000:    0s.  Last read position: 1:101,691,177
INFO	2018-05-26 14:56:08	MergeVcfs	Processed       150,000 records.  Elapsed time: 00:00:05s.  Time for last 10,000:    0s.  Last read position: 1:107,937,051
INFO	2018-05-26 14:56:09	MergeVcfs	Processed       160,000 records.  Elapsed time: 00:00:05s.  Time for last 10,000:    0s.  Last read position: 1:115,605,646
INFO	2018-05-26 14:56:09	MergeVcfs	Processed       170,000 records.  Elapsed time: 00:00:05s.  Time for last 10,000:    0s.  Last read position: 1:145,231,037
INFO	2018-05-26 14:56:09	MergeVcfs	Processed       180,000 records.  Elapsed time: 00:00:05s.  Time for last 10,000:    0s.  Last read position: 1:155,163,769
INFO	2018-05-26 14:56:09	MergeVcfs	Processed       190,000 records.  Elapsed time: 00:00:05s.  Time for last 10,000:    0s.  Last read position: 1:161,830,456
INFO	2018-05-26 14:56:09	MergeVcfs	Processed       200,000 records.  Elapsed time: 00:00:05s.  Time for last 10,000:    0s.  Last read position: 1:167,877,647
INFO	2018-05-26 14:56:09	MergeVcfs	Processed       210,000 records.  Elapsed time: 00:00:05s.  Time for last 10,000:    0s.  Last read position: 1:175,471,660
INFO	2018-05-26 14:56:10	MergeVcfs	Processed       220,000 records.  Elapsed time: 00:00:06s.  Time for last 10,000:    0s.  Last read position: 1:183,560,761
INFO	2018-05-26 14:56:10	MergeVcfs	Processed       230,000 records.  Elapsed time: 00:00:06s.  Time for last 10,000:    0s.  Last read position: 1:190,052,159
INFO	2018-05-26 14:56:10	MergeVcfs	Processed       240,000 records.  Elapsed time: 00:00:06s.  Time for last 10,000:    0s.  Last read position: 1:196,736,233
INFO	2018-05-26 14:56:10	MergeVcfs	Processed       250,000 records.  Elapsed time: 00:00:06s.  Time for last 10,000:    0s.  Last read position: 1:203,833,699
INFO	2018-05-26 14:56:10	MergeVcfs	Processed       260,000 records.  Elapsed time: 00:00:06s.  Time for last 10,000:    0s.  Last read position: 1:210,794,808
INFO	2018-05-26 14:56:10	MergeVcfs	Processed       270,000 records.  Elapsed time: 00:00:07s.  Time for last 10,000:    0s.  Last read position: 1:218,171,846
INFO	2018-05-26 14:56:11	MergeVcfs	Processed       280,000 records.  Elapsed time: 00:00:07s.  Time for last 10,000:    0s.  Last read position: 1:224,151,754
INFO	2018-05-26 14:56:11	MergeVcfs	Processed       290,000 records.  Elapsed time: 00:00:07s.  Time for last 10,000:    0s.  Last read position: 1:230,996,572
INFO	2018-05-26 14:56:11	MergeVcfs	Processed       300,000 records.  Elapsed time: 00:00:07s.  Time for last 10,000:    0s.  Last read position: 1:236,842,180
INFO	2018-05-26 14:56:11	MergeVcfs	Processed       310,000 records.  Elapsed time: 00:00:07s.  Time for last 10,000:    0s.  Last read position: 1:242,206,250
INFO	2018-05-26 14:56:11	MergeVcfs	Processed       320,000 records.  Elapsed time: 00:00:07s.  Time for last 10,000:    0s.  Last read position: 1:247,355,934
INFO	2018-05-26 14:56:11	MergeVcfs	Processed       330,000 records.  Elapsed time: 00:00:08s.  Time for last 10,000:    0s.  Last read position: 2:2,643,137
INFO	2018-05-26 14:56:12	MergeVcfs	Processed       340,000 records.  Elapsed time: 00:00:08s.  Time for last 10,000:    0s.  Last read position: 2:8,600,827
INFO	2018-05-26 14:56:12	MergeVcfs	Processed       350,000 records.  Elapsed time: 00:00:08s.  Time for last 10,000:    0s.  Last read position: 2:14,152,452
INFO	2018-05-26 14:56:12	MergeVcfs	Processed       360,000 records.  Elapsed time: 00:00:08s.  Time for last 10,000:    0s.  Last read position: 2:21,340,303
INFO	2018-05-26 14:56:12	MergeVcfs	Processed       370,000 records.  Elapsed time: 00:00:08s.  Time for last 10,000:    0s.  Last read position: 2:29,714,724
INFO	2018-05-26 14:56:12	MergeVcfs	Processed       380,000 records.  Elapsed time: 00:00:08s.  Time for last 10,000:    0s.  Last read position: 2:36,252,362
INFO	2018-05-26 14:56:12	MergeVcfs	Processed       390,000 records.  Elapsed time: 00:00:09s.  Time for last 10,000:    0s.  Last read position: 2:41,746,823
INFO	2018-05-26 14:56:13	MergeVcfs	Processed       400,000 records.  Elapsed time: 00:00:09s.  Time for last 10,000:    0s.  Last read position: 2:48,930,820
INFO	2018-05-26 14:56:13	MergeVcfs	Processed       410,000 records.  Elapsed time: 00:00:09s.  Time for last 10,000:    0s.  Last read position: 2:54,707,020
INFO	2018-05-26 14:56:13	MergeVcfs	Processed       420,000 records.  Elapsed time: 00:00:09s.  Time for last 10,000:    0s.  Last read position: 2:62,367,306
INFO	2018-05-26 14:56:13	MergeVcfs	Processed       430,000 records.  Elapsed time: 00:00:09s.  Time for last 10,000:    0s.  Last read position: 2:69,328,827
INFO	2018-05-26 14:56:13	MergeVcfs	Processed       440,000 records.  Elapsed time: 00:00:10s.  Time for last 10,000:    0s.  Last read position: 2:76,929,540
INFO	2018-05-26 14:56:14	MergeVcfs	Processed       450,000 records.  Elapsed time: 00:00:10s.  Time for last 10,000:    0s.  Last read position: 2:83,527,009
INFO	2018-05-26 14:56:14	MergeVcfs	Processed       460,000 records.  Elapsed time: 00:00:10s.  Time for last 10,000:    0s.  Last read position: 2:100,389,494
INFO	2018-05-26 14:56:14	MergeVcfs	Processed       470,000 records.  Elapsed time: 00:00:10s.  Time for last 10,000:    0s.  Last read position: 2:107,630,101
INFO	2018-05-26 14:56:14	MergeVcfs	Processed       480,000 records.  Elapsed time: 00:00:10s.  Time for last 10,000:    0s.  Last read position: 2:115,446,846
INFO	2018-05-26 14:56:14	MergeVcfs	Processed       490,000 records.  Elapsed time: 00:00:10s.  Time for last 10,000:    0s.  Last read position: 2:121,702,850
INFO	2018-05-26 14:56:14	MergeVcfs	Processed       500,000 records.  Elapsed time: 00:00:10s.  Time for last 10,000:    0s.  Last read position: 2:128,820,258
INFO	2018-05-26 14:56:14	MergeVcfs	Processed       510,000 records.  Elapsed time: 00:00:10s.  Time for last 10,000:    0s.  Last read position: 2:134,513,173
INFO	2018-05-26 14:56:14	MergeVcfs	Processed       520,000 records.  Elapsed time: 00:00:10s.  Time for last 10,000:    0s.  Last read position: 2:141,330,588
INFO	2018-05-26 14:56:14	MergeVcfs	Processed       530,000 records.  Elapsed time: 00:00:10s.  Time for last 10,000:    0s.  Last read position: 2:149,184,805
INFO	2018-05-26 14:56:14	MergeVcfs	Processed       540,000 records.  Elapsed time: 00:00:11s.  Time for last 10,000:    0s.  Last read position: 2:156,268,879
INFO	2018-05-26 14:56:14	MergeVcfs	Processed       550,000 records.  Elapsed time: 00:00:11s.  Time for last 10,000:    0s.  Last read position: 2:163,827,849
INFO	2018-05-26 14:56:15	MergeVcfs	Processed       560,000 records.  Elapsed time: 00:00:11s.  Time for last 10,000:    0s.  Last read position: 2:171,183,104
INFO	2018-05-26 14:56:15	MergeVcfs	Processed       570,000 records.  Elapsed time: 00:00:11s.  Time for last 10,000:    0s.  Last read position: 2:177,888,913
INFO	2018-05-26 14:56:15	MergeVcfs	Processed       580,000 records.  Elapsed time: 00:00:11s.  Time for last 10,000:    0s.  Last read position: 2:184,472,721
INFO	2018-05-26 14:56:15	MergeVcfs	Processed       590,000 records.  Elapsed time: 00:00:11s.  Time for last 10,000:    0s.  Last read position: 2:191,737,464
INFO	2018-05-26 14:56:15	MergeVcfs	Processed       600,000 records.  Elapsed time: 00:00:11s.  Time for last 10,000:    0s.  Last read position: 2:199,114,458
INFO	2018-05-26 14:56:15	MergeVcfs	Processed       610,000 records.  Elapsed time: 00:00:11s.  Time for last 10,000:    0s.  Last read position: 2:207,807,732
INFO	2018-05-26 14:56:15	MergeVcfs	Processed       620,000 records.  Elapsed time: 00:00:11s.  Time for last 10,000:    0s.  Last read position: 2:214,757,762
INFO	2018-05-26 14:56:15	MergeVcfs	Processed       630,000 records.  Elapsed time: 00:00:11s.  Time for last 10,000:    0s.  Last read position: 2:221,679,643
INFO	2018-05-26 14:56:15	MergeVcfs	Processed       640,000 records.  Elapsed time: 00:00:12s.  Time for last 10,000:    0s.  Last read position: 2:228,717,145
INFO	2018-05-26 14:56:15	MergeVcfs	Processed       650,000 records.  Elapsed time: 00:00:12s.  Time for last 10,000:    0s.  Last read position: 2:235,471,724
INFO	2018-05-26 14:56:16	MergeVcfs	Processed       660,000 records.  Elapsed time: 00:00:12s.  Time for last 10,000:    0s.  Last read position: 2:241,229,754
INFO	2018-05-26 14:56:16	MergeVcfs	Processed       670,000 records.  Elapsed time: 00:00:12s.  Time for last 10,000:    0s.  Last read position: 3:2,788,052
INFO	2018-05-26 14:56:16	MergeVcfs	Processed       680,000 records.  Elapsed time: 00:00:12s.  Time for last 10,000:    0s.  Last read position: 3:7,345,181
INFO	2018-05-26 14:56:16	MergeVcfs	Processed       690,000 records.  Elapsed time: 00:00:12s.  Time for last 10,000:    0s.  Last read position: 3:13,527,790
INFO	2018-05-26 14:56:16	MergeVcfs	Processed       700,000 records.  Elapsed time: 00:00:12s.  Time for last 10,000:    0s.  Last read position: 3:21,165,530
INFO	2018-05-26 14:56:16	MergeVcfs	Processed       710,000 records.  Elapsed time: 00:00:12s.  Time for last 10,000:    0s.  Last read position: 3:26,081,934
INFO	2018-05-26 14:56:16	MergeVcfs	Processed       720,000 records.  Elapsed time: 00:00:12s.  Time for last 10,000:    0s.  Last read position: 3:32,397,091
INFO	2018-05-26 14:56:16	MergeVcfs	Processed       730,000 records.  Elapsed time: 00:00:12s.  Time for last 10,000:    0s.  Last read position: 3:40,164,363
INFO	2018-05-26 14:56:16	MergeVcfs	Processed       740,000 records.  Elapsed time: 00:00:13s.  Time for last 10,000:    0s.  Last read position: 3:47,737,419
INFO	2018-05-26 14:56:17	MergeVcfs	Processed       750,000 records.  Elapsed time: 00:00:13s.  Time for last 10,000:    0s.  Last read position: 3:56,877,111
INFO	2018-05-26 14:56:17	MergeVcfs	Processed       760,000 records.  Elapsed time: 00:00:13s.  Time for last 10,000:    0s.  Last read position: 3:63,510,633
INFO	2018-05-26 14:56:17	MergeVcfs	Processed       770,000 records.  Elapsed time: 00:00:13s.  Time for last 10,000:    0s.  Last read position: 3:69,463,714
INFO	2018-05-26 14:56:17	MergeVcfs	Processed       780,000 records.  Elapsed time: 00:00:13s.  Time for last 10,000:    0s.  Last read position: 3:76,050,557
INFO	2018-05-26 14:56:17	MergeVcfs	Processed       790,000 records.  Elapsed time: 00:00:13s.  Time for last 10,000:    0s.  Last read position: 3:83,243,130
INFO	2018-05-26 14:56:17	MergeVcfs	Processed       800,000 records.  Elapsed time: 00:00:13s.  Time for last 10,000:    0s.  Last read position: 3:88,934,410
INFO	2018-05-26 14:56:17	MergeVcfs	Processed       810,000 records.  Elapsed time: 00:00:13s.  Time for last 10,000:    0s.  Last read position: 3:98,979,183
INFO	2018-05-26 14:56:17	MergeVcfs	Processed       820,000 records.  Elapsed time: 00:00:13s.  Time for last 10,000:    0s.  Last read position: 3:105,073,472
INFO	2018-05-26 14:56:17	MergeVcfs	Processed       830,000 records.  Elapsed time: 00:00:13s.  Time for last 10,000:    0s.  Last read position: 3:111,452,575
INFO	2018-05-26 14:56:17	MergeVcfs	Processed       840,000 records.  Elapsed time: 00:00:14s.  Time for last 10,000:    0s.  Last read position: 3:118,149,105
INFO	2018-05-26 14:56:17	MergeVcfs	Processed       850,000 records.  Elapsed time: 00:00:14s.  Time for last 10,000:    0s.  Last read position: 3:124,491,874
INFO	2018-05-26 14:56:18	MergeVcfs	Processed       860,000 records.  Elapsed time: 00:00:14s.  Time for last 10,000:    0s.  Last read position: 3:130,877,568
INFO	2018-05-26 14:56:18	MergeVcfs	Processed       870,000 records.  Elapsed time: 00:00:14s.  Time for last 10,000:    0s.  Last read position: 3:137,557,462
INFO	2018-05-26 14:56:18	MergeVcfs	Processed       880,000 records.  Elapsed time: 00:00:14s.  Time for last 10,000:    0s.  Last read position: 3:145,046,480
INFO	2018-05-26 14:56:18	MergeVcfs	Processed       890,000 records.  Elapsed time: 00:00:14s.  Time for last 10,000:    0s.  Last read position: 3:152,370,131
INFO	2018-05-26 14:56:18	MergeVcfs	Processed       900,000 records.  Elapsed time: 00:00:14s.  Time for last 10,000:    0s.  Last read position: 3:160,603,613
INFO	2018-05-26 14:56:18	MergeVcfs	Processed       910,000 records.  Elapsed time: 00:00:14s.  Time for last 10,000:    0s.  Last read position: 3:166,837,059
INFO	2018-05-26 14:56:18	MergeVcfs	Processed       920,000 records.  Elapsed time: 00:00:14s.  Time for last 10,000:    0s.  Last read position: 3:174,915,406
INFO	2018-05-26 14:56:18	MergeVcfs	Processed       930,000 records.  Elapsed time: 00:00:14s.  Time for last 10,000:    0s.  Last read position: 3:182,792,498
INFO	2018-05-26 14:56:18	MergeVcfs	Processed       940,000 records.  Elapsed time: 00:00:15s.  Time for last 10,000:    0s.  Last read position: 3:189,273,287
INFO	2018-05-26 14:56:18	MergeVcfs	Processed       950,000 records.  Elapsed time: 00:00:15s.  Time for last 10,000:    0s.  Last read position: 3:194,339,283
INFO	2018-05-26 14:56:19	MergeVcfs	Processed       960,000 records.  Elapsed time: 00:00:15s.  Time for last 10,000:    0s.  Last read position: 4:2,720,077
INFO	2018-05-26 14:56:19	MergeVcfs	Processed       970,000 records.  Elapsed time: 00:00:15s.  Time for last 10,000:    0s.  Last read position: 4:7,325,840
INFO	2018-05-26 14:56:19	MergeVcfs	Processed       980,000 records.  Elapsed time: 00:00:15s.  Time for last 10,000:    0s.  Last read position: 4:11,547,106
INFO	2018-05-26 14:56:19	MergeVcfs	Processed       990,000 records.  Elapsed time: 00:00:15s.  Time for last 10,000:    0s.  Last read position: 4:17,530,218
INFO	2018-05-26 14:56:19	MergeVcfs	Processed     1,000,000 records.  Elapsed time: 00:00:15s.  Time for last 10,000:    0s.  Last read position: 4:24,513,778
INFO	2018-05-26 14:56:19	MergeVcfs	Processed     1,010,000 records.  Elapsed time: 00:00:15s.  Time for last 10,000:    0s.  Last read position: 4:31,050,632
INFO	2018-05-26 14:56:19	MergeVcfs	Processed     1,020,000 records.  Elapsed time: 00:00:15s.  Time for last 10,000:    0s.  Last read position: 4:36,918,189
INFO	2018-05-26 14:56:19	MergeVcfs	Processed     1,030,000 records.  Elapsed time: 00:00:15s.  Time for last 10,000:    0s.  Last read position: 4:42,333,502
INFO	2018-05-26 14:56:19	MergeVcfs	Processed     1,040,000 records.  Elapsed time: 00:00:16s.  Time for last 10,000:    0s.  Last read position: 4:48,913,048
INFO	2018-05-26 14:56:19	MergeVcfs	Processed     1,050,000 records.  Elapsed time: 00:00:16s.  Time for last 10,000:    0s.  Last read position: 4:58,206,737
INFO	2018-05-26 14:56:20	MergeVcfs	Processed     1,060,000 records.  Elapsed time: 00:00:16s.  Time for last 10,000:    0s.  Last read position: 4:63,267,517
INFO	2018-05-26 14:56:20	MergeVcfs	Processed     1,070,000 records.  Elapsed time: 00:00:16s.  Time for last 10,000:    0s.  Last read position: 4:68,759,801
INFO	2018-05-26 14:56:20	MergeVcfs	Processed     1,080,000 records.  Elapsed time: 00:00:16s.  Time for last 10,000:    0s.  Last read position: 4:73,631,898
INFO	2018-05-26 14:56:20	MergeVcfs	Processed     1,090,000 records.  Elapsed time: 00:00:16s.  Time for last 10,000:    0s.  Last read position: 4:79,251,245
INFO	2018-05-26 14:56:20	MergeVcfs	Processed     1,100,000 records.  Elapsed time: 00:00:16s.  Time for last 10,000:    0s.  Last read position: 4:85,811,621
INFO	2018-05-26 14:56:20	MergeVcfs	Processed     1,110,000 records.  Elapsed time: 00:00:16s.  Time for last 10,000:    0s.  Last read position: 4:92,849,211
INFO	2018-05-26 14:56:20	MergeVcfs	Processed     1,120,000 records.  Elapsed time: 00:00:16s.  Time for last 10,000:    0s.  Last read position: 4:99,840,326
INFO	2018-05-26 14:56:20	MergeVcfs	Processed     1,130,000 records.  Elapsed time: 00:00:16s.  Time for last 10,000:    0s.  Last read position: 4:107,657,485
INFO	2018-05-26 14:56:20	MergeVcfs	Processed     1,140,000 records.  Elapsed time: 00:00:17s.  Time for last 10,000:    0s.  Last read position: 4:114,769,701
INFO	2018-05-26 14:56:20	MergeVcfs	Processed     1,150,000 records.  Elapsed time: 00:00:17s.  Time for last 10,000:    0s.  Last read position: 4:121,291,876
INFO	2018-05-26 14:56:21	MergeVcfs	Processed     1,160,000 records.  Elapsed time: 00:00:17s.  Time for last 10,000:    0s.  Last read position: 4:127,503,079
INFO	2018-05-26 14:56:21	MergeVcfs	Processed     1,170,000 records.  Elapsed time: 00:00:17s.  Time for last 10,000:    0s.  Last read position: 4:133,858,463
INFO	2018-05-26 14:56:21	MergeVcfs	Processed     1,180,000 records.  Elapsed time: 00:00:17s.  Time for last 10,000:    0s.  Last read position: 4:139,540,219
INFO	2018-05-26 14:56:21	MergeVcfs	Processed     1,190,000 records.  Elapsed time: 00:00:17s.  Time for last 10,000:    0s.  Last read position: 4:145,605,273
INFO	2018-05-26 14:56:21	MergeVcfs	Processed     1,200,000 records.  Elapsed time: 00:00:17s.  Time for last 10,000:    0s.  Last read position: 4:153,865,339
INFO	2018-05-26 14:56:21	MergeVcfs	Processed     1,210,000 records.  Elapsed time: 00:00:17s.  Time for last 10,000:    0s.  Last read position: 4:160,513,053
INFO	2018-05-26 14:56:21	MergeVcfs	Processed     1,220,000 records.  Elapsed time: 00:00:17s.  Time for last 10,000:    0s.  Last read position: 4:165,366,860
INFO	2018-05-26 14:56:21	MergeVcfs	Processed     1,230,000 records.  Elapsed time: 00:00:17s.  Time for last 10,000:    0s.  Last read position: 4:171,445,334
INFO	2018-05-26 14:56:21	MergeVcfs	Processed     1,240,000 records.  Elapsed time: 00:00:17s.  Time for last 10,000:    0s.  Last read position: 4:177,445,619
INFO	2018-05-26 14:56:21	MergeVcfs	Processed     1,250,000 records.  Elapsed time: 00:00:18s.  Time for last 10,000:    0s.  Last read position: 4:182,163,907
INFO	2018-05-26 14:56:22	MergeVcfs	Processed     1,260,000 records.  Elapsed time: 00:00:18s.  Time for last 10,000:    0s.  Last read position: 4:187,208,541
INFO	2018-05-26 14:56:22	MergeVcfs	Processed     1,270,000 records.  Elapsed time: 00:00:18s.  Time for last 10,000:    0s.  Last read position: 5:757,676
INFO	2018-05-26 14:56:22	MergeVcfs	Processed     1,280,000 records.  Elapsed time: 00:00:18s.  Time for last 10,000:    0s.  Last read position: 5:5,918,879
INFO	2018-05-26 14:56:22	MergeVcfs	Processed     1,290,000 records.  Elapsed time: 00:00:18s.  Time for last 10,000:    0s.  Last read position: 5:11,124,398
INFO	2018-05-26 14:56:22	MergeVcfs	Processed     1,300,000 records.  Elapsed time: 00:00:18s.  Time for last 10,000:    0s.  Last read position: 5:17,943,387
INFO	2018-05-26 14:56:22	MergeVcfs	Processed     1,310,000 records.  Elapsed time: 00:00:18s.  Time for last 10,000:    0s.  Last read position: 5:23,780,582
INFO	2018-05-26 14:56:22	MergeVcfs	Processed     1,320,000 records.  Elapsed time: 00:00:18s.  Time for last 10,000:    0s.  Last read position: 5:29,892,940
INFO	2018-05-26 14:56:22	MergeVcfs	Processed     1,330,000 records.  Elapsed time: 00:00:18s.  Time for last 10,000:    0s.  Last read position: 5:35,908,295
INFO	2018-05-26 14:56:22	MergeVcfs	Processed     1,340,000 records.  Elapsed time: 00:00:19s.  Time for last 10,000:    0s.  Last read position: 5:49,672,193
INFO	2018-05-26 14:56:23	MergeVcfs	Processed     1,350,000 records.  Elapsed time: 00:00:19s.  Time for last 10,000:    0s.  Last read position: 5:56,339,063
INFO	2018-05-26 14:56:23	MergeVcfs	Processed     1,360,000 records.  Elapsed time: 00:00:19s.  Time for last 10,000:    0s.  Last read position: 5:64,580,914
INFO	2018-05-26 14:56:23	MergeVcfs	Processed     1,370,000 records.  Elapsed time: 00:00:19s.  Time for last 10,000:    0s.  Last read position: 5:74,980,140
INFO	2018-05-26 14:56:23	MergeVcfs	Processed     1,380,000 records.  Elapsed time: 00:00:19s.  Time for last 10,000:    0s.  Last read position: 5:81,559,412
INFO	2018-05-26 14:56:23	MergeVcfs	Processed     1,390,000 records.  Elapsed time: 00:00:19s.  Time for last 10,000:    0s.  Last read position: 5:89,962,438
INFO	2018-05-26 14:56:23	MergeVcfs	Processed     1,400,000 records.  Elapsed time: 00:00:19s.  Time for last 10,000:    0s.  Last read position: 5:99,072,492
INFO	2018-05-26 14:56:23	MergeVcfs	Processed     1,410,000 records.  Elapsed time: 00:00:19s.  Time for last 10,000:    0s.  Last read position: 5:106,534,175
INFO	2018-05-26 14:56:23	MergeVcfs	Processed     1,420,000 records.  Elapsed time: 00:00:19s.  Time for last 10,000:    0s.  Last read position: 5:112,995,542
INFO	2018-05-26 14:56:23	MergeVcfs	Processed     1,430,000 records.  Elapsed time: 00:00:19s.  Time for last 10,000:    0s.  Last read position: 5:120,321,820
INFO	2018-05-26 14:56:23	MergeVcfs	Processed     1,440,000 records.  Elapsed time: 00:00:20s.  Time for last 10,000:    0s.  Last read position: 5:127,021,832
INFO	2018-05-26 14:56:23	MergeVcfs	Processed     1,450,000 records.  Elapsed time: 00:00:20s.  Time for last 10,000:    0s.  Last read position: 5:135,631,588
INFO	2018-05-26 14:56:24	MergeVcfs	Processed     1,460,000 records.  Elapsed time: 00:00:20s.  Time for last 10,000:    0s.  Last read position: 5:144,343,785
INFO	2018-05-26 14:56:24	MergeVcfs	Processed     1,470,000 records.  Elapsed time: 00:00:20s.  Time for last 10,000:    0s.  Last read position: 5:151,371,146
INFO	2018-05-26 14:56:24	MergeVcfs	Processed     1,480,000 records.  Elapsed time: 00:00:20s.  Time for last 10,000:    0s.  Last read position: 5:159,773,782
INFO	2018-05-26 14:56:24	MergeVcfs	Processed     1,490,000 records.  Elapsed time: 00:00:20s.  Time for last 10,000:    0s.  Last read position: 5:165,770,597
INFO	2018-05-26 14:56:24	MergeVcfs	Processed     1,500,000 records.  Elapsed time: 00:00:20s.  Time for last 10,000:    0s.  Last read position: 5:173,029,774
INFO	2018-05-26 14:56:24	MergeVcfs	Processed     1,510,000 records.  Elapsed time: 00:00:20s.  Time for last 10,000:    0s.  Last read position: 5:179,390,003
INFO	2018-05-26 14:56:24	MergeVcfs	Processed     1,520,000 records.  Elapsed time: 00:00:20s.  Time for last 10,000:    0s.  Last read position: 6:4,508,960
INFO	2018-05-26 14:56:24	MergeVcfs	Processed     1,530,000 records.  Elapsed time: 00:00:20s.  Time for last 10,000:    0s.  Last read position: 6:10,228,798
INFO	2018-05-26 14:56:24	MergeVcfs	Processed     1,540,000 records.  Elapsed time: 00:00:21s.  Time for last 10,000:    0s.  Last read position: 6:16,570,661
INFO	2018-05-26 14:56:24	MergeVcfs	Processed     1,550,000 records.  Elapsed time: 00:00:21s.  Time for last 10,000:    0s.  Last read position: 6:22,709,430
INFO	2018-05-26 14:56:25	MergeVcfs	Processed     1,560,000 records.  Elapsed time: 00:00:21s.  Time for last 10,000:    0s.  Last read position: 6:28,767,135
INFO	2018-05-26 14:56:25	MergeVcfs	Processed     1,570,000 records.  Elapsed time: 00:00:21s.  Time for last 10,000:    0s.  Last read position: 6:31,315,312
INFO	2018-05-26 14:56:25	MergeVcfs	Processed     1,580,000 records.  Elapsed time: 00:00:21s.  Time for last 10,000:    0s.  Last read position: 6:32,608,629
INFO	2018-05-26 14:56:25	MergeVcfs	Processed     1,590,000 records.  Elapsed time: 00:00:21s.  Time for last 10,000:    0s.  Last read position: 6:36,597,695
INFO	2018-05-26 14:56:25	MergeVcfs	Processed     1,600,000 records.  Elapsed time: 00:00:21s.  Time for last 10,000:    0s.  Last read position: 6:43,709,993
INFO	2018-05-26 14:56:25	MergeVcfs	Processed     1,610,000 records.  Elapsed time: 00:00:21s.  Time for last 10,000:    0s.  Last read position: 6:50,826,665
INFO	2018-05-26 14:56:25	MergeVcfs	Processed     1,620,000 records.  Elapsed time: 00:00:21s.  Time for last 10,000:    0s.  Last read position: 6:57,240,579
INFO	2018-05-26 14:56:25	MergeVcfs	Processed     1,630,000 records.  Elapsed time: 00:00:21s.  Time for last 10,000:    0s.  Last read position: 6:66,913,625
INFO	2018-05-26 14:56:25	MergeVcfs	Processed     1,640,000 records.  Elapsed time: 00:00:22s.  Time for last 10,000:    0s.  Last read position: 6:72,674,436
INFO	2018-05-26 14:56:25	MergeVcfs	Processed     1,650,000 records.  Elapsed time: 00:00:22s.  Time for last 10,000:    0s.  Last read position: 6:79,384,199
INFO	2018-05-26 14:56:26	MergeVcfs	Processed     1,660,000 records.  Elapsed time: 00:00:22s.  Time for last 10,000:    0s.  Last read position: 6:85,701,006
INFO	2018-05-26 14:56:26	MergeVcfs	Processed     1,670,000 records.  Elapsed time: 00:00:22s.  Time for last 10,000:    0s.  Last read position: 6:92,269,558
INFO	2018-05-26 14:56:26	MergeVcfs	Processed     1,680,000 records.  Elapsed time: 00:00:22s.  Time for last 10,000:    0s.  Last read position: 6:98,730,172
INFO	2018-05-26 14:56:26	MergeVcfs	Processed     1,690,000 records.  Elapsed time: 00:00:22s.  Time for last 10,000:    0s.  Last read position: 6:104,880,088
INFO	2018-05-26 14:56:26	MergeVcfs	Processed     1,700,000 records.  Elapsed time: 00:00:22s.  Time for last 10,000:    0s.  Last read position: 6:112,651,195
INFO	2018-05-26 14:56:26	MergeVcfs	Processed     1,710,000 records.  Elapsed time: 00:00:22s.  Time for last 10,000:    0s.  Last read position: 6:120,167,981
INFO	2018-05-26 14:56:26	MergeVcfs	Processed     1,720,000 records.  Elapsed time: 00:00:22s.  Time for last 10,000:    0s.  Last read position: 6:126,316,970
INFO	2018-05-26 14:56:26	MergeVcfs	Processed     1,730,000 records.  Elapsed time: 00:00:22s.  Time for last 10,000:    0s.  Last read position: 6:134,117,497
INFO	2018-05-26 14:56:26	MergeVcfs	Processed     1,740,000 records.  Elapsed time: 00:00:23s.  Time for last 10,000:    0s.  Last read position: 6:142,684,501
INFO	2018-05-26 14:56:26	MergeVcfs	Processed     1,750,000 records.  Elapsed time: 00:00:23s.  Time for last 10,000:    0s.  Last read position: 6:150,515,850
INFO	2018-05-26 14:56:27	MergeVcfs	Processed     1,760,000 records.  Elapsed time: 00:00:23s.  Time for last 10,000:    0s.  Last read position: 6:156,627,621
INFO	2018-05-26 14:56:27	MergeVcfs	Processed     1,770,000 records.  Elapsed time: 00:00:23s.  Time for last 10,000:    0s.  Last read position: 6:162,821,002
INFO	2018-05-26 14:56:27	MergeVcfs	Processed     1,780,000 records.  Elapsed time: 00:00:23s.  Time for last 10,000:    0s.  Last read position: 6:167,722,146
INFO	2018-05-26 14:56:27	MergeVcfs	Processed     1,790,000 records.  Elapsed time: 00:00:23s.  Time for last 10,000:    0s.  Last read position: 7:1,858,475
INFO	2018-05-26 14:56:27	MergeVcfs	Processed     1,800,000 records.  Elapsed time: 00:00:23s.  Time for last 10,000:    0s.  Last read position: 7:7,157,527
INFO	2018-05-26 14:56:27	MergeVcfs	Processed     1,810,000 records.  Elapsed time: 00:00:23s.  Time for last 10,000:    0s.  Last read position: 7:11,706,221
INFO	2018-05-26 14:56:27	MergeVcfs	Processed     1,820,000 records.  Elapsed time: 00:00:23s.  Time for last 10,000:    0s.  Last read position: 7:16,878,113
INFO	2018-05-26 14:56:27	MergeVcfs	Processed     1,830,000 records.  Elapsed time: 00:00:23s.  Time for last 10,000:    0s.  Last read position: 7:22,299,059
INFO	2018-05-26 14:56:27	MergeVcfs	Processed     1,840,000 records.  Elapsed time: 00:00:24s.  Time for last 10,000:    0s.  Last read position: 7:28,651,512
INFO	2018-05-26 14:56:27	MergeVcfs	Processed     1,850,000 records.  Elapsed time: 00:00:24s.  Time for last 10,000:    0s.  Last read position: 7:35,602,670
INFO	2018-05-26 14:56:28	MergeVcfs	Processed     1,860,000 records.  Elapsed time: 00:00:24s.  Time for last 10,000:    0s.  Last read position: 7:42,767,097
INFO	2018-05-26 14:56:28	MergeVcfs	Processed     1,870,000 records.  Elapsed time: 00:00:24s.  Time for last 10,000:    0s.  Last read position: 7:49,295,246
INFO	2018-05-26 14:56:28	MergeVcfs	Processed     1,880,000 records.  Elapsed time: 00:00:24s.  Time for last 10,000:    0s.  Last read position: 7:54,613,401
INFO	2018-05-26 14:56:28	MergeVcfs	Processed     1,890,000 records.  Elapsed time: 00:00:24s.  Time for last 10,000:    0s.  Last read position: 7:63,739,252
INFO	2018-05-26 14:56:28	MergeVcfs	Processed     1,900,000 records.  Elapsed time: 00:00:24s.  Time for last 10,000:    0s.  Last read position: 7:68,381,897
INFO	2018-05-26 14:56:28	MergeVcfs	Processed     1,910,000 records.  Elapsed time: 00:00:24s.  Time for last 10,000:    0s.  Last read position: 7:76,481,010
INFO	2018-05-26 14:56:28	MergeVcfs	Processed     1,920,000 records.  Elapsed time: 00:00:24s.  Time for last 10,000:    0s.  Last read position: 7:82,884,870
INFO	2018-05-26 14:56:28	MergeVcfs	Processed     1,930,000 records.  Elapsed time: 00:00:24s.  Time for last 10,000:    0s.  Last read position: 7:90,107,314
INFO	2018-05-26 14:56:28	MergeVcfs	Processed     1,940,000 records.  Elapsed time: 00:00:25s.  Time for last 10,000:    0s.  Last read position: 7:98,052,375
INFO	2018-05-26 14:56:28	MergeVcfs	Processed     1,950,000 records.  Elapsed time: 00:00:25s.  Time for last 10,000:    0s.  Last read position: 7:105,970,085
INFO	2018-05-26 14:56:29	MergeVcfs	Processed     1,960,000 records.  Elapsed time: 00:00:25s.  Time for last 10,000:    0s.  Last read position: 7:113,956,930
INFO	2018-05-26 14:56:29	MergeVcfs	Processed     1,970,000 records.  Elapsed time: 00:00:25s.  Time for last 10,000:    0s.  Last read position: 7:122,892,058
INFO	2018-05-26 14:56:29	MergeVcfs	Processed     1,980,000 records.  Elapsed time: 00:00:25s.  Time for last 10,000:    0s.  Last read position: 7:129,689,750
INFO	2018-05-26 14:56:29	MergeVcfs	Processed     1,990,000 records.  Elapsed time: 00:00:25s.  Time for last 10,000:    0s.  Last read position: 7:136,623,662
INFO	2018-05-26 14:56:29	MergeVcfs	Processed     2,000,000 records.  Elapsed time: 00:00:25s.  Time for last 10,000:    0s.  Last read position: 7:144,513,366
INFO	2018-05-26 14:56:29	MergeVcfs	Processed     2,010,000 records.  Elapsed time: 00:00:25s.  Time for last 10,000:    0s.  Last read position: 7:150,680,827
INFO	2018-05-26 14:56:29	MergeVcfs	Processed     2,020,000 records.  Elapsed time: 00:00:25s.  Time for last 10,000:    0s.  Last read position: 7:155,871,987
INFO	2018-05-26 14:56:29	MergeVcfs	Processed     2,030,000 records.  Elapsed time: 00:00:25s.  Time for last 10,000:    0s.  Last read position: 8:1,217,432
INFO	2018-05-26 14:56:29	MergeVcfs	Processed     2,040,000 records.  Elapsed time: 00:00:25s.  Time for last 10,000:    0s.  Last read position: 8:4,229,511
INFO	2018-05-26 14:56:29	MergeVcfs	Processed     2,050,000 records.  Elapsed time: 00:00:26s.  Time for last 10,000:    0s.  Last read position: 8:7,212,582
INFO	2018-05-26 14:56:30	MergeVcfs	Processed     2,060,000 records.  Elapsed time: 00:00:26s.  Time for last 10,000:    0s.  Last read position: 8:12,754,099
INFO	2018-05-26 14:56:30	MergeVcfs	Processed     2,070,000 records.  Elapsed time: 00:00:26s.  Time for last 10,000:    0s.  Last read position: 8:16,088,839
INFO	2018-05-26 14:56:30	MergeVcfs	Processed     2,080,000 records.  Elapsed time: 00:00:26s.  Time for last 10,000:    0s.  Last read position: 8:20,352,423
INFO	2018-05-26 14:56:30	MergeVcfs	Processed     2,090,000 records.  Elapsed time: 00:00:26s.  Time for last 10,000:    0s.  Last read position: 8:26,765,218
INFO	2018-05-26 14:56:30	MergeVcfs	Processed     2,100,000 records.  Elapsed time: 00:00:26s.  Time for last 10,000:    0s.  Last read position: 8:32,738,450
INFO	2018-05-26 14:56:30	MergeVcfs	Processed     2,110,000 records.  Elapsed time: 00:00:26s.  Time for last 10,000:    0s.  Last read position: 8:40,329,793
INFO	2018-05-26 14:56:30	MergeVcfs	Processed     2,120,000 records.  Elapsed time: 00:00:26s.  Time for last 10,000:    0s.  Last read position: 8:51,570,981
INFO	2018-05-26 14:56:30	MergeVcfs	Processed     2,130,000 records.  Elapsed time: 00:00:26s.  Time for last 10,000:    0s.  Last read position: 8:58,859,188
INFO	2018-05-26 14:56:30	MergeVcfs	Processed     2,140,000 records.  Elapsed time: 00:00:26s.  Time for last 10,000:    0s.  Last read position: 8:66,864,550
INFO	2018-05-26 14:56:30	MergeVcfs	Processed     2,150,000 records.  Elapsed time: 00:00:27s.  Time for last 10,000:    0s.  Last read position: 8:75,205,025
INFO	2018-05-26 14:56:30	MergeVcfs	Processed     2,160,000 records.  Elapsed time: 00:00:27s.  Time for last 10,000:    0s.  Last read position: 8:83,327,039
INFO	2018-05-26 14:56:31	MergeVcfs	Processed     2,170,000 records.  Elapsed time: 00:00:27s.  Time for last 10,000:    0s.  Last read position: 8:90,798,973
INFO	2018-05-26 14:56:31	MergeVcfs	Processed     2,180,000 records.  Elapsed time: 00:00:27s.  Time for last 10,000:    0s.  Last read position: 8:98,835,804
INFO	2018-05-26 14:56:31	MergeVcfs	Processed     2,190,000 records.  Elapsed time: 00:00:27s.  Time for last 10,000:    0s.  Last read position: 8:108,718,291
INFO	2018-05-26 14:56:31	MergeVcfs	Processed     2,200,000 records.  Elapsed time: 00:00:27s.  Time for last 10,000:    0s.  Last read position: 8:116,780,612
INFO	2018-05-26 14:56:31	MergeVcfs	Processed     2,210,000 records.  Elapsed time: 00:00:27s.  Time for last 10,000:    0s.  Last read position: 8:123,605,086
INFO	2018-05-26 14:56:31	MergeVcfs	Processed     2,220,000 records.  Elapsed time: 00:00:27s.  Time for last 10,000:    0s.  Last read position: 8:130,590,303
INFO	2018-05-26 14:56:31	MergeVcfs	Processed     2,230,000 records.  Elapsed time: 00:00:27s.  Time for last 10,000:    0s.  Last read position: 8:136,822,387
INFO	2018-05-26 14:56:31	MergeVcfs	Processed     2,240,000 records.  Elapsed time: 00:00:27s.  Time for last 10,000:    0s.  Last read position: 8:142,256,716
INFO	2018-05-26 14:56:31	MergeVcfs	Processed     2,250,000 records.  Elapsed time: 00:00:28s.  Time for last 10,000:    0s.  Last read position: 9:1,102,943
INFO	2018-05-26 14:56:31	MergeVcfs	Processed     2,260,000 records.  Elapsed time: 00:00:28s.  Time for last 10,000:    0s.  Last read position: 9:6,105,050
INFO	2018-05-26 14:56:32	MergeVcfs	Processed     2,270,000 records.  Elapsed time: 00:00:28s.  Time for last 10,000:    0s.  Last read position: 9:11,094,508
INFO	2018-05-26 14:56:32	MergeVcfs	Processed     2,280,000 records.  Elapsed time: 00:00:28s.  Time for last 10,000:    0s.  Last read position: 9:16,738,889
INFO	2018-05-26 14:56:32	MergeVcfs	Processed     2,290,000 records.  Elapsed time: 00:00:28s.  Time for last 10,000:    0s.  Last read position: 9:22,493,742
INFO	2018-05-26 14:56:32	MergeVcfs	Processed     2,300,000 records.  Elapsed time: 00:00:28s.  Time for last 10,000:    0s.  Last read position: 9:29,203,962
INFO	2018-05-26 14:56:32	MergeVcfs	Processed     2,310,000 records.  Elapsed time: 00:00:28s.  Time for last 10,000:    0s.  Last read position: 9:35,725,985
INFO	2018-05-26 14:56:32	MergeVcfs	Processed     2,320,000 records.  Elapsed time: 00:00:28s.  Time for last 10,000:    0s.  Last read position: 9:71,481,025
INFO	2018-05-26 14:56:32	MergeVcfs	Processed     2,330,000 records.  Elapsed time: 00:00:28s.  Time for last 10,000:    0s.  Last read position: 9:77,904,112
INFO	2018-05-26 14:56:32	MergeVcfs	Processed     2,340,000 records.  Elapsed time: 00:00:28s.  Time for last 10,000:    0s.  Last read position: 9:84,276,121
INFO	2018-05-26 14:56:32	MergeVcfs	Processed     2,350,000 records.  Elapsed time: 00:00:29s.  Time for last 10,000:    0s.  Last read position: 9:91,830,057
INFO	2018-05-26 14:56:32	MergeVcfs	Processed     2,360,000 records.  Elapsed time: 00:00:29s.  Time for last 10,000:    0s.  Last read position: 9:99,600,424
INFO	2018-05-26 14:56:33	MergeVcfs	Processed     2,370,000 records.  Elapsed time: 00:00:29s.  Time for last 10,000:    0s.  Last read position: 9:107,182,405
INFO	2018-05-26 14:56:33	MergeVcfs	Processed     2,380,000 records.  Elapsed time: 00:00:29s.  Time for last 10,000:    0s.  Last read position: 9:114,451,882
INFO	2018-05-26 14:56:33	MergeVcfs	Processed     2,390,000 records.  Elapsed time: 00:00:29s.  Time for last 10,000:    0s.  Last read position: 9:121,019,213
INFO	2018-05-26 14:56:33	MergeVcfs	Processed     2,400,000 records.  Elapsed time: 00:00:29s.  Time for last 10,000:    0s.  Last read position: 9:128,857,311
INFO	2018-05-26 14:56:33	MergeVcfs	Processed     2,410,000 records.  Elapsed time: 00:00:29s.  Time for last 10,000:    0s.  Last read position: 9:135,070,104
INFO	2018-05-26 14:56:33	MergeVcfs	Processed     2,420,000 records.  Elapsed time: 00:00:29s.  Time for last 10,000:    0s.  Last read position: 10:391,383
INFO	2018-05-26 14:56:33	MergeVcfs	Processed     2,430,000 records.  Elapsed time: 00:00:29s.  Time for last 10,000:    0s.  Last read position: 10:5,107,113
INFO	2018-05-26 14:56:33	MergeVcfs	Processed     2,440,000 records.  Elapsed time: 00:00:29s.  Time for last 10,000:    0s.  Last read position: 10:10,066,403
INFO	2018-05-26 14:56:33	MergeVcfs	Processed     2,450,000 records.  Elapsed time: 00:00:30s.  Time for last 10,000:    0s.  Last read position: 10:14,755,953
INFO	2018-05-26 14:56:33	MergeVcfs	Processed     2,460,000 records.  Elapsed time: 00:00:30s.  Time for last 10,000:    0s.  Last read position: 10:20,637,867
INFO	2018-05-26 14:56:34	MergeVcfs	Processed     2,470,000 records.  Elapsed time: 00:00:30s.  Time for last 10,000:    0s.  Last read position: 10:27,931,304
INFO	2018-05-26 14:56:34	MergeVcfs	Processed     2,480,000 records.  Elapsed time: 00:00:30s.  Time for last 10,000:    0s.  Last read position: 10:33,428,662
INFO	2018-05-26 14:56:34	MergeVcfs	Processed     2,490,000 records.  Elapsed time: 00:00:30s.  Time for last 10,000:    0s.  Last read position: 10:39,153,789
INFO	2018-05-26 14:56:34	MergeVcfs	Processed     2,500,000 records.  Elapsed time: 00:00:30s.  Time for last 10,000:    0s.  Last read position: 10:50,065,590
INFO	2018-05-26 14:56:34	MergeVcfs	Processed     2,510,000 records.  Elapsed time: 00:00:30s.  Time for last 10,000:    0s.  Last read position: 10:55,997,936
INFO	2018-05-26 14:56:34	MergeVcfs	Processed     2,520,000 records.  Elapsed time: 00:00:30s.  Time for last 10,000:    0s.  Last read position: 10:61,630,346
INFO	2018-05-26 14:56:34	MergeVcfs	Processed     2,530,000 records.  Elapsed time: 00:00:30s.  Time for last 10,000:    0s.  Last read position: 10:67,558,912
INFO	2018-05-26 14:56:34	MergeVcfs	Processed     2,540,000 records.  Elapsed time: 00:00:30s.  Time for last 10,000:    0s.  Last read position: 10:73,724,548
INFO	2018-05-26 14:56:34	MergeVcfs	Processed     2,550,000 records.  Elapsed time: 00:00:31s.  Time for last 10,000:    0s.  Last read position: 10:82,119,276
INFO	2018-05-26 14:56:34	MergeVcfs	Processed     2,560,000 records.  Elapsed time: 00:00:31s.  Time for last 10,000:    0s.  Last read position: 10:89,226,407
INFO	2018-05-26 14:56:35	MergeVcfs	Processed     2,570,000 records.  Elapsed time: 00:00:31s.  Time for last 10,000:    0s.  Last read position: 10:95,896,807
INFO	2018-05-26 14:56:35	MergeVcfs	Processed     2,580,000 records.  Elapsed time: 00:00:31s.  Time for last 10,000:    0s.  Last read position: 10:103,497,704
INFO	2018-05-26 14:56:35	MergeVcfs	Processed     2,590,000 records.  Elapsed time: 00:00:31s.  Time for last 10,000:    0s.  Last read position: 10:111,886,089
INFO	2018-05-26 14:56:35	MergeVcfs	Processed     2,600,000 records.  Elapsed time: 00:00:31s.  Time for last 10,000:    0s.  Last read position: 10:118,465,174
INFO	2018-05-26 14:56:35	MergeVcfs	Processed     2,610,000 records.  Elapsed time: 00:00:31s.  Time for last 10,000:    0s.  Last read position: 10:123,846,490
INFO	2018-05-26 14:56:35	MergeVcfs	Processed     2,620,000 records.  Elapsed time: 00:00:31s.  Time for last 10,000:    0s.  Last read position: 10:129,950,249
INFO	2018-05-26 14:56:35	MergeVcfs	Processed     2,630,000 records.  Elapsed time: 00:00:31s.  Time for last 10,000:    0s.  Last read position: 10:134,996,161
INFO	2018-05-26 14:56:35	MergeVcfs	Processed     2,640,000 records.  Elapsed time: 00:00:31s.  Time for last 10,000:    0s.  Last read position: 11:5,083,250
INFO	2018-05-26 14:56:35	MergeVcfs	Processed     2,650,000 records.  Elapsed time: 00:00:32s.  Time for last 10,000:    0s.  Last read position: 11:10,094,437
INFO	2018-05-26 14:56:35	MergeVcfs	Processed     2,660,000 records.  Elapsed time: 00:00:32s.  Time for last 10,000:    0s.  Last read position: 11:15,944,456
INFO	2018-05-26 14:56:36	MergeVcfs	Processed     2,670,000 records.  Elapsed time: 00:00:32s.  Time for last 10,000:    0s.  Last read position: 11:21,475,580
INFO	2018-05-26 14:56:36	MergeVcfs	Processed     2,680,000 records.  Elapsed time: 00:00:32s.  Time for last 10,000:    0s.  Last read position: 11:25,669,123
INFO	2018-05-26 14:56:36	MergeVcfs	Processed     2,690,000 records.  Elapsed time: 00:00:32s.  Time for last 10,000:    0s.  Last read position: 11:32,387,936
INFO	2018-05-26 14:56:36	MergeVcfs	Processed     2,700,000 records.  Elapsed time: 00:00:32s.  Time for last 10,000:    0s.  Last read position: 11:39,056,721
INFO	2018-05-26 14:56:36	MergeVcfs	Processed     2,710,000 records.  Elapsed time: 00:00:32s.  Time for last 10,000:    0s.  Last read position: 11:45,641,348
INFO	2018-05-26 14:56:36	MergeVcfs	Processed     2,720,000 records.  Elapsed time: 00:00:32s.  Time for last 10,000:    0s.  Last read position: 11:55,830,156
INFO	2018-05-26 14:56:36	MergeVcfs	Processed     2,730,000 records.  Elapsed time: 00:00:32s.  Time for last 10,000:    0s.  Last read position: 11:63,071,863
INFO	2018-05-26 14:56:36	MergeVcfs	Processed     2,740,000 records.  Elapsed time: 00:00:32s.  Time for last 10,000:    0s.  Last read position: 11:70,793,237
INFO	2018-05-26 14:56:36	MergeVcfs	Processed     2,750,000 records.  Elapsed time: 00:00:32s.  Time for last 10,000:    0s.  Last read position: 11:77,844,128
INFO	2018-05-26 14:56:36	MergeVcfs	Processed     2,760,000 records.  Elapsed time: 00:00:33s.  Time for last 10,000:    0s.  Last read position: 11:85,019,333
INFO	2018-05-26 14:56:37	MergeVcfs	Processed     2,770,000 records.  Elapsed time: 00:00:33s.  Time for last 10,000:    0s.  Last read position: 11:91,411,198
INFO	2018-05-26 14:56:37	MergeVcfs	Processed     2,780,000 records.  Elapsed time: 00:00:33s.  Time for last 10,000:    0s.  Last read position: 11:97,878,492
INFO	2018-05-26 14:56:37	MergeVcfs	Processed     2,790,000 records.  Elapsed time: 00:00:33s.  Time for last 10,000:    0s.  Last read position: 11:103,438,281
INFO	2018-05-26 14:56:37	MergeVcfs	Processed     2,800,000 records.  Elapsed time: 00:00:33s.  Time for last 10,000:    0s.  Last read position: 11:110,402,394
INFO	2018-05-26 14:56:37	MergeVcfs	Processed     2,810,000 records.  Elapsed time: 00:00:33s.  Time for last 10,000:    0s.  Last read position: 11:117,415,955
INFO	2018-05-26 14:56:37	MergeVcfs	Processed     2,820,000 records.  Elapsed time: 00:00:33s.  Time for last 10,000:    0s.  Last read position: 11:123,571,044
INFO	2018-05-26 14:56:37	MergeVcfs	Processed     2,830,000 records.  Elapsed time: 00:00:33s.  Time for last 10,000:    0s.  Last read position: 11:130,357,269
INFO	2018-05-26 14:56:37	MergeVcfs	Processed     2,840,000 records.  Elapsed time: 00:00:33s.  Time for last 10,000:    0s.  Last read position: 12:1,239,002
INFO	2018-05-26 14:56:37	MergeVcfs	Processed     2,850,000 records.  Elapsed time: 00:00:33s.  Time for last 10,000:    0s.  Last read position: 12:7,250,708
INFO	2018-05-26 14:56:37	MergeVcfs	Processed     2,860,000 records.  Elapsed time: 00:00:34s.  Time for last 10,000:    0s.  Last read position: 12:12,136,610
INFO	2018-05-26 14:56:38	MergeVcfs	Processed     2,870,000 records.  Elapsed time: 00:00:34s.  Time for last 10,000:    0s.  Last read position: 12:19,016,319
INFO	2018-05-26 14:56:38	MergeVcfs	Processed     2,880,000 records.  Elapsed time: 00:00:34s.  Time for last 10,000:    0s.  Last read position: 12:24,247,240
INFO	2018-05-26 14:56:38	MergeVcfs	Processed     2,890,000 records.  Elapsed time: 00:00:34s.  Time for last 10,000:    0s.  Last read position: 12:29,832,583
INFO	2018-05-26 14:56:38	MergeVcfs	Processed     2,900,000 records.  Elapsed time: 00:00:34s.  Time for last 10,000:    0s.  Last read position: 12:37,990,350
INFO	2018-05-26 14:56:38	MergeVcfs	Processed     2,910,000 records.  Elapsed time: 00:00:34s.  Time for last 10,000:    0s.  Last read position: 12:43,844,851
INFO	2018-05-26 14:56:38	MergeVcfs	Processed     2,920,000 records.  Elapsed time: 00:00:34s.  Time for last 10,000:    0s.  Last read position: 12:51,547,349
INFO	2018-05-26 14:56:38	MergeVcfs	Processed     2,930,000 records.  Elapsed time: 00:00:34s.  Time for last 10,000:    0s.  Last read position: 12:57,857,354
INFO	2018-05-26 14:56:38	MergeVcfs	Processed     2,940,000 records.  Elapsed time: 00:00:34s.  Time for last 10,000:    0s.  Last read position: 12:63,803,542
INFO	2018-05-26 14:56:38	MergeVcfs	Processed     2,950,000 records.  Elapsed time: 00:00:35s.  Time for last 10,000:    0s.  Last read position: 12:70,313,163
INFO	2018-05-26 14:56:38	MergeVcfs	Processed     2,960,000 records.  Elapsed time: 00:00:35s.  Time for last 10,000:    0s.  Last read position: 12:78,119,266
INFO	2018-05-26 14:56:39	MergeVcfs	Processed     2,970,000 records.  Elapsed time: 00:00:35s.  Time for last 10,000:    0s.  Last read position: 12:84,969,701
INFO	2018-05-26 14:56:39	MergeVcfs	Processed     2,980,000 records.  Elapsed time: 00:00:35s.  Time for last 10,000:    0s.  Last read position: 12:93,046,571
INFO	2018-05-26 14:56:39	MergeVcfs	Processed     2,990,000 records.  Elapsed time: 00:00:35s.  Time for last 10,000:    0s.  Last read position: 12:100,849,075
INFO	2018-05-26 14:56:39	MergeVcfs	Processed     3,000,000 records.  Elapsed time: 00:00:35s.  Time for last 10,000:    0s.  Last read position: 12:107,623,210
INFO	2018-05-26 14:56:39	MergeVcfs	Processed     3,010,000 records.  Elapsed time: 00:00:35s.  Time for last 10,000:    0s.  Last read position: 12:115,300,998
INFO	2018-05-26 14:56:39	MergeVcfs	Processed     3,020,000 records.  Elapsed time: 00:00:35s.  Time for last 10,000:    0s.  Last read position: 12:121,672,311
INFO	2018-05-26 14:56:39	MergeVcfs	Processed     3,030,000 records.  Elapsed time: 00:00:35s.  Time for last 10,000:    0s.  Last read position: 12:127,728,275
INFO	2018-05-26 14:56:39	MergeVcfs	Processed     3,040,000 records.  Elapsed time: 00:00:35s.  Time for last 10,000:    0s.  Last read position: 12:131,658,723
INFO	2018-05-26 14:56:39	MergeVcfs	Processed     3,050,000 records.  Elapsed time: 00:00:35s.  Time for last 10,000:    0s.  Last read position: 13:21,581,439
INFO	2018-05-26 14:56:39	MergeVcfs	Processed     3,060,000 records.  Elapsed time: 00:00:36s.  Time for last 10,000:    0s.  Last read position: 13:25,943,681
INFO	2018-05-26 14:56:39	MergeVcfs	Processed     3,070,000 records.  Elapsed time: 00:00:36s.  Time for last 10,000:    0s.  Last read position: 13:31,680,592
INFO	2018-05-26 14:56:40	MergeVcfs	Processed     3,080,000 records.  Elapsed time: 00:00:36s.  Time for last 10,000:    0s.  Last read position: 13:38,004,061
INFO	2018-05-26 14:56:40	MergeVcfs	Processed     3,090,000 records.  Elapsed time: 00:00:36s.  Time for last 10,000:    0s.  Last read position: 13:43,754,406
INFO	2018-05-26 14:56:40	MergeVcfs	Processed     3,100,000 records.  Elapsed time: 00:00:36s.  Time for last 10,000:    0s.  Last read position: 13:50,431,800
INFO	2018-05-26 14:56:40	MergeVcfs	Processed     3,110,000 records.  Elapsed time: 00:00:36s.  Time for last 10,000:    0s.  Last read position: 13:57,862,549
INFO	2018-05-26 14:56:40	MergeVcfs	Processed     3,120,000 records.  Elapsed time: 00:00:36s.  Time for last 10,000:    0s.  Last read position: 13:64,888,196
INFO	2018-05-26 14:56:40	MergeVcfs	Processed     3,130,000 records.  Elapsed time: 00:00:36s.  Time for last 10,000:    0s.  Last read position: 13:71,038,923
INFO	2018-05-26 14:56:40	MergeVcfs	Processed     3,140,000 records.  Elapsed time: 00:00:36s.  Time for last 10,000:    0s.  Last read position: 13:77,166,107
INFO	2018-05-26 14:56:40	MergeVcfs	Processed     3,150,000 records.  Elapsed time: 00:00:36s.  Time for last 10,000:    0s.  Last read position: 13:83,682,057
INFO	2018-05-26 14:56:40	MergeVcfs	Processed     3,160,000 records.  Elapsed time: 00:00:36s.  Time for last 10,000:    0s.  Last read position: 13:90,161,948
INFO	2018-05-26 14:56:40	MergeVcfs	Processed     3,170,000 records.  Elapsed time: 00:00:37s.  Time for last 10,000:    0s.  Last read position: 13:95,897,359
INFO	2018-05-26 14:56:40	MergeVcfs	Processed     3,180,000 records.  Elapsed time: 00:00:37s.  Time for last 10,000:    0s.  Last read position: 13:102,216,969
INFO	2018-05-26 14:56:41	MergeVcfs	Processed     3,190,000 records.  Elapsed time: 00:00:37s.  Time for last 10,000:    0s.  Last read position: 13:107,993,741
INFO	2018-05-26 14:56:41	MergeVcfs	Processed     3,200,000 records.  Elapsed time: 00:00:37s.  Time for last 10,000:    0s.  Last read position: 13:113,243,799
INFO	2018-05-26 14:56:41	MergeVcfs	Processed     3,210,000 records.  Elapsed time: 00:00:37s.  Time for last 10,000:    0s.  Last read position: 14:23,553,836
INFO	2018-05-26 14:56:41	MergeVcfs	Processed     3,220,000 records.  Elapsed time: 00:00:37s.  Time for last 10,000:    0s.  Last read position: 14:29,999,695
INFO	2018-05-26 14:56:41	MergeVcfs	Processed     3,230,000 records.  Elapsed time: 00:00:37s.  Time for last 10,000:    0s.  Last read position: 14:36,840,695
INFO	2018-05-26 14:56:41	MergeVcfs	Processed     3,240,000 records.  Elapsed time: 00:00:37s.  Time for last 10,000:    0s.  Last read position: 14:43,152,763
INFO	2018-05-26 14:56:41	MergeVcfs	Processed     3,250,000 records.  Elapsed time: 00:00:37s.  Time for last 10,000:    0s.  Last read position: 14:49,672,384
INFO	2018-05-26 14:56:41	MergeVcfs	Processed     3,260,000 records.  Elapsed time: 00:00:37s.  Time for last 10,000:    0s.  Last read position: 14:55,998,669
INFO	2018-05-26 14:56:41	MergeVcfs	Processed     3,270,000 records.  Elapsed time: 00:00:38s.  Time for last 10,000:    0s.  Last read position: 14:63,074,609
INFO	2018-05-26 14:56:41	MergeVcfs	Processed     3,280,000 records.  Elapsed time: 00:00:38s.  Time for last 10,000:    0s.  Last read position: 14:72,392,833
INFO	2018-05-26 14:56:42	MergeVcfs	Processed     3,290,000 records.  Elapsed time: 00:00:38s.  Time for last 10,000:    0s.  Last read position: 14:78,757,435
INFO	2018-05-26 14:56:42	MergeVcfs	Processed     3,300,000 records.  Elapsed time: 00:00:38s.  Time for last 10,000:    0s.  Last read position: 14:85,813,891
INFO	2018-05-26 14:56:42	MergeVcfs	Processed     3,310,000 records.  Elapsed time: 00:00:38s.  Time for last 10,000:    0s.  Last read position: 14:92,012,067
INFO	2018-05-26 14:56:42	MergeVcfs	Processed     3,320,000 records.  Elapsed time: 00:00:38s.  Time for last 10,000:    0s.  Last read position: 14:97,147,270
INFO	2018-05-26 14:56:42	MergeVcfs	Processed     3,330,000 records.  Elapsed time: 00:00:38s.  Time for last 10,000:    0s.  Last read position: 14:103,892,606
INFO	2018-05-26 14:56:42	MergeVcfs	Processed     3,340,000 records.  Elapsed time: 00:00:38s.  Time for last 10,000:    0s.  Last read position: 15:23,072,413
INFO	2018-05-26 14:56:42	MergeVcfs	Processed     3,350,000 records.  Elapsed time: 00:00:38s.  Time for last 10,000:    0s.  Last read position: 15:27,900,597
INFO	2018-05-26 14:56:42	MergeVcfs	Processed     3,360,000 records.  Elapsed time: 00:00:38s.  Time for last 10,000:    0s.  Last read position: 15:35,403,816
INFO	2018-05-26 14:56:42	MergeVcfs	Processed     3,370,000 records.  Elapsed time: 00:00:39s.  Time for last 10,000:    0s.  Last read position: 15:42,608,793
INFO	2018-05-26 14:56:42	MergeVcfs	Processed     3,380,000 records.  Elapsed time: 00:00:39s.  Time for last 10,000:    0s.  Last read position: 15:51,372,727
INFO	2018-05-26 14:56:43	MergeVcfs	Processed     3,390,000 records.  Elapsed time: 00:00:39s.  Time for last 10,000:    0s.  Last read position: 15:57,162,276
INFO	2018-05-26 14:56:43	MergeVcfs	Processed     3,400,000 records.  Elapsed time: 00:00:39s.  Time for last 10,000:    0s.  Last read position: 15:63,298,070
INFO	2018-05-26 14:56:43	MergeVcfs	Processed     3,410,000 records.  Elapsed time: 00:00:39s.  Time for last 10,000:    0s.  Last read position: 15:69,632,221
INFO	2018-05-26 14:56:43	MergeVcfs	Processed     3,420,000 records.  Elapsed time: 00:00:39s.  Time for last 10,000:    0s.  Last read position: 15:77,548,113
INFO	2018-05-26 14:56:43	MergeVcfs	Processed     3,430,000 records.  Elapsed time: 00:00:39s.  Time for last 10,000:    0s.  Last read position: 15:85,491,312
INFO	2018-05-26 14:56:43	MergeVcfs	Processed     3,440,000 records.  Elapsed time: 00:00:39s.  Time for last 10,000:    0s.  Last read position: 15:92,478,597
INFO	2018-05-26 14:56:43	MergeVcfs	Processed     3,450,000 records.  Elapsed time: 00:00:39s.  Time for last 10,000:    0s.  Last read position: 15:98,313,191
INFO	2018-05-26 14:56:43	MergeVcfs	Processed     3,460,000 records.  Elapsed time: 00:00:39s.  Time for last 10,000:    0s.  Last read position: 16:946,654
INFO	2018-05-26 14:56:43	MergeVcfs	Processed     3,470,000 records.  Elapsed time: 00:00:39s.  Time for last 10,000:    0s.  Last read position: 16:6,319,505
INFO	2018-05-26 14:56:43	MergeVcfs	Processed     3,480,000 records.  Elapsed time: 00:00:40s.  Time for last 10,000:    0s.  Last read position: 16:9,592,599
INFO	2018-05-26 14:56:44	MergeVcfs	Processed     3,490,000 records.  Elapsed time: 00:00:40s.  Time for last 10,000:    0s.  Last read position: 16:14,245,365
INFO	2018-05-26 14:56:44	MergeVcfs	Processed     3,500,000 records.  Elapsed time: 00:00:40s.  Time for last 10,000:    0s.  Last read position: 16:23,288,956
INFO	2018-05-26 14:56:44	MergeVcfs	Processed     3,510,000 records.  Elapsed time: 00:00:40s.  Time for last 10,000:    0s.  Last read position: 16:32,477,233
INFO	2018-05-26 14:56:44	MergeVcfs	Processed     3,520,000 records.  Elapsed time: 00:00:40s.  Time for last 10,000:    0s.  Last read position: 16:54,144,925
INFO	2018-05-26 14:56:44	MergeVcfs	Processed     3,530,000 records.  Elapsed time: 00:00:40s.  Time for last 10,000:    0s.  Last read position: 16:60,623,062
INFO	2018-05-26 14:56:44	MergeVcfs	Processed     3,540,000 records.  Elapsed time: 00:00:40s.  Time for last 10,000:    0s.  Last read position: 16:69,470,634
INFO	2018-05-26 14:56:44	MergeVcfs	Processed     3,550,000 records.  Elapsed time: 00:00:40s.  Time for last 10,000:    0s.  Last read position: 16:76,633,128
INFO	2018-05-26 14:56:44	MergeVcfs	Processed     3,560,000 records.  Elapsed time: 00:00:40s.  Time for last 10,000:    0s.  Last read position: 16:81,113,676
INFO	2018-05-26 14:56:44	MergeVcfs	Processed     3,570,000 records.  Elapsed time: 00:00:40s.  Time for last 10,000:    0s.  Last read position: 16:84,938,465
INFO	2018-05-26 14:56:44	MergeVcfs	Processed     3,580,000 records.  Elapsed time: 00:00:41s.  Time for last 10,000:    0s.  Last read position: 16:89,686,247
INFO	2018-05-26 14:56:44	MergeVcfs	Processed     3,590,000 records.  Elapsed time: 00:00:41s.  Time for last 10,000:    0s.  Last read position: 17:4,852,870
INFO	2018-05-26 14:56:45	MergeVcfs	Processed     3,600,000 records.  Elapsed time: 00:00:41s.  Time for last 10,000:    0s.  Last read position: 17:10,695,707
INFO	2018-05-26 14:56:45	MergeVcfs	Processed     3,610,000 records.  Elapsed time: 00:00:41s.  Time for last 10,000:    0s.  Last read position: 17:16,245,109
INFO	2018-05-26 14:56:45	MergeVcfs	Processed     3,620,000 records.  Elapsed time: 00:00:41s.  Time for last 10,000:    0s.  Last read position: 17:29,647,908
INFO	2018-05-26 14:56:45	MergeVcfs	Processed     3,630,000 records.  Elapsed time: 00:00:41s.  Time for last 10,000:    0s.  Last read position: 17:37,506,188
INFO	2018-05-26 14:56:45	MergeVcfs	Processed     3,640,000 records.  Elapsed time: 00:00:41s.  Time for last 10,000:    0s.  Last read position: 17:46,143,042
INFO	2018-05-26 14:56:45	MergeVcfs	Processed     3,650,000 records.  Elapsed time: 00:00:41s.  Time for last 10,000:    0s.  Last read position: 17:53,392,544
INFO	2018-05-26 14:56:45	MergeVcfs	Processed     3,660,000 records.  Elapsed time: 00:00:41s.  Time for last 10,000:    0s.  Last read position: 17:63,313,715
INFO	2018-05-26 14:56:45	MergeVcfs	Processed     3,670,000 records.  Elapsed time: 00:00:41s.  Time for last 10,000:    0s.  Last read position: 17:69,247,749
INFO	2018-05-26 14:56:45	MergeVcfs	Processed     3,680,000 records.  Elapsed time: 00:00:41s.  Time for last 10,000:    0s.  Last read position: 17:75,386,833
INFO	2018-05-26 14:56:45	MergeVcfs	Processed     3,690,000 records.  Elapsed time: 00:00:42s.  Time for last 10,000:    0s.  Last read position: 17:81,036,344
INFO	2018-05-26 14:56:45	MergeVcfs	Processed     3,700,000 records.  Elapsed time: 00:00:42s.  Time for last 10,000:    0s.  Last read position: 18:5,307,695
INFO	2018-05-26 14:56:46	MergeVcfs	Processed     3,710,000 records.  Elapsed time: 00:00:42s.  Time for last 10,000:    0s.  Last read position: 18:10,923,453
INFO	2018-05-26 14:56:46	MergeVcfs	Processed     3,720,000 records.  Elapsed time: 00:00:42s.  Time for last 10,000:    0s.  Last read position: 18:20,704,107
INFO	2018-05-26 14:56:46	MergeVcfs	Processed     3,730,000 records.  Elapsed time: 00:00:42s.  Time for last 10,000:    0s.  Last read position: 18:28,061,435
INFO	2018-05-26 14:56:46	MergeVcfs	Processed     3,740,000 records.  Elapsed time: 00:00:42s.  Time for last 10,000:    0s.  Last read position: 18:36,587,147
INFO	2018-05-26 14:56:46	MergeVcfs	Processed     3,750,000 records.  Elapsed time: 00:00:42s.  Time for last 10,000:    0s.  Last read position: 18:43,562,851
INFO	2018-05-26 14:56:46	MergeVcfs	Processed     3,760,000 records.  Elapsed time: 00:00:42s.  Time for last 10,000:    0s.  Last read position: 18:50,184,973
INFO	2018-05-26 14:56:46	MergeVcfs	Processed     3,770,000 records.  Elapsed time: 00:00:42s.  Time for last 10,000:    0s.  Last read position: 18:56,624,597
INFO	2018-05-26 14:56:46	MergeVcfs	Processed     3,780,000 records.  Elapsed time: 00:00:42s.  Time for last 10,000:    0s.  Last read position: 18:62,980,974
INFO	2018-05-26 14:56:46	MergeVcfs	Processed     3,790,000 records.  Elapsed time: 00:00:43s.  Time for last 10,000:    0s.  Last read position: 18:68,247,314
INFO	2018-05-26 14:56:46	MergeVcfs	Processed     3,800,000 records.  Elapsed time: 00:00:43s.  Time for last 10,000:    0s.  Last read position: 18:73,490,246
INFO	2018-05-26 14:56:47	MergeVcfs	Processed     3,810,000 records.  Elapsed time: 00:00:43s.  Time for last 10,000:    0s.  Last read position: 19:309,952
INFO	2018-05-26 14:56:47	MergeVcfs	Processed     3,820,000 records.  Elapsed time: 00:00:43s.  Time for last 10,000:    0s.  Last read position: 19:5,280,798
INFO	2018-05-26 14:56:47	MergeVcfs	Processed     3,830,000 records.  Elapsed time: 00:00:43s.  Time for last 10,000:    0s.  Last read position: 19:11,381,975
INFO	2018-05-26 14:56:47	MergeVcfs	Processed     3,840,000 records.  Elapsed time: 00:00:43s.  Time for last 10,000:    0s.  Last read position: 19:18,250,920
INFO	2018-05-26 14:56:47	MergeVcfs	Processed     3,850,000 records.  Elapsed time: 00:00:43s.  Time for last 10,000:    0s.  Last read position: 19:23,637,560
INFO	2018-05-26 14:56:47	MergeVcfs	Processed     3,860,000 records.  Elapsed time: 00:00:43s.  Time for last 10,000:    0s.  Last read position: 19:30,695,031
INFO	2018-05-26 14:56:47	MergeVcfs	Processed     3,870,000 records.  Elapsed time: 00:00:43s.  Time for last 10,000:    0s.  Last read position: 19:38,078,680
INFO	2018-05-26 14:56:47	MergeVcfs	Processed     3,880,000 records.  Elapsed time: 00:00:43s.  Time for last 10,000:    0s.  Last read position: 19:44,472,062
INFO	2018-05-26 14:56:47	MergeVcfs	Processed     3,890,000 records.  Elapsed time: 00:00:43s.  Time for last 10,000:    0s.  Last read position: 19:50,957,677
INFO	2018-05-26 14:56:47	MergeVcfs	Processed     3,900,000 records.  Elapsed time: 00:00:44s.  Time for last 10,000:    0s.  Last read position: 19:55,700,861
INFO	2018-05-26 14:56:47	MergeVcfs	Processed     3,910,000 records.  Elapsed time: 00:00:44s.  Time for last 10,000:    0s.  Last read position: 20:2,415,122
INFO	2018-05-26 14:56:48	MergeVcfs	Processed     3,920,000 records.  Elapsed time: 00:00:44s.  Time for last 10,000:    0s.  Last read position: 20:7,881,107
INFO	2018-05-26 14:56:48	MergeVcfs	Processed     3,930,000 records.  Elapsed time: 00:00:44s.  Time for last 10,000:    0s.  Last read position: 20:14,873,037
INFO	2018-05-26 14:56:48	MergeVcfs	Processed     3,940,000 records.  Elapsed time: 00:00:44s.  Time for last 10,000:    0s.  Last read position: 20:20,599,122
INFO	2018-05-26 14:56:48	MergeVcfs	Processed     3,950,000 records.  Elapsed time: 00:00:44s.  Time for last 10,000:    0s.  Last read position: 20:31,685,850
INFO	2018-05-26 14:56:48	MergeVcfs	Processed     3,960,000 records.  Elapsed time: 00:00:44s.  Time for last 10,000:    0s.  Last read position: 20:41,320,513
INFO	2018-05-26 14:56:48	MergeVcfs	Processed     3,970,000 records.  Elapsed time: 00:00:44s.  Time for last 10,000:    0s.  Last read position: 20:48,334,225
INFO	2018-05-26 14:56:48	MergeVcfs	Processed     3,980,000 records.  Elapsed time: 00:00:44s.  Time for last 10,000:    0s.  Last read position: 20:54,597,191
INFO	2018-05-26 14:56:48	MergeVcfs	Processed     3,990,000 records.  Elapsed time: 00:00:44s.  Time for last 10,000:    0s.  Last read position: 20:61,185,059
INFO	2018-05-26 14:56:48	MergeVcfs	Processed     4,000,000 records.  Elapsed time: 00:00:44s.  Time for last 10,000:    0s.  Last read position: 21:16,689,017
INFO	2018-05-26 14:56:48	MergeVcfs	Processed     4,010,000 records.  Elapsed time: 00:00:45s.  Time for last 10,000:    0s.  Last read position: 21:22,037,850
INFO	2018-05-26 14:56:48	MergeVcfs	Processed     4,020,000 records.  Elapsed time: 00:00:45s.  Time for last 10,000:    0s.  Last read position: 21:27,672,035
INFO	2018-05-26 14:56:49	MergeVcfs	Processed     4,030,000 records.  Elapsed time: 00:00:45s.  Time for last 10,000:    0s.  Last read position: 21:33,544,905
INFO	2018-05-26 14:56:49	MergeVcfs	Processed     4,040,000 records.  Elapsed time: 00:00:45s.  Time for last 10,000:    0s.  Last read position: 21:40,130,917
INFO	2018-05-26 14:56:49	MergeVcfs	Processed     4,050,000 records.  Elapsed time: 00:00:45s.  Time for last 10,000:    0s.  Last read position: 21:45,856,408
INFO	2018-05-26 14:56:49	MergeVcfs	Processed     4,060,000 records.  Elapsed time: 00:00:45s.  Time for last 10,000:    0s.  Last read position: 22:19,771,064
INFO	2018-05-26 14:56:49	MergeVcfs	Processed     4,070,000 records.  Elapsed time: 00:00:45s.  Time for last 10,000:    0s.  Last read position: 22:25,480,872
INFO	2018-05-26 14:56:49	MergeVcfs	Processed     4,080,000 records.  Elapsed time: 00:00:45s.  Time for last 10,000:    0s.  Last read position: 22:32,777,932
INFO	2018-05-26 14:56:49	MergeVcfs	Processed     4,090,000 records.  Elapsed time: 00:00:45s.  Time for last 10,000:    0s.  Last read position: 22:39,469,559
INFO	2018-05-26 14:56:49	MergeVcfs	Processed     4,100,000 records.  Elapsed time: 00:00:45s.  Time for last 10,000:    0s.  Last read position: 22:45,738,999
INFO	2018-05-26 14:56:49	MergeVcfs	Processed     4,110,000 records.  Elapsed time: 00:00:45s.  Time for last 10,000:    0s.  Last read position: 22:50,927,447
INFO	2018-05-26 14:56:49	MergeVcfs	Processed     4,120,000 records.  Elapsed time: 00:00:46s.  Time for last 10,000:    0s.  Last read position: X:4,050,477
INFO	2018-05-26 14:56:50	MergeVcfs	Processed     4,130,000 records.  Elapsed time: 00:00:46s.  Time for last 10,000:    0s.  Last read position: X:22,389,201
INFO	2018-05-26 14:56:50	MergeVcfs	Processed     4,140,000 records.  Elapsed time: 00:00:46s.  Time for last 10,000:    0s.  Last read position: X:35,593,979
INFO	2018-05-26 14:56:50	MergeVcfs	Processed     4,150,000 records.  Elapsed time: 00:00:46s.  Time for last 10,000:    0s.  Last read position: X:56,470,368
INFO	2018-05-26 14:56:50	MergeVcfs	Processed     4,160,000 records.  Elapsed time: 00:00:46s.  Time for last 10,000:    0s.  Last read position: X:77,361,215
INFO	2018-05-26 14:56:50	MergeVcfs	Processed     4,170,000 records.  Elapsed time: 00:00:46s.  Time for last 10,000:    0s.  Last read position: X:89,061,836
INFO	2018-05-26 14:56:50	MergeVcfs	Processed     4,180,000 records.  Elapsed time: 00:00:46s.  Time for last 10,000:    0s.  Last read position: X:104,120,097
INFO	2018-05-26 14:56:50	MergeVcfs	Processed     4,190,000 records.  Elapsed time: 00:00:46s.  Time for last 10,000:    0s.  Last read position: X:120,805,829
INFO	2018-05-26 14:56:50	MergeVcfs	Processed     4,200,000 records.  Elapsed time: 00:00:46s.  Time for last 10,000:    0s.  Last read position: X:137,453,920
INFO	2018-05-26 14:56:50	MergeVcfs	Processed     4,210,000 records.  Elapsed time: 00:00:46s.  Time for last 10,000:    0s.  Last read position: X:150,386,543
[Sat May 26 14:56:51 UTC 2018] picard.vcf.MergeVcfs done. Elapsed time: 0.79 minutes.
Runtime.totalMemory()=340787200

Completed merging DDR control individual genotype VCF files from 1000 Genome Project
Sat 26 May 14:56:51 UTC 2018

Completed s01_select_HG02050_ddr_control_kgen.sh
Sat 26 May 14:56:51 UTC 2018

