Starting s01_select_HG00351_ddr_control_kgen.sh
Sat 26 May 02:33:16 UTC 2018

1000 Genomes Project Individual ID - DDR control genotype to be extracted - HG00351

Selecting DDR control individual genotype from 1000 Genome Project (Chromosome 1) ...
Sat 26 May 02:33:16 UTC 2018

Completed DDR control individual genotype from 1000 Genome Project (Chromosome 1)
Sat 26 May 03:01:00 UTC 2018

Selecting DDR control individual genotype from 1000 Genome Project (Chromosome 2) ...
Sat 26 May 03:01:00 UTC 2018

Completed DDR control individual genotype from 1000 Genome Project (Chromosome 2)
Sat 26 May 03:32:12 UTC 2018

Selecting DDR control individual genotype from 1000 Genome Project (Chromosome 3) ...
Sat 26 May 03:32:12 UTC 2018

Completed DDR control individual genotype from 1000 Genome Project (Chromosome 3)
Sat 26 May 03:58:00 UTC 2018

Selecting DDR control individual genotype from 1000 Genome Project (Chromosome 4) ...
Sat 26 May 03:58:00 UTC 2018

Completed DDR control individual genotype from 1000 Genome Project (Chromosome 4)
Sat 26 May 04:23:06 UTC 2018

Selecting DDR control individual genotype from 1000 Genome Project (Chromosome 5) ...
Sat 26 May 04:23:06 UTC 2018

Completed DDR control individual genotype from 1000 Genome Project (Chromosome 5)
Sat 26 May 04:46:15 UTC 2018

Selecting DDR control individual genotype from 1000 Genome Project (Chromosome 6) ...
Sat 26 May 04:46:15 UTC 2018

Completed DDR control individual genotype from 1000 Genome Project (Chromosome 6)
Sat 26 May 05:08:33 UTC 2018

Selecting DDR control individual genotype from 1000 Genome Project (Chromosome 7) ...
Sat 26 May 05:08:33 UTC 2018

Completed DDR control individual genotype from 1000 Genome Project (Chromosome 7)
Sat 26 May 05:29:27 UTC 2018

Selecting DDR control individual genotype from 1000 Genome Project (Chromosome 8) ...
Sat 26 May 05:29:27 UTC 2018

Completed DDR control individual genotype from 1000 Genome Project (Chromosome 8)
Sat 26 May 05:49:03 UTC 2018

Selecting DDR control individual genotype from 1000 Genome Project (Chromosome 9) ...
Sat 26 May 05:49:03 UTC 2018

Completed DDR control individual genotype from 1000 Genome Project (Chromosome 9)
Sat 26 May 06:04:13 UTC 2018

Selecting DDR control individual genotype from 1000 Genome Project (Chromosome 10) ...
Sat 26 May 06:04:13 UTC 2018

Completed DDR control individual genotype from 1000 Genome Project (Chromosome 10)
Sat 26 May 06:21:48 UTC 2018

Selecting DDR control individual genotype from 1000 Genome Project (Chromosome 11) ...
Sat 26 May 06:21:48 UTC 2018

Completed DDR control individual genotype from 1000 Genome Project (Chromosome 11)
Sat 26 May 06:39:50 UTC 2018

Selecting DDR control individual genotype from 1000 Genome Project (Chromosome 12) ...
Sat 26 May 06:39:50 UTC 2018

Completed DDR control individual genotype from 1000 Genome Project (Chromosome 12)
Sat 26 May 06:57:19 UTC 2018

Selecting DDR control individual genotype from 1000 Genome Project (Chromosome 13) ...
Sat 26 May 06:57:19 UTC 2018

Completed DDR control individual genotype from 1000 Genome Project (Chromosome 13)
Sat 26 May 07:09:32 UTC 2018

Selecting DDR control individual genotype from 1000 Genome Project (Chromosome 14) ...
Sat 26 May 07:09:32 UTC 2018

Completed DDR control individual genotype from 1000 Genome Project (Chromosome 14)
Sat 26 May 07:21:00 UTC 2018

Selecting DDR control individual genotype from 1000 Genome Project (Chromosome 15) ...
Sat 26 May 07:21:00 UTC 2018

Completed DDR control individual genotype from 1000 Genome Project (Chromosome 15)
Sat 26 May 07:31:52 UTC 2018

Selecting DDR control individual genotype from 1000 Genome Project (Chromosome 16) ...
Sat 26 May 07:31:52 UTC 2018

Completed DDR control individual genotype from 1000 Genome Project (Chromosome 16)
Sat 26 May 07:43:24 UTC 2018

Selecting DDR control individual genotype from 1000 Genome Project (Chromosome 17) ...
Sat 26 May 07:43:24 UTC 2018

Completed DDR control individual genotype from 1000 Genome Project (Chromosome 17)
Sat 26 May 07:53:44 UTC 2018

Selecting DDR control individual genotype from 1000 Genome Project (Chromosome 18) ...
Sat 26 May 07:53:44 UTC 2018

Completed DDR control individual genotype from 1000 Genome Project (Chromosome 18)
Sat 26 May 08:03:25 UTC 2018

Selecting DDR control individual genotype from 1000 Genome Project (Chromosome 19) ...
Sat 26 May 08:03:25 UTC 2018

Completed DDR control individual genotype from 1000 Genome Project (Chromosome 19)
Sat 26 May 08:11:36 UTC 2018

Selecting DDR control individual genotype from 1000 Genome Project (Chromosome 20) ...
Sat 26 May 08:11:36 UTC 2018

Completed DDR control individual genotype from 1000 Genome Project (Chromosome 20)
Sat 26 May 08:19:23 UTC 2018

Selecting DDR control individual genotype from 1000 Genome Project (Chromosome 21) ...
Sat 26 May 08:19:23 UTC 2018

Completed DDR control individual genotype from 1000 Genome Project (Chromosome 21)
Sat 26 May 08:24:20 UTC 2018

Selecting DDR control individual genotype from 1000 Genome Project (Chromosome 22) ...
Sat 26 May 08:24:20 UTC 2018

Completed DDR control individual genotype from 1000 Genome Project (Chromosome 22)
Sat 26 May 08:29:20 UTC 2018

Selecting DDR control individual genotype from 1000 Genome Project (Chromosome X) ...
Sat 26 May 08:29:20 UTC 2018

Completed DDR control individual genotype from 1000 Genome Project (Chromosome X)
Sat 26 May 08:44:42 UTC 2018


Merging DDR control individual genotype VCF files from 1000 Genome Project
Sat 26 May 08:44:42 UTC 2018
08:44:42.840 INFO  NativeLibraryLoader - Loading libgkl_compression.so from jar:file:/home/ec2-user/tools/picard/picard.jar!/com/intel/gkl/native/libgkl_compression.so
[Sat May 26 08:44:42 UTC 2018] MergeVcfs INPUT=[/home/ec2-user/results/data_analysis/gt_individuals/kgen/ddr_control/HG00351/s01_HG00351_ddr_control_kgen_chr1_raw.vcf, /home/ec2-user/results/data_analysis/gt_individuals/kgen/ddr_control/HG00351/s01_HG00351_ddr_control_kgen_chr2_raw.vcf, /home/ec2-user/results/data_analysis/gt_individuals/kgen/ddr_control/HG00351/s01_HG00351_ddr_control_kgen_chr3_raw.vcf, /home/ec2-user/results/data_analysis/gt_individuals/kgen/ddr_control/HG00351/s01_HG00351_ddr_control_kgen_chr4_raw.vcf, /home/ec2-user/results/data_analysis/gt_individuals/kgen/ddr_control/HG00351/s01_HG00351_ddr_control_kgen_chr5_raw.vcf, /home/ec2-user/results/data_analysis/gt_individuals/kgen/ddr_control/HG00351/s01_HG00351_ddr_control_kgen_chr6_raw.vcf, /home/ec2-user/results/data_analysis/gt_individuals/kgen/ddr_control/HG00351/s01_HG00351_ddr_control_kgen_chr7_raw.vcf, /home/ec2-user/results/data_analysis/gt_individuals/kgen/ddr_control/HG00351/s01_HG00351_ddr_control_kgen_chr8_raw.vcf, /home/ec2-user/results/data_analysis/gt_individuals/kgen/ddr_control/HG00351/s01_HG00351_ddr_control_kgen_chr9_raw.vcf, /home/ec2-user/results/data_analysis/gt_individuals/kgen/ddr_control/HG00351/s01_HG00351_ddr_control_kgen_chr10_raw.vcf, /home/ec2-user/results/data_analysis/gt_individuals/kgen/ddr_control/HG00351/s01_HG00351_ddr_control_kgen_chr11_raw.vcf, /home/ec2-user/results/data_analysis/gt_individuals/kgen/ddr_control/HG00351/s01_HG00351_ddr_control_kgen_chr12_raw.vcf, /home/ec2-user/results/data_analysis/gt_individuals/kgen/ddr_control/HG00351/s01_HG00351_ddr_control_kgen_chr13_raw.vcf, /home/ec2-user/results/data_analysis/gt_individuals/kgen/ddr_control/HG00351/s01_HG00351_ddr_control_kgen_chr14_raw.vcf, /home/ec2-user/results/data_analysis/gt_individuals/kgen/ddr_control/HG00351/s01_HG00351_ddr_control_kgen_chr15_raw.vcf, /home/ec2-user/results/data_analysis/gt_individuals/kgen/ddr_control/HG00351/s01_HG00351_ddr_control_kgen_chr16_raw.vcf, /home/ec2-user/results/data_analysis/gt_individuals/kgen/ddr_control/HG00351/s01_HG00351_ddr_control_kgen_chr17_raw.vcf, /home/ec2-user/results/data_analysis/gt_individuals/kgen/ddr_control/HG00351/s01_HG00351_ddr_control_kgen_chr18_raw.vcf, /home/ec2-user/results/data_analysis/gt_individuals/kgen/ddr_control/HG00351/s01_HG00351_ddr_control_kgen_chr19_raw.vcf, /home/ec2-user/results/data_analysis/gt_individuals/kgen/ddr_control/HG00351/s01_HG00351_ddr_control_kgen_chr20_raw.vcf, /home/ec2-user/results/data_analysis/gt_individuals/kgen/ddr_control/HG00351/s01_HG00351_ddr_control_kgen_chr21_raw.vcf, /home/ec2-user/results/data_analysis/gt_individuals/kgen/ddr_control/HG00351/s01_HG00351_ddr_control_kgen_chr22_raw.vcf, /home/ec2-user/results/data_analysis/gt_individuals/kgen/ddr_control/HG00351/s01_HG00351_ddr_control_kgen_chrX_raw.vcf] OUTPUT=/home/ec2-user/results/data_analysis/gt_individuals/kgen/ddr_control/HG00351/s01_HG00351_ddr_control_kgen_merged_raw.vcf.gz    VERBOSITY=INFO QUIET=false VALIDATION_STRINGENCY=STRICT COMPRESSION_LEVEL=5 MAX_RECORDS_IN_RAM=500000 CREATE_INDEX=true CREATE_MD5_FILE=false GA4GH_CLIENT_SECRETS=client_secrets.json USE_JDK_DEFLATER=false USE_JDK_INFLATER=false
[Sat May 26 08:44:42 UTC 2018] Executing as ec2-user@ip-172-31-42-132 on Linux 4.14.33-51.37.amzn1.x86_64 amd64; OpenJDK 64-Bit Server VM 1.8.0_171-b10; Deflater: Intel; Inflater: Intel; Provider GCS is not available; Picard version: 2.18.2-SNAPSHOT
INFO	2018-05-26 08:44:44	MergeVcfs	Processed        10,000 records.  Elapsed time: 00:00:01s.  Time for last 10,000:    0s.  Last read position: 1:6,077,903
INFO	2018-05-26 08:44:44	MergeVcfs	Processed        20,000 records.  Elapsed time: 00:00:01s.  Time for last 10,000:    0s.  Last read position: 1:14,031,732
INFO	2018-05-26 08:44:44	MergeVcfs	Processed        30,000 records.  Elapsed time: 00:00:01s.  Time for last 10,000:    0s.  Last read position: 1:19,588,562
INFO	2018-05-26 08:44:45	MergeVcfs	Processed        40,000 records.  Elapsed time: 00:00:02s.  Time for last 10,000:    0s.  Last read position: 1:26,122,979
INFO	2018-05-26 08:44:45	MergeVcfs	Processed        50,000 records.  Elapsed time: 00:00:02s.  Time for last 10,000:    0s.  Last read position: 1:34,363,480
INFO	2018-05-26 08:44:45	MergeVcfs	Processed        60,000 records.  Elapsed time: 00:00:02s.  Time for last 10,000:    0s.  Last read position: 1:42,272,924
INFO	2018-05-26 08:44:45	MergeVcfs	Processed        70,000 records.  Elapsed time: 00:00:02s.  Time for last 10,000:    0s.  Last read position: 1:50,991,473
INFO	2018-05-26 08:44:46	MergeVcfs	Processed        80,000 records.  Elapsed time: 00:00:03s.  Time for last 10,000:    0s.  Last read position: 1:59,283,116
INFO	2018-05-26 08:44:46	MergeVcfs	Processed        90,000 records.  Elapsed time: 00:00:03s.  Time for last 10,000:    0s.  Last read position: 1:66,385,385
INFO	2018-05-26 08:44:46	MergeVcfs	Processed       100,000 records.  Elapsed time: 00:00:03s.  Time for last 10,000:    0s.  Last read position: 1:73,498,942
INFO	2018-05-26 08:44:47	MergeVcfs	Processed       110,000 records.  Elapsed time: 00:00:04s.  Time for last 10,000:    0s.  Last read position: 1:80,398,050
INFO	2018-05-26 08:44:47	MergeVcfs	Processed       120,000 records.  Elapsed time: 00:00:04s.  Time for last 10,000:    0s.  Last read position: 1:86,992,947
INFO	2018-05-26 08:44:47	MergeVcfs	Processed       130,000 records.  Elapsed time: 00:00:04s.  Time for last 10,000:    0s.  Last read position: 1:94,625,216
INFO	2018-05-26 08:44:47	MergeVcfs	Processed       140,000 records.  Elapsed time: 00:00:04s.  Time for last 10,000:    0s.  Last read position: 1:101,227,396
INFO	2018-05-26 08:44:48	MergeVcfs	Processed       150,000 records.  Elapsed time: 00:00:05s.  Time for last 10,000:    0s.  Last read position: 1:107,283,700
INFO	2018-05-26 08:44:48	MergeVcfs	Processed       160,000 records.  Elapsed time: 00:00:05s.  Time for last 10,000:    0s.  Last read position: 1:113,828,093
INFO	2018-05-26 08:44:48	MergeVcfs	Processed       170,000 records.  Elapsed time: 00:00:05s.  Time for last 10,000:    0s.  Last read position: 1:143,289,549
INFO	2018-05-26 08:44:48	MergeVcfs	Processed       180,000 records.  Elapsed time: 00:00:06s.  Time for last 10,000:    0s.  Last read position: 1:154,409,730
INFO	2018-05-26 08:44:49	MergeVcfs	Processed       190,000 records.  Elapsed time: 00:00:06s.  Time for last 10,000:    0s.  Last read position: 1:161,178,684
INFO	2018-05-26 08:44:49	MergeVcfs	Processed       200,000 records.  Elapsed time: 00:00:06s.  Time for last 10,000:    0s.  Last read position: 1:167,222,613
INFO	2018-05-26 08:44:49	MergeVcfs	Processed       210,000 records.  Elapsed time: 00:00:06s.  Time for last 10,000:    0s.  Last read position: 1:174,719,050
INFO	2018-05-26 08:44:49	MergeVcfs	Processed       220,000 records.  Elapsed time: 00:00:06s.  Time for last 10,000:    0s.  Last read position: 1:182,255,077
INFO	2018-05-26 08:44:50	MergeVcfs	Processed       230,000 records.  Elapsed time: 00:00:07s.  Time for last 10,000:    0s.  Last read position: 1:189,033,988
INFO	2018-05-26 08:44:50	MergeVcfs	Processed       240,000 records.  Elapsed time: 00:00:07s.  Time for last 10,000:    0s.  Last read position: 1:195,285,157
INFO	2018-05-26 08:44:50	MergeVcfs	Processed       250,000 records.  Elapsed time: 00:00:07s.  Time for last 10,000:    0s.  Last read position: 1:202,378,454
INFO	2018-05-26 08:44:50	MergeVcfs	Processed       260,000 records.  Elapsed time: 00:00:07s.  Time for last 10,000:    0s.  Last read position: 1:210,128,127
INFO	2018-05-26 08:44:50	MergeVcfs	Processed       270,000 records.  Elapsed time: 00:00:08s.  Time for last 10,000:    0s.  Last read position: 1:217,446,673
INFO	2018-05-26 08:44:51	MergeVcfs	Processed       280,000 records.  Elapsed time: 00:00:08s.  Time for last 10,000:    0s.  Last read position: 1:224,306,917
INFO	2018-05-26 08:44:51	MergeVcfs	Processed       290,000 records.  Elapsed time: 00:00:08s.  Time for last 10,000:    0s.  Last read position: 1:231,746,950
INFO	2018-05-26 08:44:51	MergeVcfs	Processed       300,000 records.  Elapsed time: 00:00:08s.  Time for last 10,000:    0s.  Last read position: 1:237,429,597
INFO	2018-05-26 08:44:51	MergeVcfs	Processed       310,000 records.  Elapsed time: 00:00:08s.  Time for last 10,000:    0s.  Last read position: 1:242,655,943
INFO	2018-05-26 08:44:51	MergeVcfs	Processed       320,000 records.  Elapsed time: 00:00:09s.  Time for last 10,000:    0s.  Last read position: 1:248,456,876
INFO	2018-05-26 08:44:52	MergeVcfs	Processed       330,000 records.  Elapsed time: 00:00:09s.  Time for last 10,000:    0s.  Last read position: 2:4,542,488
INFO	2018-05-26 08:44:52	MergeVcfs	Processed       340,000 records.  Elapsed time: 00:00:09s.  Time for last 10,000:    0s.  Last read position: 2:10,385,064
INFO	2018-05-26 08:44:52	MergeVcfs	Processed       350,000 records.  Elapsed time: 00:00:09s.  Time for last 10,000:    0s.  Last read position: 2:16,630,784
INFO	2018-05-26 08:44:52	MergeVcfs	Processed       360,000 records.  Elapsed time: 00:00:09s.  Time for last 10,000:    0s.  Last read position: 2:23,829,145
INFO	2018-05-26 08:44:53	MergeVcfs	Processed       370,000 records.  Elapsed time: 00:00:10s.  Time for last 10,000:    0s.  Last read position: 2:30,221,978
INFO	2018-05-26 08:44:53	MergeVcfs	Processed       380,000 records.  Elapsed time: 00:00:10s.  Time for last 10,000:    0s.  Last read position: 2:35,367,926
INFO	2018-05-26 08:44:53	MergeVcfs	Processed       390,000 records.  Elapsed time: 00:00:10s.  Time for last 10,000:    0s.  Last read position: 2:41,307,532
INFO	2018-05-26 08:44:53	MergeVcfs	Processed       400,000 records.  Elapsed time: 00:00:10s.  Time for last 10,000:    0s.  Last read position: 2:46,953,763
INFO	2018-05-26 08:44:53	MergeVcfs	Processed       410,000 records.  Elapsed time: 00:00:11s.  Time for last 10,000:    0s.  Last read position: 2:53,527,369
INFO	2018-05-26 08:44:54	MergeVcfs	Processed       420,000 records.  Elapsed time: 00:00:11s.  Time for last 10,000:    0s.  Last read position: 2:59,890,145
INFO	2018-05-26 08:44:54	MergeVcfs	Processed       430,000 records.  Elapsed time: 00:00:11s.  Time for last 10,000:    0s.  Last read position: 2:68,103,789
INFO	2018-05-26 08:44:54	MergeVcfs	Processed       440,000 records.  Elapsed time: 00:00:11s.  Time for last 10,000:    0s.  Last read position: 2:76,340,107
INFO	2018-05-26 08:44:54	MergeVcfs	Processed       450,000 records.  Elapsed time: 00:00:11s.  Time for last 10,000:    0s.  Last read position: 2:83,199,548
INFO	2018-05-26 08:44:54	MergeVcfs	Processed       460,000 records.  Elapsed time: 00:00:12s.  Time for last 10,000:    0s.  Last read position: 2:97,974,342
INFO	2018-05-26 08:44:55	MergeVcfs	Processed       470,000 records.  Elapsed time: 00:00:12s.  Time for last 10,000:    0s.  Last read position: 2:106,083,368
INFO	2018-05-26 08:44:55	MergeVcfs	Processed       480,000 records.  Elapsed time: 00:00:12s.  Time for last 10,000:    0s.  Last read position: 2:114,031,821
INFO	2018-05-26 08:44:55	MergeVcfs	Processed       490,000 records.  Elapsed time: 00:00:12s.  Time for last 10,000:    0s.  Last read position: 2:121,215,700
INFO	2018-05-26 08:44:55	MergeVcfs	Processed       500,000 records.  Elapsed time: 00:00:12s.  Time for last 10,000:    0s.  Last read position: 2:127,828,941
INFO	2018-05-26 08:44:55	MergeVcfs	Processed       510,000 records.  Elapsed time: 00:00:12s.  Time for last 10,000:    0s.  Last read position: 2:135,040,432
INFO	2018-05-26 08:44:55	MergeVcfs	Processed       520,000 records.  Elapsed time: 00:00:12s.  Time for last 10,000:    0s.  Last read position: 2:142,033,793
INFO	2018-05-26 08:44:55	MergeVcfs	Processed       530,000 records.  Elapsed time: 00:00:12s.  Time for last 10,000:    0s.  Last read position: 2:150,883,883
INFO	2018-05-26 08:44:55	MergeVcfs	Processed       540,000 records.  Elapsed time: 00:00:13s.  Time for last 10,000:    0s.  Last read position: 2:159,105,101
INFO	2018-05-26 08:44:56	MergeVcfs	Processed       550,000 records.  Elapsed time: 00:00:13s.  Time for last 10,000:    0s.  Last read position: 2:166,577,489
INFO	2018-05-26 08:44:56	MergeVcfs	Processed       560,000 records.  Elapsed time: 00:00:13s.  Time for last 10,000:    0s.  Last read position: 2:172,643,837
INFO	2018-05-26 08:44:56	MergeVcfs	Processed       570,000 records.  Elapsed time: 00:00:13s.  Time for last 10,000:    0s.  Last read position: 2:179,755,283
INFO	2018-05-26 08:44:56	MergeVcfs	Processed       580,000 records.  Elapsed time: 00:00:13s.  Time for last 10,000:    0s.  Last read position: 2:186,499,320
INFO	2018-05-26 08:44:56	MergeVcfs	Processed       590,000 records.  Elapsed time: 00:00:13s.  Time for last 10,000:    0s.  Last read position: 2:193,214,153
INFO	2018-05-26 08:44:56	MergeVcfs	Processed       600,000 records.  Elapsed time: 00:00:13s.  Time for last 10,000:    0s.  Last read position: 2:201,347,929
INFO	2018-05-26 08:44:56	MergeVcfs	Processed       610,000 records.  Elapsed time: 00:00:13s.  Time for last 10,000:    0s.  Last read position: 2:208,974,919
INFO	2018-05-26 08:44:56	MergeVcfs	Processed       620,000 records.  Elapsed time: 00:00:13s.  Time for last 10,000:    0s.  Last read position: 2:215,522,308
INFO	2018-05-26 08:44:56	MergeVcfs	Processed       630,000 records.  Elapsed time: 00:00:13s.  Time for last 10,000:    0s.  Last read position: 2:221,868,801
INFO	2018-05-26 08:44:56	MergeVcfs	Processed       640,000 records.  Elapsed time: 00:00:14s.  Time for last 10,000:    0s.  Last read position: 2:228,507,623
INFO	2018-05-26 08:44:57	MergeVcfs	Processed       650,000 records.  Elapsed time: 00:00:14s.  Time for last 10,000:    0s.  Last read position: 2:235,271,994
INFO	2018-05-26 08:44:57	MergeVcfs	Processed       660,000 records.  Elapsed time: 00:00:14s.  Time for last 10,000:    0s.  Last read position: 2:241,529,215
INFO	2018-05-26 08:44:57	MergeVcfs	Processed       670,000 records.  Elapsed time: 00:00:14s.  Time for last 10,000:    0s.  Last read position: 3:2,962,493
INFO	2018-05-26 08:44:57	MergeVcfs	Processed       680,000 records.  Elapsed time: 00:00:14s.  Time for last 10,000:    0s.  Last read position: 3:7,350,426
INFO	2018-05-26 08:44:57	MergeVcfs	Processed       690,000 records.  Elapsed time: 00:00:14s.  Time for last 10,000:    0s.  Last read position: 3:13,584,469
INFO	2018-05-26 08:44:57	MergeVcfs	Processed       700,000 records.  Elapsed time: 00:00:14s.  Time for last 10,000:    0s.  Last read position: 3:21,063,919
INFO	2018-05-26 08:44:57	MergeVcfs	Processed       710,000 records.  Elapsed time: 00:00:14s.  Time for last 10,000:    0s.  Last read position: 3:26,690,961
INFO	2018-05-26 08:44:57	MergeVcfs	Processed       720,000 records.  Elapsed time: 00:00:14s.  Time for last 10,000:    0s.  Last read position: 3:33,519,487
INFO	2018-05-26 08:44:57	MergeVcfs	Processed       730,000 records.  Elapsed time: 00:00:14s.  Time for last 10,000:    0s.  Last read position: 3:41,309,285
INFO	2018-05-26 08:44:57	MergeVcfs	Processed       740,000 records.  Elapsed time: 00:00:15s.  Time for last 10,000:    0s.  Last read position: 3:48,215,253
INFO	2018-05-26 08:44:58	MergeVcfs	Processed       750,000 records.  Elapsed time: 00:00:15s.  Time for last 10,000:    0s.  Last read position: 3:56,920,909
INFO	2018-05-26 08:44:58	MergeVcfs	Processed       760,000 records.  Elapsed time: 00:00:15s.  Time for last 10,000:    0s.  Last read position: 3:63,178,517
INFO	2018-05-26 08:44:58	MergeVcfs	Processed       770,000 records.  Elapsed time: 00:00:15s.  Time for last 10,000:    0s.  Last read position: 3:69,353,858
INFO	2018-05-26 08:44:58	MergeVcfs	Processed       780,000 records.  Elapsed time: 00:00:15s.  Time for last 10,000:    0s.  Last read position: 3:75,610,138
INFO	2018-05-26 08:44:58	MergeVcfs	Processed       790,000 records.  Elapsed time: 00:00:15s.  Time for last 10,000:    0s.  Last read position: 3:82,409,649
INFO	2018-05-26 08:44:58	MergeVcfs	Processed       800,000 records.  Elapsed time: 00:00:15s.  Time for last 10,000:    0s.  Last read position: 3:88,760,225
INFO	2018-05-26 08:44:58	MergeVcfs	Processed       810,000 records.  Elapsed time: 00:00:15s.  Time for last 10,000:    0s.  Last read position: 3:98,393,085
INFO	2018-05-26 08:44:58	MergeVcfs	Processed       820,000 records.  Elapsed time: 00:00:15s.  Time for last 10,000:    0s.  Last read position: 3:104,240,637
INFO	2018-05-26 08:44:58	MergeVcfs	Processed       830,000 records.  Elapsed time: 00:00:16s.  Time for last 10,000:    0s.  Last read position: 3:110,265,222
INFO	2018-05-26 08:44:58	MergeVcfs	Processed       840,000 records.  Elapsed time: 00:00:16s.  Time for last 10,000:    0s.  Last read position: 3:117,081,439
INFO	2018-05-26 08:44:59	MergeVcfs	Processed       850,000 records.  Elapsed time: 00:00:16s.  Time for last 10,000:    0s.  Last read position: 3:124,311,590
INFO	2018-05-26 08:44:59	MergeVcfs	Processed       860,000 records.  Elapsed time: 00:00:16s.  Time for last 10,000:    0s.  Last read position: 3:131,648,437
INFO	2018-05-26 08:44:59	MergeVcfs	Processed       870,000 records.  Elapsed time: 00:00:16s.  Time for last 10,000:    0s.  Last read position: 3:138,675,332
INFO	2018-05-26 08:44:59	MergeVcfs	Processed       880,000 records.  Elapsed time: 00:00:16s.  Time for last 10,000:    0s.  Last read position: 3:145,587,392
INFO	2018-05-26 08:44:59	MergeVcfs	Processed       890,000 records.  Elapsed time: 00:00:16s.  Time for last 10,000:    0s.  Last read position: 3:152,833,338
INFO	2018-05-26 08:44:59	MergeVcfs	Processed       900,000 records.  Elapsed time: 00:00:16s.  Time for last 10,000:    0s.  Last read position: 3:159,228,221
INFO	2018-05-26 08:44:59	MergeVcfs	Processed       910,000 records.  Elapsed time: 00:00:16s.  Time for last 10,000:    0s.  Last read position: 3:166,362,314
INFO	2018-05-26 08:44:59	MergeVcfs	Processed       920,000 records.  Elapsed time: 00:00:16s.  Time for last 10,000:    0s.  Last read position: 3:173,589,861
INFO	2018-05-26 08:44:59	MergeVcfs	Processed       930,000 records.  Elapsed time: 00:00:17s.  Time for last 10,000:    0s.  Last read position: 3:181,691,234
INFO	2018-05-26 08:44:59	MergeVcfs	Processed       940,000 records.  Elapsed time: 00:00:17s.  Time for last 10,000:    0s.  Last read position: 3:189,258,558
INFO	2018-05-26 08:45:00	MergeVcfs	Processed       950,000 records.  Elapsed time: 00:00:17s.  Time for last 10,000:    0s.  Last read position: 3:194,775,726
INFO	2018-05-26 08:45:00	MergeVcfs	Processed       960,000 records.  Elapsed time: 00:00:17s.  Time for last 10,000:    0s.  Last read position: 4:3,589,893
INFO	2018-05-26 08:45:00	MergeVcfs	Processed       970,000 records.  Elapsed time: 00:00:17s.  Time for last 10,000:    0s.  Last read position: 4:7,909,793
INFO	2018-05-26 08:45:00	MergeVcfs	Processed       980,000 records.  Elapsed time: 00:00:17s.  Time for last 10,000:    0s.  Last read position: 4:12,595,467
INFO	2018-05-26 08:45:00	MergeVcfs	Processed       990,000 records.  Elapsed time: 00:00:17s.  Time for last 10,000:    0s.  Last read position: 4:18,874,319
INFO	2018-05-26 08:45:00	MergeVcfs	Processed     1,000,000 records.  Elapsed time: 00:00:17s.  Time for last 10,000:    0s.  Last read position: 4:25,584,047
INFO	2018-05-26 08:45:00	MergeVcfs	Processed     1,010,000 records.  Elapsed time: 00:00:17s.  Time for last 10,000:    0s.  Last read position: 4:31,839,786
INFO	2018-05-26 08:45:00	MergeVcfs	Processed     1,020,000 records.  Elapsed time: 00:00:17s.  Time for last 10,000:    0s.  Last read position: 4:37,901,153
[Sat May 26 08:45:00 UTC 2018] picard.vcf.MergeVcfs done. Elapsed time: 0.30 minutes.
Runtime.totalMemory()=447741952
To get help, see http://broadinstitute.github.io/picard/index.html#GettingHelp
Exception in thread "main" java.lang.IllegalStateException: The elements of the input Iterators are not sorted according to the comparator htsjdk.variant.variantcontext.VariantContextComparator
	at htsjdk.samtools.util.MergingIterator.next(MergingIterator.java:113)
	at picard.vcf.MergeVcfs.doWork(MergeVcfs.java:221)
	at picard.cmdline.CommandLineProgram.instanceMain(CommandLineProgram.java:282)
	at picard.cmdline.PicardCommandLine.instanceMain(PicardCommandLine.java:98)
	at picard.cmdline.PicardCommandLine.main(PicardCommandLine.java:108)
