Starting s01_select_NA18504_ddr_control_kgen.sh
Sun 27 May 16:40:08 UTC 2018

1000 Genomes Project Individual ID - DDR control genotype to be extracted - NA18504

Selecting DDR control individual genotype from 1000 Genome Project (Chromosome 1) ...
Sun 27 May 16:40:08 UTC 2018

Completed DDR control individual genotype from 1000 Genome Project (Chromosome 1)
Sun 27 May 17:08:52 UTC 2018

Selecting DDR control individual genotype from 1000 Genome Project (Chromosome 2) ...
Sun 27 May 17:08:52 UTC 2018

Completed DDR control individual genotype from 1000 Genome Project (Chromosome 2)
Sun 27 May 17:40:20 UTC 2018

Selecting DDR control individual genotype from 1000 Genome Project (Chromosome 3) ...
Sun 27 May 17:40:20 UTC 2018

Completed DDR control individual genotype from 1000 Genome Project (Chromosome 3)
Sun 27 May 18:06:13 UTC 2018

Selecting DDR control individual genotype from 1000 Genome Project (Chromosome 4) ...
Sun 27 May 18:06:13 UTC 2018

Completed DDR control individual genotype from 1000 Genome Project (Chromosome 4)
Sun 27 May 18:30:59 UTC 2018

Selecting DDR control individual genotype from 1000 Genome Project (Chromosome 5) ...
Sun 27 May 18:30:59 UTC 2018

Completed DDR control individual genotype from 1000 Genome Project (Chromosome 5)
Sun 27 May 18:54:47 UTC 2018

Selecting DDR control individual genotype from 1000 Genome Project (Chromosome 6) ...
Sun 27 May 18:54:47 UTC 2018

Completed DDR control individual genotype from 1000 Genome Project (Chromosome 6)
Sun 27 May 19:16:41 UTC 2018

Selecting DDR control individual genotype from 1000 Genome Project (Chromosome 7) ...
Sun 27 May 19:16:41 UTC 2018

Completed DDR control individual genotype from 1000 Genome Project (Chromosome 7)
Sun 27 May 19:36:46 UTC 2018

Selecting DDR control individual genotype from 1000 Genome Project (Chromosome 8) ...
Sun 27 May 19:36:46 UTC 2018

Completed DDR control individual genotype from 1000 Genome Project (Chromosome 8)
Sun 27 May 19:56:36 UTC 2018

Selecting DDR control individual genotype from 1000 Genome Project (Chromosome 9) ...
Sun 27 May 19:56:36 UTC 2018

Completed DDR control individual genotype from 1000 Genome Project (Chromosome 9)
Sun 27 May 20:11:53 UTC 2018

Selecting DDR control individual genotype from 1000 Genome Project (Chromosome 10) ...
Sun 27 May 20:11:53 UTC 2018

Completed DDR control individual genotype from 1000 Genome Project (Chromosome 10)
Sun 27 May 20:28:28 UTC 2018

Selecting DDR control individual genotype from 1000 Genome Project (Chromosome 11) ...
Sun 27 May 20:28:28 UTC 2018

Completed DDR control individual genotype from 1000 Genome Project (Chromosome 11)
Sun 27 May 20:45:42 UTC 2018

Selecting DDR control individual genotype from 1000 Genome Project (Chromosome 12) ...
Sun 27 May 20:45:42 UTC 2018

Completed DDR control individual genotype from 1000 Genome Project (Chromosome 12)
Sun 27 May 21:02:19 UTC 2018

Selecting DDR control individual genotype from 1000 Genome Project (Chromosome 13) ...
Sun 27 May 21:02:19 UTC 2018

Completed DDR control individual genotype from 1000 Genome Project (Chromosome 13)
Sun 27 May 21:14:25 UTC 2018

Selecting DDR control individual genotype from 1000 Genome Project (Chromosome 14) ...
Sun 27 May 21:14:25 UTC 2018

Completed DDR control individual genotype from 1000 Genome Project (Chromosome 14)
Sun 27 May 21:26:02 UTC 2018

Selecting DDR control individual genotype from 1000 Genome Project (Chromosome 15) ...
Sun 27 May 21:26:02 UTC 2018

Completed DDR control individual genotype from 1000 Genome Project (Chromosome 15)
Sun 27 May 21:36:50 UTC 2018

Selecting DDR control individual genotype from 1000 Genome Project (Chromosome 16) ...
Sun 27 May 21:36:50 UTC 2018

Completed DDR control individual genotype from 1000 Genome Project (Chromosome 16)
Sun 27 May 21:48:29 UTC 2018

Selecting DDR control individual genotype from 1000 Genome Project (Chromosome 17) ...
Sun 27 May 21:48:29 UTC 2018

Completed DDR control individual genotype from 1000 Genome Project (Chromosome 17)
Sun 27 May 21:58:49 UTC 2018

Selecting DDR control individual genotype from 1000 Genome Project (Chromosome 18) ...
Sun 27 May 21:58:49 UTC 2018

Completed DDR control individual genotype from 1000 Genome Project (Chromosome 18)
Sun 27 May 22:08:34 UTC 2018

Selecting DDR control individual genotype from 1000 Genome Project (Chromosome 19) ...
Sun 27 May 22:08:34 UTC 2018

Completed DDR control individual genotype from 1000 Genome Project (Chromosome 19)
Sun 27 May 22:16:47 UTC 2018

Selecting DDR control individual genotype from 1000 Genome Project (Chromosome 20) ...
Sun 27 May 22:16:47 UTC 2018

Completed DDR control individual genotype from 1000 Genome Project (Chromosome 20)
Sun 27 May 22:24:55 UTC 2018

Selecting DDR control individual genotype from 1000 Genome Project (Chromosome 21) ...
Sun 27 May 22:24:55 UTC 2018

Completed DDR control individual genotype from 1000 Genome Project (Chromosome 21)
Sun 27 May 22:29:43 UTC 2018

Selecting DDR control individual genotype from 1000 Genome Project (Chromosome 22) ...
Sun 27 May 22:29:43 UTC 2018

Completed DDR control individual genotype from 1000 Genome Project (Chromosome 22)
Sun 27 May 22:34:46 UTC 2018

Selecting DDR control individual genotype from 1000 Genome Project (Chromosome X) ...
Sun 27 May 22:34:46 UTC 2018

Completed DDR control individual genotype from 1000 Genome Project (Chromosome X)
Sun 27 May 22:50:36 UTC 2018


Merging DDR control individual genotype VCF files from 1000 Genome Project
Sun 27 May 22:50:36 UTC 2018
22:50:36.793 INFO  NativeLibraryLoader - Loading libgkl_compression.so from jar:file:/home/ec2-user/tools/picard/picard.jar!/com/intel/gkl/native/libgkl_compression.so
[Sun May 27 22:50:36 UTC 2018] MergeVcfs INPUT=[/home/ec2-user/results/data_analysis/gt_individuals/kgen/ddr_control/NA18504/s01_NA18504_ddr_control_kgen_chr1_raw.vcf, /home/ec2-user/results/data_analysis/gt_individuals/kgen/ddr_control/NA18504/s01_NA18504_ddr_control_kgen_chr2_raw.vcf, /home/ec2-user/results/data_analysis/gt_individuals/kgen/ddr_control/NA18504/s01_NA18504_ddr_control_kgen_chr3_raw.vcf, /home/ec2-user/results/data_analysis/gt_individuals/kgen/ddr_control/NA18504/s01_NA18504_ddr_control_kgen_chr4_raw.vcf, /home/ec2-user/results/data_analysis/gt_individuals/kgen/ddr_control/NA18504/s01_NA18504_ddr_control_kgen_chr5_raw.vcf, /home/ec2-user/results/data_analysis/gt_individuals/kgen/ddr_control/NA18504/s01_NA18504_ddr_control_kgen_chr6_raw.vcf, /home/ec2-user/results/data_analysis/gt_individuals/kgen/ddr_control/NA18504/s01_NA18504_ddr_control_kgen_chr7_raw.vcf, /home/ec2-user/results/data_analysis/gt_individuals/kgen/ddr_control/NA18504/s01_NA18504_ddr_control_kgen_chr8_raw.vcf, /home/ec2-user/results/data_analysis/gt_individuals/kgen/ddr_control/NA18504/s01_NA18504_ddr_control_kgen_chr9_raw.vcf, /home/ec2-user/results/data_analysis/gt_individuals/kgen/ddr_control/NA18504/s01_NA18504_ddr_control_kgen_chr10_raw.vcf, /home/ec2-user/results/data_analysis/gt_individuals/kgen/ddr_control/NA18504/s01_NA18504_ddr_control_kgen_chr11_raw.vcf, /home/ec2-user/results/data_analysis/gt_individuals/kgen/ddr_control/NA18504/s01_NA18504_ddr_control_kgen_chr12_raw.vcf, /home/ec2-user/results/data_analysis/gt_individuals/kgen/ddr_control/NA18504/s01_NA18504_ddr_control_kgen_chr13_raw.vcf, /home/ec2-user/results/data_analysis/gt_individuals/kgen/ddr_control/NA18504/s01_NA18504_ddr_control_kgen_chr14_raw.vcf, /home/ec2-user/results/data_analysis/gt_individuals/kgen/ddr_control/NA18504/s01_NA18504_ddr_control_kgen_chr15_raw.vcf, /home/ec2-user/results/data_analysis/gt_individuals/kgen/ddr_control/NA18504/s01_NA18504_ddr_control_kgen_chr16_raw.vcf, /home/ec2-user/results/data_analysis/gt_individuals/kgen/ddr_control/NA18504/s01_NA18504_ddr_control_kgen_chr17_raw.vcf, /home/ec2-user/results/data_analysis/gt_individuals/kgen/ddr_control/NA18504/s01_NA18504_ddr_control_kgen_chr18_raw.vcf, /home/ec2-user/results/data_analysis/gt_individuals/kgen/ddr_control/NA18504/s01_NA18504_ddr_control_kgen_chr19_raw.vcf, /home/ec2-user/results/data_analysis/gt_individuals/kgen/ddr_control/NA18504/s01_NA18504_ddr_control_kgen_chr20_raw.vcf, /home/ec2-user/results/data_analysis/gt_individuals/kgen/ddr_control/NA18504/s01_NA18504_ddr_control_kgen_chr21_raw.vcf, /home/ec2-user/results/data_analysis/gt_individuals/kgen/ddr_control/NA18504/s01_NA18504_ddr_control_kgen_chr22_raw.vcf, /home/ec2-user/results/data_analysis/gt_individuals/kgen/ddr_control/NA18504/s01_NA18504_ddr_control_kgen_chrX_raw.vcf] OUTPUT=/home/ec2-user/results/data_analysis/gt_individuals/kgen/ddr_control/NA18504/s01_NA18504_ddr_control_kgen_merged_raw.vcf.gz    VERBOSITY=INFO QUIET=false VALIDATION_STRINGENCY=STRICT COMPRESSION_LEVEL=5 MAX_RECORDS_IN_RAM=500000 CREATE_INDEX=true CREATE_MD5_FILE=false GA4GH_CLIENT_SECRETS=client_secrets.json USE_JDK_DEFLATER=false USE_JDK_INFLATER=false
[Sun May 27 22:50:36 UTC 2018] Executing as ec2-user@ip-172-31-42-132 on Linux 4.14.33-51.37.amzn1.x86_64 amd64; OpenJDK 64-Bit Server VM 1.8.0_171-b10; Deflater: Intel; Inflater: Intel; Provider GCS is not available; Picard version: 2.18.2-SNAPSHOT
INFO	2018-05-27 22:50:38	MergeVcfs	Processed        10,000 records.  Elapsed time: 00:00:01s.  Time for last 10,000:    0s.  Last read position: 1:4,963,637
INFO	2018-05-27 22:50:38	MergeVcfs	Processed        20,000 records.  Elapsed time: 00:00:01s.  Time for last 10,000:    0s.  Last read position: 1:10,287,030
INFO	2018-05-27 22:50:38	MergeVcfs	Processed        30,000 records.  Elapsed time: 00:00:01s.  Time for last 10,000:    0s.  Last read position: 1:16,333,743
INFO	2018-05-27 22:50:39	MergeVcfs	Processed        40,000 records.  Elapsed time: 00:00:02s.  Time for last 10,000:    0s.  Last read position: 1:21,277,711
INFO	2018-05-27 22:50:39	MergeVcfs	Processed        50,000 records.  Elapsed time: 00:00:02s.  Time for last 10,000:    0s.  Last read position: 1:27,557,607
INFO	2018-05-27 22:50:39	MergeVcfs	Processed        60,000 records.  Elapsed time: 00:00:02s.  Time for last 10,000:    0s.  Last read position: 1:33,908,412
INFO	2018-05-27 22:50:39	MergeVcfs	Processed        70,000 records.  Elapsed time: 00:00:02s.  Time for last 10,000:    0s.  Last read position: 1:40,676,669
INFO	2018-05-27 22:50:39	MergeVcfs	Processed        80,000 records.  Elapsed time: 00:00:03s.  Time for last 10,000:    0s.  Last read position: 1:47,724,865
INFO	2018-05-27 22:50:40	MergeVcfs	Processed        90,000 records.  Elapsed time: 00:00:03s.  Time for last 10,000:    0s.  Last read position: 1:55,194,188
INFO	2018-05-27 22:50:40	MergeVcfs	Processed       100,000 records.  Elapsed time: 00:00:03s.  Time for last 10,000:    0s.  Last read position: 1:60,765,585
INFO	2018-05-27 22:50:40	MergeVcfs	Processed       110,000 records.  Elapsed time: 00:00:03s.  Time for last 10,000:    0s.  Last read position: 1:66,235,451
INFO	2018-05-27 22:50:40	MergeVcfs	Processed       120,000 records.  Elapsed time: 00:00:03s.  Time for last 10,000:    0s.  Last read position: 1:72,528,734
INFO	2018-05-27 22:50:40	MergeVcfs	Processed       130,000 records.  Elapsed time: 00:00:03s.  Time for last 10,000:    0s.  Last read position: 1:78,314,080
INFO	2018-05-27 22:50:40	MergeVcfs	Processed       140,000 records.  Elapsed time: 00:00:03s.  Time for last 10,000:    0s.  Last read position: 1:84,024,568
INFO	2018-05-27 22:50:40	MergeVcfs	Processed       150,000 records.  Elapsed time: 00:00:04s.  Time for last 10,000:    0s.  Last read position: 1:90,316,629
INFO	2018-05-27 22:50:40	MergeVcfs	Processed       160,000 records.  Elapsed time: 00:00:04s.  Time for last 10,000:    0s.  Last read position: 1:96,280,212
INFO	2018-05-27 22:50:41	MergeVcfs	Processed       170,000 records.  Elapsed time: 00:00:04s.  Time for last 10,000:    0s.  Last read position: 1:102,161,631
INFO	2018-05-27 22:50:41	MergeVcfs	Processed       180,000 records.  Elapsed time: 00:00:04s.  Time for last 10,000:    0s.  Last read position: 1:106,446,157
INFO	2018-05-27 22:50:41	MergeVcfs	Processed       190,000 records.  Elapsed time: 00:00:04s.  Time for last 10,000:    0s.  Last read position: 1:112,659,363
INFO	2018-05-27 22:50:41	MergeVcfs	Processed       200,000 records.  Elapsed time: 00:00:04s.  Time for last 10,000:    0s.  Last read position: 1:119,158,186
INFO	2018-05-27 22:50:41	MergeVcfs	Processed       210,000 records.  Elapsed time: 00:00:04s.  Time for last 10,000:    0s.  Last read position: 1:152,039,711
INFO	2018-05-27 22:50:41	MergeVcfs	Processed       220,000 records.  Elapsed time: 00:00:04s.  Time for last 10,000:    0s.  Last read position: 1:158,125,642
INFO	2018-05-27 22:50:41	MergeVcfs	Processed       230,000 records.  Elapsed time: 00:00:04s.  Time for last 10,000:    0s.  Last read position: 1:163,468,034
INFO	2018-05-27 22:50:41	MergeVcfs	Processed       240,000 records.  Elapsed time: 00:00:05s.  Time for last 10,000:    0s.  Last read position: 1:168,990,362
INFO	2018-05-27 22:50:41	MergeVcfs	Processed       250,000 records.  Elapsed time: 00:00:05s.  Time for last 10,000:    0s.  Last read position: 1:174,705,357
INFO	2018-05-27 22:50:42	MergeVcfs	Processed       260,000 records.  Elapsed time: 00:00:05s.  Time for last 10,000:    0s.  Last read position: 1:180,743,142
INFO	2018-05-27 22:50:42	MergeVcfs	Processed       270,000 records.  Elapsed time: 00:00:05s.  Time for last 10,000:    0s.  Last read position: 1:186,652,002
INFO	2018-05-27 22:50:42	MergeVcfs	Processed       280,000 records.  Elapsed time: 00:00:05s.  Time for last 10,000:    0s.  Last read position: 1:191,418,350
INFO	2018-05-27 22:50:42	MergeVcfs	Processed       290,000 records.  Elapsed time: 00:00:05s.  Time for last 10,000:    0s.  Last read position: 1:198,409,302
INFO	2018-05-27 22:50:42	MergeVcfs	Processed       300,000 records.  Elapsed time: 00:00:05s.  Time for last 10,000:    0s.  Last read position: 1:204,379,617
INFO	2018-05-27 22:50:42	MergeVcfs	Processed       310,000 records.  Elapsed time: 00:00:05s.  Time for last 10,000:    0s.  Last read position: 1:211,260,807
INFO	2018-05-27 22:50:42	MergeVcfs	Processed       320,000 records.  Elapsed time: 00:00:05s.  Time for last 10,000:    0s.  Last read position: 1:217,355,180
INFO	2018-05-27 22:50:42	MergeVcfs	Processed       330,000 records.  Elapsed time: 00:00:05s.  Time for last 10,000:    0s.  Last read position: 1:223,353,343
INFO	2018-05-27 22:50:42	MergeVcfs	Processed       340,000 records.  Elapsed time: 00:00:06s.  Time for last 10,000:    0s.  Last read position: 1:229,219,986
INFO	2018-05-27 22:50:42	MergeVcfs	Processed       350,000 records.  Elapsed time: 00:00:06s.  Time for last 10,000:    0s.  Last read position: 1:234,089,439
INFO	2018-05-27 22:50:43	MergeVcfs	Processed       360,000 records.  Elapsed time: 00:00:06s.  Time for last 10,000:    0s.  Last read position: 1:238,591,843
INFO	2018-05-27 22:50:43	MergeVcfs	Processed       370,000 records.  Elapsed time: 00:00:06s.  Time for last 10,000:    0s.  Last read position: 1:242,874,461
INFO	2018-05-27 22:50:43	MergeVcfs	Processed       380,000 records.  Elapsed time: 00:00:06s.  Time for last 10,000:    0s.  Last read position: 1:247,176,546
INFO	2018-05-27 22:50:43	MergeVcfs	Processed       390,000 records.  Elapsed time: 00:00:06s.  Time for last 10,000:    0s.  Last read position: 2:1,500,596
INFO	2018-05-27 22:50:43	MergeVcfs	Processed       400,000 records.  Elapsed time: 00:00:06s.  Time for last 10,000:    0s.  Last read position: 2:6,274,541
INFO	2018-05-27 22:50:43	MergeVcfs	Processed       410,000 records.  Elapsed time: 00:00:06s.  Time for last 10,000:    0s.  Last read position: 2:10,963,238
INFO	2018-05-27 22:50:43	MergeVcfs	Processed       420,000 records.  Elapsed time: 00:00:06s.  Time for last 10,000:    0s.  Last read position: 2:15,791,897
INFO	2018-05-27 22:50:43	MergeVcfs	Processed       430,000 records.  Elapsed time: 00:00:07s.  Time for last 10,000:    0s.  Last read position: 2:21,309,954
INFO	2018-05-27 22:50:43	MergeVcfs	Processed       440,000 records.  Elapsed time: 00:00:07s.  Time for last 10,000:    0s.  Last read position: 2:28,307,791
INFO	2018-05-27 22:50:44	MergeVcfs	Processed       450,000 records.  Elapsed time: 00:00:07s.  Time for last 10,000:    0s.  Last read position: 2:34,012,889
INFO	2018-05-27 22:50:44	MergeVcfs	Processed       460,000 records.  Elapsed time: 00:00:07s.  Time for last 10,000:    0s.  Last read position: 2:38,038,559
INFO	2018-05-27 22:50:44	MergeVcfs	Processed       470,000 records.  Elapsed time: 00:00:07s.  Time for last 10,000:    0s.  Last read position: 2:42,988,546
INFO	2018-05-27 22:50:44	MergeVcfs	Processed       480,000 records.  Elapsed time: 00:00:07s.  Time for last 10,000:    0s.  Last read position: 2:47,875,622
INFO	2018-05-27 22:50:44	MergeVcfs	Processed       490,000 records.  Elapsed time: 00:00:07s.  Time for last 10,000:    0s.  Last read position: 2:53,055,171
INFO	2018-05-27 22:50:44	MergeVcfs	Processed       500,000 records.  Elapsed time: 00:00:07s.  Time for last 10,000:    0s.  Last read position: 2:57,725,432
INFO	2018-05-27 22:50:44	MergeVcfs	Processed       510,000 records.  Elapsed time: 00:00:07s.  Time for last 10,000:    0s.  Last read position: 2:64,772,981
INFO	2018-05-27 22:50:44	MergeVcfs	Processed       520,000 records.  Elapsed time: 00:00:07s.  Time for last 10,000:    0s.  Last read position: 2:69,981,026
INFO	2018-05-27 22:50:44	MergeVcfs	Processed       530,000 records.  Elapsed time: 00:00:08s.  Time for last 10,000:    0s.  Last read position: 2:75,634,265
INFO	2018-05-27 22:50:45	MergeVcfs	Processed       540,000 records.  Elapsed time: 00:00:08s.  Time for last 10,000:    0s.  Last read position: 2:80,433,050
INFO	2018-05-27 22:50:45	MergeVcfs	Processed       550,000 records.  Elapsed time: 00:00:08s.  Time for last 10,000:    0s.  Last read position: 2:86,130,439
INFO	2018-05-27 22:50:45	MergeVcfs	Processed       560,000 records.  Elapsed time: 00:00:08s.  Time for last 10,000:    0s.  Last read position: 2:100,392,112
INFO	2018-05-27 22:50:45	MergeVcfs	Processed       570,000 records.  Elapsed time: 00:00:08s.  Time for last 10,000:    0s.  Last read position: 2:106,449,456
INFO	2018-05-27 22:50:45	MergeVcfs	Processed       580,000 records.  Elapsed time: 00:00:08s.  Time for last 10,000:    0s.  Last read position: 2:113,677,663
INFO	2018-05-27 22:50:45	MergeVcfs	Processed       590,000 records.  Elapsed time: 00:00:08s.  Time for last 10,000:    0s.  Last read position: 2:118,617,542
INFO	2018-05-27 22:50:45	MergeVcfs	Processed       600,000 records.  Elapsed time: 00:00:08s.  Time for last 10,000:    0s.  Last read position: 2:124,684,997
INFO	2018-05-27 22:50:45	MergeVcfs	Processed       610,000 records.  Elapsed time: 00:00:08s.  Time for last 10,000:    0s.  Last read position: 2:130,112,276
INFO	2018-05-27 22:50:45	MergeVcfs	Processed       620,000 records.  Elapsed time: 00:00:09s.  Time for last 10,000:    0s.  Last read position: 2:135,677,211
INFO	2018-05-27 22:50:45	MergeVcfs	Processed       630,000 records.  Elapsed time: 00:00:09s.  Time for last 10,000:    0s.  Last read position: 2:141,569,562
INFO	2018-05-27 22:50:46	MergeVcfs	Processed       640,000 records.  Elapsed time: 00:00:09s.  Time for last 10,000:    0s.  Last read position: 2:149,139,628
INFO	2018-05-27 22:50:46	MergeVcfs	Processed       650,000 records.  Elapsed time: 00:00:09s.  Time for last 10,000:    0s.  Last read position: 2:155,852,342
INFO	2018-05-27 22:50:46	MergeVcfs	Processed       660,000 records.  Elapsed time: 00:00:09s.  Time for last 10,000:    0s.  Last read position: 2:162,186,604
INFO	2018-05-27 22:50:46	MergeVcfs	Processed       670,000 records.  Elapsed time: 00:00:09s.  Time for last 10,000:    0s.  Last read position: 2:169,018,733
INFO	2018-05-27 22:50:46	MergeVcfs	Processed       680,000 records.  Elapsed time: 00:00:09s.  Time for last 10,000:    0s.  Last read position: 2:174,166,140
INFO	2018-05-27 22:50:46	MergeVcfs	Processed       690,000 records.  Elapsed time: 00:00:09s.  Time for last 10,000:    0s.  Last read position: 2:180,591,500
INFO	2018-05-27 22:50:46	MergeVcfs	Processed       700,000 records.  Elapsed time: 00:00:09s.  Time for last 10,000:    0s.  Last read position: 2:187,225,400
INFO	2018-05-27 22:50:46	MergeVcfs	Processed       710,000 records.  Elapsed time: 00:00:09s.  Time for last 10,000:    0s.  Last read position: 2:193,346,964
INFO	2018-05-27 22:50:46	MergeVcfs	Processed       720,000 records.  Elapsed time: 00:00:10s.  Time for last 10,000:    0s.  Last read position: 2:199,742,732
INFO	2018-05-27 22:50:46	MergeVcfs	Processed       730,000 records.  Elapsed time: 00:00:10s.  Time for last 10,000:    0s.  Last read position: 2:206,487,021
INFO	2018-05-27 22:50:47	MergeVcfs	Processed       740,000 records.  Elapsed time: 00:00:10s.  Time for last 10,000:    0s.  Last read position: 2:212,216,178
INFO	2018-05-27 22:50:47	MergeVcfs	Processed       750,000 records.  Elapsed time: 00:00:10s.  Time for last 10,000:    0s.  Last read position: 2:217,302,483
INFO	2018-05-27 22:50:47	MergeVcfs	Processed       760,000 records.  Elapsed time: 00:00:10s.  Time for last 10,000:    0s.  Last read position: 2:223,422,854
INFO	2018-05-27 22:50:47	MergeVcfs	Processed       770,000 records.  Elapsed time: 00:00:10s.  Time for last 10,000:    0s.  Last read position: 2:228,321,298
INFO	2018-05-27 22:50:47	MergeVcfs	Processed       780,000 records.  Elapsed time: 00:00:10s.  Time for last 10,000:    0s.  Last read position: 2:233,499,892
INFO	2018-05-27 22:50:47	MergeVcfs	Processed       790,000 records.  Elapsed time: 00:00:10s.  Time for last 10,000:    0s.  Last read position: 2:238,304,388
INFO	2018-05-27 22:50:47	MergeVcfs	Processed       800,000 records.  Elapsed time: 00:00:10s.  Time for last 10,000:    0s.  Last read position: 2:243,019,906
INFO	2018-05-27 22:50:47	MergeVcfs	Processed       810,000 records.  Elapsed time: 00:00:10s.  Time for last 10,000:    0s.  Last read position: 3:3,616,247
INFO	2018-05-27 22:50:47	MergeVcfs	Processed       820,000 records.  Elapsed time: 00:00:11s.  Time for last 10,000:    0s.  Last read position: 3:7,916,055
INFO	2018-05-27 22:50:47	MergeVcfs	Processed       830,000 records.  Elapsed time: 00:00:11s.  Time for last 10,000:    0s.  Last read position: 3:12,694,451
INFO	2018-05-27 22:50:48	MergeVcfs	Processed       840,000 records.  Elapsed time: 00:00:11s.  Time for last 10,000:    0s.  Last read position: 3:17,749,777
INFO	2018-05-27 22:50:48	MergeVcfs	Processed       850,000 records.  Elapsed time: 00:00:11s.  Time for last 10,000:    0s.  Last read position: 3:22,753,168
INFO	2018-05-27 22:50:48	MergeVcfs	Processed       860,000 records.  Elapsed time: 00:00:11s.  Time for last 10,000:    0s.  Last read position: 3:28,062,529
INFO	2018-05-27 22:50:48	MergeVcfs	Processed       870,000 records.  Elapsed time: 00:00:11s.  Time for last 10,000:    0s.  Last read position: 3:33,052,750
INFO	2018-05-27 22:50:48	MergeVcfs	Processed       880,000 records.  Elapsed time: 00:00:11s.  Time for last 10,000:    0s.  Last read position: 3:39,711,572
INFO	2018-05-27 22:50:48	MergeVcfs	Processed       890,000 records.  Elapsed time: 00:00:11s.  Time for last 10,000:    0s.  Last read position: 3:45,938,089
INFO	2018-05-27 22:50:48	MergeVcfs	Processed       900,000 records.  Elapsed time: 00:00:11s.  Time for last 10,000:    0s.  Last read position: 3:54,684,228
INFO	2018-05-27 22:50:48	MergeVcfs	Processed       910,000 records.  Elapsed time: 00:00:11s.  Time for last 10,000:    0s.  Last read position: 3:60,544,637
INFO	2018-05-27 22:50:48	MergeVcfs	Processed       920,000 records.  Elapsed time: 00:00:12s.  Time for last 10,000:    0s.  Last read position: 3:65,828,237
INFO	2018-05-27 22:50:49	MergeVcfs	Processed       930,000 records.  Elapsed time: 00:00:12s.  Time for last 10,000:    0s.  Last read position: 3:71,432,608
INFO	2018-05-27 22:50:49	MergeVcfs	Processed       940,000 records.  Elapsed time: 00:00:12s.  Time for last 10,000:    0s.  Last read position: 3:76,495,454
INFO	2018-05-27 22:50:49	MergeVcfs	Processed       950,000 records.  Elapsed time: 00:00:12s.  Time for last 10,000:    0s.  Last read position: 3:82,747,257
INFO	2018-05-27 22:50:49	MergeVcfs	Processed       960,000 records.  Elapsed time: 00:00:12s.  Time for last 10,000:    0s.  Last read position: 3:88,758,184
INFO	2018-05-27 22:50:49	MergeVcfs	Processed       970,000 records.  Elapsed time: 00:00:12s.  Time for last 10,000:    0s.  Last read position: 3:97,817,559
INFO	2018-05-27 22:50:49	MergeVcfs	Processed       980,000 records.  Elapsed time: 00:00:12s.  Time for last 10,000:    0s.  Last read position: 3:103,336,534
INFO	2018-05-27 22:50:49	MergeVcfs	Processed       990,000 records.  Elapsed time: 00:00:12s.  Time for last 10,000:    0s.  Last read position: 3:108,691,125
INFO	2018-05-27 22:50:49	MergeVcfs	Processed     1,000,000 records.  Elapsed time: 00:00:12s.  Time for last 10,000:    0s.  Last read position: 3:114,336,247
INFO	2018-05-27 22:50:49	MergeVcfs	Processed     1,010,000 records.  Elapsed time: 00:00:12s.  Time for last 10,000:    0s.  Last read position: 3:120,812,606
INFO	2018-05-27 22:50:49	MergeVcfs	Processed     1,020,000 records.  Elapsed time: 00:00:13s.  Time for last 10,000:    0s.  Last read position: 3:126,638,017
INFO	2018-05-27 22:50:50	MergeVcfs	Processed     1,030,000 records.  Elapsed time: 00:00:13s.  Time for last 10,000:    0s.  Last read position: 3:131,993,545
INFO	2018-05-27 22:50:50	MergeVcfs	Processed     1,040,000 records.  Elapsed time: 00:00:13s.  Time for last 10,000:    0s.  Last read position: 3:138,622,405
INFO	2018-05-27 22:50:50	MergeVcfs	Processed     1,050,000 records.  Elapsed time: 00:00:13s.  Time for last 10,000:    0s.  Last read position: 3:144,586,468
INFO	2018-05-27 22:50:50	MergeVcfs	Processed     1,060,000 records.  Elapsed time: 00:00:13s.  Time for last 10,000:    0s.  Last read position: 3:150,573,327
INFO	2018-05-27 22:50:50	MergeVcfs	Processed     1,070,000 records.  Elapsed time: 00:00:13s.  Time for last 10,000:    0s.  Last read position: 3:156,100,190
INFO	2018-05-27 22:50:50	MergeVcfs	Processed     1,080,000 records.  Elapsed time: 00:00:13s.  Time for last 10,000:    0s.  Last read position: 3:162,243,904
INFO	2018-05-27 22:50:50	MergeVcfs	Processed     1,090,000 records.  Elapsed time: 00:00:13s.  Time for last 10,000:    0s.  Last read position: 3:167,969,698
INFO	2018-05-27 22:50:50	MergeVcfs	Processed     1,100,000 records.  Elapsed time: 00:00:13s.  Time for last 10,000:    0s.  Last read position: 3:173,964,533
INFO	2018-05-27 22:50:50	MergeVcfs	Processed     1,110,000 records.  Elapsed time: 00:00:14s.  Time for last 10,000:    0s.  Last read position: 3:178,917,088
INFO	2018-05-27 22:50:50	MergeVcfs	Processed     1,120,000 records.  Elapsed time: 00:00:14s.  Time for last 10,000:    0s.  Last read position: 3:185,233,317
INFO	2018-05-27 22:50:51	MergeVcfs	Processed     1,130,000 records.  Elapsed time: 00:00:14s.  Time for last 10,000:    0s.  Last read position: 3:190,496,338
INFO	2018-05-27 22:50:51	MergeVcfs	Processed     1,140,000 records.  Elapsed time: 00:00:14s.  Time for last 10,000:    0s.  Last read position: 3:194,770,039
INFO	2018-05-27 22:50:51	MergeVcfs	Processed     1,150,000 records.  Elapsed time: 00:00:14s.  Time for last 10,000:    0s.  Last read position: 4:2,369,883
INFO	2018-05-27 22:50:51	MergeVcfs	Processed     1,160,000 records.  Elapsed time: 00:00:14s.  Time for last 10,000:    0s.  Last read position: 4:5,974,386
INFO	2018-05-27 22:50:51	MergeVcfs	Processed     1,170,000 records.  Elapsed time: 00:00:14s.  Time for last 10,000:    0s.  Last read position: 4:9,459,582
INFO	2018-05-27 22:50:51	MergeVcfs	Processed     1,180,000 records.  Elapsed time: 00:00:14s.  Time for last 10,000:    0s.  Last read position: 4:13,596,299
INFO	2018-05-27 22:50:51	MergeVcfs	Processed     1,190,000 records.  Elapsed time: 00:00:14s.  Time for last 10,000:    0s.  Last read position: 4:18,727,571
INFO	2018-05-27 22:50:51	MergeVcfs	Processed     1,200,000 records.  Elapsed time: 00:00:14s.  Time for last 10,000:    0s.  Last read position: 4:23,607,899
INFO	2018-05-27 22:50:51	MergeVcfs	Processed     1,210,000 records.  Elapsed time: 00:00:15s.  Time for last 10,000:    0s.  Last read position: 4:28,780,231
INFO	2018-05-27 22:50:51	MergeVcfs	Processed     1,220,000 records.  Elapsed time: 00:00:15s.  Time for last 10,000:    0s.  Last read position: 4:33,227,000
INFO	2018-05-27 22:50:52	MergeVcfs	Processed     1,230,000 records.  Elapsed time: 00:00:15s.  Time for last 10,000:    0s.  Last read position: 4:38,662,059
INFO	2018-05-27 22:50:52	MergeVcfs	Processed     1,240,000 records.  Elapsed time: 00:00:15s.  Time for last 10,000:    0s.  Last read position: 4:43,900,983
INFO	2018-05-27 22:50:52	MergeVcfs	Processed     1,250,000 records.  Elapsed time: 00:00:15s.  Time for last 10,000:    0s.  Last read position: 4:53,106,334
INFO	2018-05-27 22:50:52	MergeVcfs	Processed     1,260,000 records.  Elapsed time: 00:00:15s.  Time for last 10,000:    0s.  Last read position: 4:57,918,170
INFO	2018-05-27 22:50:52	MergeVcfs	Processed     1,270,000 records.  Elapsed time: 00:00:15s.  Time for last 10,000:    0s.  Last read position: 4:61,946,476
INFO	2018-05-27 22:50:52	MergeVcfs	Processed     1,280,000 records.  Elapsed time: 00:00:15s.  Time for last 10,000:    0s.  Last read position: 4:67,377,537
INFO	2018-05-27 22:50:52	MergeVcfs	Processed     1,290,000 records.  Elapsed time: 00:00:15s.  Time for last 10,000:    0s.  Last read position: 4:71,958,129
INFO	2018-05-27 22:50:52	MergeVcfs	Processed     1,300,000 records.  Elapsed time: 00:00:15s.  Time for last 10,000:    0s.  Last read position: 4:77,188,418
INFO	2018-05-27 22:50:52	MergeVcfs	Processed     1,310,000 records.  Elapsed time: 00:00:16s.  Time for last 10,000:    0s.  Last read position: 4:82,347,658
INFO	2018-05-27 22:50:52	MergeVcfs	Processed     1,320,000 records.  Elapsed time: 00:00:16s.  Time for last 10,000:    0s.  Last read position: 4:87,470,247
INFO	2018-05-27 22:50:53	MergeVcfs	Processed     1,330,000 records.  Elapsed time: 00:00:16s.  Time for last 10,000:    0s.  Last read position: 4:92,473,919
INFO	2018-05-27 22:50:53	MergeVcfs	Processed     1,340,000 records.  Elapsed time: 00:00:16s.  Time for last 10,000:    0s.  Last read position: 4:98,823,933
INFO	2018-05-27 22:50:53	MergeVcfs	Processed     1,350,000 records.  Elapsed time: 00:00:16s.  Time for last 10,000:    0s.  Last read position: 4:103,511,747
INFO	2018-05-27 22:50:53	MergeVcfs	Processed     1,360,000 records.  Elapsed time: 00:00:16s.  Time for last 10,000:    0s.  Last read position: 4:110,664,630
INFO	2018-05-27 22:50:53	MergeVcfs	Processed     1,370,000 records.  Elapsed time: 00:00:16s.  Time for last 10,000:    0s.  Last read position: 4:115,968,494
INFO	2018-05-27 22:50:53	MergeVcfs	Processed     1,380,000 records.  Elapsed time: 00:00:16s.  Time for last 10,000:    0s.  Last read position: 4:121,926,640
INFO	2018-05-27 22:50:53	MergeVcfs	Processed     1,390,000 records.  Elapsed time: 00:00:16s.  Time for last 10,000:    0s.  Last read position: 4:127,502,870
INFO	2018-05-27 22:50:53	MergeVcfs	Processed     1,400,000 records.  Elapsed time: 00:00:16s.  Time for last 10,000:    0s.  Last read position: 4:133,784,331
INFO	2018-05-27 22:50:53	MergeVcfs	Processed     1,410,000 records.  Elapsed time: 00:00:17s.  Time for last 10,000:    0s.  Last read position: 4:139,072,298
INFO	2018-05-27 22:50:53	MergeVcfs	Processed     1,420,000 records.  Elapsed time: 00:00:17s.  Time for last 10,000:    0s.  Last read position: 4:144,273,367
INFO	2018-05-27 22:50:54	MergeVcfs	Processed     1,430,000 records.  Elapsed time: 00:00:17s.  Time for last 10,000:    0s.  Last read position: 4:150,922,325
INFO	2018-05-27 22:50:54	MergeVcfs	Processed     1,440,000 records.  Elapsed time: 00:00:17s.  Time for last 10,000:    0s.  Last read position: 4:157,048,717
INFO	2018-05-27 22:50:54	MergeVcfs	Processed     1,450,000 records.  Elapsed time: 00:00:17s.  Time for last 10,000:    0s.  Last read position: 4:161,916,060
INFO	2018-05-27 22:50:54	MergeVcfs	Processed     1,460,000 records.  Elapsed time: 00:00:17s.  Time for last 10,000:    0s.  Last read position: 4:166,657,302
INFO	2018-05-27 22:50:54	MergeVcfs	Processed     1,470,000 records.  Elapsed time: 00:00:17s.  Time for last 10,000:    0s.  Last read position: 4:172,012,872
INFO	2018-05-27 22:50:54	MergeVcfs	Processed     1,480,000 records.  Elapsed time: 00:00:17s.  Time for last 10,000:    0s.  Last read position: 4:177,137,796
INFO	2018-05-27 22:50:54	MergeVcfs	Processed     1,490,000 records.  Elapsed time: 00:00:17s.  Time for last 10,000:    0s.  Last read position: 4:181,623,082
INFO	2018-05-27 22:50:54	MergeVcfs	Processed     1,500,000 records.  Elapsed time: 00:00:17s.  Time for last 10,000:    0s.  Last read position: 4:186,004,876
INFO	2018-05-27 22:50:54	MergeVcfs	Processed     1,510,000 records.  Elapsed time: 00:00:18s.  Time for last 10,000:    0s.  Last read position: 4:189,863,278
INFO	2018-05-27 22:50:54	MergeVcfs	Processed     1,520,000 records.  Elapsed time: 00:00:18s.  Time for last 10,000:    0s.  Last read position: 5:2,784,932
INFO	2018-05-27 22:50:55	MergeVcfs	Processed     1,530,000 records.  Elapsed time: 00:00:18s.  Time for last 10,000:    0s.  Last read position: 5:6,723,168
INFO	2018-05-27 22:50:55	MergeVcfs	Processed     1,540,000 records.  Elapsed time: 00:00:18s.  Time for last 10,000:    0s.  Last read position: 5:11,545,048
INFO	2018-05-27 22:50:55	MergeVcfs	Processed     1,550,000 records.  Elapsed time: 00:00:18s.  Time for last 10,000:    0s.  Last read position: 5:17,032,117
INFO	2018-05-27 22:50:55	MergeVcfs	Processed     1,560,000 records.  Elapsed time: 00:00:18s.  Time for last 10,000:    0s.  Last read position: 5:22,920,821
INFO	2018-05-27 22:50:55	MergeVcfs	Processed     1,570,000 records.  Elapsed time: 00:00:18s.  Time for last 10,000:    0s.  Last read position: 5:28,193,238
INFO	2018-05-27 22:50:55	MergeVcfs	Processed     1,580,000 records.  Elapsed time: 00:00:18s.  Time for last 10,000:    0s.  Last read position: 5:32,742,152
INFO	2018-05-27 22:50:55	MergeVcfs	Processed     1,590,000 records.  Elapsed time: 00:00:18s.  Time for last 10,000:    0s.  Last read position: 5:38,318,695
INFO	2018-05-27 22:50:55	MergeVcfs	Processed     1,600,000 records.  Elapsed time: 00:00:18s.  Time for last 10,000:    0s.  Last read position: 5:44,927,107
INFO	2018-05-27 22:50:55	MergeVcfs	Processed     1,610,000 records.  Elapsed time: 00:00:19s.  Time for last 10,000:    0s.  Last read position: 5:54,031,986
INFO	2018-05-27 22:50:55	MergeVcfs	Processed     1,620,000 records.  Elapsed time: 00:00:19s.  Time for last 10,000:    0s.  Last read position: 5:59,549,349
INFO	2018-05-27 22:50:56	MergeVcfs	Processed     1,630,000 records.  Elapsed time: 00:00:19s.  Time for last 10,000:    0s.  Last read position: 5:65,989,527
INFO	2018-05-27 22:50:56	MergeVcfs	Processed     1,640,000 records.  Elapsed time: 00:00:19s.  Time for last 10,000:    0s.  Last read position: 5:73,311,323
INFO	2018-05-27 22:50:56	MergeVcfs	Processed     1,650,000 records.  Elapsed time: 00:00:19s.  Time for last 10,000:    0s.  Last read position: 5:78,691,334
INFO	2018-05-27 22:50:56	MergeVcfs	Processed     1,660,000 records.  Elapsed time: 00:00:19s.  Time for last 10,000:    0s.  Last read position: 5:84,434,116
INFO	2018-05-27 22:50:56	MergeVcfs	Processed     1,670,000 records.  Elapsed time: 00:00:19s.  Time for last 10,000:    0s.  Last read position: 5:91,501,447
INFO	2018-05-27 22:50:56	MergeVcfs	Processed     1,680,000 records.  Elapsed time: 00:00:19s.  Time for last 10,000:    0s.  Last read position: 5:98,257,020
INFO	2018-05-27 22:50:56	MergeVcfs	Processed     1,690,000 records.  Elapsed time: 00:00:19s.  Time for last 10,000:    0s.  Last read position: 5:103,461,836
INFO	2018-05-27 22:50:56	MergeVcfs	Processed     1,700,000 records.  Elapsed time: 00:00:19s.  Time for last 10,000:    0s.  Last read position: 5:108,933,811
INFO	2018-05-27 22:50:56	MergeVcfs	Processed     1,710,000 records.  Elapsed time: 00:00:20s.  Time for last 10,000:    0s.  Last read position: 5:114,074,944
INFO	2018-05-27 22:50:56	MergeVcfs	Processed     1,720,000 records.  Elapsed time: 00:00:20s.  Time for last 10,000:    0s.  Last read position: 5:118,641,211
INFO	2018-05-27 22:50:57	MergeVcfs	Processed     1,730,000 records.  Elapsed time: 00:00:20s.  Time for last 10,000:    0s.  Last read position: 5:124,279,328
INFO	2018-05-27 22:50:57	MergeVcfs	Processed     1,740,000 records.  Elapsed time: 00:00:20s.  Time for last 10,000:    0s.  Last read position: 5:129,859,858
INFO	2018-05-27 22:50:57	MergeVcfs	Processed     1,750,000 records.  Elapsed time: 00:00:20s.  Time for last 10,000:    0s.  Last read position: 5:136,566,417
INFO	2018-05-27 22:50:57	MergeVcfs	Processed     1,760,000 records.  Elapsed time: 00:00:20s.  Time for last 10,000:    0s.  Last read position: 5:143,798,768
INFO	2018-05-27 22:50:57	MergeVcfs	Processed     1,770,000 records.  Elapsed time: 00:00:20s.  Time for last 10,000:    0s.  Last read position: 5:149,289,772
INFO	2018-05-27 22:50:57	MergeVcfs	Processed     1,780,000 records.  Elapsed time: 00:00:20s.  Time for last 10,000:    0s.  Last read position: 5:155,271,125
INFO	2018-05-27 22:50:57	MergeVcfs	Processed     1,790,000 records.  Elapsed time: 00:00:20s.  Time for last 10,000:    0s.  Last read position: 5:161,401,601
INFO	2018-05-27 22:50:57	MergeVcfs	Processed     1,800,000 records.  Elapsed time: 00:00:20s.  Time for last 10,000:    0s.  Last read position: 5:166,837,357
INFO	2018-05-27 22:50:57	MergeVcfs	Processed     1,810,000 records.  Elapsed time: 00:00:21s.  Time for last 10,000:    0s.  Last read position: 5:172,894,397
INFO	2018-05-27 22:50:58	MergeVcfs	Processed     1,820,000 records.  Elapsed time: 00:00:21s.  Time for last 10,000:    0s.  Last read position: 5:178,102,713
INFO	2018-05-27 22:50:58	MergeVcfs	Processed     1,830,000 records.  Elapsed time: 00:00:21s.  Time for last 10,000:    0s.  Last read position: 6:2,266,541
INFO	2018-05-27 22:50:58	MergeVcfs	Processed     1,840,000 records.  Elapsed time: 00:00:21s.  Time for last 10,000:    0s.  Last read position: 6:6,382,841
INFO	2018-05-27 22:50:58	MergeVcfs	Processed     1,850,000 records.  Elapsed time: 00:00:21s.  Time for last 10,000:    0s.  Last read position: 6:11,585,463
INFO	2018-05-27 22:50:58	MergeVcfs	Processed     1,860,000 records.  Elapsed time: 00:00:21s.  Time for last 10,000:    0s.  Last read position: 6:17,366,255
INFO	2018-05-27 22:50:58	MergeVcfs	Processed     1,870,000 records.  Elapsed time: 00:00:21s.  Time for last 10,000:    0s.  Last read position: 6:22,273,469
INFO	2018-05-27 22:50:58	MergeVcfs	Processed     1,880,000 records.  Elapsed time: 00:00:21s.  Time for last 10,000:    0s.  Last read position: 6:27,350,446
INFO	2018-05-27 22:50:58	MergeVcfs	Processed     1,890,000 records.  Elapsed time: 00:00:21s.  Time for last 10,000:    0s.  Last read position: 6:31,248,678
INFO	2018-05-27 22:50:58	MergeVcfs	Processed     1,900,000 records.  Elapsed time: 00:00:22s.  Time for last 10,000:    0s.  Last read position: 6:32,591,989
INFO	2018-05-27 22:50:58	MergeVcfs	Processed     1,910,000 records.  Elapsed time: 00:00:22s.  Time for last 10,000:    0s.  Last read position: 6:35,056,862
INFO	2018-05-27 22:50:59	MergeVcfs	Processed     1,920,000 records.  Elapsed time: 00:00:22s.  Time for last 10,000:    0s.  Last read position: 6:40,863,343
INFO	2018-05-27 22:50:59	MergeVcfs	Processed     1,930,000 records.  Elapsed time: 00:00:22s.  Time for last 10,000:    0s.  Last read position: 6:46,995,142
INFO	2018-05-27 22:50:59	MergeVcfs	Processed     1,940,000 records.  Elapsed time: 00:00:22s.  Time for last 10,000:    0s.  Last read position: 6:52,634,673
INFO	2018-05-27 22:50:59	MergeVcfs	Processed     1,950,000 records.  Elapsed time: 00:00:22s.  Time for last 10,000:    0s.  Last read position: 6:57,736,396
INFO	2018-05-27 22:50:59	MergeVcfs	Processed     1,960,000 records.  Elapsed time: 00:00:22s.  Time for last 10,000:    0s.  Last read position: 6:66,067,586
INFO	2018-05-27 22:50:59	MergeVcfs	Processed     1,970,000 records.  Elapsed time: 00:00:22s.  Time for last 10,000:    0s.  Last read position: 6:70,803,453
INFO	2018-05-27 22:50:59	MergeVcfs	Processed     1,980,000 records.  Elapsed time: 00:00:22s.  Time for last 10,000:    0s.  Last read position: 6:76,683,009
INFO	2018-05-27 22:50:59	MergeVcfs	Processed     1,990,000 records.  Elapsed time: 00:00:22s.  Time for last 10,000:    0s.  Last read position: 6:81,812,605
INFO	2018-05-27 22:50:59	MergeVcfs	Processed     2,000,000 records.  Elapsed time: 00:00:23s.  Time for last 10,000:    0s.  Last read position: 6:87,368,750
INFO	2018-05-27 22:50:59	MergeVcfs	Processed     2,010,000 records.  Elapsed time: 00:00:23s.  Time for last 10,000:    0s.  Last read position: 6:93,108,854
INFO	2018-05-27 22:51:00	MergeVcfs	Processed     2,020,000 records.  Elapsed time: 00:00:23s.  Time for last 10,000:    0s.  Last read position: 6:98,714,443
INFO	2018-05-27 22:51:00	MergeVcfs	Processed     2,030,000 records.  Elapsed time: 00:00:23s.  Time for last 10,000:    0s.  Last read position: 6:104,380,117
INFO	2018-05-27 22:51:00	MergeVcfs	Processed     2,040,000 records.  Elapsed time: 00:00:23s.  Time for last 10,000:    0s.  Last read position: 6:109,873,081
INFO	2018-05-27 22:51:00	MergeVcfs	Processed     2,050,000 records.  Elapsed time: 00:00:23s.  Time for last 10,000:    0s.  Last read position: 6:115,666,734
INFO	2018-05-27 22:51:00	MergeVcfs	Processed     2,060,000 records.  Elapsed time: 00:00:23s.  Time for last 10,000:    0s.  Last read position: 6:121,506,458
INFO	2018-05-27 22:51:00	MergeVcfs	Processed     2,070,000 records.  Elapsed time: 00:00:23s.  Time for last 10,000:    0s.  Last read position: 6:128,014,123
INFO	2018-05-27 22:51:00	MergeVcfs	Processed     2,080,000 records.  Elapsed time: 00:00:23s.  Time for last 10,000:    0s.  Last read position: 6:133,508,240
INFO	2018-05-27 22:51:00	MergeVcfs	Processed     2,090,000 records.  Elapsed time: 00:00:23s.  Time for last 10,000:    0s.  Last read position: 6:139,484,553
INFO	2018-05-27 22:51:00	MergeVcfs	Processed     2,100,000 records.  Elapsed time: 00:00:24s.  Time for last 10,000:    0s.  Last read position: 6:146,600,087
INFO	2018-05-27 22:51:00	MergeVcfs	Processed     2,110,000 records.  Elapsed time: 00:00:24s.  Time for last 10,000:    0s.  Last read position: 6:151,691,206
INFO	2018-05-27 22:51:01	MergeVcfs	Processed     2,120,000 records.  Elapsed time: 00:00:24s.  Time for last 10,000:    0s.  Last read position: 6:156,361,228
INFO	2018-05-27 22:51:01	MergeVcfs	Processed     2,130,000 records.  Elapsed time: 00:00:24s.  Time for last 10,000:    0s.  Last read position: 6:161,196,800
INFO	2018-05-27 22:51:01	MergeVcfs	Processed     2,140,000 records.  Elapsed time: 00:00:24s.  Time for last 10,000:    0s.  Last read position: 6:165,562,231
INFO	2018-05-27 22:51:01	MergeVcfs	Processed     2,150,000 records.  Elapsed time: 00:00:24s.  Time for last 10,000:    0s.  Last read position: 6:169,627,958
INFO	2018-05-27 22:51:01	MergeVcfs	Processed     2,160,000 records.  Elapsed time: 00:00:24s.  Time for last 10,000:    0s.  Last read position: 7:2,732,414
INFO	2018-05-27 22:51:01	MergeVcfs	Processed     2,170,000 records.  Elapsed time: 00:00:24s.  Time for last 10,000:    0s.  Last read position: 7:6,666,429
INFO	2018-05-27 22:51:01	MergeVcfs	Processed     2,180,000 records.  Elapsed time: 00:00:24s.  Time for last 10,000:    0s.  Last read position: 7:10,136,474
INFO	2018-05-27 22:51:01	MergeVcfs	Processed     2,190,000 records.  Elapsed time: 00:00:24s.  Time for last 10,000:    0s.  Last read position: 7:13,872,906
INFO	2018-05-27 22:51:01	MergeVcfs	Processed     2,200,000 records.  Elapsed time: 00:00:25s.  Time for last 10,000:    0s.  Last read position: 7:18,965,622
INFO	2018-05-27 22:51:02	MergeVcfs	Processed     2,210,000 records.  Elapsed time: 00:00:25s.  Time for last 10,000:    0s.  Last read position: 7:23,401,955
INFO	2018-05-27 22:51:02	MergeVcfs	Processed     2,220,000 records.  Elapsed time: 00:00:25s.  Time for last 10,000:    0s.  Last read position: 7:29,082,031
INFO	2018-05-27 22:51:02	MergeVcfs	Processed     2,230,000 records.  Elapsed time: 00:00:25s.  Time for last 10,000:    0s.  Last read position: 7:34,491,771
INFO	2018-05-27 22:51:02	MergeVcfs	Processed     2,240,000 records.  Elapsed time: 00:00:25s.  Time for last 10,000:    0s.  Last read position: 7:40,150,682
INFO	2018-05-27 22:51:02	MergeVcfs	Processed     2,250,000 records.  Elapsed time: 00:00:25s.  Time for last 10,000:    0s.  Last read position: 7:46,603,581
INFO	2018-05-27 22:51:02	MergeVcfs	Processed     2,260,000 records.  Elapsed time: 00:00:25s.  Time for last 10,000:    0s.  Last read position: 7:51,798,483
INFO	2018-05-27 22:51:02	MergeVcfs	Processed     2,270,000 records.  Elapsed time: 00:00:25s.  Time for last 10,000:    0s.  Last read position: 7:56,673,477
INFO	2018-05-27 22:51:02	MergeVcfs	Processed     2,280,000 records.  Elapsed time: 00:00:25s.  Time for last 10,000:    0s.  Last read position: 7:64,855,177
INFO	2018-05-27 22:51:02	MergeVcfs	Processed     2,290,000 records.  Elapsed time: 00:00:26s.  Time for last 10,000:    0s.  Last read position: 7:71,025,664
INFO	2018-05-27 22:51:02	MergeVcfs	Processed     2,300,000 records.  Elapsed time: 00:00:26s.  Time for last 10,000:    0s.  Last read position: 7:77,879,350
INFO	2018-05-27 22:51:03	MergeVcfs	Processed     2,310,000 records.  Elapsed time: 00:00:26s.  Time for last 10,000:    0s.  Last read position: 7:82,863,405
INFO	2018-05-27 22:51:03	MergeVcfs	Processed     2,320,000 records.  Elapsed time: 00:00:26s.  Time for last 10,000:    0s.  Last read position: 7:88,677,955
INFO	2018-05-27 22:51:03	MergeVcfs	Processed     2,330,000 records.  Elapsed time: 00:00:26s.  Time for last 10,000:    0s.  Last read position: 7:95,443,391
INFO	2018-05-27 22:51:03	MergeVcfs	Processed     2,340,000 records.  Elapsed time: 00:00:26s.  Time for last 10,000:    0s.  Last read position: 7:101,667,514
INFO	2018-05-27 22:51:03	MergeVcfs	Processed     2,350,000 records.  Elapsed time: 00:00:26s.  Time for last 10,000:    0s.  Last read position: 7:107,494,470
INFO	2018-05-27 22:51:03	MergeVcfs	Processed     2,360,000 records.  Elapsed time: 00:00:26s.  Time for last 10,000:    0s.  Last read position: 7:113,305,716
INFO	2018-05-27 22:51:03	MergeVcfs	Processed     2,370,000 records.  Elapsed time: 00:00:26s.  Time for last 10,000:    0s.  Last read position: 7:120,117,764
INFO	2018-05-27 22:51:03	MergeVcfs	Processed     2,380,000 records.  Elapsed time: 00:00:26s.  Time for last 10,000:    0s.  Last read position: 7:125,759,603
INFO	2018-05-27 22:51:03	MergeVcfs	Processed     2,390,000 records.  Elapsed time: 00:00:27s.  Time for last 10,000:    0s.  Last read position: 7:131,920,430
INFO	2018-05-27 22:51:03	MergeVcfs	Processed     2,400,000 records.  Elapsed time: 00:00:27s.  Time for last 10,000:    0s.  Last read position: 7:137,441,167
INFO	2018-05-27 22:51:04	MergeVcfs	Processed     2,410,000 records.  Elapsed time: 00:00:27s.  Time for last 10,000:    0s.  Last read position: 7:142,588,377
INFO	2018-05-27 22:51:04	MergeVcfs	Processed     2,420,000 records.  Elapsed time: 00:00:27s.  Time for last 10,000:    0s.  Last read position: 7:147,595,615
INFO	2018-05-27 22:51:04	MergeVcfs	Processed     2,430,000 records.  Elapsed time: 00:00:27s.  Time for last 10,000:    0s.  Last read position: 7:152,137,012
INFO	2018-05-27 22:51:04	MergeVcfs	Processed     2,440,000 records.  Elapsed time: 00:00:27s.  Time for last 10,000:    0s.  Last read position: 7:156,024,824
INFO	2018-05-27 22:51:04	MergeVcfs	Processed     2,450,000 records.  Elapsed time: 00:00:27s.  Time for last 10,000:    0s.  Last read position: 8:685,353
INFO	2018-05-27 22:51:04	MergeVcfs	Processed     2,460,000 records.  Elapsed time: 00:00:27s.  Time for last 10,000:    0s.  Last read position: 8:3,581,004
INFO	2018-05-27 22:51:04	MergeVcfs	Processed     2,470,000 records.  Elapsed time: 00:00:27s.  Time for last 10,000:    0s.  Last read position: 8:6,137,470
INFO	2018-05-27 22:51:04	MergeVcfs	Processed     2,480,000 records.  Elapsed time: 00:00:27s.  Time for last 10,000:    0s.  Last read position: 8:10,298,777
INFO	2018-05-27 22:51:04	MergeVcfs	Processed     2,490,000 records.  Elapsed time: 00:00:28s.  Time for last 10,000:    0s.  Last read position: 8:13,798,388
INFO	2018-05-27 22:51:04	MergeVcfs	Processed     2,500,000 records.  Elapsed time: 00:00:28s.  Time for last 10,000:    0s.  Last read position: 8:17,328,789
INFO	2018-05-27 22:51:05	MergeVcfs	Processed     2,510,000 records.  Elapsed time: 00:00:28s.  Time for last 10,000:    0s.  Last read position: 8:21,075,750
INFO	2018-05-27 22:51:05	MergeVcfs	Processed     2,520,000 records.  Elapsed time: 00:00:28s.  Time for last 10,000:    0s.  Last read position: 8:26,337,645
INFO	2018-05-27 22:51:05	MergeVcfs	Processed     2,530,000 records.  Elapsed time: 00:00:28s.  Time for last 10,000:    0s.  Last read position: 8:31,815,507
INFO	2018-05-27 22:51:05	MergeVcfs	Processed     2,540,000 records.  Elapsed time: 00:00:28s.  Time for last 10,000:    0s.  Last read position: 8:39,096,117
INFO	2018-05-27 22:51:05	MergeVcfs	Processed     2,550,000 records.  Elapsed time: 00:00:28s.  Time for last 10,000:    0s.  Last read position: 8:49,868,177
INFO	2018-05-27 22:51:05	MergeVcfs	Processed     2,560,000 records.  Elapsed time: 00:00:28s.  Time for last 10,000:    0s.  Last read position: 8:54,830,051
INFO	2018-05-27 22:51:05	MergeVcfs	Processed     2,570,000 records.  Elapsed time: 00:00:28s.  Time for last 10,000:    0s.  Last read position: 8:60,376,694
INFO	2018-05-27 22:51:05	MergeVcfs	Processed     2,580,000 records.  Elapsed time: 00:00:28s.  Time for last 10,000:    0s.  Last read position: 8:66,854,260
INFO	2018-05-27 22:51:05	MergeVcfs	Processed     2,590,000 records.  Elapsed time: 00:00:29s.  Time for last 10,000:    0s.  Last read position: 8:73,098,988
INFO	2018-05-27 22:51:05	MergeVcfs	Processed     2,600,000 records.  Elapsed time: 00:00:29s.  Time for last 10,000:    0s.  Last read position: 8:78,722,749
INFO	2018-05-27 22:51:06	MergeVcfs	Processed     2,610,000 records.  Elapsed time: 00:00:29s.  Time for last 10,000:    0s.  Last read position: 8:84,838,929
INFO	2018-05-27 22:51:06	MergeVcfs	Processed     2,620,000 records.  Elapsed time: 00:00:29s.  Time for last 10,000:    0s.  Last read position: 8:90,748,373
INFO	2018-05-27 22:51:06	MergeVcfs	Processed     2,630,000 records.  Elapsed time: 00:00:29s.  Time for last 10,000:    0s.  Last read position: 8:97,261,882
INFO	2018-05-27 22:51:06	MergeVcfs	Processed     2,640,000 records.  Elapsed time: 00:00:29s.  Time for last 10,000:    0s.  Last read position: 8:104,125,695
INFO	2018-05-27 22:51:06	MergeVcfs	Processed     2,650,000 records.  Elapsed time: 00:00:29s.  Time for last 10,000:    0s.  Last read position: 8:109,699,382
INFO	2018-05-27 22:51:06	MergeVcfs	Processed     2,660,000 records.  Elapsed time: 00:00:29s.  Time for last 10,000:    0s.  Last read position: 8:116,222,855
INFO	2018-05-27 22:51:06	MergeVcfs	Processed     2,670,000 records.  Elapsed time: 00:00:29s.  Time for last 10,000:    0s.  Last read position: 8:121,831,296
INFO	2018-05-27 22:51:06	MergeVcfs	Processed     2,680,000 records.  Elapsed time: 00:00:30s.  Time for last 10,000:    0s.  Last read position: 8:127,203,626
INFO	2018-05-27 22:51:06	MergeVcfs	Processed     2,690,000 records.  Elapsed time: 00:00:30s.  Time for last 10,000:    0s.  Last read position: 8:132,568,187
INFO	2018-05-27 22:51:07	MergeVcfs	Processed     2,700,000 records.  Elapsed time: 00:00:30s.  Time for last 10,000:    0s.  Last read position: 8:137,525,616
INFO	2018-05-27 22:51:07	MergeVcfs	Processed     2,710,000 records.  Elapsed time: 00:00:30s.  Time for last 10,000:    0s.  Last read position: 8:142,351,153
INFO	2018-05-27 22:51:07	MergeVcfs	Processed     2,720,000 records.  Elapsed time: 00:00:30s.  Time for last 10,000:    0s.  Last read position: 9:657,033
INFO	2018-05-27 22:51:07	MergeVcfs	Processed     2,730,000 records.  Elapsed time: 00:00:30s.  Time for last 10,000:    0s.  Last read position: 9:4,250,093
INFO	2018-05-27 22:51:07	MergeVcfs	Processed     2,740,000 records.  Elapsed time: 00:00:30s.  Time for last 10,000:    0s.  Last read position: 9:8,532,115
INFO	2018-05-27 22:51:07	MergeVcfs	Processed     2,750,000 records.  Elapsed time: 00:00:30s.  Time for last 10,000:    0s.  Last read position: 9:13,096,711
INFO	2018-05-27 22:51:07	MergeVcfs	Processed     2,760,000 records.  Elapsed time: 00:00:30s.  Time for last 10,000:    0s.  Last read position: 9:17,558,470
INFO	2018-05-27 22:51:07	MergeVcfs	Processed     2,770,000 records.  Elapsed time: 00:00:30s.  Time for last 10,000:    0s.  Last read position: 9:22,876,554
INFO	2018-05-27 22:51:07	MergeVcfs	Processed     2,780,000 records.  Elapsed time: 00:00:31s.  Time for last 10,000:    0s.  Last read position: 9:28,167,309
INFO	2018-05-27 22:51:07	MergeVcfs	Processed     2,790,000 records.  Elapsed time: 00:00:31s.  Time for last 10,000:    0s.  Last read position: 9:32,751,132
INFO	2018-05-27 22:51:08	MergeVcfs	Processed     2,800,000 records.  Elapsed time: 00:00:31s.  Time for last 10,000:    0s.  Last read position: 9:39,010,921
INFO	2018-05-27 22:51:08	MergeVcfs	Processed     2,810,000 records.  Elapsed time: 00:00:31s.  Time for last 10,000:    0s.  Last read position: 9:73,758,030
INFO	2018-05-27 22:51:08	MergeVcfs	Processed     2,820,000 records.  Elapsed time: 00:00:31s.  Time for last 10,000:    0s.  Last read position: 9:79,636,273
INFO	2018-05-27 22:51:08	MergeVcfs	Processed     2,830,000 records.  Elapsed time: 00:00:31s.  Time for last 10,000:    0s.  Last read position: 9:85,510,928
INFO	2018-05-27 22:51:08	MergeVcfs	Processed     2,840,000 records.  Elapsed time: 00:00:31s.  Time for last 10,000:    0s.  Last read position: 9:90,712,600
INFO	2018-05-27 22:51:08	MergeVcfs	Processed     2,850,000 records.  Elapsed time: 00:00:31s.  Time for last 10,000:    0s.  Last read position: 9:95,956,665
INFO	2018-05-27 22:51:08	MergeVcfs	Processed     2,860,000 records.  Elapsed time: 00:00:31s.  Time for last 10,000:    0s.  Last read position: 9:101,620,481
INFO	2018-05-27 22:51:08	MergeVcfs	Processed     2,870,000 records.  Elapsed time: 00:00:31s.  Time for last 10,000:    0s.  Last read position: 9:107,123,666
INFO	2018-05-27 22:51:08	MergeVcfs	Processed     2,880,000 records.  Elapsed time: 00:00:32s.  Time for last 10,000:    0s.  Last read position: 9:112,927,164
INFO	2018-05-27 22:51:08	MergeVcfs	Processed     2,890,000 records.  Elapsed time: 00:00:32s.  Time for last 10,000:    0s.  Last read position: 9:119,135,502
INFO	2018-05-27 22:51:09	MergeVcfs	Processed     2,900,000 records.  Elapsed time: 00:00:32s.  Time for last 10,000:    0s.  Last read position: 9:125,390,874
INFO	2018-05-27 22:51:09	MergeVcfs	Processed     2,910,000 records.  Elapsed time: 00:00:32s.  Time for last 10,000:    0s.  Last read position: 9:131,805,421
INFO	2018-05-27 22:51:09	MergeVcfs	Processed     2,920,000 records.  Elapsed time: 00:00:32s.  Time for last 10,000:    0s.  Last read position: 9:136,711,722
INFO	2018-05-27 22:51:09	MergeVcfs	Processed     2,930,000 records.  Elapsed time: 00:00:32s.  Time for last 10,000:    0s.  Last read position: 10:383,759
INFO	2018-05-27 22:51:09	MergeVcfs	Processed     2,940,000 records.  Elapsed time: 00:00:32s.  Time for last 10,000:    0s.  Last read position: 10:4,638,160
INFO	2018-05-27 22:51:09	MergeVcfs	Processed     2,950,000 records.  Elapsed time: 00:00:32s.  Time for last 10,000:    0s.  Last read position: 10:8,987,333
INFO	2018-05-27 22:51:09	MergeVcfs	Processed     2,960,000 records.  Elapsed time: 00:00:32s.  Time for last 10,000:    0s.  Last read position: 10:13,794,906
INFO	2018-05-27 22:51:09	MergeVcfs	Processed     2,970,000 records.  Elapsed time: 00:00:33s.  Time for last 10,000:    0s.  Last read position: 10:18,694,461
INFO	2018-05-27 22:51:09	MergeVcfs	Processed     2,980,000 records.  Elapsed time: 00:00:33s.  Time for last 10,000:    0s.  Last read position: 10:23,870,838
INFO	2018-05-27 22:51:10	MergeVcfs	Processed     2,990,000 records.  Elapsed time: 00:00:33s.  Time for last 10,000:    0s.  Last read position: 10:28,457,532
INFO	2018-05-27 22:51:10	MergeVcfs	Processed     3,000,000 records.  Elapsed time: 00:00:33s.  Time for last 10,000:    0s.  Last read position: 10:33,389,009
INFO	2018-05-27 22:51:10	MergeVcfs	Processed     3,010,000 records.  Elapsed time: 00:00:33s.  Time for last 10,000:    0s.  Last read position: 10:43,645,502
INFO	2018-05-27 22:51:10	MergeVcfs	Processed     3,020,000 records.  Elapsed time: 00:00:33s.  Time for last 10,000:    0s.  Last read position: 10:51,539,256
INFO	2018-05-27 22:51:10	MergeVcfs	Processed     3,030,000 records.  Elapsed time: 00:00:33s.  Time for last 10,000:    0s.  Last read position: 10:56,328,612
INFO	2018-05-27 22:51:10	MergeVcfs	Processed     3,040,000 records.  Elapsed time: 00:00:33s.  Time for last 10,000:    0s.  Last read position: 10:60,585,616
INFO	2018-05-27 22:51:10	MergeVcfs	Processed     3,050,000 records.  Elapsed time: 00:00:33s.  Time for last 10,000:    0s.  Last read position: 10:66,502,176
INFO	2018-05-27 22:51:10	MergeVcfs	Processed     3,060,000 records.  Elapsed time: 00:00:33s.  Time for last 10,000:    0s.  Last read position: 10:71,016,292
INFO	2018-05-27 22:51:10	MergeVcfs	Processed     3,070,000 records.  Elapsed time: 00:00:34s.  Time for last 10,000:    0s.  Last read position: 10:77,750,742
INFO	2018-05-27 22:51:10	MergeVcfs	Processed     3,080,000 records.  Elapsed time: 00:00:34s.  Time for last 10,000:    0s.  Last read position: 10:83,253,229
INFO	2018-05-27 22:51:11	MergeVcfs	Processed     3,090,000 records.  Elapsed time: 00:00:34s.  Time for last 10,000:    0s.  Last read position: 10:88,489,862
INFO	2018-05-27 22:51:11	MergeVcfs	Processed     3,100,000 records.  Elapsed time: 00:00:34s.  Time for last 10,000:    0s.  Last read position: 10:94,948,204
INFO	2018-05-27 22:51:11	MergeVcfs	Processed     3,110,000 records.  Elapsed time: 00:00:34s.  Time for last 10,000:    0s.  Last read position: 10:100,303,732
INFO	2018-05-27 22:51:11	MergeVcfs	Processed     3,120,000 records.  Elapsed time: 00:00:34s.  Time for last 10,000:    0s.  Last read position: 10:107,343,886
INFO	2018-05-27 22:51:11	MergeVcfs	Processed     3,130,000 records.  Elapsed time: 00:00:34s.  Time for last 10,000:    0s.  Last read position: 10:112,753,721
INFO	2018-05-27 22:51:11	MergeVcfs	Processed     3,140,000 records.  Elapsed time: 00:00:34s.  Time for last 10,000:    0s.  Last read position: 10:118,271,488
INFO	2018-05-27 22:51:11	MergeVcfs	Processed     3,150,000 records.  Elapsed time: 00:00:34s.  Time for last 10,000:    0s.  Last read position: 10:123,526,125
INFO	2018-05-27 22:51:11	MergeVcfs	Processed     3,160,000 records.  Elapsed time: 00:00:34s.  Time for last 10,000:    0s.  Last read position: 10:128,500,769
INFO	2018-05-27 22:51:11	MergeVcfs	Processed     3,170,000 records.  Elapsed time: 00:00:35s.  Time for last 10,000:    0s.  Last read position: 10:132,822,383
INFO	2018-05-27 22:51:11	MergeVcfs	Processed     3,180,000 records.  Elapsed time: 00:00:35s.  Time for last 10,000:    0s.  Last read position: 11:1,848,539
INFO	2018-05-27 22:51:12	MergeVcfs	Processed     3,190,000 records.  Elapsed time: 00:00:35s.  Time for last 10,000:    0s.  Last read position: 11:5,640,817
INFO	2018-05-27 22:51:12	MergeVcfs	Processed     3,200,000 records.  Elapsed time: 00:00:35s.  Time for last 10,000:    0s.  Last read position: 11:10,701,556
INFO	2018-05-27 22:51:12	MergeVcfs	Processed     3,210,000 records.  Elapsed time: 00:00:35s.  Time for last 10,000:    0s.  Last read position: 11:16,543,183
INFO	2018-05-27 22:51:12	MergeVcfs	Processed     3,220,000 records.  Elapsed time: 00:00:35s.  Time for last 10,000:    0s.  Last read position: 11:21,581,805
INFO	2018-05-27 22:51:12	MergeVcfs	Processed     3,230,000 records.  Elapsed time: 00:00:35s.  Time for last 10,000:    0s.  Last read position: 11:25,151,983
INFO	2018-05-27 22:51:12	MergeVcfs	Processed     3,240,000 records.  Elapsed time: 00:00:35s.  Time for last 10,000:    0s.  Last read position: 11:30,331,429
INFO	2018-05-27 22:51:12	MergeVcfs	Processed     3,250,000 records.  Elapsed time: 00:00:35s.  Time for last 10,000:    0s.  Last read position: 11:36,072,872
INFO	2018-05-27 22:51:12	MergeVcfs	Processed     3,260,000 records.  Elapsed time: 00:00:35s.  Time for last 10,000:    0s.  Last read position: 11:40,685,875
INFO	2018-05-27 22:51:12	MergeVcfs	Processed     3,270,000 records.  Elapsed time: 00:00:36s.  Time for last 10,000:    0s.  Last read position: 11:47,437,288
INFO	2018-05-27 22:51:13	MergeVcfs	Processed     3,280,000 records.  Elapsed time: 00:00:36s.  Time for last 10,000:    0s.  Last read position: 11:55,880,570
INFO	2018-05-27 22:51:13	MergeVcfs	Processed     3,290,000 records.  Elapsed time: 00:00:36s.  Time for last 10,000:    0s.  Last read position: 11:63,073,031
INFO	2018-05-27 22:51:13	MergeVcfs	Processed     3,300,000 records.  Elapsed time: 00:00:36s.  Time for last 10,000:    0s.  Last read position: 11:69,951,994
INFO	2018-05-27 22:51:13	MergeVcfs	Processed     3,310,000 records.  Elapsed time: 00:00:36s.  Time for last 10,000:    0s.  Last read position: 11:75,520,532
INFO	2018-05-27 22:51:13	MergeVcfs	Processed     3,320,000 records.  Elapsed time: 00:00:36s.  Time for last 10,000:    0s.  Last read position: 11:80,729,199
INFO	2018-05-27 22:51:13	MergeVcfs	Processed     3,330,000 records.  Elapsed time: 00:00:36s.  Time for last 10,000:    0s.  Last read position: 11:86,335,307
INFO	2018-05-27 22:51:13	MergeVcfs	Processed     3,340,000 records.  Elapsed time: 00:00:37s.  Time for last 10,000:    0s.  Last read position: 11:91,185,428
INFO	2018-05-27 22:51:13	MergeVcfs	Processed     3,350,000 records.  Elapsed time: 00:00:37s.  Time for last 10,000:    0s.  Last read position: 11:96,505,058
INFO	2018-05-27 22:51:14	MergeVcfs	Processed     3,360,000 records.  Elapsed time: 00:00:37s.  Time for last 10,000:    0s.  Last read position: 11:100,809,894
INFO	2018-05-27 22:51:14	MergeVcfs	Processed     3,370,000 records.  Elapsed time: 00:00:37s.  Time for last 10,000:    0s.  Last read position: 11:105,649,096
INFO	2018-05-27 22:51:14	MergeVcfs	Processed     3,380,000 records.  Elapsed time: 00:00:37s.  Time for last 10,000:    0s.  Last read position: 11:111,368,047
INFO	2018-05-27 22:51:14	MergeVcfs	Processed     3,390,000 records.  Elapsed time: 00:00:37s.  Time for last 10,000:    0s.  Last read position: 11:117,538,730
INFO	2018-05-27 22:51:14	MergeVcfs	Processed     3,400,000 records.  Elapsed time: 00:00:37s.  Time for last 10,000:    0s.  Last read position: 11:123,043,386
INFO	2018-05-27 22:51:14	MergeVcfs	Processed     3,410,000 records.  Elapsed time: 00:00:37s.  Time for last 10,000:    0s.  Last read position: 11:128,104,848
INFO	2018-05-27 22:51:14	MergeVcfs	Processed     3,420,000 records.  Elapsed time: 00:00:37s.  Time for last 10,000:    0s.  Last read position: 11:133,382,740
INFO	2018-05-27 22:51:14	MergeVcfs	Processed     3,430,000 records.  Elapsed time: 00:00:37s.  Time for last 10,000:    0s.  Last read position: 12:3,584,151
INFO	2018-05-27 22:51:15	MergeVcfs	Processed     3,440,000 records.  Elapsed time: 00:00:38s.  Time for last 10,000:    0s.  Last read position: 12:8,460,163
INFO	2018-05-27 22:51:15	MergeVcfs	Processed     3,450,000 records.  Elapsed time: 00:00:38s.  Time for last 10,000:    0s.  Last read position: 12:12,873,748
INFO	2018-05-27 22:51:15	MergeVcfs	Processed     3,460,000 records.  Elapsed time: 00:00:38s.  Time for last 10,000:    0s.  Last read position: 12:19,091,398
INFO	2018-05-27 22:51:15	MergeVcfs	Processed     3,470,000 records.  Elapsed time: 00:00:38s.  Time for last 10,000:    0s.  Last read position: 12:24,838,202
INFO	2018-05-27 22:51:15	MergeVcfs	Processed     3,480,000 records.  Elapsed time: 00:00:38s.  Time for last 10,000:    0s.  Last read position: 12:30,013,309
INFO	2018-05-27 22:51:15	MergeVcfs	Processed     3,490,000 records.  Elapsed time: 00:00:38s.  Time for last 10,000:    0s.  Last read position: 12:33,914,173
INFO	2018-05-27 22:51:15	MergeVcfs	Processed     3,500,000 records.  Elapsed time: 00:00:38s.  Time for last 10,000:    0s.  Last read position: 12:42,065,806
INFO	2018-05-27 22:51:15	MergeVcfs	Processed     3,510,000 records.  Elapsed time: 00:00:38s.  Time for last 10,000:    0s.  Last read position: 12:48,177,073
INFO	2018-05-27 22:51:15	MergeVcfs	Processed     3,520,000 records.  Elapsed time: 00:00:39s.  Time for last 10,000:    0s.  Last read position: 12:54,302,849
INFO	2018-05-27 22:51:15	MergeVcfs	Processed     3,530,000 records.  Elapsed time: 00:00:39s.  Time for last 10,000:    0s.  Last read position: 12:60,738,733
INFO	2018-05-27 22:51:16	MergeVcfs	Processed     3,540,000 records.  Elapsed time: 00:00:39s.  Time for last 10,000:    0s.  Last read position: 12:66,814,466
INFO	2018-05-27 22:51:16	MergeVcfs	Processed     3,550,000 records.  Elapsed time: 00:00:39s.  Time for last 10,000:    0s.  Last read position: 12:73,399,945
INFO	2018-05-27 22:51:16	MergeVcfs	Processed     3,560,000 records.  Elapsed time: 00:00:39s.  Time for last 10,000:    0s.  Last read position: 12:79,639,269
INFO	2018-05-27 22:51:16	MergeVcfs	Processed     3,570,000 records.  Elapsed time: 00:00:39s.  Time for last 10,000:    0s.  Last read position: 12:85,835,047
INFO	2018-05-27 22:51:16	MergeVcfs	Processed     3,580,000 records.  Elapsed time: 00:00:39s.  Time for last 10,000:    0s.  Last read position: 12:92,669,727
INFO	2018-05-27 22:51:16	MergeVcfs	Processed     3,590,000 records.  Elapsed time: 00:00:39s.  Time for last 10,000:    0s.  Last read position: 12:97,920,694
INFO	2018-05-27 22:51:16	MergeVcfs	Processed     3,600,000 records.  Elapsed time: 00:00:39s.  Time for last 10,000:    0s.  Last read position: 12:104,610,476
INFO	2018-05-27 22:51:16	MergeVcfs	Processed     3,610,000 records.  Elapsed time: 00:00:39s.  Time for last 10,000:    0s.  Last read position: 12:110,940,570
INFO	2018-05-27 22:51:16	MergeVcfs	Processed     3,620,000 records.  Elapsed time: 00:00:40s.  Time for last 10,000:    0s.  Last read position: 12:117,328,641
INFO	2018-05-27 22:51:16	MergeVcfs	Processed     3,630,000 records.  Elapsed time: 00:00:40s.  Time for last 10,000:    0s.  Last read position: 12:123,338,964
INFO	2018-05-27 22:51:17	MergeVcfs	Processed     3,640,000 records.  Elapsed time: 00:00:40s.  Time for last 10,000:    0s.  Last read position: 12:127,890,335
INFO	2018-05-27 22:51:17	MergeVcfs	Processed     3,650,000 records.  Elapsed time: 00:00:40s.  Time for last 10,000:    0s.  Last read position: 12:131,805,899
INFO	2018-05-27 22:51:17	MergeVcfs	Processed     3,660,000 records.  Elapsed time: 00:00:40s.  Time for last 10,000:    0s.  Last read position: 13:21,347,060
INFO	2018-05-27 22:51:17	MergeVcfs	Processed     3,670,000 records.  Elapsed time: 00:00:40s.  Time for last 10,000:    0s.  Last read position: 13:25,554,668
INFO	2018-05-27 22:51:17	MergeVcfs	Processed     3,680,000 records.  Elapsed time: 00:00:40s.  Time for last 10,000:    0s.  Last read position: 13:30,609,392
INFO	2018-05-27 22:51:17	MergeVcfs	Processed     3,690,000 records.  Elapsed time: 00:00:40s.  Time for last 10,000:    0s.  Last read position: 13:36,642,023
INFO	2018-05-27 22:51:17	MergeVcfs	Processed     3,700,000 records.  Elapsed time: 00:00:40s.  Time for last 10,000:    0s.  Last read position: 13:41,533,398
INFO	2018-05-27 22:51:17	MergeVcfs	Processed     3,710,000 records.  Elapsed time: 00:00:40s.  Time for last 10,000:    0s.  Last read position: 13:47,424,293
INFO	2018-05-27 22:51:17	MergeVcfs	Processed     3,720,000 records.  Elapsed time: 00:00:41s.  Time for last 10,000:    0s.  Last read position: 13:53,393,431
INFO	2018-05-27 22:51:17	MergeVcfs	Processed     3,730,000 records.  Elapsed time: 00:00:41s.  Time for last 10,000:    0s.  Last read position: 13:60,410,663
INFO	2018-05-27 22:51:18	MergeVcfs	Processed     3,740,000 records.  Elapsed time: 00:00:41s.  Time for last 10,000:    0s.  Last read position: 13:65,636,003
INFO	2018-05-27 22:51:18	MergeVcfs	Processed     3,750,000 records.  Elapsed time: 00:00:41s.  Time for last 10,000:    0s.  Last read position: 13:71,638,731
INFO	2018-05-27 22:51:18	MergeVcfs	Processed     3,760,000 records.  Elapsed time: 00:00:41s.  Time for last 10,000:    0s.  Last read position: 13:76,901,150
INFO	2018-05-27 22:51:18	MergeVcfs	Processed     3,770,000 records.  Elapsed time: 00:00:41s.  Time for last 10,000:    0s.  Last read position: 13:82,449,099
INFO	2018-05-27 22:51:18	MergeVcfs	Processed     3,780,000 records.  Elapsed time: 00:00:41s.  Time for last 10,000:    0s.  Last read position: 13:87,370,326
INFO	2018-05-27 22:51:18	MergeVcfs	Processed     3,790,000 records.  Elapsed time: 00:00:41s.  Time for last 10,000:    0s.  Last read position: 13:92,549,424
INFO	2018-05-27 22:51:18	MergeVcfs	Processed     3,800,000 records.  Elapsed time: 00:00:41s.  Time for last 10,000:    0s.  Last read position: 13:98,383,274
INFO	2018-05-27 22:51:18	MergeVcfs	Processed     3,810,000 records.  Elapsed time: 00:00:41s.  Time for last 10,000:    0s.  Last read position: 13:103,449,032
INFO	2018-05-27 22:51:18	MergeVcfs	Processed     3,820,000 records.  Elapsed time: 00:00:41s.  Time for last 10,000:    0s.  Last read position: 13:107,897,967
INFO	2018-05-27 22:51:18	MergeVcfs	Processed     3,830,000 records.  Elapsed time: 00:00:42s.  Time for last 10,000:    0s.  Last read position: 13:112,671,226
INFO	2018-05-27 22:51:18	MergeVcfs	Processed     3,840,000 records.  Elapsed time: 00:00:42s.  Time for last 10,000:    0s.  Last read position: 14:21,683,984
INFO	2018-05-27 22:51:19	MergeVcfs	Processed     3,850,000 records.  Elapsed time: 00:00:42s.  Time for last 10,000:    0s.  Last read position: 14:26,556,905
INFO	2018-05-27 22:51:19	MergeVcfs	Processed     3,860,000 records.  Elapsed time: 00:00:42s.  Time for last 10,000:    0s.  Last read position: 14:32,642,399
INFO	2018-05-27 22:51:19	MergeVcfs	Processed     3,870,000 records.  Elapsed time: 00:00:42s.  Time for last 10,000:    0s.  Last read position: 14:38,697,518
INFO	2018-05-27 22:51:19	MergeVcfs	Processed     3,880,000 records.  Elapsed time: 00:00:42s.  Time for last 10,000:    0s.  Last read position: 14:43,328,162
INFO	2018-05-27 22:51:19	MergeVcfs	Processed     3,890,000 records.  Elapsed time: 00:00:42s.  Time for last 10,000:    0s.  Last read position: 14:49,068,672
INFO	2018-05-27 22:51:19	MergeVcfs	Processed     3,900,000 records.  Elapsed time: 00:00:42s.  Time for last 10,000:    0s.  Last read position: 14:54,242,339
INFO	2018-05-27 22:51:19	MergeVcfs	Processed     3,910,000 records.  Elapsed time: 00:00:42s.  Time for last 10,000:    0s.  Last read position: 14:59,946,099
INFO	2018-05-27 22:51:19	MergeVcfs	Processed     3,920,000 records.  Elapsed time: 00:00:42s.  Time for last 10,000:    0s.  Last read position: 14:66,106,227
INFO	2018-05-27 22:51:19	MergeVcfs	Processed     3,930,000 records.  Elapsed time: 00:00:43s.  Time for last 10,000:    0s.  Last read position: 14:72,520,978
INFO	2018-05-27 22:51:19	MergeVcfs	Processed     3,940,000 records.  Elapsed time: 00:00:43s.  Time for last 10,000:    0s.  Last read position: 14:78,323,044
INFO	2018-05-27 22:51:20	MergeVcfs	Processed     3,950,000 records.  Elapsed time: 00:00:43s.  Time for last 10,000:    0s.  Last read position: 14:84,583,075
INFO	2018-05-27 22:51:20	MergeVcfs	Processed     3,960,000 records.  Elapsed time: 00:00:43s.  Time for last 10,000:    0s.  Last read position: 14:90,348,659
INFO	2018-05-27 22:51:20	MergeVcfs	Processed     3,970,000 records.  Elapsed time: 00:00:43s.  Time for last 10,000:    0s.  Last read position: 14:95,643,164
INFO	2018-05-27 22:51:20	MergeVcfs	Processed     3,980,000 records.  Elapsed time: 00:00:43s.  Time for last 10,000:    0s.  Last read position: 14:100,664,939
INFO	2018-05-27 22:51:20	MergeVcfs	Processed     3,990,000 records.  Elapsed time: 00:00:43s.  Time for last 10,000:    0s.  Last read position: 14:106,038,326
INFO	2018-05-27 22:51:20	MergeVcfs	Processed     4,000,000 records.  Elapsed time: 00:00:43s.  Time for last 10,000:    0s.  Last read position: 15:24,387,755
INFO	2018-05-27 22:51:20	MergeVcfs	Processed     4,010,000 records.  Elapsed time: 00:00:43s.  Time for last 10,000:    0s.  Last read position: 15:29,237,386
INFO	2018-05-27 22:51:20	MergeVcfs	Processed     4,020,000 records.  Elapsed time: 00:00:43s.  Time for last 10,000:    0s.  Last read position: 15:34,770,354
INFO	2018-05-27 22:51:20	MergeVcfs	Processed     4,030,000 records.  Elapsed time: 00:00:44s.  Time for last 10,000:    0s.  Last read position: 15:39,962,673
INFO	2018-05-27 22:51:20	MergeVcfs	Processed     4,040,000 records.  Elapsed time: 00:00:44s.  Time for last 10,000:    0s.  Last read position: 15:46,881,808
INFO	2018-05-27 22:51:21	MergeVcfs	Processed     4,050,000 records.  Elapsed time: 00:00:44s.  Time for last 10,000:    0s.  Last read position: 15:53,858,438
INFO	2018-05-27 22:51:21	MergeVcfs	Processed     4,060,000 records.  Elapsed time: 00:00:44s.  Time for last 10,000:    0s.  Last read position: 15:58,324,987
INFO	2018-05-27 22:51:21	MergeVcfs	Processed     4,070,000 records.  Elapsed time: 00:00:44s.  Time for last 10,000:    0s.  Last read position: 15:63,214,206
INFO	2018-05-27 22:51:21	MergeVcfs	Processed     4,080,000 records.  Elapsed time: 00:00:44s.  Time for last 10,000:    0s.  Last read position: 15:69,393,971
INFO	2018-05-27 22:51:21	MergeVcfs	Processed     4,090,000 records.  Elapsed time: 00:00:44s.  Time for last 10,000:    0s.  Last read position: 15:76,956,405
INFO	2018-05-27 22:51:21	MergeVcfs	Processed     4,100,000 records.  Elapsed time: 00:00:44s.  Time for last 10,000:    0s.  Last read position: 15:82,355,334
INFO	2018-05-27 22:51:21	MergeVcfs	Processed     4,110,000 records.  Elapsed time: 00:00:44s.  Time for last 10,000:    0s.  Last read position: 15:89,201,204
INFO	2018-05-27 22:51:21	MergeVcfs	Processed     4,120,000 records.  Elapsed time: 00:00:44s.  Time for last 10,000:    0s.  Last read position: 15:93,277,458
INFO	2018-05-27 22:51:21	MergeVcfs	Processed     4,130,000 records.  Elapsed time: 00:00:44s.  Time for last 10,000:    0s.  Last read position: 15:97,815,129
INFO	2018-05-27 22:51:21	MergeVcfs	Processed     4,140,000 records.  Elapsed time: 00:00:45s.  Time for last 10,000:    0s.  Last read position: 15:101,811,166
INFO	2018-05-27 22:51:21	MergeVcfs	Processed     4,150,000 records.  Elapsed time: 00:00:45s.  Time for last 10,000:    0s.  Last read position: 16:4,124,337
INFO	2018-05-27 22:51:22	MergeVcfs	Processed     4,160,000 records.  Elapsed time: 00:00:45s.  Time for last 10,000:    0s.  Last read position: 16:7,429,841
INFO	2018-05-27 22:51:22	MergeVcfs	Processed     4,170,000 records.  Elapsed time: 00:00:45s.  Time for last 10,000:    0s.  Last read position: 16:10,748,361
INFO	2018-05-27 22:51:22	MergeVcfs	Processed     4,180,000 records.  Elapsed time: 00:00:45s.  Time for last 10,000:    0s.  Last read position: 16:15,839,439
INFO	2018-05-27 22:51:22	MergeVcfs	Processed     4,190,000 records.  Elapsed time: 00:00:45s.  Time for last 10,000:    0s.  Last read position: 16:22,716,533
INFO	2018-05-27 22:51:22	MergeVcfs	Processed     4,200,000 records.  Elapsed time: 00:00:45s.  Time for last 10,000:    0s.  Last read position: 16:28,025,217
INFO	2018-05-27 22:51:22	MergeVcfs	Processed     4,210,000 records.  Elapsed time: 00:00:45s.  Time for last 10,000:    0s.  Last read position: 16:48,733,581
INFO	2018-05-27 22:51:22	MergeVcfs	Processed     4,220,000 records.  Elapsed time: 00:00:45s.  Time for last 10,000:    0s.  Last read position: 16:54,341,451
INFO	2018-05-27 22:51:22	MergeVcfs	Processed     4,230,000 records.  Elapsed time: 00:00:45s.  Time for last 10,000:    0s.  Last read position: 16:58,951,927
INFO	2018-05-27 22:51:22	MergeVcfs	Processed     4,240,000 records.  Elapsed time: 00:00:46s.  Time for last 10,000:    0s.  Last read position: 16:64,573,305
INFO	2018-05-27 22:51:22	MergeVcfs	Processed     4,250,000 records.  Elapsed time: 00:00:46s.  Time for last 10,000:    0s.  Last read position: 16:71,173,180
INFO	2018-05-27 22:51:23	MergeVcfs	Processed     4,260,000 records.  Elapsed time: 00:00:46s.  Time for last 10,000:    0s.  Last read position: 16:76,809,377
INFO	2018-05-27 22:51:23	MergeVcfs	Processed     4,270,000 records.  Elapsed time: 00:00:46s.  Time for last 10,000:    0s.  Last read position: 16:79,955,534
INFO	2018-05-27 22:51:23	MergeVcfs	Processed     4,280,000 records.  Elapsed time: 00:00:46s.  Time for last 10,000:    0s.  Last read position: 16:83,514,571
INFO	2018-05-27 22:51:23	MergeVcfs	Processed     4,290,000 records.  Elapsed time: 00:00:46s.  Time for last 10,000:    0s.  Last read position: 16:86,719,849
INFO	2018-05-27 22:51:23	MergeVcfs	Processed     4,300,000 records.  Elapsed time: 00:00:46s.  Time for last 10,000:    0s.  Last read position: 17:88,525
INFO	2018-05-27 22:51:23	MergeVcfs	Processed     4,310,000 records.  Elapsed time: 00:00:46s.  Time for last 10,000:    0s.  Last read position: 17:4,455,500
INFO	2018-05-27 22:51:23	MergeVcfs	Processed     4,320,000 records.  Elapsed time: 00:00:46s.  Time for last 10,000:    0s.  Last read position: 17:8,998,778
INFO	2018-05-27 22:51:23	MergeVcfs	Processed     4,330,000 records.  Elapsed time: 00:00:46s.  Time for last 10,000:    0s.  Last read position: 17:13,380,795
INFO	2018-05-27 22:51:23	MergeVcfs	Processed     4,340,000 records.  Elapsed time: 00:00:47s.  Time for last 10,000:    0s.  Last read position: 17:18,175,777
INFO	2018-05-27 22:51:23	MergeVcfs	Processed     4,350,000 records.  Elapsed time: 00:00:47s.  Time for last 10,000:    0s.  Last read position: 17:28,690,302
INFO	2018-05-27 22:51:24	MergeVcfs	Processed     4,360,000 records.  Elapsed time: 00:00:47s.  Time for last 10,000:    0s.  Last read position: 17:34,813,557
INFO	2018-05-27 22:51:24	MergeVcfs	Processed     4,370,000 records.  Elapsed time: 00:00:47s.  Time for last 10,000:    0s.  Last read position: 17:40,977,110
INFO	2018-05-27 22:51:24	MergeVcfs	Processed     4,380,000 records.  Elapsed time: 00:00:47s.  Time for last 10,000:    0s.  Last read position: 17:48,316,230
INFO	2018-05-27 22:51:24	MergeVcfs	Processed     4,390,000 records.  Elapsed time: 00:00:47s.  Time for last 10,000:    0s.  Last read position: 17:54,486,827
INFO	2018-05-27 22:51:24	MergeVcfs	Processed     4,400,000 records.  Elapsed time: 00:00:47s.  Time for last 10,000:    0s.  Last read position: 17:60,800,502
INFO	2018-05-27 22:51:24	MergeVcfs	Processed     4,410,000 records.  Elapsed time: 00:00:47s.  Time for last 10,000:    0s.  Last read position: 17:66,819,096
INFO	2018-05-27 22:51:24	MergeVcfs	Processed     4,420,000 records.  Elapsed time: 00:00:47s.  Time for last 10,000:    0s.  Last read position: 17:71,814,727
INFO	2018-05-27 22:51:24	MergeVcfs	Processed     4,430,000 records.  Elapsed time: 00:00:47s.  Time for last 10,000:    0s.  Last read position: 17:76,337,969
INFO	2018-05-27 22:51:24	MergeVcfs	Processed     4,440,000 records.  Elapsed time: 00:00:47s.  Time for last 10,000:    0s.  Last read position: 17:81,028,333
INFO	2018-05-27 22:51:24	MergeVcfs	Processed     4,450,000 records.  Elapsed time: 00:00:48s.  Time for last 10,000:    0s.  Last read position: 18:3,919,178
INFO	2018-05-27 22:51:24	MergeVcfs	Processed     4,460,000 records.  Elapsed time: 00:00:48s.  Time for last 10,000:    0s.  Last read position: 18:8,557,415
INFO	2018-05-27 22:51:25	MergeVcfs	Processed     4,470,000 records.  Elapsed time: 00:00:48s.  Time for last 10,000:    0s.  Last read position: 18:13,177,059
INFO	2018-05-27 22:51:25	MergeVcfs	Processed     4,480,000 records.  Elapsed time: 00:00:48s.  Time for last 10,000:    0s.  Last read position: 18:22,149,347
INFO	2018-05-27 22:51:25	MergeVcfs	Processed     4,490,000 records.  Elapsed time: 00:00:48s.  Time for last 10,000:    0s.  Last read position: 18:27,894,198
INFO	2018-05-27 22:51:25	MergeVcfs	Processed     4,500,000 records.  Elapsed time: 00:00:48s.  Time for last 10,000:    0s.  Last read position: 18:33,990,201
INFO	2018-05-27 22:51:25	MergeVcfs	Processed     4,510,000 records.  Elapsed time: 00:00:48s.  Time for last 10,000:    0s.  Last read position: 18:40,304,186
INFO	2018-05-27 22:51:25	MergeVcfs	Processed     4,520,000 records.  Elapsed time: 00:00:48s.  Time for last 10,000:    0s.  Last read position: 18:46,812,179
INFO	2018-05-27 22:51:25	MergeVcfs	Processed     4,530,000 records.  Elapsed time: 00:00:48s.  Time for last 10,000:    0s.  Last read position: 18:51,682,944
INFO	2018-05-27 22:51:25	MergeVcfs	Processed     4,540,000 records.  Elapsed time: 00:00:48s.  Time for last 10,000:    0s.  Last read position: 18:57,622,661
INFO	2018-05-27 22:51:25	MergeVcfs	Processed     4,550,000 records.  Elapsed time: 00:00:49s.  Time for last 10,000:    0s.  Last read position: 18:62,872,314
INFO	2018-05-27 22:51:25	MergeVcfs	Processed     4,560,000 records.  Elapsed time: 00:00:49s.  Time for last 10,000:    0s.  Last read position: 18:67,967,279
INFO	2018-05-27 22:51:26	MergeVcfs	Processed     4,570,000 records.  Elapsed time: 00:00:49s.  Time for last 10,000:    0s.  Last read position: 18:72,477,060
INFO	2018-05-27 22:51:26	MergeVcfs	Processed     4,580,000 records.  Elapsed time: 00:00:49s.  Time for last 10,000:    0s.  Last read position: 18:76,774,377
INFO	2018-05-27 22:51:26	MergeVcfs	Processed     4,590,000 records.  Elapsed time: 00:00:49s.  Time for last 10,000:    0s.  Last read position: 19:3,138,062
INFO	2018-05-27 22:51:26	MergeVcfs	Processed     4,600,000 records.  Elapsed time: 00:00:49s.  Time for last 10,000:    0s.  Last read position: 19:7,408,552
INFO	2018-05-27 22:51:26	MergeVcfs	Processed     4,610,000 records.  Elapsed time: 00:00:49s.  Time for last 10,000:    0s.  Last read position: 19:12,378,371
INFO	2018-05-27 22:51:26	MergeVcfs	Processed     4,620,000 records.  Elapsed time: 00:00:49s.  Time for last 10,000:    0s.  Last read position: 19:16,829,435
INFO	2018-05-27 22:51:26	MergeVcfs	Processed     4,630,000 records.  Elapsed time: 00:00:49s.  Time for last 10,000:    0s.  Last read position: 19:21,690,009
INFO	2018-05-27 22:51:26	MergeVcfs	Processed     4,640,000 records.  Elapsed time: 00:00:49s.  Time for last 10,000:    0s.  Last read position: 19:28,683,019
INFO	2018-05-27 22:51:26	MergeVcfs	Processed     4,650,000 records.  Elapsed time: 00:00:49s.  Time for last 10,000:    0s.  Last read position: 19:33,712,413
INFO	2018-05-27 22:51:26	MergeVcfs	Processed     4,660,000 records.  Elapsed time: 00:00:50s.  Time for last 10,000:    0s.  Last read position: 19:39,712,137
INFO	2018-05-27 22:51:26	MergeVcfs	Processed     4,670,000 records.  Elapsed time: 00:00:50s.  Time for last 10,000:    0s.  Last read position: 19:44,918,444
INFO	2018-05-27 22:51:27	MergeVcfs	Processed     4,680,000 records.  Elapsed time: 00:00:50s.  Time for last 10,000:    0s.  Last read position: 19:49,635,400
INFO	2018-05-27 22:51:27	MergeVcfs	Processed     4,690,000 records.  Elapsed time: 00:00:50s.  Time for last 10,000:    0s.  Last read position: 19:53,773,751
INFO	2018-05-27 22:51:27	MergeVcfs	Processed     4,700,000 records.  Elapsed time: 00:00:50s.  Time for last 10,000:    0s.  Last read position: 19:57,435,277
INFO	2018-05-27 22:51:27	MergeVcfs	Processed     4,710,000 records.  Elapsed time: 00:00:50s.  Time for last 10,000:    0s.  Last read position: 20:3,594,288
INFO	2018-05-27 22:51:27	MergeVcfs	Processed     4,720,000 records.  Elapsed time: 00:00:50s.  Time for last 10,000:    0s.  Last read position: 20:8,075,713
INFO	2018-05-27 22:51:27	MergeVcfs	Processed     4,730,000 records.  Elapsed time: 00:00:50s.  Time for last 10,000:    0s.  Last read position: 20:13,456,491
INFO	2018-05-27 22:51:27	MergeVcfs	Processed     4,740,000 records.  Elapsed time: 00:00:50s.  Time for last 10,000:    0s.  Last read position: 20:18,965,912
INFO	2018-05-27 22:51:27	MergeVcfs	Processed     4,750,000 records.  Elapsed time: 00:00:50s.  Time for last 10,000:    0s.  Last read position: 20:24,436,483
INFO	2018-05-27 22:51:27	MergeVcfs	Processed     4,760,000 records.  Elapsed time: 00:00:51s.  Time for last 10,000:    0s.  Last read position: 20:33,923,566
INFO	2018-05-27 22:51:27	MergeVcfs	Processed     4,770,000 records.  Elapsed time: 00:00:51s.  Time for last 10,000:    0s.  Last read position: 20:40,780,506
INFO	2018-05-27 22:51:28	MergeVcfs	Processed     4,780,000 records.  Elapsed time: 00:00:51s.  Time for last 10,000:    0s.  Last read position: 20:46,058,846
INFO	2018-05-27 22:51:28	MergeVcfs	Processed     4,790,000 records.  Elapsed time: 00:00:51s.  Time for last 10,000:    0s.  Last read position: 20:51,339,626
INFO	2018-05-27 22:51:28	MergeVcfs	Processed     4,800,000 records.  Elapsed time: 00:00:51s.  Time for last 10,000:    0s.  Last read position: 20:56,066,837
INFO	2018-05-27 22:51:28	MergeVcfs	Processed     4,810,000 records.  Elapsed time: 00:00:51s.  Time for last 10,000:    0s.  Last read position: 20:61,024,153
INFO	2018-05-27 22:51:28	MergeVcfs	Processed     4,820,000 records.  Elapsed time: 00:00:51s.  Time for last 10,000:    0s.  Last read position: 21:16,236,732
INFO	2018-05-27 22:51:28	MergeVcfs	Processed     4,830,000 records.  Elapsed time: 00:00:51s.  Time for last 10,000:    0s.  Last read position: 21:20,436,024
INFO	2018-05-27 22:51:28	MergeVcfs	Processed     4,840,000 records.  Elapsed time: 00:00:51s.  Time for last 10,000:    0s.  Last read position: 21:24,494,272
INFO	2018-05-27 22:51:28	MergeVcfs	Processed     4,850,000 records.  Elapsed time: 00:00:51s.  Time for last 10,000:    0s.  Last read position: 21:28,700,751
INFO	2018-05-27 22:51:28	MergeVcfs	Processed     4,860,000 records.  Elapsed time: 00:00:51s.  Time for last 10,000:    0s.  Last read position: 21:33,221,644
INFO	2018-05-27 22:51:28	MergeVcfs	Processed     4,870,000 records.  Elapsed time: 00:00:52s.  Time for last 10,000:    0s.  Last read position: 21:38,403,306
INFO	2018-05-27 22:51:29	MergeVcfs	Processed     4,880,000 records.  Elapsed time: 00:00:52s.  Time for last 10,000:    0s.  Last read position: 21:42,723,571
INFO	2018-05-27 22:51:29	MergeVcfs	Processed     4,890,000 records.  Elapsed time: 00:00:52s.  Time for last 10,000:    0s.  Last read position: 21:46,870,558
INFO	2018-05-27 22:51:29	MergeVcfs	Processed     4,900,000 records.  Elapsed time: 00:00:52s.  Time for last 10,000:    0s.  Last read position: 22:20,140,234
INFO	2018-05-27 22:51:29	MergeVcfs	Processed     4,910,000 records.  Elapsed time: 00:00:52s.  Time for last 10,000:    0s.  Last read position: 22:25,165,277
INFO	2018-05-27 22:51:29	MergeVcfs	Processed     4,920,000 records.  Elapsed time: 00:00:52s.  Time for last 10,000:    0s.  Last read position: 22:30,770,603
INFO	2018-05-27 22:51:29	MergeVcfs	Processed     4,930,000 records.  Elapsed time: 00:00:52s.  Time for last 10,000:    0s.  Last read position: 22:35,926,968
INFO	2018-05-27 22:51:29	MergeVcfs	Processed     4,940,000 records.  Elapsed time: 00:00:52s.  Time for last 10,000:    0s.  Last read position: 22:41,643,930
INFO	2018-05-27 22:51:29	MergeVcfs	Processed     4,950,000 records.  Elapsed time: 00:00:52s.  Time for last 10,000:    0s.  Last read position: 22:46,505,986
INFO	2018-05-27 22:51:29	MergeVcfs	Processed     4,960,000 records.  Elapsed time: 00:00:52s.  Time for last 10,000:    0s.  Last read position: 22:50,050,847
INFO	2018-05-27 22:51:29	MergeVcfs	Processed     4,970,000 records.  Elapsed time: 00:00:53s.  Time for last 10,000:    0s.  Last read position: X:1,998,056
INFO	2018-05-27 22:51:29	MergeVcfs	Processed     4,980,000 records.  Elapsed time: 00:00:53s.  Time for last 10,000:    0s.  Last read position: X:9,424,208
INFO	2018-05-27 22:51:30	MergeVcfs	Processed     4,990,000 records.  Elapsed time: 00:00:53s.  Time for last 10,000:    0s.  Last read position: X:21,743,998
INFO	2018-05-27 22:51:30	MergeVcfs	Processed     5,000,000 records.  Elapsed time: 00:00:53s.  Time for last 10,000:    0s.  Last read position: X:31,739,447
INFO	2018-05-27 22:51:30	MergeVcfs	Processed     5,010,000 records.  Elapsed time: 00:00:53s.  Time for last 10,000:    0s.  Last read position: X:43,478,268
INFO	2018-05-27 22:51:30	MergeVcfs	Processed     5,020,000 records.  Elapsed time: 00:00:53s.  Time for last 10,000:    0s.  Last read position: X:57,671,227
INFO	2018-05-27 22:51:30	MergeVcfs	Processed     5,030,000 records.  Elapsed time: 00:00:53s.  Time for last 10,000:    0s.  Last read position: X:75,487,300
INFO	2018-05-27 22:51:30	MergeVcfs	Processed     5,040,000 records.  Elapsed time: 00:00:53s.  Time for last 10,000:    0s.  Last read position: X:86,399,124
INFO	2018-05-27 22:51:30	MergeVcfs	Processed     5,050,000 records.  Elapsed time: 00:00:53s.  Time for last 10,000:    0s.  Last read position: X:95,757,627
INFO	2018-05-27 22:51:30	MergeVcfs	Processed     5,060,000 records.  Elapsed time: 00:00:53s.  Time for last 10,000:    0s.  Last read position: X:109,327,641
INFO	2018-05-27 22:51:30	MergeVcfs	Processed     5,070,000 records.  Elapsed time: 00:00:53s.  Time for last 10,000:    0s.  Last read position: X:119,715,749
INFO	2018-05-27 22:51:30	MergeVcfs	Processed     5,080,000 records.  Elapsed time: 00:00:54s.  Time for last 10,000:    0s.  Last read position: X:131,487,485
INFO	2018-05-27 22:51:30	MergeVcfs	Processed     5,090,000 records.  Elapsed time: 00:00:54s.  Time for last 10,000:    0s.  Last read position: X:144,318,536
[Sun May 27 22:51:31 UTC 2018] picard.vcf.MergeVcfs done. Elapsed time: 0.91 minutes.
Runtime.totalMemory()=329252864

Completed merging DDR control individual genotype VCF files from 1000 Genome Project
Sun 27 May 22:51:31 UTC 2018

Completed s01_select_NA18504_ddr_control_kgen.sh
Sun 27 May 22:51:31 UTC 2018

