Starting s01_sort_merge_HG00351_ddr_control_kgen.sh
Sun 27 May 09:33:09 UTC 2018


Sorting individual genotype VCF file (chromosome 4) from 1000 Genome Project
Sun 27 May 09:33:09 UTC 2018
09:33:09.779 INFO  NativeLibraryLoader - Loading libgkl_compression.so from jar:file:/home/ec2-user/tools/picard/picard.jar!/com/intel/gkl/native/libgkl_compression.so
[Sun May 27 09:33:09 UTC 2018] SortVcf INPUT=[/home/ec2-user/results/data_analysis/gt_individuals/kgen/ddr_control/HG00351/s01_HG00351_ddr_control_kgen_chr4_raw.vcf] OUTPUT=/home/ec2-user/results/data_analysis/gt_individuals/kgen/ddr_control/HG00351/s01_HG00351_ddr_control_kgen_chr4_raw_sorted.vcf    VERBOSITY=INFO QUIET=false VALIDATION_STRINGENCY=STRICT COMPRESSION_LEVEL=5 MAX_RECORDS_IN_RAM=500000 CREATE_INDEX=true CREATE_MD5_FILE=false GA4GH_CLIENT_SECRETS=client_secrets.json USE_JDK_DEFLATER=false USE_JDK_INFLATER=false
[Sun May 27 09:33:09 UTC 2018] Executing as ec2-user@ip-172-31-42-132 on Linux 4.14.33-51.37.amzn1.x86_64 amd64; OpenJDK 64-Bit Server VM 1.8.0_171-b10; Deflater: Intel; Inflater: Intel; Provider GCS is not available; Picard version: 2.18.2-SNAPSHOT
INFO	2018-05-27 09:33:09	SortVcf	Reading entries from input file 1
INFO	2018-05-27 09:33:10	SortVcf	read        25,000 records.  Elapsed time: 00:00:00s.  Time for last 25,000:    0s.  Last read position: 4:12,726,289
INFO	2018-05-27 09:33:11	SortVcf	read        50,000 records.  Elapsed time: 00:00:01s.  Time for last 25,000:    0s.  Last read position: 4:28,923,977
INFO	2018-05-27 09:33:11	SortVcf	read        75,000 records.  Elapsed time: 00:00:01s.  Time for last 25,000:    0s.  Last read position: 4:44,572,028
INFO	2018-05-27 09:33:11	SortVcf	read       100,000 records.  Elapsed time: 00:00:02s.  Time for last 25,000:    0s.  Last read position: 4:62,066,219
INFO	2018-05-27 09:33:12	SortVcf	read       125,000 records.  Elapsed time: 00:00:02s.  Time for last 25,000:    0s.  Last read position: 4:76,331,101
INFO	2018-05-27 09:33:14	SortVcf	read       150,000 records.  Elapsed time: 00:00:04s.  Time for last 25,000:    1s.  Last read position: 4:94,720,705
INFO	2018-05-27 09:33:14	SortVcf	read       175,000 records.  Elapsed time: 00:00:04s.  Time for last 25,000:    0s.  Last read position: 4:112,102,364
INFO	2018-05-27 09:33:14	SortVcf	read       200,000 records.  Elapsed time: 00:00:04s.  Time for last 25,000:    0s.  Last read position: 4:127,814,008
INFO	2018-05-27 09:33:15	SortVcf	read       225,000 records.  Elapsed time: 00:00:05s.  Time for last 25,000:    0s.  Last read position: 4:144,191,968
INFO	2018-05-27 09:33:15	SortVcf	read       250,000 records.  Elapsed time: 00:00:05s.  Time for last 25,000:    0s.  Last read position: 4:160,897,494
INFO	2018-05-27 09:33:18	SortVcf	read       275,000 records.  Elapsed time: 00:00:08s.  Time for last 25,000:    2s.  Last read position: 4:174,741,209
INFO	2018-05-27 09:33:18	SortVcf	read       300,000 records.  Elapsed time: 00:00:08s.  Time for last 25,000:    0s.  Last read position: 4:187,103,173
INFO	2018-05-27 09:33:19	SortVcf	wrote        25,000 records.  Elapsed time: 00:00:00s.  Time for last 25,000:    0s.  Last read position: 4:12,726,289
INFO	2018-05-27 09:33:22	SortVcf	wrote        50,000 records.  Elapsed time: 00:00:03s.  Time for last 25,000:    3s.  Last read position: 4:28,923,977
INFO	2018-05-27 09:33:23	SortVcf	wrote        75,000 records.  Elapsed time: 00:00:04s.  Time for last 25,000:    0s.  Last read position: 4:44,572,028
INFO	2018-05-27 09:33:23	SortVcf	wrote       100,000 records.  Elapsed time: 00:00:04s.  Time for last 25,000:    0s.  Last read position: 4:62,066,219
INFO	2018-05-27 09:33:23	SortVcf	wrote       125,000 records.  Elapsed time: 00:00:05s.  Time for last 25,000:    0s.  Last read position: 4:76,331,101
INFO	2018-05-27 09:33:24	SortVcf	wrote       150,000 records.  Elapsed time: 00:00:05s.  Time for last 25,000:    0s.  Last read position: 4:94,720,705
INFO	2018-05-27 09:33:24	SortVcf	wrote       175,000 records.  Elapsed time: 00:00:05s.  Time for last 25,000:    0s.  Last read position: 4:112,102,364
INFO	2018-05-27 09:33:25	SortVcf	wrote       200,000 records.  Elapsed time: 00:00:06s.  Time for last 25,000:    0s.  Last read position: 4:127,814,008
INFO	2018-05-27 09:33:25	SortVcf	wrote       225,000 records.  Elapsed time: 00:00:06s.  Time for last 25,000:    0s.  Last read position: 4:144,191,968
INFO	2018-05-27 09:33:25	SortVcf	wrote       250,000 records.  Elapsed time: 00:00:06s.  Time for last 25,000:    0s.  Last read position: 4:160,897,494
INFO	2018-05-27 09:33:25	SortVcf	wrote       275,000 records.  Elapsed time: 00:00:06s.  Time for last 25,000:    0s.  Last read position: 4:174,741,209
INFO	2018-05-27 09:33:25	SortVcf	wrote       300,000 records.  Elapsed time: 00:00:07s.  Time for last 25,000:    0s.  Last read position: 4:187,103,173
[Sun May 27 09:33:25 UTC 2018] picard.vcf.SortVcf done. Elapsed time: 0.27 minutes.
Runtime.totalMemory()=1363673088

Merging DDR control individual genotype VCF files (including sorted chromosome 4) from 1000 Genome Project
Sun 27 May 09:33:25 UTC 2018
09:33:26.610 INFO  NativeLibraryLoader - Loading libgkl_compression.so from jar:file:/home/ec2-user/tools/picard/picard.jar!/com/intel/gkl/native/libgkl_compression.so
[Sun May 27 09:33:26 UTC 2018] MergeVcfs INPUT=[/home/ec2-user/results/data_analysis/gt_individuals/kgen/ddr_control/HG00351/s01_HG00351_ddr_control_kgen_chr1_raw.vcf, /home/ec2-user/results/data_analysis/gt_individuals/kgen/ddr_control/HG00351/s01_HG00351_ddr_control_kgen_chr2_raw.vcf, /home/ec2-user/results/data_analysis/gt_individuals/kgen/ddr_control/HG00351/s01_HG00351_ddr_control_kgen_chr3_raw.vcf, /home/ec2-user/results/data_analysis/gt_individuals/kgen/ddr_control/HG00351/s01_HG00351_ddr_control_kgen_chr4_raw_sorted.vcf, /home/ec2-user/results/data_analysis/gt_individuals/kgen/ddr_control/HG00351/s01_HG00351_ddr_control_kgen_chr5_raw.vcf, /home/ec2-user/results/data_analysis/gt_individuals/kgen/ddr_control/HG00351/s01_HG00351_ddr_control_kgen_chr6_raw.vcf, /home/ec2-user/results/data_analysis/gt_individuals/kgen/ddr_control/HG00351/s01_HG00351_ddr_control_kgen_chr7_raw.vcf, /home/ec2-user/results/data_analysis/gt_individuals/kgen/ddr_control/HG00351/s01_HG00351_ddr_control_kgen_chr8_raw.vcf, /home/ec2-user/results/data_analysis/gt_individuals/kgen/ddr_control/HG00351/s01_HG00351_ddr_control_kgen_chr9_raw.vcf, /home/ec2-user/results/data_analysis/gt_individuals/kgen/ddr_control/HG00351/s01_HG00351_ddr_control_kgen_chr10_raw.vcf, /home/ec2-user/results/data_analysis/gt_individuals/kgen/ddr_control/HG00351/s01_HG00351_ddr_control_kgen_chr11_raw.vcf, /home/ec2-user/results/data_analysis/gt_individuals/kgen/ddr_control/HG00351/s01_HG00351_ddr_control_kgen_chr12_raw.vcf, /home/ec2-user/results/data_analysis/gt_individuals/kgen/ddr_control/HG00351/s01_HG00351_ddr_control_kgen_chr13_raw.vcf, /home/ec2-user/results/data_analysis/gt_individuals/kgen/ddr_control/HG00351/s01_HG00351_ddr_control_kgen_chr14_raw.vcf, /home/ec2-user/results/data_analysis/gt_individuals/kgen/ddr_control/HG00351/s01_HG00351_ddr_control_kgen_chr15_raw.vcf, /home/ec2-user/results/data_analysis/gt_individuals/kgen/ddr_control/HG00351/s01_HG00351_ddr_control_kgen_chr16_raw.vcf, /home/ec2-user/results/data_analysis/gt_individuals/kgen/ddr_control/HG00351/s01_HG00351_ddr_control_kgen_chr17_raw.vcf, /home/ec2-user/results/data_analysis/gt_individuals/kgen/ddr_control/HG00351/s01_HG00351_ddr_control_kgen_chr18_raw.vcf, /home/ec2-user/results/data_analysis/gt_individuals/kgen/ddr_control/HG00351/s01_HG00351_ddr_control_kgen_chr19_raw.vcf, /home/ec2-user/results/data_analysis/gt_individuals/kgen/ddr_control/HG00351/s01_HG00351_ddr_control_kgen_chr20_raw.vcf, /home/ec2-user/results/data_analysis/gt_individuals/kgen/ddr_control/HG00351/s01_HG00351_ddr_control_kgen_chr21_raw.vcf, /home/ec2-user/results/data_analysis/gt_individuals/kgen/ddr_control/HG00351/s01_HG00351_ddr_control_kgen_chr22_raw.vcf, /home/ec2-user/results/data_analysis/gt_individuals/kgen/ddr_control/HG00351/s01_HG00351_ddr_control_kgen_chrX_raw.vcf] OUTPUT=/home/ec2-user/results/data_analysis/gt_individuals/kgen/ddr_control/HG00351/s01_HG00351_ddr_control_kgen_merged_raw.vcf.gz    VERBOSITY=INFO QUIET=false VALIDATION_STRINGENCY=STRICT COMPRESSION_LEVEL=5 MAX_RECORDS_IN_RAM=500000 CREATE_INDEX=true CREATE_MD5_FILE=false GA4GH_CLIENT_SECRETS=client_secrets.json USE_JDK_DEFLATER=false USE_JDK_INFLATER=false
[Sun May 27 09:33:26 UTC 2018] Executing as ec2-user@ip-172-31-42-132 on Linux 4.14.33-51.37.amzn1.x86_64 amd64; OpenJDK 64-Bit Server VM 1.8.0_171-b10; Deflater: Intel; Inflater: Intel; Provider GCS is not available; Picard version: 2.18.2-SNAPSHOT
INFO	2018-05-27 09:33:27	MergeVcfs	Processed        10,000 records.  Elapsed time: 00:00:01s.  Time for last 10,000:    0s.  Last read position: 1:6,077,903
INFO	2018-05-27 09:33:28	MergeVcfs	Processed        20,000 records.  Elapsed time: 00:00:01s.  Time for last 10,000:    0s.  Last read position: 1:14,031,732
INFO	2018-05-27 09:33:28	MergeVcfs	Processed        30,000 records.  Elapsed time: 00:00:01s.  Time for last 10,000:    0s.  Last read position: 1:19,588,562
INFO	2018-05-27 09:33:28	MergeVcfs	Processed        40,000 records.  Elapsed time: 00:00:02s.  Time for last 10,000:    0s.  Last read position: 1:26,122,979
INFO	2018-05-27 09:33:29	MergeVcfs	Processed        50,000 records.  Elapsed time: 00:00:02s.  Time for last 10,000:    0s.  Last read position: 1:34,363,480
INFO	2018-05-27 09:33:29	MergeVcfs	Processed        60,000 records.  Elapsed time: 00:00:02s.  Time for last 10,000:    0s.  Last read position: 1:42,272,924
INFO	2018-05-27 09:33:29	MergeVcfs	Processed        70,000 records.  Elapsed time: 00:00:02s.  Time for last 10,000:    0s.  Last read position: 1:50,991,473
INFO	2018-05-27 09:33:29	MergeVcfs	Processed        80,000 records.  Elapsed time: 00:00:03s.  Time for last 10,000:    0s.  Last read position: 1:59,283,116
INFO	2018-05-27 09:33:29	MergeVcfs	Processed        90,000 records.  Elapsed time: 00:00:03s.  Time for last 10,000:    0s.  Last read position: 1:66,385,385
INFO	2018-05-27 09:33:30	MergeVcfs	Processed       100,000 records.  Elapsed time: 00:00:03s.  Time for last 10,000:    0s.  Last read position: 1:73,498,942
INFO	2018-05-27 09:33:30	MergeVcfs	Processed       110,000 records.  Elapsed time: 00:00:03s.  Time for last 10,000:    0s.  Last read position: 1:80,398,050
INFO	2018-05-27 09:33:30	MergeVcfs	Processed       120,000 records.  Elapsed time: 00:00:04s.  Time for last 10,000:    0s.  Last read position: 1:86,992,947
INFO	2018-05-27 09:33:30	MergeVcfs	Processed       130,000 records.  Elapsed time: 00:00:04s.  Time for last 10,000:    0s.  Last read position: 1:94,625,216
INFO	2018-05-27 09:33:31	MergeVcfs	Processed       140,000 records.  Elapsed time: 00:00:04s.  Time for last 10,000:    0s.  Last read position: 1:101,227,396
INFO	2018-05-27 09:33:31	MergeVcfs	Processed       150,000 records.  Elapsed time: 00:00:04s.  Time for last 10,000:    0s.  Last read position: 1:107,283,700
INFO	2018-05-27 09:33:31	MergeVcfs	Processed       160,000 records.  Elapsed time: 00:00:04s.  Time for last 10,000:    0s.  Last read position: 1:113,828,093
INFO	2018-05-27 09:33:31	MergeVcfs	Processed       170,000 records.  Elapsed time: 00:00:05s.  Time for last 10,000:    0s.  Last read position: 1:143,289,549
INFO	2018-05-27 09:33:32	MergeVcfs	Processed       180,000 records.  Elapsed time: 00:00:05s.  Time for last 10,000:    0s.  Last read position: 1:154,409,730
INFO	2018-05-27 09:33:32	MergeVcfs	Processed       190,000 records.  Elapsed time: 00:00:05s.  Time for last 10,000:    0s.  Last read position: 1:161,178,684
INFO	2018-05-27 09:33:32	MergeVcfs	Processed       200,000 records.  Elapsed time: 00:00:05s.  Time for last 10,000:    0s.  Last read position: 1:167,222,613
INFO	2018-05-27 09:33:32	MergeVcfs	Processed       210,000 records.  Elapsed time: 00:00:06s.  Time for last 10,000:    0s.  Last read position: 1:174,719,050
INFO	2018-05-27 09:33:33	MergeVcfs	Processed       220,000 records.  Elapsed time: 00:00:06s.  Time for last 10,000:    0s.  Last read position: 1:182,255,077
INFO	2018-05-27 09:33:33	MergeVcfs	Processed       230,000 records.  Elapsed time: 00:00:06s.  Time for last 10,000:    0s.  Last read position: 1:189,033,988
INFO	2018-05-27 09:33:33	MergeVcfs	Processed       240,000 records.  Elapsed time: 00:00:06s.  Time for last 10,000:    0s.  Last read position: 1:195,285,157
INFO	2018-05-27 09:33:33	MergeVcfs	Processed       250,000 records.  Elapsed time: 00:00:06s.  Time for last 10,000:    0s.  Last read position: 1:202,378,454
INFO	2018-05-27 09:33:33	MergeVcfs	Processed       260,000 records.  Elapsed time: 00:00:07s.  Time for last 10,000:    0s.  Last read position: 1:210,128,127
INFO	2018-05-27 09:33:33	MergeVcfs	Processed       270,000 records.  Elapsed time: 00:00:07s.  Time for last 10,000:    0s.  Last read position: 1:217,446,673
INFO	2018-05-27 09:33:34	MergeVcfs	Processed       280,000 records.  Elapsed time: 00:00:07s.  Time for last 10,000:    0s.  Last read position: 1:224,306,917
INFO	2018-05-27 09:33:34	MergeVcfs	Processed       290,000 records.  Elapsed time: 00:00:07s.  Time for last 10,000:    0s.  Last read position: 1:231,746,950
INFO	2018-05-27 09:33:34	MergeVcfs	Processed       300,000 records.  Elapsed time: 00:00:07s.  Time for last 10,000:    0s.  Last read position: 1:237,429,597
INFO	2018-05-27 09:33:34	MergeVcfs	Processed       310,000 records.  Elapsed time: 00:00:08s.  Time for last 10,000:    0s.  Last read position: 1:242,655,943
INFO	2018-05-27 09:33:34	MergeVcfs	Processed       320,000 records.  Elapsed time: 00:00:08s.  Time for last 10,000:    0s.  Last read position: 1:248,456,876
INFO	2018-05-27 09:33:35	MergeVcfs	Processed       330,000 records.  Elapsed time: 00:00:08s.  Time for last 10,000:    0s.  Last read position: 2:4,542,488
INFO	2018-05-27 09:33:35	MergeVcfs	Processed       340,000 records.  Elapsed time: 00:00:08s.  Time for last 10,000:    0s.  Last read position: 2:10,385,064
INFO	2018-05-27 09:33:35	MergeVcfs	Processed       350,000 records.  Elapsed time: 00:00:08s.  Time for last 10,000:    0s.  Last read position: 2:16,630,784
INFO	2018-05-27 09:33:35	MergeVcfs	Processed       360,000 records.  Elapsed time: 00:00:09s.  Time for last 10,000:    0s.  Last read position: 2:23,829,145
INFO	2018-05-27 09:33:35	MergeVcfs	Processed       370,000 records.  Elapsed time: 00:00:09s.  Time for last 10,000:    0s.  Last read position: 2:30,221,978
INFO	2018-05-27 09:33:36	MergeVcfs	Processed       380,000 records.  Elapsed time: 00:00:09s.  Time for last 10,000:    0s.  Last read position: 2:35,367,926
INFO	2018-05-27 09:33:36	MergeVcfs	Processed       390,000 records.  Elapsed time: 00:00:09s.  Time for last 10,000:    0s.  Last read position: 2:41,307,532
INFO	2018-05-27 09:33:36	MergeVcfs	Processed       400,000 records.  Elapsed time: 00:00:09s.  Time for last 10,000:    0s.  Last read position: 2:46,953,763
INFO	2018-05-27 09:33:36	MergeVcfs	Processed       410,000 records.  Elapsed time: 00:00:10s.  Time for last 10,000:    0s.  Last read position: 2:53,527,369
INFO	2018-05-27 09:33:36	MergeVcfs	Processed       420,000 records.  Elapsed time: 00:00:10s.  Time for last 10,000:    0s.  Last read position: 2:59,890,145
INFO	2018-05-27 09:33:37	MergeVcfs	Processed       430,000 records.  Elapsed time: 00:00:10s.  Time for last 10,000:    0s.  Last read position: 2:68,103,789
INFO	2018-05-27 09:33:37	MergeVcfs	Processed       440,000 records.  Elapsed time: 00:00:10s.  Time for last 10,000:    0s.  Last read position: 2:76,340,107
INFO	2018-05-27 09:33:37	MergeVcfs	Processed       450,000 records.  Elapsed time: 00:00:10s.  Time for last 10,000:    0s.  Last read position: 2:83,199,548
INFO	2018-05-27 09:33:37	MergeVcfs	Processed       460,000 records.  Elapsed time: 00:00:11s.  Time for last 10,000:    0s.  Last read position: 2:97,974,342
INFO	2018-05-27 09:33:37	MergeVcfs	Processed       470,000 records.  Elapsed time: 00:00:11s.  Time for last 10,000:    0s.  Last read position: 2:106,083,368
INFO	2018-05-27 09:33:37	MergeVcfs	Processed       480,000 records.  Elapsed time: 00:00:11s.  Time for last 10,000:    0s.  Last read position: 2:114,031,821
INFO	2018-05-27 09:33:38	MergeVcfs	Processed       490,000 records.  Elapsed time: 00:00:11s.  Time for last 10,000:    0s.  Last read position: 2:121,215,700
INFO	2018-05-27 09:33:38	MergeVcfs	Processed       500,000 records.  Elapsed time: 00:00:11s.  Time for last 10,000:    0s.  Last read position: 2:127,828,941
INFO	2018-05-27 09:33:38	MergeVcfs	Processed       510,000 records.  Elapsed time: 00:00:11s.  Time for last 10,000:    0s.  Last read position: 2:135,040,432
INFO	2018-05-27 09:33:38	MergeVcfs	Processed       520,000 records.  Elapsed time: 00:00:11s.  Time for last 10,000:    0s.  Last read position: 2:142,033,793
INFO	2018-05-27 09:33:38	MergeVcfs	Processed       530,000 records.  Elapsed time: 00:00:11s.  Time for last 10,000:    0s.  Last read position: 2:150,883,883
INFO	2018-05-27 09:33:38	MergeVcfs	Processed       540,000 records.  Elapsed time: 00:00:11s.  Time for last 10,000:    0s.  Last read position: 2:159,105,101
INFO	2018-05-27 09:33:38	MergeVcfs	Processed       550,000 records.  Elapsed time: 00:00:11s.  Time for last 10,000:    0s.  Last read position: 2:166,577,489
INFO	2018-05-27 09:33:38	MergeVcfs	Processed       560,000 records.  Elapsed time: 00:00:12s.  Time for last 10,000:    0s.  Last read position: 2:172,643,837
INFO	2018-05-27 09:33:38	MergeVcfs	Processed       570,000 records.  Elapsed time: 00:00:12s.  Time for last 10,000:    0s.  Last read position: 2:179,755,283
INFO	2018-05-27 09:33:38	MergeVcfs	Processed       580,000 records.  Elapsed time: 00:00:12s.  Time for last 10,000:    0s.  Last read position: 2:186,499,320
INFO	2018-05-27 09:33:39	MergeVcfs	Processed       590,000 records.  Elapsed time: 00:00:12s.  Time for last 10,000:    0s.  Last read position: 2:193,214,153
INFO	2018-05-27 09:33:39	MergeVcfs	Processed       600,000 records.  Elapsed time: 00:00:12s.  Time for last 10,000:    0s.  Last read position: 2:201,347,929
INFO	2018-05-27 09:33:39	MergeVcfs	Processed       610,000 records.  Elapsed time: 00:00:12s.  Time for last 10,000:    0s.  Last read position: 2:208,974,919
INFO	2018-05-27 09:33:39	MergeVcfs	Processed       620,000 records.  Elapsed time: 00:00:12s.  Time for last 10,000:    0s.  Last read position: 2:215,522,308
INFO	2018-05-27 09:33:39	MergeVcfs	Processed       630,000 records.  Elapsed time: 00:00:12s.  Time for last 10,000:    0s.  Last read position: 2:221,868,801
INFO	2018-05-27 09:33:39	MergeVcfs	Processed       640,000 records.  Elapsed time: 00:00:12s.  Time for last 10,000:    0s.  Last read position: 2:228,507,623
INFO	2018-05-27 09:33:39	MergeVcfs	Processed       650,000 records.  Elapsed time: 00:00:12s.  Time for last 10,000:    0s.  Last read position: 2:235,271,994
INFO	2018-05-27 09:33:39	MergeVcfs	Processed       660,000 records.  Elapsed time: 00:00:13s.  Time for last 10,000:    0s.  Last read position: 2:241,529,215
INFO	2018-05-27 09:33:39	MergeVcfs	Processed       670,000 records.  Elapsed time: 00:00:13s.  Time for last 10,000:    0s.  Last read position: 3:2,962,493
INFO	2018-05-27 09:33:39	MergeVcfs	Processed       680,000 records.  Elapsed time: 00:00:13s.  Time for last 10,000:    0s.  Last read position: 3:7,350,426
INFO	2018-05-27 09:33:40	MergeVcfs	Processed       690,000 records.  Elapsed time: 00:00:13s.  Time for last 10,000:    0s.  Last read position: 3:13,584,469
INFO	2018-05-27 09:33:40	MergeVcfs	Processed       700,000 records.  Elapsed time: 00:00:13s.  Time for last 10,000:    0s.  Last read position: 3:21,063,919
INFO	2018-05-27 09:33:40	MergeVcfs	Processed       710,000 records.  Elapsed time: 00:00:13s.  Time for last 10,000:    0s.  Last read position: 3:26,690,961
INFO	2018-05-27 09:33:40	MergeVcfs	Processed       720,000 records.  Elapsed time: 00:00:13s.  Time for last 10,000:    0s.  Last read position: 3:33,519,487
INFO	2018-05-27 09:33:40	MergeVcfs	Processed       730,000 records.  Elapsed time: 00:00:13s.  Time for last 10,000:    0s.  Last read position: 3:41,309,285
INFO	2018-05-27 09:33:40	MergeVcfs	Processed       740,000 records.  Elapsed time: 00:00:13s.  Time for last 10,000:    0s.  Last read position: 3:48,215,253
INFO	2018-05-27 09:33:40	MergeVcfs	Processed       750,000 records.  Elapsed time: 00:00:14s.  Time for last 10,000:    0s.  Last read position: 3:56,920,909
INFO	2018-05-27 09:33:40	MergeVcfs	Processed       760,000 records.  Elapsed time: 00:00:14s.  Time for last 10,000:    0s.  Last read position: 3:63,178,517
INFO	2018-05-27 09:33:40	MergeVcfs	Processed       770,000 records.  Elapsed time: 00:00:14s.  Time for last 10,000:    0s.  Last read position: 3:69,353,858
INFO	2018-05-27 09:33:40	MergeVcfs	Processed       780,000 records.  Elapsed time: 00:00:14s.  Time for last 10,000:    0s.  Last read position: 3:75,610,138
INFO	2018-05-27 09:33:41	MergeVcfs	Processed       790,000 records.  Elapsed time: 00:00:14s.  Time for last 10,000:    0s.  Last read position: 3:82,409,649
INFO	2018-05-27 09:33:41	MergeVcfs	Processed       800,000 records.  Elapsed time: 00:00:14s.  Time for last 10,000:    0s.  Last read position: 3:88,760,225
INFO	2018-05-27 09:33:41	MergeVcfs	Processed       810,000 records.  Elapsed time: 00:00:14s.  Time for last 10,000:    0s.  Last read position: 3:98,393,085
INFO	2018-05-27 09:33:41	MergeVcfs	Processed       820,000 records.  Elapsed time: 00:00:14s.  Time for last 10,000:    0s.  Last read position: 3:104,240,637
INFO	2018-05-27 09:33:41	MergeVcfs	Processed       830,000 records.  Elapsed time: 00:00:14s.  Time for last 10,000:    0s.  Last read position: 3:110,265,222
INFO	2018-05-27 09:33:41	MergeVcfs	Processed       840,000 records.  Elapsed time: 00:00:14s.  Time for last 10,000:    0s.  Last read position: 3:117,081,439
INFO	2018-05-27 09:33:41	MergeVcfs	Processed       850,000 records.  Elapsed time: 00:00:15s.  Time for last 10,000:    0s.  Last read position: 3:124,311,590
INFO	2018-05-27 09:33:41	MergeVcfs	Processed       860,000 records.  Elapsed time: 00:00:15s.  Time for last 10,000:    0s.  Last read position: 3:131,648,437
INFO	2018-05-27 09:33:41	MergeVcfs	Processed       870,000 records.  Elapsed time: 00:00:15s.  Time for last 10,000:    0s.  Last read position: 3:138,675,332
INFO	2018-05-27 09:33:41	MergeVcfs	Processed       880,000 records.  Elapsed time: 00:00:15s.  Time for last 10,000:    0s.  Last read position: 3:145,587,392
INFO	2018-05-27 09:33:42	MergeVcfs	Processed       890,000 records.  Elapsed time: 00:00:15s.  Time for last 10,000:    0s.  Last read position: 3:152,833,338
INFO	2018-05-27 09:33:42	MergeVcfs	Processed       900,000 records.  Elapsed time: 00:00:15s.  Time for last 10,000:    0s.  Last read position: 3:159,228,221
INFO	2018-05-27 09:33:42	MergeVcfs	Processed       910,000 records.  Elapsed time: 00:00:15s.  Time for last 10,000:    0s.  Last read position: 3:166,362,314
INFO	2018-05-27 09:33:42	MergeVcfs	Processed       920,000 records.  Elapsed time: 00:00:15s.  Time for last 10,000:    0s.  Last read position: 3:173,589,861
INFO	2018-05-27 09:33:42	MergeVcfs	Processed       930,000 records.  Elapsed time: 00:00:15s.  Time for last 10,000:    0s.  Last read position: 3:181,691,234
INFO	2018-05-27 09:33:42	MergeVcfs	Processed       940,000 records.  Elapsed time: 00:00:15s.  Time for last 10,000:    0s.  Last read position: 3:189,258,558
INFO	2018-05-27 09:33:42	MergeVcfs	Processed       950,000 records.  Elapsed time: 00:00:16s.  Time for last 10,000:    0s.  Last read position: 3:194,775,726
INFO	2018-05-27 09:33:42	MergeVcfs	Processed       960,000 records.  Elapsed time: 00:00:16s.  Time for last 10,000:    0s.  Last read position: 4:3,589,893
INFO	2018-05-27 09:33:42	MergeVcfs	Processed       970,000 records.  Elapsed time: 00:00:16s.  Time for last 10,000:    0s.  Last read position: 4:7,909,793
INFO	2018-05-27 09:33:42	MergeVcfs	Processed       980,000 records.  Elapsed time: 00:00:16s.  Time for last 10,000:    0s.  Last read position: 4:12,595,467
INFO	2018-05-27 09:33:43	MergeVcfs	Processed       990,000 records.  Elapsed time: 00:00:16s.  Time for last 10,000:    0s.  Last read position: 4:18,874,319
INFO	2018-05-27 09:33:43	MergeVcfs	Processed     1,000,000 records.  Elapsed time: 00:00:16s.  Time for last 10,000:    0s.  Last read position: 4:25,584,047
INFO	2018-05-27 09:33:43	MergeVcfs	Processed     1,010,000 records.  Elapsed time: 00:00:16s.  Time for last 10,000:    0s.  Last read position: 4:31,839,786
INFO	2018-05-27 09:33:43	MergeVcfs	Processed     1,020,000 records.  Elapsed time: 00:00:16s.  Time for last 10,000:    0s.  Last read position: 4:37,901,153
INFO	2018-05-27 09:33:43	MergeVcfs	Processed     1,030,000 records.  Elapsed time: 00:00:16s.  Time for last 10,000:    0s.  Last read position: 4:44,499,535
INFO	2018-05-27 09:33:43	MergeVcfs	Processed     1,040,000 records.  Elapsed time: 00:00:16s.  Time for last 10,000:    0s.  Last read position: 4:54,325,990
INFO	2018-05-27 09:33:43	MergeVcfs	Processed     1,050,000 records.  Elapsed time: 00:00:16s.  Time for last 10,000:    0s.  Last read position: 4:59,696,151
INFO	2018-05-27 09:33:43	MergeVcfs	Processed     1,060,000 records.  Elapsed time: 00:00:17s.  Time for last 10,000:    0s.  Last read position: 4:64,666,091
INFO	2018-05-27 09:33:43	MergeVcfs	Processed     1,070,000 records.  Elapsed time: 00:00:17s.  Time for last 10,000:    0s.  Last read position: 4:69,937,046
INFO	2018-05-27 09:33:43	MergeVcfs	Processed     1,080,000 records.  Elapsed time: 00:00:17s.  Time for last 10,000:    0s.  Last read position: 4:76,275,837
INFO	2018-05-27 09:33:43	MergeVcfs	Processed     1,090,000 records.  Elapsed time: 00:00:17s.  Time for last 10,000:    0s.  Last read position: 4:83,017,139
INFO	2018-05-27 09:33:44	MergeVcfs	Processed     1,100,000 records.  Elapsed time: 00:00:17s.  Time for last 10,000:    0s.  Last read position: 4:90,266,958
INFO	2018-05-27 09:33:44	MergeVcfs	Processed     1,110,000 records.  Elapsed time: 00:00:17s.  Time for last 10,000:    0s.  Last read position: 4:97,584,502
INFO	2018-05-27 09:33:44	MergeVcfs	Processed     1,120,000 records.  Elapsed time: 00:00:17s.  Time for last 10,000:    0s.  Last read position: 4:104,259,512
INFO	2018-05-27 09:33:44	MergeVcfs	Processed     1,130,000 records.  Elapsed time: 00:00:17s.  Time for last 10,000:    0s.  Last read position: 4:111,996,167
INFO	2018-05-27 09:33:44	MergeVcfs	Processed     1,140,000 records.  Elapsed time: 00:00:17s.  Time for last 10,000:    0s.  Last read position: 4:118,286,491
INFO	2018-05-27 09:33:44	MergeVcfs	Processed     1,150,000 records.  Elapsed time: 00:00:17s.  Time for last 10,000:    0s.  Last read position: 4:124,645,120
INFO	2018-05-27 09:33:44	MergeVcfs	Processed     1,160,000 records.  Elapsed time: 00:00:18s.  Time for last 10,000:    0s.  Last read position: 4:131,846,595
INFO	2018-05-27 09:33:44	MergeVcfs	Processed     1,170,000 records.  Elapsed time: 00:00:18s.  Time for last 10,000:    0s.  Last read position: 4:137,941,323
INFO	2018-05-27 09:33:44	MergeVcfs	Processed     1,180,000 records.  Elapsed time: 00:00:18s.  Time for last 10,000:    0s.  Last read position: 4:144,068,319
INFO	2018-05-27 09:33:44	MergeVcfs	Processed     1,190,000 records.  Elapsed time: 00:00:18s.  Time for last 10,000:    0s.  Last read position: 4:151,310,522
INFO	2018-05-27 09:33:45	MergeVcfs	Processed     1,200,000 records.  Elapsed time: 00:00:18s.  Time for last 10,000:    0s.  Last read position: 4:157,836,033
INFO	2018-05-27 09:33:45	MergeVcfs	Processed     1,210,000 records.  Elapsed time: 00:00:18s.  Time for last 10,000:    0s.  Last read position: 4:163,271,125
INFO	2018-05-27 09:33:45	MergeVcfs	Processed     1,220,000 records.  Elapsed time: 00:00:18s.  Time for last 10,000:    0s.  Last read position: 4:168,846,612
INFO	2018-05-27 09:33:45	MergeVcfs	Processed     1,230,000 records.  Elapsed time: 00:00:18s.  Time for last 10,000:    0s.  Last read position: 4:174,558,076
INFO	2018-05-27 09:33:45	MergeVcfs	Processed     1,240,000 records.  Elapsed time: 00:00:18s.  Time for last 10,000:    0s.  Last read position: 4:179,917,392
INFO	2018-05-27 09:33:45	MergeVcfs	Processed     1,250,000 records.  Elapsed time: 00:00:18s.  Time for last 10,000:    0s.  Last read position: 4:184,621,325
INFO	2018-05-27 09:33:45	MergeVcfs	Processed     1,260,000 records.  Elapsed time: 00:00:18s.  Time for last 10,000:    0s.  Last read position: 4:189,240,980
INFO	2018-05-27 09:33:45	MergeVcfs	Processed     1,270,000 records.  Elapsed time: 00:00:19s.  Time for last 10,000:    0s.  Last read position: 5:2,609,437
INFO	2018-05-27 09:33:45	MergeVcfs	Processed     1,280,000 records.  Elapsed time: 00:00:19s.  Time for last 10,000:    0s.  Last read position: 5:7,329,298
INFO	2018-05-27 09:33:45	MergeVcfs	Processed     1,290,000 records.  Elapsed time: 00:00:19s.  Time for last 10,000:    0s.  Last read position: 5:13,327,256
INFO	2018-05-27 09:33:45	MergeVcfs	Processed     1,300,000 records.  Elapsed time: 00:00:19s.  Time for last 10,000:    0s.  Last read position: 5:19,520,932
INFO	2018-05-27 09:33:46	MergeVcfs	Processed     1,310,000 records.  Elapsed time: 00:00:19s.  Time for last 10,000:    0s.  Last read position: 5:25,961,729
INFO	2018-05-27 09:33:46	MergeVcfs	Processed     1,320,000 records.  Elapsed time: 00:00:19s.  Time for last 10,000:    0s.  Last read position: 5:31,399,957
INFO	2018-05-27 09:33:46	MergeVcfs	Processed     1,330,000 records.  Elapsed time: 00:00:19s.  Time for last 10,000:    0s.  Last read position: 5:37,901,278
INFO	2018-05-27 09:33:46	MergeVcfs	Processed     1,340,000 records.  Elapsed time: 00:00:19s.  Time for last 10,000:    0s.  Last read position: 5:45,772,322
INFO	2018-05-27 09:33:46	MergeVcfs	Processed     1,350,000 records.  Elapsed time: 00:00:19s.  Time for last 10,000:    0s.  Last read position: 5:54,946,996
INFO	2018-05-27 09:33:46	MergeVcfs	Processed     1,360,000 records.  Elapsed time: 00:00:19s.  Time for last 10,000:    0s.  Last read position: 5:62,386,097
INFO	2018-05-27 09:33:46	MergeVcfs	Processed     1,370,000 records.  Elapsed time: 00:00:20s.  Time for last 10,000:    0s.  Last read position: 5:72,558,124
INFO	2018-05-27 09:33:46	MergeVcfs	Processed     1,380,000 records.  Elapsed time: 00:00:20s.  Time for last 10,000:    0s.  Last read position: 5:79,918,052
INFO	2018-05-27 09:33:46	MergeVcfs	Processed     1,390,000 records.  Elapsed time: 00:00:20s.  Time for last 10,000:    0s.  Last read position: 5:87,290,604
INFO	2018-05-27 09:33:46	MergeVcfs	Processed     1,400,000 records.  Elapsed time: 00:00:20s.  Time for last 10,000:    0s.  Last read position: 5:97,447,980
INFO	2018-05-27 09:33:47	MergeVcfs	Processed     1,410,000 records.  Elapsed time: 00:00:20s.  Time for last 10,000:    0s.  Last read position: 5:105,092,525
INFO	2018-05-27 09:33:47	MergeVcfs	Processed     1,420,000 records.  Elapsed time: 00:00:20s.  Time for last 10,000:    0s.  Last read position: 5:112,817,368
INFO	2018-05-27 09:33:47	MergeVcfs	Processed     1,430,000 records.  Elapsed time: 00:00:20s.  Time for last 10,000:    0s.  Last read position: 5:119,379,182
INFO	2018-05-27 09:33:47	MergeVcfs	Processed     1,440,000 records.  Elapsed time: 00:00:20s.  Time for last 10,000:    0s.  Last read position: 5:125,628,915
INFO	2018-05-27 09:33:47	MergeVcfs	Processed     1,450,000 records.  Elapsed time: 00:00:20s.  Time for last 10,000:    0s.  Last read position: 5:132,977,225
INFO	2018-05-27 09:33:47	MergeVcfs	Processed     1,460,000 records.  Elapsed time: 00:00:20s.  Time for last 10,000:    0s.  Last read position: 5:141,723,714
INFO	2018-05-27 09:33:47	MergeVcfs	Processed     1,470,000 records.  Elapsed time: 00:00:21s.  Time for last 10,000:    0s.  Last read position: 5:150,901,788
INFO	2018-05-27 09:33:47	MergeVcfs	Processed     1,480,000 records.  Elapsed time: 00:00:21s.  Time for last 10,000:    0s.  Last read position: 5:157,264,118
INFO	2018-05-27 09:33:47	MergeVcfs	Processed     1,490,000 records.  Elapsed time: 00:00:21s.  Time for last 10,000:    0s.  Last read position: 5:163,517,303
INFO	2018-05-27 09:33:47	MergeVcfs	Processed     1,500,000 records.  Elapsed time: 00:00:21s.  Time for last 10,000:    0s.  Last read position: 5:170,704,593
INFO	2018-05-27 09:33:48	MergeVcfs	Processed     1,510,000 records.  Elapsed time: 00:00:21s.  Time for last 10,000:    0s.  Last read position: 5:178,091,053
INFO	2018-05-27 09:33:48	MergeVcfs	Processed     1,520,000 records.  Elapsed time: 00:00:21s.  Time for last 10,000:    0s.  Last read position: 6:2,848,912
INFO	2018-05-27 09:33:48	MergeVcfs	Processed     1,530,000 records.  Elapsed time: 00:00:21s.  Time for last 10,000:    0s.  Last read position: 6:8,459,309
INFO	2018-05-27 09:33:48	MergeVcfs	Processed     1,540,000 records.  Elapsed time: 00:00:21s.  Time for last 10,000:    0s.  Last read position: 6:14,486,933
INFO	2018-05-27 09:33:48	MergeVcfs	Processed     1,550,000 records.  Elapsed time: 00:00:21s.  Time for last 10,000:    0s.  Last read position: 6:21,267,232
INFO	2018-05-27 09:33:48	MergeVcfs	Processed     1,560,000 records.  Elapsed time: 00:00:21s.  Time for last 10,000:    0s.  Last read position: 6:27,363,058
INFO	2018-05-27 09:33:48	MergeVcfs	Processed     1,570,000 records.  Elapsed time: 00:00:22s.  Time for last 10,000:    0s.  Last read position: 6:31,263,649
INFO	2018-05-27 09:33:48	MergeVcfs	Processed     1,580,000 records.  Elapsed time: 00:00:22s.  Time for last 10,000:    0s.  Last read position: 6:33,206,212
INFO	2018-05-27 09:33:48	MergeVcfs	Processed     1,590,000 records.  Elapsed time: 00:00:22s.  Time for last 10,000:    0s.  Last read position: 6:40,530,686
INFO	2018-05-27 09:33:48	MergeVcfs	Processed     1,600,000 records.  Elapsed time: 00:00:22s.  Time for last 10,000:    0s.  Last read position: 6:47,833,131
INFO	2018-05-27 09:33:49	MergeVcfs	Processed     1,610,000 records.  Elapsed time: 00:00:22s.  Time for last 10,000:    0s.  Last read position: 6:55,100,076
INFO	2018-05-27 09:33:49	MergeVcfs	Processed     1,620,000 records.  Elapsed time: 00:00:22s.  Time for last 10,000:    0s.  Last read position: 6:64,620,857
INFO	2018-05-27 09:33:49	MergeVcfs	Processed     1,630,000 records.  Elapsed time: 00:00:22s.  Time for last 10,000:    0s.  Last read position: 6:69,255,351
INFO	2018-05-27 09:33:49	MergeVcfs	Processed     1,640,000 records.  Elapsed time: 00:00:22s.  Time for last 10,000:    0s.  Last read position: 6:76,328,955
INFO	2018-05-27 09:33:49	MergeVcfs	Processed     1,650,000 records.  Elapsed time: 00:00:22s.  Time for last 10,000:    0s.  Last read position: 6:81,853,397
INFO	2018-05-27 09:33:49	MergeVcfs	Processed     1,660,000 records.  Elapsed time: 00:00:22s.  Time for last 10,000:    0s.  Last read position: 6:91,125,879
INFO	2018-05-27 09:33:49	MergeVcfs	Processed     1,670,000 records.  Elapsed time: 00:00:22s.  Time for last 10,000:    0s.  Last read position: 6:97,973,534
INFO	2018-05-27 09:33:49	MergeVcfs	Processed     1,680,000 records.  Elapsed time: 00:00:23s.  Time for last 10,000:    0s.  Last read position: 6:104,393,738
INFO	2018-05-27 09:33:49	MergeVcfs	Processed     1,690,000 records.  Elapsed time: 00:00:23s.  Time for last 10,000:    0s.  Last read position: 6:111,898,073
INFO	2018-05-27 09:33:49	MergeVcfs	Processed     1,700,000 records.  Elapsed time: 00:00:23s.  Time for last 10,000:    0s.  Last read position: 6:118,724,565
INFO	2018-05-27 09:33:49	MergeVcfs	Processed     1,710,000 records.  Elapsed time: 00:00:23s.  Time for last 10,000:    0s.  Last read position: 6:124,859,468
INFO	2018-05-27 09:33:50	MergeVcfs	Processed     1,720,000 records.  Elapsed time: 00:00:23s.  Time for last 10,000:    0s.  Last read position: 6:133,469,585
INFO	2018-05-27 09:33:50	MergeVcfs	Processed     1,730,000 records.  Elapsed time: 00:00:23s.  Time for last 10,000:    0s.  Last read position: 6:142,220,794
INFO	2018-05-27 09:33:50	MergeVcfs	Processed     1,740,000 records.  Elapsed time: 00:00:23s.  Time for last 10,000:    0s.  Last read position: 6:151,060,620
INFO	2018-05-27 09:33:50	MergeVcfs	Processed     1,750,000 records.  Elapsed time: 00:00:23s.  Time for last 10,000:    0s.  Last read position: 6:157,826,118
INFO	2018-05-27 09:33:50	MergeVcfs	Processed     1,760,000 records.  Elapsed time: 00:00:23s.  Time for last 10,000:    0s.  Last read position: 6:162,970,068
INFO	2018-05-27 09:33:50	MergeVcfs	Processed     1,770,000 records.  Elapsed time: 00:00:23s.  Time for last 10,000:    0s.  Last read position: 6:168,490,858
INFO	2018-05-27 09:33:50	MergeVcfs	Processed     1,780,000 records.  Elapsed time: 00:00:24s.  Time for last 10,000:    0s.  Last read position: 7:2,377,081
INFO	2018-05-27 09:33:50	MergeVcfs	Processed     1,790,000 records.  Elapsed time: 00:00:24s.  Time for last 10,000:    0s.  Last read position: 7:7,099,533
INFO	2018-05-27 09:33:50	MergeVcfs	Processed     1,800,000 records.  Elapsed time: 00:00:24s.  Time for last 10,000:    0s.  Last read position: 7:12,388,090
INFO	2018-05-27 09:33:50	MergeVcfs	Processed     1,810,000 records.  Elapsed time: 00:00:24s.  Time for last 10,000:    0s.  Last read position: 7:18,035,698
INFO	2018-05-27 09:33:51	MergeVcfs	Processed     1,820,000 records.  Elapsed time: 00:00:24s.  Time for last 10,000:    0s.  Last read position: 7:23,933,058
INFO	2018-05-27 09:33:51	MergeVcfs	Processed     1,830,000 records.  Elapsed time: 00:00:24s.  Time for last 10,000:    0s.  Last read position: 7:29,820,519
INFO	2018-05-27 09:33:51	MergeVcfs	Processed     1,840,000 records.  Elapsed time: 00:00:24s.  Time for last 10,000:    0s.  Last read position: 7:37,273,328
INFO	2018-05-27 09:33:51	MergeVcfs	Processed     1,850,000 records.  Elapsed time: 00:00:24s.  Time for last 10,000:    0s.  Last read position: 7:43,809,764
INFO	2018-05-27 09:33:51	MergeVcfs	Processed     1,860,000 records.  Elapsed time: 00:00:24s.  Time for last 10,000:    0s.  Last read position: 7:50,227,828
INFO	2018-05-27 09:33:51	MergeVcfs	Processed     1,870,000 records.  Elapsed time: 00:00:24s.  Time for last 10,000:    0s.  Last read position: 7:55,493,545
INFO	2018-05-27 09:33:51	MergeVcfs	Processed     1,880,000 records.  Elapsed time: 00:00:25s.  Time for last 10,000:    0s.  Last read position: 7:64,354,969
INFO	2018-05-27 09:33:51	MergeVcfs	Processed     1,890,000 records.  Elapsed time: 00:00:25s.  Time for last 10,000:    0s.  Last read position: 7:70,051,715
INFO	2018-05-27 09:33:51	MergeVcfs	Processed     1,900,000 records.  Elapsed time: 00:00:25s.  Time for last 10,000:    0s.  Last read position: 7:78,344,530
INFO	2018-05-27 09:33:51	MergeVcfs	Processed     1,910,000 records.  Elapsed time: 00:00:25s.  Time for last 10,000:    0s.  Last read position: 7:85,596,172
INFO	2018-05-27 09:33:52	MergeVcfs	Processed     1,920,000 records.  Elapsed time: 00:00:25s.  Time for last 10,000:    0s.  Last read position: 7:93,412,766
INFO	2018-05-27 09:33:52	MergeVcfs	Processed     1,930,000 records.  Elapsed time: 00:00:25s.  Time for last 10,000:    0s.  Last read position: 7:101,878,968
INFO	2018-05-27 09:33:52	MergeVcfs	Processed     1,940,000 records.  Elapsed time: 00:00:25s.  Time for last 10,000:    0s.  Last read position: 7:109,160,555
INFO	2018-05-27 09:33:52	MergeVcfs	Processed     1,950,000 records.  Elapsed time: 00:00:25s.  Time for last 10,000:    0s.  Last read position: 7:116,897,490
INFO	2018-05-27 09:33:52	MergeVcfs	Processed     1,960,000 records.  Elapsed time: 00:00:25s.  Time for last 10,000:    0s.  Last read position: 7:124,453,149
INFO	2018-05-27 09:33:52	MergeVcfs	Processed     1,970,000 records.  Elapsed time: 00:00:25s.  Time for last 10,000:    0s.  Last read position: 7:131,364,884
INFO	2018-05-27 09:33:52	MergeVcfs	Processed     1,980,000 records.  Elapsed time: 00:00:26s.  Time for last 10,000:    0s.  Last read position: 7:138,039,764
INFO	2018-05-27 09:33:52	MergeVcfs	Processed     1,990,000 records.  Elapsed time: 00:00:26s.  Time for last 10,000:    0s.  Last read position: 7:146,692,245
INFO	2018-05-27 09:33:52	MergeVcfs	Processed     2,000,000 records.  Elapsed time: 00:00:26s.  Time for last 10,000:    0s.  Last read position: 7:152,875,340
INFO	2018-05-27 09:33:52	MergeVcfs	Processed     2,010,000 records.  Elapsed time: 00:00:26s.  Time for last 10,000:    0s.  Last read position: 7:157,873,975
INFO	2018-05-27 09:33:53	MergeVcfs	Processed     2,020,000 records.  Elapsed time: 00:00:26s.  Time for last 10,000:    0s.  Last read position: 8:2,772,495
INFO	2018-05-27 09:33:53	MergeVcfs	Processed     2,030,000 records.  Elapsed time: 00:00:26s.  Time for last 10,000:    0s.  Last read position: 8:5,283,629
INFO	2018-05-27 09:33:53	MergeVcfs	Processed     2,040,000 records.  Elapsed time: 00:00:26s.  Time for last 10,000:    0s.  Last read position: 8:9,290,753
INFO	2018-05-27 09:33:53	MergeVcfs	Processed     2,050,000 records.  Elapsed time: 00:00:26s.  Time for last 10,000:    0s.  Last read position: 8:13,444,220
INFO	2018-05-27 09:33:53	MergeVcfs	Processed     2,060,000 records.  Elapsed time: 00:00:26s.  Time for last 10,000:    0s.  Last read position: 8:17,005,509
INFO	2018-05-27 09:33:53	MergeVcfs	Processed     2,070,000 records.  Elapsed time: 00:00:26s.  Time for last 10,000:    0s.  Last read position: 8:21,722,998
INFO	2018-05-27 09:33:53	MergeVcfs	Processed     2,080,000 records.  Elapsed time: 00:00:27s.  Time for last 10,000:    0s.  Last read position: 8:27,702,862
INFO	2018-05-27 09:33:53	MergeVcfs	Processed     2,090,000 records.  Elapsed time: 00:00:27s.  Time for last 10,000:    0s.  Last read position: 8:34,792,116
INFO	2018-05-27 09:33:53	MergeVcfs	Processed     2,100,000 records.  Elapsed time: 00:00:27s.  Time for last 10,000:    0s.  Last read position: 8:43,149,947
INFO	2018-05-27 09:33:53	MergeVcfs	Processed     2,110,000 records.  Elapsed time: 00:00:27s.  Time for last 10,000:    0s.  Last read position: 8:53,826,337
INFO	2018-05-27 09:33:54	MergeVcfs	Processed     2,120,000 records.  Elapsed time: 00:00:27s.  Time for last 10,000:    0s.  Last read position: 8:61,005,813
INFO	2018-05-27 09:33:54	MergeVcfs	Processed     2,130,000 records.  Elapsed time: 00:00:27s.  Time for last 10,000:    0s.  Last read position: 8:69,102,628
INFO	2018-05-27 09:33:54	MergeVcfs	Processed     2,140,000 records.  Elapsed time: 00:00:27s.  Time for last 10,000:    0s.  Last read position: 8:76,417,681
INFO	2018-05-27 09:33:54	MergeVcfs	Processed     2,150,000 records.  Elapsed time: 00:00:27s.  Time for last 10,000:    0s.  Last read position: 8:84,659,268
INFO	2018-05-27 09:33:54	MergeVcfs	Processed     2,160,000 records.  Elapsed time: 00:00:27s.  Time for last 10,000:    0s.  Last read position: 8:93,522,691
INFO	2018-05-27 09:33:54	MergeVcfs	Processed     2,170,000 records.  Elapsed time: 00:00:27s.  Time for last 10,000:    0s.  Last read position: 8:102,353,946
INFO	2018-05-27 09:33:54	MergeVcfs	Processed     2,180,000 records.  Elapsed time: 00:00:28s.  Time for last 10,000:    0s.  Last read position: 8:109,734,774
INFO	2018-05-27 09:33:54	MergeVcfs	Processed     2,190,000 records.  Elapsed time: 00:00:28s.  Time for last 10,000:    0s.  Last read position: 8:118,123,205
INFO	2018-05-27 09:33:54	MergeVcfs	Processed     2,200,000 records.  Elapsed time: 00:00:28s.  Time for last 10,000:    0s.  Last read position: 8:125,166,885
INFO	2018-05-27 09:33:54	MergeVcfs	Processed     2,210,000 records.  Elapsed time: 00:00:28s.  Time for last 10,000:    0s.  Last read position: 8:132,881,707
INFO	2018-05-27 09:33:55	MergeVcfs	Processed     2,220,000 records.  Elapsed time: 00:00:28s.  Time for last 10,000:    0s.  Last read position: 8:138,549,223
INFO	2018-05-27 09:33:55	MergeVcfs	Processed     2,230,000 records.  Elapsed time: 00:00:28s.  Time for last 10,000:    0s.  Last read position: 8:144,246,027
INFO	2018-05-27 09:33:55	MergeVcfs	Processed     2,240,000 records.  Elapsed time: 00:00:28s.  Time for last 10,000:    0s.  Last read position: 9:3,935,788
INFO	2018-05-27 09:33:55	MergeVcfs	Processed     2,250,000 records.  Elapsed time: 00:00:28s.  Time for last 10,000:    0s.  Last read position: 9:9,420,830
INFO	2018-05-27 09:33:55	MergeVcfs	Processed     2,260,000 records.  Elapsed time: 00:00:28s.  Time for last 10,000:    0s.  Last read position: 9:14,246,551
INFO	2018-05-27 09:33:55	MergeVcfs	Processed     2,270,000 records.  Elapsed time: 00:00:28s.  Time for last 10,000:    0s.  Last read position: 9:19,225,100
INFO	2018-05-27 09:33:55	MergeVcfs	Processed     2,280,000 records.  Elapsed time: 00:00:29s.  Time for last 10,000:    0s.  Last read position: 9:26,512,020
INFO	2018-05-27 09:33:55	MergeVcfs	Processed     2,290,000 records.  Elapsed time: 00:00:29s.  Time for last 10,000:    0s.  Last read position: 9:31,849,851
INFO	2018-05-27 09:33:55	MergeVcfs	Processed     2,300,000 records.  Elapsed time: 00:00:29s.  Time for last 10,000:    0s.  Last read position: 9:38,437,791
INFO	2018-05-27 09:33:55	MergeVcfs	Processed     2,310,000 records.  Elapsed time: 00:00:29s.  Time for last 10,000:    0s.  Last read position: 9:73,526,739
INFO	2018-05-27 09:33:56	MergeVcfs	Processed     2,320,000 records.  Elapsed time: 00:00:29s.  Time for last 10,000:    0s.  Last read position: 9:80,081,202
INFO	2018-05-27 09:33:56	MergeVcfs	Processed     2,330,000 records.  Elapsed time: 00:00:29s.  Time for last 10,000:    0s.  Last read position: 9:87,129,406
INFO	2018-05-27 09:33:56	MergeVcfs	Processed     2,340,000 records.  Elapsed time: 00:00:29s.  Time for last 10,000:    0s.  Last read position: 9:93,845,993
INFO	2018-05-27 09:33:56	MergeVcfs	Processed     2,350,000 records.  Elapsed time: 00:00:29s.  Time for last 10,000:    0s.  Last read position: 9:101,609,768
INFO	2018-05-27 09:33:56	MergeVcfs	Processed     2,360,000 records.  Elapsed time: 00:00:29s.  Time for last 10,000:    0s.  Last read position: 9:107,829,886
INFO	2018-05-27 09:33:56	MergeVcfs	Processed     2,370,000 records.  Elapsed time: 00:00:29s.  Time for last 10,000:    0s.  Last read position: 9:114,730,703
INFO	2018-05-27 09:33:56	MergeVcfs	Processed     2,380,000 records.  Elapsed time: 00:00:29s.  Time for last 10,000:    0s.  Last read position: 9:121,065,516
INFO	2018-05-27 09:33:56	MergeVcfs	Processed     2,390,000 records.  Elapsed time: 00:00:30s.  Time for last 10,000:    0s.  Last read position: 9:128,896,825
INFO	2018-05-27 09:33:56	MergeVcfs	Processed     2,400,000 records.  Elapsed time: 00:00:30s.  Time for last 10,000:    0s.  Last read position: 9:135,829,961
INFO	2018-05-27 09:33:56	MergeVcfs	Processed     2,410,000 records.  Elapsed time: 00:00:30s.  Time for last 10,000:    0s.  Last read position: 10:458,477
INFO	2018-05-27 09:33:57	MergeVcfs	Processed     2,420,000 records.  Elapsed time: 00:00:30s.  Time for last 10,000:    0s.  Last read position: 10:4,922,188
INFO	2018-05-27 09:33:57	MergeVcfs	Processed     2,430,000 records.  Elapsed time: 00:00:30s.  Time for last 10,000:    0s.  Last read position: 10:9,426,795
INFO	2018-05-27 09:33:57	MergeVcfs	Processed     2,440,000 records.  Elapsed time: 00:00:30s.  Time for last 10,000:    0s.  Last read position: 10:14,615,566
INFO	2018-05-27 09:33:57	MergeVcfs	Processed     2,450,000 records.  Elapsed time: 00:00:30s.  Time for last 10,000:    0s.  Last read position: 10:20,430,839
INFO	2018-05-27 09:33:57	MergeVcfs	Processed     2,460,000 records.  Elapsed time: 00:00:30s.  Time for last 10,000:    0s.  Last read position: 10:28,697,166
INFO	2018-05-27 09:33:57	MergeVcfs	Processed     2,470,000 records.  Elapsed time: 00:00:30s.  Time for last 10,000:    0s.  Last read position: 10:35,049,209
INFO	2018-05-27 09:33:57	MergeVcfs	Processed     2,480,000 records.  Elapsed time: 00:00:30s.  Time for last 10,000:    0s.  Last read position: 10:45,630,473
INFO	2018-05-27 09:33:57	MergeVcfs	Processed     2,490,000 records.  Elapsed time: 00:00:31s.  Time for last 10,000:    0s.  Last read position: 10:54,300,333
INFO	2018-05-27 09:33:57	MergeVcfs	Processed     2,500,000 records.  Elapsed time: 00:00:31s.  Time for last 10,000:    0s.  Last read position: 10:59,351,577
INFO	2018-05-27 09:33:57	MergeVcfs	Processed     2,510,000 records.  Elapsed time: 00:00:31s.  Time for last 10,000:    0s.  Last read position: 10:65,563,647
INFO	2018-05-27 09:33:58	MergeVcfs	Processed     2,520,000 records.  Elapsed time: 00:00:31s.  Time for last 10,000:    0s.  Last read position: 10:71,636,001
INFO	2018-05-27 09:33:58	MergeVcfs	Processed     2,530,000 records.  Elapsed time: 00:00:31s.  Time for last 10,000:    0s.  Last read position: 10:80,961,967
INFO	2018-05-27 09:33:58	MergeVcfs	Processed     2,540,000 records.  Elapsed time: 00:00:31s.  Time for last 10,000:    0s.  Last read position: 10:86,542,040
INFO	2018-05-27 09:33:58	MergeVcfs	Processed     2,550,000 records.  Elapsed time: 00:00:31s.  Time for last 10,000:    0s.  Last read position: 10:93,280,641
INFO	2018-05-27 09:33:58	MergeVcfs	Processed     2,560,000 records.  Elapsed time: 00:00:31s.  Time for last 10,000:    0s.  Last read position: 10:100,782,911
INFO	2018-05-27 09:33:58	MergeVcfs	Processed     2,570,000 records.  Elapsed time: 00:00:31s.  Time for last 10,000:    0s.  Last read position: 10:108,028,122
INFO	2018-05-27 09:33:58	MergeVcfs	Processed     2,580,000 records.  Elapsed time: 00:00:31s.  Time for last 10,000:    0s.  Last read position: 10:115,003,479
INFO	2018-05-27 09:33:58	MergeVcfs	Processed     2,590,000 records.  Elapsed time: 00:00:32s.  Time for last 10,000:    0s.  Last read position: 10:121,081,184
INFO	2018-05-27 09:33:58	MergeVcfs	Processed     2,600,000 records.  Elapsed time: 00:00:32s.  Time for last 10,000:    0s.  Last read position: 10:126,561,381
INFO	2018-05-27 09:33:58	MergeVcfs	Processed     2,610,000 records.  Elapsed time: 00:00:32s.  Time for last 10,000:    0s.  Last read position: 10:132,328,172
INFO	2018-05-27 09:33:58	MergeVcfs	Processed     2,620,000 records.  Elapsed time: 00:00:32s.  Time for last 10,000:    0s.  Last read position: 11:2,327,781
INFO	2018-05-27 09:33:59	MergeVcfs	Processed     2,630,000 records.  Elapsed time: 00:00:32s.  Time for last 10,000:    0s.  Last read position: 11:6,835,861
INFO	2018-05-27 09:33:59	MergeVcfs	Processed     2,640,000 records.  Elapsed time: 00:00:32s.  Time for last 10,000:    0s.  Last read position: 11:12,132,730
INFO	2018-05-27 09:33:59	MergeVcfs	Processed     2,650,000 records.  Elapsed time: 00:00:32s.  Time for last 10,000:    0s.  Last read position: 11:18,863,077
INFO	2018-05-27 09:33:59	MergeVcfs	Processed     2,660,000 records.  Elapsed time: 00:00:32s.  Time for last 10,000:    0s.  Last read position: 11:23,538,352
INFO	2018-05-27 09:33:59	MergeVcfs	Processed     2,670,000 records.  Elapsed time: 00:00:32s.  Time for last 10,000:    0s.  Last read position: 11:28,746,318
INFO	2018-05-27 09:33:59	MergeVcfs	Processed     2,680,000 records.  Elapsed time: 00:00:32s.  Time for last 10,000:    0s.  Last read position: 11:35,529,548
INFO	2018-05-27 09:33:59	MergeVcfs	Processed     2,690,000 records.  Elapsed time: 00:00:33s.  Time for last 10,000:    0s.  Last read position: 11:41,114,144
INFO	2018-05-27 09:33:59	MergeVcfs	Processed     2,700,000 records.  Elapsed time: 00:00:33s.  Time for last 10,000:    0s.  Last read position: 11:47,576,738
INFO	2018-05-27 09:33:59	MergeVcfs	Processed     2,710,000 records.  Elapsed time: 00:00:33s.  Time for last 10,000:    0s.  Last read position: 11:55,563,738
INFO	2018-05-27 09:33:59	MergeVcfs	Processed     2,720,000 records.  Elapsed time: 00:00:33s.  Time for last 10,000:    0s.  Last read position: 11:62,783,150
INFO	2018-05-27 09:34:00	MergeVcfs	Processed     2,730,000 records.  Elapsed time: 00:00:33s.  Time for last 10,000:    0s.  Last read position: 11:70,404,317
INFO	2018-05-27 09:34:00	MergeVcfs	Processed     2,740,000 records.  Elapsed time: 00:00:33s.  Time for last 10,000:    0s.  Last read position: 11:76,976,877
INFO	2018-05-27 09:34:00	MergeVcfs	Processed     2,750,000 records.  Elapsed time: 00:00:33s.  Time for last 10,000:    0s.  Last read position: 11:83,679,183
INFO	2018-05-27 09:34:00	MergeVcfs	Processed     2,760,000 records.  Elapsed time: 00:00:33s.  Time for last 10,000:    0s.  Last read position: 11:89,958,073
INFO	2018-05-27 09:34:00	MergeVcfs	Processed     2,770,000 records.  Elapsed time: 00:00:33s.  Time for last 10,000:    0s.  Last read position: 11:96,581,526
INFO	2018-05-27 09:34:00	MergeVcfs	Processed     2,780,000 records.  Elapsed time: 00:00:33s.  Time for last 10,000:    0s.  Last read position: 11:101,396,286
INFO	2018-05-27 09:34:00	MergeVcfs	Processed     2,790,000 records.  Elapsed time: 00:00:34s.  Time for last 10,000:    0s.  Last read position: 11:107,310,710
INFO	2018-05-27 09:34:00	MergeVcfs	Processed     2,800,000 records.  Elapsed time: 00:00:34s.  Time for last 10,000:    0s.  Last read position: 11:114,530,868
INFO	2018-05-27 09:34:00	MergeVcfs	Processed     2,810,000 records.  Elapsed time: 00:00:34s.  Time for last 10,000:    0s.  Last read position: 11:120,901,581
INFO	2018-05-27 09:34:00	MergeVcfs	Processed     2,820,000 records.  Elapsed time: 00:00:34s.  Time for last 10,000:    0s.  Last read position: 11:127,894,681
INFO	2018-05-27 09:34:01	MergeVcfs	Processed     2,830,000 records.  Elapsed time: 00:00:34s.  Time for last 10,000:    0s.  Last read position: 11:134,488,690
INFO	2018-05-27 09:34:01	MergeVcfs	Processed     2,840,000 records.  Elapsed time: 00:00:34s.  Time for last 10,000:    0s.  Last read position: 12:5,814,493
INFO	2018-05-27 09:34:01	MergeVcfs	Processed     2,850,000 records.  Elapsed time: 00:00:34s.  Time for last 10,000:    0s.  Last read position: 12:10,633,105
INFO	2018-05-27 09:34:01	MergeVcfs	Processed     2,860,000 records.  Elapsed time: 00:00:34s.  Time for last 10,000:    0s.  Last read position: 12:17,486,045
INFO	2018-05-27 09:34:01	MergeVcfs	Processed     2,870,000 records.  Elapsed time: 00:00:34s.  Time for last 10,000:    0s.  Last read position: 12:22,685,212
INFO	2018-05-27 09:34:01	MergeVcfs	Processed     2,880,000 records.  Elapsed time: 00:00:34s.  Time for last 10,000:    0s.  Last read position: 12:28,359,586
INFO	2018-05-27 09:34:01	MergeVcfs	Processed     2,890,000 records.  Elapsed time: 00:00:35s.  Time for last 10,000:    0s.  Last read position: 12:33,184,076
INFO	2018-05-27 09:34:01	MergeVcfs	Processed     2,900,000 records.  Elapsed time: 00:00:35s.  Time for last 10,000:    0s.  Last read position: 12:43,671,611
INFO	2018-05-27 09:34:01	MergeVcfs	Processed     2,910,000 records.  Elapsed time: 00:00:35s.  Time for last 10,000:    0s.  Last read position: 12:51,440,390
INFO	2018-05-27 09:34:01	MergeVcfs	Processed     2,920,000 records.  Elapsed time: 00:00:35s.  Time for last 10,000:    0s.  Last read position: 12:58,814,410
INFO	2018-05-27 09:34:02	MergeVcfs	Processed     2,930,000 records.  Elapsed time: 00:00:35s.  Time for last 10,000:    0s.  Last read position: 12:65,874,608
INFO	2018-05-27 09:34:02	MergeVcfs	Processed     2,940,000 records.  Elapsed time: 00:00:35s.  Time for last 10,000:    0s.  Last read position: 12:73,298,678
INFO	2018-05-27 09:34:02	MergeVcfs	Processed     2,950,000 records.  Elapsed time: 00:00:35s.  Time for last 10,000:    0s.  Last read position: 12:80,394,436
INFO	2018-05-27 09:34:02	MergeVcfs	Processed     2,960,000 records.  Elapsed time: 00:00:35s.  Time for last 10,000:    0s.  Last read position: 12:87,365,405
INFO	2018-05-27 09:34:02	MergeVcfs	Processed     2,970,000 records.  Elapsed time: 00:00:35s.  Time for last 10,000:    0s.  Last read position: 12:95,354,855
INFO	2018-05-27 09:34:02	MergeVcfs	Processed     2,980,000 records.  Elapsed time: 00:00:35s.  Time for last 10,000:    0s.  Last read position: 12:102,733,327
INFO	2018-05-27 09:34:02	MergeVcfs	Processed     2,990,000 records.  Elapsed time: 00:00:36s.  Time for last 10,000:    0s.  Last read position: 12:110,290,073
INFO	2018-05-27 09:34:02	MergeVcfs	Processed     3,000,000 records.  Elapsed time: 00:00:36s.  Time for last 10,000:    0s.  Last read position: 12:119,515,846
INFO	2018-05-27 09:34:02	MergeVcfs	Processed     3,010,000 records.  Elapsed time: 00:00:36s.  Time for last 10,000:    0s.  Last read position: 12:126,389,523
INFO	2018-05-27 09:34:02	MergeVcfs	Processed     3,020,000 records.  Elapsed time: 00:00:36s.  Time for last 10,000:    0s.  Last read position: 12:130,767,695
INFO	2018-05-27 09:34:03	MergeVcfs	Processed     3,030,000 records.  Elapsed time: 00:00:36s.  Time for last 10,000:    0s.  Last read position: 13:20,523,243
INFO	2018-05-27 09:34:03	MergeVcfs	Processed     3,040,000 records.  Elapsed time: 00:00:36s.  Time for last 10,000:    0s.  Last read position: 13:24,769,418
INFO	2018-05-27 09:34:03	MergeVcfs	Processed     3,050,000 records.  Elapsed time: 00:00:36s.  Time for last 10,000:    0s.  Last read position: 13:29,850,086
INFO	2018-05-27 09:34:03	MergeVcfs	Processed     3,060,000 records.  Elapsed time: 00:00:36s.  Time for last 10,000:    0s.  Last read position: 13:36,322,508
INFO	2018-05-27 09:34:03	MergeVcfs	Processed     3,070,000 records.  Elapsed time: 00:00:36s.  Time for last 10,000:    0s.  Last read position: 13:41,826,444
INFO	2018-05-27 09:34:03	MergeVcfs	Processed     3,080,000 records.  Elapsed time: 00:00:36s.  Time for last 10,000:    0s.  Last read position: 13:48,727,109
INFO	2018-05-27 09:34:03	MergeVcfs	Processed     3,090,000 records.  Elapsed time: 00:00:37s.  Time for last 10,000:    0s.  Last read position: 13:55,861,840
INFO	2018-05-27 09:34:03	MergeVcfs	Processed     3,100,000 records.  Elapsed time: 00:00:37s.  Time for last 10,000:    0s.  Last read position: 13:62,006,959
INFO	2018-05-27 09:34:03	MergeVcfs	Processed     3,110,000 records.  Elapsed time: 00:00:37s.  Time for last 10,000:    0s.  Last read position: 13:68,828,564
INFO	2018-05-27 09:34:03	MergeVcfs	Processed     3,120,000 records.  Elapsed time: 00:00:37s.  Time for last 10,000:    0s.  Last read position: 13:74,224,797
INFO	2018-05-27 09:34:04	MergeVcfs	Processed     3,130,000 records.  Elapsed time: 00:00:37s.  Time for last 10,000:    0s.  Last read position: 13:80,902,652
INFO	2018-05-27 09:34:04	MergeVcfs	Processed     3,140,000 records.  Elapsed time: 00:00:37s.  Time for last 10,000:    0s.  Last read position: 13:87,122,191
INFO	2018-05-27 09:34:04	MergeVcfs	Processed     3,150,000 records.  Elapsed time: 00:00:37s.  Time for last 10,000:    0s.  Last read position: 13:93,701,345
INFO	2018-05-27 09:34:04	MergeVcfs	Processed     3,160,000 records.  Elapsed time: 00:00:37s.  Time for last 10,000:    0s.  Last read position: 13:99,707,335
INFO	2018-05-27 09:34:04	MergeVcfs	Processed     3,170,000 records.  Elapsed time: 00:00:38s.  Time for last 10,000:    0s.  Last read position: 13:105,556,214
INFO	2018-05-27 09:34:04	MergeVcfs	Processed     3,180,000 records.  Elapsed time: 00:00:38s.  Time for last 10,000:    0s.  Last read position: 13:110,892,105
INFO	2018-05-27 09:34:04	MergeVcfs	Processed     3,190,000 records.  Elapsed time: 00:00:38s.  Time for last 10,000:    0s.  Last read position: 14:21,024,786
INFO	2018-05-27 09:34:04	MergeVcfs	Processed     3,200,000 records.  Elapsed time: 00:00:38s.  Time for last 10,000:    0s.  Last read position: 14:26,391,259
INFO	2018-05-27 09:34:05	MergeVcfs	Processed     3,210,000 records.  Elapsed time: 00:00:38s.  Time for last 10,000:    0s.  Last read position: 14:33,726,437
INFO	2018-05-27 09:34:05	MergeVcfs	Processed     3,220,000 records.  Elapsed time: 00:00:38s.  Time for last 10,000:    0s.  Last read position: 14:40,578,459
INFO	2018-05-27 09:34:05	MergeVcfs	Processed     3,230,000 records.  Elapsed time: 00:00:38s.  Time for last 10,000:    0s.  Last read position: 14:47,481,480
INFO	2018-05-27 09:34:05	MergeVcfs	Processed     3,240,000 records.  Elapsed time: 00:00:38s.  Time for last 10,000:    0s.  Last read position: 14:53,448,635
INFO	2018-05-27 09:34:05	MergeVcfs	Processed     3,250,000 records.  Elapsed time: 00:00:38s.  Time for last 10,000:    0s.  Last read position: 14:61,243,658
INFO	2018-05-27 09:34:05	MergeVcfs	Processed     3,260,000 records.  Elapsed time: 00:00:38s.  Time for last 10,000:    0s.  Last read position: 14:68,065,667
INFO	2018-05-27 09:34:05	MergeVcfs	Processed     3,270,000 records.  Elapsed time: 00:00:39s.  Time for last 10,000:    0s.  Last read position: 14:76,198,167
INFO	2018-05-27 09:34:05	MergeVcfs	Processed     3,280,000 records.  Elapsed time: 00:00:39s.  Time for last 10,000:    0s.  Last read position: 14:82,758,463
INFO	2018-05-27 09:34:05	MergeVcfs	Processed     3,290,000 records.  Elapsed time: 00:00:39s.  Time for last 10,000:    0s.  Last read position: 14:89,674,357
INFO	2018-05-27 09:34:06	MergeVcfs	Processed     3,300,000 records.  Elapsed time: 00:00:39s.  Time for last 10,000:    0s.  Last read position: 14:95,990,728
INFO	2018-05-27 09:34:06	MergeVcfs	Processed     3,310,000 records.  Elapsed time: 00:00:39s.  Time for last 10,000:    0s.  Last read position: 14:101,860,240
INFO	2018-05-27 09:34:06	MergeVcfs	Processed     3,320,000 records.  Elapsed time: 00:00:39s.  Time for last 10,000:    0s.  Last read position: 14:107,178,545
INFO	2018-05-27 09:34:06	MergeVcfs	Processed     3,330,000 records.  Elapsed time: 00:00:39s.  Time for last 10,000:    0s.  Last read position: 15:27,512,393
INFO	2018-05-27 09:34:06	MergeVcfs	Processed     3,340,000 records.  Elapsed time: 00:00:39s.  Time for last 10,000:    0s.  Last read position: 15:34,785,813
INFO	2018-05-27 09:34:06	MergeVcfs	Processed     3,350,000 records.  Elapsed time: 00:00:39s.  Time for last 10,000:    0s.  Last read position: 15:42,330,049
INFO	2018-05-27 09:34:06	MergeVcfs	Processed     3,360,000 records.  Elapsed time: 00:00:39s.  Time for last 10,000:    0s.  Last read position: 15:51,815,860
INFO	2018-05-27 09:34:06	MergeVcfs	Processed     3,370,000 records.  Elapsed time: 00:00:40s.  Time for last 10,000:    0s.  Last read position: 15:56,916,982
INFO	2018-05-27 09:34:06	MergeVcfs	Processed     3,380,000 records.  Elapsed time: 00:00:40s.  Time for last 10,000:    0s.  Last read position: 15:62,751,253
INFO	2018-05-27 09:34:06	MergeVcfs	Processed     3,390,000 records.  Elapsed time: 00:00:40s.  Time for last 10,000:    0s.  Last read position: 15:68,663,880
INFO	2018-05-27 09:34:06	MergeVcfs	Processed     3,400,000 records.  Elapsed time: 00:00:40s.  Time for last 10,000:    0s.  Last read position: 15:75,906,826
INFO	2018-05-27 09:34:07	MergeVcfs	Processed     3,410,000 records.  Elapsed time: 00:00:40s.  Time for last 10,000:    0s.  Last read position: 15:82,495,155
INFO	2018-05-27 09:34:07	MergeVcfs	Processed     3,420,000 records.  Elapsed time: 00:00:40s.  Time for last 10,000:    0s.  Last read position: 15:90,415,348
INFO	2018-05-27 09:34:07	MergeVcfs	Processed     3,430,000 records.  Elapsed time: 00:00:40s.  Time for last 10,000:    0s.  Last read position: 15:96,158,994
INFO	2018-05-27 09:34:07	MergeVcfs	Processed     3,440,000 records.  Elapsed time: 00:00:40s.  Time for last 10,000:    0s.  Last read position: 15:101,091,500
INFO	2018-05-27 09:34:07	MergeVcfs	Processed     3,450,000 records.  Elapsed time: 00:00:40s.  Time for last 10,000:    0s.  Last read position: 16:4,654,871
INFO	2018-05-27 09:34:07	MergeVcfs	Processed     3,460,000 records.  Elapsed time: 00:00:40s.  Time for last 10,000:    0s.  Last read position: 16:8,099,536
INFO	2018-05-27 09:34:07	MergeVcfs	Processed     3,470,000 records.  Elapsed time: 00:00:41s.  Time for last 10,000:    0s.  Last read position: 16:12,388,375
INFO	2018-05-27 09:34:07	MergeVcfs	Processed     3,480,000 records.  Elapsed time: 00:00:41s.  Time for last 10,000:    0s.  Last read position: 16:19,599,268
INFO	2018-05-27 09:34:07	MergeVcfs	Processed     3,490,000 records.  Elapsed time: 00:00:41s.  Time for last 10,000:    0s.  Last read position: 16:27,349,493
INFO	2018-05-27 09:34:07	MergeVcfs	Processed     3,500,000 records.  Elapsed time: 00:00:41s.  Time for last 10,000:    0s.  Last read position: 16:50,188,783
INFO	2018-05-27 09:34:08	MergeVcfs	Processed     3,510,000 records.  Elapsed time: 00:00:41s.  Time for last 10,000:    0s.  Last read position: 16:57,321,756
INFO	2018-05-27 09:34:08	MergeVcfs	Processed     3,520,000 records.  Elapsed time: 00:00:41s.  Time for last 10,000:    0s.  Last read position: 16:64,414,057
INFO	2018-05-27 09:34:08	MergeVcfs	Processed     3,530,000 records.  Elapsed time: 00:00:41s.  Time for last 10,000:    0s.  Last read position: 16:73,864,662
INFO	2018-05-27 09:34:08	MergeVcfs	Processed     3,540,000 records.  Elapsed time: 00:00:41s.  Time for last 10,000:    0s.  Last read position: 16:78,935,730
INFO	2018-05-27 09:34:08	MergeVcfs	Processed     3,550,000 records.  Elapsed time: 00:00:41s.  Time for last 10,000:    0s.  Last read position: 16:83,260,611
INFO	2018-05-27 09:34:08	MergeVcfs	Processed     3,560,000 records.  Elapsed time: 00:00:41s.  Time for last 10,000:    0s.  Last read position: 16:87,597,431
INFO	2018-05-27 09:34:08	MergeVcfs	Processed     3,570,000 records.  Elapsed time: 00:00:42s.  Time for last 10,000:    0s.  Last read position: 17:2,114,395
INFO	2018-05-27 09:34:08	MergeVcfs	Processed     3,580,000 records.  Elapsed time: 00:00:42s.  Time for last 10,000:    0s.  Last read position: 17:7,967,581
INFO	2018-05-27 09:34:08	MergeVcfs	Processed     3,590,000 records.  Elapsed time: 00:00:42s.  Time for last 10,000:    0s.  Last read position: 17:13,653,279
INFO	2018-05-27 09:34:08	MergeVcfs	Processed     3,600,000 records.  Elapsed time: 00:00:42s.  Time for last 10,000:    0s.  Last read position: 17:22,033,165
INFO	2018-05-27 09:34:09	MergeVcfs	Processed     3,610,000 records.  Elapsed time: 00:00:42s.  Time for last 10,000:    0s.  Last read position: 17:34,913,528
INFO	2018-05-27 09:34:09	MergeVcfs	Processed     3,620,000 records.  Elapsed time: 00:00:42s.  Time for last 10,000:    0s.  Last read position: 17:45,324,503
INFO	2018-05-27 09:34:09	MergeVcfs	Processed     3,630,000 records.  Elapsed time: 00:00:42s.  Time for last 10,000:    0s.  Last read position: 17:52,776,587
INFO	2018-05-27 09:34:09	MergeVcfs	Processed     3,640,000 records.  Elapsed time: 00:00:42s.  Time for last 10,000:    0s.  Last read position: 17:61,269,838
INFO	2018-05-27 09:34:09	MergeVcfs	Processed     3,650,000 records.  Elapsed time: 00:00:42s.  Time for last 10,000:    0s.  Last read position: 17:68,249,750
INFO	2018-05-27 09:34:09	MergeVcfs	Processed     3,660,000 records.  Elapsed time: 00:00:42s.  Time for last 10,000:    0s.  Last read position: 17:74,806,163
INFO	2018-05-27 09:34:09	MergeVcfs	Processed     3,670,000 records.  Elapsed time: 00:00:43s.  Time for last 10,000:    0s.  Last read position: 17:80,490,398
INFO	2018-05-27 09:34:09	MergeVcfs	Processed     3,680,000 records.  Elapsed time: 00:00:43s.  Time for last 10,000:    0s.  Last read position: 18:4,133,739
INFO	2018-05-27 09:34:09	MergeVcfs	Processed     3,690,000 records.  Elapsed time: 00:00:43s.  Time for last 10,000:    0s.  Last read position: 18:10,225,559
INFO	2018-05-27 09:34:09	MergeVcfs	Processed     3,700,000 records.  Elapsed time: 00:00:43s.  Time for last 10,000:    0s.  Last read position: 18:19,826,742
INFO	2018-05-27 09:34:10	MergeVcfs	Processed     3,710,000 records.  Elapsed time: 00:00:43s.  Time for last 10,000:    0s.  Last read position: 18:27,113,036
INFO	2018-05-27 09:34:10	MergeVcfs	Processed     3,720,000 records.  Elapsed time: 00:00:43s.  Time for last 10,000:    0s.  Last read position: 18:35,360,957
INFO	2018-05-27 09:34:10	MergeVcfs	Processed     3,730,000 records.  Elapsed time: 00:00:43s.  Time for last 10,000:    0s.  Last read position: 18:43,678,911
INFO	2018-05-27 09:34:10	MergeVcfs	Processed     3,740,000 records.  Elapsed time: 00:00:43s.  Time for last 10,000:    0s.  Last read position: 18:50,229,871
INFO	2018-05-27 09:34:10	MergeVcfs	Processed     3,750,000 records.  Elapsed time: 00:00:43s.  Time for last 10,000:    0s.  Last read position: 18:56,744,475
INFO	2018-05-27 09:34:10	MergeVcfs	Processed     3,760,000 records.  Elapsed time: 00:00:43s.  Time for last 10,000:    0s.  Last read position: 18:63,391,182
INFO	2018-05-27 09:34:10	MergeVcfs	Processed     3,770,000 records.  Elapsed time: 00:00:44s.  Time for last 10,000:    0s.  Last read position: 18:68,425,850
INFO	2018-05-27 09:34:10	MergeVcfs	Processed     3,780,000 records.  Elapsed time: 00:00:44s.  Time for last 10,000:    0s.  Last read position: 18:73,711,951
INFO	2018-05-27 09:34:10	MergeVcfs	Processed     3,790,000 records.  Elapsed time: 00:00:44s.  Time for last 10,000:    0s.  Last read position: 19:401,048
INFO	2018-05-27 09:34:10	MergeVcfs	Processed     3,800,000 records.  Elapsed time: 00:00:44s.  Time for last 10,000:    0s.  Last read position: 19:5,512,413
INFO	2018-05-27 09:34:11	MergeVcfs	Processed     3,810,000 records.  Elapsed time: 00:00:44s.  Time for last 10,000:    0s.  Last read position: 19:11,545,356
INFO	2018-05-27 09:34:11	MergeVcfs	Processed     3,820,000 records.  Elapsed time: 00:00:44s.  Time for last 10,000:    0s.  Last read position: 19:18,183,917
INFO	2018-05-27 09:34:11	MergeVcfs	Processed     3,830,000 records.  Elapsed time: 00:00:44s.  Time for last 10,000:    0s.  Last read position: 19:23,054,291
INFO	2018-05-27 09:34:11	MergeVcfs	Processed     3,840,000 records.  Elapsed time: 00:00:44s.  Time for last 10,000:    0s.  Last read position: 19:31,125,113
INFO	2018-05-27 09:34:11	MergeVcfs	Processed     3,850,000 records.  Elapsed time: 00:00:44s.  Time for last 10,000:    0s.  Last read position: 19:37,682,425
INFO	2018-05-27 09:34:11	MergeVcfs	Processed     3,860,000 records.  Elapsed time: 00:00:44s.  Time for last 10,000:    0s.  Last read position: 19:45,054,436
INFO	2018-05-27 09:34:11	MergeVcfs	Processed     3,870,000 records.  Elapsed time: 00:00:44s.  Time for last 10,000:    0s.  Last read position: 19:51,423,231
INFO	2018-05-27 09:34:11	MergeVcfs	Processed     3,880,000 records.  Elapsed time: 00:00:45s.  Time for last 10,000:    0s.  Last read position: 19:56,025,965
INFO	2018-05-27 09:34:11	MergeVcfs	Processed     3,890,000 records.  Elapsed time: 00:00:45s.  Time for last 10,000:    0s.  Last read position: 20:3,009,918
INFO	2018-05-27 09:34:11	MergeVcfs	Processed     3,900,000 records.  Elapsed time: 00:00:45s.  Time for last 10,000:    0s.  Last read position: 20:9,752,893
INFO	2018-05-27 09:34:12	MergeVcfs	Processed     3,910,000 records.  Elapsed time: 00:00:45s.  Time for last 10,000:    0s.  Last read position: 20:16,250,154
INFO	2018-05-27 09:34:12	MergeVcfs	Processed     3,920,000 records.  Elapsed time: 00:00:45s.  Time for last 10,000:    0s.  Last read position: 20:23,291,014
INFO	2018-05-27 09:34:12	MergeVcfs	Processed     3,930,000 records.  Elapsed time: 00:00:45s.  Time for last 10,000:    0s.  Last read position: 20:33,601,601
INFO	2018-05-27 09:34:12	MergeVcfs	Processed     3,940,000 records.  Elapsed time: 00:00:45s.  Time for last 10,000:    0s.  Last read position: 20:43,329,369
INFO	2018-05-27 09:34:12	MergeVcfs	Processed     3,950,000 records.  Elapsed time: 00:00:45s.  Time for last 10,000:    0s.  Last read position: 20:50,111,346
INFO	2018-05-27 09:34:12	MergeVcfs	Processed     3,960,000 records.  Elapsed time: 00:00:45s.  Time for last 10,000:    0s.  Last read position: 20:56,146,106
INFO	2018-05-27 09:34:12	MergeVcfs	Processed     3,970,000 records.  Elapsed time: 00:00:45s.  Time for last 10,000:    0s.  Last read position: 20:62,222,211
INFO	2018-05-27 09:34:12	MergeVcfs	Processed     3,980,000 records.  Elapsed time: 00:00:46s.  Time for last 10,000:    0s.  Last read position: 21:18,576,631
INFO	2018-05-27 09:34:12	MergeVcfs	Processed     3,990,000 records.  Elapsed time: 00:00:46s.  Time for last 10,000:    0s.  Last read position: 21:23,637,512
INFO	2018-05-27 09:34:12	MergeVcfs	Processed     4,000,000 records.  Elapsed time: 00:00:46s.  Time for last 10,000:    0s.  Last read position: 21:28,792,168
INFO	2018-05-27 09:34:12	MergeVcfs	Processed     4,010,000 records.  Elapsed time: 00:00:46s.  Time for last 10,000:    0s.  Last read position: 21:35,840,794
INFO	2018-05-27 09:34:13	MergeVcfs	Processed     4,020,000 records.  Elapsed time: 00:00:46s.  Time for last 10,000:    0s.  Last read position: 21:41,739,687
INFO	2018-05-27 09:34:13	MergeVcfs	Processed     4,030,000 records.  Elapsed time: 00:00:46s.  Time for last 10,000:    0s.  Last read position: 21:47,438,813
INFO	2018-05-27 09:34:13	MergeVcfs	Processed     4,040,000 records.  Elapsed time: 00:00:46s.  Time for last 10,000:    0s.  Last read position: 22:22,604,255
INFO	2018-05-27 09:34:13	MergeVcfs	Processed     4,050,000 records.  Elapsed time: 00:00:46s.  Time for last 10,000:    0s.  Last read position: 22:28,091,826
INFO	2018-05-27 09:34:13	MergeVcfs	Processed     4,060,000 records.  Elapsed time: 00:00:46s.  Time for last 10,000:    0s.  Last read position: 22:35,538,698
INFO	2018-05-27 09:34:13	MergeVcfs	Processed     4,070,000 records.  Elapsed time: 00:00:46s.  Time for last 10,000:    0s.  Last read position: 22:43,041,545
INFO	2018-05-27 09:34:13	MergeVcfs	Processed     4,080,000 records.  Elapsed time: 00:00:47s.  Time for last 10,000:    0s.  Last read position: 22:48,557,552
INFO	2018-05-27 09:34:13	MergeVcfs	Processed     4,090,000 records.  Elapsed time: 00:00:47s.  Time for last 10,000:    0s.  Last read position: X:1,251,600
INFO	2018-05-27 09:34:13	MergeVcfs	Processed     4,100,000 records.  Elapsed time: 00:00:47s.  Time for last 10,000:    0s.  Last read position: X:10,168,701
INFO	2018-05-27 09:34:13	MergeVcfs	Processed     4,110,000 records.  Elapsed time: 00:00:47s.  Time for last 10,000:    0s.  Last read position: X:29,409,620
INFO	2018-05-27 09:34:14	MergeVcfs	Processed     4,120,000 records.  Elapsed time: 00:00:47s.  Time for last 10,000:    0s.  Last read position: X:48,012,818
INFO	2018-05-27 09:34:14	MergeVcfs	Processed     4,130,000 records.  Elapsed time: 00:00:47s.  Time for last 10,000:    0s.  Last read position: X:69,994,057
INFO	2018-05-27 09:34:14	MergeVcfs	Processed     4,140,000 records.  Elapsed time: 00:00:47s.  Time for last 10,000:    0s.  Last read position: X:85,005,701
INFO	2018-05-27 09:34:14	MergeVcfs	Processed     4,150,000 records.  Elapsed time: 00:00:47s.  Time for last 10,000:    0s.  Last read position: X:97,890,722
INFO	2018-05-27 09:34:14	MergeVcfs	Processed     4,160,000 records.  Elapsed time: 00:00:47s.  Time for last 10,000:    0s.  Last read position: X:116,374,530
INFO	2018-05-27 09:34:14	MergeVcfs	Processed     4,170,000 records.  Elapsed time: 00:00:47s.  Time for last 10,000:    0s.  Last read position: X:132,600,517
INFO	2018-05-27 09:34:14	MergeVcfs	Processed     4,180,000 records.  Elapsed time: 00:00:48s.  Time for last 10,000:    0s.  Last read position: X:146,156,542
[Sun May 27 09:34:16 UTC 2018] picard.vcf.MergeVcfs done. Elapsed time: 0.83 minutes.
Runtime.totalMemory()=324534272
Completed s01_sort_merge_HG00351_ddr_control_kgen.sh
Sun 27 May 09:34:16 UTC 2018

