Starting s01_select_HG02981_ddr_control_kgen.sh
Mon 28 May 05:03:13 UTC 2018

1000 Genomes Project Individual ID - DDR control genotype to be extracted - HG02981

Selecting DDR control individual genotype from 1000 Genome Project (Chromosome 1) ...
Mon 28 May 05:03:13 UTC 2018

Completed DDR control individual genotype from 1000 Genome Project (Chromosome 1)
Mon 28 May 05:30:34 UTC 2018

Selecting DDR control individual genotype from 1000 Genome Project (Chromosome 2) ...
Mon 28 May 05:30:34 UTC 2018

Completed DDR control individual genotype from 1000 Genome Project (Chromosome 2)
Mon 28 May 06:02:01 UTC 2018

Selecting DDR control individual genotype from 1000 Genome Project (Chromosome 3) ...
Mon 28 May 06:02:01 UTC 2018

Completed DDR control individual genotype from 1000 Genome Project (Chromosome 3)
Mon 28 May 06:27:54 UTC 2018

Selecting DDR control individual genotype from 1000 Genome Project (Chromosome 4) ...
Mon 28 May 06:27:54 UTC 2018

Completed DDR control individual genotype from 1000 Genome Project (Chromosome 4)
Mon 28 May 06:54:11 UTC 2018

Selecting DDR control individual genotype from 1000 Genome Project (Chromosome 5) ...
Mon 28 May 06:54:11 UTC 2018

Completed DDR control individual genotype from 1000 Genome Project (Chromosome 5)
Mon 28 May 07:18:08 UTC 2018

Selecting DDR control individual genotype from 1000 Genome Project (Chromosome 6) ...
Mon 28 May 07:18:08 UTC 2018

Completed DDR control individual genotype from 1000 Genome Project (Chromosome 6)
Mon 28 May 07:40:07 UTC 2018

Selecting DDR control individual genotype from 1000 Genome Project (Chromosome 7) ...
Mon 28 May 07:40:07 UTC 2018

Completed DDR control individual genotype from 1000 Genome Project (Chromosome 7)
Mon 28 May 08:01:14 UTC 2018

Selecting DDR control individual genotype from 1000 Genome Project (Chromosome 8) ...
Mon 28 May 08:01:14 UTC 2018

Completed DDR control individual genotype from 1000 Genome Project (Chromosome 8)
Mon 28 May 08:21:33 UTC 2018

Selecting DDR control individual genotype from 1000 Genome Project (Chromosome 9) ...
Mon 28 May 08:21:33 UTC 2018

Completed DDR control individual genotype from 1000 Genome Project (Chromosome 9)
Mon 28 May 08:37:50 UTC 2018

Selecting DDR control individual genotype from 1000 Genome Project (Chromosome 10) ...
Mon 28 May 08:37:50 UTC 2018

Completed DDR control individual genotype from 1000 Genome Project (Chromosome 10)
Mon 28 May 08:55:23 UTC 2018

Selecting DDR control individual genotype from 1000 Genome Project (Chromosome 11) ...
Mon 28 May 08:55:23 UTC 2018

Completed DDR control individual genotype from 1000 Genome Project (Chromosome 11)
Mon 28 May 09:14:02 UTC 2018

Selecting DDR control individual genotype from 1000 Genome Project (Chromosome 12) ...
Mon 28 May 09:14:02 UTC 2018

Completed DDR control individual genotype from 1000 Genome Project (Chromosome 12)
Mon 28 May 09:32:10 UTC 2018

Selecting DDR control individual genotype from 1000 Genome Project (Chromosome 13) ...
Mon 28 May 09:32:10 UTC 2018

Completed DDR control individual genotype from 1000 Genome Project (Chromosome 13)
Mon 28 May 09:44:56 UTC 2018

Selecting DDR control individual genotype from 1000 Genome Project (Chromosome 14) ...
Mon 28 May 09:44:56 UTC 2018

Completed DDR control individual genotype from 1000 Genome Project (Chromosome 14)
Mon 28 May 09:57:21 UTC 2018

Selecting DDR control individual genotype from 1000 Genome Project (Chromosome 15) ...
Mon 28 May 09:57:21 UTC 2018

Completed DDR control individual genotype from 1000 Genome Project (Chromosome 15)
Mon 28 May 10:08:22 UTC 2018

Selecting DDR control individual genotype from 1000 Genome Project (Chromosome 16) ...
Mon 28 May 10:08:22 UTC 2018

Completed DDR control individual genotype from 1000 Genome Project (Chromosome 16)
Mon 28 May 10:20:10 UTC 2018

Selecting DDR control individual genotype from 1000 Genome Project (Chromosome 17) ...
Mon 28 May 10:20:10 UTC 2018

Completed DDR control individual genotype from 1000 Genome Project (Chromosome 17)
Mon 28 May 10:30:50 UTC 2018

Selecting DDR control individual genotype from 1000 Genome Project (Chromosome 18) ...
Mon 28 May 10:30:50 UTC 2018

Completed DDR control individual genotype from 1000 Genome Project (Chromosome 18)
Mon 28 May 10:41:21 UTC 2018

Selecting DDR control individual genotype from 1000 Genome Project (Chromosome 19) ...
Mon 28 May 10:41:21 UTC 2018

Completed DDR control individual genotype from 1000 Genome Project (Chromosome 19)
Mon 28 May 10:49:44 UTC 2018

Selecting DDR control individual genotype from 1000 Genome Project (Chromosome 20) ...
Mon 28 May 10:49:44 UTC 2018

Completed DDR control individual genotype from 1000 Genome Project (Chromosome 20)
Mon 28 May 10:57:44 UTC 2018

Selecting DDR control individual genotype from 1000 Genome Project (Chromosome 21) ...
Mon 28 May 10:57:44 UTC 2018

Completed DDR control individual genotype from 1000 Genome Project (Chromosome 21)
Mon 28 May 11:02:44 UTC 2018

Selecting DDR control individual genotype from 1000 Genome Project (Chromosome 22) ...
Mon 28 May 11:02:44 UTC 2018

Completed DDR control individual genotype from 1000 Genome Project (Chromosome 22)
Mon 28 May 11:07:48 UTC 2018

Selecting DDR control individual genotype from 1000 Genome Project (Chromosome X) ...
Mon 28 May 11:07:48 UTC 2018

Completed DDR control individual genotype from 1000 Genome Project (Chromosome X)
Mon 28 May 11:24:10 UTC 2018


Merging DDR control individual genotype VCF files from 1000 Genome Project
Mon 28 May 11:24:10 UTC 2018
11:24:11.059 INFO  NativeLibraryLoader - Loading libgkl_compression.so from jar:file:/home/ec2-user/tools/picard/picard.jar!/com/intel/gkl/native/libgkl_compression.so
[Mon May 28 11:24:11 UTC 2018] MergeVcfs INPUT=[/home/ec2-user/results/data_analysis/gt_individuals/kgen/ddr_control/HG02981/s01_HG02981_ddr_control_kgen_chr1_raw.vcf, /home/ec2-user/results/data_analysis/gt_individuals/kgen/ddr_control/HG02981/s01_HG02981_ddr_control_kgen_chr2_raw.vcf, /home/ec2-user/results/data_analysis/gt_individuals/kgen/ddr_control/HG02981/s01_HG02981_ddr_control_kgen_chr3_raw.vcf, /home/ec2-user/results/data_analysis/gt_individuals/kgen/ddr_control/HG02981/s01_HG02981_ddr_control_kgen_chr4_raw.vcf, /home/ec2-user/results/data_analysis/gt_individuals/kgen/ddr_control/HG02981/s01_HG02981_ddr_control_kgen_chr5_raw.vcf, /home/ec2-user/results/data_analysis/gt_individuals/kgen/ddr_control/HG02981/s01_HG02981_ddr_control_kgen_chr6_raw.vcf, /home/ec2-user/results/data_analysis/gt_individuals/kgen/ddr_control/HG02981/s01_HG02981_ddr_control_kgen_chr7_raw.vcf, /home/ec2-user/results/data_analysis/gt_individuals/kgen/ddr_control/HG02981/s01_HG02981_ddr_control_kgen_chr8_raw.vcf, /home/ec2-user/results/data_analysis/gt_individuals/kgen/ddr_control/HG02981/s01_HG02981_ddr_control_kgen_chr9_raw.vcf, /home/ec2-user/results/data_analysis/gt_individuals/kgen/ddr_control/HG02981/s01_HG02981_ddr_control_kgen_chr10_raw.vcf, /home/ec2-user/results/data_analysis/gt_individuals/kgen/ddr_control/HG02981/s01_HG02981_ddr_control_kgen_chr11_raw.vcf, /home/ec2-user/results/data_analysis/gt_individuals/kgen/ddr_control/HG02981/s01_HG02981_ddr_control_kgen_chr12_raw.vcf, /home/ec2-user/results/data_analysis/gt_individuals/kgen/ddr_control/HG02981/s01_HG02981_ddr_control_kgen_chr13_raw.vcf, /home/ec2-user/results/data_analysis/gt_individuals/kgen/ddr_control/HG02981/s01_HG02981_ddr_control_kgen_chr14_raw.vcf, /home/ec2-user/results/data_analysis/gt_individuals/kgen/ddr_control/HG02981/s01_HG02981_ddr_control_kgen_chr15_raw.vcf, /home/ec2-user/results/data_analysis/gt_individuals/kgen/ddr_control/HG02981/s01_HG02981_ddr_control_kgen_chr16_raw.vcf, /home/ec2-user/results/data_analysis/gt_individuals/kgen/ddr_control/HG02981/s01_HG02981_ddr_control_kgen_chr17_raw.vcf, /home/ec2-user/results/data_analysis/gt_individuals/kgen/ddr_control/HG02981/s01_HG02981_ddr_control_kgen_chr18_raw.vcf, /home/ec2-user/results/data_analysis/gt_individuals/kgen/ddr_control/HG02981/s01_HG02981_ddr_control_kgen_chr19_raw.vcf, /home/ec2-user/results/data_analysis/gt_individuals/kgen/ddr_control/HG02981/s01_HG02981_ddr_control_kgen_chr20_raw.vcf, /home/ec2-user/results/data_analysis/gt_individuals/kgen/ddr_control/HG02981/s01_HG02981_ddr_control_kgen_chr21_raw.vcf, /home/ec2-user/results/data_analysis/gt_individuals/kgen/ddr_control/HG02981/s01_HG02981_ddr_control_kgen_chr22_raw.vcf, /home/ec2-user/results/data_analysis/gt_individuals/kgen/ddr_control/HG02981/s01_HG02981_ddr_control_kgen_chrX_raw.vcf] OUTPUT=/home/ec2-user/results/data_analysis/gt_individuals/kgen/ddr_control/HG02981/s01_HG02981_ddr_control_kgen_merged_raw.vcf.gz    VERBOSITY=INFO QUIET=false VALIDATION_STRINGENCY=STRICT COMPRESSION_LEVEL=5 MAX_RECORDS_IN_RAM=500000 CREATE_INDEX=true CREATE_MD5_FILE=false GA4GH_CLIENT_SECRETS=client_secrets.json USE_JDK_DEFLATER=false USE_JDK_INFLATER=false
[Mon May 28 11:24:11 UTC 2018] Executing as ec2-user@ip-172-31-42-132 on Linux 4.14.33-51.37.amzn1.x86_64 amd64; OpenJDK 64-Bit Server VM 1.8.0_171-b10; Deflater: Intel; Inflater: Intel; Provider GCS is not available; Picard version: 2.18.2-SNAPSHOT
INFO	2018-05-28 11:24:12	MergeVcfs	Processed        10,000 records.  Elapsed time: 00:00:01s.  Time for last 10,000:    0s.  Last read position: 1:4,889,912
INFO	2018-05-28 11:24:12	MergeVcfs	Processed        20,000 records.  Elapsed time: 00:00:01s.  Time for last 10,000:    0s.  Last read position: 1:9,893,159
INFO	2018-05-28 11:24:13	MergeVcfs	Processed        30,000 records.  Elapsed time: 00:00:01s.  Time for last 10,000:    0s.  Last read position: 1:15,583,819
INFO	2018-05-28 11:24:13	MergeVcfs	Processed        40,000 records.  Elapsed time: 00:00:02s.  Time for last 10,000:    0s.  Last read position: 1:20,899,066
INFO	2018-05-28 11:24:13	MergeVcfs	Processed        50,000 records.  Elapsed time: 00:00:02s.  Time for last 10,000:    0s.  Last read position: 1:26,668,287
INFO	2018-05-28 11:24:14	MergeVcfs	Processed        60,000 records.  Elapsed time: 00:00:02s.  Time for last 10,000:    0s.  Last read position: 1:33,157,629
INFO	2018-05-28 11:24:14	MergeVcfs	Processed        70,000 records.  Elapsed time: 00:00:03s.  Time for last 10,000:    0s.  Last read position: 1:39,959,491
INFO	2018-05-28 11:24:14	MergeVcfs	Processed        80,000 records.  Elapsed time: 00:00:03s.  Time for last 10,000:    0s.  Last read position: 1:46,396,704
INFO	2018-05-28 11:24:14	MergeVcfs	Processed        90,000 records.  Elapsed time: 00:00:03s.  Time for last 10,000:    0s.  Last read position: 1:54,704,629
INFO	2018-05-28 11:24:15	MergeVcfs	Processed       100,000 records.  Elapsed time: 00:00:04s.  Time for last 10,000:    0s.  Last read position: 1:60,280,749
INFO	2018-05-28 11:24:15	MergeVcfs	Processed       110,000 records.  Elapsed time: 00:00:04s.  Time for last 10,000:    0s.  Last read position: 1:65,846,124
INFO	2018-05-28 11:24:15	MergeVcfs	Processed       120,000 records.  Elapsed time: 00:00:04s.  Time for last 10,000:    0s.  Last read position: 1:72,033,518
INFO	2018-05-28 11:24:15	MergeVcfs	Processed       130,000 records.  Elapsed time: 00:00:04s.  Time for last 10,000:    0s.  Last read position: 1:78,527,497
INFO	2018-05-28 11:24:16	MergeVcfs	Processed       140,000 records.  Elapsed time: 00:00:05s.  Time for last 10,000:    0s.  Last read position: 1:84,137,019
INFO	2018-05-28 11:24:16	MergeVcfs	Processed       150,000 records.  Elapsed time: 00:00:05s.  Time for last 10,000:    0s.  Last read position: 1:89,923,327
INFO	2018-05-28 11:24:16	MergeVcfs	Processed       160,000 records.  Elapsed time: 00:00:05s.  Time for last 10,000:    0s.  Last read position: 1:95,563,307
INFO	2018-05-28 11:24:16	MergeVcfs	Processed       170,000 records.  Elapsed time: 00:00:05s.  Time for last 10,000:    0s.  Last read position: 1:101,750,383
INFO	2018-05-28 11:24:17	MergeVcfs	Processed       180,000 records.  Elapsed time: 00:00:06s.  Time for last 10,000:    0s.  Last read position: 1:106,421,122
INFO	2018-05-28 11:24:17	MergeVcfs	Processed       190,000 records.  Elapsed time: 00:00:06s.  Time for last 10,000:    0s.  Last read position: 1:112,273,402
INFO	2018-05-28 11:24:17	MergeVcfs	Processed       200,000 records.  Elapsed time: 00:00:06s.  Time for last 10,000:    0s.  Last read position: 1:118,492,223
INFO	2018-05-28 11:24:17	MergeVcfs	Processed       210,000 records.  Elapsed time: 00:00:06s.  Time for last 10,000:    0s.  Last read position: 1:149,197,940
INFO	2018-05-28 11:24:18	MergeVcfs	Processed       220,000 records.  Elapsed time: 00:00:06s.  Time for last 10,000:    0s.  Last read position: 1:155,745,810
INFO	2018-05-28 11:24:18	MergeVcfs	Processed       230,000 records.  Elapsed time: 00:00:07s.  Time for last 10,000:    0s.  Last read position: 1:161,290,686
INFO	2018-05-28 11:24:18	MergeVcfs	Processed       240,000 records.  Elapsed time: 00:00:07s.  Time for last 10,000:    0s.  Last read position: 1:166,677,377
INFO	2018-05-28 11:24:18	MergeVcfs	Processed       250,000 records.  Elapsed time: 00:00:07s.  Time for last 10,000:    0s.  Last read position: 1:172,058,169
INFO	2018-05-28 11:24:18	MergeVcfs	Processed       260,000 records.  Elapsed time: 00:00:07s.  Time for last 10,000:    0s.  Last read position: 1:178,366,812
INFO	2018-05-28 11:24:18	MergeVcfs	Processed       270,000 records.  Elapsed time: 00:00:07s.  Time for last 10,000:    0s.  Last read position: 1:184,776,193
INFO	2018-05-28 11:24:18	MergeVcfs	Processed       280,000 records.  Elapsed time: 00:00:07s.  Time for last 10,000:    0s.  Last read position: 1:190,216,062
INFO	2018-05-28 11:24:18	MergeVcfs	Processed       290,000 records.  Elapsed time: 00:00:07s.  Time for last 10,000:    0s.  Last read position: 1:196,677,945
INFO	2018-05-28 11:24:18	MergeVcfs	Processed       300,000 records.  Elapsed time: 00:00:07s.  Time for last 10,000:    0s.  Last read position: 1:202,685,915
INFO	2018-05-28 11:24:19	MergeVcfs	Processed       310,000 records.  Elapsed time: 00:00:07s.  Time for last 10,000:    0s.  Last read position: 1:209,076,398
INFO	2018-05-28 11:24:19	MergeVcfs	Processed       320,000 records.  Elapsed time: 00:00:08s.  Time for last 10,000:    0s.  Last read position: 1:215,072,761
INFO	2018-05-28 11:24:19	MergeVcfs	Processed       330,000 records.  Elapsed time: 00:00:08s.  Time for last 10,000:    0s.  Last read position: 1:220,954,078
INFO	2018-05-28 11:24:19	MergeVcfs	Processed       340,000 records.  Elapsed time: 00:00:08s.  Time for last 10,000:    0s.  Last read position: 1:226,608,615
INFO	2018-05-28 11:24:19	MergeVcfs	Processed       350,000 records.  Elapsed time: 00:00:08s.  Time for last 10,000:    0s.  Last read position: 1:232,004,638
INFO	2018-05-28 11:24:19	MergeVcfs	Processed       360,000 records.  Elapsed time: 00:00:08s.  Time for last 10,000:    0s.  Last read position: 1:237,040,913
INFO	2018-05-28 11:24:19	MergeVcfs	Processed       370,000 records.  Elapsed time: 00:00:08s.  Time for last 10,000:    0s.  Last read position: 1:241,505,574
INFO	2018-05-28 11:24:19	MergeVcfs	Processed       380,000 records.  Elapsed time: 00:00:08s.  Time for last 10,000:    0s.  Last read position: 1:246,136,156
INFO	2018-05-28 11:24:19	MergeVcfs	Processed       390,000 records.  Elapsed time: 00:00:08s.  Time for last 10,000:    0s.  Last read position: 2:863,956
INFO	2018-05-28 11:24:20	MergeVcfs	Processed       400,000 records.  Elapsed time: 00:00:08s.  Time for last 10,000:    0s.  Last read position: 2:5,271,928
INFO	2018-05-28 11:24:20	MergeVcfs	Processed       410,000 records.  Elapsed time: 00:00:09s.  Time for last 10,000:    0s.  Last read position: 2:10,520,236
INFO	2018-05-28 11:24:20	MergeVcfs	Processed       420,000 records.  Elapsed time: 00:00:09s.  Time for last 10,000:    0s.  Last read position: 2:15,651,846
INFO	2018-05-28 11:24:20	MergeVcfs	Processed       430,000 records.  Elapsed time: 00:00:09s.  Time for last 10,000:    0s.  Last read position: 2:21,396,090
INFO	2018-05-28 11:24:20	MergeVcfs	Processed       440,000 records.  Elapsed time: 00:00:09s.  Time for last 10,000:    0s.  Last read position: 2:27,878,686
INFO	2018-05-28 11:24:20	MergeVcfs	Processed       450,000 records.  Elapsed time: 00:00:09s.  Time for last 10,000:    0s.  Last read position: 2:34,039,711
INFO	2018-05-28 11:24:20	MergeVcfs	Processed       460,000 records.  Elapsed time: 00:00:09s.  Time for last 10,000:    0s.  Last read position: 2:38,214,146
INFO	2018-05-28 11:24:20	MergeVcfs	Processed       470,000 records.  Elapsed time: 00:00:09s.  Time for last 10,000:    0s.  Last read position: 2:42,556,690
INFO	2018-05-28 11:24:20	MergeVcfs	Processed       480,000 records.  Elapsed time: 00:00:09s.  Time for last 10,000:    0s.  Last read position: 2:47,894,472
INFO	2018-05-28 11:24:21	MergeVcfs	Processed       490,000 records.  Elapsed time: 00:00:09s.  Time for last 10,000:    0s.  Last read position: 2:53,012,898
INFO	2018-05-28 11:24:21	MergeVcfs	Processed       500,000 records.  Elapsed time: 00:00:10s.  Time for last 10,000:    0s.  Last read position: 2:57,764,318
INFO	2018-05-28 11:24:21	MergeVcfs	Processed       510,000 records.  Elapsed time: 00:00:10s.  Time for last 10,000:    0s.  Last read position: 2:64,759,442
INFO	2018-05-28 11:24:21	MergeVcfs	Processed       520,000 records.  Elapsed time: 00:00:10s.  Time for last 10,000:    0s.  Last read position: 2:70,010,351
INFO	2018-05-28 11:24:21	MergeVcfs	Processed       530,000 records.  Elapsed time: 00:00:10s.  Time for last 10,000:    0s.  Last read position: 2:76,226,996
INFO	2018-05-28 11:24:21	MergeVcfs	Processed       540,000 records.  Elapsed time: 00:00:10s.  Time for last 10,000:    0s.  Last read position: 2:81,079,513
INFO	2018-05-28 11:24:21	MergeVcfs	Processed       550,000 records.  Elapsed time: 00:00:10s.  Time for last 10,000:    0s.  Last read position: 2:86,857,980
INFO	2018-05-28 11:24:21	MergeVcfs	Processed       560,000 records.  Elapsed time: 00:00:10s.  Time for last 10,000:    0s.  Last read position: 2:100,924,761
INFO	2018-05-28 11:24:21	MergeVcfs	Processed       570,000 records.  Elapsed time: 00:00:10s.  Time for last 10,000:    0s.  Last read position: 2:106,720,119
INFO	2018-05-28 11:24:21	MergeVcfs	Processed       580,000 records.  Elapsed time: 00:00:10s.  Time for last 10,000:    0s.  Last read position: 2:113,682,413
INFO	2018-05-28 11:24:22	MergeVcfs	Processed       590,000 records.  Elapsed time: 00:00:10s.  Time for last 10,000:    0s.  Last read position: 2:118,893,499
INFO	2018-05-28 11:24:22	MergeVcfs	Processed       600,000 records.  Elapsed time: 00:00:11s.  Time for last 10,000:    0s.  Last read position: 2:124,463,945
INFO	2018-05-28 11:24:22	MergeVcfs	Processed       610,000 records.  Elapsed time: 00:00:11s.  Time for last 10,000:    0s.  Last read position: 2:129,739,742
INFO	2018-05-28 11:24:22	MergeVcfs	Processed       620,000 records.  Elapsed time: 00:00:11s.  Time for last 10,000:    0s.  Last read position: 2:135,212,329
INFO	2018-05-28 11:24:22	MergeVcfs	Processed       630,000 records.  Elapsed time: 00:00:11s.  Time for last 10,000:    0s.  Last read position: 2:140,653,749
INFO	2018-05-28 11:24:22	MergeVcfs	Processed       640,000 records.  Elapsed time: 00:00:11s.  Time for last 10,000:    0s.  Last read position: 2:147,818,806
INFO	2018-05-28 11:24:22	MergeVcfs	Processed       650,000 records.  Elapsed time: 00:00:11s.  Time for last 10,000:    0s.  Last read position: 2:154,315,612
INFO	2018-05-28 11:24:22	MergeVcfs	Processed       660,000 records.  Elapsed time: 00:00:11s.  Time for last 10,000:    0s.  Last read position: 2:160,719,172
INFO	2018-05-28 11:24:22	MergeVcfs	Processed       670,000 records.  Elapsed time: 00:00:11s.  Time for last 10,000:    0s.  Last read position: 2:167,451,333
INFO	2018-05-28 11:24:23	MergeVcfs	Processed       680,000 records.  Elapsed time: 00:00:11s.  Time for last 10,000:    0s.  Last read position: 2:172,608,956
INFO	2018-05-28 11:24:23	MergeVcfs	Processed       690,000 records.  Elapsed time: 00:00:12s.  Time for last 10,000:    0s.  Last read position: 2:178,666,997
INFO	2018-05-28 11:24:23	MergeVcfs	Processed       700,000 records.  Elapsed time: 00:00:12s.  Time for last 10,000:    0s.  Last read position: 2:184,488,081
INFO	2018-05-28 11:24:23	MergeVcfs	Processed       710,000 records.  Elapsed time: 00:00:12s.  Time for last 10,000:    0s.  Last read position: 2:190,592,854
INFO	2018-05-28 11:24:23	MergeVcfs	Processed       720,000 records.  Elapsed time: 00:00:12s.  Time for last 10,000:    0s.  Last read position: 2:196,793,467
INFO	2018-05-28 11:24:23	MergeVcfs	Processed       730,000 records.  Elapsed time: 00:00:12s.  Time for last 10,000:    0s.  Last read position: 2:204,216,255
INFO	2018-05-28 11:24:23	MergeVcfs	Processed       740,000 records.  Elapsed time: 00:00:12s.  Time for last 10,000:    0s.  Last read position: 2:210,271,984
INFO	2018-05-28 11:24:23	MergeVcfs	Processed       750,000 records.  Elapsed time: 00:00:12s.  Time for last 10,000:    0s.  Last read position: 2:215,467,692
INFO	2018-05-28 11:24:23	MergeVcfs	Processed       760,000 records.  Elapsed time: 00:00:12s.  Time for last 10,000:    0s.  Last read position: 2:220,705,060
INFO	2018-05-28 11:24:23	MergeVcfs	Processed       770,000 records.  Elapsed time: 00:00:12s.  Time for last 10,000:    0s.  Last read position: 2:225,890,844
INFO	2018-05-28 11:24:24	MergeVcfs	Processed       780,000 records.  Elapsed time: 00:00:12s.  Time for last 10,000:    0s.  Last read position: 2:230,941,123
INFO	2018-05-28 11:24:24	MergeVcfs	Processed       790,000 records.  Elapsed time: 00:00:13s.  Time for last 10,000:    0s.  Last read position: 2:236,149,223
INFO	2018-05-28 11:24:24	MergeVcfs	Processed       800,000 records.  Elapsed time: 00:00:13s.  Time for last 10,000:    0s.  Last read position: 2:240,689,049
INFO	2018-05-28 11:24:24	MergeVcfs	Processed       810,000 records.  Elapsed time: 00:00:13s.  Time for last 10,000:    0s.  Last read position: 3:1,522,078
INFO	2018-05-28 11:24:24	MergeVcfs	Processed       820,000 records.  Elapsed time: 00:00:13s.  Time for last 10,000:    0s.  Last read position: 3:5,376,790
INFO	2018-05-28 11:24:24	MergeVcfs	Processed       830,000 records.  Elapsed time: 00:00:13s.  Time for last 10,000:    0s.  Last read position: 3:9,141,453
INFO	2018-05-28 11:24:24	MergeVcfs	Processed       840,000 records.  Elapsed time: 00:00:13s.  Time for last 10,000:    0s.  Last read position: 3:13,905,000
INFO	2018-05-28 11:24:24	MergeVcfs	Processed       850,000 records.  Elapsed time: 00:00:13s.  Time for last 10,000:    0s.  Last read position: 3:20,240,599
INFO	2018-05-28 11:24:24	MergeVcfs	Processed       860,000 records.  Elapsed time: 00:00:13s.  Time for last 10,000:    0s.  Last read position: 3:25,137,896
INFO	2018-05-28 11:24:25	MergeVcfs	Processed       870,000 records.  Elapsed time: 00:00:13s.  Time for last 10,000:    0s.  Last read position: 3:30,641,480
INFO	2018-05-28 11:24:25	MergeVcfs	Processed       880,000 records.  Elapsed time: 00:00:14s.  Time for last 10,000:    0s.  Last read position: 3:36,167,746
INFO	2018-05-28 11:24:25	MergeVcfs	Processed       890,000 records.  Elapsed time: 00:00:14s.  Time for last 10,000:    0s.  Last read position: 3:41,728,138
INFO	2018-05-28 11:24:25	MergeVcfs	Processed       900,000 records.  Elapsed time: 00:00:14s.  Time for last 10,000:    0s.  Last read position: 3:48,625,266
INFO	2018-05-28 11:24:25	MergeVcfs	Processed       910,000 records.  Elapsed time: 00:00:14s.  Time for last 10,000:    0s.  Last read position: 3:55,838,342
INFO	2018-05-28 11:24:25	MergeVcfs	Processed       920,000 records.  Elapsed time: 00:00:14s.  Time for last 10,000:    0s.  Last read position: 3:61,170,006
INFO	2018-05-28 11:24:25	MergeVcfs	Processed       930,000 records.  Elapsed time: 00:00:14s.  Time for last 10,000:    0s.  Last read position: 3:66,543,538
INFO	2018-05-28 11:24:25	MergeVcfs	Processed       940,000 records.  Elapsed time: 00:00:14s.  Time for last 10,000:    0s.  Last read position: 3:72,011,302
INFO	2018-05-28 11:24:25	MergeVcfs	Processed       950,000 records.  Elapsed time: 00:00:14s.  Time for last 10,000:    0s.  Last read position: 3:77,159,751
INFO	2018-05-28 11:24:26	MergeVcfs	Processed       960,000 records.  Elapsed time: 00:00:14s.  Time for last 10,000:    0s.  Last read position: 3:83,074,685
INFO	2018-05-28 11:24:26	MergeVcfs	Processed       970,000 records.  Elapsed time: 00:00:15s.  Time for last 10,000:    0s.  Last read position: 3:88,779,821
INFO	2018-05-28 11:24:26	MergeVcfs	Processed       980,000 records.  Elapsed time: 00:00:15s.  Time for last 10,000:    0s.  Last read position: 3:97,946,878
INFO	2018-05-28 11:24:26	MergeVcfs	Processed       990,000 records.  Elapsed time: 00:00:15s.  Time for last 10,000:    0s.  Last read position: 3:103,145,445
INFO	2018-05-28 11:24:26	MergeVcfs	Processed     1,000,000 records.  Elapsed time: 00:00:15s.  Time for last 10,000:    0s.  Last read position: 3:108,583,454
INFO	2018-05-28 11:24:26	MergeVcfs	Processed     1,010,000 records.  Elapsed time: 00:00:15s.  Time for last 10,000:    0s.  Last read position: 3:114,579,152
INFO	2018-05-28 11:24:26	MergeVcfs	Processed     1,020,000 records.  Elapsed time: 00:00:15s.  Time for last 10,000:    0s.  Last read position: 3:120,286,655
INFO	2018-05-28 11:24:26	MergeVcfs	Processed     1,030,000 records.  Elapsed time: 00:00:15s.  Time for last 10,000:    0s.  Last read position: 3:126,135,727
INFO	2018-05-28 11:24:26	MergeVcfs	Processed     1,040,000 records.  Elapsed time: 00:00:15s.  Time for last 10,000:    0s.  Last read position: 3:132,056,004
INFO	2018-05-28 11:24:26	MergeVcfs	Processed     1,050,000 records.  Elapsed time: 00:00:15s.  Time for last 10,000:    0s.  Last read position: 3:138,305,402
INFO	2018-05-28 11:24:27	MergeVcfs	Processed     1,060,000 records.  Elapsed time: 00:00:16s.  Time for last 10,000:    0s.  Last read position: 3:144,228,094
INFO	2018-05-28 11:24:27	MergeVcfs	Processed     1,070,000 records.  Elapsed time: 00:00:16s.  Time for last 10,000:    0s.  Last read position: 3:149,276,326
INFO	2018-05-28 11:24:27	MergeVcfs	Processed     1,080,000 records.  Elapsed time: 00:00:16s.  Time for last 10,000:    0s.  Last read position: 3:155,146,542
INFO	2018-05-28 11:24:27	MergeVcfs	Processed     1,090,000 records.  Elapsed time: 00:00:16s.  Time for last 10,000:    0s.  Last read position: 3:161,410,557
INFO	2018-05-28 11:24:27	MergeVcfs	Processed     1,100,000 records.  Elapsed time: 00:00:16s.  Time for last 10,000:    0s.  Last read position: 3:165,886,214
INFO	2018-05-28 11:24:27	MergeVcfs	Processed     1,110,000 records.  Elapsed time: 00:00:16s.  Time for last 10,000:    0s.  Last read position: 3:172,392,110
INFO	2018-05-28 11:24:27	MergeVcfs	Processed     1,120,000 records.  Elapsed time: 00:00:16s.  Time for last 10,000:    0s.  Last read position: 3:177,652,579
INFO	2018-05-28 11:24:27	MergeVcfs	Processed     1,130,000 records.  Elapsed time: 00:00:16s.  Time for last 10,000:    0s.  Last read position: 3:183,562,925
INFO	2018-05-28 11:24:27	MergeVcfs	Processed     1,140,000 records.  Elapsed time: 00:00:16s.  Time for last 10,000:    0s.  Last read position: 3:189,203,330
INFO	2018-05-28 11:24:28	MergeVcfs	Processed     1,150,000 records.  Elapsed time: 00:00:16s.  Time for last 10,000:    0s.  Last read position: 3:193,575,719
INFO	2018-05-28 11:24:28	MergeVcfs	Processed     1,160,000 records.  Elapsed time: 00:00:17s.  Time for last 10,000:    0s.  Last read position: 4:199,908
INFO	2018-05-28 11:24:28	MergeVcfs	Processed     1,170,000 records.  Elapsed time: 00:00:17s.  Time for last 10,000:    0s.  Last read position: 4:4,326,450
INFO	2018-05-28 11:24:28	MergeVcfs	Processed     1,180,000 records.  Elapsed time: 00:00:17s.  Time for last 10,000:    0s.  Last read position: 4:8,061,256
INFO	2018-05-28 11:24:28	MergeVcfs	Processed     1,190,000 records.  Elapsed time: 00:00:17s.  Time for last 10,000:    0s.  Last read position: 4:11,934,939
INFO	2018-05-28 11:24:28	MergeVcfs	Processed     1,200,000 records.  Elapsed time: 00:00:17s.  Time for last 10,000:    0s.  Last read position: 4:17,057,020
INFO	2018-05-28 11:24:28	MergeVcfs	Processed     1,210,000 records.  Elapsed time: 00:00:17s.  Time for last 10,000:    0s.  Last read position: 4:22,185,504
INFO	2018-05-28 11:24:28	MergeVcfs	Processed     1,220,000 records.  Elapsed time: 00:00:17s.  Time for last 10,000:    0s.  Last read position: 4:27,708,200
INFO	2018-05-28 11:24:28	MergeVcfs	Processed     1,230,000 records.  Elapsed time: 00:00:17s.  Time for last 10,000:    0s.  Last read position: 4:31,963,688
INFO	2018-05-28 11:24:28	MergeVcfs	Processed     1,240,000 records.  Elapsed time: 00:00:17s.  Time for last 10,000:    0s.  Last read position: 4:36,451,278
INFO	2018-05-28 11:24:29	MergeVcfs	Processed     1,250,000 records.  Elapsed time: 00:00:18s.  Time for last 10,000:    0s.  Last read position: 4:41,587,897
INFO	2018-05-28 11:24:29	MergeVcfs	Processed     1,260,000 records.  Elapsed time: 00:00:18s.  Time for last 10,000:    0s.  Last read position: 4:47,244,390
INFO	2018-05-28 11:24:29	MergeVcfs	Processed     1,270,000 records.  Elapsed time: 00:00:18s.  Time for last 10,000:    0s.  Last read position: 4:55,816,096
INFO	2018-05-28 11:24:29	MergeVcfs	Processed     1,280,000 records.  Elapsed time: 00:00:18s.  Time for last 10,000:    0s.  Last read position: 4:59,951,174
INFO	2018-05-28 11:24:29	MergeVcfs	Processed     1,290,000 records.  Elapsed time: 00:00:18s.  Time for last 10,000:    0s.  Last read position: 4:64,192,677
INFO	2018-05-28 11:24:29	MergeVcfs	Processed     1,300,000 records.  Elapsed time: 00:00:18s.  Time for last 10,000:    0s.  Last read position: 4:68,917,520
INFO	2018-05-28 11:24:29	MergeVcfs	Processed     1,310,000 records.  Elapsed time: 00:00:18s.  Time for last 10,000:    0s.  Last read position: 4:73,690,460
INFO	2018-05-28 11:24:29	MergeVcfs	Processed     1,320,000 records.  Elapsed time: 00:00:18s.  Time for last 10,000:    0s.  Last read position: 4:79,293,521
INFO	2018-05-28 11:24:29	MergeVcfs	Processed     1,330,000 records.  Elapsed time: 00:00:18s.  Time for last 10,000:    0s.  Last read position: 4:84,528,556
INFO	2018-05-28 11:24:30	MergeVcfs	Processed     1,340,000 records.  Elapsed time: 00:00:18s.  Time for last 10,000:    0s.  Last read position: 4:89,916,251
INFO	2018-05-28 11:24:30	MergeVcfs	Processed     1,350,000 records.  Elapsed time: 00:00:19s.  Time for last 10,000:    0s.  Last read position: 4:95,640,980
INFO	2018-05-28 11:24:30	MergeVcfs	Processed     1,360,000 records.  Elapsed time: 00:00:19s.  Time for last 10,000:    0s.  Last read position: 4:101,118,759
INFO	2018-05-28 11:24:30	MergeVcfs	Processed     1,370,000 records.  Elapsed time: 00:00:19s.  Time for last 10,000:    0s.  Last read position: 4:106,486,584
INFO	2018-05-28 11:24:30	MergeVcfs	Processed     1,380,000 records.  Elapsed time: 00:00:19s.  Time for last 10,000:    0s.  Last read position: 4:112,071,543
INFO	2018-05-28 11:24:30	MergeVcfs	Processed     1,390,000 records.  Elapsed time: 00:00:19s.  Time for last 10,000:    0s.  Last read position: 4:117,596,143
INFO	2018-05-28 11:24:30	MergeVcfs	Processed     1,400,000 records.  Elapsed time: 00:00:19s.  Time for last 10,000:    0s.  Last read position: 4:123,920,680
INFO	2018-05-28 11:24:30	MergeVcfs	Processed     1,410,000 records.  Elapsed time: 00:00:19s.  Time for last 10,000:    0s.  Last read position: 4:130,241,934
INFO	2018-05-28 11:24:30	MergeVcfs	Processed     1,420,000 records.  Elapsed time: 00:00:19s.  Time for last 10,000:    0s.  Last read position: 4:135,284,325
INFO	2018-05-28 11:24:30	MergeVcfs	Processed     1,430,000 records.  Elapsed time: 00:00:19s.  Time for last 10,000:    0s.  Last read position: 4:140,581,321
INFO	2018-05-28 11:24:31	MergeVcfs	Processed     1,440,000 records.  Elapsed time: 00:00:19s.  Time for last 10,000:    0s.  Last read position: 4:145,946,756
INFO	2018-05-28 11:24:31	MergeVcfs	Processed     1,450,000 records.  Elapsed time: 00:00:20s.  Time for last 10,000:    0s.  Last read position: 4:153,089,754
INFO	2018-05-28 11:24:31	MergeVcfs	Processed     1,460,000 records.  Elapsed time: 00:00:20s.  Time for last 10,000:    0s.  Last read position: 4:158,599,948
INFO	2018-05-28 11:24:31	MergeVcfs	Processed     1,470,000 records.  Elapsed time: 00:00:20s.  Time for last 10,000:    0s.  Last read position: 4:163,374,109
INFO	2018-05-28 11:24:31	MergeVcfs	Processed     1,480,000 records.  Elapsed time: 00:00:20s.  Time for last 10,000:    0s.  Last read position: 4:168,631,092
INFO	2018-05-28 11:24:31	MergeVcfs	Processed     1,490,000 records.  Elapsed time: 00:00:20s.  Time for last 10,000:    0s.  Last read position: 4:173,692,899
INFO	2018-05-28 11:24:31	MergeVcfs	Processed     1,500,000 records.  Elapsed time: 00:00:20s.  Time for last 10,000:    0s.  Last read position: 4:178,922,743
INFO	2018-05-28 11:24:31	MergeVcfs	Processed     1,510,000 records.  Elapsed time: 00:00:20s.  Time for last 10,000:    0s.  Last read position: 4:183,212,045
INFO	2018-05-28 11:24:31	MergeVcfs	Processed     1,520,000 records.  Elapsed time: 00:00:20s.  Time for last 10,000:    0s.  Last read position: 4:187,390,722
INFO	2018-05-28 11:24:32	MergeVcfs	Processed     1,530,000 records.  Elapsed time: 00:00:20s.  Time for last 10,000:    0s.  Last read position: 5:75,167
INFO	2018-05-28 11:24:32	MergeVcfs	Processed     1,540,000 records.  Elapsed time: 00:00:21s.  Time for last 10,000:    0s.  Last read position: 5:3,679,851
INFO	2018-05-28 11:24:32	MergeVcfs	Processed     1,550,000 records.  Elapsed time: 00:00:21s.  Time for last 10,000:    0s.  Last read position: 5:8,117,664
INFO	2018-05-28 11:24:32	MergeVcfs	Processed     1,560,000 records.  Elapsed time: 00:00:21s.  Time for last 10,000:    0s.  Last read position: 5:13,098,061
INFO	2018-05-28 11:24:32	MergeVcfs	Processed     1,570,000 records.  Elapsed time: 00:00:21s.  Time for last 10,000:    0s.  Last read position: 5:18,421,927
INFO	2018-05-28 11:24:32	MergeVcfs	Processed     1,580,000 records.  Elapsed time: 00:00:21s.  Time for last 10,000:    0s.  Last read position: 5:23,656,225
INFO	2018-05-28 11:24:32	MergeVcfs	Processed     1,590,000 records.  Elapsed time: 00:00:21s.  Time for last 10,000:    0s.  Last read position: 5:29,029,259
INFO	2018-05-28 11:24:32	MergeVcfs	Processed     1,600,000 records.  Elapsed time: 00:00:21s.  Time for last 10,000:    0s.  Last read position: 5:33,673,206
INFO	2018-05-28 11:24:32	MergeVcfs	Processed     1,610,000 records.  Elapsed time: 00:00:21s.  Time for last 10,000:    0s.  Last read position: 5:39,137,966
INFO	2018-05-28 11:24:32	MergeVcfs	Processed     1,620,000 records.  Elapsed time: 00:00:21s.  Time for last 10,000:    0s.  Last read position: 5:46,376,312
INFO	2018-05-28 11:24:33	MergeVcfs	Processed     1,630,000 records.  Elapsed time: 00:00:22s.  Time for last 10,000:    0s.  Last read position: 5:55,511,057
INFO	2018-05-28 11:24:33	MergeVcfs	Processed     1,640,000 records.  Elapsed time: 00:00:22s.  Time for last 10,000:    0s.  Last read position: 5:61,552,812
INFO	2018-05-28 11:24:33	MergeVcfs	Processed     1,650,000 records.  Elapsed time: 00:00:22s.  Time for last 10,000:    0s.  Last read position: 5:67,590,797
INFO	2018-05-28 11:24:33	MergeVcfs	Processed     1,660,000 records.  Elapsed time: 00:00:22s.  Time for last 10,000:    0s.  Last read position: 5:75,360,373
INFO	2018-05-28 11:24:33	MergeVcfs	Processed     1,670,000 records.  Elapsed time: 00:00:22s.  Time for last 10,000:    0s.  Last read position: 5:80,889,053
INFO	2018-05-28 11:24:33	MergeVcfs	Processed     1,680,000 records.  Elapsed time: 00:00:22s.  Time for last 10,000:    0s.  Last read position: 5:87,315,252
INFO	2018-05-28 11:24:33	MergeVcfs	Processed     1,690,000 records.  Elapsed time: 00:00:22s.  Time for last 10,000:    0s.  Last read position: 5:95,525,797
INFO	2018-05-28 11:24:33	MergeVcfs	Processed     1,700,000 records.  Elapsed time: 00:00:22s.  Time for last 10,000:    0s.  Last read position: 5:100,704,900
INFO	2018-05-28 11:24:33	MergeVcfs	Processed     1,710,000 records.  Elapsed time: 00:00:22s.  Time for last 10,000:    0s.  Last read position: 5:106,116,276
INFO	2018-05-28 11:24:34	MergeVcfs	Processed     1,720,000 records.  Elapsed time: 00:00:22s.  Time for last 10,000:    0s.  Last read position: 5:111,660,474
INFO	2018-05-28 11:24:34	MergeVcfs	Processed     1,730,000 records.  Elapsed time: 00:00:23s.  Time for last 10,000:    0s.  Last read position: 5:116,280,795
INFO	2018-05-28 11:24:34	MergeVcfs	Processed     1,740,000 records.  Elapsed time: 00:00:23s.  Time for last 10,000:    0s.  Last read position: 5:121,007,574
INFO	2018-05-28 11:24:34	MergeVcfs	Processed     1,750,000 records.  Elapsed time: 00:00:23s.  Time for last 10,000:    0s.  Last read position: 5:126,432,568
INFO	2018-05-28 11:24:34	MergeVcfs	Processed     1,760,000 records.  Elapsed time: 00:00:23s.  Time for last 10,000:    0s.  Last read position: 5:132,684,866
INFO	2018-05-28 11:24:34	MergeVcfs	Processed     1,770,000 records.  Elapsed time: 00:00:23s.  Time for last 10,000:    0s.  Last read position: 5:141,146,635
INFO	2018-05-28 11:24:34	MergeVcfs	Processed     1,780,000 records.  Elapsed time: 00:00:23s.  Time for last 10,000:    0s.  Last read position: 5:147,250,981
INFO	2018-05-28 11:24:34	MergeVcfs	Processed     1,790,000 records.  Elapsed time: 00:00:23s.  Time for last 10,000:    0s.  Last read position: 5:152,140,798
INFO	2018-05-28 11:24:34	MergeVcfs	Processed     1,800,000 records.  Elapsed time: 00:00:23s.  Time for last 10,000:    0s.  Last read position: 5:157,632,517
INFO	2018-05-28 11:24:35	MergeVcfs	Processed     1,810,000 records.  Elapsed time: 00:00:23s.  Time for last 10,000:    0s.  Last read position: 5:163,377,294
INFO	2018-05-28 11:24:35	MergeVcfs	Processed     1,820,000 records.  Elapsed time: 00:00:24s.  Time for last 10,000:    0s.  Last read position: 5:169,531,898
INFO	2018-05-28 11:24:35	MergeVcfs	Processed     1,830,000 records.  Elapsed time: 00:00:24s.  Time for last 10,000:    0s.  Last read position: 5:174,485,869
INFO	2018-05-28 11:24:35	MergeVcfs	Processed     1,840,000 records.  Elapsed time: 00:00:24s.  Time for last 10,000:    0s.  Last read position: 5:179,527,658
INFO	2018-05-28 11:24:35	MergeVcfs	Processed     1,850,000 records.  Elapsed time: 00:00:24s.  Time for last 10,000:    0s.  Last read position: 6:3,376,735
INFO	2018-05-28 11:24:35	MergeVcfs	Processed     1,860,000 records.  Elapsed time: 00:00:24s.  Time for last 10,000:    0s.  Last read position: 6:7,458,270
INFO	2018-05-28 11:24:35	MergeVcfs	Processed     1,870,000 records.  Elapsed time: 00:00:24s.  Time for last 10,000:    0s.  Last read position: 6:12,160,547
INFO	2018-05-28 11:24:35	MergeVcfs	Processed     1,880,000 records.  Elapsed time: 00:00:24s.  Time for last 10,000:    0s.  Last read position: 6:17,751,281
INFO	2018-05-28 11:24:35	MergeVcfs	Processed     1,890,000 records.  Elapsed time: 00:00:24s.  Time for last 10,000:    0s.  Last read position: 6:22,760,106
INFO	2018-05-28 11:24:35	MergeVcfs	Processed     1,900,000 records.  Elapsed time: 00:00:24s.  Time for last 10,000:    0s.  Last read position: 6:28,306,137
INFO	2018-05-28 11:24:36	MergeVcfs	Processed     1,910,000 records.  Elapsed time: 00:00:24s.  Time for last 10,000:    0s.  Last read position: 6:31,231,780
INFO	2018-05-28 11:24:36	MergeVcfs	Processed     1,920,000 records.  Elapsed time: 00:00:25s.  Time for last 10,000:    0s.  Last read position: 6:32,575,078
INFO	2018-05-28 11:24:36	MergeVcfs	Processed     1,930,000 records.  Elapsed time: 00:00:25s.  Time for last 10,000:    0s.  Last read position: 6:35,072,153
INFO	2018-05-28 11:24:36	MergeVcfs	Processed     1,940,000 records.  Elapsed time: 00:00:25s.  Time for last 10,000:    0s.  Last read position: 6:40,769,212
INFO	2018-05-28 11:24:36	MergeVcfs	Processed     1,950,000 records.  Elapsed time: 00:00:25s.  Time for last 10,000:    0s.  Last read position: 6:47,034,485
INFO	2018-05-28 11:24:36	MergeVcfs	Processed     1,960,000 records.  Elapsed time: 00:00:25s.  Time for last 10,000:    0s.  Last read position: 6:52,980,472
INFO	2018-05-28 11:24:36	MergeVcfs	Processed     1,970,000 records.  Elapsed time: 00:00:25s.  Time for last 10,000:    0s.  Last read position: 6:58,208,943
INFO	2018-05-28 11:24:36	MergeVcfs	Processed     1,980,000 records.  Elapsed time: 00:00:25s.  Time for last 10,000:    0s.  Last read position: 6:66,617,641
INFO	2018-05-28 11:24:36	MergeVcfs	Processed     1,990,000 records.  Elapsed time: 00:00:25s.  Time for last 10,000:    0s.  Last read position: 6:71,730,653
INFO	2018-05-28 11:24:37	MergeVcfs	Processed     2,000,000 records.  Elapsed time: 00:00:25s.  Time for last 10,000:    0s.  Last read position: 6:77,265,644
INFO	2018-05-28 11:24:37	MergeVcfs	Processed     2,010,000 records.  Elapsed time: 00:00:26s.  Time for last 10,000:    0s.  Last read position: 6:82,260,095
INFO	2018-05-28 11:24:37	MergeVcfs	Processed     2,020,000 records.  Elapsed time: 00:00:26s.  Time for last 10,000:    0s.  Last read position: 6:87,975,882
INFO	2018-05-28 11:24:37	MergeVcfs	Processed     2,030,000 records.  Elapsed time: 00:00:26s.  Time for last 10,000:    0s.  Last read position: 6:93,661,422
INFO	2018-05-28 11:24:37	MergeVcfs	Processed     2,040,000 records.  Elapsed time: 00:00:26s.  Time for last 10,000:    0s.  Last read position: 6:99,977,413
INFO	2018-05-28 11:24:37	MergeVcfs	Processed     2,050,000 records.  Elapsed time: 00:00:26s.  Time for last 10,000:    0s.  Last read position: 6:105,794,036
INFO	2018-05-28 11:24:37	MergeVcfs	Processed     2,060,000 records.  Elapsed time: 00:00:26s.  Time for last 10,000:    0s.  Last read position: 6:112,063,543
INFO	2018-05-28 11:24:37	MergeVcfs	Processed     2,070,000 records.  Elapsed time: 00:00:26s.  Time for last 10,000:    0s.  Last read position: 6:117,572,779
INFO	2018-05-28 11:24:37	MergeVcfs	Processed     2,080,000 records.  Elapsed time: 00:00:26s.  Time for last 10,000:    0s.  Last read position: 6:123,233,105
INFO	2018-05-28 11:24:37	MergeVcfs	Processed     2,090,000 records.  Elapsed time: 00:00:26s.  Time for last 10,000:    0s.  Last read position: 6:129,429,719
INFO	2018-05-28 11:24:38	MergeVcfs	Processed     2,100,000 records.  Elapsed time: 00:00:27s.  Time for last 10,000:    0s.  Last read position: 6:135,026,696
INFO	2018-05-28 11:24:38	MergeVcfs	Processed     2,110,000 records.  Elapsed time: 00:00:27s.  Time for last 10,000:    0s.  Last read position: 6:141,557,295
INFO	2018-05-28 11:24:38	MergeVcfs	Processed     2,120,000 records.  Elapsed time: 00:00:27s.  Time for last 10,000:    0s.  Last read position: 6:148,288,070
INFO	2018-05-28 11:24:38	MergeVcfs	Processed     2,130,000 records.  Elapsed time: 00:00:27s.  Time for last 10,000:    0s.  Last read position: 6:152,848,714
INFO	2018-05-28 11:24:38	MergeVcfs	Processed     2,140,000 records.  Elapsed time: 00:00:27s.  Time for last 10,000:    0s.  Last read position: 6:158,035,010
INFO	2018-05-28 11:24:38	MergeVcfs	Processed     2,150,000 records.  Elapsed time: 00:00:27s.  Time for last 10,000:    0s.  Last read position: 6:162,303,431
INFO	2018-05-28 11:24:38	MergeVcfs	Processed     2,160,000 records.  Elapsed time: 00:00:27s.  Time for last 10,000:    0s.  Last read position: 6:166,868,176
INFO	2018-05-28 11:24:38	MergeVcfs	Processed     2,170,000 records.  Elapsed time: 00:00:27s.  Time for last 10,000:    0s.  Last read position: 7:161,084
INFO	2018-05-28 11:24:38	MergeVcfs	Processed     2,180,000 records.  Elapsed time: 00:00:27s.  Time for last 10,000:    0s.  Last read position: 7:4,131,651
INFO	2018-05-28 11:24:39	MergeVcfs	Processed     2,190,000 records.  Elapsed time: 00:00:27s.  Time for last 10,000:    0s.  Last read position: 7:8,288,660
INFO	2018-05-28 11:24:39	MergeVcfs	Processed     2,200,000 records.  Elapsed time: 00:00:28s.  Time for last 10,000:    0s.  Last read position: 7:11,930,346
INFO	2018-05-28 11:24:39	MergeVcfs	Processed     2,210,000 records.  Elapsed time: 00:00:28s.  Time for last 10,000:    0s.  Last read position: 7:15,668,526
INFO	2018-05-28 11:24:39	MergeVcfs	Processed     2,220,000 records.  Elapsed time: 00:00:28s.  Time for last 10,000:    0s.  Last read position: 7:20,568,214
INFO	2018-05-28 11:24:39	MergeVcfs	Processed     2,230,000 records.  Elapsed time: 00:00:28s.  Time for last 10,000:    0s.  Last read position: 7:25,257,496
INFO	2018-05-28 11:24:39	MergeVcfs	Processed     2,240,000 records.  Elapsed time: 00:00:28s.  Time for last 10,000:    0s.  Last read position: 7:30,835,879
INFO	2018-05-28 11:24:39	MergeVcfs	Processed     2,250,000 records.  Elapsed time: 00:00:28s.  Time for last 10,000:    0s.  Last read position: 7:35,768,094
INFO	2018-05-28 11:24:39	MergeVcfs	Processed     2,260,000 records.  Elapsed time: 00:00:28s.  Time for last 10,000:    0s.  Last read position: 7:41,545,247
INFO	2018-05-28 11:24:39	MergeVcfs	Processed     2,270,000 records.  Elapsed time: 00:00:28s.  Time for last 10,000:    0s.  Last read position: 7:47,804,151
INFO	2018-05-28 11:24:40	MergeVcfs	Processed     2,280,000 records.  Elapsed time: 00:00:28s.  Time for last 10,000:    0s.  Last read position: 7:52,519,433
INFO	2018-05-28 11:24:40	MergeVcfs	Processed     2,290,000 records.  Elapsed time: 00:00:29s.  Time for last 10,000:    0s.  Last read position: 7:57,310,865
INFO	2018-05-28 11:24:40	MergeVcfs	Processed     2,300,000 records.  Elapsed time: 00:00:29s.  Time for last 10,000:    0s.  Last read position: 7:66,592,784
INFO	2018-05-28 11:24:40	MergeVcfs	Processed     2,310,000 records.  Elapsed time: 00:00:29s.  Time for last 10,000:    0s.  Last read position: 7:71,166,895
INFO	2018-05-28 11:24:40	MergeVcfs	Processed     2,320,000 records.  Elapsed time: 00:00:29s.  Time for last 10,000:    0s.  Last read position: 7:78,161,376
INFO	2018-05-28 11:24:40	MergeVcfs	Processed     2,330,000 records.  Elapsed time: 00:00:29s.  Time for last 10,000:    0s.  Last read position: 7:83,407,753
INFO	2018-05-28 11:24:40	MergeVcfs	Processed     2,340,000 records.  Elapsed time: 00:00:29s.  Time for last 10,000:    0s.  Last read position: 7:89,136,886
INFO	2018-05-28 11:24:40	MergeVcfs	Processed     2,350,000 records.  Elapsed time: 00:00:29s.  Time for last 10,000:    0s.  Last read position: 7:95,440,714
INFO	2018-05-28 11:24:40	MergeVcfs	Processed     2,360,000 records.  Elapsed time: 00:00:29s.  Time for last 10,000:    0s.  Last read position: 7:101,268,877
INFO	2018-05-28 11:24:40	MergeVcfs	Processed     2,370,000 records.  Elapsed time: 00:00:29s.  Time for last 10,000:    0s.  Last read position: 7:106,398,362
INFO	2018-05-28 11:24:41	MergeVcfs	Processed     2,380,000 records.  Elapsed time: 00:00:29s.  Time for last 10,000:    0s.  Last read position: 7:112,657,510
INFO	2018-05-28 11:24:41	MergeVcfs	Processed     2,390,000 records.  Elapsed time: 00:00:30s.  Time for last 10,000:    0s.  Last read position: 7:120,476,156
INFO	2018-05-28 11:24:41	MergeVcfs	Processed     2,400,000 records.  Elapsed time: 00:00:30s.  Time for last 10,000:    0s.  Last read position: 7:125,736,496
INFO	2018-05-28 11:24:41	MergeVcfs	Processed     2,410,000 records.  Elapsed time: 00:00:30s.  Time for last 10,000:    0s.  Last read position: 7:131,986,419
INFO	2018-05-28 11:24:41	MergeVcfs	Processed     2,420,000 records.  Elapsed time: 00:00:30s.  Time for last 10,000:    0s.  Last read position: 7:137,099,947
INFO	2018-05-28 11:24:41	MergeVcfs	Processed     2,430,000 records.  Elapsed time: 00:00:30s.  Time for last 10,000:    0s.  Last read position: 7:142,348,346
INFO	2018-05-28 11:24:41	MergeVcfs	Processed     2,440,000 records.  Elapsed time: 00:00:30s.  Time for last 10,000:    0s.  Last read position: 7:147,824,957
INFO	2018-05-28 11:24:41	MergeVcfs	Processed     2,450,000 records.  Elapsed time: 00:00:30s.  Time for last 10,000:    0s.  Last read position: 7:152,547,005
INFO	2018-05-28 11:24:41	MergeVcfs	Processed     2,460,000 records.  Elapsed time: 00:00:30s.  Time for last 10,000:    0s.  Last read position: 7:156,543,698
INFO	2018-05-28 11:24:42	MergeVcfs	Processed     2,470,000 records.  Elapsed time: 00:00:30s.  Time for last 10,000:    0s.  Last read position: 8:1,142,663
INFO	2018-05-28 11:24:42	MergeVcfs	Processed     2,480,000 records.  Elapsed time: 00:00:31s.  Time for last 10,000:    0s.  Last read position: 8:3,716,195
INFO	2018-05-28 11:24:42	MergeVcfs	Processed     2,490,000 records.  Elapsed time: 00:00:31s.  Time for last 10,000:    0s.  Last read position: 8:6,091,271
INFO	2018-05-28 11:24:42	MergeVcfs	Processed     2,500,000 records.  Elapsed time: 00:00:31s.  Time for last 10,000:    0s.  Last read position: 8:10,393,189
INFO	2018-05-28 11:24:42	MergeVcfs	Processed     2,510,000 records.  Elapsed time: 00:00:31s.  Time for last 10,000:    0s.  Last read position: 8:14,148,759
INFO	2018-05-28 11:24:42	MergeVcfs	Processed     2,520,000 records.  Elapsed time: 00:00:31s.  Time for last 10,000:    0s.  Last read position: 8:17,499,405
INFO	2018-05-28 11:24:42	MergeVcfs	Processed     2,530,000 records.  Elapsed time: 00:00:31s.  Time for last 10,000:    0s.  Last read position: 8:21,412,320
INFO	2018-05-28 11:24:42	MergeVcfs	Processed     2,540,000 records.  Elapsed time: 00:00:31s.  Time for last 10,000:    0s.  Last read position: 8:26,744,919
INFO	2018-05-28 11:24:42	MergeVcfs	Processed     2,550,000 records.  Elapsed time: 00:00:31s.  Time for last 10,000:    0s.  Last read position: 8:32,195,234
INFO	2018-05-28 11:24:42	MergeVcfs	Processed     2,560,000 records.  Elapsed time: 00:00:31s.  Time for last 10,000:    0s.  Last read position: 8:38,796,531
INFO	2018-05-28 11:24:43	MergeVcfs	Processed     2,570,000 records.  Elapsed time: 00:00:31s.  Time for last 10,000:    0s.  Last read position: 8:47,178,062
INFO	2018-05-28 11:24:43	MergeVcfs	Processed     2,580,000 records.  Elapsed time: 00:00:32s.  Time for last 10,000:    0s.  Last read position: 8:54,172,792
INFO	2018-05-28 11:24:43	MergeVcfs	Processed     2,590,000 records.  Elapsed time: 00:00:32s.  Time for last 10,000:    0s.  Last read position: 8:59,459,972
INFO	2018-05-28 11:24:43	MergeVcfs	Processed     2,600,000 records.  Elapsed time: 00:00:32s.  Time for last 10,000:    0s.  Last read position: 8:65,679,053
INFO	2018-05-28 11:24:43	MergeVcfs	Processed     2,610,000 records.  Elapsed time: 00:00:32s.  Time for last 10,000:    0s.  Last read position: 8:72,603,018
INFO	2018-05-28 11:24:43	MergeVcfs	Processed     2,620,000 records.  Elapsed time: 00:00:32s.  Time for last 10,000:    0s.  Last read position: 8:78,206,197
INFO	2018-05-28 11:24:43	MergeVcfs	Processed     2,630,000 records.  Elapsed time: 00:00:32s.  Time for last 10,000:    0s.  Last read position: 8:83,956,028
INFO	2018-05-28 11:24:43	MergeVcfs	Processed     2,640,000 records.  Elapsed time: 00:00:32s.  Time for last 10,000:    0s.  Last read position: 8:89,863,166
INFO	2018-05-28 11:24:43	MergeVcfs	Processed     2,650,000 records.  Elapsed time: 00:00:32s.  Time for last 10,000:    0s.  Last read position: 8:96,774,172
INFO	2018-05-28 11:24:44	MergeVcfs	Processed     2,660,000 records.  Elapsed time: 00:00:32s.  Time for last 10,000:    0s.  Last read position: 8:103,199,298
INFO	2018-05-28 11:24:44	MergeVcfs	Processed     2,670,000 records.  Elapsed time: 00:00:33s.  Time for last 10,000:    0s.  Last read position: 8:109,194,160
INFO	2018-05-28 11:24:44	MergeVcfs	Processed     2,680,000 records.  Elapsed time: 00:00:33s.  Time for last 10,000:    0s.  Last read position: 8:115,463,741
INFO	2018-05-28 11:24:44	MergeVcfs	Processed     2,690,000 records.  Elapsed time: 00:00:33s.  Time for last 10,000:    0s.  Last read position: 8:120,870,188
INFO	2018-05-28 11:24:44	MergeVcfs	Processed     2,700,000 records.  Elapsed time: 00:00:33s.  Time for last 10,000:    0s.  Last read position: 8:126,053,109
INFO	2018-05-28 11:24:44	MergeVcfs	Processed     2,710,000 records.  Elapsed time: 00:00:33s.  Time for last 10,000:    0s.  Last read position: 8:131,339,373
INFO	2018-05-28 11:24:44	MergeVcfs	Processed     2,720,000 records.  Elapsed time: 00:00:33s.  Time for last 10,000:    0s.  Last read position: 8:136,267,880
INFO	2018-05-28 11:24:44	MergeVcfs	Processed     2,730,000 records.  Elapsed time: 00:00:33s.  Time for last 10,000:    0s.  Last read position: 8:140,591,570
INFO	2018-05-28 11:24:44	MergeVcfs	Processed     2,740,000 records.  Elapsed time: 00:00:33s.  Time for last 10,000:    0s.  Last read position: 8:144,986,255
INFO	2018-05-28 11:24:44	MergeVcfs	Processed     2,750,000 records.  Elapsed time: 00:00:33s.  Time for last 10,000:    0s.  Last read position: 9:2,612,468
INFO	2018-05-28 11:24:45	MergeVcfs	Processed     2,760,000 records.  Elapsed time: 00:00:33s.  Time for last 10,000:    0s.  Last read position: 9:6,923,151
INFO	2018-05-28 11:24:45	MergeVcfs	Processed     2,770,000 records.  Elapsed time: 00:00:34s.  Time for last 10,000:    0s.  Last read position: 9:11,019,589
INFO	2018-05-28 11:24:45	MergeVcfs	Processed     2,780,000 records.  Elapsed time: 00:00:34s.  Time for last 10,000:    0s.  Last read position: 9:15,428,490
INFO	2018-05-28 11:24:45	MergeVcfs	Processed     2,790,000 records.  Elapsed time: 00:00:34s.  Time for last 10,000:    0s.  Last read position: 9:19,428,635
INFO	2018-05-28 11:24:45	MergeVcfs	Processed     2,800,000 records.  Elapsed time: 00:00:34s.  Time for last 10,000:    0s.  Last read position: 9:24,898,926
INFO	2018-05-28 11:24:45	MergeVcfs	Processed     2,810,000 records.  Elapsed time: 00:00:34s.  Time for last 10,000:    0s.  Last read position: 9:29,609,998
INFO	2018-05-28 11:24:45	MergeVcfs	Processed     2,820,000 records.  Elapsed time: 00:00:34s.  Time for last 10,000:    0s.  Last read position: 9:34,672,119
INFO	2018-05-28 11:24:45	MergeVcfs	Processed     2,830,000 records.  Elapsed time: 00:00:34s.  Time for last 10,000:    0s.  Last read position: 9:47,205,708
INFO	2018-05-28 11:24:45	MergeVcfs	Processed     2,840,000 records.  Elapsed time: 00:00:34s.  Time for last 10,000:    0s.  Last read position: 9:76,091,400
INFO	2018-05-28 11:24:46	MergeVcfs	Processed     2,850,000 records.  Elapsed time: 00:00:34s.  Time for last 10,000:    0s.  Last read position: 9:81,718,417
INFO	2018-05-28 11:24:46	MergeVcfs	Processed     2,860,000 records.  Elapsed time: 00:00:35s.  Time for last 10,000:    0s.  Last read position: 9:87,533,427
INFO	2018-05-28 11:24:46	MergeVcfs	Processed     2,870,000 records.  Elapsed time: 00:00:35s.  Time for last 10,000:    0s.  Last read position: 9:92,694,356
INFO	2018-05-28 11:24:46	MergeVcfs	Processed     2,880,000 records.  Elapsed time: 00:00:35s.  Time for last 10,000:    0s.  Last read position: 9:98,580,690
INFO	2018-05-28 11:24:46	MergeVcfs	Processed     2,890,000 records.  Elapsed time: 00:00:35s.  Time for last 10,000:    0s.  Last read position: 9:104,799,295
INFO	2018-05-28 11:24:46	MergeVcfs	Processed     2,900,000 records.  Elapsed time: 00:00:35s.  Time for last 10,000:    0s.  Last read position: 9:109,823,630
INFO	2018-05-28 11:24:46	MergeVcfs	Processed     2,910,000 records.  Elapsed time: 00:00:35s.  Time for last 10,000:    0s.  Last read position: 9:114,974,877
INFO	2018-05-28 11:24:46	MergeVcfs	Processed     2,920,000 records.  Elapsed time: 00:00:35s.  Time for last 10,000:    0s.  Last read position: 9:120,717,728
INFO	2018-05-28 11:24:46	MergeVcfs	Processed     2,930,000 records.  Elapsed time: 00:00:35s.  Time for last 10,000:    0s.  Last read position: 9:127,314,768
INFO	2018-05-28 11:24:47	MergeVcfs	Processed     2,940,000 records.  Elapsed time: 00:00:35s.  Time for last 10,000:    0s.  Last read position: 9:133,393,450
INFO	2018-05-28 11:24:47	MergeVcfs	Processed     2,950,000 records.  Elapsed time: 00:00:36s.  Time for last 10,000:    0s.  Last read position: 9:137,883,549
INFO	2018-05-28 11:24:47	MergeVcfs	Processed     2,960,000 records.  Elapsed time: 00:00:36s.  Time for last 10,000:    0s.  Last read position: 10:1,904,780
INFO	2018-05-28 11:24:47	MergeVcfs	Processed     2,970,000 records.  Elapsed time: 00:00:36s.  Time for last 10,000:    0s.  Last read position: 10:5,923,980
INFO	2018-05-28 11:24:47	MergeVcfs	Processed     2,980,000 records.  Elapsed time: 00:00:36s.  Time for last 10,000:    0s.  Last read position: 10:10,699,355
INFO	2018-05-28 11:24:47	MergeVcfs	Processed     2,990,000 records.  Elapsed time: 00:00:36s.  Time for last 10,000:    0s.  Last read position: 10:15,220,827
INFO	2018-05-28 11:24:47	MergeVcfs	Processed     3,000,000 records.  Elapsed time: 00:00:36s.  Time for last 10,000:    0s.  Last read position: 10:19,889,145
INFO	2018-05-28 11:24:47	MergeVcfs	Processed     3,010,000 records.  Elapsed time: 00:00:36s.  Time for last 10,000:    0s.  Last read position: 10:25,212,245
INFO	2018-05-28 11:24:47	MergeVcfs	Processed     3,020,000 records.  Elapsed time: 00:00:36s.  Time for last 10,000:    0s.  Last read position: 10:29,258,288
INFO	2018-05-28 11:24:48	MergeVcfs	Processed     3,030,000 records.  Elapsed time: 00:00:36s.  Time for last 10,000:    0s.  Last read position: 10:34,213,936
INFO	2018-05-28 11:24:48	MergeVcfs	Processed     3,040,000 records.  Elapsed time: 00:00:37s.  Time for last 10,000:    0s.  Last read position: 10:42,894,464
INFO	2018-05-28 11:24:48	MergeVcfs	Processed     3,050,000 records.  Elapsed time: 00:00:37s.  Time for last 10,000:    0s.  Last read position: 10:50,645,068
INFO	2018-05-28 11:24:48	MergeVcfs	Processed     3,060,000 records.  Elapsed time: 00:00:37s.  Time for last 10,000:    0s.  Last read position: 10:56,080,944
INFO	2018-05-28 11:24:48	MergeVcfs	Processed     3,070,000 records.  Elapsed time: 00:00:37s.  Time for last 10,000:    0s.  Last read position: 10:60,282,347
INFO	2018-05-28 11:24:48	MergeVcfs	Processed     3,080,000 records.  Elapsed time: 00:00:37s.  Time for last 10,000:    0s.  Last read position: 10:66,261,911
INFO	2018-05-28 11:24:48	MergeVcfs	Processed     3,090,000 records.  Elapsed time: 00:00:37s.  Time for last 10,000:    0s.  Last read position: 10:70,980,734
INFO	2018-05-28 11:24:48	MergeVcfs	Processed     3,100,000 records.  Elapsed time: 00:00:37s.  Time for last 10,000:    0s.  Last read position: 10:75,996,316
INFO	2018-05-28 11:24:48	MergeVcfs	Processed     3,110,000 records.  Elapsed time: 00:00:37s.  Time for last 10,000:    0s.  Last read position: 10:82,141,276
INFO	2018-05-28 11:24:48	MergeVcfs	Processed     3,120,000 records.  Elapsed time: 00:00:37s.  Time for last 10,000:    0s.  Last read position: 10:87,299,111
INFO	2018-05-28 11:24:49	MergeVcfs	Processed     3,130,000 records.  Elapsed time: 00:00:37s.  Time for last 10,000:    0s.  Last read position: 10:93,371,690
INFO	2018-05-28 11:24:49	MergeVcfs	Processed     3,140,000 records.  Elapsed time: 00:00:38s.  Time for last 10,000:    0s.  Last read position: 10:99,490,759
INFO	2018-05-28 11:24:49	MergeVcfs	Processed     3,150,000 records.  Elapsed time: 00:00:38s.  Time for last 10,000:    0s.  Last read position: 10:106,943,904
INFO	2018-05-28 11:24:49	MergeVcfs	Processed     3,160,000 records.  Elapsed time: 00:00:38s.  Time for last 10,000:    0s.  Last read position: 10:112,557,773
INFO	2018-05-28 11:24:49	MergeVcfs	Processed     3,170,000 records.  Elapsed time: 00:00:38s.  Time for last 10,000:    0s.  Last read position: 10:118,243,360
INFO	2018-05-28 11:24:49	MergeVcfs	Processed     3,180,000 records.  Elapsed time: 00:00:38s.  Time for last 10,000:    0s.  Last read position: 10:123,598,831
INFO	2018-05-28 11:24:49	MergeVcfs	Processed     3,190,000 records.  Elapsed time: 00:00:38s.  Time for last 10,000:    0s.  Last read position: 10:128,522,751
INFO	2018-05-28 11:24:49	MergeVcfs	Processed     3,200,000 records.  Elapsed time: 00:00:38s.  Time for last 10,000:    0s.  Last read position: 10:133,358,119
INFO	2018-05-28 11:24:49	MergeVcfs	Processed     3,210,000 records.  Elapsed time: 00:00:38s.  Time for last 10,000:    0s.  Last read position: 11:2,478,146
INFO	2018-05-28 11:24:49	MergeVcfs	Processed     3,220,000 records.  Elapsed time: 00:00:38s.  Time for last 10,000:    0s.  Last read position: 11:6,233,706
INFO	2018-05-28 11:24:50	MergeVcfs	Processed     3,230,000 records.  Elapsed time: 00:00:39s.  Time for last 10,000:    0s.  Last read position: 11:11,054,281
INFO	2018-05-28 11:24:50	MergeVcfs	Processed     3,240,000 records.  Elapsed time: 00:00:39s.  Time for last 10,000:    0s.  Last read position: 11:17,462,220
INFO	2018-05-28 11:24:50	MergeVcfs	Processed     3,250,000 records.  Elapsed time: 00:00:39s.  Time for last 10,000:    0s.  Last read position: 11:22,512,631
INFO	2018-05-28 11:24:50	MergeVcfs	Processed     3,260,000 records.  Elapsed time: 00:00:39s.  Time for last 10,000:    0s.  Last read position: 11:26,106,631
INFO	2018-05-28 11:24:50	MergeVcfs	Processed     3,270,000 records.  Elapsed time: 00:00:39s.  Time for last 10,000:    0s.  Last read position: 11:32,563,184
INFO	2018-05-28 11:24:50	MergeVcfs	Processed     3,280,000 records.  Elapsed time: 00:00:39s.  Time for last 10,000:    0s.  Last read position: 11:38,354,395
INFO	2018-05-28 11:24:50	MergeVcfs	Processed     3,290,000 records.  Elapsed time: 00:00:39s.  Time for last 10,000:    0s.  Last read position: 11:44,139,001
INFO	2018-05-28 11:24:50	MergeVcfs	Processed     3,300,000 records.  Elapsed time: 00:00:39s.  Time for last 10,000:    0s.  Last read position: 11:49,934,840
INFO	2018-05-28 11:24:50	MergeVcfs	Processed     3,310,000 records.  Elapsed time: 00:00:39s.  Time for last 10,000:    0s.  Last read position: 11:60,210,165
INFO	2018-05-28 11:24:51	MergeVcfs	Processed     3,320,000 records.  Elapsed time: 00:00:39s.  Time for last 10,000:    0s.  Last read position: 11:67,329,655
INFO	2018-05-28 11:24:51	MergeVcfs	Processed     3,330,000 records.  Elapsed time: 00:00:40s.  Time for last 10,000:    0s.  Last read position: 11:71,804,118
INFO	2018-05-28 11:24:51	MergeVcfs	Processed     3,340,000 records.  Elapsed time: 00:00:40s.  Time for last 10,000:    0s.  Last read position: 11:77,767,566
INFO	2018-05-28 11:24:51	MergeVcfs	Processed     3,350,000 records.  Elapsed time: 00:00:40s.  Time for last 10,000:    0s.  Last read position: 11:82,410,855
INFO	2018-05-28 11:24:51	MergeVcfs	Processed     3,360,000 records.  Elapsed time: 00:00:40s.  Time for last 10,000:    0s.  Last read position: 11:87,777,648
INFO	2018-05-28 11:24:51	MergeVcfs	Processed     3,370,000 records.  Elapsed time: 00:00:40s.  Time for last 10,000:    0s.  Last read position: 11:93,300,962
INFO	2018-05-28 11:24:51	MergeVcfs	Processed     3,380,000 records.  Elapsed time: 00:00:40s.  Time for last 10,000:    0s.  Last read position: 11:98,493,011
INFO	2018-05-28 11:24:51	MergeVcfs	Processed     3,390,000 records.  Elapsed time: 00:00:40s.  Time for last 10,000:    0s.  Last read position: 11:103,278,989
INFO	2018-05-28 11:24:51	MergeVcfs	Processed     3,400,000 records.  Elapsed time: 00:00:40s.  Time for last 10,000:    0s.  Last read position: 11:108,780,895
INFO	2018-05-28 11:24:52	MergeVcfs	Processed     3,410,000 records.  Elapsed time: 00:00:40s.  Time for last 10,000:    0s.  Last read position: 11:114,861,570
INFO	2018-05-28 11:24:52	MergeVcfs	Processed     3,420,000 records.  Elapsed time: 00:00:41s.  Time for last 10,000:    0s.  Last read position: 11:119,999,191
INFO	2018-05-28 11:24:52	MergeVcfs	Processed     3,430,000 records.  Elapsed time: 00:00:41s.  Time for last 10,000:    0s.  Last read position: 11:125,474,456
INFO	2018-05-28 11:24:52	MergeVcfs	Processed     3,440,000 records.  Elapsed time: 00:00:41s.  Time for last 10,000:    0s.  Last read position: 11:131,018,675
INFO	2018-05-28 11:24:52	MergeVcfs	Processed     3,450,000 records.  Elapsed time: 00:00:41s.  Time for last 10,000:    0s.  Last read position: 12:993,652
INFO	2018-05-28 11:24:52	MergeVcfs	Processed     3,460,000 records.  Elapsed time: 00:00:41s.  Time for last 10,000:    0s.  Last read position: 12:6,030,154
INFO	2018-05-28 11:24:52	MergeVcfs	Processed     3,470,000 records.  Elapsed time: 00:00:41s.  Time for last 10,000:    0s.  Last read position: 12:10,356,914
INFO	2018-05-28 11:24:52	MergeVcfs	Processed     3,480,000 records.  Elapsed time: 00:00:41s.  Time for last 10,000:    0s.  Last read position: 12:15,761,683
INFO	2018-05-28 11:24:52	MergeVcfs	Processed     3,490,000 records.  Elapsed time: 00:00:41s.  Time for last 10,000:    0s.  Last read position: 12:21,389,231
INFO	2018-05-28 11:24:52	MergeVcfs	Processed     3,500,000 records.  Elapsed time: 00:00:41s.  Time for last 10,000:    0s.  Last read position: 12:27,251,860
INFO	2018-05-28 11:24:53	MergeVcfs	Processed     3,510,000 records.  Elapsed time: 00:00:42s.  Time for last 10,000:    0s.  Last read position: 12:32,042,578
INFO	2018-05-28 11:24:53	MergeVcfs	Processed     3,520,000 records.  Elapsed time: 00:00:42s.  Time for last 10,000:    0s.  Last read position: 12:39,468,345
INFO	2018-05-28 11:24:53	MergeVcfs	Processed     3,530,000 records.  Elapsed time: 00:00:42s.  Time for last 10,000:    0s.  Last read position: 12:45,151,745
INFO	2018-05-28 11:24:53	MergeVcfs	Processed     3,540,000 records.  Elapsed time: 00:00:42s.  Time for last 10,000:    0s.  Last read position: 12:51,561,877
INFO	2018-05-28 11:24:53	MergeVcfs	Processed     3,550,000 records.  Elapsed time: 00:00:42s.  Time for last 10,000:    0s.  Last read position: 12:57,858,016
INFO	2018-05-28 11:24:53	MergeVcfs	Processed     3,560,000 records.  Elapsed time: 00:00:42s.  Time for last 10,000:    0s.  Last read position: 12:63,551,427
INFO	2018-05-28 11:24:53	MergeVcfs	Processed     3,570,000 records.  Elapsed time: 00:00:42s.  Time for last 10,000:    0s.  Last read position: 12:69,630,522
INFO	2018-05-28 11:24:53	MergeVcfs	Processed     3,580,000 records.  Elapsed time: 00:00:42s.  Time for last 10,000:    0s.  Last read position: 12:75,228,078
INFO	2018-05-28 11:24:53	MergeVcfs	Processed     3,590,000 records.  Elapsed time: 00:00:42s.  Time for last 10,000:    0s.  Last read position: 12:81,482,246
INFO	2018-05-28 11:24:54	MergeVcfs	Processed     3,600,000 records.  Elapsed time: 00:00:42s.  Time for last 10,000:    0s.  Last read position: 12:88,023,886
INFO	2018-05-28 11:24:54	MergeVcfs	Processed     3,610,000 records.  Elapsed time: 00:00:43s.  Time for last 10,000:    0s.  Last read position: 12:94,572,577
INFO	2018-05-28 11:24:54	MergeVcfs	Processed     3,620,000 records.  Elapsed time: 00:00:43s.  Time for last 10,000:    0s.  Last read position: 12:100,028,357
INFO	2018-05-28 11:24:54	MergeVcfs	Processed     3,630,000 records.  Elapsed time: 00:00:43s.  Time for last 10,000:    0s.  Last read position: 12:105,967,694
INFO	2018-05-28 11:24:54	MergeVcfs	Processed     3,640,000 records.  Elapsed time: 00:00:43s.  Time for last 10,000:    0s.  Last read position: 12:112,736,083
INFO	2018-05-28 11:24:54	MergeVcfs	Processed     3,650,000 records.  Elapsed time: 00:00:43s.  Time for last 10,000:    0s.  Last read position: 12:118,231,686
INFO	2018-05-28 11:24:54	MergeVcfs	Processed     3,660,000 records.  Elapsed time: 00:00:43s.  Time for last 10,000:    0s.  Last read position: 12:124,352,851
INFO	2018-05-28 11:24:54	MergeVcfs	Processed     3,670,000 records.  Elapsed time: 00:00:43s.  Time for last 10,000:    0s.  Last read position: 12:128,624,285
INFO	2018-05-28 11:24:54	MergeVcfs	Processed     3,680,000 records.  Elapsed time: 00:00:43s.  Time for last 10,000:    0s.  Last read position: 12:132,827,347
INFO	2018-05-28 11:24:54	MergeVcfs	Processed     3,690,000 records.  Elapsed time: 00:00:43s.  Time for last 10,000:    0s.  Last read position: 13:22,186,030
INFO	2018-05-28 11:24:55	MergeVcfs	Processed     3,700,000 records.  Elapsed time: 00:00:43s.  Time for last 10,000:    0s.  Last read position: 13:26,659,318
INFO	2018-05-28 11:24:55	MergeVcfs	Processed     3,710,000 records.  Elapsed time: 00:00:44s.  Time for last 10,000:    0s.  Last read position: 13:31,596,161
INFO	2018-05-28 11:24:55	MergeVcfs	Processed     3,720,000 records.  Elapsed time: 00:00:44s.  Time for last 10,000:    0s.  Last read position: 13:37,189,870
INFO	2018-05-28 11:24:55	MergeVcfs	Processed     3,730,000 records.  Elapsed time: 00:00:44s.  Time for last 10,000:    0s.  Last read position: 13:42,724,914
INFO	2018-05-28 11:24:55	MergeVcfs	Processed     3,740,000 records.  Elapsed time: 00:00:44s.  Time for last 10,000:    0s.  Last read position: 13:48,282,355
INFO	2018-05-28 11:24:55	MergeVcfs	Processed     3,750,000 records.  Elapsed time: 00:00:44s.  Time for last 10,000:    0s.  Last read position: 13:55,031,895
INFO	2018-05-28 11:24:55	MergeVcfs	Processed     3,760,000 records.  Elapsed time: 00:00:44s.  Time for last 10,000:    0s.  Last read position: 13:61,255,888
INFO	2018-05-28 11:24:55	MergeVcfs	Processed     3,770,000 records.  Elapsed time: 00:00:44s.  Time for last 10,000:    0s.  Last read position: 13:66,372,837
INFO	2018-05-28 11:24:55	MergeVcfs	Processed     3,780,000 records.  Elapsed time: 00:00:44s.  Time for last 10,000:    0s.  Last read position: 13:71,830,904
INFO	2018-05-28 11:24:55	MergeVcfs	Processed     3,790,000 records.  Elapsed time: 00:00:44s.  Time for last 10,000:    0s.  Last read position: 13:78,132,151
INFO	2018-05-28 11:24:56	MergeVcfs	Processed     3,800,000 records.  Elapsed time: 00:00:44s.  Time for last 10,000:    0s.  Last read position: 13:83,544,383
INFO	2018-05-28 11:24:56	MergeVcfs	Processed     3,810,000 records.  Elapsed time: 00:00:45s.  Time for last 10,000:    0s.  Last read position: 13:89,072,547
INFO	2018-05-28 11:24:56	MergeVcfs	Processed     3,820,000 records.  Elapsed time: 00:00:45s.  Time for last 10,000:    0s.  Last read position: 13:94,442,501
INFO	2018-05-28 11:24:56	MergeVcfs	Processed     3,830,000 records.  Elapsed time: 00:00:45s.  Time for last 10,000:    0s.  Last read position: 13:100,288,957
INFO	2018-05-28 11:24:56	MergeVcfs	Processed     3,840,000 records.  Elapsed time: 00:00:45s.  Time for last 10,000:    0s.  Last read position: 13:105,087,451
INFO	2018-05-28 11:24:56	MergeVcfs	Processed     3,850,000 records.  Elapsed time: 00:00:45s.  Time for last 10,000:    0s.  Last read position: 13:109,551,574
INFO	2018-05-28 11:24:56	MergeVcfs	Processed     3,860,000 records.  Elapsed time: 00:00:45s.  Time for last 10,000:    0s.  Last read position: 13:114,158,976
INFO	2018-05-28 11:24:56	MergeVcfs	Processed     3,870,000 records.  Elapsed time: 00:00:45s.  Time for last 10,000:    0s.  Last read position: 14:23,101,674
INFO	2018-05-28 11:24:56	MergeVcfs	Processed     3,880,000 records.  Elapsed time: 00:00:45s.  Time for last 10,000:    0s.  Last read position: 14:28,336,419
INFO	2018-05-28 11:24:56	MergeVcfs	Processed     3,890,000 records.  Elapsed time: 00:00:45s.  Time for last 10,000:    0s.  Last read position: 14:33,884,550
INFO	2018-05-28 11:24:57	MergeVcfs	Processed     3,900,000 records.  Elapsed time: 00:00:45s.  Time for last 10,000:    0s.  Last read position: 14:39,783,264
INFO	2018-05-28 11:24:57	MergeVcfs	Processed     3,910,000 records.  Elapsed time: 00:00:46s.  Time for last 10,000:    0s.  Last read position: 14:44,890,439
INFO	2018-05-28 11:24:57	MergeVcfs	Processed     3,920,000 records.  Elapsed time: 00:00:46s.  Time for last 10,000:    0s.  Last read position: 14:49,860,741
INFO	2018-05-28 11:24:57	MergeVcfs	Processed     3,930,000 records.  Elapsed time: 00:00:46s.  Time for last 10,000:    0s.  Last read position: 14:55,232,209
INFO	2018-05-28 11:24:57	MergeVcfs	Processed     3,940,000 records.  Elapsed time: 00:00:46s.  Time for last 10,000:    0s.  Last read position: 14:60,570,075
INFO	2018-05-28 11:24:57	MergeVcfs	Processed     3,950,000 records.  Elapsed time: 00:00:46s.  Time for last 10,000:    0s.  Last read position: 14:66,399,655
INFO	2018-05-28 11:24:57	MergeVcfs	Processed     3,960,000 records.  Elapsed time: 00:00:46s.  Time for last 10,000:    0s.  Last read position: 14:72,464,141
INFO	2018-05-28 11:24:57	MergeVcfs	Processed     3,970,000 records.  Elapsed time: 00:00:46s.  Time for last 10,000:    0s.  Last read position: 14:78,101,277
INFO	2018-05-28 11:24:57	MergeVcfs	Processed     3,980,000 records.  Elapsed time: 00:00:46s.  Time for last 10,000:    0s.  Last read position: 14:83,899,221
INFO	2018-05-28 11:24:57	MergeVcfs	Processed     3,990,000 records.  Elapsed time: 00:00:46s.  Time for last 10,000:    0s.  Last read position: 14:89,372,751
INFO	2018-05-28 11:24:58	MergeVcfs	Processed     4,000,000 records.  Elapsed time: 00:00:47s.  Time for last 10,000:    0s.  Last read position: 14:94,348,849
INFO	2018-05-28 11:24:58	MergeVcfs	Processed     4,010,000 records.  Elapsed time: 00:00:47s.  Time for last 10,000:    0s.  Last read position: 14:99,401,806
INFO	2018-05-28 11:24:58	MergeVcfs	Processed     4,020,000 records.  Elapsed time: 00:00:47s.  Time for last 10,000:    0s.  Last read position: 14:105,240,885
INFO	2018-05-28 11:24:58	MergeVcfs	Processed     4,030,000 records.  Elapsed time: 00:00:47s.  Time for last 10,000:    0s.  Last read position: 15:23,009,625
INFO	2018-05-28 11:24:58	MergeVcfs	Processed     4,040,000 records.  Elapsed time: 00:00:47s.  Time for last 10,000:    0s.  Last read position: 15:27,190,418
INFO	2018-05-28 11:24:58	MergeVcfs	Processed     4,050,000 records.  Elapsed time: 00:00:47s.  Time for last 10,000:    0s.  Last read position: 15:33,197,150
INFO	2018-05-28 11:24:58	MergeVcfs	Processed     4,060,000 records.  Elapsed time: 00:00:47s.  Time for last 10,000:    0s.  Last read position: 15:38,390,180
INFO	2018-05-28 11:24:58	MergeVcfs	Processed     4,070,000 records.  Elapsed time: 00:00:47s.  Time for last 10,000:    0s.  Last read position: 15:44,047,570
INFO	2018-05-28 11:24:58	MergeVcfs	Processed     4,080,000 records.  Elapsed time: 00:00:47s.  Time for last 10,000:    0s.  Last read position: 15:50,445,887
INFO	2018-05-28 11:24:58	MergeVcfs	Processed     4,090,000 records.  Elapsed time: 00:00:47s.  Time for last 10,000:    0s.  Last read position: 15:55,191,720
INFO	2018-05-28 11:24:59	MergeVcfs	Processed     4,100,000 records.  Elapsed time: 00:00:48s.  Time for last 10,000:    0s.  Last read position: 15:60,261,203
INFO	2018-05-28 11:24:59	MergeVcfs	Processed     4,110,000 records.  Elapsed time: 00:00:48s.  Time for last 10,000:    0s.  Last read position: 15:66,382,336
INFO	2018-05-28 11:24:59	MergeVcfs	Processed     4,120,000 records.  Elapsed time: 00:00:48s.  Time for last 10,000:    0s.  Last read position: 15:71,831,328
INFO	2018-05-28 11:24:59	MergeVcfs	Processed     4,130,000 records.  Elapsed time: 00:00:48s.  Time for last 10,000:    0s.  Last read position: 15:79,115,133
INFO	2018-05-28 11:24:59	MergeVcfs	Processed     4,140,000 records.  Elapsed time: 00:00:48s.  Time for last 10,000:    0s.  Last read position: 15:86,225,115
INFO	2018-05-28 11:24:59	MergeVcfs	Processed     4,150,000 records.  Elapsed time: 00:00:48s.  Time for last 10,000:    0s.  Last read position: 15:91,143,072
INFO	2018-05-28 11:24:59	MergeVcfs	Processed     4,160,000 records.  Elapsed time: 00:00:48s.  Time for last 10,000:    0s.  Last read position: 15:95,522,182
INFO	2018-05-28 11:24:59	MergeVcfs	Processed     4,170,000 records.  Elapsed time: 00:00:48s.  Time for last 10,000:    0s.  Last read position: 15:100,241,306
INFO	2018-05-28 11:24:59	MergeVcfs	Processed     4,180,000 records.  Elapsed time: 00:00:48s.  Time for last 10,000:    0s.  Last read position: 16:1,484,325
INFO	2018-05-28 11:25:00	MergeVcfs	Processed     4,190,000 records.  Elapsed time: 00:00:48s.  Time for last 10,000:    0s.  Last read position: 16:5,864,962
INFO	2018-05-28 11:25:00	MergeVcfs	Processed     4,200,000 records.  Elapsed time: 00:00:49s.  Time for last 10,000:    0s.  Last read position: 16:8,510,368
INFO	2018-05-28 11:25:00	MergeVcfs	Processed     4,210,000 records.  Elapsed time: 00:00:49s.  Time for last 10,000:    0s.  Last read position: 16:12,043,752
INFO	2018-05-28 11:25:00	MergeVcfs	Processed     4,220,000 records.  Elapsed time: 00:00:49s.  Time for last 10,000:    0s.  Last read position: 16:17,998,650
INFO	2018-05-28 11:25:00	MergeVcfs	Processed     4,230,000 records.  Elapsed time: 00:00:49s.  Time for last 10,000:    0s.  Last read position: 16:24,362,878
INFO	2018-05-28 11:25:00	MergeVcfs	Processed     4,240,000 records.  Elapsed time: 00:00:49s.  Time for last 10,000:    0s.  Last read position: 16:30,165,961
INFO	2018-05-28 11:25:00	MergeVcfs	Processed     4,250,000 records.  Elapsed time: 00:00:49s.  Time for last 10,000:    0s.  Last read position: 16:51,081,682
INFO	2018-05-28 11:25:00	MergeVcfs	Processed     4,260,000 records.  Elapsed time: 00:00:49s.  Time for last 10,000:    0s.  Last read position: 16:56,241,470
INFO	2018-05-28 11:25:00	MergeVcfs	Processed     4,270,000 records.  Elapsed time: 00:00:49s.  Time for last 10,000:    0s.  Last read position: 16:61,107,891
INFO	2018-05-28 11:25:00	MergeVcfs	Processed     4,280,000 records.  Elapsed time: 00:00:49s.  Time for last 10,000:    0s.  Last read position: 16:68,020,063
INFO	2018-05-28 11:25:01	MergeVcfs	Processed     4,290,000 records.  Elapsed time: 00:00:49s.  Time for last 10,000:    0s.  Last read position: 16:74,653,053
INFO	2018-05-28 11:25:01	MergeVcfs	Processed     4,300,000 records.  Elapsed time: 00:00:50s.  Time for last 10,000:    0s.  Last read position: 16:78,683,412
INFO	2018-05-28 11:25:01	MergeVcfs	Processed     4,310,000 records.  Elapsed time: 00:00:50s.  Time for last 10,000:    0s.  Last read position: 16:82,227,059
INFO	2018-05-28 11:25:01	MergeVcfs	Processed     4,320,000 records.  Elapsed time: 00:00:50s.  Time for last 10,000:    0s.  Last read position: 16:85,435,872
INFO	2018-05-28 11:25:01	MergeVcfs	Processed     4,330,000 records.  Elapsed time: 00:00:50s.  Time for last 10,000:    0s.  Last read position: 16:88,975,383
INFO	2018-05-28 11:25:01	MergeVcfs	Processed     4,340,000 records.  Elapsed time: 00:00:50s.  Time for last 10,000:    0s.  Last read position: 17:3,204,254
INFO	2018-05-28 11:25:01	MergeVcfs	Processed     4,350,000 records.  Elapsed time: 00:00:50s.  Time for last 10,000:    0s.  Last read position: 17:7,974,498
INFO	2018-05-28 11:25:01	MergeVcfs	Processed     4,360,000 records.  Elapsed time: 00:00:50s.  Time for last 10,000:    0s.  Last read position: 17:12,622,058
INFO	2018-05-28 11:25:01	MergeVcfs	Processed     4,370,000 records.  Elapsed time: 00:00:50s.  Time for last 10,000:    0s.  Last read position: 17:17,366,504
INFO	2018-05-28 11:25:01	MergeVcfs	Processed     4,380,000 records.  Elapsed time: 00:00:50s.  Time for last 10,000:    0s.  Last read position: 17:27,470,017
INFO	2018-05-28 11:25:02	MergeVcfs	Processed     4,390,000 records.  Elapsed time: 00:00:50s.  Time for last 10,000:    0s.  Last read position: 17:33,672,706
INFO	2018-05-28 11:25:02	MergeVcfs	Processed     4,400,000 records.  Elapsed time: 00:00:51s.  Time for last 10,000:    0s.  Last read position: 17:40,088,162
INFO	2018-05-28 11:25:02	MergeVcfs	Processed     4,410,000 records.  Elapsed time: 00:00:51s.  Time for last 10,000:    0s.  Last read position: 17:48,316,872
INFO	2018-05-28 11:25:02	MergeVcfs	Processed     4,420,000 records.  Elapsed time: 00:00:51s.  Time for last 10,000:    0s.  Last read position: 17:53,677,455
INFO	2018-05-28 11:25:02	MergeVcfs	Processed     4,430,000 records.  Elapsed time: 00:00:51s.  Time for last 10,000:    0s.  Last read position: 17:60,651,381
INFO	2018-05-28 11:25:02	MergeVcfs	Processed     4,440,000 records.  Elapsed time: 00:00:51s.  Time for last 10,000:    0s.  Last read position: 17:66,640,399
INFO	2018-05-28 11:25:02	MergeVcfs	Processed     4,450,000 records.  Elapsed time: 00:00:51s.  Time for last 10,000:    0s.  Last read position: 17:71,892,561
INFO	2018-05-28 11:25:02	MergeVcfs	Processed     4,460,000 records.  Elapsed time: 00:00:51s.  Time for last 10,000:    0s.  Last read position: 17:76,520,699
INFO	2018-05-28 11:25:02	MergeVcfs	Processed     4,470,000 records.  Elapsed time: 00:00:51s.  Time for last 10,000:    0s.  Last read position: 17:80,942,465
INFO	2018-05-28 11:25:02	MergeVcfs	Processed     4,480,000 records.  Elapsed time: 00:00:51s.  Time for last 10,000:    0s.  Last read position: 18:4,006,231
INFO	2018-05-28 11:25:03	MergeVcfs	Processed     4,490,000 records.  Elapsed time: 00:00:51s.  Time for last 10,000:    0s.  Last read position: 18:8,696,824
INFO	2018-05-28 11:25:03	MergeVcfs	Processed     4,500,000 records.  Elapsed time: 00:00:52s.  Time for last 10,000:    0s.  Last read position: 18:13,203,603
INFO	2018-05-28 11:25:03	MergeVcfs	Processed     4,510,000 records.  Elapsed time: 00:00:52s.  Time for last 10,000:    0s.  Last read position: 18:22,280,401
INFO	2018-05-28 11:25:03	MergeVcfs	Processed     4,520,000 records.  Elapsed time: 00:00:52s.  Time for last 10,000:    0s.  Last read position: 18:28,079,921
INFO	2018-05-28 11:25:03	MergeVcfs	Processed     4,530,000 records.  Elapsed time: 00:00:52s.  Time for last 10,000:    0s.  Last read position: 18:34,116,874
INFO	2018-05-28 11:25:03	MergeVcfs	Processed     4,540,000 records.  Elapsed time: 00:00:52s.  Time for last 10,000:    0s.  Last read position: 18:40,129,641
INFO	2018-05-28 11:25:03	MergeVcfs	Processed     4,550,000 records.  Elapsed time: 00:00:52s.  Time for last 10,000:    0s.  Last read position: 18:47,012,780
INFO	2018-05-28 11:25:03	MergeVcfs	Processed     4,560,000 records.  Elapsed time: 00:00:52s.  Time for last 10,000:    0s.  Last read position: 18:51,681,733
INFO	2018-05-28 11:25:03	MergeVcfs	Processed     4,570,000 records.  Elapsed time: 00:00:52s.  Time for last 10,000:    0s.  Last read position: 18:57,397,707
INFO	2018-05-28 11:25:03	MergeVcfs	Processed     4,580,000 records.  Elapsed time: 00:00:52s.  Time for last 10,000:    0s.  Last read position: 18:62,963,780
INFO	2018-05-28 11:25:04	MergeVcfs	Processed     4,590,000 records.  Elapsed time: 00:00:52s.  Time for last 10,000:    0s.  Last read position: 18:67,922,927
INFO	2018-05-28 11:25:04	MergeVcfs	Processed     4,600,000 records.  Elapsed time: 00:00:53s.  Time for last 10,000:    0s.  Last read position: 18:72,227,442
INFO	2018-05-28 11:25:04	MergeVcfs	Processed     4,610,000 records.  Elapsed time: 00:00:53s.  Time for last 10,000:    0s.  Last read position: 18:76,603,515
INFO	2018-05-28 11:25:04	MergeVcfs	Processed     4,620,000 records.  Elapsed time: 00:00:53s.  Time for last 10,000:    0s.  Last read position: 19:3,046,930
INFO	2018-05-28 11:25:04	MergeVcfs	Processed     4,630,000 records.  Elapsed time: 00:00:53s.  Time for last 10,000:    0s.  Last read position: 19:7,226,189
INFO	2018-05-28 11:25:04	MergeVcfs	Processed     4,640,000 records.  Elapsed time: 00:00:53s.  Time for last 10,000:    0s.  Last read position: 19:12,141,527
INFO	2018-05-28 11:25:04	MergeVcfs	Processed     4,650,000 records.  Elapsed time: 00:00:53s.  Time for last 10,000:    0s.  Last read position: 19:16,870,787
INFO	2018-05-28 11:25:04	MergeVcfs	Processed     4,660,000 records.  Elapsed time: 00:00:53s.  Time for last 10,000:    0s.  Last read position: 19:21,133,269
INFO	2018-05-28 11:25:04	MergeVcfs	Processed     4,670,000 records.  Elapsed time: 00:00:53s.  Time for last 10,000:    0s.  Last read position: 19:27,844,865
INFO	2018-05-28 11:25:04	MergeVcfs	Processed     4,680,000 records.  Elapsed time: 00:00:53s.  Time for last 10,000:    0s.  Last read position: 19:33,159,781
INFO	2018-05-28 11:25:05	MergeVcfs	Processed     4,690,000 records.  Elapsed time: 00:00:53s.  Time for last 10,000:    0s.  Last read position: 19:38,873,703
INFO	2018-05-28 11:25:05	MergeVcfs	Processed     4,700,000 records.  Elapsed time: 00:00:54s.  Time for last 10,000:    0s.  Last read position: 19:44,503,607
INFO	2018-05-28 11:25:05	MergeVcfs	Processed     4,710,000 records.  Elapsed time: 00:00:54s.  Time for last 10,000:    0s.  Last read position: 19:49,624,964
INFO	2018-05-28 11:25:05	MergeVcfs	Processed     4,720,000 records.  Elapsed time: 00:00:54s.  Time for last 10,000:    0s.  Last read position: 19:53,499,015
INFO	2018-05-28 11:25:05	MergeVcfs	Processed     4,730,000 records.  Elapsed time: 00:00:54s.  Time for last 10,000:    0s.  Last read position: 19:56,808,160
INFO	2018-05-28 11:25:05	MergeVcfs	Processed     4,740,000 records.  Elapsed time: 00:00:54s.  Time for last 10,000:    0s.  Last read position: 20:2,676,135
INFO	2018-05-28 11:25:05	MergeVcfs	Processed     4,750,000 records.  Elapsed time: 00:00:54s.  Time for last 10,000:    0s.  Last read position: 20:7,358,314
INFO	2018-05-28 11:25:05	MergeVcfs	Processed     4,760,000 records.  Elapsed time: 00:00:54s.  Time for last 10,000:    0s.  Last read position: 20:13,192,291
INFO	2018-05-28 11:25:05	MergeVcfs	Processed     4,770,000 records.  Elapsed time: 00:00:54s.  Time for last 10,000:    0s.  Last read position: 20:18,637,062
INFO	2018-05-28 11:25:05	MergeVcfs	Processed     4,780,000 records.  Elapsed time: 00:00:54s.  Time for last 10,000:    0s.  Last read position: 20:24,025,654
INFO	2018-05-28 11:25:06	MergeVcfs	Processed     4,790,000 records.  Elapsed time: 00:00:54s.  Time for last 10,000:    0s.  Last read position: 20:33,103,521
INFO	2018-05-28 11:25:06	MergeVcfs	Processed     4,800,000 records.  Elapsed time: 00:00:55s.  Time for last 10,000:    0s.  Last read position: 20:39,928,506
INFO	2018-05-28 11:25:06	MergeVcfs	Processed     4,810,000 records.  Elapsed time: 00:00:55s.  Time for last 10,000:    0s.  Last read position: 20:46,090,351
INFO	2018-05-28 11:25:06	MergeVcfs	Processed     4,820,000 records.  Elapsed time: 00:00:55s.  Time for last 10,000:    0s.  Last read position: 20:51,041,270
INFO	2018-05-28 11:25:06	MergeVcfs	Processed     4,830,000 records.  Elapsed time: 00:00:55s.  Time for last 10,000:    0s.  Last read position: 20:56,043,372
INFO	2018-05-28 11:25:06	MergeVcfs	Processed     4,840,000 records.  Elapsed time: 00:00:55s.  Time for last 10,000:    0s.  Last read position: 20:61,083,667
INFO	2018-05-28 11:25:06	MergeVcfs	Processed     4,850,000 records.  Elapsed time: 00:00:55s.  Time for last 10,000:    0s.  Last read position: 21:16,462,490
INFO	2018-05-28 11:25:06	MergeVcfs	Processed     4,860,000 records.  Elapsed time: 00:00:55s.  Time for last 10,000:    0s.  Last read position: 21:20,591,732
INFO	2018-05-28 11:25:06	MergeVcfs	Processed     4,870,000 records.  Elapsed time: 00:00:55s.  Time for last 10,000:    0s.  Last read position: 21:25,027,421
INFO	2018-05-28 11:25:06	MergeVcfs	Processed     4,880,000 records.  Elapsed time: 00:00:55s.  Time for last 10,000:    0s.  Last read position: 21:29,264,000
INFO	2018-05-28 11:25:07	MergeVcfs	Processed     4,890,000 records.  Elapsed time: 00:00:55s.  Time for last 10,000:    0s.  Last read position: 21:33,707,803
INFO	2018-05-28 11:25:07	MergeVcfs	Processed     4,900,000 records.  Elapsed time: 00:00:56s.  Time for last 10,000:    0s.  Last read position: 21:39,001,613
INFO	2018-05-28 11:25:07	MergeVcfs	Processed     4,910,000 records.  Elapsed time: 00:00:56s.  Time for last 10,000:    0s.  Last read position: 21:43,254,782
INFO	2018-05-28 11:25:07	MergeVcfs	Processed     4,920,000 records.  Elapsed time: 00:00:56s.  Time for last 10,000:    0s.  Last read position: 21:47,410,626
INFO	2018-05-28 11:25:07	MergeVcfs	Processed     4,930,000 records.  Elapsed time: 00:00:56s.  Time for last 10,000:    0s.  Last read position: 22:20,860,881
INFO	2018-05-28 11:25:07	MergeVcfs	Processed     4,940,000 records.  Elapsed time: 00:00:56s.  Time for last 10,000:    0s.  Last read position: 22:25,522,253
INFO	2018-05-28 11:25:07	MergeVcfs	Processed     4,950,000 records.  Elapsed time: 00:00:56s.  Time for last 10,000:    0s.  Last read position: 22:31,123,083
INFO	2018-05-28 11:25:07	MergeVcfs	Processed     4,960,000 records.  Elapsed time: 00:00:56s.  Time for last 10,000:    0s.  Last read position: 22:36,447,564
INFO	2018-05-28 11:25:07	MergeVcfs	Processed     4,970,000 records.  Elapsed time: 00:00:56s.  Time for last 10,000:    0s.  Last read position: 22:42,160,050
INFO	2018-05-28 11:25:07	MergeVcfs	Processed     4,980,000 records.  Elapsed time: 00:00:56s.  Time for last 10,000:    0s.  Last read position: 22:46,456,500
INFO	2018-05-28 11:25:08	MergeVcfs	Processed     4,990,000 records.  Elapsed time: 00:00:56s.  Time for last 10,000:    0s.  Last read position: 22:49,915,931
INFO	2018-05-28 11:25:08	MergeVcfs	Processed     5,000,000 records.  Elapsed time: 00:00:57s.  Time for last 10,000:    0s.  Last read position: X:1,845,186
INFO	2018-05-28 11:25:08	MergeVcfs	Processed     5,010,000 records.  Elapsed time: 00:00:57s.  Time for last 10,000:    0s.  Last read position: X:8,658,847
INFO	2018-05-28 11:25:08	MergeVcfs	Processed     5,020,000 records.  Elapsed time: 00:00:57s.  Time for last 10,000:    0s.  Last read position: X:20,678,100
INFO	2018-05-28 11:25:08	MergeVcfs	Processed     5,030,000 records.  Elapsed time: 00:00:57s.  Time for last 10,000:    0s.  Last read position: X:30,959,449
INFO	2018-05-28 11:25:08	MergeVcfs	Processed     5,040,000 records.  Elapsed time: 00:00:57s.  Time for last 10,000:    0s.  Last read position: X:41,983,522
INFO	2018-05-28 11:25:08	MergeVcfs	Processed     5,050,000 records.  Elapsed time: 00:00:57s.  Time for last 10,000:    0s.  Last read position: X:56,489,981
INFO	2018-05-28 11:25:08	MergeVcfs	Processed     5,060,000 records.  Elapsed time: 00:00:57s.  Time for last 10,000:    0s.  Last read position: X:74,368,732
INFO	2018-05-28 11:25:08	MergeVcfs	Processed     5,070,000 records.  Elapsed time: 00:00:57s.  Time for last 10,000:    0s.  Last read position: X:84,523,004
INFO	2018-05-28 11:25:08	MergeVcfs	Processed     5,080,000 records.  Elapsed time: 00:00:57s.  Time for last 10,000:    0s.  Last read position: X:91,739,212
INFO	2018-05-28 11:25:09	MergeVcfs	Processed     5,090,000 records.  Elapsed time: 00:00:57s.  Time for last 10,000:    0s.  Last read position: X:103,807,091
INFO	2018-05-28 11:25:09	MergeVcfs	Processed     5,100,000 records.  Elapsed time: 00:00:58s.  Time for last 10,000:    0s.  Last read position: X:116,539,397
INFO	2018-05-28 11:25:09	MergeVcfs	Processed     5,110,000 records.  Elapsed time: 00:00:58s.  Time for last 10,000:    0s.  Last read position: X:127,158,128
INFO	2018-05-28 11:25:09	MergeVcfs	Processed     5,120,000 records.  Elapsed time: 00:00:58s.  Time for last 10,000:    0s.  Last read position: X:141,163,917
INFO	2018-05-28 11:25:09	MergeVcfs	Processed     5,130,000 records.  Elapsed time: 00:00:58s.  Time for last 10,000:    0s.  Last read position: X:151,257,809
[Mon May 28 11:25:09 UTC 2018] picard.vcf.MergeVcfs done. Elapsed time: 0.98 minutes.
Runtime.totalMemory()=317194240

Completed merging DDR control individual genotype VCF files from 1000 Genome Project
Mon 28 May 11:25:09 UTC 2018

Completed s01_select_HG02981_ddr_control_kgen.sh
Mon 28 May 11:25:09 UTC 2018

