Starting s01_sort_merge_HG02067_ddr_control_kgen.sh
Sun 27 May 09:49:32 UTC 2018


Sorting individual genotype VCF file (chromosome 14) from 1000 Genome Project
Sun 27 May 09:49:32 UTC 2018
09:49:32.992 INFO  NativeLibraryLoader - Loading libgkl_compression.so from jar:file:/home/ec2-user/tools/picard/picard.jar!/com/intel/gkl/native/libgkl_compression.so
[Sun May 27 09:49:33 UTC 2018] SortVcf INPUT=[/home/ec2-user/results/data_analysis/gt_individuals/kgen/ddr_control/HG02067/s01_HG02067_ddr_control_kgen_chr14_raw.vcf] OUTPUT=/home/ec2-user/results/data_analysis/gt_individuals/kgen/ddr_control/HG02067/s01_HG02067_ddr_control_kgen_chr14_raw_sorted.vcf    VERBOSITY=INFO QUIET=false VALIDATION_STRINGENCY=STRICT COMPRESSION_LEVEL=5 MAX_RECORDS_IN_RAM=500000 CREATE_INDEX=true CREATE_MD5_FILE=false GA4GH_CLIENT_SECRETS=client_secrets.json USE_JDK_DEFLATER=false USE_JDK_INFLATER=false
[Sun May 27 09:49:33 UTC 2018] Executing as ec2-user@ip-172-31-42-132 on Linux 4.14.33-51.37.amzn1.x86_64 amd64; OpenJDK 64-Bit Server VM 1.8.0_171-b10; Deflater: Intel; Inflater: Intel; Provider GCS is not available; Picard version: 2.18.2-SNAPSHOT
INFO	2018-05-27 09:49:33	SortVcf	Reading entries from input file 1
INFO	2018-05-27 09:49:33	SortVcf	read        25,000 records.  Elapsed time: 00:00:00s.  Time for last 25,000:    0s.  Last read position: 14:35,184,116
INFO	2018-05-27 09:49:34	SortVcf	read        50,000 records.  Elapsed time: 00:00:01s.  Time for last 25,000:    0s.  Last read position: 14:50,510,553
INFO	2018-05-27 09:49:34	SortVcf	read        75,000 records.  Elapsed time: 00:00:01s.  Time for last 25,000:    0s.  Last read position: 14:66,299,114
INFO	2018-05-27 09:49:35	SortVcf	read       100,000 records.  Elapsed time: 00:00:02s.  Time for last 25,000:    0s.  Last read position: 14:83,244,242
INFO	2018-05-27 09:49:36	SortVcf	read       125,000 records.  Elapsed time: 00:00:03s.  Time for last 25,000:    1s.  Last read position: 14:98,952,990
INFO	2018-05-27 09:49:37	SortVcf	wrote        25,000 records.  Elapsed time: 00:00:00s.  Time for last 25,000:    0s.  Last read position: 14:35,184,116
INFO	2018-05-27 09:49:37	SortVcf	wrote        50,000 records.  Elapsed time: 00:00:01s.  Time for last 25,000:    0s.  Last read position: 14:50,510,553
INFO	2018-05-27 09:49:38	SortVcf	wrote        75,000 records.  Elapsed time: 00:00:01s.  Time for last 25,000:    0s.  Last read position: 14:66,299,114
INFO	2018-05-27 09:49:38	SortVcf	wrote       100,000 records.  Elapsed time: 00:00:02s.  Time for last 25,000:    0s.  Last read position: 14:83,244,242
INFO	2018-05-27 09:49:39	SortVcf	wrote       125,000 records.  Elapsed time: 00:00:02s.  Time for last 25,000:    0s.  Last read position: 14:98,952,990
[Sun May 27 09:49:40 UTC 2018] picard.vcf.SortVcf done. Elapsed time: 0.13 minutes.
Runtime.totalMemory()=781189120

Merging DDR control individual genotype VCF files (including sorted chromosome 14) from 1000 Genome Project
Sun 27 May 09:49:40 UTC 2018
09:49:41.247 INFO  NativeLibraryLoader - Loading libgkl_compression.so from jar:file:/home/ec2-user/tools/picard/picard.jar!/com/intel/gkl/native/libgkl_compression.so
[Sun May 27 09:49:41 UTC 2018] MergeVcfs INPUT=[/home/ec2-user/results/data_analysis/gt_individuals/kgen/ddr_control/HG02067/s01_HG02067_ddr_control_kgen_chr1_raw.vcf, /home/ec2-user/results/data_analysis/gt_individuals/kgen/ddr_control/HG02067/s01_HG02067_ddr_control_kgen_chr2_raw.vcf, /home/ec2-user/results/data_analysis/gt_individuals/kgen/ddr_control/HG02067/s01_HG02067_ddr_control_kgen_chr3_raw.vcf, /home/ec2-user/results/data_analysis/gt_individuals/kgen/ddr_control/HG02067/s01_HG02067_ddr_control_kgen_chr4_raw.vcf, /home/ec2-user/results/data_analysis/gt_individuals/kgen/ddr_control/HG02067/s01_HG02067_ddr_control_kgen_chr5_raw.vcf, /home/ec2-user/results/data_analysis/gt_individuals/kgen/ddr_control/HG02067/s01_HG02067_ddr_control_kgen_chr6_raw.vcf, /home/ec2-user/results/data_analysis/gt_individuals/kgen/ddr_control/HG02067/s01_HG02067_ddr_control_kgen_chr7_raw.vcf, /home/ec2-user/results/data_analysis/gt_individuals/kgen/ddr_control/HG02067/s01_HG02067_ddr_control_kgen_chr8_raw.vcf, /home/ec2-user/results/data_analysis/gt_individuals/kgen/ddr_control/HG02067/s01_HG02067_ddr_control_kgen_chr9_raw.vcf, /home/ec2-user/results/data_analysis/gt_individuals/kgen/ddr_control/HG02067/s01_HG02067_ddr_control_kgen_chr10_raw.vcf, /home/ec2-user/results/data_analysis/gt_individuals/kgen/ddr_control/HG02067/s01_HG02067_ddr_control_kgen_chr11_raw.vcf, /home/ec2-user/results/data_analysis/gt_individuals/kgen/ddr_control/HG02067/s01_HG02067_ddr_control_kgen_chr12_raw.vcf, /home/ec2-user/results/data_analysis/gt_individuals/kgen/ddr_control/HG02067/s01_HG02067_ddr_control_kgen_chr13_raw.vcf, /home/ec2-user/results/data_analysis/gt_individuals/kgen/ddr_control/HG02067/s01_HG02067_ddr_control_kgen_chr14_raw_sorted.vcf, /home/ec2-user/results/data_analysis/gt_individuals/kgen/ddr_control/HG02067/s01_HG02067_ddr_control_kgen_chr15_raw.vcf, /home/ec2-user/results/data_analysis/gt_individuals/kgen/ddr_control/HG02067/s01_HG02067_ddr_control_kgen_chr16_raw.vcf, /home/ec2-user/results/data_analysis/gt_individuals/kgen/ddr_control/HG02067/s01_HG02067_ddr_control_kgen_chr17_raw.vcf, /home/ec2-user/results/data_analysis/gt_individuals/kgen/ddr_control/HG02067/s01_HG02067_ddr_control_kgen_chr18_raw.vcf, /home/ec2-user/results/data_analysis/gt_individuals/kgen/ddr_control/HG02067/s01_HG02067_ddr_control_kgen_chr19_raw.vcf, /home/ec2-user/results/data_analysis/gt_individuals/kgen/ddr_control/HG02067/s01_HG02067_ddr_control_kgen_chr20_raw.vcf, /home/ec2-user/results/data_analysis/gt_individuals/kgen/ddr_control/HG02067/s01_HG02067_ddr_control_kgen_chr21_raw.vcf, /home/ec2-user/results/data_analysis/gt_individuals/kgen/ddr_control/HG02067/s01_HG02067_ddr_control_kgen_chr22_raw.vcf, /home/ec2-user/results/data_analysis/gt_individuals/kgen/ddr_control/HG02067/s01_HG02067_ddr_control_kgen_chrX_raw.vcf] OUTPUT=/home/ec2-user/results/data_analysis/gt_individuals/kgen/ddr_control/HG02067/s01_HG02067_ddr_control_kgen_merged_raw.vcf.gz    VERBOSITY=INFO QUIET=false VALIDATION_STRINGENCY=STRICT COMPRESSION_LEVEL=5 MAX_RECORDS_IN_RAM=500000 CREATE_INDEX=true CREATE_MD5_FILE=false GA4GH_CLIENT_SECRETS=client_secrets.json USE_JDK_DEFLATER=false USE_JDK_INFLATER=false
[Sun May 27 09:49:41 UTC 2018] Executing as ec2-user@ip-172-31-42-132 on Linux 4.14.33-51.37.amzn1.x86_64 amd64; OpenJDK 64-Bit Server VM 1.8.0_171-b10; Deflater: Intel; Inflater: Intel; Provider GCS is not available; Picard version: 2.18.2-SNAPSHOT
INFO	2018-05-27 09:49:42	MergeVcfs	Processed        10,000 records.  Elapsed time: 00:00:01s.  Time for last 10,000:    0s.  Last read position: 1:5,983,190
INFO	2018-05-27 09:49:42	MergeVcfs	Processed        20,000 records.  Elapsed time: 00:00:01s.  Time for last 10,000:    0s.  Last read position: 1:13,856,395
INFO	2018-05-27 09:49:43	MergeVcfs	Processed        30,000 records.  Elapsed time: 00:00:01s.  Time for last 10,000:    0s.  Last read position: 1:20,373,664
INFO	2018-05-27 09:49:43	MergeVcfs	Processed        40,000 records.  Elapsed time: 00:00:02s.  Time for last 10,000:    0s.  Last read position: 1:27,369,429
INFO	2018-05-27 09:49:43	MergeVcfs	Processed        50,000 records.  Elapsed time: 00:00:02s.  Time for last 10,000:    0s.  Last read position: 1:35,182,448
INFO	2018-05-27 09:49:44	MergeVcfs	Processed        60,000 records.  Elapsed time: 00:00:02s.  Time for last 10,000:    0s.  Last read position: 1:43,453,570
INFO	2018-05-27 09:49:44	MergeVcfs	Processed        70,000 records.  Elapsed time: 00:00:03s.  Time for last 10,000:    0s.  Last read position: 1:53,796,099
INFO	2018-05-27 09:49:44	MergeVcfs	Processed        80,000 records.  Elapsed time: 00:00:03s.  Time for last 10,000:    0s.  Last read position: 1:60,609,155
INFO	2018-05-27 09:49:44	MergeVcfs	Processed        90,000 records.  Elapsed time: 00:00:03s.  Time for last 10,000:    0s.  Last read position: 1:66,829,764
INFO	2018-05-27 09:49:45	MergeVcfs	Processed       100,000 records.  Elapsed time: 00:00:03s.  Time for last 10,000:    0s.  Last read position: 1:73,761,180
INFO	2018-05-27 09:49:45	MergeVcfs	Processed       110,000 records.  Elapsed time: 00:00:04s.  Time for last 10,000:    0s.  Last read position: 1:80,331,326
INFO	2018-05-27 09:49:45	MergeVcfs	Processed       120,000 records.  Elapsed time: 00:00:04s.  Time for last 10,000:    0s.  Last read position: 1:86,901,465
INFO	2018-05-27 09:49:45	MergeVcfs	Processed       130,000 records.  Elapsed time: 00:00:04s.  Time for last 10,000:    0s.  Last read position: 1:93,617,546
INFO	2018-05-27 09:49:46	MergeVcfs	Processed       140,000 records.  Elapsed time: 00:00:04s.  Time for last 10,000:    0s.  Last read position: 1:101,128,950
INFO	2018-05-27 09:49:46	MergeVcfs	Processed       150,000 records.  Elapsed time: 00:00:05s.  Time for last 10,000:    0s.  Last read position: 1:106,828,782
INFO	2018-05-27 09:49:46	MergeVcfs	Processed       160,000 records.  Elapsed time: 00:00:05s.  Time for last 10,000:    0s.  Last read position: 1:113,919,802
INFO	2018-05-27 09:49:46	MergeVcfs	Processed       170,000 records.  Elapsed time: 00:00:05s.  Time for last 10,000:    0s.  Last read position: 1:143,402,421
INFO	2018-05-27 09:49:47	MergeVcfs	Processed       180,000 records.  Elapsed time: 00:00:05s.  Time for last 10,000:    0s.  Last read position: 1:153,860,757
INFO	2018-05-27 09:49:47	MergeVcfs	Processed       190,000 records.  Elapsed time: 00:00:05s.  Time for last 10,000:    0s.  Last read position: 1:161,200,487
INFO	2018-05-27 09:49:47	MergeVcfs	Processed       200,000 records.  Elapsed time: 00:00:06s.  Time for last 10,000:    0s.  Last read position: 1:166,748,225
INFO	2018-05-27 09:49:47	MergeVcfs	Processed       210,000 records.  Elapsed time: 00:00:06s.  Time for last 10,000:    0s.  Last read position: 1:173,968,533
INFO	2018-05-27 09:49:47	MergeVcfs	Processed       220,000 records.  Elapsed time: 00:00:06s.  Time for last 10,000:    0s.  Last read position: 1:181,723,447
INFO	2018-05-27 09:49:48	MergeVcfs	Processed       230,000 records.  Elapsed time: 00:00:06s.  Time for last 10,000:    0s.  Last read position: 1:188,460,256
INFO	2018-05-27 09:49:48	MergeVcfs	Processed       240,000 records.  Elapsed time: 00:00:06s.  Time for last 10,000:    0s.  Last read position: 1:195,931,783
INFO	2018-05-27 09:49:48	MergeVcfs	Processed       250,000 records.  Elapsed time: 00:00:07s.  Time for last 10,000:    0s.  Last read position: 1:202,746,479
INFO	2018-05-27 09:49:48	MergeVcfs	Processed       260,000 records.  Elapsed time: 00:00:07s.  Time for last 10,000:    0s.  Last read position: 1:210,234,236
INFO	2018-05-27 09:49:48	MergeVcfs	Processed       270,000 records.  Elapsed time: 00:00:07s.  Time for last 10,000:    0s.  Last read position: 1:218,007,521
INFO	2018-05-27 09:49:48	MergeVcfs	Processed       280,000 records.  Elapsed time: 00:00:07s.  Time for last 10,000:    0s.  Last read position: 1:224,577,397
INFO	2018-05-27 09:49:49	MergeVcfs	Processed       290,000 records.  Elapsed time: 00:00:07s.  Time for last 10,000:    0s.  Last read position: 1:231,379,363
INFO	2018-05-27 09:49:49	MergeVcfs	Processed       300,000 records.  Elapsed time: 00:00:08s.  Time for last 10,000:    0s.  Last read position: 1:237,170,279
INFO	2018-05-27 09:49:49	MergeVcfs	Processed       310,000 records.  Elapsed time: 00:00:08s.  Time for last 10,000:    0s.  Last read position: 1:242,523,423
INFO	2018-05-27 09:49:49	MergeVcfs	Processed       320,000 records.  Elapsed time: 00:00:08s.  Time for last 10,000:    0s.  Last read position: 1:247,967,829
INFO	2018-05-27 09:49:49	MergeVcfs	Processed       330,000 records.  Elapsed time: 00:00:08s.  Time for last 10,000:    0s.  Last read position: 2:3,496,506
INFO	2018-05-27 09:49:49	MergeVcfs	Processed       340,000 records.  Elapsed time: 00:00:08s.  Time for last 10,000:    0s.  Last read position: 2:9,974,793
INFO	2018-05-27 09:49:50	MergeVcfs	Processed       350,000 records.  Elapsed time: 00:00:08s.  Time for last 10,000:    0s.  Last read position: 2:15,196,225
INFO	2018-05-27 09:49:50	MergeVcfs	Processed       360,000 records.  Elapsed time: 00:00:08s.  Time for last 10,000:    0s.  Last read position: 2:22,861,844
INFO	2018-05-27 09:49:50	MergeVcfs	Processed       370,000 records.  Elapsed time: 00:00:08s.  Time for last 10,000:    0s.  Last read position: 2:30,125,855
INFO	2018-05-27 09:49:50	MergeVcfs	Processed       380,000 records.  Elapsed time: 00:00:09s.  Time for last 10,000:    0s.  Last read position: 2:36,296,897
INFO	2018-05-27 09:49:50	MergeVcfs	Processed       390,000 records.  Elapsed time: 00:00:09s.  Time for last 10,000:    0s.  Last read position: 2:42,008,861
INFO	2018-05-27 09:49:50	MergeVcfs	Processed       400,000 records.  Elapsed time: 00:00:09s.  Time for last 10,000:    0s.  Last read position: 2:49,049,015
INFO	2018-05-27 09:49:50	MergeVcfs	Processed       410,000 records.  Elapsed time: 00:00:09s.  Time for last 10,000:    0s.  Last read position: 2:55,180,821
INFO	2018-05-27 09:49:50	MergeVcfs	Processed       420,000 records.  Elapsed time: 00:00:09s.  Time for last 10,000:    0s.  Last read position: 2:62,421,667
INFO	2018-05-27 09:49:50	MergeVcfs	Processed       430,000 records.  Elapsed time: 00:00:09s.  Time for last 10,000:    0s.  Last read position: 2:69,647,135
INFO	2018-05-27 09:49:50	MergeVcfs	Processed       440,000 records.  Elapsed time: 00:00:09s.  Time for last 10,000:    0s.  Last read position: 2:76,818,512
INFO	2018-05-27 09:49:51	MergeVcfs	Processed       450,000 records.  Elapsed time: 00:00:09s.  Time for last 10,000:    0s.  Last read position: 2:82,814,412
INFO	2018-05-27 09:49:51	MergeVcfs	Processed       460,000 records.  Elapsed time: 00:00:09s.  Time for last 10,000:    0s.  Last read position: 2:98,356,846
INFO	2018-05-27 09:49:51	MergeVcfs	Processed       470,000 records.  Elapsed time: 00:00:09s.  Time for last 10,000:    0s.  Last read position: 2:106,139,702
INFO	2018-05-27 09:49:51	MergeVcfs	Processed       480,000 records.  Elapsed time: 00:00:10s.  Time for last 10,000:    0s.  Last read position: 2:113,808,772
INFO	2018-05-27 09:49:51	MergeVcfs	Processed       490,000 records.  Elapsed time: 00:00:10s.  Time for last 10,000:    0s.  Last read position: 2:120,350,391
INFO	2018-05-27 09:49:51	MergeVcfs	Processed       500,000 records.  Elapsed time: 00:00:10s.  Time for last 10,000:    0s.  Last read position: 2:127,657,928
INFO	2018-05-27 09:49:51	MergeVcfs	Processed       510,000 records.  Elapsed time: 00:00:10s.  Time for last 10,000:    0s.  Last read position: 2:133,565,942
INFO	2018-05-27 09:49:51	MergeVcfs	Processed       520,000 records.  Elapsed time: 00:00:10s.  Time for last 10,000:    0s.  Last read position: 2:140,728,987
INFO	2018-05-27 09:49:51	MergeVcfs	Processed       530,000 records.  Elapsed time: 00:00:10s.  Time for last 10,000:    0s.  Last read position: 2:148,292,124
INFO	2018-05-27 09:49:51	MergeVcfs	Processed       540,000 records.  Elapsed time: 00:00:10s.  Time for last 10,000:    0s.  Last read position: 2:155,752,350
INFO	2018-05-27 09:49:52	MergeVcfs	Processed       550,000 records.  Elapsed time: 00:00:10s.  Time for last 10,000:    0s.  Last read position: 2:163,104,384
INFO	2018-05-27 09:49:52	MergeVcfs	Processed       560,000 records.  Elapsed time: 00:00:10s.  Time for last 10,000:    0s.  Last read position: 2:170,579,634
INFO	2018-05-27 09:49:52	MergeVcfs	Processed       570,000 records.  Elapsed time: 00:00:10s.  Time for last 10,000:    0s.  Last read position: 2:176,726,089
INFO	2018-05-27 09:49:52	MergeVcfs	Processed       580,000 records.  Elapsed time: 00:00:11s.  Time for last 10,000:    0s.  Last read position: 2:183,955,319
INFO	2018-05-27 09:49:52	MergeVcfs	Processed       590,000 records.  Elapsed time: 00:00:11s.  Time for last 10,000:    0s.  Last read position: 2:190,836,637
INFO	2018-05-27 09:49:52	MergeVcfs	Processed       600,000 records.  Elapsed time: 00:00:11s.  Time for last 10,000:    0s.  Last read position: 2:197,981,404
INFO	2018-05-27 09:49:52	MergeVcfs	Processed       610,000 records.  Elapsed time: 00:00:11s.  Time for last 10,000:    0s.  Last read position: 2:206,497,721
INFO	2018-05-27 09:49:52	MergeVcfs	Processed       620,000 records.  Elapsed time: 00:00:11s.  Time for last 10,000:    0s.  Last read position: 2:214,368,411
INFO	2018-05-27 09:49:52	MergeVcfs	Processed       630,000 records.  Elapsed time: 00:00:11s.  Time for last 10,000:    0s.  Last read position: 2:220,820,385
INFO	2018-05-27 09:49:52	MergeVcfs	Processed       640,000 records.  Elapsed time: 00:00:11s.  Time for last 10,000:    0s.  Last read position: 2:227,145,757
INFO	2018-05-27 09:49:53	MergeVcfs	Processed       650,000 records.  Elapsed time: 00:00:11s.  Time for last 10,000:    0s.  Last read position: 2:233,848,340
INFO	2018-05-27 09:49:53	MergeVcfs	Processed       660,000 records.  Elapsed time: 00:00:11s.  Time for last 10,000:    0s.  Last read position: 2:240,268,509
INFO	2018-05-27 09:49:53	MergeVcfs	Processed       670,000 records.  Elapsed time: 00:00:11s.  Time for last 10,000:    0s.  Last read position: 3:2,379,979
INFO	2018-05-27 09:49:53	MergeVcfs	Processed       680,000 records.  Elapsed time: 00:00:12s.  Time for last 10,000:    0s.  Last read position: 3:6,748,415
INFO	2018-05-27 09:49:53	MergeVcfs	Processed       690,000 records.  Elapsed time: 00:00:12s.  Time for last 10,000:    0s.  Last read position: 3:13,269,949
INFO	2018-05-27 09:49:53	MergeVcfs	Processed       700,000 records.  Elapsed time: 00:00:12s.  Time for last 10,000:    0s.  Last read position: 3:21,227,977
INFO	2018-05-27 09:49:53	MergeVcfs	Processed       710,000 records.  Elapsed time: 00:00:12s.  Time for last 10,000:    0s.  Last read position: 3:26,981,788
INFO	2018-05-27 09:49:53	MergeVcfs	Processed       720,000 records.  Elapsed time: 00:00:12s.  Time for last 10,000:    0s.  Last read position: 3:32,781,796
INFO	2018-05-27 09:49:53	MergeVcfs	Processed       730,000 records.  Elapsed time: 00:00:12s.  Time for last 10,000:    0s.  Last read position: 3:39,550,445
INFO	2018-05-27 09:49:53	MergeVcfs	Processed       740,000 records.  Elapsed time: 00:00:12s.  Time for last 10,000:    0s.  Last read position: 3:47,019,927
INFO	2018-05-27 09:49:54	MergeVcfs	Processed       750,000 records.  Elapsed time: 00:00:12s.  Time for last 10,000:    0s.  Last read position: 3:56,147,458
INFO	2018-05-27 09:49:54	MergeVcfs	Processed       760,000 records.  Elapsed time: 00:00:12s.  Time for last 10,000:    0s.  Last read position: 3:61,936,606
INFO	2018-05-27 09:49:54	MergeVcfs	Processed       770,000 records.  Elapsed time: 00:00:12s.  Time for last 10,000:    0s.  Last read position: 3:68,203,939
INFO	2018-05-27 09:49:54	MergeVcfs	Processed       780,000 records.  Elapsed time: 00:00:13s.  Time for last 10,000:    0s.  Last read position: 3:74,813,794
INFO	2018-05-27 09:49:54	MergeVcfs	Processed       790,000 records.  Elapsed time: 00:00:13s.  Time for last 10,000:    0s.  Last read position: 3:81,119,052
INFO	2018-05-27 09:49:54	MergeVcfs	Processed       800,000 records.  Elapsed time: 00:00:13s.  Time for last 10,000:    0s.  Last read position: 3:88,326,214
INFO	2018-05-27 09:49:54	MergeVcfs	Processed       810,000 records.  Elapsed time: 00:00:13s.  Time for last 10,000:    0s.  Last read position: 3:98,046,292
INFO	2018-05-27 09:49:54	MergeVcfs	Processed       820,000 records.  Elapsed time: 00:00:13s.  Time for last 10,000:    0s.  Last read position: 3:104,774,805
INFO	2018-05-27 09:49:54	MergeVcfs	Processed       830,000 records.  Elapsed time: 00:00:13s.  Time for last 10,000:    0s.  Last read position: 3:110,527,504
INFO	2018-05-27 09:49:54	MergeVcfs	Processed       840,000 records.  Elapsed time: 00:00:13s.  Time for last 10,000:    0s.  Last read position: 3:116,899,882
INFO	2018-05-27 09:49:55	MergeVcfs	Processed       850,000 records.  Elapsed time: 00:00:13s.  Time for last 10,000:    0s.  Last read position: 3:124,347,589
INFO	2018-05-27 09:49:55	MergeVcfs	Processed       860,000 records.  Elapsed time: 00:00:13s.  Time for last 10,000:    0s.  Last read position: 3:129,960,210
INFO	2018-05-27 09:49:55	MergeVcfs	Processed       870,000 records.  Elapsed time: 00:00:13s.  Time for last 10,000:    0s.  Last read position: 3:137,424,493
INFO	2018-05-27 09:49:55	MergeVcfs	Processed       880,000 records.  Elapsed time: 00:00:14s.  Time for last 10,000:    0s.  Last read position: 3:145,131,340
INFO	2018-05-27 09:49:55	MergeVcfs	Processed       890,000 records.  Elapsed time: 00:00:14s.  Time for last 10,000:    0s.  Last read position: 3:152,405,541
INFO	2018-05-27 09:49:55	MergeVcfs	Processed       900,000 records.  Elapsed time: 00:00:14s.  Time for last 10,000:    0s.  Last read position: 3:160,458,608
INFO	2018-05-27 09:49:55	MergeVcfs	Processed       910,000 records.  Elapsed time: 00:00:14s.  Time for last 10,000:    0s.  Last read position: 3:165,834,091
INFO	2018-05-27 09:49:55	MergeVcfs	Processed       920,000 records.  Elapsed time: 00:00:14s.  Time for last 10,000:    0s.  Last read position: 3:173,748,306
INFO	2018-05-27 09:49:55	MergeVcfs	Processed       930,000 records.  Elapsed time: 00:00:14s.  Time for last 10,000:    0s.  Last read position: 3:180,636,163
INFO	2018-05-27 09:49:55	MergeVcfs	Processed       940,000 records.  Elapsed time: 00:00:14s.  Time for last 10,000:    0s.  Last read position: 3:187,611,992
INFO	2018-05-27 09:49:55	MergeVcfs	Processed       950,000 records.  Elapsed time: 00:00:14s.  Time for last 10,000:    0s.  Last read position: 3:192,933,679
INFO	2018-05-27 09:49:56	MergeVcfs	Processed       960,000 records.  Elapsed time: 00:00:14s.  Time for last 10,000:    0s.  Last read position: 4:967,857
INFO	2018-05-27 09:49:56	MergeVcfs	Processed       970,000 records.  Elapsed time: 00:00:14s.  Time for last 10,000:    0s.  Last read position: 4:6,444,856
INFO	2018-05-27 09:49:56	MergeVcfs	Processed       980,000 records.  Elapsed time: 00:00:15s.  Time for last 10,000:    0s.  Last read position: 4:10,597,569
INFO	2018-05-27 09:49:56	MergeVcfs	Processed       990,000 records.  Elapsed time: 00:00:15s.  Time for last 10,000:    0s.  Last read position: 4:16,427,674
INFO	2018-05-27 09:49:56	MergeVcfs	Processed     1,000,000 records.  Elapsed time: 00:00:15s.  Time for last 10,000:    0s.  Last read position: 4:22,447,508
INFO	2018-05-27 09:49:56	MergeVcfs	Processed     1,010,000 records.  Elapsed time: 00:00:15s.  Time for last 10,000:    0s.  Last read position: 4:28,583,183
INFO	2018-05-27 09:49:56	MergeVcfs	Processed     1,020,000 records.  Elapsed time: 00:00:15s.  Time for last 10,000:    0s.  Last read position: 4:34,970,057
INFO	2018-05-27 09:49:56	MergeVcfs	Processed     1,030,000 records.  Elapsed time: 00:00:15s.  Time for last 10,000:    0s.  Last read position: 4:40,381,530
INFO	2018-05-27 09:49:56	MergeVcfs	Processed     1,040,000 records.  Elapsed time: 00:00:15s.  Time for last 10,000:    0s.  Last read position: 4:47,716,327
INFO	2018-05-27 09:49:56	MergeVcfs	Processed     1,050,000 records.  Elapsed time: 00:00:15s.  Time for last 10,000:    0s.  Last read position: 4:57,337,528
INFO	2018-05-27 09:49:57	MergeVcfs	Processed     1,060,000 records.  Elapsed time: 00:00:15s.  Time for last 10,000:    0s.  Last read position: 4:61,599,490
INFO	2018-05-27 09:49:57	MergeVcfs	Processed     1,070,000 records.  Elapsed time: 00:00:15s.  Time for last 10,000:    0s.  Last read position: 4:66,924,196
INFO	2018-05-27 09:49:57	MergeVcfs	Processed     1,080,000 records.  Elapsed time: 00:00:15s.  Time for last 10,000:    0s.  Last read position: 4:72,115,668
INFO	2018-05-27 09:49:57	MergeVcfs	Processed     1,090,000 records.  Elapsed time: 00:00:16s.  Time for last 10,000:    0s.  Last read position: 4:77,588,449
INFO	2018-05-27 09:49:57	MergeVcfs	Processed     1,100,000 records.  Elapsed time: 00:00:16s.  Time for last 10,000:    0s.  Last read position: 4:84,210,783
INFO	2018-05-27 09:49:57	MergeVcfs	Processed     1,110,000 records.  Elapsed time: 00:00:16s.  Time for last 10,000:    0s.  Last read position: 4:91,861,722
INFO	2018-05-27 09:49:57	MergeVcfs	Processed     1,120,000 records.  Elapsed time: 00:00:16s.  Time for last 10,000:    0s.  Last read position: 4:100,095,512
INFO	2018-05-27 09:49:57	MergeVcfs	Processed     1,130,000 records.  Elapsed time: 00:00:16s.  Time for last 10,000:    0s.  Last read position: 4:107,676,927
INFO	2018-05-27 09:49:57	MergeVcfs	Processed     1,140,000 records.  Elapsed time: 00:00:16s.  Time for last 10,000:    0s.  Last read position: 4:114,019,075
INFO	2018-05-27 09:49:57	MergeVcfs	Processed     1,150,000 records.  Elapsed time: 00:00:16s.  Time for last 10,000:    0s.  Last read position: 4:120,002,739
INFO	2018-05-27 09:49:58	MergeVcfs	Processed     1,160,000 records.  Elapsed time: 00:00:16s.  Time for last 10,000:    0s.  Last read position: 4:126,322,167
INFO	2018-05-27 09:49:58	MergeVcfs	Processed     1,170,000 records.  Elapsed time: 00:00:16s.  Time for last 10,000:    0s.  Last read position: 4:132,453,873
INFO	2018-05-27 09:49:58	MergeVcfs	Processed     1,180,000 records.  Elapsed time: 00:00:16s.  Time for last 10,000:    0s.  Last read position: 4:138,330,574
INFO	2018-05-27 09:49:58	MergeVcfs	Processed     1,190,000 records.  Elapsed time: 00:00:17s.  Time for last 10,000:    0s.  Last read position: 4:144,914,040
INFO	2018-05-27 09:49:58	MergeVcfs	Processed     1,200,000 records.  Elapsed time: 00:00:17s.  Time for last 10,000:    0s.  Last read position: 4:152,903,538
INFO	2018-05-27 09:49:58	MergeVcfs	Processed     1,210,000 records.  Elapsed time: 00:00:17s.  Time for last 10,000:    0s.  Last read position: 4:159,881,943
INFO	2018-05-27 09:49:58	MergeVcfs	Processed     1,220,000 records.  Elapsed time: 00:00:17s.  Time for last 10,000:    0s.  Last read position: 4:165,505,499
INFO	2018-05-27 09:49:58	MergeVcfs	Processed     1,230,000 records.  Elapsed time: 00:00:17s.  Time for last 10,000:    0s.  Last read position: 4:171,292,939
INFO	2018-05-27 09:49:58	MergeVcfs	Processed     1,240,000 records.  Elapsed time: 00:00:17s.  Time for last 10,000:    0s.  Last read position: 4:178,121,663
INFO	2018-05-27 09:49:58	MergeVcfs	Processed     1,250,000 records.  Elapsed time: 00:00:17s.  Time for last 10,000:    0s.  Last read position: 4:182,558,757
INFO	2018-05-27 09:49:59	MergeVcfs	Processed     1,260,000 records.  Elapsed time: 00:00:17s.  Time for last 10,000:    0s.  Last read position: 4:187,820,084
INFO	2018-05-27 09:49:59	MergeVcfs	Processed     1,270,000 records.  Elapsed time: 00:00:17s.  Time for last 10,000:    0s.  Last read position: 5:1,155,196
INFO	2018-05-27 09:49:59	MergeVcfs	Processed     1,280,000 records.  Elapsed time: 00:00:17s.  Time for last 10,000:    0s.  Last read position: 5:6,204,443
INFO	2018-05-27 09:49:59	MergeVcfs	Processed     1,290,000 records.  Elapsed time: 00:00:18s.  Time for last 10,000:    0s.  Last read position: 5:12,487,480
INFO	2018-05-27 09:49:59	MergeVcfs	Processed     1,300,000 records.  Elapsed time: 00:00:18s.  Time for last 10,000:    0s.  Last read position: 5:18,965,146
INFO	2018-05-27 09:49:59	MergeVcfs	Processed     1,310,000 records.  Elapsed time: 00:00:18s.  Time for last 10,000:    0s.  Last read position: 5:25,124,638
INFO	2018-05-27 09:49:59	MergeVcfs	Processed     1,320,000 records.  Elapsed time: 00:00:18s.  Time for last 10,000:    0s.  Last read position: 5:30,820,121
INFO	2018-05-27 09:49:59	MergeVcfs	Processed     1,330,000 records.  Elapsed time: 00:00:18s.  Time for last 10,000:    0s.  Last read position: 5:36,698,622
INFO	2018-05-27 09:49:59	MergeVcfs	Processed     1,340,000 records.  Elapsed time: 00:00:18s.  Time for last 10,000:    0s.  Last read position: 5:44,851,552
INFO	2018-05-27 09:49:59	MergeVcfs	Processed     1,350,000 records.  Elapsed time: 00:00:18s.  Time for last 10,000:    0s.  Last read position: 5:55,567,497
INFO	2018-05-27 09:49:59	MergeVcfs	Processed     1,360,000 records.  Elapsed time: 00:00:18s.  Time for last 10,000:    0s.  Last read position: 5:63,398,939
INFO	2018-05-27 09:50:00	MergeVcfs	Processed     1,370,000 records.  Elapsed time: 00:00:18s.  Time for last 10,000:    0s.  Last read position: 5:73,243,500
INFO	2018-05-27 09:50:00	MergeVcfs	Processed     1,380,000 records.  Elapsed time: 00:00:18s.  Time for last 10,000:    0s.  Last read position: 5:80,440,531
INFO	2018-05-27 09:50:00	MergeVcfs	Processed     1,390,000 records.  Elapsed time: 00:00:19s.  Time for last 10,000:    0s.  Last read position: 5:88,816,966
INFO	2018-05-27 09:50:00	MergeVcfs	Processed     1,400,000 records.  Elapsed time: 00:00:19s.  Time for last 10,000:    0s.  Last read position: 5:98,361,596
INFO	2018-05-27 09:50:00	MergeVcfs	Processed     1,410,000 records.  Elapsed time: 00:00:19s.  Time for last 10,000:    0s.  Last read position: 5:105,484,671
INFO	2018-05-27 09:50:00	MergeVcfs	Processed     1,420,000 records.  Elapsed time: 00:00:19s.  Time for last 10,000:    0s.  Last read position: 5:112,814,763
INFO	2018-05-27 09:50:00	MergeVcfs	Processed     1,430,000 records.  Elapsed time: 00:00:19s.  Time for last 10,000:    0s.  Last read position: 5:119,444,733
INFO	2018-05-27 09:50:00	MergeVcfs	Processed     1,440,000 records.  Elapsed time: 00:00:19s.  Time for last 10,000:    0s.  Last read position: 5:126,403,795
INFO	2018-05-27 09:50:00	MergeVcfs	Processed     1,450,000 records.  Elapsed time: 00:00:19s.  Time for last 10,000:    0s.  Last read position: 5:135,634,856
INFO	2018-05-27 09:50:00	MergeVcfs	Processed     1,460,000 records.  Elapsed time: 00:00:19s.  Time for last 10,000:    0s.  Last read position: 5:145,121,430
INFO	2018-05-27 09:50:01	MergeVcfs	Processed     1,470,000 records.  Elapsed time: 00:00:19s.  Time for last 10,000:    0s.  Last read position: 5:152,052,332
INFO	2018-05-27 09:50:01	MergeVcfs	Processed     1,480,000 records.  Elapsed time: 00:00:19s.  Time for last 10,000:    0s.  Last read position: 5:160,182,159
INFO	2018-05-27 09:50:01	MergeVcfs	Processed     1,490,000 records.  Elapsed time: 00:00:20s.  Time for last 10,000:    0s.  Last read position: 5:166,786,248
INFO	2018-05-27 09:50:01	MergeVcfs	Processed     1,500,000 records.  Elapsed time: 00:00:20s.  Time for last 10,000:    0s.  Last read position: 5:173,839,160
INFO	2018-05-27 09:50:01	MergeVcfs	Processed     1,510,000 records.  Elapsed time: 00:00:20s.  Time for last 10,000:    0s.  Last read position: 5:179,777,690
INFO	2018-05-27 09:50:01	MergeVcfs	Processed     1,520,000 records.  Elapsed time: 00:00:20s.  Time for last 10,000:    0s.  Last read position: 6:4,693,132
INFO	2018-05-27 09:50:01	MergeVcfs	Processed     1,530,000 records.  Elapsed time: 00:00:20s.  Time for last 10,000:    0s.  Last read position: 6:10,259,737
INFO	2018-05-27 09:50:01	MergeVcfs	Processed     1,540,000 records.  Elapsed time: 00:00:20s.  Time for last 10,000:    0s.  Last read position: 6:16,904,253
INFO	2018-05-27 09:50:01	MergeVcfs	Processed     1,550,000 records.  Elapsed time: 00:00:20s.  Time for last 10,000:    0s.  Last read position: 6:23,229,750
INFO	2018-05-27 09:50:01	MergeVcfs	Processed     1,560,000 records.  Elapsed time: 00:00:20s.  Time for last 10,000:    0s.  Last read position: 6:29,628,620
INFO	2018-05-27 09:50:02	MergeVcfs	Processed     1,570,000 records.  Elapsed time: 00:00:20s.  Time for last 10,000:    0s.  Last read position: 6:31,483,415
INFO	2018-05-27 09:50:02	MergeVcfs	Processed     1,580,000 records.  Elapsed time: 00:00:20s.  Time for last 10,000:    0s.  Last read position: 6:32,698,686
INFO	2018-05-27 09:50:02	MergeVcfs	Processed     1,590,000 records.  Elapsed time: 00:00:20s.  Time for last 10,000:    0s.  Last read position: 6:37,808,389
INFO	2018-05-27 09:50:02	MergeVcfs	Processed     1,600,000 records.  Elapsed time: 00:00:21s.  Time for last 10,000:    0s.  Last read position: 6:44,594,091
INFO	2018-05-27 09:50:02	MergeVcfs	Processed     1,610,000 records.  Elapsed time: 00:00:21s.  Time for last 10,000:    0s.  Last read position: 6:51,880,791
INFO	2018-05-27 09:50:02	MergeVcfs	Processed     1,620,000 records.  Elapsed time: 00:00:21s.  Time for last 10,000:    0s.  Last read position: 6:58,186,458
INFO	2018-05-27 09:50:02	MergeVcfs	Processed     1,630,000 records.  Elapsed time: 00:00:21s.  Time for last 10,000:    0s.  Last read position: 6:66,383,430
INFO	2018-05-27 09:50:02	MergeVcfs	Processed     1,640,000 records.  Elapsed time: 00:00:21s.  Time for last 10,000:    0s.  Last read position: 6:72,259,961
INFO	2018-05-27 09:50:02	MergeVcfs	Processed     1,650,000 records.  Elapsed time: 00:00:21s.  Time for last 10,000:    0s.  Last read position: 6:78,249,291
INFO	2018-05-27 09:50:02	MergeVcfs	Processed     1,660,000 records.  Elapsed time: 00:00:21s.  Time for last 10,000:    0s.  Last read position: 6:84,160,137
INFO	2018-05-27 09:50:03	MergeVcfs	Processed     1,670,000 records.  Elapsed time: 00:00:21s.  Time for last 10,000:    0s.  Last read position: 6:91,333,550
INFO	2018-05-27 09:50:03	MergeVcfs	Processed     1,680,000 records.  Elapsed time: 00:00:21s.  Time for last 10,000:    0s.  Last read position: 6:97,846,571
INFO	2018-05-27 09:50:03	MergeVcfs	Processed     1,690,000 records.  Elapsed time: 00:00:21s.  Time for last 10,000:    0s.  Last read position: 6:104,031,211
INFO	2018-05-27 09:50:03	MergeVcfs	Processed     1,700,000 records.  Elapsed time: 00:00:22s.  Time for last 10,000:    0s.  Last read position: 6:111,063,715
INFO	2018-05-27 09:50:03	MergeVcfs	Processed     1,710,000 records.  Elapsed time: 00:00:22s.  Time for last 10,000:    0s.  Last read position: 6:117,740,466
INFO	2018-05-27 09:50:03	MergeVcfs	Processed     1,720,000 records.  Elapsed time: 00:00:22s.  Time for last 10,000:    0s.  Last read position: 6:124,824,300
INFO	2018-05-27 09:50:03	MergeVcfs	Processed     1,730,000 records.  Elapsed time: 00:00:22s.  Time for last 10,000:    0s.  Last read position: 6:132,761,517
INFO	2018-05-27 09:50:03	MergeVcfs	Processed     1,740,000 records.  Elapsed time: 00:00:22s.  Time for last 10,000:    0s.  Last read position: 6:139,960,170
INFO	2018-05-27 09:50:03	MergeVcfs	Processed     1,750,000 records.  Elapsed time: 00:00:22s.  Time for last 10,000:    0s.  Last read position: 6:149,179,956
INFO	2018-05-27 09:50:03	MergeVcfs	Processed     1,760,000 records.  Elapsed time: 00:00:22s.  Time for last 10,000:    0s.  Last read position: 6:154,935,504
INFO	2018-05-27 09:50:04	MergeVcfs	Processed     1,770,000 records.  Elapsed time: 00:00:22s.  Time for last 10,000:    0s.  Last read position: 6:161,468,817
INFO	2018-05-27 09:50:04	MergeVcfs	Processed     1,780,000 records.  Elapsed time: 00:00:22s.  Time for last 10,000:    0s.  Last read position: 6:166,929,956
INFO	2018-05-27 09:50:04	MergeVcfs	Processed     1,790,000 records.  Elapsed time: 00:00:22s.  Time for last 10,000:    0s.  Last read position: 7:590,007
INFO	2018-05-27 09:50:04	MergeVcfs	Processed     1,800,000 records.  Elapsed time: 00:00:23s.  Time for last 10,000:    0s.  Last read position: 7:5,900,239
INFO	2018-05-27 09:50:04	MergeVcfs	Processed     1,810,000 records.  Elapsed time: 00:00:23s.  Time for last 10,000:    0s.  Last read position: 7:10,283,033
INFO	2018-05-27 09:50:04	MergeVcfs	Processed     1,820,000 records.  Elapsed time: 00:00:23s.  Time for last 10,000:    0s.  Last read position: 7:15,293,854
INFO	2018-05-27 09:50:04	MergeVcfs	Processed     1,830,000 records.  Elapsed time: 00:00:23s.  Time for last 10,000:    0s.  Last read position: 7:21,317,667
INFO	2018-05-27 09:50:04	MergeVcfs	Processed     1,840,000 records.  Elapsed time: 00:00:23s.  Time for last 10,000:    0s.  Last read position: 7:27,535,461
INFO	2018-05-27 09:50:04	MergeVcfs	Processed     1,850,000 records.  Elapsed time: 00:00:23s.  Time for last 10,000:    0s.  Last read position: 7:33,682,096
INFO	2018-05-27 09:50:04	MergeVcfs	Processed     1,860,000 records.  Elapsed time: 00:00:23s.  Time for last 10,000:    0s.  Last read position: 7:40,367,949
INFO	2018-05-27 09:50:04	MergeVcfs	Processed     1,870,000 records.  Elapsed time: 00:00:23s.  Time for last 10,000:    0s.  Last read position: 7:48,645,113
INFO	2018-05-27 09:50:05	MergeVcfs	Processed     1,880,000 records.  Elapsed time: 00:00:23s.  Time for last 10,000:    0s.  Last read position: 7:54,212,082
INFO	2018-05-27 09:50:05	MergeVcfs	Processed     1,890,000 records.  Elapsed time: 00:00:23s.  Time for last 10,000:    0s.  Last read position: 7:63,299,099
INFO	2018-05-27 09:50:05	MergeVcfs	Processed     1,900,000 records.  Elapsed time: 00:00:24s.  Time for last 10,000:    0s.  Last read position: 7:68,015,430
INFO	2018-05-27 09:50:05	MergeVcfs	Processed     1,910,000 records.  Elapsed time: 00:00:24s.  Time for last 10,000:    0s.  Last read position: 7:75,936,099
INFO	2018-05-27 09:50:05	MergeVcfs	Processed     1,920,000 records.  Elapsed time: 00:00:24s.  Time for last 10,000:    0s.  Last read position: 7:82,450,035
INFO	2018-05-27 09:50:05	MergeVcfs	Processed     1,930,000 records.  Elapsed time: 00:00:24s.  Time for last 10,000:    0s.  Last read position: 7:89,378,502
INFO	2018-05-27 09:50:05	MergeVcfs	Processed     1,940,000 records.  Elapsed time: 00:00:24s.  Time for last 10,000:    0s.  Last read position: 7:97,095,584
INFO	2018-05-27 09:50:05	MergeVcfs	Processed     1,950,000 records.  Elapsed time: 00:00:24s.  Time for last 10,000:    0s.  Last read position: 7:104,442,080
INFO	2018-05-27 09:50:05	MergeVcfs	Processed     1,960,000 records.  Elapsed time: 00:00:24s.  Time for last 10,000:    0s.  Last read position: 7:112,718,961
INFO	2018-05-27 09:50:05	MergeVcfs	Processed     1,970,000 records.  Elapsed time: 00:00:24s.  Time for last 10,000:    0s.  Last read position: 7:121,389,333
INFO	2018-05-27 09:50:06	MergeVcfs	Processed     1,980,000 records.  Elapsed time: 00:00:24s.  Time for last 10,000:    0s.  Last read position: 7:128,209,167
INFO	2018-05-27 09:50:06	MergeVcfs	Processed     1,990,000 records.  Elapsed time: 00:00:24s.  Time for last 10,000:    0s.  Last read position: 7:134,740,199
INFO	2018-05-27 09:50:06	MergeVcfs	Processed     2,000,000 records.  Elapsed time: 00:00:24s.  Time for last 10,000:    0s.  Last read position: 7:142,203,743
INFO	2018-05-27 09:50:06	MergeVcfs	Processed     2,010,000 records.  Elapsed time: 00:00:25s.  Time for last 10,000:    0s.  Last read position: 7:149,611,341
INFO	2018-05-27 09:50:06	MergeVcfs	Processed     2,020,000 records.  Elapsed time: 00:00:25s.  Time for last 10,000:    0s.  Last read position: 7:154,793,937
INFO	2018-05-27 09:50:06	MergeVcfs	Processed     2,030,000 records.  Elapsed time: 00:00:25s.  Time for last 10,000:    0s.  Last read position: 8:324,260
INFO	2018-05-27 09:50:06	MergeVcfs	Processed     2,040,000 records.  Elapsed time: 00:00:25s.  Time for last 10,000:    0s.  Last read position: 8:3,764,631
INFO	2018-05-27 09:50:06	MergeVcfs	Processed     2,050,000 records.  Elapsed time: 00:00:25s.  Time for last 10,000:    0s.  Last read position: 8:6,103,929
INFO	2018-05-27 09:50:06	MergeVcfs	Processed     2,060,000 records.  Elapsed time: 00:00:25s.  Time for last 10,000:    0s.  Last read position: 8:11,398,183
INFO	2018-05-27 09:50:06	MergeVcfs	Processed     2,070,000 records.  Elapsed time: 00:00:25s.  Time for last 10,000:    0s.  Last read position: 8:15,068,396
INFO	2018-05-27 09:50:07	MergeVcfs	Processed     2,080,000 records.  Elapsed time: 00:00:25s.  Time for last 10,000:    0s.  Last read position: 8:19,136,338
INFO	2018-05-27 09:50:07	MergeVcfs	Processed     2,090,000 records.  Elapsed time: 00:00:25s.  Time for last 10,000:    0s.  Last read position: 8:25,753,625
INFO	2018-05-27 09:50:07	MergeVcfs	Processed     2,100,000 records.  Elapsed time: 00:00:25s.  Time for last 10,000:    0s.  Last read position: 8:32,413,240
INFO	2018-05-27 09:50:07	MergeVcfs	Processed     2,110,000 records.  Elapsed time: 00:00:26s.  Time for last 10,000:    0s.  Last read position: 8:40,007,920
INFO	2018-05-27 09:50:07	MergeVcfs	Processed     2,120,000 records.  Elapsed time: 00:00:26s.  Time for last 10,000:    0s.  Last read position: 8:51,182,386
INFO	2018-05-27 09:50:07	MergeVcfs	Processed     2,130,000 records.  Elapsed time: 00:00:26s.  Time for last 10,000:    0s.  Last read position: 8:57,777,574
INFO	2018-05-27 09:50:07	MergeVcfs	Processed     2,140,000 records.  Elapsed time: 00:00:26s.  Time for last 10,000:    0s.  Last read position: 8:64,508,587
INFO	2018-05-27 09:50:07	MergeVcfs	Processed     2,150,000 records.  Elapsed time: 00:00:26s.  Time for last 10,000:    0s.  Last read position: 8:73,678,584
INFO	2018-05-27 09:50:07	MergeVcfs	Processed     2,160,000 records.  Elapsed time: 00:00:26s.  Time for last 10,000:    0s.  Last read position: 8:81,126,392
INFO	2018-05-27 09:50:07	MergeVcfs	Processed     2,170,000 records.  Elapsed time: 00:00:26s.  Time for last 10,000:    0s.  Last read position: 8:89,149,498
INFO	2018-05-27 09:50:08	MergeVcfs	Processed     2,180,000 records.  Elapsed time: 00:00:26s.  Time for last 10,000:    0s.  Last read position: 8:97,269,738
INFO	2018-05-27 09:50:08	MergeVcfs	Processed     2,190,000 records.  Elapsed time: 00:00:26s.  Time for last 10,000:    0s.  Last read position: 8:105,857,842
INFO	2018-05-27 09:50:08	MergeVcfs	Processed     2,200,000 records.  Elapsed time: 00:00:26s.  Time for last 10,000:    0s.  Last read position: 8:114,671,682
INFO	2018-05-27 09:50:08	MergeVcfs	Processed     2,210,000 records.  Elapsed time: 00:00:27s.  Time for last 10,000:    0s.  Last read position: 8:121,583,321
INFO	2018-05-27 09:50:08	MergeVcfs	Processed     2,220,000 records.  Elapsed time: 00:00:27s.  Time for last 10,000:    0s.  Last read position: 8:128,999,174
INFO	2018-05-27 09:50:08	MergeVcfs	Processed     2,230,000 records.  Elapsed time: 00:00:27s.  Time for last 10,000:    0s.  Last read position: 8:135,585,543
INFO	2018-05-27 09:50:08	MergeVcfs	Processed     2,240,000 records.  Elapsed time: 00:00:27s.  Time for last 10,000:    0s.  Last read position: 8:141,178,125
INFO	2018-05-27 09:50:08	MergeVcfs	Processed     2,250,000 records.  Elapsed time: 00:00:27s.  Time for last 10,000:    0s.  Last read position: 9:686,753
INFO	2018-05-27 09:50:08	MergeVcfs	Processed     2,260,000 records.  Elapsed time: 00:00:27s.  Time for last 10,000:    0s.  Last read position: 9:6,191,110
INFO	2018-05-27 09:50:08	MergeVcfs	Processed     2,270,000 records.  Elapsed time: 00:00:27s.  Time for last 10,000:    0s.  Last read position: 9:10,941,985
INFO	2018-05-27 09:50:09	MergeVcfs	Processed     2,280,000 records.  Elapsed time: 00:00:27s.  Time for last 10,000:    0s.  Last read position: 9:15,739,738
INFO	2018-05-27 09:50:09	MergeVcfs	Processed     2,290,000 records.  Elapsed time: 00:00:27s.  Time for last 10,000:    0s.  Last read position: 9:21,563,820
INFO	2018-05-27 09:50:09	MergeVcfs	Processed     2,300,000 records.  Elapsed time: 00:00:27s.  Time for last 10,000:    0s.  Last read position: 9:28,094,511
INFO	2018-05-27 09:50:09	MergeVcfs	Processed     2,310,000 records.  Elapsed time: 00:00:28s.  Time for last 10,000:    0s.  Last read position: 9:32,347,701
INFO	2018-05-27 09:50:09	MergeVcfs	Processed     2,320,000 records.  Elapsed time: 00:00:28s.  Time for last 10,000:    0s.  Last read position: 9:42,026,754
INFO	2018-05-27 09:50:09	MergeVcfs	Processed     2,330,000 records.  Elapsed time: 00:00:28s.  Time for last 10,000:    0s.  Last read position: 9:75,083,095
INFO	2018-05-27 09:50:09	MergeVcfs	Processed     2,340,000 records.  Elapsed time: 00:00:28s.  Time for last 10,000:    0s.  Last read position: 9:82,482,121
INFO	2018-05-27 09:50:09	MergeVcfs	Processed     2,350,000 records.  Elapsed time: 00:00:28s.  Time for last 10,000:    0s.  Last read position: 9:89,832,562
INFO	2018-05-27 09:50:09	MergeVcfs	Processed     2,360,000 records.  Elapsed time: 00:00:28s.  Time for last 10,000:    0s.  Last read position: 9:96,516,149
INFO	2018-05-27 09:50:09	MergeVcfs	Processed     2,370,000 records.  Elapsed time: 00:00:28s.  Time for last 10,000:    0s.  Last read position: 9:104,787,222
INFO	2018-05-27 09:50:09	MergeVcfs	Processed     2,380,000 records.  Elapsed time: 00:00:28s.  Time for last 10,000:    0s.  Last read position: 9:111,754,288
INFO	2018-05-27 09:50:10	MergeVcfs	Processed     2,390,000 records.  Elapsed time: 00:00:28s.  Time for last 10,000:    0s.  Last read position: 9:117,527,618
INFO	2018-05-27 09:50:10	MergeVcfs	Processed     2,400,000 records.  Elapsed time: 00:00:28s.  Time for last 10,000:    0s.  Last read position: 9:124,553,437
INFO	2018-05-27 09:50:10	MergeVcfs	Processed     2,410,000 records.  Elapsed time: 00:00:29s.  Time for last 10,000:    0s.  Last read position: 9:132,479,739
INFO	2018-05-27 09:50:10	MergeVcfs	Processed     2,420,000 records.  Elapsed time: 00:00:29s.  Time for last 10,000:    0s.  Last read position: 9:138,230,249
INFO	2018-05-27 09:50:10	MergeVcfs	Processed     2,430,000 records.  Elapsed time: 00:00:29s.  Time for last 10,000:    0s.  Last read position: 10:3,009,102
INFO	2018-05-27 09:50:10	MergeVcfs	Processed     2,440,000 records.  Elapsed time: 00:00:29s.  Time for last 10,000:    0s.  Last read position: 10:7,532,102
INFO	2018-05-27 09:50:10	MergeVcfs	Processed     2,450,000 records.  Elapsed time: 00:00:29s.  Time for last 10,000:    0s.  Last read position: 10:12,925,658
INFO	2018-05-27 09:50:10	MergeVcfs	Processed     2,460,000 records.  Elapsed time: 00:00:29s.  Time for last 10,000:    0s.  Last read position: 10:18,516,925
INFO	2018-05-27 09:50:10	MergeVcfs	Processed     2,470,000 records.  Elapsed time: 00:00:29s.  Time for last 10,000:    0s.  Last read position: 10:26,733,172
INFO	2018-05-27 09:50:10	MergeVcfs	Processed     2,480,000 records.  Elapsed time: 00:00:29s.  Time for last 10,000:    0s.  Last read position: 10:32,236,937
INFO	2018-05-27 09:50:11	MergeVcfs	Processed     2,490,000 records.  Elapsed time: 00:00:29s.  Time for last 10,000:    0s.  Last read position: 10:38,968,267
INFO	2018-05-27 09:50:11	MergeVcfs	Processed     2,500,000 records.  Elapsed time: 00:00:29s.  Time for last 10,000:    0s.  Last read position: 10:49,382,926
INFO	2018-05-27 09:50:11	MergeVcfs	Processed     2,510,000 records.  Elapsed time: 00:00:29s.  Time for last 10,000:    0s.  Last read position: 10:55,416,240
INFO	2018-05-27 09:50:11	MergeVcfs	Processed     2,520,000 records.  Elapsed time: 00:00:30s.  Time for last 10,000:    0s.  Last read position: 10:60,452,745
INFO	2018-05-27 09:50:11	MergeVcfs	Processed     2,530,000 records.  Elapsed time: 00:00:30s.  Time for last 10,000:    0s.  Last read position: 10:67,554,952
INFO	2018-05-27 09:50:11	MergeVcfs	Processed     2,540,000 records.  Elapsed time: 00:00:30s.  Time for last 10,000:    0s.  Last read position: 10:73,137,229
INFO	2018-05-27 09:50:11	MergeVcfs	Processed     2,550,000 records.  Elapsed time: 00:00:30s.  Time for last 10,000:    0s.  Last read position: 10:81,248,115
INFO	2018-05-27 09:50:11	MergeVcfs	Processed     2,560,000 records.  Elapsed time: 00:00:30s.  Time for last 10,000:    0s.  Last read position: 10:87,708,287
INFO	2018-05-27 09:50:11	MergeVcfs	Processed     2,570,000 records.  Elapsed time: 00:00:30s.  Time for last 10,000:    0s.  Last read position: 10:95,319,511
INFO	2018-05-27 09:50:11	MergeVcfs	Processed     2,580,000 records.  Elapsed time: 00:00:30s.  Time for last 10,000:    0s.  Last read position: 10:102,914,866
INFO	2018-05-27 09:50:12	MergeVcfs	Processed     2,590,000 records.  Elapsed time: 00:00:30s.  Time for last 10,000:    0s.  Last read position: 10:110,754,115
INFO	2018-05-27 09:50:12	MergeVcfs	Processed     2,600,000 records.  Elapsed time: 00:00:30s.  Time for last 10,000:    0s.  Last read position: 10:117,886,038
INFO	2018-05-27 09:50:12	MergeVcfs	Processed     2,610,000 records.  Elapsed time: 00:00:30s.  Time for last 10,000:    0s.  Last read position: 10:123,104,674
INFO	2018-05-27 09:50:12	MergeVcfs	Processed     2,620,000 records.  Elapsed time: 00:00:31s.  Time for last 10,000:    0s.  Last read position: 10:129,076,943
INFO	2018-05-27 09:50:12	MergeVcfs	Processed     2,630,000 records.  Elapsed time: 00:00:31s.  Time for last 10,000:    0s.  Last read position: 10:133,912,318
INFO	2018-05-27 09:50:12	MergeVcfs	Processed     2,640,000 records.  Elapsed time: 00:00:31s.  Time for last 10,000:    0s.  Last read position: 11:3,663,751
INFO	2018-05-27 09:50:12	MergeVcfs	Processed     2,650,000 records.  Elapsed time: 00:00:31s.  Time for last 10,000:    0s.  Last read position: 11:8,208,685
INFO	2018-05-27 09:50:12	MergeVcfs	Processed     2,660,000 records.  Elapsed time: 00:00:31s.  Time for last 10,000:    0s.  Last read position: 11:14,683,621
INFO	2018-05-27 09:50:13	MergeVcfs	Processed     2,670,000 records.  Elapsed time: 00:00:31s.  Time for last 10,000:    0s.  Last read position: 11:20,766,090
INFO	2018-05-27 09:50:13	MergeVcfs	Processed     2,680,000 records.  Elapsed time: 00:00:31s.  Time for last 10,000:    0s.  Last read position: 11:25,438,962
INFO	2018-05-27 09:50:13	MergeVcfs	Processed     2,690,000 records.  Elapsed time: 00:00:31s.  Time for last 10,000:    0s.  Last read position: 11:32,530,384
INFO	2018-05-27 09:50:13	MergeVcfs	Processed     2,700,000 records.  Elapsed time: 00:00:32s.  Time for last 10,000:    0s.  Last read position: 11:38,728,814
INFO	2018-05-27 09:50:13	MergeVcfs	Processed     2,710,000 records.  Elapsed time: 00:00:32s.  Time for last 10,000:    0s.  Last read position: 11:43,701,724
INFO	2018-05-27 09:50:13	MergeVcfs	Processed     2,720,000 records.  Elapsed time: 00:00:32s.  Time for last 10,000:    0s.  Last read position: 11:49,765,705
INFO	2018-05-27 09:50:13	MergeVcfs	Processed     2,730,000 records.  Elapsed time: 00:00:32s.  Time for last 10,000:    0s.  Last read position: 11:59,837,721
INFO	2018-05-27 09:50:13	MergeVcfs	Processed     2,740,000 records.  Elapsed time: 00:00:32s.  Time for last 10,000:    0s.  Last read position: 11:67,512,540
INFO	2018-05-27 09:50:13	MergeVcfs	Processed     2,750,000 records.  Elapsed time: 00:00:32s.  Time for last 10,000:    0s.  Last read position: 11:74,988,021
INFO	2018-05-27 09:50:13	MergeVcfs	Processed     2,760,000 records.  Elapsed time: 00:00:32s.  Time for last 10,000:    0s.  Last read position: 11:83,792,155
INFO	2018-05-27 09:50:13	MergeVcfs	Processed     2,770,000 records.  Elapsed time: 00:00:32s.  Time for last 10,000:    0s.  Last read position: 11:90,497,784
INFO	2018-05-27 09:50:14	MergeVcfs	Processed     2,780,000 records.  Elapsed time: 00:00:32s.  Time for last 10,000:    0s.  Last read position: 11:96,808,763
INFO	2018-05-27 09:50:14	MergeVcfs	Processed     2,790,000 records.  Elapsed time: 00:00:32s.  Time for last 10,000:    0s.  Last read position: 11:101,924,490
INFO	2018-05-27 09:50:14	MergeVcfs	Processed     2,800,000 records.  Elapsed time: 00:00:33s.  Time for last 10,000:    0s.  Last read position: 11:107,417,301
INFO	2018-05-27 09:50:14	MergeVcfs	Processed     2,810,000 records.  Elapsed time: 00:00:33s.  Time for last 10,000:    0s.  Last read position: 11:114,875,771
INFO	2018-05-27 09:50:14	MergeVcfs	Processed     2,820,000 records.  Elapsed time: 00:00:33s.  Time for last 10,000:    0s.  Last read position: 11:121,077,362
INFO	2018-05-27 09:50:14	MergeVcfs	Processed     2,830,000 records.  Elapsed time: 00:00:33s.  Time for last 10,000:    0s.  Last read position: 11:127,006,759
INFO	2018-05-27 09:50:14	MergeVcfs	Processed     2,840,000 records.  Elapsed time: 00:00:33s.  Time for last 10,000:    0s.  Last read position: 11:133,731,237
INFO	2018-05-27 09:50:14	MergeVcfs	Processed     2,850,000 records.  Elapsed time: 00:00:33s.  Time for last 10,000:    0s.  Last read position: 12:4,567,832
INFO	2018-05-27 09:50:14	MergeVcfs	Processed     2,860,000 records.  Elapsed time: 00:00:33s.  Time for last 10,000:    0s.  Last read position: 12:10,007,863
INFO	2018-05-27 09:50:15	MergeVcfs	Processed     2,870,000 records.  Elapsed time: 00:00:33s.  Time for last 10,000:    0s.  Last read position: 12:16,457,804
INFO	2018-05-27 09:50:15	MergeVcfs	Processed     2,880,000 records.  Elapsed time: 00:00:33s.  Time for last 10,000:    0s.  Last read position: 12:22,914,447
INFO	2018-05-27 09:50:15	MergeVcfs	Processed     2,890,000 records.  Elapsed time: 00:00:34s.  Time for last 10,000:    0s.  Last read position: 12:29,103,864
INFO	2018-05-27 09:50:15	MergeVcfs	Processed     2,900,000 records.  Elapsed time: 00:00:34s.  Time for last 10,000:    0s.  Last read position: 12:33,319,171
INFO	2018-05-27 09:50:15	MergeVcfs	Processed     2,910,000 records.  Elapsed time: 00:00:34s.  Time for last 10,000:    0s.  Last read position: 12:41,855,847
INFO	2018-05-27 09:50:15	MergeVcfs	Processed     2,920,000 records.  Elapsed time: 00:00:34s.  Time for last 10,000:    0s.  Last read position: 12:49,032,141
INFO	2018-05-27 09:50:15	MergeVcfs	Processed     2,930,000 records.  Elapsed time: 00:00:34s.  Time for last 10,000:    0s.  Last read position: 12:56,299,508
INFO	2018-05-27 09:50:15	MergeVcfs	Processed     2,940,000 records.  Elapsed time: 00:00:34s.  Time for last 10,000:    0s.  Last read position: 12:63,896,181
INFO	2018-05-27 09:50:15	MergeVcfs	Processed     2,950,000 records.  Elapsed time: 00:00:34s.  Time for last 10,000:    0s.  Last read position: 12:70,872,165
INFO	2018-05-27 09:50:15	MergeVcfs	Processed     2,960,000 records.  Elapsed time: 00:00:34s.  Time for last 10,000:    0s.  Last read position: 12:77,552,143
INFO	2018-05-27 09:50:16	MergeVcfs	Processed     2,970,000 records.  Elapsed time: 00:00:34s.  Time for last 10,000:    0s.  Last read position: 12:84,844,563
INFO	2018-05-27 09:50:16	MergeVcfs	Processed     2,980,000 records.  Elapsed time: 00:00:34s.  Time for last 10,000:    0s.  Last read position: 12:93,456,491
INFO	2018-05-27 09:50:16	MergeVcfs	Processed     2,990,000 records.  Elapsed time: 00:00:34s.  Time for last 10,000:    0s.  Last read position: 12:101,088,643
INFO	2018-05-27 09:50:16	MergeVcfs	Processed     3,000,000 records.  Elapsed time: 00:00:35s.  Time for last 10,000:    0s.  Last read position: 12:107,289,888
INFO	2018-05-27 09:50:16	MergeVcfs	Processed     3,010,000 records.  Elapsed time: 00:00:35s.  Time for last 10,000:    0s.  Last read position: 12:115,589,665
INFO	2018-05-27 09:50:16	MergeVcfs	Processed     3,020,000 records.  Elapsed time: 00:00:35s.  Time for last 10,000:    0s.  Last read position: 12:122,254,078
INFO	2018-05-27 09:50:16	MergeVcfs	Processed     3,030,000 records.  Elapsed time: 00:00:35s.  Time for last 10,000:    0s.  Last read position: 12:127,768,728
INFO	2018-05-27 09:50:16	MergeVcfs	Processed     3,040,000 records.  Elapsed time: 00:00:35s.  Time for last 10,000:    0s.  Last read position: 12:131,855,903
INFO	2018-05-27 09:50:16	MergeVcfs	Processed     3,050,000 records.  Elapsed time: 00:00:35s.  Time for last 10,000:    0s.  Last read position: 13:22,062,259
INFO	2018-05-27 09:50:16	MergeVcfs	Processed     3,060,000 records.  Elapsed time: 00:00:35s.  Time for last 10,000:    0s.  Last read position: 13:26,599,725
INFO	2018-05-27 09:50:17	MergeVcfs	Processed     3,070,000 records.  Elapsed time: 00:00:35s.  Time for last 10,000:    0s.  Last read position: 13:32,279,238
INFO	2018-05-27 09:50:17	MergeVcfs	Processed     3,080,000 records.  Elapsed time: 00:00:35s.  Time for last 10,000:    0s.  Last read position: 13:38,863,827
INFO	2018-05-27 09:50:17	MergeVcfs	Processed     3,090,000 records.  Elapsed time: 00:00:35s.  Time for last 10,000:    0s.  Last read position: 13:44,728,693
INFO	2018-05-27 09:50:17	MergeVcfs	Processed     3,100,000 records.  Elapsed time: 00:00:36s.  Time for last 10,000:    0s.  Last read position: 13:51,736,083
INFO	2018-05-27 09:50:17	MergeVcfs	Processed     3,110,000 records.  Elapsed time: 00:00:36s.  Time for last 10,000:    0s.  Last read position: 13:59,289,180
INFO	2018-05-27 09:50:17	MergeVcfs	Processed     3,120,000 records.  Elapsed time: 00:00:36s.  Time for last 10,000:    0s.  Last read position: 13:65,559,291
INFO	2018-05-27 09:50:17	MergeVcfs	Processed     3,130,000 records.  Elapsed time: 00:00:36s.  Time for last 10,000:    0s.  Last read position: 13:71,656,884
INFO	2018-05-27 09:50:17	MergeVcfs	Processed     3,140,000 records.  Elapsed time: 00:00:36s.  Time for last 10,000:    0s.  Last read position: 13:78,235,317
INFO	2018-05-27 09:50:17	MergeVcfs	Processed     3,150,000 records.  Elapsed time: 00:00:36s.  Time for last 10,000:    0s.  Last read position: 13:85,093,990
INFO	2018-05-27 09:50:17	MergeVcfs	Processed     3,160,000 records.  Elapsed time: 00:00:36s.  Time for last 10,000:    0s.  Last read position: 13:91,592,691
INFO	2018-05-27 09:50:17	MergeVcfs	Processed     3,170,000 records.  Elapsed time: 00:00:36s.  Time for last 10,000:    0s.  Last read position: 13:98,408,152
INFO	2018-05-27 09:50:18	MergeVcfs	Processed     3,180,000 records.  Elapsed time: 00:00:36s.  Time for last 10,000:    0s.  Last read position: 13:104,199,943
INFO	2018-05-27 09:50:18	MergeVcfs	Processed     3,190,000 records.  Elapsed time: 00:00:36s.  Time for last 10,000:    0s.  Last read position: 13:109,426,005
INFO	2018-05-27 09:50:18	MergeVcfs	Processed     3,200,000 records.  Elapsed time: 00:00:37s.  Time for last 10,000:    0s.  Last read position: 13:114,519,028
INFO	2018-05-27 09:50:18	MergeVcfs	Processed     3,210,000 records.  Elapsed time: 00:00:37s.  Time for last 10,000:    0s.  Last read position: 14:24,834,971
INFO	2018-05-27 09:50:18	MergeVcfs	Processed     3,220,000 records.  Elapsed time: 00:00:37s.  Time for last 10,000:    0s.  Last read position: 14:31,697,016
INFO	2018-05-27 09:50:18	MergeVcfs	Processed     3,230,000 records.  Elapsed time: 00:00:37s.  Time for last 10,000:    0s.  Last read position: 14:37,893,494
INFO	2018-05-27 09:50:18	MergeVcfs	Processed     3,240,000 records.  Elapsed time: 00:00:37s.  Time for last 10,000:    0s.  Last read position: 14:43,840,756
INFO	2018-05-27 09:50:18	MergeVcfs	Processed     3,250,000 records.  Elapsed time: 00:00:37s.  Time for last 10,000:    0s.  Last read position: 14:49,968,896
INFO	2018-05-27 09:50:18	MergeVcfs	Processed     3,260,000 records.  Elapsed time: 00:00:37s.  Time for last 10,000:    0s.  Last read position: 14:56,076,875
INFO	2018-05-27 09:50:18	MergeVcfs	Processed     3,270,000 records.  Elapsed time: 00:00:37s.  Time for last 10,000:    0s.  Last read position: 14:62,652,614
INFO	2018-05-27 09:50:19	MergeVcfs	Processed     3,280,000 records.  Elapsed time: 00:00:37s.  Time for last 10,000:    0s.  Last read position: 14:69,148,127
INFO	2018-05-27 09:50:19	MergeVcfs	Processed     3,290,000 records.  Elapsed time: 00:00:37s.  Time for last 10,000:    0s.  Last read position: 14:76,021,279
INFO	2018-05-27 09:50:19	MergeVcfs	Processed     3,300,000 records.  Elapsed time: 00:00:38s.  Time for last 10,000:    0s.  Last read position: 14:82,909,759
INFO	2018-05-27 09:50:19	MergeVcfs	Processed     3,310,000 records.  Elapsed time: 00:00:38s.  Time for last 10,000:    0s.  Last read position: 14:89,540,541
INFO	2018-05-27 09:50:19	MergeVcfs	Processed     3,320,000 records.  Elapsed time: 00:00:38s.  Time for last 10,000:    0s.  Last read position: 14:95,417,405
INFO	2018-05-27 09:50:19	MergeVcfs	Processed     3,330,000 records.  Elapsed time: 00:00:38s.  Time for last 10,000:    0s.  Last read position: 14:102,206,488
INFO	2018-05-27 09:50:19	MergeVcfs	Processed     3,340,000 records.  Elapsed time: 00:00:38s.  Time for last 10,000:    0s.  Last read position: 14:107,119,927
INFO	2018-05-27 09:50:19	MergeVcfs	Processed     3,350,000 records.  Elapsed time: 00:00:38s.  Time for last 10,000:    0s.  Last read position: 15:26,280,459
INFO	2018-05-27 09:50:19	MergeVcfs	Processed     3,360,000 records.  Elapsed time: 00:00:38s.  Time for last 10,000:    0s.  Last read position: 15:34,063,337
INFO	2018-05-27 09:50:19	MergeVcfs	Processed     3,370,000 records.  Elapsed time: 00:00:38s.  Time for last 10,000:    0s.  Last read position: 15:40,239,459
INFO	2018-05-27 09:50:20	MergeVcfs	Processed     3,380,000 records.  Elapsed time: 00:00:38s.  Time for last 10,000:    0s.  Last read position: 15:48,598,726
INFO	2018-05-27 09:50:20	MergeVcfs	Processed     3,390,000 records.  Elapsed time: 00:00:38s.  Time for last 10,000:    0s.  Last read position: 15:54,766,669
INFO	2018-05-27 09:50:20	MergeVcfs	Processed     3,400,000 records.  Elapsed time: 00:00:39s.  Time for last 10,000:    0s.  Last read position: 15:60,326,157
INFO	2018-05-27 09:50:20	MergeVcfs	Processed     3,410,000 records.  Elapsed time: 00:00:39s.  Time for last 10,000:    0s.  Last read position: 15:66,942,153
INFO	2018-05-27 09:50:20	MergeVcfs	Processed     3,420,000 records.  Elapsed time: 00:00:39s.  Time for last 10,000:    0s.  Last read position: 15:73,597,870
INFO	2018-05-27 09:50:20	MergeVcfs	Processed     3,430,000 records.  Elapsed time: 00:00:39s.  Time for last 10,000:    0s.  Last read position: 15:81,192,667
INFO	2018-05-27 09:50:20	MergeVcfs	Processed     3,440,000 records.  Elapsed time: 00:00:39s.  Time for last 10,000:    0s.  Last read position: 15:89,750,960
INFO	2018-05-27 09:50:20	MergeVcfs	Processed     3,450,000 records.  Elapsed time: 00:00:39s.  Time for last 10,000:    0s.  Last read position: 15:95,552,347
INFO	2018-05-27 09:50:20	MergeVcfs	Processed     3,460,000 records.  Elapsed time: 00:00:39s.  Time for last 10,000:    0s.  Last read position: 15:101,022,185
INFO	2018-05-27 09:50:20	MergeVcfs	Processed     3,470,000 records.  Elapsed time: 00:00:39s.  Time for last 10,000:    0s.  Last read position: 16:4,596,162
INFO	2018-05-27 09:50:21	MergeVcfs	Processed     3,480,000 records.  Elapsed time: 00:00:39s.  Time for last 10,000:    0s.  Last read position: 16:7,958,706
INFO	2018-05-27 09:50:21	MergeVcfs	Processed     3,490,000 records.  Elapsed time: 00:00:39s.  Time for last 10,000:    0s.  Last read position: 16:11,913,383
INFO	2018-05-27 09:50:21	MergeVcfs	Processed     3,500,000 records.  Elapsed time: 00:00:40s.  Time for last 10,000:    0s.  Last read position: 16:18,825,617
INFO	2018-05-27 09:50:21	MergeVcfs	Processed     3,510,000 records.  Elapsed time: 00:00:40s.  Time for last 10,000:    0s.  Last read position: 16:26,708,356
INFO	2018-05-27 09:50:21	MergeVcfs	Processed     3,520,000 records.  Elapsed time: 00:00:40s.  Time for last 10,000:    0s.  Last read position: 16:49,626,855
INFO	2018-05-27 09:50:21	MergeVcfs	Processed     3,530,000 records.  Elapsed time: 00:00:40s.  Time for last 10,000:    0s.  Last read position: 16:55,822,406
INFO	2018-05-27 09:50:21	MergeVcfs	Processed     3,540,000 records.  Elapsed time: 00:00:40s.  Time for last 10,000:    0s.  Last read position: 16:61,997,315
INFO	2018-05-27 09:50:21	MergeVcfs	Processed     3,550,000 records.  Elapsed time: 00:00:40s.  Time for last 10,000:    0s.  Last read position: 16:71,783,076
INFO	2018-05-27 09:50:21	MergeVcfs	Processed     3,560,000 records.  Elapsed time: 00:00:40s.  Time for last 10,000:    0s.  Last read position: 16:77,916,971
INFO	2018-05-27 09:50:21	MergeVcfs	Processed     3,570,000 records.  Elapsed time: 00:00:40s.  Time for last 10,000:    0s.  Last read position: 16:81,509,598
INFO	2018-05-27 09:50:22	MergeVcfs	Processed     3,580,000 records.  Elapsed time: 00:00:40s.  Time for last 10,000:    0s.  Last read position: 16:85,012,430
INFO	2018-05-27 09:50:22	MergeVcfs	Processed     3,590,000 records.  Elapsed time: 00:00:40s.  Time for last 10,000:    0s.  Last read position: 16:89,546,043
INFO	2018-05-27 09:50:22	MergeVcfs	Processed     3,600,000 records.  Elapsed time: 00:00:40s.  Time for last 10,000:    0s.  Last read position: 17:4,419,317
INFO	2018-05-27 09:50:22	MergeVcfs	Processed     3,610,000 records.  Elapsed time: 00:00:41s.  Time for last 10,000:    0s.  Last read position: 17:10,010,071
INFO	2018-05-27 09:50:22	MergeVcfs	Processed     3,620,000 records.  Elapsed time: 00:00:41s.  Time for last 10,000:    0s.  Last read position: 17:15,207,364
INFO	2018-05-27 09:50:22	MergeVcfs	Processed     3,630,000 records.  Elapsed time: 00:00:41s.  Time for last 10,000:    0s.  Last read position: 17:26,076,664
INFO	2018-05-27 09:50:22	MergeVcfs	Processed     3,640,000 records.  Elapsed time: 00:00:41s.  Time for last 10,000:    0s.  Last read position: 17:35,435,193
INFO	2018-05-27 09:50:22	MergeVcfs	Processed     3,650,000 records.  Elapsed time: 00:00:41s.  Time for last 10,000:    0s.  Last read position: 17:44,225,798
INFO	2018-05-27 09:50:22	MergeVcfs	Processed     3,660,000 records.  Elapsed time: 00:00:41s.  Time for last 10,000:    0s.  Last read position: 17:51,901,385
INFO	2018-05-27 09:50:22	MergeVcfs	Processed     3,670,000 records.  Elapsed time: 00:00:41s.  Time for last 10,000:    0s.  Last read position: 17:60,458,122
INFO	2018-05-27 09:50:23	MergeVcfs	Processed     3,680,000 records.  Elapsed time: 00:00:41s.  Time for last 10,000:    0s.  Last read position: 17:67,590,971
INFO	2018-05-27 09:50:23	MergeVcfs	Processed     3,690,000 records.  Elapsed time: 00:00:41s.  Time for last 10,000:    0s.  Last read position: 17:74,543,230
INFO	2018-05-27 09:50:23	MergeVcfs	Processed     3,700,000 records.  Elapsed time: 00:00:41s.  Time for last 10,000:    0s.  Last read position: 17:79,522,049
INFO	2018-05-27 09:50:23	MergeVcfs	Processed     3,710,000 records.  Elapsed time: 00:00:42s.  Time for last 10,000:    0s.  Last read position: 18:3,602,462
INFO	2018-05-27 09:50:23	MergeVcfs	Processed     3,720,000 records.  Elapsed time: 00:00:42s.  Time for last 10,000:    0s.  Last read position: 18:9,413,533
INFO	2018-05-27 09:50:23	MergeVcfs	Processed     3,730,000 records.  Elapsed time: 00:00:42s.  Time for last 10,000:    0s.  Last read position: 18:14,598,170
INFO	2018-05-27 09:50:23	MergeVcfs	Processed     3,740,000 records.  Elapsed time: 00:00:42s.  Time for last 10,000:    0s.  Last read position: 18:25,485,108
INFO	2018-05-27 09:50:23	MergeVcfs	Processed     3,750,000 records.  Elapsed time: 00:00:42s.  Time for last 10,000:    0s.  Last read position: 18:33,848,581
INFO	2018-05-27 09:50:23	MergeVcfs	Processed     3,760,000 records.  Elapsed time: 00:00:42s.  Time for last 10,000:    0s.  Last read position: 18:41,245,547
INFO	2018-05-27 09:50:23	MergeVcfs	Processed     3,770,000 records.  Elapsed time: 00:00:42s.  Time for last 10,000:    0s.  Last read position: 18:48,069,456
INFO	2018-05-27 09:50:24	MergeVcfs	Processed     3,780,000 records.  Elapsed time: 00:00:42s.  Time for last 10,000:    0s.  Last read position: 18:55,234,501
INFO	2018-05-27 09:50:24	MergeVcfs	Processed     3,790,000 records.  Elapsed time: 00:00:42s.  Time for last 10,000:    0s.  Last read position: 18:61,241,622
INFO	2018-05-27 09:50:24	MergeVcfs	Processed     3,800,000 records.  Elapsed time: 00:00:42s.  Time for last 10,000:    0s.  Last read position: 18:66,766,532
INFO	2018-05-27 09:50:24	MergeVcfs	Processed     3,810,000 records.  Elapsed time: 00:00:43s.  Time for last 10,000:    0s.  Last read position: 18:71,647,543
INFO	2018-05-27 09:50:24	MergeVcfs	Processed     3,820,000 records.  Elapsed time: 00:00:43s.  Time for last 10,000:    0s.  Last read position: 18:76,455,330
INFO	2018-05-27 09:50:24	MergeVcfs	Processed     3,830,000 records.  Elapsed time: 00:00:43s.  Time for last 10,000:    0s.  Last read position: 19:3,717,353
INFO	2018-05-27 09:50:24	MergeVcfs	Processed     3,840,000 records.  Elapsed time: 00:00:43s.  Time for last 10,000:    0s.  Last read position: 19:9,505,895
INFO	2018-05-27 09:50:24	MergeVcfs	Processed     3,850,000 records.  Elapsed time: 00:00:43s.  Time for last 10,000:    0s.  Last read position: 19:17,256,798
INFO	2018-05-27 09:50:24	MergeVcfs	Processed     3,860,000 records.  Elapsed time: 00:00:43s.  Time for last 10,000:    0s.  Last read position: 19:22,494,878
INFO	2018-05-27 09:50:24	MergeVcfs	Processed     3,870,000 records.  Elapsed time: 00:00:43s.  Time for last 10,000:    0s.  Last read position: 19:29,850,635
INFO	2018-05-27 09:50:24	MergeVcfs	Processed     3,880,000 records.  Elapsed time: 00:00:43s.  Time for last 10,000:    0s.  Last read position: 19:37,519,849
INFO	2018-05-27 09:50:25	MergeVcfs	Processed     3,890,000 records.  Elapsed time: 00:00:43s.  Time for last 10,000:    0s.  Last read position: 19:44,990,417
INFO	2018-05-27 09:50:25	MergeVcfs	Processed     3,900,000 records.  Elapsed time: 00:00:43s.  Time for last 10,000:    0s.  Last read position: 19:51,722,145
INFO	2018-05-27 09:50:25	MergeVcfs	Processed     3,910,000 records.  Elapsed time: 00:00:44s.  Time for last 10,000:    0s.  Last read position: 19:56,749,356
INFO	2018-05-27 09:50:25	MergeVcfs	Processed     3,920,000 records.  Elapsed time: 00:00:44s.  Time for last 10,000:    0s.  Last read position: 20:4,046,276
INFO	2018-05-27 09:50:25	MergeVcfs	Processed     3,930,000 records.  Elapsed time: 00:00:44s.  Time for last 10,000:    0s.  Last read position: 20:10,000,598
INFO	2018-05-27 09:50:25	MergeVcfs	Processed     3,940,000 records.  Elapsed time: 00:00:44s.  Time for last 10,000:    0s.  Last read position: 20:16,397,236
INFO	2018-05-27 09:50:25	MergeVcfs	Processed     3,950,000 records.  Elapsed time: 00:00:44s.  Time for last 10,000:    0s.  Last read position: 20:22,704,316
INFO	2018-05-27 09:50:25	MergeVcfs	Processed     3,960,000 records.  Elapsed time: 00:00:44s.  Time for last 10,000:    0s.  Last read position: 20:33,701,835
INFO	2018-05-27 09:50:25	MergeVcfs	Processed     3,970,000 records.  Elapsed time: 00:00:44s.  Time for last 10,000:    0s.  Last read position: 20:42,089,140
INFO	2018-05-27 09:50:25	MergeVcfs	Processed     3,980,000 records.  Elapsed time: 00:00:44s.  Time for last 10,000:    0s.  Last read position: 20:48,998,014
INFO	2018-05-27 09:50:26	MergeVcfs	Processed     3,990,000 records.  Elapsed time: 00:00:44s.  Time for last 10,000:    0s.  Last read position: 20:55,453,688
INFO	2018-05-27 09:50:26	MergeVcfs	Processed     4,000,000 records.  Elapsed time: 00:00:44s.  Time for last 10,000:    0s.  Last read position: 20:61,602,639
INFO	2018-05-27 09:50:26	MergeVcfs	Processed     4,010,000 records.  Elapsed time: 00:00:44s.  Time for last 10,000:    0s.  Last read position: 21:17,233,294
INFO	2018-05-27 09:50:26	MergeVcfs	Processed     4,020,000 records.  Elapsed time: 00:00:45s.  Time for last 10,000:    0s.  Last read position: 21:22,480,144
INFO	2018-05-27 09:50:26	MergeVcfs	Processed     4,030,000 records.  Elapsed time: 00:00:45s.  Time for last 10,000:    0s.  Last read position: 21:27,905,650
INFO	2018-05-27 09:50:26	MergeVcfs	Processed     4,040,000 records.  Elapsed time: 00:00:45s.  Time for last 10,000:    0s.  Last read position: 21:34,372,111
INFO	2018-05-27 09:50:26	MergeVcfs	Processed     4,050,000 records.  Elapsed time: 00:00:45s.  Time for last 10,000:    0s.  Last read position: 21:40,246,501
INFO	2018-05-27 09:50:26	MergeVcfs	Processed     4,060,000 records.  Elapsed time: 00:00:45s.  Time for last 10,000:    0s.  Last read position: 21:46,442,313
INFO	2018-05-27 09:50:26	MergeVcfs	Processed     4,070,000 records.  Elapsed time: 00:00:45s.  Time for last 10,000:    0s.  Last read position: 22:20,763,399
INFO	2018-05-27 09:50:26	MergeVcfs	Processed     4,080,000 records.  Elapsed time: 00:00:45s.  Time for last 10,000:    0s.  Last read position: 22:26,621,676
INFO	2018-05-27 09:50:27	MergeVcfs	Processed     4,090,000 records.  Elapsed time: 00:00:45s.  Time for last 10,000:    0s.  Last read position: 22:33,161,552
INFO	2018-05-27 09:50:27	MergeVcfs	Processed     4,100,000 records.  Elapsed time: 00:00:45s.  Time for last 10,000:    0s.  Last read position: 22:39,675,346
INFO	2018-05-27 09:50:27	MergeVcfs	Processed     4,110,000 records.  Elapsed time: 00:00:45s.  Time for last 10,000:    0s.  Last read position: 22:45,729,392
INFO	2018-05-27 09:50:27	MergeVcfs	Processed     4,120,000 records.  Elapsed time: 00:00:46s.  Time for last 10,000:    0s.  Last read position: 22:50,876,077
INFO	2018-05-27 09:50:27	MergeVcfs	Processed     4,130,000 records.  Elapsed time: 00:00:46s.  Time for last 10,000:    0s.  Last read position: X:4,732,748
INFO	2018-05-27 09:50:27	MergeVcfs	Processed     4,140,000 records.  Elapsed time: 00:00:46s.  Time for last 10,000:    0s.  Last read position: X:22,715,487
INFO	2018-05-27 09:50:27	MergeVcfs	Processed     4,150,000 records.  Elapsed time: 00:00:46s.  Time for last 10,000:    0s.  Last read position: X:35,574,896
INFO	2018-05-27 09:50:27	MergeVcfs	Processed     4,160,000 records.  Elapsed time: 00:00:46s.  Time for last 10,000:    0s.  Last read position: X:55,358,970
INFO	2018-05-27 09:50:27	MergeVcfs	Processed     4,170,000 records.  Elapsed time: 00:00:46s.  Time for last 10,000:    0s.  Last read position: X:75,791,702
INFO	2018-05-27 09:50:27	MergeVcfs	Processed     4,180,000 records.  Elapsed time: 00:00:46s.  Time for last 10,000:    0s.  Last read position: X:88,497,596
INFO	2018-05-27 09:50:27	MergeVcfs	Processed     4,190,000 records.  Elapsed time: 00:00:46s.  Time for last 10,000:    0s.  Last read position: X:102,485,034
INFO	2018-05-27 09:50:28	MergeVcfs	Processed     4,200,000 records.  Elapsed time: 00:00:46s.  Time for last 10,000:    0s.  Last read position: X:121,385,004
INFO	2018-05-27 09:50:28	MergeVcfs	Processed     4,210,000 records.  Elapsed time: 00:00:46s.  Time for last 10,000:    0s.  Last read position: X:137,790,582
INFO	2018-05-27 09:50:28	MergeVcfs	Processed     4,220,000 records.  Elapsed time: 00:00:46s.  Time for last 10,000:    0s.  Last read position: X:150,945,685
[Sun May 27 09:50:30 UTC 2018] picard.vcf.MergeVcfs done. Elapsed time: 0.82 minutes.
Runtime.totalMemory()=396886016
Completed s01_sort_merge_HG02067_ddr_control_kgen.sh
Sun 27 May 09:50:30 UTC 2018

