Starting s01_batch_analysis_ddr_control_kgen.sh
Fri 25 May 20:23:17 UTC 2018

Starting s01_select_HG00179_ddr_control_kgen.sh
Fri 25 May 20:23:17 UTC 2018

Completed s01_select_HG00179_ddr_control_kgen.sh
Sat 26 May 02:33:16 UTC 2018

Starting s01_select_HG00351_ddr_control_kgen.sh
Sat 26 May 02:33:16 UTC 2018

Completed s01_select_HG00351_ddr_control_kgen.sh
Sat 26 May 08:45:00 UTC 2018

Starting s01_select_HG02050_ddr_control_kgen.sh
Sat 26 May 08:45:00 UTC 2018

Completed s01_select_HG02050_ddr_control_kgen.sh
Sat 26 May 14:56:51 UTC 2018

Starting s01_select_HG02067_ddr_control_kgen.sh
Sat 26 May 14:56:51 UTC 2018

Completed s01_select_HG02067_ddr_control_kgen.sh
Sat 26 May 21:06:35 UTC 2018

Starting s01_select_HG02462_ddr_control_kgen.sh
Sat 26 May 21:06:35 UTC 2018

Completed s01_select_HG02462_ddr_control_kgen.sh
Sun 27 May 03:19:07 UTC 2018

Starting s01_select_NA19908_ddr_control_kgen.sh
Sun 27 May 03:19:07 UTC 2018

Completed s01_select_NA19908_ddr_control_kgen.sh
Sun 27 May 09:30:04 UTC 2018

Completed s01_batch_analysis_ddr_control_kgen.sh
Sun 27 May 09:30:04 UTC 2018

