Starting s01_batch_analysis_2_ddr_control_kgen.sh
Sun 27 May 16:40:08 UTC 2018

Starting s01_select_NA18504_ddr_control_kgen.sh
Sun 27 May 16:40:08 UTC 2018

Completed s01_select_NA18504_ddr_control_kgen.sh
Sun 27 May 22:51:31 UTC 2018

Starting s01_select_HG02952_ddr_control_kgen.sh
Sun 27 May 22:51:31 UTC 2018

Completed s01_select_HG02952_ddr_control_kgen.sh
Mon 28 May 05:03:13 UTC 2018

Starting s01_select_HG02981_ddr_control_kgen.sh
Mon 28 May 05:03:13 UTC 2018

Completed s01_select_HG02981_ddr_control_kgen.sh
Mon 28 May 11:25:09 UTC 2018

Starting s01_select_HG01055_ddr_control_kgen.sh
Mon 28 May 11:25:09 UTC 2018

Completed s01_select_HG01055_ddr_control_kgen.sh
Mon 28 May 17:48:19 UTC 2018

Completed s01_batch_analysis_2_ddr_control_kgen.sh
Mon 28 May 17:48:19 UTC 2018

