Starting s01_sort_merge_NA19908_ddr_control_kgen.sh
Sun 27 May 09:54:42 UTC 2018


Sorting individual genotype VCF file (chromosome 7) from 1000 Genome Project
Sun 27 May 09:54:42 UTC 2018
09:54:42.867 INFO  NativeLibraryLoader - Loading libgkl_compression.so from jar:file:/home/ec2-user/tools/picard/picard.jar!/com/intel/gkl/native/libgkl_compression.so
[Sun May 27 09:54:42 UTC 2018] SortVcf INPUT=[/home/ec2-user/results/data_analysis/gt_individuals/kgen/ddr_control/NA19908/s01_NA19908_ddr_control_kgen_chr7_raw.vcf] OUTPUT=/home/ec2-user/results/data_analysis/gt_individuals/kgen/ddr_control/NA19908/s01_NA19908_ddr_control_kgen_chr7_raw_sorted.vcf    VERBOSITY=INFO QUIET=false VALIDATION_STRINGENCY=STRICT COMPRESSION_LEVEL=5 MAX_RECORDS_IN_RAM=500000 CREATE_INDEX=true CREATE_MD5_FILE=false GA4GH_CLIENT_SECRETS=client_secrets.json USE_JDK_DEFLATER=false USE_JDK_INFLATER=false
[Sun May 27 09:54:42 UTC 2018] Executing as ec2-user@ip-172-31-42-132 on Linux 4.14.33-51.37.amzn1.x86_64 amd64; OpenJDK 64-Bit Server VM 1.8.0_171-b10; Deflater: Intel; Inflater: Intel; Provider GCS is not available; Picard version: 2.18.2-SNAPSHOT
INFO	2018-05-27 09:54:43	SortVcf	Reading entries from input file 1
INFO	2018-05-27 09:54:43	SortVcf	read        25,000 records.  Elapsed time: 00:00:00s.  Time for last 25,000:    0s.  Last read position: 7:11,212,899
INFO	2018-05-27 09:54:44	SortVcf	read        50,000 records.  Elapsed time: 00:00:01s.  Time for last 25,000:    0s.  Last read position: 7:23,343,725
INFO	2018-05-27 09:54:44	SortVcf	read        75,000 records.  Elapsed time: 00:00:01s.  Time for last 25,000:    0s.  Last read position: 7:37,307,053
INFO	2018-05-27 09:54:45	SortVcf	read       100,000 records.  Elapsed time: 00:00:02s.  Time for last 25,000:    0s.  Last read position: 7:50,963,474
INFO	2018-05-27 09:54:45	SortVcf	read       125,000 records.  Elapsed time: 00:00:02s.  Time for last 25,000:    0s.  Last read position: 7:66,968,511
INFO	2018-05-27 09:54:47	SortVcf	read       150,000 records.  Elapsed time: 00:00:04s.  Time for last 25,000:    1s.  Last read position: 7:81,359,116
INFO	2018-05-27 09:54:47	SortVcf	read       175,000 records.  Elapsed time: 00:00:04s.  Time for last 25,000:    0s.  Last read position: 7:96,214,987
INFO	2018-05-27 09:54:47	SortVcf	read       200,000 records.  Elapsed time: 00:00:04s.  Time for last 25,000:    0s.  Last read position: 7:110,540,411
INFO	2018-05-27 09:54:48	SortVcf	read       225,000 records.  Elapsed time: 00:00:05s.  Time for last 25,000:    0s.  Last read position: 7:126,869,992
INFO	2018-05-27 09:54:48	SortVcf	read       250,000 records.  Elapsed time: 00:00:05s.  Time for last 25,000:    0s.  Last read position: 7:141,581,076
INFO	2018-05-27 09:54:51	SortVcf	read       275,000 records.  Elapsed time: 00:00:08s.  Time for last 25,000:    2s.  Last read position: 7:153,403,661
INFO	2018-05-27 09:54:52	SortVcf	wrote        25,000 records.  Elapsed time: 00:00:01s.  Time for last 25,000:    1s.  Last read position: 7:11,212,899
INFO	2018-05-27 09:54:52	SortVcf	wrote        50,000 records.  Elapsed time: 00:00:01s.  Time for last 25,000:    0s.  Last read position: 7:23,343,725
INFO	2018-05-27 09:54:55	SortVcf	wrote        75,000 records.  Elapsed time: 00:00:04s.  Time for last 25,000:    2s.  Last read position: 7:37,307,053
INFO	2018-05-27 09:54:55	SortVcf	wrote       100,000 records.  Elapsed time: 00:00:04s.  Time for last 25,000:    0s.  Last read position: 7:50,963,474
INFO	2018-05-27 09:54:56	SortVcf	wrote       125,000 records.  Elapsed time: 00:00:04s.  Time for last 25,000:    0s.  Last read position: 7:66,968,511
INFO	2018-05-27 09:54:56	SortVcf	wrote       150,000 records.  Elapsed time: 00:00:05s.  Time for last 25,000:    0s.  Last read position: 7:81,359,116
INFO	2018-05-27 09:54:56	SortVcf	wrote       175,000 records.  Elapsed time: 00:00:05s.  Time for last 25,000:    0s.  Last read position: 7:96,214,987
INFO	2018-05-27 09:54:57	SortVcf	wrote       200,000 records.  Elapsed time: 00:00:06s.  Time for last 25,000:    0s.  Last read position: 7:110,540,411
INFO	2018-05-27 09:54:57	SortVcf	wrote       225,000 records.  Elapsed time: 00:00:06s.  Time for last 25,000:    0s.  Last read position: 7:126,869,992
INFO	2018-05-27 09:54:57	SortVcf	wrote       250,000 records.  Elapsed time: 00:00:06s.  Time for last 25,000:    0s.  Last read position: 7:141,581,076
INFO	2018-05-27 09:54:58	SortVcf	wrote       275,000 records.  Elapsed time: 00:00:07s.  Time for last 25,000:    0s.  Last read position: 7:153,403,661
[Sun May 27 09:54:58 UTC 2018] picard.vcf.SortVcf done. Elapsed time: 0.26 minutes.
Runtime.totalMemory()=1267728384

Merging DDR control individual genotype VCF files (including sorted chromosome 7) from 1000 Genome Project
Sun 27 May 09:54:58 UTC 2018
09:54:59.141 INFO  NativeLibraryLoader - Loading libgkl_compression.so from jar:file:/home/ec2-user/tools/picard/picard.jar!/com/intel/gkl/native/libgkl_compression.so
[Sun May 27 09:54:59 UTC 2018] MergeVcfs INPUT=[/home/ec2-user/results/data_analysis/gt_individuals/kgen/ddr_control/NA19908/s01_NA19908_ddr_control_kgen_chr1_raw.vcf, /home/ec2-user/results/data_analysis/gt_individuals/kgen/ddr_control/NA19908/s01_NA19908_ddr_control_kgen_chr2_raw.vcf, /home/ec2-user/results/data_analysis/gt_individuals/kgen/ddr_control/NA19908/s01_NA19908_ddr_control_kgen_chr3_raw.vcf, /home/ec2-user/results/data_analysis/gt_individuals/kgen/ddr_control/NA19908/s01_NA19908_ddr_control_kgen_chr4_raw.vcf, /home/ec2-user/results/data_analysis/gt_individuals/kgen/ddr_control/NA19908/s01_NA19908_ddr_control_kgen_chr5_raw.vcf, /home/ec2-user/results/data_analysis/gt_individuals/kgen/ddr_control/NA19908/s01_NA19908_ddr_control_kgen_chr6_raw.vcf, /home/ec2-user/results/data_analysis/gt_individuals/kgen/ddr_control/NA19908/s01_NA19908_ddr_control_kgen_chr7_raw_sorted.vcf, /home/ec2-user/results/data_analysis/gt_individuals/kgen/ddr_control/NA19908/s01_NA19908_ddr_control_kgen_chr8_raw.vcf, /home/ec2-user/results/data_analysis/gt_individuals/kgen/ddr_control/NA19908/s01_NA19908_ddr_control_kgen_chr9_raw.vcf, /home/ec2-user/results/data_analysis/gt_individuals/kgen/ddr_control/NA19908/s01_NA19908_ddr_control_kgen_chr10_raw.vcf, /home/ec2-user/results/data_analysis/gt_individuals/kgen/ddr_control/NA19908/s01_NA19908_ddr_control_kgen_chr11_raw.vcf, /home/ec2-user/results/data_analysis/gt_individuals/kgen/ddr_control/NA19908/s01_NA19908_ddr_control_kgen_chr12_raw.vcf, /home/ec2-user/results/data_analysis/gt_individuals/kgen/ddr_control/NA19908/s01_NA19908_ddr_control_kgen_chr13_raw.vcf, /home/ec2-user/results/data_analysis/gt_individuals/kgen/ddr_control/NA19908/s01_NA19908_ddr_control_kgen_chr14_raw.vcf, /home/ec2-user/results/data_analysis/gt_individuals/kgen/ddr_control/NA19908/s01_NA19908_ddr_control_kgen_chr15_raw.vcf, /home/ec2-user/results/data_analysis/gt_individuals/kgen/ddr_control/NA19908/s01_NA19908_ddr_control_kgen_chr16_raw.vcf, /home/ec2-user/results/data_analysis/gt_individuals/kgen/ddr_control/NA19908/s01_NA19908_ddr_control_kgen_chr17_raw.vcf, /home/ec2-user/results/data_analysis/gt_individuals/kgen/ddr_control/NA19908/s01_NA19908_ddr_control_kgen_chr18_raw.vcf, /home/ec2-user/results/data_analysis/gt_individuals/kgen/ddr_control/NA19908/s01_NA19908_ddr_control_kgen_chr19_raw.vcf, /home/ec2-user/results/data_analysis/gt_individuals/kgen/ddr_control/NA19908/s01_NA19908_ddr_control_kgen_chr20_raw.vcf, /home/ec2-user/results/data_analysis/gt_individuals/kgen/ddr_control/NA19908/s01_NA19908_ddr_control_kgen_chr21_raw.vcf, /home/ec2-user/results/data_analysis/gt_individuals/kgen/ddr_control/NA19908/s01_NA19908_ddr_control_kgen_chr22_raw.vcf, /home/ec2-user/results/data_analysis/gt_individuals/kgen/ddr_control/NA19908/s01_NA19908_ddr_control_kgen_chrX_raw.vcf] OUTPUT=/home/ec2-user/results/data_analysis/gt_individuals/kgen/ddr_control/NA19908/s01_NA19908_ddr_control_kgen_merged_raw.vcf.gz    VERBOSITY=INFO QUIET=false VALIDATION_STRINGENCY=STRICT COMPRESSION_LEVEL=5 MAX_RECORDS_IN_RAM=500000 CREATE_INDEX=true CREATE_MD5_FILE=false GA4GH_CLIENT_SECRETS=client_secrets.json USE_JDK_DEFLATER=false USE_JDK_INFLATER=false
[Sun May 27 09:54:59 UTC 2018] Executing as ec2-user@ip-172-31-42-132 on Linux 4.14.33-51.37.amzn1.x86_64 amd64; OpenJDK 64-Bit Server VM 1.8.0_171-b10; Deflater: Intel; Inflater: Intel; Provider GCS is not available; Picard version: 2.18.2-SNAPSHOT
INFO	2018-05-27 09:55:00	MergeVcfs	Processed        10,000 records.  Elapsed time: 00:00:01s.  Time for last 10,000:    0s.  Last read position: 1:5,877,485
INFO	2018-05-27 09:55:00	MergeVcfs	Processed        20,000 records.  Elapsed time: 00:00:01s.  Time for last 10,000:    0s.  Last read position: 1:11,696,836
INFO	2018-05-27 09:55:01	MergeVcfs	Processed        30,000 records.  Elapsed time: 00:00:01s.  Time for last 10,000:    0s.  Last read position: 1:17,626,998
INFO	2018-05-27 09:55:01	MergeVcfs	Processed        40,000 records.  Elapsed time: 00:00:02s.  Time for last 10,000:    0s.  Last read position: 1:23,142,280
INFO	2018-05-27 09:55:01	MergeVcfs	Processed        50,000 records.  Elapsed time: 00:00:02s.  Time for last 10,000:    0s.  Last read position: 1:29,540,063
INFO	2018-05-27 09:55:01	MergeVcfs	Processed        60,000 records.  Elapsed time: 00:00:02s.  Time for last 10,000:    0s.  Last read position: 1:35,103,251
INFO	2018-05-27 09:55:02	MergeVcfs	Processed        70,000 records.  Elapsed time: 00:00:03s.  Time for last 10,000:    0s.  Last read position: 1:41,528,590
INFO	2018-05-27 09:55:02	MergeVcfs	Processed        80,000 records.  Elapsed time: 00:00:03s.  Time for last 10,000:    0s.  Last read position: 1:47,639,520
INFO	2018-05-27 09:55:02	MergeVcfs	Processed        90,000 records.  Elapsed time: 00:00:03s.  Time for last 10,000:    0s.  Last read position: 1:54,831,103
INFO	2018-05-27 09:55:03	MergeVcfs	Processed       100,000 records.  Elapsed time: 00:00:03s.  Time for last 10,000:    0s.  Last read position: 1:60,346,247
INFO	2018-05-27 09:55:03	MergeVcfs	Processed       110,000 records.  Elapsed time: 00:00:04s.  Time for last 10,000:    0s.  Last read position: 1:66,516,557
INFO	2018-05-27 09:55:03	MergeVcfs	Processed       120,000 records.  Elapsed time: 00:00:04s.  Time for last 10,000:    0s.  Last read position: 1:73,025,216
INFO	2018-05-27 09:55:03	MergeVcfs	Processed       130,000 records.  Elapsed time: 00:00:04s.  Time for last 10,000:    0s.  Last read position: 1:79,063,858
INFO	2018-05-27 09:55:04	MergeVcfs	Processed       140,000 records.  Elapsed time: 00:00:04s.  Time for last 10,000:    0s.  Last read position: 1:84,207,087
INFO	2018-05-27 09:55:04	MergeVcfs	Processed       150,000 records.  Elapsed time: 00:00:05s.  Time for last 10,000:    0s.  Last read position: 1:90,259,087
INFO	2018-05-27 09:55:04	MergeVcfs	Processed       160,000 records.  Elapsed time: 00:00:05s.  Time for last 10,000:    0s.  Last read position: 1:96,277,907
INFO	2018-05-27 09:55:04	MergeVcfs	Processed       170,000 records.  Elapsed time: 00:00:05s.  Time for last 10,000:    0s.  Last read position: 1:102,598,108
INFO	2018-05-27 09:55:05	MergeVcfs	Processed       180,000 records.  Elapsed time: 00:00:05s.  Time for last 10,000:    0s.  Last read position: 1:107,495,317
INFO	2018-05-27 09:55:05	MergeVcfs	Processed       190,000 records.  Elapsed time: 00:00:06s.  Time for last 10,000:    0s.  Last read position: 1:113,519,660
INFO	2018-05-27 09:55:05	MergeVcfs	Processed       200,000 records.  Elapsed time: 00:00:06s.  Time for last 10,000:    0s.  Last read position: 1:119,941,476
INFO	2018-05-27 09:55:05	MergeVcfs	Processed       210,000 records.  Elapsed time: 00:00:06s.  Time for last 10,000:    0s.  Last read position: 1:152,423,667
INFO	2018-05-27 09:55:05	MergeVcfs	Processed       220,000 records.  Elapsed time: 00:00:06s.  Time for last 10,000:    0s.  Last read position: 1:158,557,576
INFO	2018-05-27 09:55:06	MergeVcfs	Processed       230,000 records.  Elapsed time: 00:00:06s.  Time for last 10,000:    0s.  Last read position: 1:164,122,641
INFO	2018-05-27 09:55:06	MergeVcfs	Processed       240,000 records.  Elapsed time: 00:00:07s.  Time for last 10,000:    0s.  Last read position: 1:169,215,574
INFO	2018-05-27 09:55:06	MergeVcfs	Processed       250,000 records.  Elapsed time: 00:00:07s.  Time for last 10,000:    0s.  Last read position: 1:175,107,264
INFO	2018-05-27 09:55:06	MergeVcfs	Processed       260,000 records.  Elapsed time: 00:00:07s.  Time for last 10,000:    0s.  Last read position: 1:180,834,018
INFO	2018-05-27 09:55:06	MergeVcfs	Processed       270,000 records.  Elapsed time: 00:00:07s.  Time for last 10,000:    0s.  Last read position: 1:186,907,915
INFO	2018-05-27 09:55:06	MergeVcfs	Processed       280,000 records.  Elapsed time: 00:00:07s.  Time for last 10,000:    0s.  Last read position: 1:191,603,716
INFO	2018-05-27 09:55:06	MergeVcfs	Processed       290,000 records.  Elapsed time: 00:00:07s.  Time for last 10,000:    0s.  Last read position: 1:197,384,990
INFO	2018-05-27 09:55:06	MergeVcfs	Processed       300,000 records.  Elapsed time: 00:00:07s.  Time for last 10,000:    0s.  Last read position: 1:203,836,107
INFO	2018-05-27 09:55:06	MergeVcfs	Processed       310,000 records.  Elapsed time: 00:00:07s.  Time for last 10,000:    0s.  Last read position: 1:210,201,776
INFO	2018-05-27 09:55:07	MergeVcfs	Processed       320,000 records.  Elapsed time: 00:00:07s.  Time for last 10,000:    0s.  Last read position: 1:216,527,961
INFO	2018-05-27 09:55:07	MergeVcfs	Processed       330,000 records.  Elapsed time: 00:00:07s.  Time for last 10,000:    0s.  Last read position: 1:222,382,988
INFO	2018-05-27 09:55:07	MergeVcfs	Processed       340,000 records.  Elapsed time: 00:00:08s.  Time for last 10,000:    0s.  Last read position: 1:228,024,108
INFO	2018-05-27 09:55:07	MergeVcfs	Processed       350,000 records.  Elapsed time: 00:00:08s.  Time for last 10,000:    0s.  Last read position: 1:233,519,825
INFO	2018-05-27 09:55:07	MergeVcfs	Processed       360,000 records.  Elapsed time: 00:00:08s.  Time for last 10,000:    0s.  Last read position: 1:238,179,191
INFO	2018-05-27 09:55:07	MergeVcfs	Processed       370,000 records.  Elapsed time: 00:00:08s.  Time for last 10,000:    0s.  Last read position: 1:242,675,029
INFO	2018-05-27 09:55:07	MergeVcfs	Processed       380,000 records.  Elapsed time: 00:00:08s.  Time for last 10,000:    0s.  Last read position: 1:247,425,503
INFO	2018-05-27 09:55:07	MergeVcfs	Processed       390,000 records.  Elapsed time: 00:00:08s.  Time for last 10,000:    0s.  Last read position: 2:1,859,595
INFO	2018-05-27 09:55:07	MergeVcfs	Processed       400,000 records.  Elapsed time: 00:00:08s.  Time for last 10,000:    0s.  Last read position: 2:6,395,875
INFO	2018-05-27 09:55:08	MergeVcfs	Processed       410,000 records.  Elapsed time: 00:00:08s.  Time for last 10,000:    0s.  Last read position: 2:11,314,045
INFO	2018-05-27 09:55:08	MergeVcfs	Processed       420,000 records.  Elapsed time: 00:00:08s.  Time for last 10,000:    0s.  Last read position: 2:16,160,376
INFO	2018-05-27 09:55:08	MergeVcfs	Processed       430,000 records.  Elapsed time: 00:00:09s.  Time for last 10,000:    0s.  Last read position: 2:21,825,244
INFO	2018-05-27 09:55:08	MergeVcfs	Processed       440,000 records.  Elapsed time: 00:00:09s.  Time for last 10,000:    0s.  Last read position: 2:28,566,341
INFO	2018-05-27 09:55:08	MergeVcfs	Processed       450,000 records.  Elapsed time: 00:00:09s.  Time for last 10,000:    0s.  Last read position: 2:34,146,666
INFO	2018-05-27 09:55:08	MergeVcfs	Processed       460,000 records.  Elapsed time: 00:00:09s.  Time for last 10,000:    0s.  Last read position: 2:38,573,931
INFO	2018-05-27 09:55:08	MergeVcfs	Processed       470,000 records.  Elapsed time: 00:00:09s.  Time for last 10,000:    0s.  Last read position: 2:43,373,478
INFO	2018-05-27 09:55:08	MergeVcfs	Processed       480,000 records.  Elapsed time: 00:00:09s.  Time for last 10,000:    0s.  Last read position: 2:48,471,483
INFO	2018-05-27 09:55:08	MergeVcfs	Processed       490,000 records.  Elapsed time: 00:00:09s.  Time for last 10,000:    0s.  Last read position: 2:53,647,665
INFO	2018-05-27 09:55:08	MergeVcfs	Processed       500,000 records.  Elapsed time: 00:00:09s.  Time for last 10,000:    0s.  Last read position: 2:58,740,603
INFO	2018-05-27 09:55:08	MergeVcfs	Processed       510,000 records.  Elapsed time: 00:00:09s.  Time for last 10,000:    0s.  Last read position: 2:65,942,686
INFO	2018-05-27 09:55:09	MergeVcfs	Processed       520,000 records.  Elapsed time: 00:00:09s.  Time for last 10,000:    0s.  Last read position: 2:71,399,578
INFO	2018-05-27 09:55:09	MergeVcfs	Processed       530,000 records.  Elapsed time: 00:00:10s.  Time for last 10,000:    0s.  Last read position: 2:77,265,292
INFO	2018-05-27 09:55:09	MergeVcfs	Processed       540,000 records.  Elapsed time: 00:00:10s.  Time for last 10,000:    0s.  Last read position: 2:82,290,000
INFO	2018-05-27 09:55:09	MergeVcfs	Processed       550,000 records.  Elapsed time: 00:00:10s.  Time for last 10,000:    0s.  Last read position: 2:88,680,468
INFO	2018-05-27 09:55:09	MergeVcfs	Processed       560,000 records.  Elapsed time: 00:00:10s.  Time for last 10,000:    0s.  Last read position: 2:102,598,315
INFO	2018-05-27 09:55:09	MergeVcfs	Processed       570,000 records.  Elapsed time: 00:00:10s.  Time for last 10,000:    0s.  Last read position: 2:108,198,802
INFO	2018-05-27 09:55:09	MergeVcfs	Processed       580,000 records.  Elapsed time: 00:00:10s.  Time for last 10,000:    0s.  Last read position: 2:115,348,932
INFO	2018-05-27 09:55:09	MergeVcfs	Processed       590,000 records.  Elapsed time: 00:00:10s.  Time for last 10,000:    0s.  Last read position: 2:121,527,641
INFO	2018-05-27 09:55:09	MergeVcfs	Processed       600,000 records.  Elapsed time: 00:00:10s.  Time for last 10,000:    0s.  Last read position: 2:128,150,987
INFO	2018-05-27 09:55:09	MergeVcfs	Processed       610,000 records.  Elapsed time: 00:00:10s.  Time for last 10,000:    0s.  Last read position: 2:133,601,897
INFO	2018-05-27 09:55:10	MergeVcfs	Processed       620,000 records.  Elapsed time: 00:00:10s.  Time for last 10,000:    0s.  Last read position: 2:139,714,339
INFO	2018-05-27 09:55:10	MergeVcfs	Processed       630,000 records.  Elapsed time: 00:00:11s.  Time for last 10,000:    0s.  Last read position: 2:144,841,368
INFO	2018-05-27 09:55:10	MergeVcfs	Processed       640,000 records.  Elapsed time: 00:00:11s.  Time for last 10,000:    0s.  Last read position: 2:151,985,114
INFO	2018-05-27 09:55:10	MergeVcfs	Processed       650,000 records.  Elapsed time: 00:00:11s.  Time for last 10,000:    0s.  Last read position: 2:158,894,159
INFO	2018-05-27 09:55:10	MergeVcfs	Processed       660,000 records.  Elapsed time: 00:00:11s.  Time for last 10,000:    0s.  Last read position: 2:165,188,990
INFO	2018-05-27 09:55:10	MergeVcfs	Processed       670,000 records.  Elapsed time: 00:00:11s.  Time for last 10,000:    0s.  Last read position: 2:170,600,583
INFO	2018-05-27 09:55:10	MergeVcfs	Processed       680,000 records.  Elapsed time: 00:00:11s.  Time for last 10,000:    0s.  Last read position: 2:176,366,023
INFO	2018-05-27 09:55:10	MergeVcfs	Processed       690,000 records.  Elapsed time: 00:00:11s.  Time for last 10,000:    0s.  Last read position: 2:182,993,609
INFO	2018-05-27 09:55:10	MergeVcfs	Processed       700,000 records.  Elapsed time: 00:00:11s.  Time for last 10,000:    0s.  Last read position: 2:188,876,928
INFO	2018-05-27 09:55:10	MergeVcfs	Processed       710,000 records.  Elapsed time: 00:00:11s.  Time for last 10,000:    0s.  Last read position: 2:195,304,635
INFO	2018-05-27 09:55:11	MergeVcfs	Processed       720,000 records.  Elapsed time: 00:00:11s.  Time for last 10,000:    0s.  Last read position: 2:201,637,324
INFO	2018-05-27 09:55:11	MergeVcfs	Processed       730,000 records.  Elapsed time: 00:00:11s.  Time for last 10,000:    0s.  Last read position: 2:208,609,336
INFO	2018-05-27 09:55:11	MergeVcfs	Processed       740,000 records.  Elapsed time: 00:00:12s.  Time for last 10,000:    0s.  Last read position: 2:214,243,257
INFO	2018-05-27 09:55:11	MergeVcfs	Processed       750,000 records.  Elapsed time: 00:00:12s.  Time for last 10,000:    0s.  Last read position: 2:219,682,884
INFO	2018-05-27 09:55:11	MergeVcfs	Processed       760,000 records.  Elapsed time: 00:00:12s.  Time for last 10,000:    0s.  Last read position: 2:225,017,891
INFO	2018-05-27 09:55:11	MergeVcfs	Processed       770,000 records.  Elapsed time: 00:00:12s.  Time for last 10,000:    0s.  Last read position: 2:230,248,270
INFO	2018-05-27 09:55:11	MergeVcfs	Processed       780,000 records.  Elapsed time: 00:00:12s.  Time for last 10,000:    0s.  Last read position: 2:235,255,695
INFO	2018-05-27 09:55:11	MergeVcfs	Processed       790,000 records.  Elapsed time: 00:00:12s.  Time for last 10,000:    0s.  Last read position: 2:239,501,107
INFO	2018-05-27 09:55:11	MergeVcfs	Processed       800,000 records.  Elapsed time: 00:00:12s.  Time for last 10,000:    0s.  Last read position: 3:885,109
INFO	2018-05-27 09:55:11	MergeVcfs	Processed       810,000 records.  Elapsed time: 00:00:12s.  Time for last 10,000:    0s.  Last read position: 3:4,512,327
INFO	2018-05-27 09:55:12	MergeVcfs	Processed       820,000 records.  Elapsed time: 00:00:12s.  Time for last 10,000:    0s.  Last read position: 3:9,684,962
INFO	2018-05-27 09:55:12	MergeVcfs	Processed       830,000 records.  Elapsed time: 00:00:12s.  Time for last 10,000:    0s.  Last read position: 3:16,047,359
INFO	2018-05-27 09:55:12	MergeVcfs	Processed       840,000 records.  Elapsed time: 00:00:13s.  Time for last 10,000:    0s.  Last read position: 3:21,879,362
INFO	2018-05-27 09:55:12	MergeVcfs	Processed       850,000 records.  Elapsed time: 00:00:13s.  Time for last 10,000:    0s.  Last read position: 3:26,861,198
INFO	2018-05-27 09:55:12	MergeVcfs	Processed       860,000 records.  Elapsed time: 00:00:13s.  Time for last 10,000:    0s.  Last read position: 3:31,839,242
INFO	2018-05-27 09:55:12	MergeVcfs	Processed       870,000 records.  Elapsed time: 00:00:13s.  Time for last 10,000:    0s.  Last read position: 3:37,815,830
INFO	2018-05-27 09:55:12	MergeVcfs	Processed       880,000 records.  Elapsed time: 00:00:13s.  Time for last 10,000:    0s.  Last read position: 3:43,551,923
INFO	2018-05-27 09:55:12	MergeVcfs	Processed       890,000 records.  Elapsed time: 00:00:13s.  Time for last 10,000:    0s.  Last read position: 3:52,419,291
INFO	2018-05-27 09:55:12	MergeVcfs	Processed       900,000 records.  Elapsed time: 00:00:13s.  Time for last 10,000:    0s.  Last read position: 3:58,506,850
INFO	2018-05-27 09:55:12	MergeVcfs	Processed       910,000 records.  Elapsed time: 00:00:13s.  Time for last 10,000:    0s.  Last read position: 3:63,586,231
INFO	2018-05-27 09:55:13	MergeVcfs	Processed       920,000 records.  Elapsed time: 00:00:13s.  Time for last 10,000:    0s.  Last read position: 3:68,816,036
INFO	2018-05-27 09:55:13	MergeVcfs	Processed       930,000 records.  Elapsed time: 00:00:13s.  Time for last 10,000:    0s.  Last read position: 3:74,768,250
INFO	2018-05-27 09:55:13	MergeVcfs	Processed       940,000 records.  Elapsed time: 00:00:14s.  Time for last 10,000:    0s.  Last read position: 3:79,965,076
INFO	2018-05-27 09:55:13	MergeVcfs	Processed       950,000 records.  Elapsed time: 00:00:14s.  Time for last 10,000:    0s.  Last read position: 3:86,195,437
INFO	2018-05-27 09:55:13	MergeVcfs	Processed       960,000 records.  Elapsed time: 00:00:14s.  Time for last 10,000:    0s.  Last read position: 3:94,866,908
INFO	2018-05-27 09:55:13	MergeVcfs	Processed       970,000 records.  Elapsed time: 00:00:14s.  Time for last 10,000:    0s.  Last read position: 3:99,952,271
INFO	2018-05-27 09:55:13	MergeVcfs	Processed       980,000 records.  Elapsed time: 00:00:14s.  Time for last 10,000:    0s.  Last read position: 3:105,851,268
INFO	2018-05-27 09:55:13	MergeVcfs	Processed       990,000 records.  Elapsed time: 00:00:14s.  Time for last 10,000:    0s.  Last read position: 3:111,153,660
INFO	2018-05-27 09:55:13	MergeVcfs	Processed     1,000,000 records.  Elapsed time: 00:00:14s.  Time for last 10,000:    0s.  Last read position: 3:117,492,656
INFO	2018-05-27 09:55:13	MergeVcfs	Processed     1,010,000 records.  Elapsed time: 00:00:14s.  Time for last 10,000:    0s.  Last read position: 3:123,860,241
INFO	2018-05-27 09:55:13	MergeVcfs	Processed     1,020,000 records.  Elapsed time: 00:00:14s.  Time for last 10,000:    0s.  Last read position: 3:128,643,375
INFO	2018-05-27 09:55:14	MergeVcfs	Processed     1,030,000 records.  Elapsed time: 00:00:14s.  Time for last 10,000:    0s.  Last read position: 3:133,981,842
INFO	2018-05-27 09:55:14	MergeVcfs	Processed     1,040,000 records.  Elapsed time: 00:00:15s.  Time for last 10,000:    0s.  Last read position: 3:140,318,151
INFO	2018-05-27 09:55:14	MergeVcfs	Processed     1,050,000 records.  Elapsed time: 00:00:15s.  Time for last 10,000:    0s.  Last read position: 3:145,498,710
INFO	2018-05-27 09:55:14	MergeVcfs	Processed     1,060,000 records.  Elapsed time: 00:00:15s.  Time for last 10,000:    0s.  Last read position: 3:151,391,634
INFO	2018-05-27 09:55:14	MergeVcfs	Processed     1,070,000 records.  Elapsed time: 00:00:15s.  Time for last 10,000:    0s.  Last read position: 3:157,019,531
INFO	2018-05-27 09:55:14	MergeVcfs	Processed     1,080,000 records.  Elapsed time: 00:00:15s.  Time for last 10,000:    0s.  Last read position: 3:162,231,640
INFO	2018-05-27 09:55:14	MergeVcfs	Processed     1,090,000 records.  Elapsed time: 00:00:15s.  Time for last 10,000:    0s.  Last read position: 3:166,553,863
INFO	2018-05-27 09:55:14	MergeVcfs	Processed     1,100,000 records.  Elapsed time: 00:00:15s.  Time for last 10,000:    0s.  Last read position: 3:172,808,323
INFO	2018-05-27 09:55:14	MergeVcfs	Processed     1,110,000 records.  Elapsed time: 00:00:15s.  Time for last 10,000:    0s.  Last read position: 3:178,567,167
INFO	2018-05-27 09:55:14	MergeVcfs	Processed     1,120,000 records.  Elapsed time: 00:00:15s.  Time for last 10,000:    0s.  Last read position: 3:184,612,295
INFO	2018-05-27 09:55:15	MergeVcfs	Processed     1,130,000 records.  Elapsed time: 00:00:15s.  Time for last 10,000:    0s.  Last read position: 3:190,029,899
INFO	2018-05-27 09:55:15	MergeVcfs	Processed     1,140,000 records.  Elapsed time: 00:00:16s.  Time for last 10,000:    0s.  Last read position: 3:194,271,917
INFO	2018-05-27 09:55:15	MergeVcfs	Processed     1,150,000 records.  Elapsed time: 00:00:16s.  Time for last 10,000:    0s.  Last read position: 4:1,092,508
INFO	2018-05-27 09:55:15	MergeVcfs	Processed     1,160,000 records.  Elapsed time: 00:00:16s.  Time for last 10,000:    0s.  Last read position: 4:5,530,311
INFO	2018-05-27 09:55:15	MergeVcfs	Processed     1,170,000 records.  Elapsed time: 00:00:16s.  Time for last 10,000:    0s.  Last read position: 4:9,451,151
INFO	2018-05-27 09:55:15	MergeVcfs	Processed     1,180,000 records.  Elapsed time: 00:00:16s.  Time for last 10,000:    0s.  Last read position: 4:13,807,663
INFO	2018-05-27 09:55:15	MergeVcfs	Processed     1,190,000 records.  Elapsed time: 00:00:16s.  Time for last 10,000:    0s.  Last read position: 4:19,468,491
INFO	2018-05-27 09:55:15	MergeVcfs	Processed     1,200,000 records.  Elapsed time: 00:00:16s.  Time for last 10,000:    0s.  Last read position: 4:24,939,206
INFO	2018-05-27 09:55:15	MergeVcfs	Processed     1,210,000 records.  Elapsed time: 00:00:16s.  Time for last 10,000:    0s.  Last read position: 4:30,079,166
INFO	2018-05-27 09:55:15	MergeVcfs	Processed     1,220,000 records.  Elapsed time: 00:00:16s.  Time for last 10,000:    0s.  Last read position: 4:34,852,887
INFO	2018-05-27 09:55:16	MergeVcfs	Processed     1,230,000 records.  Elapsed time: 00:00:16s.  Time for last 10,000:    0s.  Last read position: 4:39,259,441
INFO	2018-05-27 09:55:16	MergeVcfs	Processed     1,240,000 records.  Elapsed time: 00:00:16s.  Time for last 10,000:    0s.  Last read position: 4:44,099,387
INFO	2018-05-27 09:55:16	MergeVcfs	Processed     1,250,000 records.  Elapsed time: 00:00:17s.  Time for last 10,000:    0s.  Last read position: 4:53,192,500
INFO	2018-05-27 09:55:16	MergeVcfs	Processed     1,260,000 records.  Elapsed time: 00:00:17s.  Time for last 10,000:    0s.  Last read position: 4:58,421,637
INFO	2018-05-27 09:55:16	MergeVcfs	Processed     1,270,000 records.  Elapsed time: 00:00:17s.  Time for last 10,000:    0s.  Last read position: 4:62,285,514
INFO	2018-05-27 09:55:16	MergeVcfs	Processed     1,280,000 records.  Elapsed time: 00:00:17s.  Time for last 10,000:    0s.  Last read position: 4:67,906,054
INFO	2018-05-27 09:55:16	MergeVcfs	Processed     1,290,000 records.  Elapsed time: 00:00:17s.  Time for last 10,000:    0s.  Last read position: 4:72,440,346
INFO	2018-05-27 09:55:16	MergeVcfs	Processed     1,300,000 records.  Elapsed time: 00:00:17s.  Time for last 10,000:    0s.  Last read position: 4:77,426,617
INFO	2018-05-27 09:55:16	MergeVcfs	Processed     1,310,000 records.  Elapsed time: 00:00:17s.  Time for last 10,000:    0s.  Last read position: 4:82,951,896
INFO	2018-05-27 09:55:16	MergeVcfs	Processed     1,320,000 records.  Elapsed time: 00:00:17s.  Time for last 10,000:    0s.  Last read position: 4:87,836,855
INFO	2018-05-27 09:55:16	MergeVcfs	Processed     1,330,000 records.  Elapsed time: 00:00:17s.  Time for last 10,000:    0s.  Last read position: 4:93,497,673
INFO	2018-05-27 09:55:17	MergeVcfs	Processed     1,340,000 records.  Elapsed time: 00:00:17s.  Time for last 10,000:    0s.  Last read position: 4:98,984,493
INFO	2018-05-27 09:55:17	MergeVcfs	Processed     1,350,000 records.  Elapsed time: 00:00:18s.  Time for last 10,000:    0s.  Last read position: 4:104,569,590
INFO	2018-05-27 09:55:17	MergeVcfs	Processed     1,360,000 records.  Elapsed time: 00:00:18s.  Time for last 10,000:    0s.  Last read position: 4:110,726,322
INFO	2018-05-27 09:55:17	MergeVcfs	Processed     1,370,000 records.  Elapsed time: 00:00:18s.  Time for last 10,000:    0s.  Last read position: 4:116,166,819
INFO	2018-05-27 09:55:17	MergeVcfs	Processed     1,380,000 records.  Elapsed time: 00:00:18s.  Time for last 10,000:    0s.  Last read position: 4:120,747,341
INFO	2018-05-27 09:55:17	MergeVcfs	Processed     1,390,000 records.  Elapsed time: 00:00:18s.  Time for last 10,000:    0s.  Last read position: 4:126,817,634
INFO	2018-05-27 09:55:17	MergeVcfs	Processed     1,400,000 records.  Elapsed time: 00:00:18s.  Time for last 10,000:    0s.  Last read position: 4:133,462,194
INFO	2018-05-27 09:55:17	MergeVcfs	Processed     1,410,000 records.  Elapsed time: 00:00:18s.  Time for last 10,000:    0s.  Last read position: 4:138,571,663
INFO	2018-05-27 09:55:17	MergeVcfs	Processed     1,420,000 records.  Elapsed time: 00:00:18s.  Time for last 10,000:    0s.  Last read position: 4:144,193,117
INFO	2018-05-27 09:55:17	MergeVcfs	Processed     1,430,000 records.  Elapsed time: 00:00:18s.  Time for last 10,000:    0s.  Last read position: 4:150,732,455
INFO	2018-05-27 09:55:18	MergeVcfs	Processed     1,440,000 records.  Elapsed time: 00:00:18s.  Time for last 10,000:    0s.  Last read position: 4:156,975,257
INFO	2018-05-27 09:55:18	MergeVcfs	Processed     1,450,000 records.  Elapsed time: 00:00:18s.  Time for last 10,000:    0s.  Last read position: 4:162,645,525
INFO	2018-05-27 09:55:18	MergeVcfs	Processed     1,460,000 records.  Elapsed time: 00:00:19s.  Time for last 10,000:    0s.  Last read position: 4:167,278,699
INFO	2018-05-27 09:55:18	MergeVcfs	Processed     1,470,000 records.  Elapsed time: 00:00:19s.  Time for last 10,000:    0s.  Last read position: 4:172,336,293
INFO	2018-05-27 09:55:18	MergeVcfs	Processed     1,480,000 records.  Elapsed time: 00:00:19s.  Time for last 10,000:    0s.  Last read position: 4:177,793,625
INFO	2018-05-27 09:55:18	MergeVcfs	Processed     1,490,000 records.  Elapsed time: 00:00:19s.  Time for last 10,000:    0s.  Last read position: 4:182,407,406
INFO	2018-05-27 09:55:18	MergeVcfs	Processed     1,500,000 records.  Elapsed time: 00:00:19s.  Time for last 10,000:    0s.  Last read position: 4:186,738,300
INFO	2018-05-27 09:55:18	MergeVcfs	Processed     1,510,000 records.  Elapsed time: 00:00:19s.  Time for last 10,000:    0s.  Last read position: 4:190,514,456
INFO	2018-05-27 09:55:18	MergeVcfs	Processed     1,520,000 records.  Elapsed time: 00:00:19s.  Time for last 10,000:    0s.  Last read position: 5:3,001,789
INFO	2018-05-27 09:55:18	MergeVcfs	Processed     1,530,000 records.  Elapsed time: 00:00:19s.  Time for last 10,000:    0s.  Last read position: 5:7,150,487
INFO	2018-05-27 09:55:19	MergeVcfs	Processed     1,540,000 records.  Elapsed time: 00:00:19s.  Time for last 10,000:    0s.  Last read position: 5:11,962,977
INFO	2018-05-27 09:55:19	MergeVcfs	Processed     1,550,000 records.  Elapsed time: 00:00:19s.  Time for last 10,000:    0s.  Last read position: 5:17,517,572
INFO	2018-05-27 09:55:19	MergeVcfs	Processed     1,560,000 records.  Elapsed time: 00:00:20s.  Time for last 10,000:    0s.  Last read position: 5:22,669,080
INFO	2018-05-27 09:55:19	MergeVcfs	Processed     1,570,000 records.  Elapsed time: 00:00:20s.  Time for last 10,000:    0s.  Last read position: 5:27,867,896
INFO	2018-05-27 09:55:19	MergeVcfs	Processed     1,580,000 records.  Elapsed time: 00:00:20s.  Time for last 10,000:    0s.  Last read position: 5:32,483,881
INFO	2018-05-27 09:55:19	MergeVcfs	Processed     1,590,000 records.  Elapsed time: 00:00:20s.  Time for last 10,000:    0s.  Last read position: 5:37,893,932
INFO	2018-05-27 09:55:19	MergeVcfs	Processed     1,600,000 records.  Elapsed time: 00:00:20s.  Time for last 10,000:    0s.  Last read position: 5:43,341,327
INFO	2018-05-27 09:55:19	MergeVcfs	Processed     1,610,000 records.  Elapsed time: 00:00:20s.  Time for last 10,000:    0s.  Last read position: 5:52,527,005
INFO	2018-05-27 09:55:19	MergeVcfs	Processed     1,620,000 records.  Elapsed time: 00:00:20s.  Time for last 10,000:    0s.  Last read position: 5:58,071,678
INFO	2018-05-27 09:55:19	MergeVcfs	Processed     1,630,000 records.  Elapsed time: 00:00:20s.  Time for last 10,000:    0s.  Last read position: 5:64,936,767
INFO	2018-05-27 09:55:20	MergeVcfs	Processed     1,640,000 records.  Elapsed time: 00:00:20s.  Time for last 10,000:    0s.  Last read position: 5:72,991,374
INFO	2018-05-27 09:55:20	MergeVcfs	Processed     1,650,000 records.  Elapsed time: 00:00:20s.  Time for last 10,000:    0s.  Last read position: 5:78,516,547
INFO	2018-05-27 09:55:20	MergeVcfs	Processed     1,660,000 records.  Elapsed time: 00:00:21s.  Time for last 10,000:    0s.  Last read position: 5:84,592,507
INFO	2018-05-27 09:55:20	MergeVcfs	Processed     1,670,000 records.  Elapsed time: 00:00:21s.  Time for last 10,000:    0s.  Last read position: 5:92,474,980
INFO	2018-05-27 09:55:20	MergeVcfs	Processed     1,680,000 records.  Elapsed time: 00:00:21s.  Time for last 10,000:    0s.  Last read position: 5:99,445,042
INFO	2018-05-27 09:55:20	MergeVcfs	Processed     1,690,000 records.  Elapsed time: 00:00:21s.  Time for last 10,000:    0s.  Last read position: 5:106,250,730
INFO	2018-05-27 09:55:20	MergeVcfs	Processed     1,700,000 records.  Elapsed time: 00:00:21s.  Time for last 10,000:    0s.  Last read position: 5:111,919,680
INFO	2018-05-27 09:55:20	MergeVcfs	Processed     1,710,000 records.  Elapsed time: 00:00:21s.  Time for last 10,000:    0s.  Last read position: 5:116,872,087
INFO	2018-05-27 09:55:20	MergeVcfs	Processed     1,720,000 records.  Elapsed time: 00:00:21s.  Time for last 10,000:    0s.  Last read position: 5:122,618,955
INFO	2018-05-27 09:55:20	MergeVcfs	Processed     1,730,000 records.  Elapsed time: 00:00:21s.  Time for last 10,000:    0s.  Last read position: 5:127,922,862
INFO	2018-05-27 09:55:20	MergeVcfs	Processed     1,740,000 records.  Elapsed time: 00:00:21s.  Time for last 10,000:    0s.  Last read position: 5:133,699,670
INFO	2018-05-27 09:55:21	MergeVcfs	Processed     1,750,000 records.  Elapsed time: 00:00:21s.  Time for last 10,000:    0s.  Last read position: 5:141,021,935
INFO	2018-05-27 09:55:21	MergeVcfs	Processed     1,760,000 records.  Elapsed time: 00:00:22s.  Time for last 10,000:    0s.  Last read position: 5:146,990,183
INFO	2018-05-27 09:55:21	MergeVcfs	Processed     1,770,000 records.  Elapsed time: 00:00:22s.  Time for last 10,000:    0s.  Last read position: 5:152,790,788
INFO	2018-05-27 09:55:21	MergeVcfs	Processed     1,780,000 records.  Elapsed time: 00:00:22s.  Time for last 10,000:    0s.  Last read position: 5:159,092,417
INFO	2018-05-27 09:55:21	MergeVcfs	Processed     1,790,000 records.  Elapsed time: 00:00:22s.  Time for last 10,000:    0s.  Last read position: 5:164,625,133
INFO	2018-05-27 09:55:21	MergeVcfs	Processed     1,800,000 records.  Elapsed time: 00:00:22s.  Time for last 10,000:    0s.  Last read position: 5:170,473,362
INFO	2018-05-27 09:55:21	MergeVcfs	Processed     1,810,000 records.  Elapsed time: 00:00:22s.  Time for last 10,000:    0s.  Last read position: 5:175,346,528
INFO	2018-05-27 09:55:21	MergeVcfs	Processed     1,820,000 records.  Elapsed time: 00:00:22s.  Time for last 10,000:    0s.  Last read position: 5:180,569,007
INFO	2018-05-27 09:55:21	MergeVcfs	Processed     1,830,000 records.  Elapsed time: 00:00:22s.  Time for last 10,000:    0s.  Last read position: 6:4,337,923
INFO	2018-05-27 09:55:21	MergeVcfs	Processed     1,840,000 records.  Elapsed time: 00:00:22s.  Time for last 10,000:    0s.  Last read position: 6:8,451,966
INFO	2018-05-27 09:55:22	MergeVcfs	Processed     1,850,000 records.  Elapsed time: 00:00:22s.  Time for last 10,000:    0s.  Last read position: 6:13,157,870
INFO	2018-05-27 09:55:22	MergeVcfs	Processed     1,860,000 records.  Elapsed time: 00:00:23s.  Time for last 10,000:    0s.  Last read position: 6:18,371,898
INFO	2018-05-27 09:55:22	MergeVcfs	Processed     1,870,000 records.  Elapsed time: 00:00:23s.  Time for last 10,000:    0s.  Last read position: 6:23,319,559
INFO	2018-05-27 09:55:22	MergeVcfs	Processed     1,880,000 records.  Elapsed time: 00:00:23s.  Time for last 10,000:    0s.  Last read position: 6:28,618,341
INFO	2018-05-27 09:55:22	MergeVcfs	Processed     1,890,000 records.  Elapsed time: 00:00:23s.  Time for last 10,000:    0s.  Last read position: 6:31,271,064
INFO	2018-05-27 09:55:22	MergeVcfs	Processed     1,900,000 records.  Elapsed time: 00:00:23s.  Time for last 10,000:    0s.  Last read position: 6:33,041,073
INFO	2018-05-27 09:55:22	MergeVcfs	Processed     1,910,000 records.  Elapsed time: 00:00:23s.  Time for last 10,000:    0s.  Last read position: 6:38,089,092
INFO	2018-05-27 09:55:22	MergeVcfs	Processed     1,920,000 records.  Elapsed time: 00:00:23s.  Time for last 10,000:    0s.  Last read position: 6:44,173,730
INFO	2018-05-27 09:55:22	MergeVcfs	Processed     1,930,000 records.  Elapsed time: 00:00:23s.  Time for last 10,000:    0s.  Last read position: 6:50,130,655
INFO	2018-05-27 09:55:22	MergeVcfs	Processed     1,940,000 records.  Elapsed time: 00:00:23s.  Time for last 10,000:    0s.  Last read position: 6:55,786,468
INFO	2018-05-27 09:55:23	MergeVcfs	Processed     1,950,000 records.  Elapsed time: 00:00:23s.  Time for last 10,000:    0s.  Last read position: 6:64,077,962
INFO	2018-05-27 09:55:23	MergeVcfs	Processed     1,960,000 records.  Elapsed time: 00:00:23s.  Time for last 10,000:    0s.  Last read position: 6:68,480,758
INFO	2018-05-27 09:55:23	MergeVcfs	Processed     1,970,000 records.  Elapsed time: 00:00:24s.  Time for last 10,000:    0s.  Last read position: 6:74,487,758
INFO	2018-05-27 09:55:23	MergeVcfs	Processed     1,980,000 records.  Elapsed time: 00:00:24s.  Time for last 10,000:    0s.  Last read position: 6:79,967,505
INFO	2018-05-27 09:55:23	MergeVcfs	Processed     1,990,000 records.  Elapsed time: 00:00:24s.  Time for last 10,000:    0s.  Last read position: 6:85,580,464
INFO	2018-05-27 09:55:23	MergeVcfs	Processed     2,000,000 records.  Elapsed time: 00:00:24s.  Time for last 10,000:    0s.  Last read position: 6:91,123,109
INFO	2018-05-27 09:55:23	MergeVcfs	Processed     2,010,000 records.  Elapsed time: 00:00:24s.  Time for last 10,000:    0s.  Last read position: 6:96,367,239
INFO	2018-05-27 09:55:23	MergeVcfs	Processed     2,020,000 records.  Elapsed time: 00:00:24s.  Time for last 10,000:    0s.  Last read position: 6:102,748,202
INFO	2018-05-27 09:55:23	MergeVcfs	Processed     2,030,000 records.  Elapsed time: 00:00:24s.  Time for last 10,000:    0s.  Last read position: 6:107,569,043
INFO	2018-05-27 09:55:23	MergeVcfs	Processed     2,040,000 records.  Elapsed time: 00:00:24s.  Time for last 10,000:    0s.  Last read position: 6:114,220,742
INFO	2018-05-27 09:55:24	MergeVcfs	Processed     2,050,000 records.  Elapsed time: 00:00:24s.  Time for last 10,000:    0s.  Last read position: 6:120,353,010
INFO	2018-05-27 09:55:24	MergeVcfs	Processed     2,060,000 records.  Elapsed time: 00:00:24s.  Time for last 10,000:    0s.  Last read position: 6:125,414,974
INFO	2018-05-27 09:55:24	MergeVcfs	Processed     2,070,000 records.  Elapsed time: 00:00:25s.  Time for last 10,000:    0s.  Last read position: 6:131,726,684
INFO	2018-05-27 09:55:24	MergeVcfs	Processed     2,080,000 records.  Elapsed time: 00:00:25s.  Time for last 10,000:    0s.  Last read position: 6:137,624,866
INFO	2018-05-27 09:55:24	MergeVcfs	Processed     2,090,000 records.  Elapsed time: 00:00:25s.  Time for last 10,000:    0s.  Last read position: 6:144,019,874
INFO	2018-05-27 09:55:24	MergeVcfs	Processed     2,100,000 records.  Elapsed time: 00:00:25s.  Time for last 10,000:    0s.  Last read position: 6:149,813,467
INFO	2018-05-27 09:55:24	MergeVcfs	Processed     2,110,000 records.  Elapsed time: 00:00:25s.  Time for last 10,000:    0s.  Last read position: 6:154,538,567
INFO	2018-05-27 09:55:24	MergeVcfs	Processed     2,120,000 records.  Elapsed time: 00:00:25s.  Time for last 10,000:    0s.  Last read position: 6:159,887,184
INFO	2018-05-27 09:55:24	MergeVcfs	Processed     2,130,000 records.  Elapsed time: 00:00:25s.  Time for last 10,000:    0s.  Last read position: 6:164,605,713
INFO	2018-05-27 09:55:24	MergeVcfs	Processed     2,140,000 records.  Elapsed time: 00:00:25s.  Time for last 10,000:    0s.  Last read position: 6:169,036,999
INFO	2018-05-27 09:55:24	MergeVcfs	Processed     2,150,000 records.  Elapsed time: 00:00:25s.  Time for last 10,000:    0s.  Last read position: 7:2,534,392
INFO	2018-05-27 09:55:25	MergeVcfs	Processed     2,160,000 records.  Elapsed time: 00:00:25s.  Time for last 10,000:    0s.  Last read position: 7:7,359,436
INFO	2018-05-27 09:55:25	MergeVcfs	Processed     2,170,000 records.  Elapsed time: 00:00:26s.  Time for last 10,000:    0s.  Last read position: 7:11,494,192
INFO	2018-05-27 09:55:25	MergeVcfs	Processed     2,180,000 records.  Elapsed time: 00:00:26s.  Time for last 10,000:    0s.  Last read position: 7:15,779,852
INFO	2018-05-27 09:55:25	MergeVcfs	Processed     2,190,000 records.  Elapsed time: 00:00:26s.  Time for last 10,000:    0s.  Last read position: 7:21,285,304
INFO	2018-05-27 09:55:25	MergeVcfs	Processed     2,200,000 records.  Elapsed time: 00:00:26s.  Time for last 10,000:    0s.  Last read position: 7:26,649,365
INFO	2018-05-27 09:55:25	MergeVcfs	Processed     2,210,000 records.  Elapsed time: 00:00:26s.  Time for last 10,000:    0s.  Last read position: 7:32,472,099
INFO	2018-05-27 09:55:25	MergeVcfs	Processed     2,220,000 records.  Elapsed time: 00:00:26s.  Time for last 10,000:    0s.  Last read position: 7:37,655,427
INFO	2018-05-27 09:55:25	MergeVcfs	Processed     2,230,000 records.  Elapsed time: 00:00:26s.  Time for last 10,000:    0s.  Last read position: 7:43,211,693
INFO	2018-05-27 09:55:25	MergeVcfs	Processed     2,240,000 records.  Elapsed time: 00:00:26s.  Time for last 10,000:    0s.  Last read position: 7:49,154,341
INFO	2018-05-27 09:55:25	MergeVcfs	Processed     2,250,000 records.  Elapsed time: 00:00:26s.  Time for last 10,000:    0s.  Last read position: 7:53,471,921
INFO	2018-05-27 09:55:26	MergeVcfs	Processed     2,260,000 records.  Elapsed time: 00:00:26s.  Time for last 10,000:    0s.  Last read position: 7:61,844,429
INFO	2018-05-27 09:55:26	MergeVcfs	Processed     2,270,000 records.  Elapsed time: 00:00:27s.  Time for last 10,000:    0s.  Last read position: 7:67,223,287
INFO	2018-05-27 09:55:26	MergeVcfs	Processed     2,280,000 records.  Elapsed time: 00:00:27s.  Time for last 10,000:    0s.  Last read position: 7:72,196,930
INFO	2018-05-27 09:55:26	MergeVcfs	Processed     2,290,000 records.  Elapsed time: 00:00:27s.  Time for last 10,000:    0s.  Last read position: 7:79,132,993
INFO	2018-05-27 09:55:26	MergeVcfs	Processed     2,300,000 records.  Elapsed time: 00:00:27s.  Time for last 10,000:    0s.  Last read position: 7:84,064,593
INFO	2018-05-27 09:55:26	MergeVcfs	Processed     2,310,000 records.  Elapsed time: 00:00:27s.  Time for last 10,000:    0s.  Last read position: 7:89,557,548
INFO	2018-05-27 09:55:26	MergeVcfs	Processed     2,320,000 records.  Elapsed time: 00:00:27s.  Time for last 10,000:    0s.  Last read position: 7:96,700,117
INFO	2018-05-27 09:55:26	MergeVcfs	Processed     2,330,000 records.  Elapsed time: 00:00:27s.  Time for last 10,000:    0s.  Last read position: 7:102,764,433
INFO	2018-05-27 09:55:26	MergeVcfs	Processed     2,340,000 records.  Elapsed time: 00:00:27s.  Time for last 10,000:    0s.  Last read position: 7:108,044,698
INFO	2018-05-27 09:55:26	MergeVcfs	Processed     2,350,000 records.  Elapsed time: 00:00:27s.  Time for last 10,000:    0s.  Last read position: 7:113,873,159
INFO	2018-05-27 09:55:27	MergeVcfs	Processed     2,360,000 records.  Elapsed time: 00:00:27s.  Time for last 10,000:    0s.  Last read position: 7:121,689,808
INFO	2018-05-27 09:55:27	MergeVcfs	Processed     2,370,000 records.  Elapsed time: 00:00:27s.  Time for last 10,000:    0s.  Last read position: 7:127,327,059
INFO	2018-05-27 09:55:27	MergeVcfs	Processed     2,380,000 records.  Elapsed time: 00:00:28s.  Time for last 10,000:    0s.  Last read position: 7:133,595,602
INFO	2018-05-27 09:55:27	MergeVcfs	Processed     2,390,000 records.  Elapsed time: 00:00:28s.  Time for last 10,000:    0s.  Last read position: 7:139,006,963
INFO	2018-05-27 09:55:27	MergeVcfs	Processed     2,400,000 records.  Elapsed time: 00:00:28s.  Time for last 10,000:    0s.  Last read position: 7:144,788,451
INFO	2018-05-27 09:55:27	MergeVcfs	Processed     2,410,000 records.  Elapsed time: 00:00:28s.  Time for last 10,000:    0s.  Last read position: 7:149,398,065
INFO	2018-05-27 09:55:27	MergeVcfs	Processed     2,420,000 records.  Elapsed time: 00:00:28s.  Time for last 10,000:    0s.  Last read position: 7:153,709,408
INFO	2018-05-27 09:55:27	MergeVcfs	Processed     2,430,000 records.  Elapsed time: 00:00:28s.  Time for last 10,000:    0s.  Last read position: 7:157,970,525
INFO	2018-05-27 09:55:27	MergeVcfs	Processed     2,440,000 records.  Elapsed time: 00:00:28s.  Time for last 10,000:    0s.  Last read position: 8:2,353,623
INFO	2018-05-27 09:55:28	MergeVcfs	Processed     2,450,000 records.  Elapsed time: 00:00:28s.  Time for last 10,000:    0s.  Last read position: 8:4,750,937
INFO	2018-05-27 09:55:28	MergeVcfs	Processed     2,460,000 records.  Elapsed time: 00:00:28s.  Time for last 10,000:    0s.  Last read position: 8:8,083,672
INFO	2018-05-27 09:55:28	MergeVcfs	Processed     2,470,000 records.  Elapsed time: 00:00:29s.  Time for last 10,000:    0s.  Last read position: 8:11,979,246
INFO	2018-05-27 09:55:28	MergeVcfs	Processed     2,480,000 records.  Elapsed time: 00:00:29s.  Time for last 10,000:    0s.  Last read position: 8:15,503,465
INFO	2018-05-27 09:55:28	MergeVcfs	Processed     2,490,000 records.  Elapsed time: 00:00:29s.  Time for last 10,000:    0s.  Last read position: 8:19,031,178
INFO	2018-05-27 09:55:28	MergeVcfs	Processed     2,500,000 records.  Elapsed time: 00:00:29s.  Time for last 10,000:    0s.  Last read position: 8:23,936,293
INFO	2018-05-27 09:55:28	MergeVcfs	Processed     2,510,000 records.  Elapsed time: 00:00:29s.  Time for last 10,000:    0s.  Last read position: 8:28,520,458
INFO	2018-05-27 09:55:28	MergeVcfs	Processed     2,520,000 records.  Elapsed time: 00:00:29s.  Time for last 10,000:    0s.  Last read position: 8:33,903,662
INFO	2018-05-27 09:55:28	MergeVcfs	Processed     2,530,000 records.  Elapsed time: 00:00:29s.  Time for last 10,000:    0s.  Last read position: 8:40,505,168
INFO	2018-05-27 09:55:28	MergeVcfs	Processed     2,540,000 records.  Elapsed time: 00:00:29s.  Time for last 10,000:    0s.  Last read position: 8:51,653,155
INFO	2018-05-27 09:55:29	MergeVcfs	Processed     2,550,000 records.  Elapsed time: 00:00:29s.  Time for last 10,000:    0s.  Last read position: 8:56,577,085
INFO	2018-05-27 09:55:29	MergeVcfs	Processed     2,560,000 records.  Elapsed time: 00:00:29s.  Time for last 10,000:    0s.  Last read position: 8:62,725,347
INFO	2018-05-27 09:55:29	MergeVcfs	Processed     2,570,000 records.  Elapsed time: 00:00:30s.  Time for last 10,000:    0s.  Last read position: 8:69,420,911
INFO	2018-05-27 09:55:29	MergeVcfs	Processed     2,580,000 records.  Elapsed time: 00:00:30s.  Time for last 10,000:    0s.  Last read position: 8:75,003,155
INFO	2018-05-27 09:55:29	MergeVcfs	Processed     2,590,000 records.  Elapsed time: 00:00:30s.  Time for last 10,000:    0s.  Last read position: 8:80,994,279
INFO	2018-05-27 09:55:29	MergeVcfs	Processed     2,600,000 records.  Elapsed time: 00:00:30s.  Time for last 10,000:    0s.  Last read position: 8:87,183,398
INFO	2018-05-27 09:55:29	MergeVcfs	Processed     2,610,000 records.  Elapsed time: 00:00:30s.  Time for last 10,000:    0s.  Last read position: 8:93,528,202
INFO	2018-05-27 09:55:29	MergeVcfs	Processed     2,620,000 records.  Elapsed time: 00:00:30s.  Time for last 10,000:    0s.  Last read position: 8:99,751,719
INFO	2018-05-27 09:55:29	MergeVcfs	Processed     2,630,000 records.  Elapsed time: 00:00:30s.  Time for last 10,000:    0s.  Last read position: 8:105,455,421
INFO	2018-05-27 09:55:29	MergeVcfs	Processed     2,640,000 records.  Elapsed time: 00:00:30s.  Time for last 10,000:    0s.  Last read position: 8:111,432,754
INFO	2018-05-27 09:55:30	MergeVcfs	Processed     2,650,000 records.  Elapsed time: 00:00:30s.  Time for last 10,000:    0s.  Last read position: 8:117,377,635
INFO	2018-05-27 09:55:30	MergeVcfs	Processed     2,660,000 records.  Elapsed time: 00:00:31s.  Time for last 10,000:    0s.  Last read position: 8:122,968,456
INFO	2018-05-27 09:55:30	MergeVcfs	Processed     2,670,000 records.  Elapsed time: 00:00:31s.  Time for last 10,000:    0s.  Last read position: 8:128,739,029
INFO	2018-05-27 09:55:30	MergeVcfs	Processed     2,680,000 records.  Elapsed time: 00:00:31s.  Time for last 10,000:    0s.  Last read position: 8:134,384,950
INFO	2018-05-27 09:55:30	MergeVcfs	Processed     2,690,000 records.  Elapsed time: 00:00:31s.  Time for last 10,000:    0s.  Last read position: 8:139,078,040
INFO	2018-05-27 09:55:30	MergeVcfs	Processed     2,700,000 records.  Elapsed time: 00:00:31s.  Time for last 10,000:    0s.  Last read position: 8:143,583,947
INFO	2018-05-27 09:55:30	MergeVcfs	Processed     2,710,000 records.  Elapsed time: 00:00:31s.  Time for last 10,000:    0s.  Last read position: 9:1,498,941
INFO	2018-05-27 09:55:30	MergeVcfs	Processed     2,720,000 records.  Elapsed time: 00:00:31s.  Time for last 10,000:    0s.  Last read position: 9:5,847,758
INFO	2018-05-27 09:55:30	MergeVcfs	Processed     2,730,000 records.  Elapsed time: 00:00:31s.  Time for last 10,000:    0s.  Last read position: 9:10,092,057
INFO	2018-05-27 09:55:30	MergeVcfs	Processed     2,740,000 records.  Elapsed time: 00:00:31s.  Time for last 10,000:    0s.  Last read position: 9:14,725,548
INFO	2018-05-27 09:55:31	MergeVcfs	Processed     2,750,000 records.  Elapsed time: 00:00:31s.  Time for last 10,000:    0s.  Last read position: 9:19,249,468
INFO	2018-05-27 09:55:31	MergeVcfs	Processed     2,760,000 records.  Elapsed time: 00:00:32s.  Time for last 10,000:    0s.  Last read position: 9:24,383,476
INFO	2018-05-27 09:55:31	MergeVcfs	Processed     2,770,000 records.  Elapsed time: 00:00:32s.  Time for last 10,000:    0s.  Last read position: 9:29,292,153
INFO	2018-05-27 09:55:31	MergeVcfs	Processed     2,780,000 records.  Elapsed time: 00:00:32s.  Time for last 10,000:    0s.  Last read position: 9:33,785,244
INFO	2018-05-27 09:55:31	MergeVcfs	Processed     2,790,000 records.  Elapsed time: 00:00:32s.  Time for last 10,000:    0s.  Last read position: 9:45,730,599
INFO	2018-05-27 09:55:31	MergeVcfs	Processed     2,800,000 records.  Elapsed time: 00:00:32s.  Time for last 10,000:    0s.  Last read position: 9:75,826,166
INFO	2018-05-27 09:55:31	MergeVcfs	Processed     2,810,000 records.  Elapsed time: 00:00:32s.  Time for last 10,000:    0s.  Last read position: 9:81,544,891
INFO	2018-05-27 09:55:31	MergeVcfs	Processed     2,820,000 records.  Elapsed time: 00:00:32s.  Time for last 10,000:    0s.  Last read position: 9:87,172,911
INFO	2018-05-27 09:55:31	MergeVcfs	Processed     2,830,000 records.  Elapsed time: 00:00:32s.  Time for last 10,000:    0s.  Last read position: 9:92,315,782
INFO	2018-05-27 09:55:32	MergeVcfs	Processed     2,840,000 records.  Elapsed time: 00:00:32s.  Time for last 10,000:    0s.  Last read position: 9:98,510,177
INFO	2018-05-27 09:55:32	MergeVcfs	Processed     2,850,000 records.  Elapsed time: 00:00:32s.  Time for last 10,000:    0s.  Last read position: 9:105,164,273
INFO	2018-05-27 09:55:32	MergeVcfs	Processed     2,860,000 records.  Elapsed time: 00:00:33s.  Time for last 10,000:    0s.  Last read position: 9:110,994,662
INFO	2018-05-27 09:55:32	MergeVcfs	Processed     2,870,000 records.  Elapsed time: 00:00:33s.  Time for last 10,000:    0s.  Last read position: 9:115,969,423
INFO	2018-05-27 09:55:32	MergeVcfs	Processed     2,880,000 records.  Elapsed time: 00:00:33s.  Time for last 10,000:    0s.  Last read position: 9:121,703,881
INFO	2018-05-27 09:55:32	MergeVcfs	Processed     2,890,000 records.  Elapsed time: 00:00:33s.  Time for last 10,000:    0s.  Last read position: 9:128,811,965
INFO	2018-05-27 09:55:32	MergeVcfs	Processed     2,900,000 records.  Elapsed time: 00:00:33s.  Time for last 10,000:    0s.  Last read position: 9:134,498,683
INFO	2018-05-27 09:55:32	MergeVcfs	Processed     2,910,000 records.  Elapsed time: 00:00:33s.  Time for last 10,000:    0s.  Last read position: 9:138,986,582
INFO	2018-05-27 09:55:32	MergeVcfs	Processed     2,920,000 records.  Elapsed time: 00:00:33s.  Time for last 10,000:    0s.  Last read position: 10:3,135,286
INFO	2018-05-27 09:55:32	MergeVcfs	Processed     2,930,000 records.  Elapsed time: 00:00:33s.  Time for last 10,000:    0s.  Last read position: 10:7,163,988
INFO	2018-05-27 09:55:33	MergeVcfs	Processed     2,940,000 records.  Elapsed time: 00:00:33s.  Time for last 10,000:    0s.  Last read position: 10:12,192,977
INFO	2018-05-27 09:55:33	MergeVcfs	Processed     2,950,000 records.  Elapsed time: 00:00:33s.  Time for last 10,000:    0s.  Last read position: 10:16,549,421
INFO	2018-05-27 09:55:33	MergeVcfs	Processed     2,960,000 records.  Elapsed time: 00:00:34s.  Time for last 10,000:    0s.  Last read position: 10:21,744,298
INFO	2018-05-27 09:55:33	MergeVcfs	Processed     2,970,000 records.  Elapsed time: 00:00:34s.  Time for last 10,000:    0s.  Last read position: 10:27,714,248
INFO	2018-05-27 09:55:33	MergeVcfs	Processed     2,980,000 records.  Elapsed time: 00:00:34s.  Time for last 10,000:    0s.  Last read position: 10:32,633,516
INFO	2018-05-27 09:55:33	MergeVcfs	Processed     2,990,000 records.  Elapsed time: 00:00:34s.  Time for last 10,000:    0s.  Last read position: 10:39,079,989
INFO	2018-05-27 09:55:33	MergeVcfs	Processed     3,000,000 records.  Elapsed time: 00:00:34s.  Time for last 10,000:    0s.  Last read position: 10:49,496,417
INFO	2018-05-27 09:55:33	MergeVcfs	Processed     3,010,000 records.  Elapsed time: 00:00:34s.  Time for last 10,000:    0s.  Last read position: 10:54,912,992
INFO	2018-05-27 09:55:33	MergeVcfs	Processed     3,020,000 records.  Elapsed time: 00:00:34s.  Time for last 10,000:    0s.  Last read position: 10:58,873,361
INFO	2018-05-27 09:55:33	MergeVcfs	Processed     3,030,000 records.  Elapsed time: 00:00:34s.  Time for last 10,000:    0s.  Last read position: 10:64,298,956
INFO	2018-05-27 09:55:34	MergeVcfs	Processed     3,040,000 records.  Elapsed time: 00:00:34s.  Time for last 10,000:    0s.  Last read position: 10:68,943,311
INFO	2018-05-27 09:55:34	MergeVcfs	Processed     3,050,000 records.  Elapsed time: 00:00:34s.  Time for last 10,000:    0s.  Last read position: 10:74,433,626
INFO	2018-05-27 09:55:34	MergeVcfs	Processed     3,060,000 records.  Elapsed time: 00:00:35s.  Time for last 10,000:    0s.  Last read position: 10:81,476,057
INFO	2018-05-27 09:55:34	MergeVcfs	Processed     3,070,000 records.  Elapsed time: 00:00:35s.  Time for last 10,000:    0s.  Last read position: 10:86,333,198
INFO	2018-05-27 09:55:34	MergeVcfs	Processed     3,080,000 records.  Elapsed time: 00:00:35s.  Time for last 10,000:    0s.  Last read position: 10:92,178,235
INFO	2018-05-27 09:55:34	MergeVcfs	Processed     3,090,000 records.  Elapsed time: 00:00:35s.  Time for last 10,000:    0s.  Last read position: 10:98,262,516
INFO	2018-05-27 09:55:34	MergeVcfs	Processed     3,100,000 records.  Elapsed time: 00:00:35s.  Time for last 10,000:    0s.  Last read position: 10:104,961,405
INFO	2018-05-27 09:55:34	MergeVcfs	Processed     3,110,000 records.  Elapsed time: 00:00:35s.  Time for last 10,000:    0s.  Last read position: 10:110,835,717
INFO	2018-05-27 09:55:34	MergeVcfs	Processed     3,120,000 records.  Elapsed time: 00:00:35s.  Time for last 10,000:    0s.  Last read position: 10:116,408,890
INFO	2018-05-27 09:55:34	MergeVcfs	Processed     3,130,000 records.  Elapsed time: 00:00:35s.  Time for last 10,000:    0s.  Last read position: 10:122,083,655
INFO	2018-05-27 09:55:35	MergeVcfs	Processed     3,140,000 records.  Elapsed time: 00:00:35s.  Time for last 10,000:    0s.  Last read position: 10:126,641,660
INFO	2018-05-27 09:55:35	MergeVcfs	Processed     3,150,000 records.  Elapsed time: 00:00:36s.  Time for last 10,000:    0s.  Last read position: 10:131,833,065
INFO	2018-05-27 09:55:35	MergeVcfs	Processed     3,160,000 records.  Elapsed time: 00:00:36s.  Time for last 10,000:    0s.  Last read position: 11:620,599
INFO	2018-05-27 09:55:35	MergeVcfs	Processed     3,170,000 records.  Elapsed time: 00:00:36s.  Time for last 10,000:    0s.  Last read position: 11:5,015,571
INFO	2018-05-27 09:55:35	MergeVcfs	Processed     3,180,000 records.  Elapsed time: 00:00:36s.  Time for last 10,000:    0s.  Last read position: 11:8,920,576
INFO	2018-05-27 09:55:35	MergeVcfs	Processed     3,190,000 records.  Elapsed time: 00:00:36s.  Time for last 10,000:    0s.  Last read position: 11:13,595,997
INFO	2018-05-27 09:55:35	MergeVcfs	Processed     3,200,000 records.  Elapsed time: 00:00:36s.  Time for last 10,000:    0s.  Last read position: 11:19,987,362
INFO	2018-05-27 09:55:35	MergeVcfs	Processed     3,210,000 records.  Elapsed time: 00:00:36s.  Time for last 10,000:    0s.  Last read position: 11:23,870,712
INFO	2018-05-27 09:55:35	MergeVcfs	Processed     3,220,000 records.  Elapsed time: 00:00:36s.  Time for last 10,000:    0s.  Last read position: 11:27,622,918
INFO	2018-05-27 09:55:35	MergeVcfs	Processed     3,230,000 records.  Elapsed time: 00:00:36s.  Time for last 10,000:    0s.  Last read position: 11:34,319,332
INFO	2018-05-27 09:55:36	MergeVcfs	Processed     3,240,000 records.  Elapsed time: 00:00:36s.  Time for last 10,000:    0s.  Last read position: 11:39,333,414
INFO	2018-05-27 09:55:36	MergeVcfs	Processed     3,250,000 records.  Elapsed time: 00:00:37s.  Time for last 10,000:    0s.  Last read position: 11:44,876,041
INFO	2018-05-27 09:55:36	MergeVcfs	Processed     3,260,000 records.  Elapsed time: 00:00:37s.  Time for last 10,000:    0s.  Last read position: 11:50,273,752
INFO	2018-05-27 09:55:36	MergeVcfs	Processed     3,270,000 records.  Elapsed time: 00:00:37s.  Time for last 10,000:    0s.  Last read position: 11:60,142,538
INFO	2018-05-27 09:55:36	MergeVcfs	Processed     3,280,000 records.  Elapsed time: 00:00:37s.  Time for last 10,000:    0s.  Last read position: 11:67,122,483
INFO	2018-05-27 09:55:36	MergeVcfs	Processed     3,290,000 records.  Elapsed time: 00:00:37s.  Time for last 10,000:    0s.  Last read position: 11:72,246,218
INFO	2018-05-27 09:55:36	MergeVcfs	Processed     3,300,000 records.  Elapsed time: 00:00:37s.  Time for last 10,000:    0s.  Last read position: 11:78,340,863
INFO	2018-05-27 09:55:36	MergeVcfs	Processed     3,310,000 records.  Elapsed time: 00:00:37s.  Time for last 10,000:    0s.  Last read position: 11:83,515,790
INFO	2018-05-27 09:55:36	MergeVcfs	Processed     3,320,000 records.  Elapsed time: 00:00:37s.  Time for last 10,000:    0s.  Last read position: 11:89,540,598
INFO	2018-05-27 09:55:36	MergeVcfs	Processed     3,330,000 records.  Elapsed time: 00:00:37s.  Time for last 10,000:    0s.  Last read position: 11:94,618,795
INFO	2018-05-27 09:55:37	MergeVcfs	Processed     3,340,000 records.  Elapsed time: 00:00:37s.  Time for last 10,000:    0s.  Last read position: 11:99,618,725
INFO	2018-05-27 09:55:37	MergeVcfs	Processed     3,350,000 records.  Elapsed time: 00:00:38s.  Time for last 10,000:    0s.  Last read position: 11:104,738,120
INFO	2018-05-27 09:55:37	MergeVcfs	Processed     3,360,000 records.  Elapsed time: 00:00:38s.  Time for last 10,000:    0s.  Last read position: 11:110,665,914
INFO	2018-05-27 09:55:37	MergeVcfs	Processed     3,370,000 records.  Elapsed time: 00:00:38s.  Time for last 10,000:    0s.  Last read position: 11:117,016,824
INFO	2018-05-27 09:55:37	MergeVcfs	Processed     3,380,000 records.  Elapsed time: 00:00:38s.  Time for last 10,000:    0s.  Last read position: 11:122,822,868
INFO	2018-05-27 09:55:37	MergeVcfs	Processed     3,390,000 records.  Elapsed time: 00:00:38s.  Time for last 10,000:    0s.  Last read position: 11:127,908,998
INFO	2018-05-27 09:55:37	MergeVcfs	Processed     3,400,000 records.  Elapsed time: 00:00:38s.  Time for last 10,000:    0s.  Last read position: 11:133,552,112
INFO	2018-05-27 09:55:37	MergeVcfs	Processed     3,410,000 records.  Elapsed time: 00:00:38s.  Time for last 10,000:    0s.  Last read position: 12:3,513,064
INFO	2018-05-27 09:55:38	MergeVcfs	Processed     3,420,000 records.  Elapsed time: 00:00:38s.  Time for last 10,000:    0s.  Last read position: 12:8,491,901
INFO	2018-05-27 09:55:38	MergeVcfs	Processed     3,430,000 records.  Elapsed time: 00:00:39s.  Time for last 10,000:    0s.  Last read position: 12:12,911,393
INFO	2018-05-27 09:55:38	MergeVcfs	Processed     3,440,000 records.  Elapsed time: 00:00:39s.  Time for last 10,000:    0s.  Last read position: 12:19,024,595
INFO	2018-05-27 09:55:38	MergeVcfs	Processed     3,450,000 records.  Elapsed time: 00:00:39s.  Time for last 10,000:    0s.  Last read position: 12:24,954,745
INFO	2018-05-27 09:55:38	MergeVcfs	Processed     3,460,000 records.  Elapsed time: 00:00:39s.  Time for last 10,000:    0s.  Last read position: 12:30,428,797
INFO	2018-05-27 09:55:38	MergeVcfs	Processed     3,470,000 records.  Elapsed time: 00:00:39s.  Time for last 10,000:    0s.  Last read position: 12:34,731,822
INFO	2018-05-27 09:55:38	MergeVcfs	Processed     3,480,000 records.  Elapsed time: 00:00:39s.  Time for last 10,000:    0s.  Last read position: 12:43,068,728
INFO	2018-05-27 09:55:38	MergeVcfs	Processed     3,490,000 records.  Elapsed time: 00:00:39s.  Time for last 10,000:    0s.  Last read position: 12:49,993,678
INFO	2018-05-27 09:55:39	MergeVcfs	Processed     3,500,000 records.  Elapsed time: 00:00:39s.  Time for last 10,000:    0s.  Last read position: 12:56,033,544
INFO	2018-05-27 09:55:39	MergeVcfs	Processed     3,510,000 records.  Elapsed time: 00:00:40s.  Time for last 10,000:    0s.  Last read position: 12:62,818,245
INFO	2018-05-27 09:55:39	MergeVcfs	Processed     3,520,000 records.  Elapsed time: 00:00:40s.  Time for last 10,000:    0s.  Last read position: 12:68,979,625
INFO	2018-05-27 09:55:39	MergeVcfs	Processed     3,530,000 records.  Elapsed time: 00:00:40s.  Time for last 10,000:    0s.  Last read position: 12:75,492,700
INFO	2018-05-27 09:55:39	MergeVcfs	Processed     3,540,000 records.  Elapsed time: 00:00:40s.  Time for last 10,000:    0s.  Last read position: 12:82,178,079
INFO	2018-05-27 09:55:39	MergeVcfs	Processed     3,550,000 records.  Elapsed time: 00:00:40s.  Time for last 10,000:    0s.  Last read position: 12:89,114,223
INFO	2018-05-27 09:55:39	MergeVcfs	Processed     3,560,000 records.  Elapsed time: 00:00:40s.  Time for last 10,000:    0s.  Last read position: 12:95,353,290
INFO	2018-05-27 09:55:39	MergeVcfs	Processed     3,570,000 records.  Elapsed time: 00:00:40s.  Time for last 10,000:    0s.  Last read position: 12:101,937,749
INFO	2018-05-27 09:55:39	MergeVcfs	Processed     3,580,000 records.  Elapsed time: 00:00:40s.  Time for last 10,000:    0s.  Last read position: 12:107,939,166
INFO	2018-05-27 09:55:39	MergeVcfs	Processed     3,590,000 records.  Elapsed time: 00:00:40s.  Time for last 10,000:    0s.  Last read position: 12:114,949,327
INFO	2018-05-27 09:55:40	MergeVcfs	Processed     3,600,000 records.  Elapsed time: 00:00:40s.  Time for last 10,000:    0s.  Last read position: 12:120,437,431
INFO	2018-05-27 09:55:40	MergeVcfs	Processed     3,610,000 records.  Elapsed time: 00:00:41s.  Time for last 10,000:    0s.  Last read position: 12:126,302,532
INFO	2018-05-27 09:55:40	MergeVcfs	Processed     3,620,000 records.  Elapsed time: 00:00:41s.  Time for last 10,000:    0s.  Last read position: 12:130,139,791
INFO	2018-05-27 09:55:40	MergeVcfs	Processed     3,630,000 records.  Elapsed time: 00:00:41s.  Time for last 10,000:    0s.  Last read position: 13:19,667,149
INFO	2018-05-27 09:55:40	MergeVcfs	Processed     3,640,000 records.  Elapsed time: 00:00:41s.  Time for last 10,000:    0s.  Last read position: 13:23,820,510
INFO	2018-05-27 09:55:40	MergeVcfs	Processed     3,650,000 records.  Elapsed time: 00:00:41s.  Time for last 10,000:    0s.  Last read position: 13:28,315,618
INFO	2018-05-27 09:55:40	MergeVcfs	Processed     3,660,000 records.  Elapsed time: 00:00:41s.  Time for last 10,000:    0s.  Last read position: 13:33,534,899
INFO	2018-05-27 09:55:40	MergeVcfs	Processed     3,670,000 records.  Elapsed time: 00:00:41s.  Time for last 10,000:    0s.  Last read position: 13:38,947,248
INFO	2018-05-27 09:55:40	MergeVcfs	Processed     3,680,000 records.  Elapsed time: 00:00:41s.  Time for last 10,000:    0s.  Last read position: 13:44,923,165
INFO	2018-05-27 09:55:40	MergeVcfs	Processed     3,690,000 records.  Elapsed time: 00:00:41s.  Time for last 10,000:    0s.  Last read position: 13:51,000,293
INFO	2018-05-27 09:55:41	MergeVcfs	Processed     3,700,000 records.  Elapsed time: 00:00:41s.  Time for last 10,000:    0s.  Last read position: 13:57,199,663
INFO	2018-05-27 09:55:41	MergeVcfs	Processed     3,710,000 records.  Elapsed time: 00:00:42s.  Time for last 10,000:    0s.  Last read position: 13:63,029,040
INFO	2018-05-27 09:55:41	MergeVcfs	Processed     3,720,000 records.  Elapsed time: 00:00:42s.  Time for last 10,000:    0s.  Last read position: 13:69,528,289
INFO	2018-05-27 09:55:41	MergeVcfs	Processed     3,730,000 records.  Elapsed time: 00:00:42s.  Time for last 10,000:    0s.  Last read position: 13:74,490,353
INFO	2018-05-27 09:55:41	MergeVcfs	Processed     3,740,000 records.  Elapsed time: 00:00:42s.  Time for last 10,000:    0s.  Last read position: 13:80,240,686
INFO	2018-05-27 09:55:41	MergeVcfs	Processed     3,750,000 records.  Elapsed time: 00:00:42s.  Time for last 10,000:    0s.  Last read position: 13:86,318,505
INFO	2018-05-27 09:55:41	MergeVcfs	Processed     3,760,000 records.  Elapsed time: 00:00:42s.  Time for last 10,000:    0s.  Last read position: 13:91,796,973
INFO	2018-05-27 09:55:41	MergeVcfs	Processed     3,770,000 records.  Elapsed time: 00:00:42s.  Time for last 10,000:    0s.  Last read position: 13:97,120,313
INFO	2018-05-27 09:55:41	MergeVcfs	Processed     3,780,000 records.  Elapsed time: 00:00:42s.  Time for last 10,000:    0s.  Last read position: 13:102,600,157
INFO	2018-05-27 09:55:42	MergeVcfs	Processed     3,790,000 records.  Elapsed time: 00:00:42s.  Time for last 10,000:    0s.  Last read position: 13:106,872,399
INFO	2018-05-27 09:55:42	MergeVcfs	Processed     3,800,000 records.  Elapsed time: 00:00:42s.  Time for last 10,000:    0s.  Last read position: 13:111,476,294
INFO	2018-05-27 09:55:42	MergeVcfs	Processed     3,810,000 records.  Elapsed time: 00:00:43s.  Time for last 10,000:    0s.  Last read position: 14:21,229,652
INFO	2018-05-27 09:55:42	MergeVcfs	Processed     3,820,000 records.  Elapsed time: 00:00:43s.  Time for last 10,000:    0s.  Last read position: 14:25,886,222
INFO	2018-05-27 09:55:42	MergeVcfs	Processed     3,830,000 records.  Elapsed time: 00:00:43s.  Time for last 10,000:    0s.  Last read position: 14:32,419,032
INFO	2018-05-27 09:55:42	MergeVcfs	Processed     3,840,000 records.  Elapsed time: 00:00:43s.  Time for last 10,000:    0s.  Last read position: 14:37,645,575
INFO	2018-05-27 09:55:42	MergeVcfs	Processed     3,850,000 records.  Elapsed time: 00:00:43s.  Time for last 10,000:    0s.  Last read position: 14:42,751,291
INFO	2018-05-27 09:55:42	MergeVcfs	Processed     3,860,000 records.  Elapsed time: 00:00:43s.  Time for last 10,000:    0s.  Last read position: 14:48,549,336
INFO	2018-05-27 09:55:42	MergeVcfs	Processed     3,870,000 records.  Elapsed time: 00:00:43s.  Time for last 10,000:    0s.  Last read position: 14:53,988,172
INFO	2018-05-27 09:55:42	MergeVcfs	Processed     3,880,000 records.  Elapsed time: 00:00:43s.  Time for last 10,000:    0s.  Last read position: 14:59,891,226
INFO	2018-05-27 09:55:43	MergeVcfs	Processed     3,890,000 records.  Elapsed time: 00:00:43s.  Time for last 10,000:    0s.  Last read position: 14:66,328,554
INFO	2018-05-27 09:55:43	MergeVcfs	Processed     3,900,000 records.  Elapsed time: 00:00:43s.  Time for last 10,000:    0s.  Last read position: 14:73,512,371
INFO	2018-05-27 09:55:43	MergeVcfs	Processed     3,910,000 records.  Elapsed time: 00:00:44s.  Time for last 10,000:    0s.  Last read position: 14:79,585,112
INFO	2018-05-27 09:55:43	MergeVcfs	Processed     3,920,000 records.  Elapsed time: 00:00:44s.  Time for last 10,000:    0s.  Last read position: 14:85,871,221
INFO	2018-05-27 09:55:43	MergeVcfs	Processed     3,930,000 records.  Elapsed time: 00:00:44s.  Time for last 10,000:    0s.  Last read position: 14:91,231,256
INFO	2018-05-27 09:55:43	MergeVcfs	Processed     3,940,000 records.  Elapsed time: 00:00:44s.  Time for last 10,000:    0s.  Last read position: 14:96,094,690
INFO	2018-05-27 09:55:43	MergeVcfs	Processed     3,950,000 records.  Elapsed time: 00:00:44s.  Time for last 10,000:    0s.  Last read position: 14:101,215,898
INFO	2018-05-27 09:55:43	MergeVcfs	Processed     3,960,000 records.  Elapsed time: 00:00:44s.  Time for last 10,000:    0s.  Last read position: 14:106,369,927
INFO	2018-05-27 09:55:43	MergeVcfs	Processed     3,970,000 records.  Elapsed time: 00:00:44s.  Time for last 10,000:    0s.  Last read position: 15:24,643,123
INFO	2018-05-27 09:55:43	MergeVcfs	Processed     3,980,000 records.  Elapsed time: 00:00:44s.  Time for last 10,000:    0s.  Last read position: 15:29,506,306
INFO	2018-05-27 09:55:44	MergeVcfs	Processed     3,990,000 records.  Elapsed time: 00:00:44s.  Time for last 10,000:    0s.  Last read position: 15:35,241,504
INFO	2018-05-27 09:55:44	MergeVcfs	Processed     4,000,000 records.  Elapsed time: 00:00:44s.  Time for last 10,000:    0s.  Last read position: 15:41,227,050
INFO	2018-05-27 09:55:44	MergeVcfs	Processed     4,010,000 records.  Elapsed time: 00:00:45s.  Time for last 10,000:    0s.  Last read position: 15:47,614,737
INFO	2018-05-27 09:55:44	MergeVcfs	Processed     4,020,000 records.  Elapsed time: 00:00:45s.  Time for last 10,000:    0s.  Last read position: 15:53,791,556
INFO	2018-05-27 09:55:44	MergeVcfs	Processed     4,030,000 records.  Elapsed time: 00:00:45s.  Time for last 10,000:    0s.  Last read position: 15:58,784,800
INFO	2018-05-27 09:55:44	MergeVcfs	Processed     4,040,000 records.  Elapsed time: 00:00:45s.  Time for last 10,000:    0s.  Last read position: 15:63,824,490
INFO	2018-05-27 09:55:44	MergeVcfs	Processed     4,050,000 records.  Elapsed time: 00:00:45s.  Time for last 10,000:    0s.  Last read position: 15:70,508,640
INFO	2018-05-27 09:55:44	MergeVcfs	Processed     4,060,000 records.  Elapsed time: 00:00:45s.  Time for last 10,000:    0s.  Last read position: 15:77,823,013
INFO	2018-05-27 09:55:44	MergeVcfs	Processed     4,070,000 records.  Elapsed time: 00:00:45s.  Time for last 10,000:    0s.  Last read position: 15:84,332,083
INFO	2018-05-27 09:55:44	MergeVcfs	Processed     4,080,000 records.  Elapsed time: 00:00:45s.  Time for last 10,000:    0s.  Last read position: 15:90,067,910
INFO	2018-05-27 09:55:45	MergeVcfs	Processed     4,090,000 records.  Elapsed time: 00:00:45s.  Time for last 10,000:    0s.  Last read position: 15:94,672,202
INFO	2018-05-27 09:55:45	MergeVcfs	Processed     4,100,000 records.  Elapsed time: 00:00:45s.  Time for last 10,000:    0s.  Last read position: 15:99,600,788
INFO	2018-05-27 09:55:45	MergeVcfs	Processed     4,110,000 records.  Elapsed time: 00:00:46s.  Time for last 10,000:    0s.  Last read position: 16:929,711
INFO	2018-05-27 09:55:45	MergeVcfs	Processed     4,120,000 records.  Elapsed time: 00:00:46s.  Time for last 10,000:    0s.  Last read position: 16:5,613,170
INFO	2018-05-27 09:55:45	MergeVcfs	Processed     4,130,000 records.  Elapsed time: 00:00:46s.  Time for last 10,000:    0s.  Last read position: 16:8,388,933
INFO	2018-05-27 09:55:45	MergeVcfs	Processed     4,140,000 records.  Elapsed time: 00:00:46s.  Time for last 10,000:    0s.  Last read position: 16:11,748,837
INFO	2018-05-27 09:55:45	MergeVcfs	Processed     4,150,000 records.  Elapsed time: 00:00:46s.  Time for last 10,000:    0s.  Last read position: 16:17,529,621
INFO	2018-05-27 09:55:45	MergeVcfs	Processed     4,160,000 records.  Elapsed time: 00:00:46s.  Time for last 10,000:    0s.  Last read position: 16:24,326,539
INFO	2018-05-27 09:55:45	MergeVcfs	Processed     4,170,000 records.  Elapsed time: 00:00:46s.  Time for last 10,000:    0s.  Last read position: 16:30,014,034
INFO	2018-05-27 09:55:45	MergeVcfs	Processed     4,180,000 records.  Elapsed time: 00:00:46s.  Time for last 10,000:    0s.  Last read position: 16:50,604,474
INFO	2018-05-27 09:55:46	MergeVcfs	Processed     4,190,000 records.  Elapsed time: 00:00:46s.  Time for last 10,000:    0s.  Last read position: 16:56,172,540
INFO	2018-05-27 09:55:46	MergeVcfs	Processed     4,200,000 records.  Elapsed time: 00:00:47s.  Time for last 10,000:    0s.  Last read position: 16:61,571,346
INFO	2018-05-27 09:55:46	MergeVcfs	Processed     4,210,000 records.  Elapsed time: 00:00:47s.  Time for last 10,000:    0s.  Last read position: 16:67,948,956
INFO	2018-05-27 09:55:46	MergeVcfs	Processed     4,220,000 records.  Elapsed time: 00:00:47s.  Time for last 10,000:    0s.  Last read position: 16:74,912,947
INFO	2018-05-27 09:55:46	MergeVcfs	Processed     4,230,000 records.  Elapsed time: 00:00:47s.  Time for last 10,000:    0s.  Last read position: 16:78,860,748
INFO	2018-05-27 09:55:46	MergeVcfs	Processed     4,240,000 records.  Elapsed time: 00:00:47s.  Time for last 10,000:    0s.  Last read position: 16:82,482,458
INFO	2018-05-27 09:55:46	MergeVcfs	Processed     4,250,000 records.  Elapsed time: 00:00:47s.  Time for last 10,000:    0s.  Last read position: 16:85,579,023
INFO	2018-05-27 09:55:46	MergeVcfs	Processed     4,260,000 records.  Elapsed time: 00:00:47s.  Time for last 10,000:    0s.  Last read position: 16:89,154,265
INFO	2018-05-27 09:55:46	MergeVcfs	Processed     4,270,000 records.  Elapsed time: 00:00:47s.  Time for last 10,000:    0s.  Last read position: 17:3,407,095
INFO	2018-05-27 09:55:46	MergeVcfs	Processed     4,280,000 records.  Elapsed time: 00:00:47s.  Time for last 10,000:    0s.  Last read position: 17:8,118,875
INFO	2018-05-27 09:55:47	MergeVcfs	Processed     4,290,000 records.  Elapsed time: 00:00:47s.  Time for last 10,000:    0s.  Last read position: 17:12,874,547
INFO	2018-05-27 09:55:47	MergeVcfs	Processed     4,300,000 records.  Elapsed time: 00:00:48s.  Time for last 10,000:    0s.  Last read position: 17:18,124,743
INFO	2018-05-27 09:55:47	MergeVcfs	Processed     4,310,000 records.  Elapsed time: 00:00:48s.  Time for last 10,000:    0s.  Last read position: 17:28,970,554
INFO	2018-05-27 09:55:47	MergeVcfs	Processed     4,320,000 records.  Elapsed time: 00:00:48s.  Time for last 10,000:    0s.  Last read position: 17:34,977,816
INFO	2018-05-27 09:55:47	MergeVcfs	Processed     4,330,000 records.  Elapsed time: 00:00:48s.  Time for last 10,000:    0s.  Last read position: 17:40,923,946
INFO	2018-05-27 09:55:47	MergeVcfs	Processed     4,340,000 records.  Elapsed time: 00:00:48s.  Time for last 10,000:    0s.  Last read position: 17:48,356,768
INFO	2018-05-27 09:55:47	MergeVcfs	Processed     4,350,000 records.  Elapsed time: 00:00:48s.  Time for last 10,000:    0s.  Last read position: 17:53,615,753
INFO	2018-05-27 09:55:47	MergeVcfs	Processed     4,360,000 records.  Elapsed time: 00:00:48s.  Time for last 10,000:    0s.  Last read position: 17:59,943,559
INFO	2018-05-27 09:55:47	MergeVcfs	Processed     4,370,000 records.  Elapsed time: 00:00:48s.  Time for last 10,000:    0s.  Last read position: 17:65,723,016
INFO	2018-05-27 09:55:47	MergeVcfs	Processed     4,380,000 records.  Elapsed time: 00:00:48s.  Time for last 10,000:    0s.  Last read position: 17:71,113,738
INFO	2018-05-27 09:55:48	MergeVcfs	Processed     4,390,000 records.  Elapsed time: 00:00:48s.  Time for last 10,000:    0s.  Last read position: 17:75,556,717
INFO	2018-05-27 09:55:48	MergeVcfs	Processed     4,400,000 records.  Elapsed time: 00:00:48s.  Time for last 10,000:    0s.  Last read position: 17:80,138,056
INFO	2018-05-27 09:55:48	MergeVcfs	Processed     4,410,000 records.  Elapsed time: 00:00:49s.  Time for last 10,000:    0s.  Last read position: 18:3,250,367
INFO	2018-05-27 09:55:48	MergeVcfs	Processed     4,420,000 records.  Elapsed time: 00:00:49s.  Time for last 10,000:    0s.  Last read position: 18:7,696,402
INFO	2018-05-27 09:55:48	MergeVcfs	Processed     4,430,000 records.  Elapsed time: 00:00:49s.  Time for last 10,000:    0s.  Last read position: 18:12,139,705
INFO	2018-05-27 09:55:48	MergeVcfs	Processed     4,440,000 records.  Elapsed time: 00:00:49s.  Time for last 10,000:    0s.  Last read position: 18:20,932,878
INFO	2018-05-27 09:55:48	MergeVcfs	Processed     4,450,000 records.  Elapsed time: 00:00:49s.  Time for last 10,000:    0s.  Last read position: 18:27,006,393
INFO	2018-05-27 09:55:48	MergeVcfs	Processed     4,460,000 records.  Elapsed time: 00:00:49s.  Time for last 10,000:    0s.  Last read position: 18:33,664,724
INFO	2018-05-27 09:55:48	MergeVcfs	Processed     4,470,000 records.  Elapsed time: 00:00:49s.  Time for last 10,000:    0s.  Last read position: 18:40,470,391
INFO	2018-05-27 09:55:48	MergeVcfs	Processed     4,480,000 records.  Elapsed time: 00:00:49s.  Time for last 10,000:    0s.  Last read position: 18:47,040,780
INFO	2018-05-27 09:55:49	MergeVcfs	Processed     4,490,000 records.  Elapsed time: 00:00:49s.  Time for last 10,000:    0s.  Last read position: 18:52,388,332
INFO	2018-05-27 09:55:49	MergeVcfs	Processed     4,500,000 records.  Elapsed time: 00:00:49s.  Time for last 10,000:    0s.  Last read position: 18:58,088,946
INFO	2018-05-27 09:55:49	MergeVcfs	Processed     4,510,000 records.  Elapsed time: 00:00:50s.  Time for last 10,000:    0s.  Last read position: 18:63,478,411
INFO	2018-05-27 09:55:49	MergeVcfs	Processed     4,520,000 records.  Elapsed time: 00:00:50s.  Time for last 10,000:    0s.  Last read position: 18:68,384,333
INFO	2018-05-27 09:55:49	MergeVcfs	Processed     4,530,000 records.  Elapsed time: 00:00:50s.  Time for last 10,000:    0s.  Last read position: 18:73,072,779
INFO	2018-05-27 09:55:49	MergeVcfs	Processed     4,540,000 records.  Elapsed time: 00:00:50s.  Time for last 10,000:    0s.  Last read position: 18:77,489,622
INFO	2018-05-27 09:55:49	MergeVcfs	Processed     4,550,000 records.  Elapsed time: 00:00:50s.  Time for last 10,000:    0s.  Last read position: 19:3,961,793
INFO	2018-05-27 09:55:49	MergeVcfs	Processed     4,560,000 records.  Elapsed time: 00:00:50s.  Time for last 10,000:    0s.  Last read position: 19:8,272,146
INFO	2018-05-27 09:55:49	MergeVcfs	Processed     4,570,000 records.  Elapsed time: 00:00:50s.  Time for last 10,000:    0s.  Last read position: 19:13,911,619
INFO	2018-05-27 09:55:49	MergeVcfs	Processed     4,580,000 records.  Elapsed time: 00:00:50s.  Time for last 10,000:    0s.  Last read position: 19:19,260,892
INFO	2018-05-27 09:55:49	MergeVcfs	Processed     4,590,000 records.  Elapsed time: 00:00:50s.  Time for last 10,000:    0s.  Last read position: 19:23,598,873
INFO	2018-05-27 09:55:50	MergeVcfs	Processed     4,600,000 records.  Elapsed time: 00:00:50s.  Time for last 10,000:    0s.  Last read position: 19:33,039,960
INFO	2018-05-27 09:55:50	MergeVcfs	Processed     4,610,000 records.  Elapsed time: 00:00:51s.  Time for last 10,000:    0s.  Last read position: 19:39,253,778
INFO	2018-05-27 09:55:50	MergeVcfs	Processed     4,620,000 records.  Elapsed time: 00:00:51s.  Time for last 10,000:    0s.  Last read position: 19:44,952,075
INFO	2018-05-27 09:55:50	MergeVcfs	Processed     4,630,000 records.  Elapsed time: 00:00:51s.  Time for last 10,000:    0s.  Last read position: 19:50,312,653
INFO	2018-05-27 09:55:50	MergeVcfs	Processed     4,640,000 records.  Elapsed time: 00:00:51s.  Time for last 10,000:    0s.  Last read position: 19:54,231,649
INFO	2018-05-27 09:55:50	MergeVcfs	Processed     4,650,000 records.  Elapsed time: 00:00:51s.  Time for last 10,000:    0s.  Last read position: 19:58,030,156
INFO	2018-05-27 09:55:50	MergeVcfs	Processed     4,660,000 records.  Elapsed time: 00:00:51s.  Time for last 10,000:    0s.  Last read position: 20:4,125,139
INFO	2018-05-27 09:55:50	MergeVcfs	Processed     4,670,000 records.  Elapsed time: 00:00:51s.  Time for last 10,000:    0s.  Last read position: 20:8,879,866
INFO	2018-05-27 09:55:50	MergeVcfs	Processed     4,680,000 records.  Elapsed time: 00:00:51s.  Time for last 10,000:    0s.  Last read position: 20:14,795,804
INFO	2018-05-27 09:55:50	MergeVcfs	Processed     4,690,000 records.  Elapsed time: 00:00:51s.  Time for last 10,000:    0s.  Last read position: 20:19,847,520
INFO	2018-05-27 09:55:51	MergeVcfs	Processed     4,700,000 records.  Elapsed time: 00:00:51s.  Time for last 10,000:    0s.  Last read position: 20:29,539,308
INFO	2018-05-27 09:55:51	MergeVcfs	Processed     4,710,000 records.  Elapsed time: 00:00:51s.  Time for last 10,000:    0s.  Last read position: 20:37,054,781
INFO	2018-05-27 09:55:51	MergeVcfs	Processed     4,720,000 records.  Elapsed time: 00:00:52s.  Time for last 10,000:    0s.  Last read position: 20:43,793,512
INFO	2018-05-27 09:55:51	MergeVcfs	Processed     4,730,000 records.  Elapsed time: 00:00:52s.  Time for last 10,000:    0s.  Last read position: 20:49,422,428
INFO	2018-05-27 09:55:51	MergeVcfs	Processed     4,740,000 records.  Elapsed time: 00:00:52s.  Time for last 10,000:    0s.  Last read position: 20:54,148,838
INFO	2018-05-27 09:55:51	MergeVcfs	Processed     4,750,000 records.  Elapsed time: 00:00:52s.  Time for last 10,000:    0s.  Last read position: 20:58,906,041
INFO	2018-05-27 09:55:51	MergeVcfs	Processed     4,760,000 records.  Elapsed time: 00:00:52s.  Time for last 10,000:    0s.  Last read position: 21:11,064,177
INFO	2018-05-27 09:55:51	MergeVcfs	Processed     4,770,000 records.  Elapsed time: 00:00:52s.  Time for last 10,000:    0s.  Last read position: 21:19,237,251
INFO	2018-05-27 09:55:51	MergeVcfs	Processed     4,780,000 records.  Elapsed time: 00:00:52s.  Time for last 10,000:    0s.  Last read position: 21:23,535,084
INFO	2018-05-27 09:55:51	MergeVcfs	Processed     4,790,000 records.  Elapsed time: 00:00:52s.  Time for last 10,000:    0s.  Last read position: 21:27,953,157
INFO	2018-05-27 09:55:52	MergeVcfs	Processed     4,800,000 records.  Elapsed time: 00:00:52s.  Time for last 10,000:    0s.  Last read position: 21:32,414,964
INFO	2018-05-27 09:55:52	MergeVcfs	Processed     4,810,000 records.  Elapsed time: 00:00:52s.  Time for last 10,000:    0s.  Last read position: 21:37,908,788
INFO	2018-05-27 09:55:52	MergeVcfs	Processed     4,820,000 records.  Elapsed time: 00:00:53s.  Time for last 10,000:    0s.  Last read position: 21:42,311,235
INFO	2018-05-27 09:55:52	MergeVcfs	Processed     4,830,000 records.  Elapsed time: 00:00:53s.  Time for last 10,000:    0s.  Last read position: 21:46,634,146
INFO	2018-05-27 09:55:52	MergeVcfs	Processed     4,840,000 records.  Elapsed time: 00:00:53s.  Time for last 10,000:    0s.  Last read position: 22:19,762,677
INFO	2018-05-27 09:55:52	MergeVcfs	Processed     4,850,000 records.  Elapsed time: 00:00:53s.  Time for last 10,000:    0s.  Last read position: 22:25,068,298
INFO	2018-05-27 09:55:52	MergeVcfs	Processed     4,860,000 records.  Elapsed time: 00:00:53s.  Time for last 10,000:    0s.  Last read position: 22:30,395,873
INFO	2018-05-27 09:55:52	MergeVcfs	Processed     4,870,000 records.  Elapsed time: 00:00:53s.  Time for last 10,000:    0s.  Last read position: 22:36,096,921
INFO	2018-05-27 09:55:52	MergeVcfs	Processed     4,880,000 records.  Elapsed time: 00:00:53s.  Time for last 10,000:    0s.  Last read position: 22:41,628,147
INFO	2018-05-27 09:55:52	MergeVcfs	Processed     4,890,000 records.  Elapsed time: 00:00:53s.  Time for last 10,000:    0s.  Last read position: 22:46,230,334
INFO	2018-05-27 09:55:52	MergeVcfs	Processed     4,900,000 records.  Elapsed time: 00:00:53s.  Time for last 10,000:    0s.  Last read position: 22:50,224,761
INFO	2018-05-27 09:55:53	MergeVcfs	Processed     4,910,000 records.  Elapsed time: 00:00:53s.  Time for last 10,000:    0s.  Last read position: X:2,144,736
INFO	2018-05-27 09:55:53	MergeVcfs	Processed     4,920,000 records.  Elapsed time: 00:00:54s.  Time for last 10,000:    0s.  Last read position: X:9,878,970
INFO	2018-05-27 09:55:53	MergeVcfs	Processed     4,930,000 records.  Elapsed time: 00:00:54s.  Time for last 10,000:    0s.  Last read position: X:22,601,605
INFO	2018-05-27 09:55:53	MergeVcfs	Processed     4,940,000 records.  Elapsed time: 00:00:54s.  Time for last 10,000:    0s.  Last read position: X:33,141,842
INFO	2018-05-27 09:55:53	MergeVcfs	Processed     4,950,000 records.  Elapsed time: 00:00:54s.  Time for last 10,000:    0s.  Last read position: X:46,630,920
INFO	2018-05-27 09:55:53	MergeVcfs	Processed     4,960,000 records.  Elapsed time: 00:00:54s.  Time for last 10,000:    0s.  Last read position: X:63,775,171
INFO	2018-05-27 09:55:53	MergeVcfs	Processed     4,970,000 records.  Elapsed time: 00:00:54s.  Time for last 10,000:    0s.  Last read position: X:76,859,588
INFO	2018-05-27 09:55:53	MergeVcfs	Processed     4,980,000 records.  Elapsed time: 00:00:54s.  Time for last 10,000:    0s.  Last read position: X:86,672,096
INFO	2018-05-27 09:55:53	MergeVcfs	Processed     4,990,000 records.  Elapsed time: 00:00:54s.  Time for last 10,000:    0s.  Last read position: X:95,549,923
INFO	2018-05-27 09:55:53	MergeVcfs	Processed     5,000,000 records.  Elapsed time: 00:00:54s.  Time for last 10,000:    0s.  Last read position: X:109,366,381
INFO	2018-05-27 09:55:54	MergeVcfs	Processed     5,010,000 records.  Elapsed time: 00:00:54s.  Time for last 10,000:    0s.  Last read position: X:119,812,210
INFO	2018-05-27 09:55:54	MergeVcfs	Processed     5,020,000 records.  Elapsed time: 00:00:54s.  Time for last 10,000:    0s.  Last read position: X:132,620,988
INFO	2018-05-27 09:55:54	MergeVcfs	Processed     5,030,000 records.  Elapsed time: 00:00:55s.  Time for last 10,000:    0s.  Last read position: X:144,371,633
[Sun May 27 09:55:56 UTC 2018] picard.vcf.MergeVcfs done. Elapsed time: 0.96 minutes.
Runtime.totalMemory()=314048512
Completed s01_sort_merge_NA19908_ddr_control_kgen.sh
Sun 27 May 09:55:56 UTC 2018

