Starting s01_select_HG02462_ddr_control_kgen.sh
Sat 26 May 21:06:35 UTC 2018

1000 Genomes Project Individual ID - DDR control genotype to be extracted - HG02462

Selecting DDR control individual genotype from 1000 Genome Project (Chromosome 1) ...
Sat 26 May 21:06:35 UTC 2018

Completed DDR control individual genotype from 1000 Genome Project (Chromosome 1)
Sat 26 May 21:34:00 UTC 2018

Selecting DDR control individual genotype from 1000 Genome Project (Chromosome 2) ...
Sat 26 May 21:34:00 UTC 2018

Completed DDR control individual genotype from 1000 Genome Project (Chromosome 2)
Sat 26 May 22:05:18 UTC 2018

Selecting DDR control individual genotype from 1000 Genome Project (Chromosome 3) ...
Sat 26 May 22:05:18 UTC 2018

Completed DDR control individual genotype from 1000 Genome Project (Chromosome 3)
Sat 26 May 22:30:02 UTC 2018

Selecting DDR control individual genotype from 1000 Genome Project (Chromosome 4) ...
Sat 26 May 22:30:02 UTC 2018

Completed DDR control individual genotype from 1000 Genome Project (Chromosome 4)
Sat 26 May 22:55:24 UTC 2018

Selecting DDR control individual genotype from 1000 Genome Project (Chromosome 5) ...
Sat 26 May 22:55:24 UTC 2018

Completed DDR control individual genotype from 1000 Genome Project (Chromosome 5)
Sat 26 May 23:18:18 UTC 2018

Selecting DDR control individual genotype from 1000 Genome Project (Chromosome 6) ...
Sat 26 May 23:18:18 UTC 2018

Completed DDR control individual genotype from 1000 Genome Project (Chromosome 6)
Sat 26 May 23:40:35 UTC 2018

Selecting DDR control individual genotype from 1000 Genome Project (Chromosome 7) ...
Sat 26 May 23:40:35 UTC 2018

Completed DDR control individual genotype from 1000 Genome Project (Chromosome 7)
Sun 27 May 00:00:35 UTC 2018

Selecting DDR control individual genotype from 1000 Genome Project (Chromosome 8) ...
Sun 27 May 00:00:35 UTC 2018

Completed DDR control individual genotype from 1000 Genome Project (Chromosome 8)
Sun 27 May 00:20:58 UTC 2018

Selecting DDR control individual genotype from 1000 Genome Project (Chromosome 9) ...
Sun 27 May 00:20:58 UTC 2018

Completed DDR control individual genotype from 1000 Genome Project (Chromosome 9)
Sun 27 May 00:36:25 UTC 2018

Selecting DDR control individual genotype from 1000 Genome Project (Chromosome 10) ...
Sun 27 May 00:36:25 UTC 2018

Completed DDR control individual genotype from 1000 Genome Project (Chromosome 10)
Sun 27 May 00:53:30 UTC 2018

Selecting DDR control individual genotype from 1000 Genome Project (Chromosome 11) ...
Sun 27 May 00:53:30 UTC 2018

Completed DDR control individual genotype from 1000 Genome Project (Chromosome 11)
Sun 27 May 01:11:11 UTC 2018

Selecting DDR control individual genotype from 1000 Genome Project (Chromosome 12) ...
Sun 27 May 01:11:11 UTC 2018

Completed DDR control individual genotype from 1000 Genome Project (Chromosome 12)
Sun 27 May 01:28:48 UTC 2018

Selecting DDR control individual genotype from 1000 Genome Project (Chromosome 13) ...
Sun 27 May 01:28:48 UTC 2018

Completed DDR control individual genotype from 1000 Genome Project (Chromosome 13)
Sun 27 May 01:41:08 UTC 2018

Selecting DDR control individual genotype from 1000 Genome Project (Chromosome 14) ...
Sun 27 May 01:41:08 UTC 2018

Completed DDR control individual genotype from 1000 Genome Project (Chromosome 14)
Sun 27 May 01:53:01 UTC 2018

Selecting DDR control individual genotype from 1000 Genome Project (Chromosome 15) ...
Sun 27 May 01:53:01 UTC 2018

Completed DDR control individual genotype from 1000 Genome Project (Chromosome 15)
Sun 27 May 02:03:50 UTC 2018

Selecting DDR control individual genotype from 1000 Genome Project (Chromosome 16) ...
Sun 27 May 02:03:50 UTC 2018

Completed DDR control individual genotype from 1000 Genome Project (Chromosome 16)
Sun 27 May 02:15:30 UTC 2018

Selecting DDR control individual genotype from 1000 Genome Project (Chromosome 17) ...
Sun 27 May 02:15:30 UTC 2018

Completed DDR control individual genotype from 1000 Genome Project (Chromosome 17)
Sun 27 May 02:25:55 UTC 2018

Selecting DDR control individual genotype from 1000 Genome Project (Chromosome 18) ...
Sun 27 May 02:25:55 UTC 2018

Completed DDR control individual genotype from 1000 Genome Project (Chromosome 18)
Sun 27 May 02:36:54 UTC 2018

Selecting DDR control individual genotype from 1000 Genome Project (Chromosome 19) ...
Sun 27 May 02:36:54 UTC 2018

Completed DDR control individual genotype from 1000 Genome Project (Chromosome 19)
Sun 27 May 02:45:11 UTC 2018

Selecting DDR control individual genotype from 1000 Genome Project (Chromosome 20) ...
Sun 27 May 02:45:11 UTC 2018

Completed DDR control individual genotype from 1000 Genome Project (Chromosome 20)
Sun 27 May 02:53:04 UTC 2018

Selecting DDR control individual genotype from 1000 Genome Project (Chromosome 21) ...
Sun 27 May 02:53:04 UTC 2018

Completed DDR control individual genotype from 1000 Genome Project (Chromosome 21)
Sun 27 May 02:57:52 UTC 2018

Selecting DDR control individual genotype from 1000 Genome Project (Chromosome 22) ...
Sun 27 May 02:57:52 UTC 2018

Completed DDR control individual genotype from 1000 Genome Project (Chromosome 22)
Sun 27 May 03:02:50 UTC 2018

Selecting DDR control individual genotype from 1000 Genome Project (Chromosome X) ...
Sun 27 May 03:02:50 UTC 2018

Completed DDR control individual genotype from 1000 Genome Project (Chromosome X)
Sun 27 May 03:18:12 UTC 2018


Merging DDR control individual genotype VCF files from 1000 Genome Project
Sun 27 May 03:18:12 UTC 2018
03:18:13.286 INFO  NativeLibraryLoader - Loading libgkl_compression.so from jar:file:/home/ec2-user/tools/picard/picard.jar!/com/intel/gkl/native/libgkl_compression.so
[Sun May 27 03:18:13 UTC 2018] MergeVcfs INPUT=[/home/ec2-user/results/data_analysis/gt_individuals/kgen/ddr_control/HG02462/s01_HG02462_ddr_control_kgen_chr1_raw.vcf, /home/ec2-user/results/data_analysis/gt_individuals/kgen/ddr_control/HG02462/s01_HG02462_ddr_control_kgen_chr2_raw.vcf, /home/ec2-user/results/data_analysis/gt_individuals/kgen/ddr_control/HG02462/s01_HG02462_ddr_control_kgen_chr3_raw.vcf, /home/ec2-user/results/data_analysis/gt_individuals/kgen/ddr_control/HG02462/s01_HG02462_ddr_control_kgen_chr4_raw.vcf, /home/ec2-user/results/data_analysis/gt_individuals/kgen/ddr_control/HG02462/s01_HG02462_ddr_control_kgen_chr5_raw.vcf, /home/ec2-user/results/data_analysis/gt_individuals/kgen/ddr_control/HG02462/s01_HG02462_ddr_control_kgen_chr6_raw.vcf, /home/ec2-user/results/data_analysis/gt_individuals/kgen/ddr_control/HG02462/s01_HG02462_ddr_control_kgen_chr7_raw.vcf, /home/ec2-user/results/data_analysis/gt_individuals/kgen/ddr_control/HG02462/s01_HG02462_ddr_control_kgen_chr8_raw.vcf, /home/ec2-user/results/data_analysis/gt_individuals/kgen/ddr_control/HG02462/s01_HG02462_ddr_control_kgen_chr9_raw.vcf, /home/ec2-user/results/data_analysis/gt_individuals/kgen/ddr_control/HG02462/s01_HG02462_ddr_control_kgen_chr10_raw.vcf, /home/ec2-user/results/data_analysis/gt_individuals/kgen/ddr_control/HG02462/s01_HG02462_ddr_control_kgen_chr11_raw.vcf, /home/ec2-user/results/data_analysis/gt_individuals/kgen/ddr_control/HG02462/s01_HG02462_ddr_control_kgen_chr12_raw.vcf, /home/ec2-user/results/data_analysis/gt_individuals/kgen/ddr_control/HG02462/s01_HG02462_ddr_control_kgen_chr13_raw.vcf, /home/ec2-user/results/data_analysis/gt_individuals/kgen/ddr_control/HG02462/s01_HG02462_ddr_control_kgen_chr14_raw.vcf, /home/ec2-user/results/data_analysis/gt_individuals/kgen/ddr_control/HG02462/s01_HG02462_ddr_control_kgen_chr15_raw.vcf, /home/ec2-user/results/data_analysis/gt_individuals/kgen/ddr_control/HG02462/s01_HG02462_ddr_control_kgen_chr16_raw.vcf, /home/ec2-user/results/data_analysis/gt_individuals/kgen/ddr_control/HG02462/s01_HG02462_ddr_control_kgen_chr17_raw.vcf, /home/ec2-user/results/data_analysis/gt_individuals/kgen/ddr_control/HG02462/s01_HG02462_ddr_control_kgen_chr18_raw.vcf, /home/ec2-user/results/data_analysis/gt_individuals/kgen/ddr_control/HG02462/s01_HG02462_ddr_control_kgen_chr19_raw.vcf, /home/ec2-user/results/data_analysis/gt_individuals/kgen/ddr_control/HG02462/s01_HG02462_ddr_control_kgen_chr20_raw.vcf, /home/ec2-user/results/data_analysis/gt_individuals/kgen/ddr_control/HG02462/s01_HG02462_ddr_control_kgen_chr21_raw.vcf, /home/ec2-user/results/data_analysis/gt_individuals/kgen/ddr_control/HG02462/s01_HG02462_ddr_control_kgen_chr22_raw.vcf, /home/ec2-user/results/data_analysis/gt_individuals/kgen/ddr_control/HG02462/s01_HG02462_ddr_control_kgen_chrX_raw.vcf] OUTPUT=/home/ec2-user/results/data_analysis/gt_individuals/kgen/ddr_control/HG02462/s01_HG02462_ddr_control_kgen_merged_raw.vcf.gz    VERBOSITY=INFO QUIET=false VALIDATION_STRINGENCY=STRICT COMPRESSION_LEVEL=5 MAX_RECORDS_IN_RAM=500000 CREATE_INDEX=true CREATE_MD5_FILE=false GA4GH_CLIENT_SECRETS=client_secrets.json USE_JDK_DEFLATER=false USE_JDK_INFLATER=false
[Sun May 27 03:18:13 UTC 2018] Executing as ec2-user@ip-172-31-42-132 on Linux 4.14.33-51.37.amzn1.x86_64 amd64; OpenJDK 64-Bit Server VM 1.8.0_171-b10; Deflater: Intel; Inflater: Intel; Provider GCS is not available; Picard version: 2.18.2-SNAPSHOT
INFO	2018-05-27 03:18:14	MergeVcfs	Processed        10,000 records.  Elapsed time: 00:00:01s.  Time for last 10,000:    0s.  Last read position: 1:5,369,117
INFO	2018-05-27 03:18:14	MergeVcfs	Processed        20,000 records.  Elapsed time: 00:00:01s.  Time for last 10,000:    0s.  Last read position: 1:10,543,664
INFO	2018-05-27 03:18:15	MergeVcfs	Processed        30,000 records.  Elapsed time: 00:00:01s.  Time for last 10,000:    0s.  Last read position: 1:16,152,065
INFO	2018-05-27 03:18:15	MergeVcfs	Processed        40,000 records.  Elapsed time: 00:00:02s.  Time for last 10,000:    0s.  Last read position: 1:21,256,774
INFO	2018-05-27 03:18:15	MergeVcfs	Processed        50,000 records.  Elapsed time: 00:00:02s.  Time for last 10,000:    0s.  Last read position: 1:26,589,052
INFO	2018-05-27 03:18:16	MergeVcfs	Processed        60,000 records.  Elapsed time: 00:00:02s.  Time for last 10,000:    0s.  Last read position: 1:33,110,460
INFO	2018-05-27 03:18:16	MergeVcfs	Processed        70,000 records.  Elapsed time: 00:00:02s.  Time for last 10,000:    0s.  Last read position: 1:40,287,819
INFO	2018-05-27 03:18:16	MergeVcfs	Processed        80,000 records.  Elapsed time: 00:00:03s.  Time for last 10,000:    0s.  Last read position: 1:47,193,577
INFO	2018-05-27 03:18:16	MergeVcfs	Processed        90,000 records.  Elapsed time: 00:00:03s.  Time for last 10,000:    0s.  Last read position: 1:54,874,311
INFO	2018-05-27 03:18:16	MergeVcfs	Processed       100,000 records.  Elapsed time: 00:00:03s.  Time for last 10,000:    0s.  Last read position: 1:60,366,303
INFO	2018-05-27 03:18:17	MergeVcfs	Processed       110,000 records.  Elapsed time: 00:00:03s.  Time for last 10,000:    0s.  Last read position: 1:66,088,084
INFO	2018-05-27 03:18:17	MergeVcfs	Processed       120,000 records.  Elapsed time: 00:00:04s.  Time for last 10,000:    0s.  Last read position: 1:72,884,848
INFO	2018-05-27 03:18:17	MergeVcfs	Processed       130,000 records.  Elapsed time: 00:00:04s.  Time for last 10,000:    0s.  Last read position: 1:78,595,362
INFO	2018-05-27 03:18:17	MergeVcfs	Processed       140,000 records.  Elapsed time: 00:00:04s.  Time for last 10,000:    0s.  Last read position: 1:83,755,103
INFO	2018-05-27 03:18:17	MergeVcfs	Processed       150,000 records.  Elapsed time: 00:00:04s.  Time for last 10,000:    0s.  Last read position: 1:90,228,667
INFO	2018-05-27 03:18:17	MergeVcfs	Processed       160,000 records.  Elapsed time: 00:00:04s.  Time for last 10,000:    0s.  Last read position: 1:96,023,683
INFO	2018-05-27 03:18:17	MergeVcfs	Processed       170,000 records.  Elapsed time: 00:00:04s.  Time for last 10,000:    0s.  Last read position: 1:102,827,861
INFO	2018-05-27 03:18:18	MergeVcfs	Processed       180,000 records.  Elapsed time: 00:00:04s.  Time for last 10,000:    0s.  Last read position: 1:107,872,062
INFO	2018-05-27 03:18:18	MergeVcfs	Processed       190,000 records.  Elapsed time: 00:00:04s.  Time for last 10,000:    0s.  Last read position: 1:113,766,775
INFO	2018-05-27 03:18:18	MergeVcfs	Processed       200,000 records.  Elapsed time: 00:00:04s.  Time for last 10,000:    0s.  Last read position: 1:119,607,193
INFO	2018-05-27 03:18:18	MergeVcfs	Processed       210,000 records.  Elapsed time: 00:00:05s.  Time for last 10,000:    0s.  Last read position: 1:151,533,943
INFO	2018-05-27 03:18:18	MergeVcfs	Processed       220,000 records.  Elapsed time: 00:00:05s.  Time for last 10,000:    0s.  Last read position: 1:157,650,799
INFO	2018-05-27 03:18:18	MergeVcfs	Processed       230,000 records.  Elapsed time: 00:00:05s.  Time for last 10,000:    0s.  Last read position: 1:163,133,163
INFO	2018-05-27 03:18:18	MergeVcfs	Processed       240,000 records.  Elapsed time: 00:00:05s.  Time for last 10,000:    0s.  Last read position: 1:168,902,072
INFO	2018-05-27 03:18:18	MergeVcfs	Processed       250,000 records.  Elapsed time: 00:00:05s.  Time for last 10,000:    0s.  Last read position: 1:174,984,380
INFO	2018-05-27 03:18:18	MergeVcfs	Processed       260,000 records.  Elapsed time: 00:00:05s.  Time for last 10,000:    0s.  Last read position: 1:180,808,650
INFO	2018-05-27 03:18:18	MergeVcfs	Processed       270,000 records.  Elapsed time: 00:00:05s.  Time for last 10,000:    0s.  Last read position: 1:186,740,990
INFO	2018-05-27 03:18:19	MergeVcfs	Processed       280,000 records.  Elapsed time: 00:00:05s.  Time for last 10,000:    0s.  Last read position: 1:191,607,237
INFO	2018-05-27 03:18:19	MergeVcfs	Processed       290,000 records.  Elapsed time: 00:00:05s.  Time for last 10,000:    0s.  Last read position: 1:197,744,098
INFO	2018-05-27 03:18:19	MergeVcfs	Processed       300,000 records.  Elapsed time: 00:00:05s.  Time for last 10,000:    0s.  Last read position: 1:203,877,354
INFO	2018-05-27 03:18:19	MergeVcfs	Processed       310,000 records.  Elapsed time: 00:00:06s.  Time for last 10,000:    0s.  Last read position: 1:210,364,981
INFO	2018-05-27 03:18:19	MergeVcfs	Processed       320,000 records.  Elapsed time: 00:00:06s.  Time for last 10,000:    0s.  Last read position: 1:216,877,312
INFO	2018-05-27 03:18:19	MergeVcfs	Processed       330,000 records.  Elapsed time: 00:00:06s.  Time for last 10,000:    0s.  Last read position: 1:222,348,744
INFO	2018-05-27 03:18:19	MergeVcfs	Processed       340,000 records.  Elapsed time: 00:00:06s.  Time for last 10,000:    0s.  Last read position: 1:227,504,303
INFO	2018-05-27 03:18:19	MergeVcfs	Processed       350,000 records.  Elapsed time: 00:00:06s.  Time for last 10,000:    0s.  Last read position: 1:233,049,183
INFO	2018-05-27 03:18:19	MergeVcfs	Processed       360,000 records.  Elapsed time: 00:00:06s.  Time for last 10,000:    0s.  Last read position: 1:237,609,846
INFO	2018-05-27 03:18:19	MergeVcfs	Processed       370,000 records.  Elapsed time: 00:00:06s.  Time for last 10,000:    0s.  Last read position: 1:242,202,362
INFO	2018-05-27 03:18:20	MergeVcfs	Processed       380,000 records.  Elapsed time: 00:00:06s.  Time for last 10,000:    0s.  Last read position: 1:246,776,965
INFO	2018-05-27 03:18:20	MergeVcfs	Processed       390,000 records.  Elapsed time: 00:00:06s.  Time for last 10,000:    0s.  Last read position: 2:1,454,641
INFO	2018-05-27 03:18:20	MergeVcfs	Processed       400,000 records.  Elapsed time: 00:00:07s.  Time for last 10,000:    0s.  Last read position: 2:5,853,260
INFO	2018-05-27 03:18:20	MergeVcfs	Processed       410,000 records.  Elapsed time: 00:00:07s.  Time for last 10,000:    0s.  Last read position: 2:10,620,573
INFO	2018-05-27 03:18:20	MergeVcfs	Processed       420,000 records.  Elapsed time: 00:00:07s.  Time for last 10,000:    0s.  Last read position: 2:15,207,738
INFO	2018-05-27 03:18:20	MergeVcfs	Processed       430,000 records.  Elapsed time: 00:00:07s.  Time for last 10,000:    0s.  Last read position: 2:21,181,809
INFO	2018-05-27 03:18:20	MergeVcfs	Processed       440,000 records.  Elapsed time: 00:00:07s.  Time for last 10,000:    0s.  Last read position: 2:28,383,841
INFO	2018-05-27 03:18:20	MergeVcfs	Processed       450,000 records.  Elapsed time: 00:00:07s.  Time for last 10,000:    0s.  Last read position: 2:33,644,811
INFO	2018-05-27 03:18:20	MergeVcfs	Processed       460,000 records.  Elapsed time: 00:00:07s.  Time for last 10,000:    0s.  Last read position: 2:38,069,839
INFO	2018-05-27 03:18:21	MergeVcfs	Processed       470,000 records.  Elapsed time: 00:00:07s.  Time for last 10,000:    0s.  Last read position: 2:42,653,072
INFO	2018-05-27 03:18:21	MergeVcfs	Processed       480,000 records.  Elapsed time: 00:00:07s.  Time for last 10,000:    0s.  Last read position: 2:47,248,111
INFO	2018-05-27 03:18:21	MergeVcfs	Processed       490,000 records.  Elapsed time: 00:00:07s.  Time for last 10,000:    0s.  Last read position: 2:52,810,543
INFO	2018-05-27 03:18:21	MergeVcfs	Processed       500,000 records.  Elapsed time: 00:00:08s.  Time for last 10,000:    0s.  Last read position: 2:57,940,605
INFO	2018-05-27 03:18:21	MergeVcfs	Processed       510,000 records.  Elapsed time: 00:00:08s.  Time for last 10,000:    0s.  Last read position: 2:64,902,869
INFO	2018-05-27 03:18:21	MergeVcfs	Processed       520,000 records.  Elapsed time: 00:00:08s.  Time for last 10,000:    0s.  Last read position: 2:70,197,347
INFO	2018-05-27 03:18:21	MergeVcfs	Processed       530,000 records.  Elapsed time: 00:00:08s.  Time for last 10,000:    0s.  Last read position: 2:75,997,859
INFO	2018-05-27 03:18:21	MergeVcfs	Processed       540,000 records.  Elapsed time: 00:00:08s.  Time for last 10,000:    0s.  Last read position: 2:80,891,931
INFO	2018-05-27 03:18:21	MergeVcfs	Processed       550,000 records.  Elapsed time: 00:00:08s.  Time for last 10,000:    0s.  Last read position: 2:86,955,436
INFO	2018-05-27 03:18:21	MergeVcfs	Processed       560,000 records.  Elapsed time: 00:00:08s.  Time for last 10,000:    0s.  Last read position: 2:100,989,120
INFO	2018-05-27 03:18:22	MergeVcfs	Processed       570,000 records.  Elapsed time: 00:00:08s.  Time for last 10,000:    0s.  Last read position: 2:106,889,713
INFO	2018-05-27 03:18:22	MergeVcfs	Processed       580,000 records.  Elapsed time: 00:00:08s.  Time for last 10,000:    0s.  Last read position: 2:113,897,935
INFO	2018-05-27 03:18:22	MergeVcfs	Processed       590,000 records.  Elapsed time: 00:00:08s.  Time for last 10,000:    0s.  Last read position: 2:119,744,358
INFO	2018-05-27 03:18:22	MergeVcfs	Processed       600,000 records.  Elapsed time: 00:00:09s.  Time for last 10,000:    0s.  Last read position: 2:125,171,890
INFO	2018-05-27 03:18:22	MergeVcfs	Processed       610,000 records.  Elapsed time: 00:00:09s.  Time for last 10,000:    0s.  Last read position: 2:131,067,852
INFO	2018-05-27 03:18:22	MergeVcfs	Processed       620,000 records.  Elapsed time: 00:00:09s.  Time for last 10,000:    0s.  Last read position: 2:136,817,252
INFO	2018-05-27 03:18:22	MergeVcfs	Processed       630,000 records.  Elapsed time: 00:00:09s.  Time for last 10,000:    0s.  Last read position: 2:142,231,979
INFO	2018-05-27 03:18:22	MergeVcfs	Processed       640,000 records.  Elapsed time: 00:00:09s.  Time for last 10,000:    0s.  Last read position: 2:149,978,914
INFO	2018-05-27 03:18:22	MergeVcfs	Processed       650,000 records.  Elapsed time: 00:00:09s.  Time for last 10,000:    0s.  Last read position: 2:156,587,210
INFO	2018-05-27 03:18:22	MergeVcfs	Processed       660,000 records.  Elapsed time: 00:00:09s.  Time for last 10,000:    0s.  Last read position: 2:163,634,174
INFO	2018-05-27 03:18:23	MergeVcfs	Processed       670,000 records.  Elapsed time: 00:00:09s.  Time for last 10,000:    0s.  Last read position: 2:169,538,029
INFO	2018-05-27 03:18:23	MergeVcfs	Processed       680,000 records.  Elapsed time: 00:00:09s.  Time for last 10,000:    0s.  Last read position: 2:175,077,879
INFO	2018-05-27 03:18:23	MergeVcfs	Processed       690,000 records.  Elapsed time: 00:00:09s.  Time for last 10,000:    0s.  Last read position: 2:181,614,866
INFO	2018-05-27 03:18:23	MergeVcfs	Processed       700,000 records.  Elapsed time: 00:00:10s.  Time for last 10,000:    0s.  Last read position: 2:187,890,263
INFO	2018-05-27 03:18:23	MergeVcfs	Processed       710,000 records.  Elapsed time: 00:00:10s.  Time for last 10,000:    0s.  Last read position: 2:194,519,644
INFO	2018-05-27 03:18:23	MergeVcfs	Processed       720,000 records.  Elapsed time: 00:00:10s.  Time for last 10,000:    0s.  Last read position: 2:200,840,612
INFO	2018-05-27 03:18:23	MergeVcfs	Processed       730,000 records.  Elapsed time: 00:00:10s.  Time for last 10,000:    0s.  Last read position: 2:208,088,987
INFO	2018-05-27 03:18:23	MergeVcfs	Processed       740,000 records.  Elapsed time: 00:00:10s.  Time for last 10,000:    0s.  Last read position: 2:213,119,906
INFO	2018-05-27 03:18:23	MergeVcfs	Processed       750,000 records.  Elapsed time: 00:00:10s.  Time for last 10,000:    0s.  Last read position: 2:218,427,094
INFO	2018-05-27 03:18:23	MergeVcfs	Processed       760,000 records.  Elapsed time: 00:00:10s.  Time for last 10,000:    0s.  Last read position: 2:224,209,116
INFO	2018-05-27 03:18:24	MergeVcfs	Processed       770,000 records.  Elapsed time: 00:00:10s.  Time for last 10,000:    0s.  Last read position: 2:229,126,727
INFO	2018-05-27 03:18:24	MergeVcfs	Processed       780,000 records.  Elapsed time: 00:00:10s.  Time for last 10,000:    0s.  Last read position: 2:234,704,150
INFO	2018-05-27 03:18:24	MergeVcfs	Processed       790,000 records.  Elapsed time: 00:00:10s.  Time for last 10,000:    0s.  Last read position: 2:239,195,117
INFO	2018-05-27 03:18:24	MergeVcfs	Processed       800,000 records.  Elapsed time: 00:00:11s.  Time for last 10,000:    0s.  Last read position: 3:814,735
INFO	2018-05-27 03:18:24	MergeVcfs	Processed       810,000 records.  Elapsed time: 00:00:11s.  Time for last 10,000:    0s.  Last read position: 3:4,193,221
INFO	2018-05-27 03:18:24	MergeVcfs	Processed       820,000 records.  Elapsed time: 00:00:11s.  Time for last 10,000:    0s.  Last read position: 3:8,203,515
INFO	2018-05-27 03:18:24	MergeVcfs	Processed       830,000 records.  Elapsed time: 00:00:11s.  Time for last 10,000:    0s.  Last read position: 3:13,124,993
INFO	2018-05-27 03:18:24	MergeVcfs	Processed       840,000 records.  Elapsed time: 00:00:11s.  Time for last 10,000:    0s.  Last read position: 3:19,052,860
INFO	2018-05-27 03:18:24	MergeVcfs	Processed       850,000 records.  Elapsed time: 00:00:11s.  Time for last 10,000:    0s.  Last read position: 3:23,805,029
INFO	2018-05-27 03:18:24	MergeVcfs	Processed       860,000 records.  Elapsed time: 00:00:11s.  Time for last 10,000:    0s.  Last read position: 3:29,256,191
INFO	2018-05-27 03:18:25	MergeVcfs	Processed       870,000 records.  Elapsed time: 00:00:11s.  Time for last 10,000:    0s.  Last read position: 3:34,826,104
INFO	2018-05-27 03:18:25	MergeVcfs	Processed       880,000 records.  Elapsed time: 00:00:11s.  Time for last 10,000:    0s.  Last read position: 3:41,448,489
INFO	2018-05-27 03:18:25	MergeVcfs	Processed       890,000 records.  Elapsed time: 00:00:11s.  Time for last 10,000:    0s.  Last read position: 3:47,759,990
INFO	2018-05-27 03:18:25	MergeVcfs	Processed       900,000 records.  Elapsed time: 00:00:12s.  Time for last 10,000:    0s.  Last read position: 3:55,658,352
INFO	2018-05-27 03:18:25	MergeVcfs	Processed       910,000 records.  Elapsed time: 00:00:12s.  Time for last 10,000:    0s.  Last read position: 3:61,650,376
INFO	2018-05-27 03:18:25	MergeVcfs	Processed       920,000 records.  Elapsed time: 00:00:12s.  Time for last 10,000:    0s.  Last read position: 3:66,444,697
INFO	2018-05-27 03:18:25	MergeVcfs	Processed       930,000 records.  Elapsed time: 00:00:12s.  Time for last 10,000:    0s.  Last read position: 3:72,236,434
INFO	2018-05-27 03:18:25	MergeVcfs	Processed       940,000 records.  Elapsed time: 00:00:12s.  Time for last 10,000:    0s.  Last read position: 3:77,324,174
INFO	2018-05-27 03:18:25	MergeVcfs	Processed       950,000 records.  Elapsed time: 00:00:12s.  Time for last 10,000:    0s.  Last read position: 3:83,067,257
INFO	2018-05-27 03:18:25	MergeVcfs	Processed       960,000 records.  Elapsed time: 00:00:12s.  Time for last 10,000:    0s.  Last read position: 3:88,490,356
INFO	2018-05-27 03:18:26	MergeVcfs	Processed       970,000 records.  Elapsed time: 00:00:12s.  Time for last 10,000:    0s.  Last read position: 3:97,455,599
INFO	2018-05-27 03:18:26	MergeVcfs	Processed       980,000 records.  Elapsed time: 00:00:12s.  Time for last 10,000:    0s.  Last read position: 3:102,390,008
INFO	2018-05-27 03:18:26	MergeVcfs	Processed       990,000 records.  Elapsed time: 00:00:12s.  Time for last 10,000:    0s.  Last read position: 3:107,329,177
INFO	2018-05-27 03:18:26	MergeVcfs	Processed     1,000,000 records.  Elapsed time: 00:00:13s.  Time for last 10,000:    0s.  Last read position: 3:112,886,552
INFO	2018-05-27 03:18:26	MergeVcfs	Processed     1,010,000 records.  Elapsed time: 00:00:13s.  Time for last 10,000:    0s.  Last read position: 3:119,284,642
INFO	2018-05-27 03:18:26	MergeVcfs	Processed     1,020,000 records.  Elapsed time: 00:00:13s.  Time for last 10,000:    0s.  Last read position: 3:125,474,367
INFO	2018-05-27 03:18:26	MergeVcfs	Processed     1,030,000 records.  Elapsed time: 00:00:13s.  Time for last 10,000:    0s.  Last read position: 3:131,136,797
INFO	2018-05-27 03:18:26	MergeVcfs	Processed     1,040,000 records.  Elapsed time: 00:00:13s.  Time for last 10,000:    0s.  Last read position: 3:137,140,098
INFO	2018-05-27 03:18:26	MergeVcfs	Processed     1,050,000 records.  Elapsed time: 00:00:13s.  Time for last 10,000:    0s.  Last read position: 3:143,050,502
INFO	2018-05-27 03:18:26	MergeVcfs	Processed     1,060,000 records.  Elapsed time: 00:00:13s.  Time for last 10,000:    0s.  Last read position: 3:148,268,868
INFO	2018-05-27 03:18:27	MergeVcfs	Processed     1,070,000 records.  Elapsed time: 00:00:13s.  Time for last 10,000:    0s.  Last read position: 3:153,736,191
INFO	2018-05-27 03:18:27	MergeVcfs	Processed     1,080,000 records.  Elapsed time: 00:00:13s.  Time for last 10,000:    0s.  Last read position: 3:159,779,442
INFO	2018-05-27 03:18:27	MergeVcfs	Processed     1,090,000 records.  Elapsed time: 00:00:13s.  Time for last 10,000:    0s.  Last read position: 3:164,556,648
INFO	2018-05-27 03:18:27	MergeVcfs	Processed     1,100,000 records.  Elapsed time: 00:00:14s.  Time for last 10,000:    0s.  Last read position: 3:171,016,554
INFO	2018-05-27 03:18:27	MergeVcfs	Processed     1,110,000 records.  Elapsed time: 00:00:14s.  Time for last 10,000:    0s.  Last read position: 3:176,037,881
INFO	2018-05-27 03:18:27	MergeVcfs	Processed     1,120,000 records.  Elapsed time: 00:00:14s.  Time for last 10,000:    0s.  Last read position: 3:182,392,033
INFO	2018-05-27 03:18:27	MergeVcfs	Processed     1,130,000 records.  Elapsed time: 00:00:14s.  Time for last 10,000:    0s.  Last read position: 3:187,394,441
INFO	2018-05-27 03:18:27	MergeVcfs	Processed     1,140,000 records.  Elapsed time: 00:00:14s.  Time for last 10,000:    0s.  Last read position: 3:192,000,554
INFO	2018-05-27 03:18:27	MergeVcfs	Processed     1,150,000 records.  Elapsed time: 00:00:14s.  Time for last 10,000:    0s.  Last read position: 3:196,945,322
INFO	2018-05-27 03:18:27	MergeVcfs	Processed     1,160,000 records.  Elapsed time: 00:00:14s.  Time for last 10,000:    0s.  Last read position: 4:4,056,112
INFO	2018-05-27 03:18:28	MergeVcfs	Processed     1,170,000 records.  Elapsed time: 00:00:14s.  Time for last 10,000:    0s.  Last read position: 4:7,758,039
INFO	2018-05-27 03:18:28	MergeVcfs	Processed     1,180,000 records.  Elapsed time: 00:00:14s.  Time for last 10,000:    0s.  Last read position: 4:11,659,707
INFO	2018-05-27 03:18:28	MergeVcfs	Processed     1,190,000 records.  Elapsed time: 00:00:14s.  Time for last 10,000:    0s.  Last read position: 4:16,903,492
INFO	2018-05-27 03:18:28	MergeVcfs	Processed     1,200,000 records.  Elapsed time: 00:00:15s.  Time for last 10,000:    0s.  Last read position: 4:22,301,910
INFO	2018-05-27 03:18:28	MergeVcfs	Processed     1,210,000 records.  Elapsed time: 00:00:15s.  Time for last 10,000:    0s.  Last read position: 4:28,063,993
INFO	2018-05-27 03:18:28	MergeVcfs	Processed     1,220,000 records.  Elapsed time: 00:00:15s.  Time for last 10,000:    0s.  Last read position: 4:32,424,950
INFO	2018-05-27 03:18:28	MergeVcfs	Processed     1,230,000 records.  Elapsed time: 00:00:15s.  Time for last 10,000:    0s.  Last read position: 4:36,951,923
INFO	2018-05-27 03:18:28	MergeVcfs	Processed     1,240,000 records.  Elapsed time: 00:00:15s.  Time for last 10,000:    0s.  Last read position: 4:41,627,189
INFO	2018-05-27 03:18:28	MergeVcfs	Processed     1,250,000 records.  Elapsed time: 00:00:15s.  Time for last 10,000:    0s.  Last read position: 4:46,754,455
INFO	2018-05-27 03:18:28	MergeVcfs	Processed     1,260,000 records.  Elapsed time: 00:00:15s.  Time for last 10,000:    0s.  Last read position: 4:55,746,209
INFO	2018-05-27 03:18:29	MergeVcfs	Processed     1,270,000 records.  Elapsed time: 00:00:15s.  Time for last 10,000:    0s.  Last read position: 4:60,043,028
INFO	2018-05-27 03:18:29	MergeVcfs	Processed     1,280,000 records.  Elapsed time: 00:00:15s.  Time for last 10,000:    0s.  Last read position: 4:65,302,153
INFO	2018-05-27 03:18:29	MergeVcfs	Processed     1,290,000 records.  Elapsed time: 00:00:15s.  Time for last 10,000:    0s.  Last read position: 4:69,838,140
INFO	2018-05-27 03:18:29	MergeVcfs	Processed     1,300,000 records.  Elapsed time: 00:00:16s.  Time for last 10,000:    0s.  Last read position: 4:74,328,806
INFO	2018-05-27 03:18:29	MergeVcfs	Processed     1,310,000 records.  Elapsed time: 00:00:16s.  Time for last 10,000:    0s.  Last read position: 4:79,376,789
INFO	2018-05-27 03:18:29	MergeVcfs	Processed     1,320,000 records.  Elapsed time: 00:00:16s.  Time for last 10,000:    0s.  Last read position: 4:84,452,256
INFO	2018-05-27 03:18:29	MergeVcfs	Processed     1,330,000 records.  Elapsed time: 00:00:16s.  Time for last 10,000:    0s.  Last read position: 4:90,206,334
INFO	2018-05-27 03:18:29	MergeVcfs	Processed     1,340,000 records.  Elapsed time: 00:00:16s.  Time for last 10,000:    0s.  Last read position: 4:95,761,892
INFO	2018-05-27 03:18:29	MergeVcfs	Processed     1,350,000 records.  Elapsed time: 00:00:16s.  Time for last 10,000:    0s.  Last read position: 4:100,307,788
INFO	2018-05-27 03:18:29	MergeVcfs	Processed     1,360,000 records.  Elapsed time: 00:00:16s.  Time for last 10,000:    0s.  Last read position: 4:106,417,856
INFO	2018-05-27 03:18:30	MergeVcfs	Processed     1,370,000 records.  Elapsed time: 00:00:16s.  Time for last 10,000:    0s.  Last read position: 4:112,263,347
INFO	2018-05-27 03:18:30	MergeVcfs	Processed     1,380,000 records.  Elapsed time: 00:00:16s.  Time for last 10,000:    0s.  Last read position: 4:117,801,103
INFO	2018-05-27 03:18:30	MergeVcfs	Processed     1,390,000 records.  Elapsed time: 00:00:16s.  Time for last 10,000:    0s.  Last read position: 4:123,314,141
INFO	2018-05-27 03:18:30	MergeVcfs	Processed     1,400,000 records.  Elapsed time: 00:00:17s.  Time for last 10,000:    0s.  Last read position: 4:129,777,469
INFO	2018-05-27 03:18:30	MergeVcfs	Processed     1,410,000 records.  Elapsed time: 00:00:17s.  Time for last 10,000:    0s.  Last read position: 4:135,321,312
INFO	2018-05-27 03:18:30	MergeVcfs	Processed     1,420,000 records.  Elapsed time: 00:00:17s.  Time for last 10,000:    0s.  Last read position: 4:140,763,676
INFO	2018-05-27 03:18:30	MergeVcfs	Processed     1,430,000 records.  Elapsed time: 00:00:17s.  Time for last 10,000:    0s.  Last read position: 4:147,809,445
INFO	2018-05-27 03:18:30	MergeVcfs	Processed     1,440,000 records.  Elapsed time: 00:00:17s.  Time for last 10,000:    0s.  Last read position: 4:154,835,465
INFO	2018-05-27 03:18:30	MergeVcfs	Processed     1,450,000 records.  Elapsed time: 00:00:17s.  Time for last 10,000:    0s.  Last read position: 4:160,269,176
INFO	2018-05-27 03:18:30	MergeVcfs	Processed     1,460,000 records.  Elapsed time: 00:00:17s.  Time for last 10,000:    0s.  Last read position: 4:165,145,394
INFO	2018-05-27 03:18:31	MergeVcfs	Processed     1,470,000 records.  Elapsed time: 00:00:17s.  Time for last 10,000:    0s.  Last read position: 4:169,815,036
INFO	2018-05-27 03:18:31	MergeVcfs	Processed     1,480,000 records.  Elapsed time: 00:00:17s.  Time for last 10,000:    0s.  Last read position: 4:175,107,683
INFO	2018-05-27 03:18:31	MergeVcfs	Processed     1,490,000 records.  Elapsed time: 00:00:17s.  Time for last 10,000:    0s.  Last read position: 4:180,077,853
INFO	2018-05-27 03:18:31	MergeVcfs	Processed     1,500,000 records.  Elapsed time: 00:00:18s.  Time for last 10,000:    0s.  Last read position: 4:186,504,735
INFO	2018-05-27 03:18:31	MergeVcfs	Processed     1,510,000 records.  Elapsed time: 00:00:18s.  Time for last 10,000:    0s.  Last read position: 4:190,241,474
INFO	2018-05-27 03:18:31	MergeVcfs	Processed     1,520,000 records.  Elapsed time: 00:00:18s.  Time for last 10,000:    0s.  Last read position: 5:2,942,680
INFO	2018-05-27 03:18:31	MergeVcfs	Processed     1,530,000 records.  Elapsed time: 00:00:18s.  Time for last 10,000:    0s.  Last read position: 5:7,300,578
INFO	2018-05-27 03:18:31	MergeVcfs	Processed     1,540,000 records.  Elapsed time: 00:00:18s.  Time for last 10,000:    0s.  Last read position: 5:12,118,611
INFO	2018-05-27 03:18:31	MergeVcfs	Processed     1,550,000 records.  Elapsed time: 00:00:18s.  Time for last 10,000:    0s.  Last read position: 5:17,622,067
INFO	2018-05-27 03:18:31	MergeVcfs	Processed     1,560,000 records.  Elapsed time: 00:00:18s.  Time for last 10,000:    0s.  Last read position: 5:22,905,531
INFO	2018-05-27 03:18:32	MergeVcfs	Processed     1,570,000 records.  Elapsed time: 00:00:18s.  Time for last 10,000:    0s.  Last read position: 5:28,443,385
INFO	2018-05-27 03:18:32	MergeVcfs	Processed     1,580,000 records.  Elapsed time: 00:00:18s.  Time for last 10,000:    0s.  Last read position: 5:32,893,465
INFO	2018-05-27 03:18:32	MergeVcfs	Processed     1,590,000 records.  Elapsed time: 00:00:18s.  Time for last 10,000:    0s.  Last read position: 5:38,100,901
INFO	2018-05-27 03:18:32	MergeVcfs	Processed     1,600,000 records.  Elapsed time: 00:00:19s.  Time for last 10,000:    0s.  Last read position: 5:43,472,968
INFO	2018-05-27 03:18:32	MergeVcfs	Processed     1,610,000 records.  Elapsed time: 00:00:19s.  Time for last 10,000:    0s.  Last read position: 5:53,754,089
INFO	2018-05-27 03:18:32	MergeVcfs	Processed     1,620,000 records.  Elapsed time: 00:00:19s.  Time for last 10,000:    0s.  Last read position: 5:59,375,032
INFO	2018-05-27 03:18:32	MergeVcfs	Processed     1,630,000 records.  Elapsed time: 00:00:19s.  Time for last 10,000:    0s.  Last read position: 5:65,638,285
INFO	2018-05-27 03:18:32	MergeVcfs	Processed     1,640,000 records.  Elapsed time: 00:00:19s.  Time for last 10,000:    0s.  Last read position: 5:73,100,527
INFO	2018-05-27 03:18:32	MergeVcfs	Processed     1,650,000 records.  Elapsed time: 00:00:19s.  Time for last 10,000:    0s.  Last read position: 5:78,563,302
INFO	2018-05-27 03:18:32	MergeVcfs	Processed     1,660,000 records.  Elapsed time: 00:00:19s.  Time for last 10,000:    0s.  Last read position: 5:84,406,953
INFO	2018-05-27 03:18:33	MergeVcfs	Processed     1,670,000 records.  Elapsed time: 00:00:19s.  Time for last 10,000:    0s.  Last read position: 5:92,171,233
INFO	2018-05-27 03:18:33	MergeVcfs	Processed     1,680,000 records.  Elapsed time: 00:00:19s.  Time for last 10,000:    0s.  Last read position: 5:98,870,434
INFO	2018-05-27 03:18:33	MergeVcfs	Processed     1,690,000 records.  Elapsed time: 00:00:19s.  Time for last 10,000:    0s.  Last read position: 5:104,456,093
INFO	2018-05-27 03:18:33	MergeVcfs	Processed     1,700,000 records.  Elapsed time: 00:00:19s.  Time for last 10,000:    0s.  Last read position: 5:110,473,251
INFO	2018-05-27 03:18:33	MergeVcfs	Processed     1,710,000 records.  Elapsed time: 00:00:20s.  Time for last 10,000:    0s.  Last read position: 5:115,342,703
INFO	2018-05-27 03:18:33	MergeVcfs	Processed     1,720,000 records.  Elapsed time: 00:00:20s.  Time for last 10,000:    0s.  Last read position: 5:119,557,044
INFO	2018-05-27 03:18:33	MergeVcfs	Processed     1,730,000 records.  Elapsed time: 00:00:20s.  Time for last 10,000:    0s.  Last read position: 5:124,786,336
INFO	2018-05-27 03:18:33	MergeVcfs	Processed     1,740,000 records.  Elapsed time: 00:00:20s.  Time for last 10,000:    0s.  Last read position: 5:130,513,163
INFO	2018-05-27 03:18:33	MergeVcfs	Processed     1,750,000 records.  Elapsed time: 00:00:20s.  Time for last 10,000:    0s.  Last read position: 5:137,000,345
INFO	2018-05-27 03:18:33	MergeVcfs	Processed     1,760,000 records.  Elapsed time: 00:00:20s.  Time for last 10,000:    0s.  Last read position: 5:144,831,847
INFO	2018-05-27 03:18:34	MergeVcfs	Processed     1,770,000 records.  Elapsed time: 00:00:20s.  Time for last 10,000:    0s.  Last read position: 5:150,654,622
INFO	2018-05-27 03:18:34	MergeVcfs	Processed     1,780,000 records.  Elapsed time: 00:00:20s.  Time for last 10,000:    0s.  Last read position: 5:156,378,130
INFO	2018-05-27 03:18:34	MergeVcfs	Processed     1,790,000 records.  Elapsed time: 00:00:20s.  Time for last 10,000:    0s.  Last read position: 5:162,435,177
INFO	2018-05-27 03:18:34	MergeVcfs	Processed     1,800,000 records.  Elapsed time: 00:00:20s.  Time for last 10,000:    0s.  Last read position: 5:168,530,685
INFO	2018-05-27 03:18:34	MergeVcfs	Processed     1,810,000 records.  Elapsed time: 00:00:21s.  Time for last 10,000:    0s.  Last read position: 5:173,770,062
INFO	2018-05-27 03:18:34	MergeVcfs	Processed     1,820,000 records.  Elapsed time: 00:00:21s.  Time for last 10,000:    0s.  Last read position: 5:178,871,381
INFO	2018-05-27 03:18:34	MergeVcfs	Processed     1,830,000 records.  Elapsed time: 00:00:21s.  Time for last 10,000:    0s.  Last read position: 6:2,799,060
INFO	2018-05-27 03:18:34	MergeVcfs	Processed     1,840,000 records.  Elapsed time: 00:00:21s.  Time for last 10,000:    0s.  Last read position: 6:6,869,831
INFO	2018-05-27 03:18:34	MergeVcfs	Processed     1,850,000 records.  Elapsed time: 00:00:21s.  Time for last 10,000:    0s.  Last read position: 6:11,665,519
INFO	2018-05-27 03:18:34	MergeVcfs	Processed     1,860,000 records.  Elapsed time: 00:00:21s.  Time for last 10,000:    0s.  Last read position: 6:17,296,553
INFO	2018-05-27 03:18:35	MergeVcfs	Processed     1,870,000 records.  Elapsed time: 00:00:21s.  Time for last 10,000:    0s.  Last read position: 6:22,402,591
INFO	2018-05-27 03:18:35	MergeVcfs	Processed     1,880,000 records.  Elapsed time: 00:00:21s.  Time for last 10,000:    0s.  Last read position: 6:27,467,745
INFO	2018-05-27 03:18:35	MergeVcfs	Processed     1,890,000 records.  Elapsed time: 00:00:21s.  Time for last 10,000:    0s.  Last read position: 6:31,236,690
INFO	2018-05-27 03:18:35	MergeVcfs	Processed     1,900,000 records.  Elapsed time: 00:00:22s.  Time for last 10,000:    0s.  Last read position: 6:32,627,784
INFO	2018-05-27 03:18:35	MergeVcfs	Processed     1,910,000 records.  Elapsed time: 00:00:22s.  Time for last 10,000:    0s.  Last read position: 6:36,543,266
INFO	2018-05-27 03:18:35	MergeVcfs	Processed     1,920,000 records.  Elapsed time: 00:00:22s.  Time for last 10,000:    0s.  Last read position: 6:42,064,147
INFO	2018-05-27 03:18:35	MergeVcfs	Processed     1,930,000 records.  Elapsed time: 00:00:22s.  Time for last 10,000:    0s.  Last read position: 6:47,852,268
INFO	2018-05-27 03:18:35	MergeVcfs	Processed     1,940,000 records.  Elapsed time: 00:00:22s.  Time for last 10,000:    0s.  Last read position: 6:53,738,256
INFO	2018-05-27 03:18:35	MergeVcfs	Processed     1,950,000 records.  Elapsed time: 00:00:22s.  Time for last 10,000:    0s.  Last read position: 6:62,372,453
INFO	2018-05-27 03:18:35	MergeVcfs	Processed     1,960,000 records.  Elapsed time: 00:00:22s.  Time for last 10,000:    0s.  Last read position: 6:67,515,071
INFO	2018-05-27 03:18:36	MergeVcfs	Processed     1,970,000 records.  Elapsed time: 00:00:22s.  Time for last 10,000:    0s.  Last read position: 6:72,243,279
INFO	2018-05-27 03:18:36	MergeVcfs	Processed     1,980,000 records.  Elapsed time: 00:00:22s.  Time for last 10,000:    0s.  Last read position: 6:78,106,600
INFO	2018-05-27 03:18:36	MergeVcfs	Processed     1,990,000 records.  Elapsed time: 00:00:22s.  Time for last 10,000:    0s.  Last read position: 6:83,115,932
INFO	2018-05-27 03:18:36	MergeVcfs	Processed     2,000,000 records.  Elapsed time: 00:00:23s.  Time for last 10,000:    0s.  Last read position: 6:88,468,315
INFO	2018-05-27 03:18:36	MergeVcfs	Processed     2,010,000 records.  Elapsed time: 00:00:23s.  Time for last 10,000:    0s.  Last read position: 6:94,424,795
INFO	2018-05-27 03:18:36	MergeVcfs	Processed     2,020,000 records.  Elapsed time: 00:00:23s.  Time for last 10,000:    0s.  Last read position: 6:100,631,739
INFO	2018-05-27 03:18:36	MergeVcfs	Processed     2,030,000 records.  Elapsed time: 00:00:23s.  Time for last 10,000:    0s.  Last read position: 6:106,044,349
INFO	2018-05-27 03:18:36	MergeVcfs	Processed     2,040,000 records.  Elapsed time: 00:00:23s.  Time for last 10,000:    0s.  Last read position: 6:112,268,995
INFO	2018-05-27 03:18:36	MergeVcfs	Processed     2,050,000 records.  Elapsed time: 00:00:23s.  Time for last 10,000:    0s.  Last read position: 6:117,760,932
INFO	2018-05-27 03:18:36	MergeVcfs	Processed     2,060,000 records.  Elapsed time: 00:00:23s.  Time for last 10,000:    0s.  Last read position: 6:123,329,359
INFO	2018-05-27 03:18:37	MergeVcfs	Processed     2,070,000 records.  Elapsed time: 00:00:23s.  Time for last 10,000:    0s.  Last read position: 6:130,128,799
INFO	2018-05-27 03:18:37	MergeVcfs	Processed     2,080,000 records.  Elapsed time: 00:00:23s.  Time for last 10,000:    0s.  Last read position: 6:135,397,301
INFO	2018-05-27 03:18:37	MergeVcfs	Processed     2,090,000 records.  Elapsed time: 00:00:23s.  Time for last 10,000:    0s.  Last read position: 6:141,609,309
INFO	2018-05-27 03:18:37	MergeVcfs	Processed     2,100,000 records.  Elapsed time: 00:00:24s.  Time for last 10,000:    0s.  Last read position: 6:148,240,782
INFO	2018-05-27 03:18:37	MergeVcfs	Processed     2,110,000 records.  Elapsed time: 00:00:24s.  Time for last 10,000:    0s.  Last read position: 6:153,200,869
INFO	2018-05-27 03:18:37	MergeVcfs	Processed     2,120,000 records.  Elapsed time: 00:00:24s.  Time for last 10,000:    0s.  Last read position: 6:158,240,299
INFO	2018-05-27 03:18:37	MergeVcfs	Processed     2,130,000 records.  Elapsed time: 00:00:24s.  Time for last 10,000:    0s.  Last read position: 6:162,737,259
INFO	2018-05-27 03:18:37	MergeVcfs	Processed     2,140,000 records.  Elapsed time: 00:00:24s.  Time for last 10,000:    0s.  Last read position: 6:166,948,781
INFO	2018-05-27 03:18:37	MergeVcfs	Processed     2,150,000 records.  Elapsed time: 00:00:24s.  Time for last 10,000:    0s.  Last read position: 7:79,500
INFO	2018-05-27 03:18:37	MergeVcfs	Processed     2,160,000 records.  Elapsed time: 00:00:24s.  Time for last 10,000:    0s.  Last read position: 7:4,278,030
INFO	2018-05-27 03:18:38	MergeVcfs	Processed     2,170,000 records.  Elapsed time: 00:00:24s.  Time for last 10,000:    0s.  Last read position: 7:8,284,812
INFO	2018-05-27 03:18:38	MergeVcfs	Processed     2,180,000 records.  Elapsed time: 00:00:24s.  Time for last 10,000:    0s.  Last read position: 7:12,089,727
INFO	2018-05-27 03:18:38	MergeVcfs	Processed     2,190,000 records.  Elapsed time: 00:00:24s.  Time for last 10,000:    0s.  Last read position: 7:16,086,674
INFO	2018-05-27 03:18:38	MergeVcfs	Processed     2,200,000 records.  Elapsed time: 00:00:25s.  Time for last 10,000:    0s.  Last read position: 7:21,035,468
INFO	2018-05-27 03:18:38	MergeVcfs	Processed     2,210,000 records.  Elapsed time: 00:00:25s.  Time for last 10,000:    0s.  Last read position: 7:25,803,944
INFO	2018-05-27 03:18:38	MergeVcfs	Processed     2,220,000 records.  Elapsed time: 00:00:25s.  Time for last 10,000:    0s.  Last read position: 7:31,546,780
INFO	2018-05-27 03:18:38	MergeVcfs	Processed     2,230,000 records.  Elapsed time: 00:00:25s.  Time for last 10,000:    0s.  Last read position: 7:36,773,581
INFO	2018-05-27 03:18:38	MergeVcfs	Processed     2,240,000 records.  Elapsed time: 00:00:25s.  Time for last 10,000:    0s.  Last read position: 7:42,287,633
INFO	2018-05-27 03:18:38	MergeVcfs	Processed     2,250,000 records.  Elapsed time: 00:00:25s.  Time for last 10,000:    0s.  Last read position: 7:48,544,806
INFO	2018-05-27 03:18:38	MergeVcfs	Processed     2,260,000 records.  Elapsed time: 00:00:25s.  Time for last 10,000:    0s.  Last read position: 7:53,220,128
INFO	2018-05-27 03:18:39	MergeVcfs	Processed     2,270,000 records.  Elapsed time: 00:00:25s.  Time for last 10,000:    0s.  Last read position: 7:57,938,754
INFO	2018-05-27 03:18:39	MergeVcfs	Processed     2,280,000 records.  Elapsed time: 00:00:25s.  Time for last 10,000:    0s.  Last read position: 7:66,674,195
INFO	2018-05-27 03:18:39	MergeVcfs	Processed     2,290,000 records.  Elapsed time: 00:00:25s.  Time for last 10,000:    0s.  Last read position: 7:71,207,177
INFO	2018-05-27 03:18:39	MergeVcfs	Processed     2,300,000 records.  Elapsed time: 00:00:26s.  Time for last 10,000:    0s.  Last read position: 7:78,078,993
INFO	2018-05-27 03:18:39	MergeVcfs	Processed     2,310,000 records.  Elapsed time: 00:00:26s.  Time for last 10,000:    0s.  Last read position: 7:83,624,903
INFO	2018-05-27 03:18:39	MergeVcfs	Processed     2,320,000 records.  Elapsed time: 00:00:26s.  Time for last 10,000:    0s.  Last read position: 7:89,196,290
INFO	2018-05-27 03:18:39	MergeVcfs	Processed     2,330,000 records.  Elapsed time: 00:00:26s.  Time for last 10,000:    0s.  Last read position: 7:96,211,059
INFO	2018-05-27 03:18:39	MergeVcfs	Processed     2,340,000 records.  Elapsed time: 00:00:26s.  Time for last 10,000:    0s.  Last read position: 7:102,867,729
INFO	2018-05-27 03:18:39	MergeVcfs	Processed     2,350,000 records.  Elapsed time: 00:00:26s.  Time for last 10,000:    0s.  Last read position: 7:108,353,020
INFO	2018-05-27 03:18:39	MergeVcfs	Processed     2,360,000 records.  Elapsed time: 00:00:26s.  Time for last 10,000:    0s.  Last read position: 7:115,196,809
INFO	2018-05-27 03:18:40	MergeVcfs	Processed     2,370,000 records.  Elapsed time: 00:00:26s.  Time for last 10,000:    0s.  Last read position: 7:121,449,928
INFO	2018-05-27 03:18:40	MergeVcfs	Processed     2,380,000 records.  Elapsed time: 00:00:26s.  Time for last 10,000:    0s.  Last read position: 7:127,080,377
INFO	2018-05-27 03:18:40	MergeVcfs	Processed     2,390,000 records.  Elapsed time: 00:00:26s.  Time for last 10,000:    0s.  Last read position: 7:133,494,751
INFO	2018-05-27 03:18:40	MergeVcfs	Processed     2,400,000 records.  Elapsed time: 00:00:27s.  Time for last 10,000:    0s.  Last read position: 7:138,673,121
INFO	2018-05-27 03:18:40	MergeVcfs	Processed     2,410,000 records.  Elapsed time: 00:00:27s.  Time for last 10,000:    0s.  Last read position: 7:145,032,148
INFO	2018-05-27 03:18:40	MergeVcfs	Processed     2,420,000 records.  Elapsed time: 00:00:27s.  Time for last 10,000:    0s.  Last read position: 7:150,087,005
INFO	2018-05-27 03:18:40	MergeVcfs	Processed     2,430,000 records.  Elapsed time: 00:00:27s.  Time for last 10,000:    0s.  Last read position: 7:154,461,664
INFO	2018-05-27 03:18:40	MergeVcfs	Processed     2,440,000 records.  Elapsed time: 00:00:27s.  Time for last 10,000:    0s.  Last read position: 7:158,330,146
INFO	2018-05-27 03:18:40	MergeVcfs	Processed     2,450,000 records.  Elapsed time: 00:00:27s.  Time for last 10,000:    0s.  Last read position: 8:2,609,925
INFO	2018-05-27 03:18:40	MergeVcfs	Processed     2,460,000 records.  Elapsed time: 00:00:27s.  Time for last 10,000:    0s.  Last read position: 8:4,813,313
INFO	2018-05-27 03:18:41	MergeVcfs	Processed     2,470,000 records.  Elapsed time: 00:00:27s.  Time for last 10,000:    0s.  Last read position: 8:7,696,224
INFO	2018-05-27 03:18:41	MergeVcfs	Processed     2,480,000 records.  Elapsed time: 00:00:27s.  Time for last 10,000:    0s.  Last read position: 8:11,768,760
INFO	2018-05-27 03:18:41	MergeVcfs	Processed     2,490,000 records.  Elapsed time: 00:00:27s.  Time for last 10,000:    0s.  Last read position: 8:15,143,548
INFO	2018-05-27 03:18:41	MergeVcfs	Processed     2,500,000 records.  Elapsed time: 00:00:28s.  Time for last 10,000:    0s.  Last read position: 8:18,585,061
INFO	2018-05-27 03:18:41	MergeVcfs	Processed     2,510,000 records.  Elapsed time: 00:00:28s.  Time for last 10,000:    0s.  Last read position: 8:23,695,138
INFO	2018-05-27 03:18:41	MergeVcfs	Processed     2,520,000 records.  Elapsed time: 00:00:28s.  Time for last 10,000:    0s.  Last read position: 8:29,468,093
INFO	2018-05-27 03:18:41	MergeVcfs	Processed     2,530,000 records.  Elapsed time: 00:00:28s.  Time for last 10,000:    0s.  Last read position: 8:34,673,920
INFO	2018-05-27 03:18:41	MergeVcfs	Processed     2,540,000 records.  Elapsed time: 00:00:28s.  Time for last 10,000:    0s.  Last read position: 8:40,899,497
INFO	2018-05-27 03:18:41	MergeVcfs	Processed     2,550,000 records.  Elapsed time: 00:00:28s.  Time for last 10,000:    0s.  Last read position: 8:50,441,702
INFO	2018-05-27 03:18:41	MergeVcfs	Processed     2,560,000 records.  Elapsed time: 00:00:28s.  Time for last 10,000:    0s.  Last read position: 8:55,048,130
INFO	2018-05-27 03:18:42	MergeVcfs	Processed     2,570,000 records.  Elapsed time: 00:00:28s.  Time for last 10,000:    0s.  Last read position: 8:60,976,171
INFO	2018-05-27 03:18:42	MergeVcfs	Processed     2,580,000 records.  Elapsed time: 00:00:28s.  Time for last 10,000:    0s.  Last read position: 8:67,082,131
INFO	2018-05-27 03:18:42	MergeVcfs	Processed     2,590,000 records.  Elapsed time: 00:00:28s.  Time for last 10,000:    0s.  Last read position: 8:72,493,639
INFO	2018-05-27 03:18:42	MergeVcfs	Processed     2,600,000 records.  Elapsed time: 00:00:29s.  Time for last 10,000:    0s.  Last read position: 8:77,875,133
INFO	2018-05-27 03:18:42	MergeVcfs	Processed     2,610,000 records.  Elapsed time: 00:00:29s.  Time for last 10,000:    0s.  Last read position: 8:83,984,066
INFO	2018-05-27 03:18:42	MergeVcfs	Processed     2,620,000 records.  Elapsed time: 00:00:29s.  Time for last 10,000:    0s.  Last read position: 8:90,603,070
INFO	2018-05-27 03:18:42	MergeVcfs	Processed     2,630,000 records.  Elapsed time: 00:00:29s.  Time for last 10,000:    0s.  Last read position: 8:96,775,002
INFO	2018-05-27 03:18:42	MergeVcfs	Processed     2,640,000 records.  Elapsed time: 00:00:29s.  Time for last 10,000:    0s.  Last read position: 8:103,513,523
INFO	2018-05-27 03:18:42	MergeVcfs	Processed     2,650,000 records.  Elapsed time: 00:00:29s.  Time for last 10,000:    0s.  Last read position: 8:109,395,448
INFO	2018-05-27 03:18:42	MergeVcfs	Processed     2,660,000 records.  Elapsed time: 00:00:29s.  Time for last 10,000:    0s.  Last read position: 8:115,576,381
INFO	2018-05-27 03:18:43	MergeVcfs	Processed     2,670,000 records.  Elapsed time: 00:00:29s.  Time for last 10,000:    0s.  Last read position: 8:121,074,633
INFO	2018-05-27 03:18:43	MergeVcfs	Processed     2,680,000 records.  Elapsed time: 00:00:29s.  Time for last 10,000:    0s.  Last read position: 8:126,765,502
INFO	2018-05-27 03:18:43	MergeVcfs	Processed     2,690,000 records.  Elapsed time: 00:00:29s.  Time for last 10,000:    0s.  Last read position: 8:132,390,687
INFO	2018-05-27 03:18:43	MergeVcfs	Processed     2,700,000 records.  Elapsed time: 00:00:30s.  Time for last 10,000:    0s.  Last read position: 8:137,600,778
INFO	2018-05-27 03:18:43	MergeVcfs	Processed     2,710,000 records.  Elapsed time: 00:00:30s.  Time for last 10,000:    0s.  Last read position: 8:142,111,352
INFO	2018-05-27 03:18:43	MergeVcfs	Processed     2,720,000 records.  Elapsed time: 00:00:30s.  Time for last 10,000:    0s.  Last read position: 9:249,391
INFO	2018-05-27 03:18:43	MergeVcfs	Processed     2,730,000 records.  Elapsed time: 00:00:30s.  Time for last 10,000:    0s.  Last read position: 9:3,948,457
INFO	2018-05-27 03:18:43	MergeVcfs	Processed     2,740,000 records.  Elapsed time: 00:00:30s.  Time for last 10,000:    0s.  Last read position: 9:8,151,007
INFO	2018-05-27 03:18:43	MergeVcfs	Processed     2,750,000 records.  Elapsed time: 00:00:30s.  Time for last 10,000:    0s.  Last read position: 9:12,298,496
INFO	2018-05-27 03:18:43	MergeVcfs	Processed     2,760,000 records.  Elapsed time: 00:00:30s.  Time for last 10,000:    0s.  Last read position: 9:16,904,080
INFO	2018-05-27 03:18:44	MergeVcfs	Processed     2,770,000 records.  Elapsed time: 00:00:30s.  Time for last 10,000:    0s.  Last read position: 9:21,694,039
INFO	2018-05-27 03:18:44	MergeVcfs	Processed     2,780,000 records.  Elapsed time: 00:00:30s.  Time for last 10,000:    0s.  Last read position: 9:26,925,191
INFO	2018-05-27 03:18:44	MergeVcfs	Processed     2,790,000 records.  Elapsed time: 00:00:30s.  Time for last 10,000:    0s.  Last read position: 9:31,397,582
INFO	2018-05-27 03:18:44	MergeVcfs	Processed     2,800,000 records.  Elapsed time: 00:00:31s.  Time for last 10,000:    0s.  Last read position: 9:37,418,935
INFO	2018-05-27 03:18:44	MergeVcfs	Processed     2,810,000 records.  Elapsed time: 00:00:31s.  Time for last 10,000:    0s.  Last read position: 9:71,994,522
INFO	2018-05-27 03:18:44	MergeVcfs	Processed     2,820,000 records.  Elapsed time: 00:00:31s.  Time for last 10,000:    0s.  Last read position: 9:77,908,235
INFO	2018-05-27 03:18:44	MergeVcfs	Processed     2,830,000 records.  Elapsed time: 00:00:31s.  Time for last 10,000:    0s.  Last read position: 9:83,400,993
INFO	2018-05-27 03:18:44	MergeVcfs	Processed     2,840,000 records.  Elapsed time: 00:00:31s.  Time for last 10,000:    0s.  Last read position: 9:89,487,585
INFO	2018-05-27 03:18:44	MergeVcfs	Processed     2,850,000 records.  Elapsed time: 00:00:31s.  Time for last 10,000:    0s.  Last read position: 9:94,558,398
INFO	2018-05-27 03:18:44	MergeVcfs	Processed     2,860,000 records.  Elapsed time: 00:00:31s.  Time for last 10,000:    0s.  Last read position: 9:100,440,034
INFO	2018-05-27 03:18:45	MergeVcfs	Processed     2,870,000 records.  Elapsed time: 00:00:31s.  Time for last 10,000:    0s.  Last read position: 9:106,112,050
INFO	2018-05-27 03:18:45	MergeVcfs	Processed     2,880,000 records.  Elapsed time: 00:00:31s.  Time for last 10,000:    0s.  Last read position: 9:110,840,062
INFO	2018-05-27 03:18:45	MergeVcfs	Processed     2,890,000 records.  Elapsed time: 00:00:31s.  Time for last 10,000:    0s.  Last read position: 9:116,042,492
INFO	2018-05-27 03:18:45	MergeVcfs	Processed     2,900,000 records.  Elapsed time: 00:00:32s.  Time for last 10,000:    0s.  Last read position: 9:122,227,833
INFO	2018-05-27 03:18:45	MergeVcfs	Processed     2,910,000 records.  Elapsed time: 00:00:32s.  Time for last 10,000:    0s.  Last read position: 9:128,857,850
INFO	2018-05-27 03:18:45	MergeVcfs	Processed     2,920,000 records.  Elapsed time: 00:00:32s.  Time for last 10,000:    0s.  Last read position: 9:134,423,812
INFO	2018-05-27 03:18:45	MergeVcfs	Processed     2,930,000 records.  Elapsed time: 00:00:32s.  Time for last 10,000:    0s.  Last read position: 9:139,062,855
INFO	2018-05-27 03:18:45	MergeVcfs	Processed     2,940,000 records.  Elapsed time: 00:00:32s.  Time for last 10,000:    0s.  Last read position: 10:2,838,827
INFO	2018-05-27 03:18:45	MergeVcfs	Processed     2,950,000 records.  Elapsed time: 00:00:32s.  Time for last 10,000:    0s.  Last read position: 10:6,841,973
INFO	2018-05-27 03:18:46	MergeVcfs	Processed     2,960,000 records.  Elapsed time: 00:00:32s.  Time for last 10,000:    0s.  Last read position: 10:11,884,115
INFO	2018-05-27 03:18:46	MergeVcfs	Processed     2,970,000 records.  Elapsed time: 00:00:32s.  Time for last 10,000:    0s.  Last read position: 10:16,213,670
INFO	2018-05-27 03:18:46	MergeVcfs	Processed     2,980,000 records.  Elapsed time: 00:00:32s.  Time for last 10,000:    0s.  Last read position: 10:20,957,476
INFO	2018-05-27 03:18:46	MergeVcfs	Processed     2,990,000 records.  Elapsed time: 00:00:33s.  Time for last 10,000:    0s.  Last read position: 10:26,333,925
INFO	2018-05-27 03:18:46	MergeVcfs	Processed     3,000,000 records.  Elapsed time: 00:00:33s.  Time for last 10,000:    0s.  Last read position: 10:30,530,796
INFO	2018-05-27 03:18:46	MergeVcfs	Processed     3,010,000 records.  Elapsed time: 00:00:33s.  Time for last 10,000:    0s.  Last read position: 10:36,321,144
INFO	2018-05-27 03:18:46	MergeVcfs	Processed     3,020,000 records.  Elapsed time: 00:00:33s.  Time for last 10,000:    0s.  Last read position: 10:44,433,340
INFO	2018-05-27 03:18:46	MergeVcfs	Processed     3,030,000 records.  Elapsed time: 00:00:33s.  Time for last 10,000:    0s.  Last read position: 10:52,871,733
INFO	2018-05-27 03:18:46	MergeVcfs	Processed     3,040,000 records.  Elapsed time: 00:00:33s.  Time for last 10,000:    0s.  Last read position: 10:56,772,920
INFO	2018-05-27 03:18:46	MergeVcfs	Processed     3,050,000 records.  Elapsed time: 00:00:33s.  Time for last 10,000:    0s.  Last read position: 10:61,326,749
INFO	2018-05-27 03:18:47	MergeVcfs	Processed     3,060,000 records.  Elapsed time: 00:00:33s.  Time for last 10,000:    0s.  Last read position: 10:67,260,621
INFO	2018-05-27 03:18:47	MergeVcfs	Processed     3,070,000 records.  Elapsed time: 00:00:33s.  Time for last 10,000:    0s.  Last read position: 10:72,096,028
INFO	2018-05-27 03:18:47	MergeVcfs	Processed     3,080,000 records.  Elapsed time: 00:00:34s.  Time for last 10,000:    0s.  Last read position: 10:78,776,000
INFO	2018-05-27 03:18:47	MergeVcfs	Processed     3,090,000 records.  Elapsed time: 00:00:34s.  Time for last 10,000:    0s.  Last read position: 10:83,904,827
INFO	2018-05-27 03:18:47	MergeVcfs	Processed     3,100,000 records.  Elapsed time: 00:00:34s.  Time for last 10,000:    0s.  Last read position: 10:89,001,387
INFO	2018-05-27 03:18:47	MergeVcfs	Processed     3,110,000 records.  Elapsed time: 00:00:34s.  Time for last 10,000:    0s.  Last read position: 10:95,228,115
INFO	2018-05-27 03:18:47	MergeVcfs	Processed     3,120,000 records.  Elapsed time: 00:00:34s.  Time for last 10,000:    0s.  Last read position: 10:101,370,015
INFO	2018-05-27 03:18:47	MergeVcfs	Processed     3,130,000 records.  Elapsed time: 00:00:34s.  Time for last 10,000:    0s.  Last read position: 10:107,993,197
INFO	2018-05-27 03:18:47	MergeVcfs	Processed     3,140,000 records.  Elapsed time: 00:00:34s.  Time for last 10,000:    0s.  Last read position: 10:113,274,635
INFO	2018-05-27 03:18:48	MergeVcfs	Processed     3,150,000 records.  Elapsed time: 00:00:34s.  Time for last 10,000:    0s.  Last read position: 10:119,109,112
INFO	2018-05-27 03:18:48	MergeVcfs	Processed     3,160,000 records.  Elapsed time: 00:00:34s.  Time for last 10,000:    0s.  Last read position: 10:124,339,449
INFO	2018-05-27 03:18:48	MergeVcfs	Processed     3,170,000 records.  Elapsed time: 00:00:34s.  Time for last 10,000:    0s.  Last read position: 10:129,519,149
INFO	2018-05-27 03:18:48	MergeVcfs	Processed     3,180,000 records.  Elapsed time: 00:00:35s.  Time for last 10,000:    0s.  Last read position: 10:133,964,741
INFO	2018-05-27 03:18:48	MergeVcfs	Processed     3,190,000 records.  Elapsed time: 00:00:35s.  Time for last 10,000:    0s.  Last read position: 11:3,073,379
INFO	2018-05-27 03:18:48	MergeVcfs	Processed     3,200,000 records.  Elapsed time: 00:00:35s.  Time for last 10,000:    0s.  Last read position: 11:6,896,203
INFO	2018-05-27 03:18:48	MergeVcfs	Processed     3,210,000 records.  Elapsed time: 00:00:35s.  Time for last 10,000:    0s.  Last read position: 11:12,087,780
INFO	2018-05-27 03:18:48	MergeVcfs	Processed     3,220,000 records.  Elapsed time: 00:00:35s.  Time for last 10,000:    0s.  Last read position: 11:17,749,045
INFO	2018-05-27 03:18:48	MergeVcfs	Processed     3,230,000 records.  Elapsed time: 00:00:35s.  Time for last 10,000:    0s.  Last read position: 11:22,456,822
INFO	2018-05-27 03:18:48	MergeVcfs	Processed     3,240,000 records.  Elapsed time: 00:00:35s.  Time for last 10,000:    0s.  Last read position: 11:26,447,081
INFO	2018-05-27 03:18:49	MergeVcfs	Processed     3,250,000 records.  Elapsed time: 00:00:35s.  Time for last 10,000:    0s.  Last read position: 11:32,677,630
INFO	2018-05-27 03:18:49	MergeVcfs	Processed     3,260,000 records.  Elapsed time: 00:00:35s.  Time for last 10,000:    0s.  Last read position: 11:38,182,127
INFO	2018-05-27 03:18:49	MergeVcfs	Processed     3,270,000 records.  Elapsed time: 00:00:35s.  Time for last 10,000:    0s.  Last read position: 11:43,820,524
INFO	2018-05-27 03:18:49	MergeVcfs	Processed     3,280,000 records.  Elapsed time: 00:00:36s.  Time for last 10,000:    0s.  Last read position: 11:49,263,073
INFO	2018-05-27 03:18:49	MergeVcfs	Processed     3,290,000 records.  Elapsed time: 00:00:36s.  Time for last 10,000:    0s.  Last read position: 11:58,007,150
INFO	2018-05-27 03:18:49	MergeVcfs	Processed     3,300,000 records.  Elapsed time: 00:00:36s.  Time for last 10,000:    0s.  Last read position: 11:64,156,862
INFO	2018-05-27 03:18:49	MergeVcfs	Processed     3,310,000 records.  Elapsed time: 00:00:36s.  Time for last 10,000:    0s.  Last read position: 11:70,517,465
INFO	2018-05-27 03:18:49	MergeVcfs	Processed     3,320,000 records.  Elapsed time: 00:00:36s.  Time for last 10,000:    0s.  Last read position: 11:75,826,174
INFO	2018-05-27 03:18:49	MergeVcfs	Processed     3,330,000 records.  Elapsed time: 00:00:36s.  Time for last 10,000:    0s.  Last read position: 11:81,175,644
INFO	2018-05-27 03:18:49	MergeVcfs	Processed     3,340,000 records.  Elapsed time: 00:00:36s.  Time for last 10,000:    0s.  Last read position: 11:86,957,926
INFO	2018-05-27 03:18:50	MergeVcfs	Processed     3,350,000 records.  Elapsed time: 00:00:36s.  Time for last 10,000:    0s.  Last read position: 11:93,150,836
INFO	2018-05-27 03:18:50	MergeVcfs	Processed     3,360,000 records.  Elapsed time: 00:00:36s.  Time for last 10,000:    0s.  Last read position: 11:98,730,426
INFO	2018-05-27 03:18:50	MergeVcfs	Processed     3,370,000 records.  Elapsed time: 00:00:36s.  Time for last 10,000:    0s.  Last read position: 11:103,291,188
INFO	2018-05-27 03:18:50	MergeVcfs	Processed     3,380,000 records.  Elapsed time: 00:00:36s.  Time for last 10,000:    0s.  Last read position: 11:108,224,389
INFO	2018-05-27 03:18:50	MergeVcfs	Processed     3,390,000 records.  Elapsed time: 00:00:37s.  Time for last 10,000:    0s.  Last read position: 11:114,666,926
INFO	2018-05-27 03:18:50	MergeVcfs	Processed     3,400,000 records.  Elapsed time: 00:00:37s.  Time for last 10,000:    0s.  Last read position: 11:119,524,957
INFO	2018-05-27 03:18:50	MergeVcfs	Processed     3,410,000 records.  Elapsed time: 00:00:37s.  Time for last 10,000:    0s.  Last read position: 11:124,797,417
INFO	2018-05-27 03:18:50	MergeVcfs	Processed     3,420,000 records.  Elapsed time: 00:00:37s.  Time for last 10,000:    0s.  Last read position: 11:130,004,113
INFO	2018-05-27 03:18:50	MergeVcfs	Processed     3,430,000 records.  Elapsed time: 00:00:37s.  Time for last 10,000:    0s.  Last read position: 11:134,778,918
INFO	2018-05-27 03:18:50	MergeVcfs	Processed     3,440,000 records.  Elapsed time: 00:00:37s.  Time for last 10,000:    0s.  Last read position: 12:4,715,082
INFO	2018-05-27 03:18:51	MergeVcfs	Processed     3,450,000 records.  Elapsed time: 00:00:37s.  Time for last 10,000:    0s.  Last read position: 12:9,402,403
INFO	2018-05-27 03:18:51	MergeVcfs	Processed     3,460,000 records.  Elapsed time: 00:00:37s.  Time for last 10,000:    0s.  Last read position: 12:13,975,692
INFO	2018-05-27 03:18:51	MergeVcfs	Processed     3,470,000 records.  Elapsed time: 00:00:37s.  Time for last 10,000:    0s.  Last read position: 12:20,043,049
INFO	2018-05-27 03:18:51	MergeVcfs	Processed     3,480,000 records.  Elapsed time: 00:00:38s.  Time for last 10,000:    0s.  Last read position: 12:25,439,257
INFO	2018-05-27 03:18:51	MergeVcfs	Processed     3,490,000 records.  Elapsed time: 00:00:38s.  Time for last 10,000:    0s.  Last read position: 12:30,657,464
INFO	2018-05-27 03:18:51	MergeVcfs	Processed     3,500,000 records.  Elapsed time: 00:00:38s.  Time for last 10,000:    0s.  Last read position: 12:38,398,243
INFO	2018-05-27 03:18:51	MergeVcfs	Processed     3,510,000 records.  Elapsed time: 00:00:38s.  Time for last 10,000:    0s.  Last read position: 12:43,818,322
INFO	2018-05-27 03:18:51	MergeVcfs	Processed     3,520,000 records.  Elapsed time: 00:00:38s.  Time for last 10,000:    0s.  Last read position: 12:50,237,637
INFO	2018-05-27 03:18:51	MergeVcfs	Processed     3,530,000 records.  Elapsed time: 00:00:38s.  Time for last 10,000:    0s.  Last read position: 12:55,893,853
INFO	2018-05-27 03:18:51	MergeVcfs	Processed     3,540,000 records.  Elapsed time: 00:00:38s.  Time for last 10,000:    0s.  Last read position: 12:62,120,842
INFO	2018-05-27 03:18:52	MergeVcfs	Processed     3,550,000 records.  Elapsed time: 00:00:38s.  Time for last 10,000:    0s.  Last read position: 12:68,265,750
INFO	2018-05-27 03:18:52	MergeVcfs	Processed     3,560,000 records.  Elapsed time: 00:00:38s.  Time for last 10,000:    0s.  Last read position: 12:74,131,454
INFO	2018-05-27 03:18:52	MergeVcfs	Processed     3,570,000 records.  Elapsed time: 00:00:38s.  Time for last 10,000:    0s.  Last read position: 12:80,541,008
INFO	2018-05-27 03:18:52	MergeVcfs	Processed     3,580,000 records.  Elapsed time: 00:00:39s.  Time for last 10,000:    0s.  Last read position: 12:86,382,657
INFO	2018-05-27 03:18:52	MergeVcfs	Processed     3,590,000 records.  Elapsed time: 00:00:39s.  Time for last 10,000:    0s.  Last read position: 12:93,276,509
INFO	2018-05-27 03:18:52	MergeVcfs	Processed     3,600,000 records.  Elapsed time: 00:00:39s.  Time for last 10,000:    0s.  Last read position: 12:98,442,386
INFO	2018-05-27 03:18:52	MergeVcfs	Processed     3,610,000 records.  Elapsed time: 00:00:39s.  Time for last 10,000:    0s.  Last read position: 12:104,573,050
INFO	2018-05-27 03:18:52	MergeVcfs	Processed     3,620,000 records.  Elapsed time: 00:00:39s.  Time for last 10,000:    0s.  Last read position: 12:110,400,305
INFO	2018-05-27 03:18:52	MergeVcfs	Processed     3,630,000 records.  Elapsed time: 00:00:39s.  Time for last 10,000:    0s.  Last read position: 12:116,898,167
INFO	2018-05-27 03:18:52	MergeVcfs	Processed     3,640,000 records.  Elapsed time: 00:00:39s.  Time for last 10,000:    0s.  Last read position: 12:122,412,225
INFO	2018-05-27 03:18:53	MergeVcfs	Processed     3,650,000 records.  Elapsed time: 00:00:39s.  Time for last 10,000:    0s.  Last read position: 12:127,218,373
INFO	2018-05-27 03:18:53	MergeVcfs	Processed     3,660,000 records.  Elapsed time: 00:00:39s.  Time for last 10,000:    0s.  Last read position: 12:131,068,677
INFO	2018-05-27 03:18:53	MergeVcfs	Processed     3,670,000 records.  Elapsed time: 00:00:39s.  Time for last 10,000:    0s.  Last read position: 13:20,005,215
INFO	2018-05-27 03:18:53	MergeVcfs	Processed     3,680,000 records.  Elapsed time: 00:00:39s.  Time for last 10,000:    0s.  Last read position: 13:24,617,032
INFO	2018-05-27 03:18:53	MergeVcfs	Processed     3,690,000 records.  Elapsed time: 00:00:40s.  Time for last 10,000:    0s.  Last read position: 13:29,206,211
INFO	2018-05-27 03:18:53	MergeVcfs	Processed     3,700,000 records.  Elapsed time: 00:00:40s.  Time for last 10,000:    0s.  Last read position: 13:34,457,946
INFO	2018-05-27 03:18:53	MergeVcfs	Processed     3,710,000 records.  Elapsed time: 00:00:40s.  Time for last 10,000:    0s.  Last read position: 13:39,836,324
INFO	2018-05-27 03:18:53	MergeVcfs	Processed     3,720,000 records.  Elapsed time: 00:00:40s.  Time for last 10,000:    0s.  Last read position: 13:45,898,493
INFO	2018-05-27 03:18:53	MergeVcfs	Processed     3,730,000 records.  Elapsed time: 00:00:40s.  Time for last 10,000:    0s.  Last read position: 13:51,573,585
INFO	2018-05-27 03:18:53	MergeVcfs	Processed     3,740,000 records.  Elapsed time: 00:00:40s.  Time for last 10,000:    0s.  Last read position: 13:57,758,185
INFO	2018-05-27 03:18:53	MergeVcfs	Processed     3,750,000 records.  Elapsed time: 00:00:40s.  Time for last 10,000:    0s.  Last read position: 13:64,048,308
INFO	2018-05-27 03:18:54	MergeVcfs	Processed     3,760,000 records.  Elapsed time: 00:00:40s.  Time for last 10,000:    0s.  Last read position: 13:70,095,477
INFO	2018-05-27 03:18:54	MergeVcfs	Processed     3,770,000 records.  Elapsed time: 00:00:40s.  Time for last 10,000:    0s.  Last read position: 13:75,048,495
INFO	2018-05-27 03:18:54	MergeVcfs	Processed     3,780,000 records.  Elapsed time: 00:00:40s.  Time for last 10,000:    0s.  Last read position: 13:81,187,928
INFO	2018-05-27 03:18:54	MergeVcfs	Processed     3,790,000 records.  Elapsed time: 00:00:41s.  Time for last 10,000:    0s.  Last read position: 13:86,170,849
INFO	2018-05-27 03:18:54	MergeVcfs	Processed     3,800,000 records.  Elapsed time: 00:00:41s.  Time for last 10,000:    0s.  Last read position: 13:91,597,325
INFO	2018-05-27 03:18:54	MergeVcfs	Processed     3,810,000 records.  Elapsed time: 00:00:41s.  Time for last 10,000:    0s.  Last read position: 13:97,434,573
INFO	2018-05-27 03:18:54	MergeVcfs	Processed     3,820,000 records.  Elapsed time: 00:00:41s.  Time for last 10,000:    0s.  Last read position: 13:102,764,694
INFO	2018-05-27 03:18:54	MergeVcfs	Processed     3,830,000 records.  Elapsed time: 00:00:41s.  Time for last 10,000:    0s.  Last read position: 13:107,440,991
INFO	2018-05-27 03:18:54	MergeVcfs	Processed     3,840,000 records.  Elapsed time: 00:00:41s.  Time for last 10,000:    0s.  Last read position: 13:112,103,766
INFO	2018-05-27 03:18:54	MergeVcfs	Processed     3,850,000 records.  Elapsed time: 00:00:41s.  Time for last 10,000:    0s.  Last read position: 14:21,347,232
INFO	2018-05-27 03:18:55	MergeVcfs	Processed     3,860,000 records.  Elapsed time: 00:00:41s.  Time for last 10,000:    0s.  Last read position: 14:25,831,091
INFO	2018-05-27 03:18:55	MergeVcfs	Processed     3,870,000 records.  Elapsed time: 00:00:41s.  Time for last 10,000:    0s.  Last read position: 14:32,250,058
INFO	2018-05-27 03:18:55	MergeVcfs	Processed     3,880,000 records.  Elapsed time: 00:00:41s.  Time for last 10,000:    0s.  Last read position: 14:37,549,769
INFO	2018-05-27 03:18:55	MergeVcfs	Processed     3,890,000 records.  Elapsed time: 00:00:41s.  Time for last 10,000:    0s.  Last read position: 14:43,007,407
INFO	2018-05-27 03:18:55	MergeVcfs	Processed     3,900,000 records.  Elapsed time: 00:00:42s.  Time for last 10,000:    0s.  Last read position: 14:48,303,476
INFO	2018-05-27 03:18:55	MergeVcfs	Processed     3,910,000 records.  Elapsed time: 00:00:42s.  Time for last 10,000:    0s.  Last read position: 14:53,360,494
INFO	2018-05-27 03:18:55	MergeVcfs	Processed     3,920,000 records.  Elapsed time: 00:00:42s.  Time for last 10,000:    0s.  Last read position: 14:59,426,465
INFO	2018-05-27 03:18:55	MergeVcfs	Processed     3,930,000 records.  Elapsed time: 00:00:42s.  Time for last 10,000:    0s.  Last read position: 14:64,884,301
INFO	2018-05-27 03:18:55	MergeVcfs	Processed     3,940,000 records.  Elapsed time: 00:00:42s.  Time for last 10,000:    0s.  Last read position: 14:70,970,364
INFO	2018-05-27 03:18:55	MergeVcfs	Processed     3,950,000 records.  Elapsed time: 00:00:42s.  Time for last 10,000:    0s.  Last read position: 14:76,892,539
INFO	2018-05-27 03:18:55	MergeVcfs	Processed     3,960,000 records.  Elapsed time: 00:00:42s.  Time for last 10,000:    0s.  Last read position: 14:82,273,439
INFO	2018-05-27 03:18:56	MergeVcfs	Processed     3,970,000 records.  Elapsed time: 00:00:42s.  Time for last 10,000:    0s.  Last read position: 14:88,385,519
INFO	2018-05-27 03:18:56	MergeVcfs	Processed     3,980,000 records.  Elapsed time: 00:00:42s.  Time for last 10,000:    0s.  Last read position: 14:93,407,062
INFO	2018-05-27 03:18:56	MergeVcfs	Processed     3,990,000 records.  Elapsed time: 00:00:42s.  Time for last 10,000:    0s.  Last read position: 14:98,752,140
INFO	2018-05-27 03:18:56	MergeVcfs	Processed     4,000,000 records.  Elapsed time: 00:00:43s.  Time for last 10,000:    0s.  Last read position: 14:104,699,557
INFO	2018-05-27 03:18:56	MergeVcfs	Processed     4,010,000 records.  Elapsed time: 00:00:43s.  Time for last 10,000:    0s.  Last read position: 15:22,390,496
INFO	2018-05-27 03:18:56	MergeVcfs	Processed     4,020,000 records.  Elapsed time: 00:00:43s.  Time for last 10,000:    0s.  Last read position: 15:27,401,934
INFO	2018-05-27 03:18:56	MergeVcfs	Processed     4,030,000 records.  Elapsed time: 00:00:43s.  Time for last 10,000:    0s.  Last read position: 15:33,741,322
INFO	2018-05-27 03:18:56	MergeVcfs	Processed     4,040,000 records.  Elapsed time: 00:00:43s.  Time for last 10,000:    0s.  Last read position: 15:39,265,778
INFO	2018-05-27 03:18:56	MergeVcfs	Processed     4,050,000 records.  Elapsed time: 00:00:43s.  Time for last 10,000:    0s.  Last read position: 15:45,580,521
INFO	2018-05-27 03:18:56	MergeVcfs	Processed     4,060,000 records.  Elapsed time: 00:00:43s.  Time for last 10,000:    0s.  Last read position: 15:51,341,867
INFO	2018-05-27 03:18:56	MergeVcfs	Processed     4,070,000 records.  Elapsed time: 00:00:43s.  Time for last 10,000:    0s.  Last read position: 15:56,214,511
INFO	2018-05-27 03:18:57	MergeVcfs	Processed     4,080,000 records.  Elapsed time: 00:00:43s.  Time for last 10,000:    0s.  Last read position: 15:61,591,705
INFO	2018-05-27 03:18:57	MergeVcfs	Processed     4,090,000 records.  Elapsed time: 00:00:43s.  Time for last 10,000:    0s.  Last read position: 15:68,191,056
INFO	2018-05-27 03:18:57	MergeVcfs	Processed     4,100,000 records.  Elapsed time: 00:00:43s.  Time for last 10,000:    0s.  Last read position: 15:74,497,281
INFO	2018-05-27 03:18:57	MergeVcfs	Processed     4,110,000 records.  Elapsed time: 00:00:44s.  Time for last 10,000:    0s.  Last read position: 15:81,209,129
INFO	2018-05-27 03:18:57	MergeVcfs	Processed     4,120,000 records.  Elapsed time: 00:00:44s.  Time for last 10,000:    0s.  Last read position: 15:87,851,325
INFO	2018-05-27 03:18:57	MergeVcfs	Processed     4,130,000 records.  Elapsed time: 00:00:44s.  Time for last 10,000:    0s.  Last read position: 15:92,313,678
INFO	2018-05-27 03:18:57	MergeVcfs	Processed     4,140,000 records.  Elapsed time: 00:00:44s.  Time for last 10,000:    0s.  Last read position: 15:96,985,245
INFO	2018-05-27 03:18:57	MergeVcfs	Processed     4,150,000 records.  Elapsed time: 00:00:44s.  Time for last 10,000:    0s.  Last read position: 15:101,134,640
INFO	2018-05-27 03:18:57	MergeVcfs	Processed     4,160,000 records.  Elapsed time: 00:00:44s.  Time for last 10,000:    0s.  Last read position: 16:3,054,679
INFO	2018-05-27 03:18:57	MergeVcfs	Processed     4,170,000 records.  Elapsed time: 00:00:44s.  Time for last 10,000:    0s.  Last read position: 16:6,907,768
INFO	2018-05-27 03:18:58	MergeVcfs	Processed     4,180,000 records.  Elapsed time: 00:00:44s.  Time for last 10,000:    0s.  Last read position: 16:9,736,756
INFO	2018-05-27 03:18:58	MergeVcfs	Processed     4,190,000 records.  Elapsed time: 00:00:44s.  Time for last 10,000:    0s.  Last read position: 16:13,481,597
INFO	2018-05-27 03:18:58	MergeVcfs	Processed     4,200,000 records.  Elapsed time: 00:00:44s.  Time for last 10,000:    0s.  Last read position: 16:19,669,470
INFO	2018-05-27 03:18:58	MergeVcfs	Processed     4,210,000 records.  Elapsed time: 00:00:45s.  Time for last 10,000:    0s.  Last read position: 16:26,325,340
INFO	2018-05-27 03:18:58	MergeVcfs	Processed     4,220,000 records.  Elapsed time: 00:00:45s.  Time for last 10,000:    0s.  Last read position: 16:33,972,484
INFO	2018-05-27 03:18:58	MergeVcfs	Processed     4,230,000 records.  Elapsed time: 00:00:45s.  Time for last 10,000:    0s.  Last read position: 16:51,881,224
INFO	2018-05-27 03:18:58	MergeVcfs	Processed     4,240,000 records.  Elapsed time: 00:00:45s.  Time for last 10,000:    0s.  Last read position: 16:56,936,563
INFO	2018-05-27 03:18:58	MergeVcfs	Processed     4,250,000 records.  Elapsed time: 00:00:45s.  Time for last 10,000:    0s.  Last read position: 16:62,324,947
INFO	2018-05-27 03:18:58	MergeVcfs	Processed     4,260,000 records.  Elapsed time: 00:00:45s.  Time for last 10,000:    0s.  Last read position: 16:68,814,826
INFO	2018-05-27 03:18:58	MergeVcfs	Processed     4,270,000 records.  Elapsed time: 00:00:45s.  Time for last 10,000:    0s.  Last read position: 16:75,176,158
INFO	2018-05-27 03:18:58	MergeVcfs	Processed     4,280,000 records.  Elapsed time: 00:00:45s.  Time for last 10,000:    0s.  Last read position: 16:78,987,734
INFO	2018-05-27 03:18:59	MergeVcfs	Processed     4,290,000 records.  Elapsed time: 00:00:45s.  Time for last 10,000:    0s.  Last read position: 16:82,624,471
INFO	2018-05-27 03:18:59	MergeVcfs	Processed     4,300,000 records.  Elapsed time: 00:00:45s.  Time for last 10,000:    0s.  Last read position: 16:85,959,438
INFO	2018-05-27 03:18:59	MergeVcfs	Processed     4,310,000 records.  Elapsed time: 00:00:45s.  Time for last 10,000:    0s.  Last read position: 16:89,315,834
INFO	2018-05-27 03:18:59	MergeVcfs	Processed     4,320,000 records.  Elapsed time: 00:00:46s.  Time for last 10,000:    0s.  Last read position: 17:3,232,127
INFO	2018-05-27 03:18:59	MergeVcfs	Processed     4,330,000 records.  Elapsed time: 00:00:46s.  Time for last 10,000:    0s.  Last read position: 17:7,868,810
INFO	2018-05-27 03:18:59	MergeVcfs	Processed     4,340,000 records.  Elapsed time: 00:00:46s.  Time for last 10,000:    0s.  Last read position: 17:12,598,066
INFO	2018-05-27 03:18:59	MergeVcfs	Processed     4,350,000 records.  Elapsed time: 00:00:46s.  Time for last 10,000:    0s.  Last read position: 17:17,185,267
INFO	2018-05-27 03:18:59	MergeVcfs	Processed     4,360,000 records.  Elapsed time: 00:00:46s.  Time for last 10,000:    0s.  Last read position: 17:27,353,024
INFO	2018-05-27 03:18:59	MergeVcfs	Processed     4,370,000 records.  Elapsed time: 00:00:46s.  Time for last 10,000:    0s.  Last read position: 17:33,651,779
INFO	2018-05-27 03:18:59	MergeVcfs	Processed     4,380,000 records.  Elapsed time: 00:00:46s.  Time for last 10,000:    0s.  Last read position: 17:39,947,009
INFO	2018-05-27 03:19:00	MergeVcfs	Processed     4,390,000 records.  Elapsed time: 00:00:46s.  Time for last 10,000:    0s.  Last read position: 17:47,789,546
INFO	2018-05-27 03:19:00	MergeVcfs	Processed     4,400,000 records.  Elapsed time: 00:00:46s.  Time for last 10,000:    0s.  Last read position: 17:53,850,213
INFO	2018-05-27 03:19:00	MergeVcfs	Processed     4,410,000 records.  Elapsed time: 00:00:46s.  Time for last 10,000:    0s.  Last read position: 17:60,567,450
INFO	2018-05-27 03:19:00	MergeVcfs	Processed     4,420,000 records.  Elapsed time: 00:00:47s.  Time for last 10,000:    0s.  Last read position: 17:66,215,837
INFO	2018-05-27 03:19:00	MergeVcfs	Processed     4,430,000 records.  Elapsed time: 00:00:47s.  Time for last 10,000:    0s.  Last read position: 17:71,494,974
INFO	2018-05-27 03:19:00	MergeVcfs	Processed     4,440,000 records.  Elapsed time: 00:00:47s.  Time for last 10,000:    0s.  Last read position: 17:76,163,568
INFO	2018-05-27 03:19:00	MergeVcfs	Processed     4,450,000 records.  Elapsed time: 00:00:47s.  Time for last 10,000:    0s.  Last read position: 17:80,703,894
INFO	2018-05-27 03:19:00	MergeVcfs	Processed     4,460,000 records.  Elapsed time: 00:00:47s.  Time for last 10,000:    0s.  Last read position: 18:3,590,407
INFO	2018-05-27 03:19:00	MergeVcfs	Processed     4,470,000 records.  Elapsed time: 00:00:47s.  Time for last 10,000:    0s.  Last read position: 18:8,222,017
INFO	2018-05-27 03:19:00	MergeVcfs	Processed     4,480,000 records.  Elapsed time: 00:00:47s.  Time for last 10,000:    0s.  Last read position: 18:12,321,605
INFO	2018-05-27 03:19:00	MergeVcfs	Processed     4,490,000 records.  Elapsed time: 00:00:47s.  Time for last 10,000:    0s.  Last read position: 18:21,534,701
INFO	2018-05-27 03:19:01	MergeVcfs	Processed     4,500,000 records.  Elapsed time: 00:00:47s.  Time for last 10,000:    0s.  Last read position: 18:27,787,573
INFO	2018-05-27 03:19:01	MergeVcfs	Processed     4,510,000 records.  Elapsed time: 00:00:47s.  Time for last 10,000:    0s.  Last read position: 18:33,916,806
INFO	2018-05-27 03:19:01	MergeVcfs	Processed     4,520,000 records.  Elapsed time: 00:00:47s.  Time for last 10,000:    0s.  Last read position: 18:40,528,958
INFO	2018-05-27 03:19:01	MergeVcfs	Processed     4,530,000 records.  Elapsed time: 00:00:48s.  Time for last 10,000:    0s.  Last read position: 18:46,781,809
INFO	2018-05-27 03:19:01	MergeVcfs	Processed     4,540,000 records.  Elapsed time: 00:00:48s.  Time for last 10,000:    0s.  Last read position: 18:51,610,982
INFO	2018-05-27 03:19:01	MergeVcfs	Processed     4,550,000 records.  Elapsed time: 00:00:48s.  Time for last 10,000:    0s.  Last read position: 18:57,221,606
INFO	2018-05-27 03:19:01	MergeVcfs	Processed     4,560,000 records.  Elapsed time: 00:00:48s.  Time for last 10,000:    0s.  Last read position: 18:62,591,221
INFO	2018-05-27 03:19:01	MergeVcfs	Processed     4,570,000 records.  Elapsed time: 00:00:48s.  Time for last 10,000:    0s.  Last read position: 18:67,491,432
INFO	2018-05-27 03:19:01	MergeVcfs	Processed     4,580,000 records.  Elapsed time: 00:00:48s.  Time for last 10,000:    0s.  Last read position: 18:72,424,734
INFO	2018-05-27 03:19:01	MergeVcfs	Processed     4,590,000 records.  Elapsed time: 00:00:48s.  Time for last 10,000:    0s.  Last read position: 18:76,928,630
INFO	2018-05-27 03:19:02	MergeVcfs	Processed     4,600,000 records.  Elapsed time: 00:00:48s.  Time for last 10,000:    0s.  Last read position: 19:3,293,593
INFO	2018-05-27 03:19:02	MergeVcfs	Processed     4,610,000 records.  Elapsed time: 00:00:48s.  Time for last 10,000:    0s.  Last read position: 19:7,755,486
INFO	2018-05-27 03:19:02	MergeVcfs	Processed     4,620,000 records.  Elapsed time: 00:00:48s.  Time for last 10,000:    0s.  Last read position: 19:12,616,914
INFO	2018-05-27 03:19:02	MergeVcfs	Processed     4,630,000 records.  Elapsed time: 00:00:48s.  Time for last 10,000:    0s.  Last read position: 19:17,239,693
INFO	2018-05-27 03:19:02	MergeVcfs	Processed     4,640,000 records.  Elapsed time: 00:00:49s.  Time for last 10,000:    0s.  Last read position: 19:22,126,138
INFO	2018-05-27 03:19:02	MergeVcfs	Processed     4,650,000 records.  Elapsed time: 00:00:49s.  Time for last 10,000:    0s.  Last read position: 19:29,837,927
INFO	2018-05-27 03:19:02	MergeVcfs	Processed     4,660,000 records.  Elapsed time: 00:00:49s.  Time for last 10,000:    0s.  Last read position: 19:35,425,996
INFO	2018-05-27 03:19:02	MergeVcfs	Processed     4,670,000 records.  Elapsed time: 00:00:49s.  Time for last 10,000:    0s.  Last read position: 19:41,130,557
INFO	2018-05-27 03:19:02	MergeVcfs	Processed     4,680,000 records.  Elapsed time: 00:00:49s.  Time for last 10,000:    0s.  Last read position: 19:46,175,046
INFO	2018-05-27 03:19:02	MergeVcfs	Processed     4,690,000 records.  Elapsed time: 00:00:49s.  Time for last 10,000:    0s.  Last read position: 19:50,971,492
INFO	2018-05-27 03:19:02	MergeVcfs	Processed     4,700,000 records.  Elapsed time: 00:00:49s.  Time for last 10,000:    0s.  Last read position: 19:54,308,554
INFO	2018-05-27 03:19:03	MergeVcfs	Processed     4,710,000 records.  Elapsed time: 00:00:49s.  Time for last 10,000:    0s.  Last read position: 19:58,516,230
INFO	2018-05-27 03:19:03	MergeVcfs	Processed     4,720,000 records.  Elapsed time: 00:00:49s.  Time for last 10,000:    0s.  Last read position: 20:4,297,326
INFO	2018-05-27 03:19:03	MergeVcfs	Processed     4,730,000 records.  Elapsed time: 00:00:49s.  Time for last 10,000:    0s.  Last read position: 20:9,063,273
INFO	2018-05-27 03:19:03	MergeVcfs	Processed     4,740,000 records.  Elapsed time: 00:00:50s.  Time for last 10,000:    0s.  Last read position: 20:14,747,025
INFO	2018-05-27 03:19:03	MergeVcfs	Processed     4,750,000 records.  Elapsed time: 00:00:50s.  Time for last 10,000:    0s.  Last read position: 20:19,761,345
INFO	2018-05-27 03:19:03	MergeVcfs	Processed     4,760,000 records.  Elapsed time: 00:00:50s.  Time for last 10,000:    0s.  Last read position: 20:25,208,272
INFO	2018-05-27 03:19:03	MergeVcfs	Processed     4,770,000 records.  Elapsed time: 00:00:50s.  Time for last 10,000:    0s.  Last read position: 20:35,907,341
INFO	2018-05-27 03:19:03	MergeVcfs	Processed     4,780,000 records.  Elapsed time: 00:00:50s.  Time for last 10,000:    0s.  Last read position: 20:42,235,718
INFO	2018-05-27 03:19:03	MergeVcfs	Processed     4,790,000 records.  Elapsed time: 00:00:50s.  Time for last 10,000:    0s.  Last read position: 20:48,127,176
INFO	2018-05-27 03:19:03	MergeVcfs	Processed     4,800,000 records.  Elapsed time: 00:00:50s.  Time for last 10,000:    0s.  Last read position: 20:53,494,222
INFO	2018-05-27 03:19:03	MergeVcfs	Processed     4,810,000 records.  Elapsed time: 00:00:50s.  Time for last 10,000:    0s.  Last read position: 20:58,235,491
INFO	2018-05-27 03:19:04	MergeVcfs	Processed     4,820,000 records.  Elapsed time: 00:00:50s.  Time for last 10,000:    0s.  Last read position: 21:9,830,636
INFO	2018-05-27 03:19:04	MergeVcfs	Processed     4,830,000 records.  Elapsed time: 00:00:50s.  Time for last 10,000:    0s.  Last read position: 21:18,294,462
INFO	2018-05-27 03:19:04	MergeVcfs	Processed     4,840,000 records.  Elapsed time: 00:00:50s.  Time for last 10,000:    0s.  Last read position: 21:22,465,331
INFO	2018-05-27 03:19:04	MergeVcfs	Processed     4,850,000 records.  Elapsed time: 00:00:51s.  Time for last 10,000:    0s.  Last read position: 21:26,961,733
INFO	2018-05-27 03:19:04	MergeVcfs	Processed     4,860,000 records.  Elapsed time: 00:00:51s.  Time for last 10,000:    0s.  Last read position: 21:31,327,661
INFO	2018-05-27 03:19:04	MergeVcfs	Processed     4,870,000 records.  Elapsed time: 00:00:51s.  Time for last 10,000:    0s.  Last read position: 21:36,722,080
INFO	2018-05-27 03:19:04	MergeVcfs	Processed     4,880,000 records.  Elapsed time: 00:00:51s.  Time for last 10,000:    0s.  Last read position: 21:41,249,059
INFO	2018-05-27 03:19:04	MergeVcfs	Processed     4,890,000 records.  Elapsed time: 00:00:51s.  Time for last 10,000:    0s.  Last read position: 21:45,441,920
INFO	2018-05-27 03:19:04	MergeVcfs	Processed     4,900,000 records.  Elapsed time: 00:00:51s.  Time for last 10,000:    0s.  Last read position: 22:18,110,584
INFO	2018-05-27 03:19:04	MergeVcfs	Processed     4,910,000 records.  Elapsed time: 00:00:51s.  Time for last 10,000:    0s.  Last read position: 22:23,171,953
INFO	2018-05-27 03:19:05	MergeVcfs	Processed     4,920,000 records.  Elapsed time: 00:00:51s.  Time for last 10,000:    0s.  Last read position: 22:27,609,860
INFO	2018-05-27 03:19:05	MergeVcfs	Processed     4,930,000 records.  Elapsed time: 00:00:51s.  Time for last 10,000:    0s.  Last read position: 22:33,920,289
INFO	2018-05-27 03:19:05	MergeVcfs	Processed     4,940,000 records.  Elapsed time: 00:00:51s.  Time for last 10,000:    0s.  Last read position: 22:38,668,433
INFO	2018-05-27 03:19:05	MergeVcfs	Processed     4,950,000 records.  Elapsed time: 00:00:51s.  Time for last 10,000:    0s.  Last read position: 22:44,387,108
INFO	2018-05-27 03:19:05	MergeVcfs	Processed     4,960,000 records.  Elapsed time: 00:00:52s.  Time for last 10,000:    0s.  Last read position: 22:48,489,071
INFO	2018-05-27 03:19:05	MergeVcfs	Processed     4,970,000 records.  Elapsed time: 00:00:52s.  Time for last 10,000:    0s.  Last read position: X:561,687
INFO	2018-05-27 03:19:05	MergeVcfs	Processed     4,980,000 records.  Elapsed time: 00:00:52s.  Time for last 10,000:    0s.  Last read position: X:3,658,921
INFO	2018-05-27 03:19:05	MergeVcfs	Processed     4,990,000 records.  Elapsed time: 00:00:52s.  Time for last 10,000:    0s.  Last read position: X:10,374,033
INFO	2018-05-27 03:19:05	MergeVcfs	Processed     5,000,000 records.  Elapsed time: 00:00:52s.  Time for last 10,000:    0s.  Last read position: X:19,572,212
INFO	2018-05-27 03:19:05	MergeVcfs	Processed     5,010,000 records.  Elapsed time: 00:00:52s.  Time for last 10,000:    0s.  Last read position: X:26,952,863
INFO	2018-05-27 03:19:05	MergeVcfs	Processed     5,020,000 records.  Elapsed time: 00:00:52s.  Time for last 10,000:    0s.  Last read position: X:33,501,499
INFO	2018-05-27 03:19:06	MergeVcfs	Processed     5,030,000 records.  Elapsed time: 00:00:52s.  Time for last 10,000:    0s.  Last read position: X:41,061,408
INFO	2018-05-27 03:19:06	MergeVcfs	Processed     5,040,000 records.  Elapsed time: 00:00:52s.  Time for last 10,000:    0s.  Last read position: X:50,069,643
INFO	2018-05-27 03:19:06	MergeVcfs	Processed     5,050,000 records.  Elapsed time: 00:00:52s.  Time for last 10,000:    0s.  Last read position: X:63,281,182
INFO	2018-05-27 03:19:06	MergeVcfs	Processed     5,060,000 records.  Elapsed time: 00:00:53s.  Time for last 10,000:    0s.  Last read position: X:71,122,607
INFO	2018-05-27 03:19:06	MergeVcfs	Processed     5,070,000 records.  Elapsed time: 00:00:53s.  Time for last 10,000:    0s.  Last read position: X:79,380,369
INFO	2018-05-27 03:19:06	MergeVcfs	Processed     5,080,000 records.  Elapsed time: 00:00:53s.  Time for last 10,000:    0s.  Last read position: X:86,694,605
INFO	2018-05-27 03:19:06	MergeVcfs	Processed     5,090,000 records.  Elapsed time: 00:00:53s.  Time for last 10,000:    0s.  Last read position: X:92,464,012
INFO	2018-05-27 03:19:06	MergeVcfs	Processed     5,100,000 records.  Elapsed time: 00:00:53s.  Time for last 10,000:    0s.  Last read position: X:99,669,114
INFO	2018-05-27 03:19:06	MergeVcfs	Processed     5,110,000 records.  Elapsed time: 00:00:53s.  Time for last 10,000:    0s.  Last read position: X:109,378,119
INFO	2018-05-27 03:19:06	MergeVcfs	Processed     5,120,000 records.  Elapsed time: 00:00:53s.  Time for last 10,000:    0s.  Last read position: X:116,503,523
INFO	2018-05-27 03:19:06	MergeVcfs	Processed     5,130,000 records.  Elapsed time: 00:00:53s.  Time for last 10,000:    0s.  Last read position: X:123,309,357
INFO	2018-05-27 03:19:07	MergeVcfs	Processed     5,140,000 records.  Elapsed time: 00:00:53s.  Time for last 10,000:    0s.  Last read position: X:131,236,475
INFO	2018-05-27 03:19:07	MergeVcfs	Processed     5,150,000 records.  Elapsed time: 00:00:53s.  Time for last 10,000:    0s.  Last read position: X:140,966,276
INFO	2018-05-27 03:19:07	MergeVcfs	Processed     5,160,000 records.  Elapsed time: 00:00:53s.  Time for last 10,000:    0s.  Last read position: X:146,584,781
INFO	2018-05-27 03:19:07	MergeVcfs	Processed     5,170,000 records.  Elapsed time: 00:00:54s.  Time for last 10,000:    0s.  Last read position: X:154,891,554
[Sun May 27 03:19:07 UTC 2018] picard.vcf.MergeVcfs done. Elapsed time: 0.91 minutes.
Runtime.totalMemory()=273154048

Completed merging DDR control individual genotype VCF files from 1000 Genome Project
Sun 27 May 03:19:07 UTC 2018

Completed s01_select_HG02462_ddr_control_kgen.sh
Sun 27 May 03:19:07 UTC 2018

