Starting s01_select_HG02952_ddr_control_kgen.sh
Sun 27 May 22:51:31 UTC 2018

1000 Genomes Project Individual ID - DDR control genotype to be extracted - HG02952

Selecting DDR control individual genotype from 1000 Genome Project (Chromosome 1) ...
Sun 27 May 22:51:31 UTC 2018

Completed DDR control individual genotype from 1000 Genome Project (Chromosome 1)
Sun 27 May 23:20:08 UTC 2018

Selecting DDR control individual genotype from 1000 Genome Project (Chromosome 2) ...
Sun 27 May 23:20:08 UTC 2018

Completed DDR control individual genotype from 1000 Genome Project (Chromosome 2)
Sun 27 May 23:51:23 UTC 2018

Selecting DDR control individual genotype from 1000 Genome Project (Chromosome 3) ...
Sun 27 May 23:51:23 UTC 2018

Completed DDR control individual genotype from 1000 Genome Project (Chromosome 3)
Mon 28 May 00:16:08 UTC 2018

Selecting DDR control individual genotype from 1000 Genome Project (Chromosome 4) ...
Mon 28 May 00:16:08 UTC 2018

Completed DDR control individual genotype from 1000 Genome Project (Chromosome 4)
Mon 28 May 00:40:27 UTC 2018

Selecting DDR control individual genotype from 1000 Genome Project (Chromosome 5) ...
Mon 28 May 00:40:27 UTC 2018

Completed DDR control individual genotype from 1000 Genome Project (Chromosome 5)
Mon 28 May 01:03:41 UTC 2018

Selecting DDR control individual genotype from 1000 Genome Project (Chromosome 6) ...
Mon 28 May 01:03:41 UTC 2018

Completed DDR control individual genotype from 1000 Genome Project (Chromosome 6)
Mon 28 May 01:25:27 UTC 2018

Selecting DDR control individual genotype from 1000 Genome Project (Chromosome 7) ...
Mon 28 May 01:25:27 UTC 2018

Completed DDR control individual genotype from 1000 Genome Project (Chromosome 7)
Mon 28 May 01:45:44 UTC 2018

Selecting DDR control individual genotype from 1000 Genome Project (Chromosome 8) ...
Mon 28 May 01:45:44 UTC 2018

Completed DDR control individual genotype from 1000 Genome Project (Chromosome 8)
Mon 28 May 02:06:16 UTC 2018

Selecting DDR control individual genotype from 1000 Genome Project (Chromosome 9) ...
Mon 28 May 02:06:16 UTC 2018

Completed DDR control individual genotype from 1000 Genome Project (Chromosome 9)
Mon 28 May 02:21:49 UTC 2018

Selecting DDR control individual genotype from 1000 Genome Project (Chromosome 10) ...
Mon 28 May 02:21:49 UTC 2018

Completed DDR control individual genotype from 1000 Genome Project (Chromosome 10)
Mon 28 May 02:38:58 UTC 2018

Selecting DDR control individual genotype from 1000 Genome Project (Chromosome 11) ...
Mon 28 May 02:38:58 UTC 2018

Completed DDR control individual genotype from 1000 Genome Project (Chromosome 11)
Mon 28 May 02:56:46 UTC 2018

Selecting DDR control individual genotype from 1000 Genome Project (Chromosome 12) ...
Mon 28 May 02:56:46 UTC 2018

Completed DDR control individual genotype from 1000 Genome Project (Chromosome 12)
Mon 28 May 03:13:39 UTC 2018

Selecting DDR control individual genotype from 1000 Genome Project (Chromosome 13) ...
Mon 28 May 03:13:39 UTC 2018

Completed DDR control individual genotype from 1000 Genome Project (Chromosome 13)
Mon 28 May 03:25:57 UTC 2018

Selecting DDR control individual genotype from 1000 Genome Project (Chromosome 14) ...
Mon 28 May 03:25:57 UTC 2018

Completed DDR control individual genotype from 1000 Genome Project (Chromosome 14)
Mon 28 May 03:37:21 UTC 2018

Selecting DDR control individual genotype from 1000 Genome Project (Chromosome 15) ...
Mon 28 May 03:37:21 UTC 2018

Completed DDR control individual genotype from 1000 Genome Project (Chromosome 15)
Mon 28 May 03:48:32 UTC 2018

Selecting DDR control individual genotype from 1000 Genome Project (Chromosome 16) ...
Mon 28 May 03:48:32 UTC 2018

Completed DDR control individual genotype from 1000 Genome Project (Chromosome 16)
Mon 28 May 04:00:42 UTC 2018

Selecting DDR control individual genotype from 1000 Genome Project (Chromosome 17) ...
Mon 28 May 04:00:42 UTC 2018

Completed DDR control individual genotype from 1000 Genome Project (Chromosome 17)
Mon 28 May 04:11:04 UTC 2018

Selecting DDR control individual genotype from 1000 Genome Project (Chromosome 18) ...
Mon 28 May 04:11:04 UTC 2018

Completed DDR control individual genotype from 1000 Genome Project (Chromosome 18)
Mon 28 May 04:21:09 UTC 2018

Selecting DDR control individual genotype from 1000 Genome Project (Chromosome 19) ...
Mon 28 May 04:21:09 UTC 2018

Completed DDR control individual genotype from 1000 Genome Project (Chromosome 19)
Mon 28 May 04:29:24 UTC 2018

Selecting DDR control individual genotype from 1000 Genome Project (Chromosome 20) ...
Mon 28 May 04:29:24 UTC 2018

Completed DDR control individual genotype from 1000 Genome Project (Chromosome 20)
Mon 28 May 04:37:09 UTC 2018

Selecting DDR control individual genotype from 1000 Genome Project (Chromosome 21) ...
Mon 28 May 04:37:09 UTC 2018

Completed DDR control individual genotype from 1000 Genome Project (Chromosome 21)
Mon 28 May 04:41:56 UTC 2018

Selecting DDR control individual genotype from 1000 Genome Project (Chromosome 22) ...
Mon 28 May 04:41:56 UTC 2018

Completed DDR control individual genotype from 1000 Genome Project (Chromosome 22)
Mon 28 May 04:46:56 UTC 2018

Selecting DDR control individual genotype from 1000 Genome Project (Chromosome X) ...
Mon 28 May 04:46:56 UTC 2018

Completed DDR control individual genotype from 1000 Genome Project (Chromosome X)
Mon 28 May 05:02:13 UTC 2018


Merging DDR control individual genotype VCF files from 1000 Genome Project
Mon 28 May 05:02:13 UTC 2018
05:02:14.364 INFO  NativeLibraryLoader - Loading libgkl_compression.so from jar:file:/home/ec2-user/tools/picard/picard.jar!/com/intel/gkl/native/libgkl_compression.so
[Mon May 28 05:02:14 UTC 2018] MergeVcfs INPUT=[/home/ec2-user/results/data_analysis/gt_individuals/kgen/ddr_control/HG02952/s01_HG02952_ddr_control_kgen_chr1_raw.vcf, /home/ec2-user/results/data_analysis/gt_individuals/kgen/ddr_control/HG02952/s01_HG02952_ddr_control_kgen_chr2_raw.vcf, /home/ec2-user/results/data_analysis/gt_individuals/kgen/ddr_control/HG02952/s01_HG02952_ddr_control_kgen_chr3_raw.vcf, /home/ec2-user/results/data_analysis/gt_individuals/kgen/ddr_control/HG02952/s01_HG02952_ddr_control_kgen_chr4_raw.vcf, /home/ec2-user/results/data_analysis/gt_individuals/kgen/ddr_control/HG02952/s01_HG02952_ddr_control_kgen_chr5_raw.vcf, /home/ec2-user/results/data_analysis/gt_individuals/kgen/ddr_control/HG02952/s01_HG02952_ddr_control_kgen_chr6_raw.vcf, /home/ec2-user/results/data_analysis/gt_individuals/kgen/ddr_control/HG02952/s01_HG02952_ddr_control_kgen_chr7_raw.vcf, /home/ec2-user/results/data_analysis/gt_individuals/kgen/ddr_control/HG02952/s01_HG02952_ddr_control_kgen_chr8_raw.vcf, /home/ec2-user/results/data_analysis/gt_individuals/kgen/ddr_control/HG02952/s01_HG02952_ddr_control_kgen_chr9_raw.vcf, /home/ec2-user/results/data_analysis/gt_individuals/kgen/ddr_control/HG02952/s01_HG02952_ddr_control_kgen_chr10_raw.vcf, /home/ec2-user/results/data_analysis/gt_individuals/kgen/ddr_control/HG02952/s01_HG02952_ddr_control_kgen_chr11_raw.vcf, /home/ec2-user/results/data_analysis/gt_individuals/kgen/ddr_control/HG02952/s01_HG02952_ddr_control_kgen_chr12_raw.vcf, /home/ec2-user/results/data_analysis/gt_individuals/kgen/ddr_control/HG02952/s01_HG02952_ddr_control_kgen_chr13_raw.vcf, /home/ec2-user/results/data_analysis/gt_individuals/kgen/ddr_control/HG02952/s01_HG02952_ddr_control_kgen_chr14_raw.vcf, /home/ec2-user/results/data_analysis/gt_individuals/kgen/ddr_control/HG02952/s01_HG02952_ddr_control_kgen_chr15_raw.vcf, /home/ec2-user/results/data_analysis/gt_individuals/kgen/ddr_control/HG02952/s01_HG02952_ddr_control_kgen_chr16_raw.vcf, /home/ec2-user/results/data_analysis/gt_individuals/kgen/ddr_control/HG02952/s01_HG02952_ddr_control_kgen_chr17_raw.vcf, /home/ec2-user/results/data_analysis/gt_individuals/kgen/ddr_control/HG02952/s01_HG02952_ddr_control_kgen_chr18_raw.vcf, /home/ec2-user/results/data_analysis/gt_individuals/kgen/ddr_control/HG02952/s01_HG02952_ddr_control_kgen_chr19_raw.vcf, /home/ec2-user/results/data_analysis/gt_individuals/kgen/ddr_control/HG02952/s01_HG02952_ddr_control_kgen_chr20_raw.vcf, /home/ec2-user/results/data_analysis/gt_individuals/kgen/ddr_control/HG02952/s01_HG02952_ddr_control_kgen_chr21_raw.vcf, /home/ec2-user/results/data_analysis/gt_individuals/kgen/ddr_control/HG02952/s01_HG02952_ddr_control_kgen_chr22_raw.vcf, /home/ec2-user/results/data_analysis/gt_individuals/kgen/ddr_control/HG02952/s01_HG02952_ddr_control_kgen_chrX_raw.vcf] OUTPUT=/home/ec2-user/results/data_analysis/gt_individuals/kgen/ddr_control/HG02952/s01_HG02952_ddr_control_kgen_merged_raw.vcf.gz    VERBOSITY=INFO QUIET=false VALIDATION_STRINGENCY=STRICT COMPRESSION_LEVEL=5 MAX_RECORDS_IN_RAM=500000 CREATE_INDEX=true CREATE_MD5_FILE=false GA4GH_CLIENT_SECRETS=client_secrets.json USE_JDK_DEFLATER=false USE_JDK_INFLATER=false
[Mon May 28 05:02:14 UTC 2018] Executing as ec2-user@ip-172-31-42-132 on Linux 4.14.33-51.37.amzn1.x86_64 amd64; OpenJDK 64-Bit Server VM 1.8.0_171-b10; Deflater: Intel; Inflater: Intel; Provider GCS is not available; Picard version: 2.18.2-SNAPSHOT
INFO	2018-05-28 05:02:15	MergeVcfs	Processed        10,000 records.  Elapsed time: 00:00:01s.  Time for last 10,000:    0s.  Last read position: 1:5,196,623
INFO	2018-05-28 05:02:15	MergeVcfs	Processed        20,000 records.  Elapsed time: 00:00:01s.  Time for last 10,000:    0s.  Last read position: 1:9,908,121
INFO	2018-05-28 05:02:16	MergeVcfs	Processed        30,000 records.  Elapsed time: 00:00:01s.  Time for last 10,000:    0s.  Last read position: 1:15,956,769
INFO	2018-05-28 05:02:16	MergeVcfs	Processed        40,000 records.  Elapsed time: 00:00:02s.  Time for last 10,000:    0s.  Last read position: 1:20,734,811
INFO	2018-05-28 05:02:16	MergeVcfs	Processed        50,000 records.  Elapsed time: 00:00:02s.  Time for last 10,000:    0s.  Last read position: 1:26,569,821
INFO	2018-05-28 05:02:17	MergeVcfs	Processed        60,000 records.  Elapsed time: 00:00:02s.  Time for last 10,000:    0s.  Last read position: 1:33,059,774
INFO	2018-05-28 05:02:17	MergeVcfs	Processed        70,000 records.  Elapsed time: 00:00:03s.  Time for last 10,000:    0s.  Last read position: 1:39,989,681
INFO	2018-05-28 05:02:17	MergeVcfs	Processed        80,000 records.  Elapsed time: 00:00:03s.  Time for last 10,000:    0s.  Last read position: 1:46,825,484
INFO	2018-05-28 05:02:18	MergeVcfs	Processed        90,000 records.  Elapsed time: 00:00:03s.  Time for last 10,000:    0s.  Last read position: 1:54,372,232
INFO	2018-05-28 05:02:18	MergeVcfs	Processed       100,000 records.  Elapsed time: 00:00:04s.  Time for last 10,000:    0s.  Last read position: 1:60,116,715
INFO	2018-05-28 05:02:18	MergeVcfs	Processed       110,000 records.  Elapsed time: 00:00:04s.  Time for last 10,000:    0s.  Last read position: 1:65,708,834
INFO	2018-05-28 05:02:19	MergeVcfs	Processed       120,000 records.  Elapsed time: 00:00:04s.  Time for last 10,000:    0s.  Last read position: 1:72,061,953
INFO	2018-05-28 05:02:19	MergeVcfs	Processed       130,000 records.  Elapsed time: 00:00:05s.  Time for last 10,000:    0s.  Last read position: 1:78,992,202
INFO	2018-05-28 05:02:19	MergeVcfs	Processed       140,000 records.  Elapsed time: 00:00:05s.  Time for last 10,000:    0s.  Last read position: 1:84,199,862
INFO	2018-05-28 05:02:19	MergeVcfs	Processed       150,000 records.  Elapsed time: 00:00:05s.  Time for last 10,000:    0s.  Last read position: 1:90,315,760
INFO	2018-05-28 05:02:20	MergeVcfs	Processed       160,000 records.  Elapsed time: 00:00:05s.  Time for last 10,000:    0s.  Last read position: 1:96,374,698
INFO	2018-05-28 05:02:20	MergeVcfs	Processed       170,000 records.  Elapsed time: 00:00:06s.  Time for last 10,000:    0s.  Last read position: 1:102,337,562
INFO	2018-05-28 05:02:20	MergeVcfs	Processed       180,000 records.  Elapsed time: 00:00:06s.  Time for last 10,000:    0s.  Last read position: 1:107,069,233
INFO	2018-05-28 05:02:21	MergeVcfs	Processed       190,000 records.  Elapsed time: 00:00:06s.  Time for last 10,000:    0s.  Last read position: 1:113,069,361
INFO	2018-05-28 05:02:21	MergeVcfs	Processed       200,000 records.  Elapsed time: 00:00:06s.  Time for last 10,000:    0s.  Last read position: 1:119,883,402
INFO	2018-05-28 05:02:21	MergeVcfs	Processed       210,000 records.  Elapsed time: 00:00:07s.  Time for last 10,000:    0s.  Last read position: 1:151,515,188
INFO	2018-05-28 05:02:21	MergeVcfs	Processed       220,000 records.  Elapsed time: 00:00:07s.  Time for last 10,000:    0s.  Last read position: 1:158,200,251
INFO	2018-05-28 05:02:22	MergeVcfs	Processed       230,000 records.  Elapsed time: 00:00:07s.  Time for last 10,000:    0s.  Last read position: 1:163,813,636
INFO	2018-05-28 05:02:22	MergeVcfs	Processed       240,000 records.  Elapsed time: 00:00:07s.  Time for last 10,000:    0s.  Last read position: 1:169,480,045
INFO	2018-05-28 05:02:22	MergeVcfs	Processed       250,000 records.  Elapsed time: 00:00:08s.  Time for last 10,000:    0s.  Last read position: 1:175,114,473
INFO	2018-05-28 05:02:22	MergeVcfs	Processed       260,000 records.  Elapsed time: 00:00:08s.  Time for last 10,000:    0s.  Last read position: 1:181,806,715
INFO	2018-05-28 05:02:22	MergeVcfs	Processed       270,000 records.  Elapsed time: 00:00:08s.  Time for last 10,000:    0s.  Last read position: 1:188,078,749
INFO	2018-05-28 05:02:23	MergeVcfs	Processed       280,000 records.  Elapsed time: 00:00:08s.  Time for last 10,000:    0s.  Last read position: 1:193,120,533
INFO	2018-05-28 05:02:23	MergeVcfs	Processed       290,000 records.  Elapsed time: 00:00:08s.  Time for last 10,000:    0s.  Last read position: 1:199,218,458
INFO	2018-05-28 05:02:23	MergeVcfs	Processed       300,000 records.  Elapsed time: 00:00:09s.  Time for last 10,000:    0s.  Last read position: 1:204,957,045
INFO	2018-05-28 05:02:23	MergeVcfs	Processed       310,000 records.  Elapsed time: 00:00:09s.  Time for last 10,000:    0s.  Last read position: 1:211,340,551
INFO	2018-05-28 05:02:23	MergeVcfs	Processed       320,000 records.  Elapsed time: 00:00:09s.  Time for last 10,000:    0s.  Last read position: 1:217,929,714
INFO	2018-05-28 05:02:23	MergeVcfs	Processed       330,000 records.  Elapsed time: 00:00:09s.  Time for last 10,000:    0s.  Last read position: 1:224,050,035
INFO	2018-05-28 05:02:23	MergeVcfs	Processed       340,000 records.  Elapsed time: 00:00:09s.  Time for last 10,000:    0s.  Last read position: 1:230,088,714
INFO	2018-05-28 05:02:24	MergeVcfs	Processed       350,000 records.  Elapsed time: 00:00:09s.  Time for last 10,000:    0s.  Last read position: 1:235,131,560
INFO	2018-05-28 05:02:24	MergeVcfs	Processed       360,000 records.  Elapsed time: 00:00:09s.  Time for last 10,000:    0s.  Last read position: 1:239,468,556
INFO	2018-05-28 05:02:24	MergeVcfs	Processed       370,000 records.  Elapsed time: 00:00:09s.  Time for last 10,000:    0s.  Last read position: 1:244,481,355
INFO	2018-05-28 05:02:24	MergeVcfs	Processed       380,000 records.  Elapsed time: 00:00:09s.  Time for last 10,000:    0s.  Last read position: 1:248,547,687
INFO	2018-05-28 05:02:24	MergeVcfs	Processed       390,000 records.  Elapsed time: 00:00:10s.  Time for last 10,000:    0s.  Last read position: 2:3,414,878
INFO	2018-05-28 05:02:24	MergeVcfs	Processed       400,000 records.  Elapsed time: 00:00:10s.  Time for last 10,000:    0s.  Last read position: 2:8,156,738
INFO	2018-05-28 05:02:24	MergeVcfs	Processed       410,000 records.  Elapsed time: 00:00:10s.  Time for last 10,000:    0s.  Last read position: 2:13,025,042
INFO	2018-05-28 05:02:24	MergeVcfs	Processed       420,000 records.  Elapsed time: 00:00:10s.  Time for last 10,000:    0s.  Last read position: 2:18,263,341
INFO	2018-05-28 05:02:24	MergeVcfs	Processed       430,000 records.  Elapsed time: 00:00:10s.  Time for last 10,000:    0s.  Last read position: 2:23,777,944
INFO	2018-05-28 05:02:25	MergeVcfs	Processed       440,000 records.  Elapsed time: 00:00:10s.  Time for last 10,000:    0s.  Last read position: 2:30,498,019
INFO	2018-05-28 05:02:25	MergeVcfs	Processed       450,000 records.  Elapsed time: 00:00:10s.  Time for last 10,000:    0s.  Last read position: 2:35,361,484
INFO	2018-05-28 05:02:25	MergeVcfs	Processed       460,000 records.  Elapsed time: 00:00:10s.  Time for last 10,000:    0s.  Last read position: 2:39,798,463
INFO	2018-05-28 05:02:25	MergeVcfs	Processed       470,000 records.  Elapsed time: 00:00:10s.  Time for last 10,000:    0s.  Last read position: 2:44,281,886
INFO	2018-05-28 05:02:25	MergeVcfs	Processed       480,000 records.  Elapsed time: 00:00:11s.  Time for last 10,000:    0s.  Last read position: 2:49,620,566
INFO	2018-05-28 05:02:25	MergeVcfs	Processed       490,000 records.  Elapsed time: 00:00:11s.  Time for last 10,000:    0s.  Last read position: 2:54,745,591
INFO	2018-05-28 05:02:25	MergeVcfs	Processed       500,000 records.  Elapsed time: 00:00:11s.  Time for last 10,000:    0s.  Last read position: 2:60,708,597
INFO	2018-05-28 05:02:25	MergeVcfs	Processed       510,000 records.  Elapsed time: 00:00:11s.  Time for last 10,000:    0s.  Last read position: 2:67,198,671
INFO	2018-05-28 05:02:25	MergeVcfs	Processed       520,000 records.  Elapsed time: 00:00:11s.  Time for last 10,000:    0s.  Last read position: 2:72,282,343
INFO	2018-05-28 05:02:25	MergeVcfs	Processed       530,000 records.  Elapsed time: 00:00:11s.  Time for last 10,000:    0s.  Last read position: 2:78,048,982
INFO	2018-05-28 05:02:26	MergeVcfs	Processed       540,000 records.  Elapsed time: 00:00:11s.  Time for last 10,000:    0s.  Last read position: 2:83,771,183
INFO	2018-05-28 05:02:26	MergeVcfs	Processed       550,000 records.  Elapsed time: 00:00:11s.  Time for last 10,000:    0s.  Last read position: 2:96,558,400
INFO	2018-05-28 05:02:26	MergeVcfs	Processed       560,000 records.  Elapsed time: 00:00:11s.  Time for last 10,000:    0s.  Last read position: 2:103,281,417
INFO	2018-05-28 05:02:26	MergeVcfs	Processed       570,000 records.  Elapsed time: 00:00:12s.  Time for last 10,000:    0s.  Last read position: 2:109,671,152
INFO	2018-05-28 05:02:26	MergeVcfs	Processed       580,000 records.  Elapsed time: 00:00:12s.  Time for last 10,000:    0s.  Last read position: 2:117,074,559
INFO	2018-05-28 05:02:26	MergeVcfs	Processed       590,000 records.  Elapsed time: 00:00:12s.  Time for last 10,000:    0s.  Last read position: 2:122,420,997
INFO	2018-05-28 05:02:26	MergeVcfs	Processed       600,000 records.  Elapsed time: 00:00:12s.  Time for last 10,000:    0s.  Last read position: 2:127,779,523
INFO	2018-05-28 05:02:26	MergeVcfs	Processed       610,000 records.  Elapsed time: 00:00:12s.  Time for last 10,000:    0s.  Last read position: 2:132,907,706
INFO	2018-05-28 05:02:26	MergeVcfs	Processed       620,000 records.  Elapsed time: 00:00:12s.  Time for last 10,000:    0s.  Last read position: 2:139,217,034
INFO	2018-05-28 05:02:27	MergeVcfs	Processed       630,000 records.  Elapsed time: 00:00:12s.  Time for last 10,000:    0s.  Last read position: 2:145,741,849
INFO	2018-05-28 05:02:27	MergeVcfs	Processed       640,000 records.  Elapsed time: 00:00:12s.  Time for last 10,000:    0s.  Last read position: 2:153,443,131
INFO	2018-05-28 05:02:27	MergeVcfs	Processed       650,000 records.  Elapsed time: 00:00:12s.  Time for last 10,000:    0s.  Last read position: 2:160,567,230
INFO	2018-05-28 05:02:27	MergeVcfs	Processed       660,000 records.  Elapsed time: 00:00:12s.  Time for last 10,000:    0s.  Last read position: 2:167,607,256
INFO	2018-05-28 05:02:27	MergeVcfs	Processed       670,000 records.  Elapsed time: 00:00:13s.  Time for last 10,000:    0s.  Last read position: 2:173,123,788
INFO	2018-05-28 05:02:27	MergeVcfs	Processed       680,000 records.  Elapsed time: 00:00:13s.  Time for last 10,000:    0s.  Last read position: 2:179,674,101
INFO	2018-05-28 05:02:27	MergeVcfs	Processed       690,000 records.  Elapsed time: 00:00:13s.  Time for last 10,000:    0s.  Last read position: 2:185,718,167
INFO	2018-05-28 05:02:27	MergeVcfs	Processed       700,000 records.  Elapsed time: 00:00:13s.  Time for last 10,000:    0s.  Last read position: 2:191,740,996
INFO	2018-05-28 05:02:27	MergeVcfs	Processed       710,000 records.  Elapsed time: 00:00:13s.  Time for last 10,000:    0s.  Last read position: 2:198,058,456
INFO	2018-05-28 05:02:27	MergeVcfs	Processed       720,000 records.  Elapsed time: 00:00:13s.  Time for last 10,000:    0s.  Last read position: 2:205,579,867
INFO	2018-05-28 05:02:28	MergeVcfs	Processed       730,000 records.  Elapsed time: 00:00:13s.  Time for last 10,000:    0s.  Last read position: 2:211,329,194
INFO	2018-05-28 05:02:28	MergeVcfs	Processed       740,000 records.  Elapsed time: 00:00:13s.  Time for last 10,000:    0s.  Last read position: 2:216,731,239
INFO	2018-05-28 05:02:28	MergeVcfs	Processed       750,000 records.  Elapsed time: 00:00:13s.  Time for last 10,000:    0s.  Last read position: 2:222,119,771
INFO	2018-05-28 05:02:28	MergeVcfs	Processed       760,000 records.  Elapsed time: 00:00:13s.  Time for last 10,000:    0s.  Last read position: 2:227,833,869
INFO	2018-05-28 05:02:28	MergeVcfs	Processed       770,000 records.  Elapsed time: 00:00:14s.  Time for last 10,000:    0s.  Last read position: 2:232,559,780
INFO	2018-05-28 05:02:28	MergeVcfs	Processed       780,000 records.  Elapsed time: 00:00:14s.  Time for last 10,000:    0s.  Last read position: 2:237,799,749
INFO	2018-05-28 05:02:28	MergeVcfs	Processed       790,000 records.  Elapsed time: 00:00:14s.  Time for last 10,000:    0s.  Last read position: 2:242,466,439
INFO	2018-05-28 05:02:28	MergeVcfs	Processed       800,000 records.  Elapsed time: 00:00:14s.  Time for last 10,000:    0s.  Last read position: 3:3,146,027
INFO	2018-05-28 05:02:28	MergeVcfs	Processed       810,000 records.  Elapsed time: 00:00:14s.  Time for last 10,000:    0s.  Last read position: 3:6,794,477
INFO	2018-05-28 05:02:28	MergeVcfs	Processed       820,000 records.  Elapsed time: 00:00:14s.  Time for last 10,000:    0s.  Last read position: 3:11,110,632
INFO	2018-05-28 05:02:29	MergeVcfs	Processed       830,000 records.  Elapsed time: 00:00:14s.  Time for last 10,000:    0s.  Last read position: 3:16,105,565
INFO	2018-05-28 05:02:29	MergeVcfs	Processed       840,000 records.  Elapsed time: 00:00:14s.  Time for last 10,000:    0s.  Last read position: 3:21,767,099
INFO	2018-05-28 05:02:29	MergeVcfs	Processed       850,000 records.  Elapsed time: 00:00:14s.  Time for last 10,000:    0s.  Last read position: 3:26,244,346
INFO	2018-05-28 05:02:29	MergeVcfs	Processed       860,000 records.  Elapsed time: 00:00:14s.  Time for last 10,000:    0s.  Last read position: 3:31,232,962
INFO	2018-05-28 05:02:29	MergeVcfs	Processed       870,000 records.  Elapsed time: 00:00:15s.  Time for last 10,000:    0s.  Last read position: 3:37,500,658
INFO	2018-05-28 05:02:29	MergeVcfs	Processed       880,000 records.  Elapsed time: 00:00:15s.  Time for last 10,000:    0s.  Last read position: 3:42,760,950
INFO	2018-05-28 05:02:29	MergeVcfs	Processed       890,000 records.  Elapsed time: 00:00:15s.  Time for last 10,000:    0s.  Last read position: 3:51,074,689
INFO	2018-05-28 05:02:29	MergeVcfs	Processed       900,000 records.  Elapsed time: 00:00:15s.  Time for last 10,000:    0s.  Last read position: 3:57,149,659
INFO	2018-05-28 05:02:29	MergeVcfs	Processed       910,000 records.  Elapsed time: 00:00:15s.  Time for last 10,000:    0s.  Last read position: 3:62,055,402
INFO	2018-05-28 05:02:29	MergeVcfs	Processed       920,000 records.  Elapsed time: 00:00:15s.  Time for last 10,000:    0s.  Last read position: 3:67,665,158
INFO	2018-05-28 05:02:30	MergeVcfs	Processed       930,000 records.  Elapsed time: 00:00:15s.  Time for last 10,000:    0s.  Last read position: 3:73,649,851
INFO	2018-05-28 05:02:30	MergeVcfs	Processed       940,000 records.  Elapsed time: 00:00:15s.  Time for last 10,000:    0s.  Last read position: 3:79,020,639
INFO	2018-05-28 05:02:30	MergeVcfs	Processed       950,000 records.  Elapsed time: 00:00:15s.  Time for last 10,000:    0s.  Last read position: 3:85,070,397
INFO	2018-05-28 05:02:30	MergeVcfs	Processed       960,000 records.  Elapsed time: 00:00:16s.  Time for last 10,000:    0s.  Last read position: 3:93,559,148
INFO	2018-05-28 05:02:30	MergeVcfs	Processed       970,000 records.  Elapsed time: 00:00:16s.  Time for last 10,000:    0s.  Last read position: 3:98,277,697
INFO	2018-05-28 05:02:30	MergeVcfs	Processed       980,000 records.  Elapsed time: 00:00:16s.  Time for last 10,000:    0s.  Last read position: 3:103,670,148
INFO	2018-05-28 05:02:30	MergeVcfs	Processed       990,000 records.  Elapsed time: 00:00:16s.  Time for last 10,000:    0s.  Last read position: 3:109,193,224
INFO	2018-05-28 05:02:30	MergeVcfs	Processed     1,000,000 records.  Elapsed time: 00:00:16s.  Time for last 10,000:    0s.  Last read position: 3:114,840,753
INFO	2018-05-28 05:02:30	MergeVcfs	Processed     1,010,000 records.  Elapsed time: 00:00:16s.  Time for last 10,000:    0s.  Last read position: 3:120,669,362
INFO	2018-05-28 05:02:31	MergeVcfs	Processed     1,020,000 records.  Elapsed time: 00:00:16s.  Time for last 10,000:    0s.  Last read position: 3:125,827,856
INFO	2018-05-28 05:02:31	MergeVcfs	Processed     1,030,000 records.  Elapsed time: 00:00:16s.  Time for last 10,000:    0s.  Last read position: 3:131,463,806
INFO	2018-05-28 05:02:31	MergeVcfs	Processed     1,040,000 records.  Elapsed time: 00:00:16s.  Time for last 10,000:    0s.  Last read position: 3:137,874,658
INFO	2018-05-28 05:02:31	MergeVcfs	Processed     1,050,000 records.  Elapsed time: 00:00:16s.  Time for last 10,000:    0s.  Last read position: 3:144,081,150
INFO	2018-05-28 05:02:31	MergeVcfs	Processed     1,060,000 records.  Elapsed time: 00:00:17s.  Time for last 10,000:    0s.  Last read position: 3:149,180,484
INFO	2018-05-28 05:02:31	MergeVcfs	Processed     1,070,000 records.  Elapsed time: 00:00:17s.  Time for last 10,000:    0s.  Last read position: 3:155,349,753
INFO	2018-05-28 05:02:31	MergeVcfs	Processed     1,080,000 records.  Elapsed time: 00:00:17s.  Time for last 10,000:    0s.  Last read position: 3:161,730,602
INFO	2018-05-28 05:02:31	MergeVcfs	Processed     1,090,000 records.  Elapsed time: 00:00:17s.  Time for last 10,000:    0s.  Last read position: 3:165,852,332
INFO	2018-05-28 05:02:31	MergeVcfs	Processed     1,100,000 records.  Elapsed time: 00:00:17s.  Time for last 10,000:    0s.  Last read position: 3:171,631,185
INFO	2018-05-28 05:02:31	MergeVcfs	Processed     1,110,000 records.  Elapsed time: 00:00:17s.  Time for last 10,000:    0s.  Last read position: 3:176,749,178
INFO	2018-05-28 05:02:32	MergeVcfs	Processed     1,120,000 records.  Elapsed time: 00:00:17s.  Time for last 10,000:    0s.  Last read position: 3:182,942,922
INFO	2018-05-28 05:02:32	MergeVcfs	Processed     1,130,000 records.  Elapsed time: 00:00:17s.  Time for last 10,000:    0s.  Last read position: 3:188,066,896
INFO	2018-05-28 05:02:32	MergeVcfs	Processed     1,140,000 records.  Elapsed time: 00:00:17s.  Time for last 10,000:    0s.  Last read position: 3:192,594,495
INFO	2018-05-28 05:02:32	MergeVcfs	Processed     1,150,000 records.  Elapsed time: 00:00:17s.  Time for last 10,000:    0s.  Last read position: 3:197,069,915
INFO	2018-05-28 05:02:32	MergeVcfs	Processed     1,160,000 records.  Elapsed time: 00:00:18s.  Time for last 10,000:    0s.  Last read position: 4:3,972,003
INFO	2018-05-28 05:02:32	MergeVcfs	Processed     1,170,000 records.  Elapsed time: 00:00:18s.  Time for last 10,000:    0s.  Last read position: 4:7,619,580
INFO	2018-05-28 05:02:32	MergeVcfs	Processed     1,180,000 records.  Elapsed time: 00:00:18s.  Time for last 10,000:    0s.  Last read position: 4:11,313,306
INFO	2018-05-28 05:02:32	MergeVcfs	Processed     1,190,000 records.  Elapsed time: 00:00:18s.  Time for last 10,000:    0s.  Last read position: 4:15,870,614
INFO	2018-05-28 05:02:32	MergeVcfs	Processed     1,200,000 records.  Elapsed time: 00:00:18s.  Time for last 10,000:    0s.  Last read position: 4:21,624,493
INFO	2018-05-28 05:02:32	MergeVcfs	Processed     1,210,000 records.  Elapsed time: 00:00:18s.  Time for last 10,000:    0s.  Last read position: 4:27,207,431
INFO	2018-05-28 05:02:33	MergeVcfs	Processed     1,220,000 records.  Elapsed time: 00:00:18s.  Time for last 10,000:    0s.  Last read position: 4:32,002,286
INFO	2018-05-28 05:02:33	MergeVcfs	Processed     1,230,000 records.  Elapsed time: 00:00:18s.  Time for last 10,000:    0s.  Last read position: 4:36,643,675
INFO	2018-05-28 05:02:33	MergeVcfs	Processed     1,240,000 records.  Elapsed time: 00:00:18s.  Time for last 10,000:    0s.  Last read position: 4:41,939,617
INFO	2018-05-28 05:02:33	MergeVcfs	Processed     1,250,000 records.  Elapsed time: 00:00:18s.  Time for last 10,000:    0s.  Last read position: 4:47,074,060
INFO	2018-05-28 05:02:33	MergeVcfs	Processed     1,260,000 records.  Elapsed time: 00:00:19s.  Time for last 10,000:    0s.  Last read position: 4:56,672,559
INFO	2018-05-28 05:02:33	MergeVcfs	Processed     1,270,000 records.  Elapsed time: 00:00:19s.  Time for last 10,000:    0s.  Last read position: 4:61,050,932
INFO	2018-05-28 05:02:33	MergeVcfs	Processed     1,280,000 records.  Elapsed time: 00:00:19s.  Time for last 10,000:    0s.  Last read position: 4:66,178,847
INFO	2018-05-28 05:02:33	MergeVcfs	Processed     1,290,000 records.  Elapsed time: 00:00:19s.  Time for last 10,000:    0s.  Last read position: 4:70,550,784
INFO	2018-05-28 05:02:33	MergeVcfs	Processed     1,300,000 records.  Elapsed time: 00:00:19s.  Time for last 10,000:    0s.  Last read position: 4:75,667,005
INFO	2018-05-28 05:02:33	MergeVcfs	Processed     1,310,000 records.  Elapsed time: 00:00:19s.  Time for last 10,000:    0s.  Last read position: 4:80,779,394
INFO	2018-05-28 05:02:34	MergeVcfs	Processed     1,320,000 records.  Elapsed time: 00:00:19s.  Time for last 10,000:    0s.  Last read position: 4:86,149,049
INFO	2018-05-28 05:02:34	MergeVcfs	Processed     1,330,000 records.  Elapsed time: 00:00:19s.  Time for last 10,000:    0s.  Last read position: 4:91,511,483
INFO	2018-05-28 05:02:34	MergeVcfs	Processed     1,340,000 records.  Elapsed time: 00:00:19s.  Time for last 10,000:    0s.  Last read position: 4:96,796,873
INFO	2018-05-28 05:02:34	MergeVcfs	Processed     1,350,000 records.  Elapsed time: 00:00:19s.  Time for last 10,000:    0s.  Last read position: 4:102,312,520
INFO	2018-05-28 05:02:34	MergeVcfs	Processed     1,360,000 records.  Elapsed time: 00:00:20s.  Time for last 10,000:    0s.  Last read position: 4:108,302,594
INFO	2018-05-28 05:02:34	MergeVcfs	Processed     1,370,000 records.  Elapsed time: 00:00:20s.  Time for last 10,000:    0s.  Last read position: 4:113,891,148
INFO	2018-05-28 05:02:34	MergeVcfs	Processed     1,380,000 records.  Elapsed time: 00:00:20s.  Time for last 10,000:    0s.  Last read position: 4:118,719,890
INFO	2018-05-28 05:02:34	MergeVcfs	Processed     1,390,000 records.  Elapsed time: 00:00:20s.  Time for last 10,000:    0s.  Last read position: 4:124,700,832
INFO	2018-05-28 05:02:34	MergeVcfs	Processed     1,400,000 records.  Elapsed time: 00:00:20s.  Time for last 10,000:    0s.  Last read position: 4:130,729,352
INFO	2018-05-28 05:02:34	MergeVcfs	Processed     1,410,000 records.  Elapsed time: 00:00:20s.  Time for last 10,000:    0s.  Last read position: 4:135,903,212
INFO	2018-05-28 05:02:35	MergeVcfs	Processed     1,420,000 records.  Elapsed time: 00:00:20s.  Time for last 10,000:    0s.  Last read position: 4:141,291,825
INFO	2018-05-28 05:02:35	MergeVcfs	Processed     1,430,000 records.  Elapsed time: 00:00:20s.  Time for last 10,000:    0s.  Last read position: 4:146,880,574
INFO	2018-05-28 05:02:35	MergeVcfs	Processed     1,440,000 records.  Elapsed time: 00:00:20s.  Time for last 10,000:    0s.  Last read position: 4:153,665,192
INFO	2018-05-28 05:02:35	MergeVcfs	Processed     1,450,000 records.  Elapsed time: 00:00:20s.  Time for last 10,000:    0s.  Last read position: 4:159,011,152
INFO	2018-05-28 05:02:35	MergeVcfs	Processed     1,460,000 records.  Elapsed time: 00:00:21s.  Time for last 10,000:    0s.  Last read position: 4:163,954,163
INFO	2018-05-28 05:02:35	MergeVcfs	Processed     1,470,000 records.  Elapsed time: 00:00:21s.  Time for last 10,000:    0s.  Last read position: 4:168,495,592
INFO	2018-05-28 05:02:35	MergeVcfs	Processed     1,480,000 records.  Elapsed time: 00:00:21s.  Time for last 10,000:    0s.  Last read position: 4:173,435,062
INFO	2018-05-28 05:02:35	MergeVcfs	Processed     1,490,000 records.  Elapsed time: 00:00:21s.  Time for last 10,000:    0s.  Last read position: 4:178,810,478
INFO	2018-05-28 05:02:35	MergeVcfs	Processed     1,500,000 records.  Elapsed time: 00:00:21s.  Time for last 10,000:    0s.  Last read position: 4:183,346,542
INFO	2018-05-28 05:02:35	MergeVcfs	Processed     1,510,000 records.  Elapsed time: 00:00:21s.  Time for last 10,000:    0s.  Last read position: 4:187,526,006
INFO	2018-05-28 05:02:36	MergeVcfs	Processed     1,520,000 records.  Elapsed time: 00:00:21s.  Time for last 10,000:    0s.  Last read position: 5:181,730
INFO	2018-05-28 05:02:36	MergeVcfs	Processed     1,530,000 records.  Elapsed time: 00:00:21s.  Time for last 10,000:    0s.  Last read position: 5:3,932,065
INFO	2018-05-28 05:02:36	MergeVcfs	Processed     1,540,000 records.  Elapsed time: 00:00:21s.  Time for last 10,000:    0s.  Last read position: 5:8,276,729
INFO	2018-05-28 05:02:36	MergeVcfs	Processed     1,550,000 records.  Elapsed time: 00:00:22s.  Time for last 10,000:    0s.  Last read position: 5:13,234,965
INFO	2018-05-28 05:02:36	MergeVcfs	Processed     1,560,000 records.  Elapsed time: 00:00:22s.  Time for last 10,000:    0s.  Last read position: 5:18,310,232
INFO	2018-05-28 05:02:36	MergeVcfs	Processed     1,570,000 records.  Elapsed time: 00:00:22s.  Time for last 10,000:    0s.  Last read position: 5:24,019,187
INFO	2018-05-28 05:02:36	MergeVcfs	Processed     1,580,000 records.  Elapsed time: 00:00:22s.  Time for last 10,000:    0s.  Last read position: 5:29,186,674
INFO	2018-05-28 05:02:36	MergeVcfs	Processed     1,590,000 records.  Elapsed time: 00:00:22s.  Time for last 10,000:    0s.  Last read position: 5:33,610,529
INFO	2018-05-28 05:02:36	MergeVcfs	Processed     1,600,000 records.  Elapsed time: 00:00:22s.  Time for last 10,000:    0s.  Last read position: 5:39,241,259
INFO	2018-05-28 05:02:37	MergeVcfs	Processed     1,610,000 records.  Elapsed time: 00:00:22s.  Time for last 10,000:    0s.  Last read position: 5:45,842,163
INFO	2018-05-28 05:02:37	MergeVcfs	Processed     1,620,000 records.  Elapsed time: 00:00:22s.  Time for last 10,000:    0s.  Last read position: 5:53,989,412
INFO	2018-05-28 05:02:37	MergeVcfs	Processed     1,630,000 records.  Elapsed time: 00:00:22s.  Time for last 10,000:    0s.  Last read position: 5:59,146,240
INFO	2018-05-28 05:02:37	MergeVcfs	Processed     1,640,000 records.  Elapsed time: 00:00:22s.  Time for last 10,000:    0s.  Last read position: 5:65,517,043
INFO	2018-05-28 05:02:37	MergeVcfs	Processed     1,650,000 records.  Elapsed time: 00:00:23s.  Time for last 10,000:    0s.  Last read position: 5:73,498,140
INFO	2018-05-28 05:02:37	MergeVcfs	Processed     1,660,000 records.  Elapsed time: 00:00:23s.  Time for last 10,000:    0s.  Last read position: 5:78,779,038
INFO	2018-05-28 05:02:37	MergeVcfs	Processed     1,670,000 records.  Elapsed time: 00:00:23s.  Time for last 10,000:    0s.  Last read position: 5:84,467,554
INFO	2018-05-28 05:02:37	MergeVcfs	Processed     1,680,000 records.  Elapsed time: 00:00:23s.  Time for last 10,000:    0s.  Last read position: 5:91,126,182
INFO	2018-05-28 05:02:37	MergeVcfs	Processed     1,690,000 records.  Elapsed time: 00:00:23s.  Time for last 10,000:    0s.  Last read position: 5:98,249,555
INFO	2018-05-28 05:02:37	MergeVcfs	Processed     1,700,000 records.  Elapsed time: 00:00:23s.  Time for last 10,000:    0s.  Last read position: 5:103,910,073
INFO	2018-05-28 05:02:38	MergeVcfs	Processed     1,710,000 records.  Elapsed time: 00:00:23s.  Time for last 10,000:    0s.  Last read position: 5:109,526,138
INFO	2018-05-28 05:02:38	MergeVcfs	Processed     1,720,000 records.  Elapsed time: 00:00:23s.  Time for last 10,000:    0s.  Last read position: 5:114,591,726
INFO	2018-05-28 05:02:38	MergeVcfs	Processed     1,730,000 records.  Elapsed time: 00:00:23s.  Time for last 10,000:    0s.  Last read position: 5:119,127,050
INFO	2018-05-28 05:02:38	MergeVcfs	Processed     1,740,000 records.  Elapsed time: 00:00:24s.  Time for last 10,000:    0s.  Last read position: 5:124,375,580
INFO	2018-05-28 05:02:38	MergeVcfs	Processed     1,750,000 records.  Elapsed time: 00:00:24s.  Time for last 10,000:    0s.  Last read position: 5:129,443,268
INFO	2018-05-28 05:02:38	MergeVcfs	Processed     1,760,000 records.  Elapsed time: 00:00:24s.  Time for last 10,000:    0s.  Last read position: 5:136,035,261
INFO	2018-05-28 05:02:38	MergeVcfs	Processed     1,770,000 records.  Elapsed time: 00:00:24s.  Time for last 10,000:    0s.  Last read position: 5:143,046,538
INFO	2018-05-28 05:02:38	MergeVcfs	Processed     1,780,000 records.  Elapsed time: 00:00:24s.  Time for last 10,000:    0s.  Last read position: 5:148,666,184
INFO	2018-05-28 05:02:38	MergeVcfs	Processed     1,790,000 records.  Elapsed time: 00:00:24s.  Time for last 10,000:    0s.  Last read position: 5:154,283,664
INFO	2018-05-28 05:02:39	MergeVcfs	Processed     1,800,000 records.  Elapsed time: 00:00:24s.  Time for last 10,000:    0s.  Last read position: 5:160,192,274
INFO	2018-05-28 05:02:39	MergeVcfs	Processed     1,810,000 records.  Elapsed time: 00:00:24s.  Time for last 10,000:    0s.  Last read position: 5:166,127,229
INFO	2018-05-28 05:02:39	MergeVcfs	Processed     1,820,000 records.  Elapsed time: 00:00:24s.  Time for last 10,000:    0s.  Last read position: 5:171,934,770
INFO	2018-05-28 05:02:39	MergeVcfs	Processed     1,830,000 records.  Elapsed time: 00:00:24s.  Time for last 10,000:    0s.  Last read position: 5:177,507,917
INFO	2018-05-28 05:02:39	MergeVcfs	Processed     1,840,000 records.  Elapsed time: 00:00:25s.  Time for last 10,000:    0s.  Last read position: 6:1,220,449
INFO	2018-05-28 05:02:39	MergeVcfs	Processed     1,850,000 records.  Elapsed time: 00:00:25s.  Time for last 10,000:    0s.  Last read position: 6:5,427,766
INFO	2018-05-28 05:02:39	MergeVcfs	Processed     1,860,000 records.  Elapsed time: 00:00:25s.  Time for last 10,000:    0s.  Last read position: 6:9,910,238
INFO	2018-05-28 05:02:39	MergeVcfs	Processed     1,870,000 records.  Elapsed time: 00:00:25s.  Time for last 10,000:    0s.  Last read position: 6:14,796,104
INFO	2018-05-28 05:02:39	MergeVcfs	Processed     1,880,000 records.  Elapsed time: 00:00:25s.  Time for last 10,000:    0s.  Last read position: 6:19,737,117
INFO	2018-05-28 05:02:39	MergeVcfs	Processed     1,890,000 records.  Elapsed time: 00:00:25s.  Time for last 10,000:    0s.  Last read position: 6:24,556,324
INFO	2018-05-28 05:02:40	MergeVcfs	Processed     1,900,000 records.  Elapsed time: 00:00:25s.  Time for last 10,000:    0s.  Last read position: 6:29,819,280
INFO	2018-05-28 05:02:40	MergeVcfs	Processed     1,910,000 records.  Elapsed time: 00:00:25s.  Time for last 10,000:    0s.  Last read position: 6:31,394,279
INFO	2018-05-28 05:02:40	MergeVcfs	Processed     1,920,000 records.  Elapsed time: 00:00:25s.  Time for last 10,000:    0s.  Last read position: 6:32,674,031
INFO	2018-05-28 05:02:40	MergeVcfs	Processed     1,930,000 records.  Elapsed time: 00:00:25s.  Time for last 10,000:    0s.  Last read position: 6:37,003,359
INFO	2018-05-28 05:02:40	MergeVcfs	Processed     1,940,000 records.  Elapsed time: 00:00:26s.  Time for last 10,000:    0s.  Last read position: 6:42,512,396
INFO	2018-05-28 05:02:40	MergeVcfs	Processed     1,950,000 records.  Elapsed time: 00:00:26s.  Time for last 10,000:    0s.  Last read position: 6:48,596,464
INFO	2018-05-28 05:02:40	MergeVcfs	Processed     1,960,000 records.  Elapsed time: 00:00:26s.  Time for last 10,000:    0s.  Last read position: 6:54,247,467
INFO	2018-05-28 05:02:40	MergeVcfs	Processed     1,970,000 records.  Elapsed time: 00:00:26s.  Time for last 10,000:    0s.  Last read position: 6:62,665,637
INFO	2018-05-28 05:02:40	MergeVcfs	Processed     1,980,000 records.  Elapsed time: 00:00:26s.  Time for last 10,000:    0s.  Last read position: 6:67,317,922
INFO	2018-05-28 05:02:40	MergeVcfs	Processed     1,990,000 records.  Elapsed time: 00:00:26s.  Time for last 10,000:    0s.  Last read position: 6:72,907,911
INFO	2018-05-28 05:02:41	MergeVcfs	Processed     2,000,000 records.  Elapsed time: 00:00:26s.  Time for last 10,000:    0s.  Last read position: 6:77,888,387
INFO	2018-05-28 05:02:41	MergeVcfs	Processed     2,010,000 records.  Elapsed time: 00:00:26s.  Time for last 10,000:    0s.  Last read position: 6:82,752,798
INFO	2018-05-28 05:02:41	MergeVcfs	Processed     2,020,000 records.  Elapsed time: 00:00:26s.  Time for last 10,000:    0s.  Last read position: 6:88,317,675
INFO	2018-05-28 05:02:41	MergeVcfs	Processed     2,030,000 records.  Elapsed time: 00:00:26s.  Time for last 10,000:    0s.  Last read position: 6:94,262,344
INFO	2018-05-28 05:02:41	MergeVcfs	Processed     2,040,000 records.  Elapsed time: 00:00:27s.  Time for last 10,000:    0s.  Last read position: 6:100,230,125
INFO	2018-05-28 05:02:41	MergeVcfs	Processed     2,050,000 records.  Elapsed time: 00:00:27s.  Time for last 10,000:    0s.  Last read position: 6:105,909,575
INFO	2018-05-28 05:02:41	MergeVcfs	Processed     2,060,000 records.  Elapsed time: 00:00:27s.  Time for last 10,000:    0s.  Last read position: 6:111,638,640
INFO	2018-05-28 05:02:41	MergeVcfs	Processed     2,070,000 records.  Elapsed time: 00:00:27s.  Time for last 10,000:    0s.  Last read position: 6:117,599,295
INFO	2018-05-28 05:02:41	MergeVcfs	Processed     2,080,000 records.  Elapsed time: 00:00:27s.  Time for last 10,000:    0s.  Last read position: 6:123,437,367
INFO	2018-05-28 05:02:41	MergeVcfs	Processed     2,090,000 records.  Elapsed time: 00:00:27s.  Time for last 10,000:    0s.  Last read position: 6:129,537,858
INFO	2018-05-28 05:02:42	MergeVcfs	Processed     2,100,000 records.  Elapsed time: 00:00:27s.  Time for last 10,000:    0s.  Last read position: 6:134,873,987
INFO	2018-05-28 05:02:42	MergeVcfs	Processed     2,110,000 records.  Elapsed time: 00:00:27s.  Time for last 10,000:    0s.  Last read position: 6:141,026,033
INFO	2018-05-28 05:02:42	MergeVcfs	Processed     2,120,000 records.  Elapsed time: 00:00:27s.  Time for last 10,000:    0s.  Last read position: 6:147,839,774
INFO	2018-05-28 05:02:42	MergeVcfs	Processed     2,130,000 records.  Elapsed time: 00:00:27s.  Time for last 10,000:    0s.  Last read position: 6:152,482,411
INFO	2018-05-28 05:02:42	MergeVcfs	Processed     2,140,000 records.  Elapsed time: 00:00:28s.  Time for last 10,000:    0s.  Last read position: 6:158,088,649
INFO	2018-05-28 05:02:42	MergeVcfs	Processed     2,150,000 records.  Elapsed time: 00:00:28s.  Time for last 10,000:    0s.  Last read position: 6:162,690,035
INFO	2018-05-28 05:02:42	MergeVcfs	Processed     2,160,000 records.  Elapsed time: 00:00:28s.  Time for last 10,000:    0s.  Last read position: 6:167,209,669
INFO	2018-05-28 05:02:42	MergeVcfs	Processed     2,170,000 records.  Elapsed time: 00:00:28s.  Time for last 10,000:    0s.  Last read position: 7:409,307
INFO	2018-05-28 05:02:42	MergeVcfs	Processed     2,180,000 records.  Elapsed time: 00:00:28s.  Time for last 10,000:    0s.  Last read position: 7:4,363,337
INFO	2018-05-28 05:02:42	MergeVcfs	Processed     2,190,000 records.  Elapsed time: 00:00:28s.  Time for last 10,000:    0s.  Last read position: 7:8,246,960
INFO	2018-05-28 05:02:43	MergeVcfs	Processed     2,200,000 records.  Elapsed time: 00:00:28s.  Time for last 10,000:    0s.  Last read position: 7:12,026,323
INFO	2018-05-28 05:02:43	MergeVcfs	Processed     2,210,000 records.  Elapsed time: 00:00:28s.  Time for last 10,000:    0s.  Last read position: 7:15,902,599
INFO	2018-05-28 05:02:43	MergeVcfs	Processed     2,220,000 records.  Elapsed time: 00:00:28s.  Time for last 10,000:    0s.  Last read position: 7:20,508,572
INFO	2018-05-28 05:02:43	MergeVcfs	Processed     2,230,000 records.  Elapsed time: 00:00:29s.  Time for last 10,000:    0s.  Last read position: 7:25,363,762
INFO	2018-05-28 05:02:43	MergeVcfs	Processed     2,240,000 records.  Elapsed time: 00:00:29s.  Time for last 10,000:    0s.  Last read position: 7:30,822,700
INFO	2018-05-28 05:02:43	MergeVcfs	Processed     2,250,000 records.  Elapsed time: 00:00:29s.  Time for last 10,000:    0s.  Last read position: 7:36,538,581
INFO	2018-05-28 05:02:43	MergeVcfs	Processed     2,260,000 records.  Elapsed time: 00:00:29s.  Time for last 10,000:    0s.  Last read position: 7:42,285,505
INFO	2018-05-28 05:02:43	MergeVcfs	Processed     2,270,000 records.  Elapsed time: 00:00:29s.  Time for last 10,000:    0s.  Last read position: 7:47,678,872
INFO	2018-05-28 05:02:43	MergeVcfs	Processed     2,280,000 records.  Elapsed time: 00:00:29s.  Time for last 10,000:    0s.  Last read position: 7:52,261,749
INFO	2018-05-28 05:02:44	MergeVcfs	Processed     2,290,000 records.  Elapsed time: 00:00:29s.  Time for last 10,000:    0s.  Last read position: 7:57,311,253
INFO	2018-05-28 05:02:44	MergeVcfs	Processed     2,300,000 records.  Elapsed time: 00:00:29s.  Time for last 10,000:    0s.  Last read position: 7:66,460,197
INFO	2018-05-28 05:02:44	MergeVcfs	Processed     2,310,000 records.  Elapsed time: 00:00:29s.  Time for last 10,000:    0s.  Last read position: 7:71,308,684
INFO	2018-05-28 05:02:44	MergeVcfs	Processed     2,320,000 records.  Elapsed time: 00:00:29s.  Time for last 10,000:    0s.  Last read position: 7:78,104,587
INFO	2018-05-28 05:02:44	MergeVcfs	Processed     2,330,000 records.  Elapsed time: 00:00:30s.  Time for last 10,000:    0s.  Last read position: 7:82,993,944
INFO	2018-05-28 05:02:44	MergeVcfs	Processed     2,340,000 records.  Elapsed time: 00:00:30s.  Time for last 10,000:    0s.  Last read position: 7:88,644,439
INFO	2018-05-28 05:02:44	MergeVcfs	Processed     2,350,000 records.  Elapsed time: 00:00:30s.  Time for last 10,000:    0s.  Last read position: 7:95,068,684
INFO	2018-05-28 05:02:44	MergeVcfs	Processed     2,360,000 records.  Elapsed time: 00:00:30s.  Time for last 10,000:    0s.  Last read position: 7:101,144,122
INFO	2018-05-28 05:02:44	MergeVcfs	Processed     2,370,000 records.  Elapsed time: 00:00:30s.  Time for last 10,000:    0s.  Last read position: 7:107,347,862
INFO	2018-05-28 05:02:44	MergeVcfs	Processed     2,380,000 records.  Elapsed time: 00:00:30s.  Time for last 10,000:    0s.  Last read position: 7:113,443,158
INFO	2018-05-28 05:02:45	MergeVcfs	Processed     2,390,000 records.  Elapsed time: 00:00:30s.  Time for last 10,000:    0s.  Last read position: 7:120,721,087
INFO	2018-05-28 05:02:45	MergeVcfs	Processed     2,400,000 records.  Elapsed time: 00:00:30s.  Time for last 10,000:    0s.  Last read position: 7:126,297,198
INFO	2018-05-28 05:02:45	MergeVcfs	Processed     2,410,000 records.  Elapsed time: 00:00:30s.  Time for last 10,000:    0s.  Last read position: 7:132,361,132
INFO	2018-05-28 05:02:45	MergeVcfs	Processed     2,420,000 records.  Elapsed time: 00:00:30s.  Time for last 10,000:    0s.  Last read position: 7:137,818,761
INFO	2018-05-28 05:02:45	MergeVcfs	Processed     2,430,000 records.  Elapsed time: 00:00:31s.  Time for last 10,000:    0s.  Last read position: 7:143,617,181
INFO	2018-05-28 05:02:45	MergeVcfs	Processed     2,440,000 records.  Elapsed time: 00:00:31s.  Time for last 10,000:    0s.  Last read position: 7:147,980,166
INFO	2018-05-28 05:02:45	MergeVcfs	Processed     2,450,000 records.  Elapsed time: 00:00:31s.  Time for last 10,000:    0s.  Last read position: 7:152,339,198
INFO	2018-05-28 05:02:45	MergeVcfs	Processed     2,460,000 records.  Elapsed time: 00:00:31s.  Time for last 10,000:    0s.  Last read position: 7:156,415,495
INFO	2018-05-28 05:02:45	MergeVcfs	Processed     2,470,000 records.  Elapsed time: 00:00:31s.  Time for last 10,000:    0s.  Last read position: 8:1,055,618
INFO	2018-05-28 05:02:45	MergeVcfs	Processed     2,480,000 records.  Elapsed time: 00:00:31s.  Time for last 10,000:    0s.  Last read position: 8:3,576,761
INFO	2018-05-28 05:02:46	MergeVcfs	Processed     2,490,000 records.  Elapsed time: 00:00:31s.  Time for last 10,000:    0s.  Last read position: 8:5,865,072
INFO	2018-05-28 05:02:46	MergeVcfs	Processed     2,500,000 records.  Elapsed time: 00:00:31s.  Time for last 10,000:    0s.  Last read position: 8:10,016,969
INFO	2018-05-28 05:02:46	MergeVcfs	Processed     2,510,000 records.  Elapsed time: 00:00:31s.  Time for last 10,000:    0s.  Last read position: 8:13,727,250
INFO	2018-05-28 05:02:46	MergeVcfs	Processed     2,520,000 records.  Elapsed time: 00:00:31s.  Time for last 10,000:    0s.  Last read position: 8:17,171,226
INFO	2018-05-28 05:02:46	MergeVcfs	Processed     2,530,000 records.  Elapsed time: 00:00:32s.  Time for last 10,000:    0s.  Last read position: 8:20,884,737
INFO	2018-05-28 05:02:46	MergeVcfs	Processed     2,540,000 records.  Elapsed time: 00:00:32s.  Time for last 10,000:    0s.  Last read position: 8:26,584,614
INFO	2018-05-28 05:02:46	MergeVcfs	Processed     2,550,000 records.  Elapsed time: 00:00:32s.  Time for last 10,000:    0s.  Last read position: 8:32,256,384
INFO	2018-05-28 05:02:46	MergeVcfs	Processed     2,560,000 records.  Elapsed time: 00:00:32s.  Time for last 10,000:    0s.  Last read position: 8:39,511,559
INFO	2018-05-28 05:02:46	MergeVcfs	Processed     2,570,000 records.  Elapsed time: 00:00:32s.  Time for last 10,000:    0s.  Last read position: 8:48,009,973
INFO	2018-05-28 05:02:46	MergeVcfs	Processed     2,580,000 records.  Elapsed time: 00:00:32s.  Time for last 10,000:    0s.  Last read position: 8:54,264,722
INFO	2018-05-28 05:02:47	MergeVcfs	Processed     2,590,000 records.  Elapsed time: 00:00:32s.  Time for last 10,000:    0s.  Last read position: 8:59,166,220
INFO	2018-05-28 05:02:47	MergeVcfs	Processed     2,600,000 records.  Elapsed time: 00:00:32s.  Time for last 10,000:    0s.  Last read position: 8:64,895,476
INFO	2018-05-28 05:02:47	MergeVcfs	Processed     2,610,000 records.  Elapsed time: 00:00:32s.  Time for last 10,000:    0s.  Last read position: 8:71,083,453
INFO	2018-05-28 05:02:47	MergeVcfs	Processed     2,620,000 records.  Elapsed time: 00:00:32s.  Time for last 10,000:    0s.  Last read position: 8:77,391,517
INFO	2018-05-28 05:02:47	MergeVcfs	Processed     2,630,000 records.  Elapsed time: 00:00:33s.  Time for last 10,000:    0s.  Last read position: 8:83,841,511
INFO	2018-05-28 05:02:47	MergeVcfs	Processed     2,640,000 records.  Elapsed time: 00:00:33s.  Time for last 10,000:    0s.  Last read position: 8:90,064,399
INFO	2018-05-28 05:02:47	MergeVcfs	Processed     2,650,000 records.  Elapsed time: 00:00:33s.  Time for last 10,000:    0s.  Last read position: 8:96,733,383
INFO	2018-05-28 05:02:47	MergeVcfs	Processed     2,660,000 records.  Elapsed time: 00:00:33s.  Time for last 10,000:    0s.  Last read position: 8:103,517,990
INFO	2018-05-28 05:02:47	MergeVcfs	Processed     2,670,000 records.  Elapsed time: 00:00:33s.  Time for last 10,000:    0s.  Last read position: 8:109,694,787
INFO	2018-05-28 05:02:47	MergeVcfs	Processed     2,680,000 records.  Elapsed time: 00:00:33s.  Time for last 10,000:    0s.  Last read position: 8:115,690,651
INFO	2018-05-28 05:02:48	MergeVcfs	Processed     2,690,000 records.  Elapsed time: 00:00:33s.  Time for last 10,000:    0s.  Last read position: 8:121,060,121
INFO	2018-05-28 05:02:48	MergeVcfs	Processed     2,700,000 records.  Elapsed time: 00:00:33s.  Time for last 10,000:    0s.  Last read position: 8:126,451,081
INFO	2018-05-28 05:02:48	MergeVcfs	Processed     2,710,000 records.  Elapsed time: 00:00:33s.  Time for last 10,000:    0s.  Last read position: 8:132,213,420
INFO	2018-05-28 05:02:48	MergeVcfs	Processed     2,720,000 records.  Elapsed time: 00:00:34s.  Time for last 10,000:    0s.  Last read position: 8:136,909,117
INFO	2018-05-28 05:02:48	MergeVcfs	Processed     2,730,000 records.  Elapsed time: 00:00:34s.  Time for last 10,000:    0s.  Last read position: 8:141,096,474
INFO	2018-05-28 05:02:48	MergeVcfs	Processed     2,740,000 records.  Elapsed time: 00:00:34s.  Time for last 10,000:    0s.  Last read position: 8:145,962,341
INFO	2018-05-28 05:02:48	MergeVcfs	Processed     2,750,000 records.  Elapsed time: 00:00:34s.  Time for last 10,000:    0s.  Last read position: 9:3,019,701
INFO	2018-05-28 05:02:48	MergeVcfs	Processed     2,760,000 records.  Elapsed time: 00:00:34s.  Time for last 10,000:    0s.  Last read position: 9:7,524,485
INFO	2018-05-28 05:02:48	MergeVcfs	Processed     2,770,000 records.  Elapsed time: 00:00:34s.  Time for last 10,000:    0s.  Last read position: 9:11,115,210
INFO	2018-05-28 05:02:49	MergeVcfs	Processed     2,780,000 records.  Elapsed time: 00:00:34s.  Time for last 10,000:    0s.  Last read position: 9:15,913,444
INFO	2018-05-28 05:02:49	MergeVcfs	Processed     2,790,000 records.  Elapsed time: 00:00:34s.  Time for last 10,000:    0s.  Last read position: 9:20,292,651
INFO	2018-05-28 05:02:49	MergeVcfs	Processed     2,800,000 records.  Elapsed time: 00:00:34s.  Time for last 10,000:    0s.  Last read position: 9:26,105,000
INFO	2018-05-28 05:02:49	MergeVcfs	Processed     2,810,000 records.  Elapsed time: 00:00:34s.  Time for last 10,000:    0s.  Last read position: 9:30,662,932
INFO	2018-05-28 05:02:49	MergeVcfs	Processed     2,820,000 records.  Elapsed time: 00:00:35s.  Time for last 10,000:    0s.  Last read position: 9:36,627,766
INFO	2018-05-28 05:02:49	MergeVcfs	Processed     2,830,000 records.  Elapsed time: 00:00:35s.  Time for last 10,000:    0s.  Last read position: 9:71,463,132
INFO	2018-05-28 05:02:49	MergeVcfs	Processed     2,840,000 records.  Elapsed time: 00:00:35s.  Time for last 10,000:    0s.  Last read position: 9:77,587,202
INFO	2018-05-28 05:02:49	MergeVcfs	Processed     2,850,000 records.  Elapsed time: 00:00:35s.  Time for last 10,000:    0s.  Last read position: 9:83,210,614
INFO	2018-05-28 05:02:49	MergeVcfs	Processed     2,860,000 records.  Elapsed time: 00:00:35s.  Time for last 10,000:    0s.  Last read position: 9:89,171,150
INFO	2018-05-28 05:02:49	MergeVcfs	Processed     2,870,000 records.  Elapsed time: 00:00:35s.  Time for last 10,000:    0s.  Last read position: 9:94,722,657
INFO	2018-05-28 05:02:50	MergeVcfs	Processed     2,880,000 records.  Elapsed time: 00:00:35s.  Time for last 10,000:    0s.  Last read position: 9:100,401,573
INFO	2018-05-28 05:02:50	MergeVcfs	Processed     2,890,000 records.  Elapsed time: 00:00:35s.  Time for last 10,000:    0s.  Last read position: 9:105,889,719
INFO	2018-05-28 05:02:50	MergeVcfs	Processed     2,900,000 records.  Elapsed time: 00:00:35s.  Time for last 10,000:    0s.  Last read position: 9:111,526,799
INFO	2018-05-28 05:02:50	MergeVcfs	Processed     2,910,000 records.  Elapsed time: 00:00:35s.  Time for last 10,000:    0s.  Last read position: 9:116,912,084
INFO	2018-05-28 05:02:50	MergeVcfs	Processed     2,920,000 records.  Elapsed time: 00:00:36s.  Time for last 10,000:    0s.  Last read position: 9:122,644,820
INFO	2018-05-28 05:02:50	MergeVcfs	Processed     2,930,000 records.  Elapsed time: 00:00:36s.  Time for last 10,000:    0s.  Last read position: 9:129,660,885
INFO	2018-05-28 05:02:50	MergeVcfs	Processed     2,940,000 records.  Elapsed time: 00:00:36s.  Time for last 10,000:    0s.  Last read position: 9:134,696,841
INFO	2018-05-28 05:02:50	MergeVcfs	Processed     2,950,000 records.  Elapsed time: 00:00:36s.  Time for last 10,000:    0s.  Last read position: 9:139,060,385
INFO	2018-05-28 05:02:50	MergeVcfs	Processed     2,960,000 records.  Elapsed time: 00:00:36s.  Time for last 10,000:    0s.  Last read position: 10:3,062,338
INFO	2018-05-28 05:02:50	MergeVcfs	Processed     2,970,000 records.  Elapsed time: 00:00:36s.  Time for last 10,000:    0s.  Last read position: 10:7,266,268
INFO	2018-05-28 05:02:51	MergeVcfs	Processed     2,980,000 records.  Elapsed time: 00:00:36s.  Time for last 10,000:    0s.  Last read position: 10:12,564,634
INFO	2018-05-28 05:02:51	MergeVcfs	Processed     2,990,000 records.  Elapsed time: 00:00:36s.  Time for last 10,000:    0s.  Last read position: 10:16,706,310
INFO	2018-05-28 05:02:51	MergeVcfs	Processed     3,000,000 records.  Elapsed time: 00:00:36s.  Time for last 10,000:    0s.  Last read position: 10:21,296,963
INFO	2018-05-28 05:02:51	MergeVcfs	Processed     3,010,000 records.  Elapsed time: 00:00:37s.  Time for last 10,000:    0s.  Last read position: 10:26,991,187
INFO	2018-05-28 05:02:51	MergeVcfs	Processed     3,020,000 records.  Elapsed time: 00:00:37s.  Time for last 10,000:    0s.  Last read position: 10:31,391,564
INFO	2018-05-28 05:02:51	MergeVcfs	Processed     3,030,000 records.  Elapsed time: 00:00:37s.  Time for last 10,000:    0s.  Last read position: 10:37,019,246
INFO	2018-05-28 05:02:51	MergeVcfs	Processed     3,040,000 records.  Elapsed time: 00:00:37s.  Time for last 10,000:    0s.  Last read position: 10:45,155,847
INFO	2018-05-28 05:02:51	MergeVcfs	Processed     3,050,000 records.  Elapsed time: 00:00:37s.  Time for last 10,000:    0s.  Last read position: 10:53,574,981
INFO	2018-05-28 05:02:51	MergeVcfs	Processed     3,060,000 records.  Elapsed time: 00:00:37s.  Time for last 10,000:    0s.  Last read position: 10:57,394,287
INFO	2018-05-28 05:02:52	MergeVcfs	Processed     3,070,000 records.  Elapsed time: 00:00:37s.  Time for last 10,000:    0s.  Last read position: 10:62,107,662
INFO	2018-05-28 05:02:52	MergeVcfs	Processed     3,080,000 records.  Elapsed time: 00:00:37s.  Time for last 10,000:    0s.  Last read position: 10:67,985,494
INFO	2018-05-28 05:02:52	MergeVcfs	Processed     3,090,000 records.  Elapsed time: 00:00:37s.  Time for last 10,000:    0s.  Last read position: 10:73,084,982
INFO	2018-05-28 05:02:52	MergeVcfs	Processed     3,100,000 records.  Elapsed time: 00:00:37s.  Time for last 10,000:    0s.  Last read position: 10:79,310,532
INFO	2018-05-28 05:02:52	MergeVcfs	Processed     3,110,000 records.  Elapsed time: 00:00:38s.  Time for last 10,000:    0s.  Last read position: 10:84,453,587
INFO	2018-05-28 05:02:52	MergeVcfs	Processed     3,120,000 records.  Elapsed time: 00:00:38s.  Time for last 10,000:    0s.  Last read position: 10:89,499,137
INFO	2018-05-28 05:02:52	MergeVcfs	Processed     3,130,000 records.  Elapsed time: 00:00:38s.  Time for last 10,000:    0s.  Last read position: 10:95,779,522
INFO	2018-05-28 05:02:52	MergeVcfs	Processed     3,140,000 records.  Elapsed time: 00:00:38s.  Time for last 10,000:    0s.  Last read position: 10:102,269,085
INFO	2018-05-28 05:02:52	MergeVcfs	Processed     3,150,000 records.  Elapsed time: 00:00:38s.  Time for last 10,000:    0s.  Last read position: 10:108,697,540
INFO	2018-05-28 05:02:52	MergeVcfs	Processed     3,160,000 records.  Elapsed time: 00:00:38s.  Time for last 10,000:    0s.  Last read position: 10:113,885,526
INFO	2018-05-28 05:02:53	MergeVcfs	Processed     3,170,000 records.  Elapsed time: 00:00:38s.  Time for last 10,000:    0s.  Last read position: 10:119,542,802
INFO	2018-05-28 05:02:53	MergeVcfs	Processed     3,180,000 records.  Elapsed time: 00:00:38s.  Time for last 10,000:    0s.  Last read position: 10:124,421,336
INFO	2018-05-28 05:02:53	MergeVcfs	Processed     3,190,000 records.  Elapsed time: 00:00:38s.  Time for last 10,000:    0s.  Last read position: 10:129,568,891
INFO	2018-05-28 05:02:53	MergeVcfs	Processed     3,200,000 records.  Elapsed time: 00:00:38s.  Time for last 10,000:    0s.  Last read position: 10:134,427,685
INFO	2018-05-28 05:02:53	MergeVcfs	Processed     3,210,000 records.  Elapsed time: 00:00:39s.  Time for last 10,000:    0s.  Last read position: 11:3,486,658
INFO	2018-05-28 05:02:53	MergeVcfs	Processed     3,220,000 records.  Elapsed time: 00:00:39s.  Time for last 10,000:    0s.  Last read position: 11:7,103,528
INFO	2018-05-28 05:02:53	MergeVcfs	Processed     3,230,000 records.  Elapsed time: 00:00:39s.  Time for last 10,000:    0s.  Last read position: 11:12,230,567
INFO	2018-05-28 05:02:53	MergeVcfs	Processed     3,240,000 records.  Elapsed time: 00:00:39s.  Time for last 10,000:    0s.  Last read position: 11:18,439,212
INFO	2018-05-28 05:02:53	MergeVcfs	Processed     3,250,000 records.  Elapsed time: 00:00:39s.  Time for last 10,000:    0s.  Last read position: 11:23,083,929
INFO	2018-05-28 05:02:53	MergeVcfs	Processed     3,260,000 records.  Elapsed time: 00:00:39s.  Time for last 10,000:    0s.  Last read position: 11:27,066,941
INFO	2018-05-28 05:02:54	MergeVcfs	Processed     3,270,000 records.  Elapsed time: 00:00:39s.  Time for last 10,000:    0s.  Last read position: 11:33,664,235
INFO	2018-05-28 05:02:54	MergeVcfs	Processed     3,280,000 records.  Elapsed time: 00:00:39s.  Time for last 10,000:    0s.  Last read position: 11:38,754,861
INFO	2018-05-28 05:02:54	MergeVcfs	Processed     3,290,000 records.  Elapsed time: 00:00:39s.  Time for last 10,000:    0s.  Last read position: 11:43,957,317
INFO	2018-05-28 05:02:54	MergeVcfs	Processed     3,300,000 records.  Elapsed time: 00:00:39s.  Time for last 10,000:    0s.  Last read position: 11:49,450,176
INFO	2018-05-28 05:02:54	MergeVcfs	Processed     3,310,000 records.  Elapsed time: 00:00:40s.  Time for last 10,000:    0s.  Last read position: 11:57,987,377
INFO	2018-05-28 05:02:54	MergeVcfs	Processed     3,320,000 records.  Elapsed time: 00:00:40s.  Time for last 10,000:    0s.  Last read position: 11:64,357,384
INFO	2018-05-28 05:02:54	MergeVcfs	Processed     3,330,000 records.  Elapsed time: 00:00:40s.  Time for last 10,000:    0s.  Last read position: 11:70,389,700
INFO	2018-05-28 05:02:54	MergeVcfs	Processed     3,340,000 records.  Elapsed time: 00:00:40s.  Time for last 10,000:    0s.  Last read position: 11:76,322,252
INFO	2018-05-28 05:02:54	MergeVcfs	Processed     3,350,000 records.  Elapsed time: 00:00:40s.  Time for last 10,000:    0s.  Last read position: 11:81,610,117
INFO	2018-05-28 05:02:54	MergeVcfs	Processed     3,360,000 records.  Elapsed time: 00:00:40s.  Time for last 10,000:    0s.  Last read position: 11:87,125,365
INFO	2018-05-28 05:02:55	MergeVcfs	Processed     3,370,000 records.  Elapsed time: 00:00:40s.  Time for last 10,000:    0s.  Last read position: 11:92,291,988
INFO	2018-05-28 05:02:55	MergeVcfs	Processed     3,380,000 records.  Elapsed time: 00:00:40s.  Time for last 10,000:    0s.  Last read position: 11:97,987,521
INFO	2018-05-28 05:02:55	MergeVcfs	Processed     3,390,000 records.  Elapsed time: 00:00:40s.  Time for last 10,000:    0s.  Last read position: 11:102,896,933
INFO	2018-05-28 05:02:55	MergeVcfs	Processed     3,400,000 records.  Elapsed time: 00:00:40s.  Time for last 10,000:    0s.  Last read position: 11:108,656,892
INFO	2018-05-28 05:02:55	MergeVcfs	Processed     3,410,000 records.  Elapsed time: 00:00:41s.  Time for last 10,000:    0s.  Last read position: 11:114,950,982
INFO	2018-05-28 05:02:55	MergeVcfs	Processed     3,420,000 records.  Elapsed time: 00:00:41s.  Time for last 10,000:    0s.  Last read position: 11:120,423,595
INFO	2018-05-28 05:02:55	MergeVcfs	Processed     3,430,000 records.  Elapsed time: 00:00:41s.  Time for last 10,000:    0s.  Last read position: 11:125,727,486
INFO	2018-05-28 05:02:55	MergeVcfs	Processed     3,440,000 records.  Elapsed time: 00:00:41s.  Time for last 10,000:    0s.  Last read position: 11:130,932,463
INFO	2018-05-28 05:02:55	MergeVcfs	Processed     3,450,000 records.  Elapsed time: 00:00:41s.  Time for last 10,000:    0s.  Last read position: 12:1,035,015
INFO	2018-05-28 05:02:55	MergeVcfs	Processed     3,460,000 records.  Elapsed time: 00:00:41s.  Time for last 10,000:    0s.  Last read position: 12:6,057,911
INFO	2018-05-28 05:02:56	MergeVcfs	Processed     3,470,000 records.  Elapsed time: 00:00:41s.  Time for last 10,000:    0s.  Last read position: 12:10,429,061
INFO	2018-05-28 05:02:56	MergeVcfs	Processed     3,480,000 records.  Elapsed time: 00:00:41s.  Time for last 10,000:    0s.  Last read position: 12:15,588,678
INFO	2018-05-28 05:02:56	MergeVcfs	Processed     3,490,000 records.  Elapsed time: 00:00:41s.  Time for last 10,000:    0s.  Last read position: 12:21,132,119
INFO	2018-05-28 05:02:56	MergeVcfs	Processed     3,500,000 records.  Elapsed time: 00:00:41s.  Time for last 10,000:    0s.  Last read position: 12:26,483,152
INFO	2018-05-28 05:02:56	MergeVcfs	Processed     3,510,000 records.  Elapsed time: 00:00:42s.  Time for last 10,000:    0s.  Last read position: 12:31,240,925
INFO	2018-05-28 05:02:56	MergeVcfs	Processed     3,520,000 records.  Elapsed time: 00:00:42s.  Time for last 10,000:    0s.  Last read position: 12:38,913,841
INFO	2018-05-28 05:02:56	MergeVcfs	Processed     3,530,000 records.  Elapsed time: 00:00:42s.  Time for last 10,000:    0s.  Last read position: 12:44,293,620
INFO	2018-05-28 05:02:56	MergeVcfs	Processed     3,540,000 records.  Elapsed time: 00:00:42s.  Time for last 10,000:    0s.  Last read position: 12:50,906,090
INFO	2018-05-28 05:02:56	MergeVcfs	Processed     3,550,000 records.  Elapsed time: 00:00:42s.  Time for last 10,000:    0s.  Last read position: 12:57,216,268
INFO	2018-05-28 05:02:56	MergeVcfs	Processed     3,560,000 records.  Elapsed time: 00:00:42s.  Time for last 10,000:    0s.  Last read position: 12:63,495,471
INFO	2018-05-28 05:02:57	MergeVcfs	Processed     3,570,000 records.  Elapsed time: 00:00:42s.  Time for last 10,000:    0s.  Last read position: 12:69,388,800
INFO	2018-05-28 05:02:57	MergeVcfs	Processed     3,580,000 records.  Elapsed time: 00:00:42s.  Time for last 10,000:    0s.  Last read position: 12:75,363,279
INFO	2018-05-28 05:02:57	MergeVcfs	Processed     3,590,000 records.  Elapsed time: 00:00:42s.  Time for last 10,000:    0s.  Last read position: 12:82,318,100
INFO	2018-05-28 05:02:57	MergeVcfs	Processed     3,600,000 records.  Elapsed time: 00:00:43s.  Time for last 10,000:    0s.  Last read position: 12:89,159,499
INFO	2018-05-28 05:02:57	MergeVcfs	Processed     3,610,000 records.  Elapsed time: 00:00:43s.  Time for last 10,000:    0s.  Last read position: 12:95,363,778
INFO	2018-05-28 05:02:57	MergeVcfs	Processed     3,620,000 records.  Elapsed time: 00:00:43s.  Time for last 10,000:    0s.  Last read position: 12:101,113,970
INFO	2018-05-28 05:02:57	MergeVcfs	Processed     3,630,000 records.  Elapsed time: 00:00:43s.  Time for last 10,000:    0s.  Last read position: 12:106,648,472
INFO	2018-05-28 05:02:57	MergeVcfs	Processed     3,640,000 records.  Elapsed time: 00:00:43s.  Time for last 10,000:    0s.  Last read position: 12:114,241,691
INFO	2018-05-28 05:02:57	MergeVcfs	Processed     3,650,000 records.  Elapsed time: 00:00:43s.  Time for last 10,000:    0s.  Last read position: 12:119,770,015
INFO	2018-05-28 05:02:57	MergeVcfs	Processed     3,660,000 records.  Elapsed time: 00:00:43s.  Time for last 10,000:    0s.  Last read position: 12:125,346,441
INFO	2018-05-28 05:02:58	MergeVcfs	Processed     3,670,000 records.  Elapsed time: 00:00:43s.  Time for last 10,000:    0s.  Last read position: 12:129,656,359
INFO	2018-05-28 05:02:58	MergeVcfs	Processed     3,680,000 records.  Elapsed time: 00:00:43s.  Time for last 10,000:    0s.  Last read position: 13:19,289,070
INFO	2018-05-28 05:02:58	MergeVcfs	Processed     3,690,000 records.  Elapsed time: 00:00:43s.  Time for last 10,000:    0s.  Last read position: 13:23,427,818
INFO	2018-05-28 05:02:58	MergeVcfs	Processed     3,700,000 records.  Elapsed time: 00:00:44s.  Time for last 10,000:    0s.  Last read position: 13:27,668,320
INFO	2018-05-28 05:02:58	MergeVcfs	Processed     3,710,000 records.  Elapsed time: 00:00:44s.  Time for last 10,000:    0s.  Last read position: 13:32,672,084
INFO	2018-05-28 05:02:58	MergeVcfs	Processed     3,720,000 records.  Elapsed time: 00:00:44s.  Time for last 10,000:    0s.  Last read position: 13:38,404,180
INFO	2018-05-28 05:02:58	MergeVcfs	Processed     3,730,000 records.  Elapsed time: 00:00:44s.  Time for last 10,000:    0s.  Last read position: 13:43,887,434
INFO	2018-05-28 05:02:58	MergeVcfs	Processed     3,740,000 records.  Elapsed time: 00:00:44s.  Time for last 10,000:    0s.  Last read position: 13:49,934,045
INFO	2018-05-28 05:02:58	MergeVcfs	Processed     3,750,000 records.  Elapsed time: 00:00:44s.  Time for last 10,000:    0s.  Last read position: 13:57,419,769
INFO	2018-05-28 05:02:58	MergeVcfs	Processed     3,760,000 records.  Elapsed time: 00:00:44s.  Time for last 10,000:    0s.  Last read position: 13:63,871,681
INFO	2018-05-28 05:02:59	MergeVcfs	Processed     3,770,000 records.  Elapsed time: 00:00:44s.  Time for last 10,000:    0s.  Last read position: 13:69,518,363
INFO	2018-05-28 05:02:59	MergeVcfs	Processed     3,780,000 records.  Elapsed time: 00:00:44s.  Time for last 10,000:    0s.  Last read position: 13:74,713,030
INFO	2018-05-28 05:02:59	MergeVcfs	Processed     3,790,000 records.  Elapsed time: 00:00:44s.  Time for last 10,000:    0s.  Last read position: 13:80,531,504
INFO	2018-05-28 05:02:59	MergeVcfs	Processed     3,800,000 records.  Elapsed time: 00:00:44s.  Time for last 10,000:    0s.  Last read position: 13:86,016,202
INFO	2018-05-28 05:02:59	MergeVcfs	Processed     3,810,000 records.  Elapsed time: 00:00:45s.  Time for last 10,000:    0s.  Last read position: 13:90,893,674
INFO	2018-05-28 05:02:59	MergeVcfs	Processed     3,820,000 records.  Elapsed time: 00:00:45s.  Time for last 10,000:    0s.  Last read position: 13:96,180,746
INFO	2018-05-28 05:02:59	MergeVcfs	Processed     3,830,000 records.  Elapsed time: 00:00:45s.  Time for last 10,000:    0s.  Last read position: 13:101,975,224
INFO	2018-05-28 05:02:59	MergeVcfs	Processed     3,840,000 records.  Elapsed time: 00:00:45s.  Time for last 10,000:    0s.  Last read position: 13:106,547,346
INFO	2018-05-28 05:02:59	MergeVcfs	Processed     3,850,000 records.  Elapsed time: 00:00:45s.  Time for last 10,000:    0s.  Last read position: 13:111,513,639
INFO	2018-05-28 05:02:59	MergeVcfs	Processed     3,860,000 records.  Elapsed time: 00:00:45s.  Time for last 10,000:    0s.  Last read position: 14:20,567,650
INFO	2018-05-28 05:03:00	MergeVcfs	Processed     3,870,000 records.  Elapsed time: 00:00:45s.  Time for last 10,000:    0s.  Last read position: 14:25,149,839
INFO	2018-05-28 05:03:00	MergeVcfs	Processed     3,880,000 records.  Elapsed time: 00:00:45s.  Time for last 10,000:    0s.  Last read position: 14:30,646,996
INFO	2018-05-28 05:03:00	MergeVcfs	Processed     3,890,000 records.  Elapsed time: 00:00:45s.  Time for last 10,000:    0s.  Last read position: 14:35,763,480
INFO	2018-05-28 05:03:00	MergeVcfs	Processed     3,900,000 records.  Elapsed time: 00:00:45s.  Time for last 10,000:    0s.  Last read position: 14:41,178,535
INFO	2018-05-28 05:03:00	MergeVcfs	Processed     3,910,000 records.  Elapsed time: 00:00:46s.  Time for last 10,000:    0s.  Last read position: 14:46,180,496
INFO	2018-05-28 05:03:00	MergeVcfs	Processed     3,920,000 records.  Elapsed time: 00:00:46s.  Time for last 10,000:    0s.  Last read position: 14:50,853,121
INFO	2018-05-28 05:03:00	MergeVcfs	Processed     3,930,000 records.  Elapsed time: 00:00:46s.  Time for last 10,000:    0s.  Last read position: 14:56,200,473
INFO	2018-05-28 05:03:00	MergeVcfs	Processed     3,940,000 records.  Elapsed time: 00:00:46s.  Time for last 10,000:    0s.  Last read position: 14:62,183,785
INFO	2018-05-28 05:03:00	MergeVcfs	Processed     3,950,000 records.  Elapsed time: 00:00:46s.  Time for last 10,000:    0s.  Last read position: 14:68,038,779
INFO	2018-05-28 05:03:00	MergeVcfs	Processed     3,960,000 records.  Elapsed time: 00:00:46s.  Time for last 10,000:    0s.  Last read position: 14:74,498,358
INFO	2018-05-28 05:03:01	MergeVcfs	Processed     3,970,000 records.  Elapsed time: 00:00:46s.  Time for last 10,000:    0s.  Last read position: 14:80,340,050
INFO	2018-05-28 05:03:01	MergeVcfs	Processed     3,980,000 records.  Elapsed time: 00:00:46s.  Time for last 10,000:    0s.  Last read position: 14:86,319,868
INFO	2018-05-28 05:03:01	MergeVcfs	Processed     3,990,000 records.  Elapsed time: 00:00:46s.  Time for last 10,000:    0s.  Last read position: 14:91,357,873
INFO	2018-05-28 05:03:01	MergeVcfs	Processed     4,000,000 records.  Elapsed time: 00:00:46s.  Time for last 10,000:    0s.  Last read position: 14:95,926,652
INFO	2018-05-28 05:03:01	MergeVcfs	Processed     4,010,000 records.  Elapsed time: 00:00:47s.  Time for last 10,000:    0s.  Last read position: 14:101,591,561
INFO	2018-05-28 05:03:01	MergeVcfs	Processed     4,020,000 records.  Elapsed time: 00:00:47s.  Time for last 10,000:    0s.  Last read position: 14:106,656,692
INFO	2018-05-28 05:03:01	MergeVcfs	Processed     4,030,000 records.  Elapsed time: 00:00:47s.  Time for last 10,000:    0s.  Last read position: 15:24,668,349
INFO	2018-05-28 05:03:01	MergeVcfs	Processed     4,040,000 records.  Elapsed time: 00:00:47s.  Time for last 10,000:    0s.  Last read position: 15:29,072,946
INFO	2018-05-28 05:03:01	MergeVcfs	Processed     4,050,000 records.  Elapsed time: 00:00:47s.  Time for last 10,000:    0s.  Last read position: 15:34,492,446
INFO	2018-05-28 05:03:01	MergeVcfs	Processed     4,060,000 records.  Elapsed time: 00:00:47s.  Time for last 10,000:    0s.  Last read position: 15:39,805,096
INFO	2018-05-28 05:03:01	MergeVcfs	Processed     4,070,000 records.  Elapsed time: 00:00:47s.  Time for last 10,000:    0s.  Last read position: 15:47,029,542
INFO	2018-05-28 05:03:02	MergeVcfs	Processed     4,080,000 records.  Elapsed time: 00:00:47s.  Time for last 10,000:    0s.  Last read position: 15:53,769,759
INFO	2018-05-28 05:03:02	MergeVcfs	Processed     4,090,000 records.  Elapsed time: 00:00:47s.  Time for last 10,000:    0s.  Last read position: 15:58,547,987
INFO	2018-05-28 05:03:02	MergeVcfs	Processed     4,100,000 records.  Elapsed time: 00:00:47s.  Time for last 10,000:    0s.  Last read position: 15:63,701,990
INFO	2018-05-28 05:03:02	MergeVcfs	Processed     4,110,000 records.  Elapsed time: 00:00:47s.  Time for last 10,000:    0s.  Last read position: 15:70,162,874
INFO	2018-05-28 05:03:02	MergeVcfs	Processed     4,120,000 records.  Elapsed time: 00:00:48s.  Time for last 10,000:    0s.  Last read position: 15:77,325,627
INFO	2018-05-28 05:03:02	MergeVcfs	Processed     4,130,000 records.  Elapsed time: 00:00:48s.  Time for last 10,000:    0s.  Last read position: 15:83,845,282
INFO	2018-05-28 05:03:02	MergeVcfs	Processed     4,140,000 records.  Elapsed time: 00:00:48s.  Time for last 10,000:    0s.  Last read position: 15:89,359,474
INFO	2018-05-28 05:03:02	MergeVcfs	Processed     4,150,000 records.  Elapsed time: 00:00:48s.  Time for last 10,000:    0s.  Last read position: 15:93,734,741
INFO	2018-05-28 05:03:02	MergeVcfs	Processed     4,160,000 records.  Elapsed time: 00:00:48s.  Time for last 10,000:    0s.  Last read position: 15:98,422,466
INFO	2018-05-28 05:03:02	MergeVcfs	Processed     4,170,000 records.  Elapsed time: 00:00:48s.  Time for last 10,000:    0s.  Last read position: 15:102,402,518
INFO	2018-05-28 05:03:03	MergeVcfs	Processed     4,180,000 records.  Elapsed time: 00:00:48s.  Time for last 10,000:    0s.  Last read position: 16:5,128,857
INFO	2018-05-28 05:03:03	MergeVcfs	Processed     4,190,000 records.  Elapsed time: 00:00:48s.  Time for last 10,000:    0s.  Last read position: 16:7,939,920
INFO	2018-05-28 05:03:03	MergeVcfs	Processed     4,200,000 records.  Elapsed time: 00:00:48s.  Time for last 10,000:    0s.  Last read position: 16:11,063,189
INFO	2018-05-28 05:03:03	MergeVcfs	Processed     4,210,000 records.  Elapsed time: 00:00:48s.  Time for last 10,000:    0s.  Last read position: 16:16,160,958
INFO	2018-05-28 05:03:03	MergeVcfs	Processed     4,220,000 records.  Elapsed time: 00:00:49s.  Time for last 10,000:    0s.  Last read position: 16:22,647,965
INFO	2018-05-28 05:03:03	MergeVcfs	Processed     4,230,000 records.  Elapsed time: 00:00:49s.  Time for last 10,000:    0s.  Last read position: 16:27,842,037
INFO	2018-05-28 05:03:03	MergeVcfs	Processed     4,240,000 records.  Elapsed time: 00:00:49s.  Time for last 10,000:    0s.  Last read position: 16:49,451,096
INFO	2018-05-28 05:03:03	MergeVcfs	Processed     4,250,000 records.  Elapsed time: 00:00:49s.  Time for last 10,000:    0s.  Last read position: 16:55,159,234
INFO	2018-05-28 05:03:03	MergeVcfs	Processed     4,260,000 records.  Elapsed time: 00:00:49s.  Time for last 10,000:    0s.  Last read position: 16:60,015,326
INFO	2018-05-28 05:03:03	MergeVcfs	Processed     4,270,000 records.  Elapsed time: 00:00:49s.  Time for last 10,000:    0s.  Last read position: 16:65,939,241
INFO	2018-05-28 05:03:04	MergeVcfs	Processed     4,280,000 records.  Elapsed time: 00:00:49s.  Time for last 10,000:    0s.  Last read position: 16:73,831,106
INFO	2018-05-28 05:03:04	MergeVcfs	Processed     4,290,000 records.  Elapsed time: 00:00:49s.  Time for last 10,000:    0s.  Last read position: 16:78,397,220
INFO	2018-05-28 05:03:04	MergeVcfs	Processed     4,300,000 records.  Elapsed time: 00:00:49s.  Time for last 10,000:    0s.  Last read position: 16:81,964,352
INFO	2018-05-28 05:03:04	MergeVcfs	Processed     4,310,000 records.  Elapsed time: 00:00:49s.  Time for last 10,000:    0s.  Last read position: 16:84,892,471
INFO	2018-05-28 05:03:04	MergeVcfs	Processed     4,320,000 records.  Elapsed time: 00:00:50s.  Time for last 10,000:    0s.  Last read position: 16:88,255,967
INFO	2018-05-28 05:03:04	MergeVcfs	Processed     4,330,000 records.  Elapsed time: 00:00:50s.  Time for last 10,000:    0s.  Last read position: 17:2,427,795
INFO	2018-05-28 05:03:04	MergeVcfs	Processed     4,340,000 records.  Elapsed time: 00:00:50s.  Time for last 10,000:    0s.  Last read position: 17:6,752,926
INFO	2018-05-28 05:03:04	MergeVcfs	Processed     4,350,000 records.  Elapsed time: 00:00:50s.  Time for last 10,000:    0s.  Last read position: 17:11,692,522
INFO	2018-05-28 05:03:04	MergeVcfs	Processed     4,360,000 records.  Elapsed time: 00:00:50s.  Time for last 10,000:    0s.  Last read position: 17:16,073,871
INFO	2018-05-28 05:03:04	MergeVcfs	Processed     4,370,000 records.  Elapsed time: 00:00:50s.  Time for last 10,000:    0s.  Last read position: 17:25,758,657
INFO	2018-05-28 05:03:05	MergeVcfs	Processed     4,380,000 records.  Elapsed time: 00:00:50s.  Time for last 10,000:    0s.  Last read position: 17:32,001,055
INFO	2018-05-28 05:03:05	MergeVcfs	Processed     4,390,000 records.  Elapsed time: 00:00:50s.  Time for last 10,000:    0s.  Last read position: 17:38,765,366
INFO	2018-05-28 05:03:05	MergeVcfs	Processed     4,400,000 records.  Elapsed time: 00:00:50s.  Time for last 10,000:    0s.  Last read position: 17:45,550,662
INFO	2018-05-28 05:03:05	MergeVcfs	Processed     4,410,000 records.  Elapsed time: 00:00:50s.  Time for last 10,000:    0s.  Last read position: 17:51,734,763
INFO	2018-05-28 05:03:05	MergeVcfs	Processed     4,420,000 records.  Elapsed time: 00:00:51s.  Time for last 10,000:    0s.  Last read position: 17:58,142,253
INFO	2018-05-28 05:03:05	MergeVcfs	Processed     4,430,000 records.  Elapsed time: 00:00:51s.  Time for last 10,000:    0s.  Last read position: 17:64,064,021
INFO	2018-05-28 05:03:05	MergeVcfs	Processed     4,440,000 records.  Elapsed time: 00:00:51s.  Time for last 10,000:    0s.  Last read position: 17:69,447,706
INFO	2018-05-28 05:03:05	MergeVcfs	Processed     4,450,000 records.  Elapsed time: 00:00:51s.  Time for last 10,000:    0s.  Last read position: 17:74,445,791
INFO	2018-05-28 05:03:05	MergeVcfs	Processed     4,460,000 records.  Elapsed time: 00:00:51s.  Time for last 10,000:    0s.  Last read position: 17:78,733,901
INFO	2018-05-28 05:03:05	MergeVcfs	Processed     4,470,000 records.  Elapsed time: 00:00:51s.  Time for last 10,000:    0s.  Last read position: 18:1,921,643
INFO	2018-05-28 05:03:06	MergeVcfs	Processed     4,480,000 records.  Elapsed time: 00:00:51s.  Time for last 10,000:    0s.  Last read position: 18:6,261,976
INFO	2018-05-28 05:03:06	MergeVcfs	Processed     4,490,000 records.  Elapsed time: 00:00:51s.  Time for last 10,000:    0s.  Last read position: 18:10,656,457
INFO	2018-05-28 05:03:06	MergeVcfs	Processed     4,500,000 records.  Elapsed time: 00:00:51s.  Time for last 10,000:    0s.  Last read position: 18:19,244,520
INFO	2018-05-28 05:03:06	MergeVcfs	Processed     4,510,000 records.  Elapsed time: 00:00:51s.  Time for last 10,000:    0s.  Last read position: 18:25,569,358
INFO	2018-05-28 05:03:06	MergeVcfs	Processed     4,520,000 records.  Elapsed time: 00:00:51s.  Time for last 10,000:    0s.  Last read position: 18:30,838,414
INFO	2018-05-28 05:03:06	MergeVcfs	Processed     4,530,000 records.  Elapsed time: 00:00:52s.  Time for last 10,000:    0s.  Last read position: 18:37,555,430
INFO	2018-05-28 05:03:06	MergeVcfs	Processed     4,540,000 records.  Elapsed time: 00:00:52s.  Time for last 10,000:    0s.  Last read position: 18:43,880,286
INFO	2018-05-28 05:03:06	MergeVcfs	Processed     4,550,000 records.  Elapsed time: 00:00:52s.  Time for last 10,000:    0s.  Last read position: 18:49,846,003
INFO	2018-05-28 05:03:06	MergeVcfs	Processed     4,560,000 records.  Elapsed time: 00:00:52s.  Time for last 10,000:    0s.  Last read position: 18:55,843,880
INFO	2018-05-28 05:03:06	MergeVcfs	Processed     4,570,000 records.  Elapsed time: 00:00:52s.  Time for last 10,000:    0s.  Last read position: 18:61,393,442
INFO	2018-05-28 05:03:06	MergeVcfs	Processed     4,580,000 records.  Elapsed time: 00:00:52s.  Time for last 10,000:    0s.  Last read position: 18:66,013,721
INFO	2018-05-28 05:03:07	MergeVcfs	Processed     4,590,000 records.  Elapsed time: 00:00:52s.  Time for last 10,000:    0s.  Last read position: 18:70,736,105
INFO	2018-05-28 05:03:07	MergeVcfs	Processed     4,600,000 records.  Elapsed time: 00:00:52s.  Time for last 10,000:    0s.  Last read position: 18:75,432,721
INFO	2018-05-28 05:03:07	MergeVcfs	Processed     4,610,000 records.  Elapsed time: 00:00:52s.  Time for last 10,000:    0s.  Last read position: 19:1,781,083
INFO	2018-05-28 05:03:07	MergeVcfs	Processed     4,620,000 records.  Elapsed time: 00:00:52s.  Time for last 10,000:    0s.  Last read position: 19:6,198,090
INFO	2018-05-28 05:03:07	MergeVcfs	Processed     4,630,000 records.  Elapsed time: 00:00:53s.  Time for last 10,000:    0s.  Last read position: 19:11,048,908
INFO	2018-05-28 05:03:07	MergeVcfs	Processed     4,640,000 records.  Elapsed time: 00:00:53s.  Time for last 10,000:    0s.  Last read position: 19:15,804,986
INFO	2018-05-28 05:03:07	MergeVcfs	Processed     4,650,000 records.  Elapsed time: 00:00:53s.  Time for last 10,000:    0s.  Last read position: 19:20,760,942
INFO	2018-05-28 05:03:07	MergeVcfs	Processed     4,660,000 records.  Elapsed time: 00:00:53s.  Time for last 10,000:    0s.  Last read position: 19:27,808,702
INFO	2018-05-28 05:03:07	MergeVcfs	Processed     4,670,000 records.  Elapsed time: 00:00:53s.  Time for last 10,000:    0s.  Last read position: 19:32,482,073
INFO	2018-05-28 05:03:07	MergeVcfs	Processed     4,680,000 records.  Elapsed time: 00:00:53s.  Time for last 10,000:    0s.  Last read position: 19:38,053,239
INFO	2018-05-28 05:03:08	MergeVcfs	Processed     4,690,000 records.  Elapsed time: 00:00:53s.  Time for last 10,000:    0s.  Last read position: 19:44,095,255
INFO	2018-05-28 05:03:08	MergeVcfs	Processed     4,700,000 records.  Elapsed time: 00:00:53s.  Time for last 10,000:    0s.  Last read position: 19:48,816,309
INFO	2018-05-28 05:03:08	MergeVcfs	Processed     4,710,000 records.  Elapsed time: 00:00:53s.  Time for last 10,000:    0s.  Last read position: 19:53,170,239
INFO	2018-05-28 05:03:08	MergeVcfs	Processed     4,720,000 records.  Elapsed time: 00:00:53s.  Time for last 10,000:    0s.  Last read position: 19:56,381,311
INFO	2018-05-28 05:03:08	MergeVcfs	Processed     4,730,000 records.  Elapsed time: 00:00:54s.  Time for last 10,000:    0s.  Last read position: 20:2,170,390
INFO	2018-05-28 05:03:08	MergeVcfs	Processed     4,740,000 records.  Elapsed time: 00:00:54s.  Time for last 10,000:    0s.  Last read position: 20:6,807,139
INFO	2018-05-28 05:03:08	MergeVcfs	Processed     4,750,000 records.  Elapsed time: 00:00:54s.  Time for last 10,000:    0s.  Last read position: 20:12,421,939
INFO	2018-05-28 05:03:08	MergeVcfs	Processed     4,760,000 records.  Elapsed time: 00:00:54s.  Time for last 10,000:    0s.  Last read position: 20:17,746,359
INFO	2018-05-28 05:03:08	MergeVcfs	Processed     4,770,000 records.  Elapsed time: 00:00:54s.  Time for last 10,000:    0s.  Last read position: 20:23,313,980
INFO	2018-05-28 05:03:08	MergeVcfs	Processed     4,780,000 records.  Elapsed time: 00:00:54s.  Time for last 10,000:    0s.  Last read position: 20:31,896,025
INFO	2018-05-28 05:03:08	MergeVcfs	Processed     4,790,000 records.  Elapsed time: 00:00:54s.  Time for last 10,000:    0s.  Last read position: 20:39,454,603
INFO	2018-05-28 05:03:09	MergeVcfs	Processed     4,800,000 records.  Elapsed time: 00:00:54s.  Time for last 10,000:    0s.  Last read position: 20:45,750,025
INFO	2018-05-28 05:03:09	MergeVcfs	Processed     4,810,000 records.  Elapsed time: 00:00:54s.  Time for last 10,000:    0s.  Last read position: 20:50,670,129
INFO	2018-05-28 05:03:09	MergeVcfs	Processed     4,820,000 records.  Elapsed time: 00:00:54s.  Time for last 10,000:    0s.  Last read position: 20:55,587,598
INFO	2018-05-28 05:03:09	MergeVcfs	Processed     4,830,000 records.  Elapsed time: 00:00:54s.  Time for last 10,000:    0s.  Last read position: 20:60,912,117
INFO	2018-05-28 05:03:09	MergeVcfs	Processed     4,840,000 records.  Elapsed time: 00:00:55s.  Time for last 10,000:    0s.  Last read position: 21:15,959,473
INFO	2018-05-28 05:03:09	MergeVcfs	Processed     4,850,000 records.  Elapsed time: 00:00:55s.  Time for last 10,000:    0s.  Last read position: 21:20,390,425
INFO	2018-05-28 05:03:09	MergeVcfs	Processed     4,860,000 records.  Elapsed time: 00:00:55s.  Time for last 10,000:    0s.  Last read position: 21:24,700,848
INFO	2018-05-28 05:03:09	MergeVcfs	Processed     4,870,000 records.  Elapsed time: 00:00:55s.  Time for last 10,000:    0s.  Last read position: 21:29,222,935
INFO	2018-05-28 05:03:09	MergeVcfs	Processed     4,880,000 records.  Elapsed time: 00:00:55s.  Time for last 10,000:    0s.  Last read position: 21:33,792,503
INFO	2018-05-28 05:03:09	MergeVcfs	Processed     4,890,000 records.  Elapsed time: 00:00:55s.  Time for last 10,000:    0s.  Last read position: 21:39,014,527
INFO	2018-05-28 05:03:10	MergeVcfs	Processed     4,900,000 records.  Elapsed time: 00:00:55s.  Time for last 10,000:    0s.  Last read position: 21:43,304,960
INFO	2018-05-28 05:03:10	MergeVcfs	Processed     4,910,000 records.  Elapsed time: 00:00:55s.  Time for last 10,000:    0s.  Last read position: 21:47,422,712
INFO	2018-05-28 05:03:10	MergeVcfs	Processed     4,920,000 records.  Elapsed time: 00:00:55s.  Time for last 10,000:    0s.  Last read position: 22:20,952,942
INFO	2018-05-28 05:03:10	MergeVcfs	Processed     4,930,000 records.  Elapsed time: 00:00:55s.  Time for last 10,000:    0s.  Last read position: 22:25,603,924
INFO	2018-05-28 05:03:10	MergeVcfs	Processed     4,940,000 records.  Elapsed time: 00:00:56s.  Time for last 10,000:    0s.  Last read position: 22:31,090,664
INFO	2018-05-28 05:03:10	MergeVcfs	Processed     4,950,000 records.  Elapsed time: 00:00:56s.  Time for last 10,000:    0s.  Last read position: 22:36,593,640
INFO	2018-05-28 05:03:10	MergeVcfs	Processed     4,960,000 records.  Elapsed time: 00:00:56s.  Time for last 10,000:    0s.  Last read position: 22:42,189,762
INFO	2018-05-28 05:03:10	MergeVcfs	Processed     4,970,000 records.  Elapsed time: 00:00:56s.  Time for last 10,000:    0s.  Last read position: 22:46,620,416
INFO	2018-05-28 05:03:10	MergeVcfs	Processed     4,980,000 records.  Elapsed time: 00:00:56s.  Time for last 10,000:    0s.  Last read position: 22:50,174,045
INFO	2018-05-28 05:03:10	MergeVcfs	Processed     4,990,000 records.  Elapsed time: 00:00:56s.  Time for last 10,000:    0s.  Last read position: X:2,166,667
INFO	2018-05-28 05:03:11	MergeVcfs	Processed     5,000,000 records.  Elapsed time: 00:00:56s.  Time for last 10,000:    0s.  Last read position: X:6,483,135
INFO	2018-05-28 05:03:11	MergeVcfs	Processed     5,010,000 records.  Elapsed time: 00:00:56s.  Time for last 10,000:    0s.  Last read position: X:14,098,631
INFO	2018-05-28 05:03:11	MergeVcfs	Processed     5,020,000 records.  Elapsed time: 00:00:56s.  Time for last 10,000:    0s.  Last read position: X:22,625,533
INFO	2018-05-28 05:03:11	MergeVcfs	Processed     5,030,000 records.  Elapsed time: 00:00:56s.  Time for last 10,000:    0s.  Last read position: X:28,793,043
INFO	2018-05-28 05:03:11	MergeVcfs	Processed     5,040,000 records.  Elapsed time: 00:00:57s.  Time for last 10,000:    0s.  Last read position: X:35,798,590
INFO	2018-05-28 05:03:11	MergeVcfs	Processed     5,050,000 records.  Elapsed time: 00:00:57s.  Time for last 10,000:    0s.  Last read position: X:44,319,789
INFO	2018-05-28 05:03:11	MergeVcfs	Processed     5,060,000 records.  Elapsed time: 00:00:57s.  Time for last 10,000:    0s.  Last read position: X:54,708,268
INFO	2018-05-28 05:03:11	MergeVcfs	Processed     5,070,000 records.  Elapsed time: 00:00:57s.  Time for last 10,000:    0s.  Last read position: X:67,391,282
INFO	2018-05-28 05:03:11	MergeVcfs	Processed     5,080,000 records.  Elapsed time: 00:00:57s.  Time for last 10,000:    0s.  Last read position: X:76,517,201
INFO	2018-05-28 05:03:11	MergeVcfs	Processed     5,090,000 records.  Elapsed time: 00:00:57s.  Time for last 10,000:    0s.  Last read position: X:84,953,299
INFO	2018-05-28 05:03:11	MergeVcfs	Processed     5,100,000 records.  Elapsed time: 00:00:57s.  Time for last 10,000:    0s.  Last read position: X:90,891,903
INFO	2018-05-28 05:03:12	MergeVcfs	Processed     5,110,000 records.  Elapsed time: 00:00:57s.  Time for last 10,000:    0s.  Last read position: X:97,957,071
INFO	2018-05-28 05:03:12	MergeVcfs	Processed     5,120,000 records.  Elapsed time: 00:00:57s.  Time for last 10,000:    0s.  Last read position: X:106,881,180
INFO	2018-05-28 05:03:12	MergeVcfs	Processed     5,130,000 records.  Elapsed time: 00:00:57s.  Time for last 10,000:    0s.  Last read position: X:114,906,791
INFO	2018-05-28 05:03:12	MergeVcfs	Processed     5,140,000 records.  Elapsed time: 00:00:57s.  Time for last 10,000:    0s.  Last read position: X:121,630,989
INFO	2018-05-28 05:03:12	MergeVcfs	Processed     5,150,000 records.  Elapsed time: 00:00:58s.  Time for last 10,000:    0s.  Last read position: X:128,349,039
INFO	2018-05-28 05:03:12	MergeVcfs	Processed     5,160,000 records.  Elapsed time: 00:00:58s.  Time for last 10,000:    0s.  Last read position: X:139,024,690
INFO	2018-05-28 05:03:12	MergeVcfs	Processed     5,170,000 records.  Elapsed time: 00:00:58s.  Time for last 10,000:    0s.  Last read position: X:144,946,082
INFO	2018-05-28 05:03:12	MergeVcfs	Processed     5,180,000 records.  Elapsed time: 00:00:58s.  Time for last 10,000:    0s.  Last read position: X:152,568,602
[Mon May 28 05:03:13 UTC 2018] picard.vcf.MergeVcfs done. Elapsed time: 0.98 minutes.
Runtime.totalMemory()=243793920

Completed merging DDR control individual genotype VCF files from 1000 Genome Project
Mon 28 May 05:03:13 UTC 2018

Completed s01_select_HG02952_ddr_control_kgen.sh
Mon 28 May 05:03:13 UTC 2018

