Starting s01_select_HG00179_ddr_control_kgen.sh
Fri 25 May 20:23:17 UTC 2018

1000 Genomes Project Individual ID - DDR control genotype to be extracted - HG00179

Selecting DDR control individual genotype from 1000 Genome Project (Chromosome 1) ...
Fri 25 May 20:23:17 UTC 2018

Completed DDR control individual genotype from 1000 Genome Project (Chromosome 1)
Fri 25 May 20:50:30 UTC 2018

Selecting DDR control individual genotype from 1000 Genome Project (Chromosome 2) ...
Fri 25 May 20:50:30 UTC 2018

Completed DDR control individual genotype from 1000 Genome Project (Chromosome 2)
Fri 25 May 21:21:37 UTC 2018

Selecting DDR control individual genotype from 1000 Genome Project (Chromosome 3) ...
Fri 25 May 21:21:37 UTC 2018

Completed DDR control individual genotype from 1000 Genome Project (Chromosome 3)
Fri 25 May 21:47:23 UTC 2018

Selecting DDR control individual genotype from 1000 Genome Project (Chromosome 4) ...
Fri 25 May 21:47:23 UTC 2018

Completed DDR control individual genotype from 1000 Genome Project (Chromosome 4)
Fri 25 May 22:12:31 UTC 2018

Selecting DDR control individual genotype from 1000 Genome Project (Chromosome 5) ...
Fri 25 May 22:12:31 UTC 2018

Completed DDR control individual genotype from 1000 Genome Project (Chromosome 5)
Fri 25 May 22:35:53 UTC 2018

Selecting DDR control individual genotype from 1000 Genome Project (Chromosome 6) ...
Fri 25 May 22:35:53 UTC 2018

Completed DDR control individual genotype from 1000 Genome Project (Chromosome 6)
Fri 25 May 22:57:39 UTC 2018

Selecting DDR control individual genotype from 1000 Genome Project (Chromosome 7) ...
Fri 25 May 22:57:39 UTC 2018

Completed DDR control individual genotype from 1000 Genome Project (Chromosome 7)
Fri 25 May 23:17:44 UTC 2018

Selecting DDR control individual genotype from 1000 Genome Project (Chromosome 8) ...
Fri 25 May 23:17:44 UTC 2018

Completed DDR control individual genotype from 1000 Genome Project (Chromosome 8)
Fri 25 May 23:37:13 UTC 2018

Selecting DDR control individual genotype from 1000 Genome Project (Chromosome 9) ...
Fri 25 May 23:37:13 UTC 2018

Completed DDR control individual genotype from 1000 Genome Project (Chromosome 9)
Fri 25 May 23:52:24 UTC 2018

Selecting DDR control individual genotype from 1000 Genome Project (Chromosome 10) ...
Fri 25 May 23:52:24 UTC 2018

Completed DDR control individual genotype from 1000 Genome Project (Chromosome 10)
Sat 26 May 00:09:42 UTC 2018

Selecting DDR control individual genotype from 1000 Genome Project (Chromosome 11) ...
Sat 26 May 00:09:42 UTC 2018

Completed DDR control individual genotype from 1000 Genome Project (Chromosome 11)
Sat 26 May 00:27:58 UTC 2018

Selecting DDR control individual genotype from 1000 Genome Project (Chromosome 12) ...
Sat 26 May 00:27:58 UTC 2018

Completed DDR control individual genotype from 1000 Genome Project (Chromosome 12)
Sat 26 May 00:44:27 UTC 2018

Selecting DDR control individual genotype from 1000 Genome Project (Chromosome 13) ...
Sat 26 May 00:44:27 UTC 2018

Completed DDR control individual genotype from 1000 Genome Project (Chromosome 13)
Sat 26 May 00:57:14 UTC 2018

Selecting DDR control individual genotype from 1000 Genome Project (Chromosome 14) ...
Sat 26 May 00:57:14 UTC 2018

Completed DDR control individual genotype from 1000 Genome Project (Chromosome 14)
Sat 26 May 01:08:44 UTC 2018

Selecting DDR control individual genotype from 1000 Genome Project (Chromosome 15) ...
Sat 26 May 01:08:44 UTC 2018

Completed DDR control individual genotype from 1000 Genome Project (Chromosome 15)
Sat 26 May 01:19:12 UTC 2018

Selecting DDR control individual genotype from 1000 Genome Project (Chromosome 16) ...
Sat 26 May 01:19:12 UTC 2018

Completed DDR control individual genotype from 1000 Genome Project (Chromosome 16)
Sat 26 May 01:30:51 UTC 2018

Selecting DDR control individual genotype from 1000 Genome Project (Chromosome 17) ...
Sat 26 May 01:30:51 UTC 2018

Completed DDR control individual genotype from 1000 Genome Project (Chromosome 17)
Sat 26 May 01:41:15 UTC 2018

Selecting DDR control individual genotype from 1000 Genome Project (Chromosome 18) ...
Sat 26 May 01:41:15 UTC 2018

Completed DDR control individual genotype from 1000 Genome Project (Chromosome 18)
Sat 26 May 01:51:27 UTC 2018

Selecting DDR control individual genotype from 1000 Genome Project (Chromosome 19) ...
Sat 26 May 01:51:27 UTC 2018

Completed DDR control individual genotype from 1000 Genome Project (Chromosome 19)
Sat 26 May 01:59:44 UTC 2018

Selecting DDR control individual genotype from 1000 Genome Project (Chromosome 20) ...
Sat 26 May 01:59:44 UTC 2018

Completed DDR control individual genotype from 1000 Genome Project (Chromosome 20)
Sat 26 May 02:07:27 UTC 2018

Selecting DDR control individual genotype from 1000 Genome Project (Chromosome 21) ...
Sat 26 May 02:07:27 UTC 2018

Completed DDR control individual genotype from 1000 Genome Project (Chromosome 21)
Sat 26 May 02:12:18 UTC 2018

Selecting DDR control individual genotype from 1000 Genome Project (Chromosome 22) ...
Sat 26 May 02:12:18 UTC 2018

Completed DDR control individual genotype from 1000 Genome Project (Chromosome 22)
Sat 26 May 02:17:12 UTC 2018

Selecting DDR control individual genotype from 1000 Genome Project (Chromosome X) ...
Sat 26 May 02:17:12 UTC 2018

Completed DDR control individual genotype from 1000 Genome Project (Chromosome X)
Sat 26 May 02:32:26 UTC 2018


Merging DDR control individual genotype VCF files from 1000 Genome Project
Sat 26 May 02:32:26 UTC 2018
02:32:27.022 INFO  NativeLibraryLoader - Loading libgkl_compression.so from jar:file:/home/ec2-user/tools/picard/picard.jar!/com/intel/gkl/native/libgkl_compression.so
[Sat May 26 02:32:27 UTC 2018] MergeVcfs INPUT=[/home/ec2-user/results/data_analysis/gt_individuals/kgen/ddr_control/HG00179/s01_HG00179_ddr_control_kgen_chr1_raw.vcf, /home/ec2-user/results/data_analysis/gt_individuals/kgen/ddr_control/HG00179/s01_HG00179_ddr_control_kgen_chr2_raw.vcf, /home/ec2-user/results/data_analysis/gt_individuals/kgen/ddr_control/HG00179/s01_HG00179_ddr_control_kgen_chr3_raw.vcf, /home/ec2-user/results/data_analysis/gt_individuals/kgen/ddr_control/HG00179/s01_HG00179_ddr_control_kgen_chr4_raw.vcf, /home/ec2-user/results/data_analysis/gt_individuals/kgen/ddr_control/HG00179/s01_HG00179_ddr_control_kgen_chr5_raw.vcf, /home/ec2-user/results/data_analysis/gt_individuals/kgen/ddr_control/HG00179/s01_HG00179_ddr_control_kgen_chr6_raw.vcf, /home/ec2-user/results/data_analysis/gt_individuals/kgen/ddr_control/HG00179/s01_HG00179_ddr_control_kgen_chr7_raw.vcf, /home/ec2-user/results/data_analysis/gt_individuals/kgen/ddr_control/HG00179/s01_HG00179_ddr_control_kgen_chr8_raw.vcf, /home/ec2-user/results/data_analysis/gt_individuals/kgen/ddr_control/HG00179/s01_HG00179_ddr_control_kgen_chr9_raw.vcf, /home/ec2-user/results/data_analysis/gt_individuals/kgen/ddr_control/HG00179/s01_HG00179_ddr_control_kgen_chr10_raw.vcf, /home/ec2-user/results/data_analysis/gt_individuals/kgen/ddr_control/HG00179/s01_HG00179_ddr_control_kgen_chr11_raw.vcf, /home/ec2-user/results/data_analysis/gt_individuals/kgen/ddr_control/HG00179/s01_HG00179_ddr_control_kgen_chr12_raw.vcf, /home/ec2-user/results/data_analysis/gt_individuals/kgen/ddr_control/HG00179/s01_HG00179_ddr_control_kgen_chr13_raw.vcf, /home/ec2-user/results/data_analysis/gt_individuals/kgen/ddr_control/HG00179/s01_HG00179_ddr_control_kgen_chr14_raw.vcf, /home/ec2-user/results/data_analysis/gt_individuals/kgen/ddr_control/HG00179/s01_HG00179_ddr_control_kgen_chr15_raw.vcf, /home/ec2-user/results/data_analysis/gt_individuals/kgen/ddr_control/HG00179/s01_HG00179_ddr_control_kgen_chr16_raw.vcf, /home/ec2-user/results/data_analysis/gt_individuals/kgen/ddr_control/HG00179/s01_HG00179_ddr_control_kgen_chr17_raw.vcf, /home/ec2-user/results/data_analysis/gt_individuals/kgen/ddr_control/HG00179/s01_HG00179_ddr_control_kgen_chr18_raw.vcf, /home/ec2-user/results/data_analysis/gt_individuals/kgen/ddr_control/HG00179/s01_HG00179_ddr_control_kgen_chr19_raw.vcf, /home/ec2-user/results/data_analysis/gt_individuals/kgen/ddr_control/HG00179/s01_HG00179_ddr_control_kgen_chr20_raw.vcf, /home/ec2-user/results/data_analysis/gt_individuals/kgen/ddr_control/HG00179/s01_HG00179_ddr_control_kgen_chr21_raw.vcf, /home/ec2-user/results/data_analysis/gt_individuals/kgen/ddr_control/HG00179/s01_HG00179_ddr_control_kgen_chr22_raw.vcf, /home/ec2-user/results/data_analysis/gt_individuals/kgen/ddr_control/HG00179/s01_HG00179_ddr_control_kgen_chrX_raw.vcf] OUTPUT=/home/ec2-user/results/data_analysis/gt_individuals/kgen/ddr_control/HG00179/s01_HG00179_ddr_control_kgen_merged_raw.vcf.gz    VERBOSITY=INFO QUIET=false VALIDATION_STRINGENCY=STRICT COMPRESSION_LEVEL=5 MAX_RECORDS_IN_RAM=500000 CREATE_INDEX=true CREATE_MD5_FILE=false GA4GH_CLIENT_SECRETS=client_secrets.json USE_JDK_DEFLATER=false USE_JDK_INFLATER=false
[Sat May 26 02:32:27 UTC 2018] Executing as ec2-user@ip-172-31-42-132 on Linux 4.14.33-51.37.amzn1.x86_64 amd64; OpenJDK 64-Bit Server VM 1.8.0_171-b10; Deflater: Intel; Inflater: Intel; Provider GCS is not available; Picard version: 2.18.2-SNAPSHOT
INFO	2018-05-26 02:32:28	MergeVcfs	Processed        10,000 records.  Elapsed time: 00:00:01s.  Time for last 10,000:    0s.  Last read position: 1:6,678,864
INFO	2018-05-26 02:32:28	MergeVcfs	Processed        20,000 records.  Elapsed time: 00:00:01s.  Time for last 10,000:    0s.  Last read position: 1:14,313,274
INFO	2018-05-26 02:32:28	MergeVcfs	Processed        30,000 records.  Elapsed time: 00:00:01s.  Time for last 10,000:    0s.  Last read position: 1:19,628,386
INFO	2018-05-26 02:32:29	MergeVcfs	Processed        40,000 records.  Elapsed time: 00:00:02s.  Time for last 10,000:    0s.  Last read position: 1:26,207,244
INFO	2018-05-26 02:32:29	MergeVcfs	Processed        50,000 records.  Elapsed time: 00:00:02s.  Time for last 10,000:    0s.  Last read position: 1:34,979,101
INFO	2018-05-26 02:32:29	MergeVcfs	Processed        60,000 records.  Elapsed time: 00:00:02s.  Time for last 10,000:    0s.  Last read position: 1:43,536,477
INFO	2018-05-26 02:32:30	MergeVcfs	Processed        70,000 records.  Elapsed time: 00:00:03s.  Time for last 10,000:    0s.  Last read position: 1:53,699,129
INFO	2018-05-26 02:32:30	MergeVcfs	Processed        80,000 records.  Elapsed time: 00:00:03s.  Time for last 10,000:    0s.  Last read position: 1:60,682,663
INFO	2018-05-26 02:32:30	MergeVcfs	Processed        90,000 records.  Elapsed time: 00:00:03s.  Time for last 10,000:    0s.  Last read position: 1:67,767,396
INFO	2018-05-26 02:32:31	MergeVcfs	Processed       100,000 records.  Elapsed time: 00:00:04s.  Time for last 10,000:    0s.  Last read position: 1:75,416,827
INFO	2018-05-26 02:32:31	MergeVcfs	Processed       110,000 records.  Elapsed time: 00:00:04s.  Time for last 10,000:    0s.  Last read position: 1:81,886,332
INFO	2018-05-26 02:32:31	MergeVcfs	Processed       120,000 records.  Elapsed time: 00:00:04s.  Time for last 10,000:    0s.  Last read position: 1:89,514,210
INFO	2018-05-26 02:32:32	MergeVcfs	Processed       130,000 records.  Elapsed time: 00:00:04s.  Time for last 10,000:    0s.  Last read position: 1:96,648,533
INFO	2018-05-26 02:32:32	MergeVcfs	Processed       140,000 records.  Elapsed time: 00:00:05s.  Time for last 10,000:    0s.  Last read position: 1:103,592,754
INFO	2018-05-26 02:32:32	MergeVcfs	Processed       150,000 records.  Elapsed time: 00:00:05s.  Time for last 10,000:    0s.  Last read position: 1:109,737,600
INFO	2018-05-26 02:32:32	MergeVcfs	Processed       160,000 records.  Elapsed time: 00:00:05s.  Time for last 10,000:    0s.  Last read position: 1:117,541,127
INFO	2018-05-26 02:32:33	MergeVcfs	Processed       170,000 records.  Elapsed time: 00:00:06s.  Time for last 10,000:    0s.  Last read position: 1:150,331,866
INFO	2018-05-26 02:32:33	MergeVcfs	Processed       180,000 records.  Elapsed time: 00:00:06s.  Time for last 10,000:    0s.  Last read position: 1:158,160,982
INFO	2018-05-26 02:32:33	MergeVcfs	Processed       190,000 records.  Elapsed time: 00:00:06s.  Time for last 10,000:    0s.  Last read position: 1:164,473,991
INFO	2018-05-26 02:32:33	MergeVcfs	Processed       200,000 records.  Elapsed time: 00:00:06s.  Time for last 10,000:    0s.  Last read position: 1:171,061,990
INFO	2018-05-26 02:32:34	MergeVcfs	Processed       210,000 records.  Elapsed time: 00:00:07s.  Time for last 10,000:    0s.  Last read position: 1:179,709,762
INFO	2018-05-26 02:32:34	MergeVcfs	Processed       220,000 records.  Elapsed time: 00:00:07s.  Time for last 10,000:    0s.  Last read position: 1:187,367,000
INFO	2018-05-26 02:32:34	MergeVcfs	Processed       230,000 records.  Elapsed time: 00:00:07s.  Time for last 10,000:    0s.  Last read position: 1:192,887,993
INFO	2018-05-26 02:32:34	MergeVcfs	Processed       240,000 records.  Elapsed time: 00:00:07s.  Time for last 10,000:    0s.  Last read position: 1:199,872,770
INFO	2018-05-26 02:32:35	MergeVcfs	Processed       250,000 records.  Elapsed time: 00:00:08s.  Time for last 10,000:    0s.  Last read position: 1:206,924,536
INFO	2018-05-26 02:32:35	MergeVcfs	Processed       260,000 records.  Elapsed time: 00:00:08s.  Time for last 10,000:    0s.  Last read position: 1:213,951,578
INFO	2018-05-26 02:32:35	MergeVcfs	Processed       270,000 records.  Elapsed time: 00:00:08s.  Time for last 10,000:    0s.  Last read position: 1:221,024,303
INFO	2018-05-26 02:32:35	MergeVcfs	Processed       280,000 records.  Elapsed time: 00:00:08s.  Time for last 10,000:    0s.  Last read position: 1:228,002,897
INFO	2018-05-26 02:32:35	MergeVcfs	Processed       290,000 records.  Elapsed time: 00:00:08s.  Time for last 10,000:    0s.  Last read position: 1:234,955,964
INFO	2018-05-26 02:32:35	MergeVcfs	Processed       300,000 records.  Elapsed time: 00:00:08s.  Time for last 10,000:    0s.  Last read position: 1:240,197,350
INFO	2018-05-26 02:32:36	MergeVcfs	Processed       310,000 records.  Elapsed time: 00:00:09s.  Time for last 10,000:    0s.  Last read position: 1:246,055,052
INFO	2018-05-26 02:32:36	MergeVcfs	Processed       320,000 records.  Elapsed time: 00:00:09s.  Time for last 10,000:    0s.  Last read position: 2:1,039,752
INFO	2018-05-26 02:32:36	MergeVcfs	Processed       330,000 records.  Elapsed time: 00:00:09s.  Time for last 10,000:    0s.  Last read position: 2:6,337,171
INFO	2018-05-26 02:32:36	MergeVcfs	Processed       340,000 records.  Elapsed time: 00:00:09s.  Time for last 10,000:    0s.  Last read position: 2:11,783,374
INFO	2018-05-26 02:32:36	MergeVcfs	Processed       350,000 records.  Elapsed time: 00:00:09s.  Time for last 10,000:    0s.  Last read position: 2:17,924,513
INFO	2018-05-26 02:32:36	MergeVcfs	Processed       360,000 records.  Elapsed time: 00:00:09s.  Time for last 10,000:    0s.  Last read position: 2:24,865,204
INFO	2018-05-26 02:32:36	MergeVcfs	Processed       370,000 records.  Elapsed time: 00:00:09s.  Time for last 10,000:    0s.  Last read position: 2:31,953,955
INFO	2018-05-26 02:32:36	MergeVcfs	Processed       380,000 records.  Elapsed time: 00:00:09s.  Time for last 10,000:    0s.  Last read position: 2:37,401,936
INFO	2018-05-26 02:32:37	MergeVcfs	Processed       390,000 records.  Elapsed time: 00:00:10s.  Time for last 10,000:    0s.  Last read position: 2:42,722,048
INFO	2018-05-26 02:32:37	MergeVcfs	Processed       400,000 records.  Elapsed time: 00:00:10s.  Time for last 10,000:    0s.  Last read position: 2:48,948,050
INFO	2018-05-26 02:32:37	MergeVcfs	Processed       410,000 records.  Elapsed time: 00:00:10s.  Time for last 10,000:    0s.  Last read position: 2:55,605,048
INFO	2018-05-26 02:32:37	MergeVcfs	Processed       420,000 records.  Elapsed time: 00:00:10s.  Time for last 10,000:    0s.  Last read position: 2:62,644,214
INFO	2018-05-26 02:32:37	MergeVcfs	Processed       430,000 records.  Elapsed time: 00:00:10s.  Time for last 10,000:    0s.  Last read position: 2:70,698,856
INFO	2018-05-26 02:32:37	MergeVcfs	Processed       440,000 records.  Elapsed time: 00:00:10s.  Time for last 10,000:    0s.  Last read position: 2:77,847,845
INFO	2018-05-26 02:32:37	MergeVcfs	Processed       450,000 records.  Elapsed time: 00:00:10s.  Time for last 10,000:    0s.  Last read position: 2:86,173,256
INFO	2018-05-26 02:32:37	MergeVcfs	Processed       460,000 records.  Elapsed time: 00:00:10s.  Time for last 10,000:    0s.  Last read position: 2:102,108,403
INFO	2018-05-26 02:32:37	MergeVcfs	Processed       470,000 records.  Elapsed time: 00:00:10s.  Time for last 10,000:    0s.  Last read position: 2:109,992,686
INFO	2018-05-26 02:32:38	MergeVcfs	Processed       480,000 records.  Elapsed time: 00:00:10s.  Time for last 10,000:    0s.  Last read position: 2:117,644,685
INFO	2018-05-26 02:32:38	MergeVcfs	Processed       490,000 records.  Elapsed time: 00:00:11s.  Time for last 10,000:    0s.  Last read position: 2:124,102,890
INFO	2018-05-26 02:32:38	MergeVcfs	Processed       500,000 records.  Elapsed time: 00:00:11s.  Time for last 10,000:    0s.  Last read position: 2:130,260,503
INFO	2018-05-26 02:32:38	MergeVcfs	Processed       510,000 records.  Elapsed time: 00:00:11s.  Time for last 10,000:    0s.  Last read position: 2:137,607,974
INFO	2018-05-26 02:32:38	MergeVcfs	Processed       520,000 records.  Elapsed time: 00:00:11s.  Time for last 10,000:    0s.  Last read position: 2:143,048,088
INFO	2018-05-26 02:32:38	MergeVcfs	Processed       530,000 records.  Elapsed time: 00:00:11s.  Time for last 10,000:    0s.  Last read position: 2:152,037,936
INFO	2018-05-26 02:32:38	MergeVcfs	Processed       540,000 records.  Elapsed time: 00:00:11s.  Time for last 10,000:    0s.  Last read position: 2:159,512,778
INFO	2018-05-26 02:32:38	MergeVcfs	Processed       550,000 records.  Elapsed time: 00:00:11s.  Time for last 10,000:    0s.  Last read position: 2:167,211,444
INFO	2018-05-26 02:32:38	MergeVcfs	Processed       560,000 records.  Elapsed time: 00:00:11s.  Time for last 10,000:    0s.  Last read position: 2:173,684,384
INFO	2018-05-26 02:32:38	MergeVcfs	Processed       570,000 records.  Elapsed time: 00:00:11s.  Time for last 10,000:    0s.  Last read position: 2:181,492,627
INFO	2018-05-26 02:32:39	MergeVcfs	Processed       580,000 records.  Elapsed time: 00:00:12s.  Time for last 10,000:    0s.  Last read position: 2:189,088,950
INFO	2018-05-26 02:32:39	MergeVcfs	Processed       590,000 records.  Elapsed time: 00:00:12s.  Time for last 10,000:    0s.  Last read position: 2:196,278,167
INFO	2018-05-26 02:32:39	MergeVcfs	Processed       600,000 records.  Elapsed time: 00:00:12s.  Time for last 10,000:    0s.  Last read position: 2:204,174,073
INFO	2018-05-26 02:32:39	MergeVcfs	Processed       610,000 records.  Elapsed time: 00:00:12s.  Time for last 10,000:    0s.  Last read position: 2:211,397,937
INFO	2018-05-26 02:32:39	MergeVcfs	Processed       620,000 records.  Elapsed time: 00:00:12s.  Time for last 10,000:    0s.  Last read position: 2:217,431,224
INFO	2018-05-26 02:32:39	MergeVcfs	Processed       630,000 records.  Elapsed time: 00:00:12s.  Time for last 10,000:    0s.  Last read position: 2:224,369,384
INFO	2018-05-26 02:32:39	MergeVcfs	Processed       640,000 records.  Elapsed time: 00:00:12s.  Time for last 10,000:    0s.  Last read position: 2:230,963,243
INFO	2018-05-26 02:32:39	MergeVcfs	Processed       650,000 records.  Elapsed time: 00:00:12s.  Time for last 10,000:    0s.  Last read position: 2:237,756,550
INFO	2018-05-26 02:32:39	MergeVcfs	Processed       660,000 records.  Elapsed time: 00:00:12s.  Time for last 10,000:    0s.  Last read position: 3:626,275
INFO	2018-05-26 02:32:39	MergeVcfs	Processed       670,000 records.  Elapsed time: 00:00:12s.  Time for last 10,000:    0s.  Last read position: 3:4,587,256
INFO	2018-05-26 02:32:40	MergeVcfs	Processed       680,000 records.  Elapsed time: 00:00:13s.  Time for last 10,000:    0s.  Last read position: 3:9,174,737
INFO	2018-05-26 02:32:40	MergeVcfs	Processed       690,000 records.  Elapsed time: 00:00:13s.  Time for last 10,000:    0s.  Last read position: 3:15,493,818
INFO	2018-05-26 02:32:40	MergeVcfs	Processed       700,000 records.  Elapsed time: 00:00:13s.  Time for last 10,000:    0s.  Last read position: 3:23,123,846
INFO	2018-05-26 02:32:40	MergeVcfs	Processed       710,000 records.  Elapsed time: 00:00:13s.  Time for last 10,000:    0s.  Last read position: 3:29,372,020
INFO	2018-05-26 02:32:40	MergeVcfs	Processed       720,000 records.  Elapsed time: 00:00:13s.  Time for last 10,000:    0s.  Last read position: 3:36,091,954
INFO	2018-05-26 02:32:40	MergeVcfs	Processed       730,000 records.  Elapsed time: 00:00:13s.  Time for last 10,000:    0s.  Last read position: 3:44,229,619
INFO	2018-05-26 02:32:40	MergeVcfs	Processed       740,000 records.  Elapsed time: 00:00:13s.  Time for last 10,000:    0s.  Last read position: 3:53,850,209
INFO	2018-05-26 02:32:40	MergeVcfs	Processed       750,000 records.  Elapsed time: 00:00:13s.  Time for last 10,000:    0s.  Last read position: 3:60,490,485
INFO	2018-05-26 02:32:40	MergeVcfs	Processed       760,000 records.  Elapsed time: 00:00:13s.  Time for last 10,000:    0s.  Last read position: 3:66,414,213
INFO	2018-05-26 02:32:41	MergeVcfs	Processed       770,000 records.  Elapsed time: 00:00:13s.  Time for last 10,000:    0s.  Last read position: 3:72,682,319
INFO	2018-05-26 02:32:41	MergeVcfs	Processed       780,000 records.  Elapsed time: 00:00:14s.  Time for last 10,000:    0s.  Last read position: 3:78,917,012
INFO	2018-05-26 02:32:41	MergeVcfs	Processed       790,000 records.  Elapsed time: 00:00:14s.  Time for last 10,000:    0s.  Last read position: 3:85,644,366
INFO	2018-05-26 02:32:41	MergeVcfs	Processed       800,000 records.  Elapsed time: 00:00:14s.  Time for last 10,000:    0s.  Last read position: 3:95,257,129
INFO	2018-05-26 02:32:41	MergeVcfs	Processed       810,000 records.  Elapsed time: 00:00:14s.  Time for last 10,000:    0s.  Last read position: 3:101,449,733
INFO	2018-05-26 02:32:41	MergeVcfs	Processed       820,000 records.  Elapsed time: 00:00:14s.  Time for last 10,000:    0s.  Last read position: 3:107,342,314
INFO	2018-05-26 02:32:41	MergeVcfs	Processed       830,000 records.  Elapsed time: 00:00:14s.  Time for last 10,000:    0s.  Last read position: 3:112,994,937
INFO	2018-05-26 02:32:41	MergeVcfs	Processed       840,000 records.  Elapsed time: 00:00:14s.  Time for last 10,000:    0s.  Last read position: 3:120,265,486
INFO	2018-05-26 02:32:41	MergeVcfs	Processed       850,000 records.  Elapsed time: 00:00:14s.  Time for last 10,000:    0s.  Last read position: 3:126,375,847
INFO	2018-05-26 02:32:41	MergeVcfs	Processed       860,000 records.  Elapsed time: 00:00:14s.  Time for last 10,000:    0s.  Last read position: 3:134,095,984
INFO	2018-05-26 02:32:42	MergeVcfs	Processed       870,000 records.  Elapsed time: 00:00:15s.  Time for last 10,000:    0s.  Last read position: 3:141,573,321
INFO	2018-05-26 02:32:42	MergeVcfs	Processed       880,000 records.  Elapsed time: 00:00:15s.  Time for last 10,000:    0s.  Last read position: 3:148,588,192
INFO	2018-05-26 02:32:42	MergeVcfs	Processed       890,000 records.  Elapsed time: 00:00:15s.  Time for last 10,000:    0s.  Last read position: 3:156,855,232
INFO	2018-05-26 02:32:42	MergeVcfs	Processed       900,000 records.  Elapsed time: 00:00:15s.  Time for last 10,000:    0s.  Last read position: 3:163,622,235
INFO	2018-05-26 02:32:42	MergeVcfs	Processed       910,000 records.  Elapsed time: 00:00:15s.  Time for last 10,000:    0s.  Last read position: 3:169,946,899
INFO	2018-05-26 02:32:42	MergeVcfs	Processed       920,000 records.  Elapsed time: 00:00:15s.  Time for last 10,000:    0s.  Last read position: 3:177,302,751
INFO	2018-05-26 02:32:42	MergeVcfs	Processed       930,000 records.  Elapsed time: 00:00:15s.  Time for last 10,000:    0s.  Last read position: 3:185,512,426
INFO	2018-05-26 02:32:42	MergeVcfs	Processed       940,000 records.  Elapsed time: 00:00:15s.  Time for last 10,000:    0s.  Last read position: 3:191,272,508
INFO	2018-05-26 02:32:42	MergeVcfs	Processed       950,000 records.  Elapsed time: 00:00:15s.  Time for last 10,000:    0s.  Last read position: 3:196,440,808
INFO	2018-05-26 02:32:42	MergeVcfs	Processed       960,000 records.  Elapsed time: 00:00:15s.  Time for last 10,000:    0s.  Last read position: 4:4,229,306
INFO	2018-05-26 02:32:43	MergeVcfs	Processed       970,000 records.  Elapsed time: 00:00:16s.  Time for last 10,000:    0s.  Last read position: 4:8,781,506
INFO	2018-05-26 02:32:43	MergeVcfs	Processed       980,000 records.  Elapsed time: 00:00:16s.  Time for last 10,000:    0s.  Last read position: 4:14,750,566
INFO	2018-05-26 02:32:43	MergeVcfs	Processed       990,000 records.  Elapsed time: 00:00:16s.  Time for last 10,000:    0s.  Last read position: 4:20,959,057
INFO	2018-05-26 02:32:43	MergeVcfs	Processed     1,000,000 records.  Elapsed time: 00:00:16s.  Time for last 10,000:    0s.  Last read position: 4:27,123,230
INFO	2018-05-26 02:32:43	MergeVcfs	Processed     1,010,000 records.  Elapsed time: 00:00:16s.  Time for last 10,000:    0s.  Last read position: 4:32,899,622
INFO	2018-05-26 02:32:43	MergeVcfs	Processed     1,020,000 records.  Elapsed time: 00:00:16s.  Time for last 10,000:    0s.  Last read position: 4:38,716,640
INFO	2018-05-26 02:32:43	MergeVcfs	Processed     1,030,000 records.  Elapsed time: 00:00:16s.  Time for last 10,000:    0s.  Last read position: 4:44,004,206
INFO	2018-05-26 02:32:43	MergeVcfs	Processed     1,040,000 records.  Elapsed time: 00:00:16s.  Time for last 10,000:    0s.  Last read position: 4:53,141,369
INFO	2018-05-26 02:32:43	MergeVcfs	Processed     1,050,000 records.  Elapsed time: 00:00:16s.  Time for last 10,000:    0s.  Last read position: 4:58,858,365
INFO	2018-05-26 02:32:44	MergeVcfs	Processed     1,060,000 records.  Elapsed time: 00:00:16s.  Time for last 10,000:    0s.  Last read position: 4:64,047,753
INFO	2018-05-26 02:32:44	MergeVcfs	Processed     1,070,000 records.  Elapsed time: 00:00:17s.  Time for last 10,000:    0s.  Last read position: 4:69,096,521
INFO	2018-05-26 02:32:44	MergeVcfs	Processed     1,080,000 records.  Elapsed time: 00:00:17s.  Time for last 10,000:    0s.  Last read position: 4:73,700,318
INFO	2018-05-26 02:32:44	MergeVcfs	Processed     1,090,000 records.  Elapsed time: 00:00:17s.  Time for last 10,000:    0s.  Last read position: 4:80,661,329
INFO	2018-05-26 02:32:44	MergeVcfs	Processed     1,100,000 records.  Elapsed time: 00:00:17s.  Time for last 10,000:    0s.  Last read position: 4:87,605,537
INFO	2018-05-26 02:32:44	MergeVcfs	Processed     1,110,000 records.  Elapsed time: 00:00:17s.  Time for last 10,000:    0s.  Last read position: 4:95,258,401
INFO	2018-05-26 02:32:44	MergeVcfs	Processed     1,120,000 records.  Elapsed time: 00:00:17s.  Time for last 10,000:    0s.  Last read position: 4:101,506,291
INFO	2018-05-26 02:32:44	MergeVcfs	Processed     1,130,000 records.  Elapsed time: 00:00:17s.  Time for last 10,000:    0s.  Last read position: 4:109,145,375
INFO	2018-05-26 02:32:44	MergeVcfs	Processed     1,140,000 records.  Elapsed time: 00:00:17s.  Time for last 10,000:    0s.  Last read position: 4:116,106,172
INFO	2018-05-26 02:32:44	MergeVcfs	Processed     1,150,000 records.  Elapsed time: 00:00:17s.  Time for last 10,000:    0s.  Last read position: 4:122,319,480
INFO	2018-05-26 02:32:45	MergeVcfs	Processed     1,160,000 records.  Elapsed time: 00:00:17s.  Time for last 10,000:    0s.  Last read position: 4:129,651,468
INFO	2018-05-26 02:32:45	MergeVcfs	Processed     1,170,000 records.  Elapsed time: 00:00:18s.  Time for last 10,000:    0s.  Last read position: 4:136,340,187
INFO	2018-05-26 02:32:45	MergeVcfs	Processed     1,180,000 records.  Elapsed time: 00:00:18s.  Time for last 10,000:    0s.  Last read position: 4:142,849,570
INFO	2018-05-26 02:32:45	MergeVcfs	Processed     1,190,000 records.  Elapsed time: 00:00:18s.  Time for last 10,000:    0s.  Last read position: 4:149,441,478
INFO	2018-05-26 02:32:45	MergeVcfs	Processed     1,200,000 records.  Elapsed time: 00:00:18s.  Time for last 10,000:    0s.  Last read position: 4:156,635,885
INFO	2018-05-26 02:32:45	MergeVcfs	Processed     1,210,000 records.  Elapsed time: 00:00:18s.  Time for last 10,000:    0s.  Last read position: 4:162,262,333
INFO	2018-05-26 02:32:45	MergeVcfs	Processed     1,220,000 records.  Elapsed time: 00:00:18s.  Time for last 10,000:    0s.  Last read position: 4:167,429,328
INFO	2018-05-26 02:32:45	MergeVcfs	Processed     1,230,000 records.  Elapsed time: 00:00:18s.  Time for last 10,000:    0s.  Last read position: 4:174,535,893
INFO	2018-05-26 02:32:45	MergeVcfs	Processed     1,240,000 records.  Elapsed time: 00:00:18s.  Time for last 10,000:    0s.  Last read position: 4:179,700,534
INFO	2018-05-26 02:32:45	MergeVcfs	Processed     1,250,000 records.  Elapsed time: 00:00:18s.  Time for last 10,000:    0s.  Last read position: 4:184,487,521
INFO	2018-05-26 02:32:46	MergeVcfs	Processed     1,260,000 records.  Elapsed time: 00:00:18s.  Time for last 10,000:    0s.  Last read position: 4:189,188,623
INFO	2018-05-26 02:32:46	MergeVcfs	Processed     1,270,000 records.  Elapsed time: 00:00:19s.  Time for last 10,000:    0s.  Last read position: 5:2,705,659
INFO	2018-05-26 02:32:46	MergeVcfs	Processed     1,280,000 records.  Elapsed time: 00:00:19s.  Time for last 10,000:    0s.  Last read position: 5:7,373,416
INFO	2018-05-26 02:32:46	MergeVcfs	Processed     1,290,000 records.  Elapsed time: 00:00:19s.  Time for last 10,000:    0s.  Last read position: 5:12,898,700
INFO	2018-05-26 02:32:46	MergeVcfs	Processed     1,300,000 records.  Elapsed time: 00:00:19s.  Time for last 10,000:    0s.  Last read position: 5:19,237,705
INFO	2018-05-26 02:32:46	MergeVcfs	Processed     1,310,000 records.  Elapsed time: 00:00:19s.  Time for last 10,000:    0s.  Last read position: 5:25,626,179
INFO	2018-05-26 02:32:46	MergeVcfs	Processed     1,320,000 records.  Elapsed time: 00:00:19s.  Time for last 10,000:    0s.  Last read position: 5:31,084,954
INFO	2018-05-26 02:32:46	MergeVcfs	Processed     1,330,000 records.  Elapsed time: 00:00:19s.  Time for last 10,000:    0s.  Last read position: 5:36,476,463
INFO	2018-05-26 02:32:46	MergeVcfs	Processed     1,340,000 records.  Elapsed time: 00:00:19s.  Time for last 10,000:    0s.  Last read position: 5:43,398,719
INFO	2018-05-26 02:32:46	MergeVcfs	Processed     1,350,000 records.  Elapsed time: 00:00:19s.  Time for last 10,000:    0s.  Last read position: 5:54,398,049
INFO	2018-05-26 02:32:47	MergeVcfs	Processed     1,360,000 records.  Elapsed time: 00:00:19s.  Time for last 10,000:    0s.  Last read position: 5:61,952,522
INFO	2018-05-26 02:32:47	MergeVcfs	Processed     1,370,000 records.  Elapsed time: 00:00:20s.  Time for last 10,000:    0s.  Last read position: 5:72,051,575
INFO	2018-05-26 02:32:47	MergeVcfs	Processed     1,380,000 records.  Elapsed time: 00:00:20s.  Time for last 10,000:    0s.  Last read position: 5:78,677,676
INFO	2018-05-26 02:32:47	MergeVcfs	Processed     1,390,000 records.  Elapsed time: 00:00:20s.  Time for last 10,000:    0s.  Last read position: 5:85,609,881
INFO	2018-05-26 02:32:47	MergeVcfs	Processed     1,400,000 records.  Elapsed time: 00:00:20s.  Time for last 10,000:    0s.  Last read position: 5:96,006,851
INFO	2018-05-26 02:32:47	MergeVcfs	Processed     1,410,000 records.  Elapsed time: 00:00:20s.  Time for last 10,000:    0s.  Last read position: 5:102,430,918
INFO	2018-05-26 02:32:47	MergeVcfs	Processed     1,420,000 records.  Elapsed time: 00:00:20s.  Time for last 10,000:    0s.  Last read position: 5:109,479,407
INFO	2018-05-26 02:32:47	MergeVcfs	Processed     1,430,000 records.  Elapsed time: 00:00:20s.  Time for last 10,000:    0s.  Last read position: 5:116,014,316
INFO	2018-05-26 02:32:47	MergeVcfs	Processed     1,440,000 records.  Elapsed time: 00:00:20s.  Time for last 10,000:    0s.  Last read position: 5:123,293,599
INFO	2018-05-26 02:32:47	MergeVcfs	Processed     1,450,000 records.  Elapsed time: 00:00:20s.  Time for last 10,000:    0s.  Last read position: 5:131,210,726
INFO	2018-05-26 02:32:48	MergeVcfs	Processed     1,460,000 records.  Elapsed time: 00:00:21s.  Time for last 10,000:    0s.  Last read position: 5:139,211,024
INFO	2018-05-26 02:32:48	MergeVcfs	Processed     1,470,000 records.  Elapsed time: 00:00:21s.  Time for last 10,000:    0s.  Last read position: 5:148,038,156
INFO	2018-05-26 02:32:48	MergeVcfs	Processed     1,480,000 records.  Elapsed time: 00:00:21s.  Time for last 10,000:    0s.  Last read position: 5:155,630,783
INFO	2018-05-26 02:32:48	MergeVcfs	Processed     1,490,000 records.  Elapsed time: 00:00:21s.  Time for last 10,000:    0s.  Last read position: 5:162,759,022
INFO	2018-05-26 02:32:48	MergeVcfs	Processed     1,500,000 records.  Elapsed time: 00:00:21s.  Time for last 10,000:    0s.  Last read position: 5:170,156,775
INFO	2018-05-26 02:32:48	MergeVcfs	Processed     1,510,000 records.  Elapsed time: 00:00:21s.  Time for last 10,000:    0s.  Last read position: 5:177,267,210
INFO	2018-05-26 02:32:48	MergeVcfs	Processed     1,520,000 records.  Elapsed time: 00:00:21s.  Time for last 10,000:    0s.  Last read position: 6:1,658,520
INFO	2018-05-26 02:32:48	MergeVcfs	Processed     1,530,000 records.  Elapsed time: 00:00:21s.  Time for last 10,000:    0s.  Last read position: 6:6,996,728
INFO	2018-05-26 02:32:48	MergeVcfs	Processed     1,540,000 records.  Elapsed time: 00:00:21s.  Time for last 10,000:    0s.  Last read position: 6:12,593,526
INFO	2018-05-26 02:32:48	MergeVcfs	Processed     1,550,000 records.  Elapsed time: 00:00:21s.  Time for last 10,000:    0s.  Last read position: 6:19,067,714
INFO	2018-05-26 02:32:49	MergeVcfs	Processed     1,560,000 records.  Elapsed time: 00:00:22s.  Time for last 10,000:    0s.  Last read position: 6:25,131,193
INFO	2018-05-26 02:32:49	MergeVcfs	Processed     1,570,000 records.  Elapsed time: 00:00:22s.  Time for last 10,000:    0s.  Last read position: 6:31,327,177
INFO	2018-05-26 02:32:49	MergeVcfs	Processed     1,580,000 records.  Elapsed time: 00:00:22s.  Time for last 10,000:    0s.  Last read position: 6:34,715,395
INFO	2018-05-26 02:32:49	MergeVcfs	Processed     1,590,000 records.  Elapsed time: 00:00:22s.  Time for last 10,000:    0s.  Last read position: 6:41,869,924
INFO	2018-05-26 02:32:49	MergeVcfs	Processed     1,600,000 records.  Elapsed time: 00:00:22s.  Time for last 10,000:    0s.  Last read position: 6:48,889,542
INFO	2018-05-26 02:32:49	MergeVcfs	Processed     1,610,000 records.  Elapsed time: 00:00:22s.  Time for last 10,000:    0s.  Last read position: 6:54,922,585
INFO	2018-05-26 02:32:49	MergeVcfs	Processed     1,620,000 records.  Elapsed time: 00:00:22s.  Time for last 10,000:    0s.  Last read position: 6:63,748,895
INFO	2018-05-26 02:32:49	MergeVcfs	Processed     1,630,000 records.  Elapsed time: 00:00:22s.  Time for last 10,000:    0s.  Last read position: 6:68,492,631
INFO	2018-05-26 02:32:49	MergeVcfs	Processed     1,640,000 records.  Elapsed time: 00:00:22s.  Time for last 10,000:    0s.  Last read position: 6:74,570,251
INFO	2018-05-26 02:32:49	MergeVcfs	Processed     1,650,000 records.  Elapsed time: 00:00:22s.  Time for last 10,000:    0s.  Last read position: 6:81,044,964
INFO	2018-05-26 02:32:50	MergeVcfs	Processed     1,660,000 records.  Elapsed time: 00:00:23s.  Time for last 10,000:    0s.  Last read position: 6:87,305,234
INFO	2018-05-26 02:32:50	MergeVcfs	Processed     1,670,000 records.  Elapsed time: 00:00:23s.  Time for last 10,000:    0s.  Last read position: 6:94,487,786
INFO	2018-05-26 02:32:50	MergeVcfs	Processed     1,680,000 records.  Elapsed time: 00:00:23s.  Time for last 10,000:    0s.  Last read position: 6:101,150,463
INFO	2018-05-26 02:32:50	MergeVcfs	Processed     1,690,000 records.  Elapsed time: 00:00:23s.  Time for last 10,000:    0s.  Last read position: 6:107,636,031
INFO	2018-05-26 02:32:50	MergeVcfs	Processed     1,700,000 records.  Elapsed time: 00:00:23s.  Time for last 10,000:    0s.  Last read position: 6:115,410,464
INFO	2018-05-26 02:32:50	MergeVcfs	Processed     1,710,000 records.  Elapsed time: 00:00:23s.  Time for last 10,000:    0s.  Last read position: 6:121,404,112
INFO	2018-05-26 02:32:50	MergeVcfs	Processed     1,720,000 records.  Elapsed time: 00:00:23s.  Time for last 10,000:    0s.  Last read position: 6:128,650,527
INFO	2018-05-26 02:32:50	MergeVcfs	Processed     1,730,000 records.  Elapsed time: 00:00:23s.  Time for last 10,000:    0s.  Last read position: 6:136,466,175
INFO	2018-05-26 02:32:50	MergeVcfs	Processed     1,740,000 records.  Elapsed time: 00:00:23s.  Time for last 10,000:    0s.  Last read position: 6:145,604,557
INFO	2018-05-26 02:32:50	MergeVcfs	Processed     1,750,000 records.  Elapsed time: 00:00:23s.  Time for last 10,000:    0s.  Last read position: 6:152,836,660
INFO	2018-05-26 02:32:51	MergeVcfs	Processed     1,760,000 records.  Elapsed time: 00:00:24s.  Time for last 10,000:    0s.  Last read position: 6:159,219,153
INFO	2018-05-26 02:32:51	MergeVcfs	Processed     1,770,000 records.  Elapsed time: 00:00:24s.  Time for last 10,000:    0s.  Last read position: 6:165,162,873
INFO	2018-05-26 02:32:51	MergeVcfs	Processed     1,780,000 records.  Elapsed time: 00:00:24s.  Time for last 10,000:    0s.  Last read position: 6:169,573,400
INFO	2018-05-26 02:32:51	MergeVcfs	Processed     1,790,000 records.  Elapsed time: 00:00:24s.  Time for last 10,000:    0s.  Last read position: 7:3,647,965
INFO	2018-05-26 02:32:51	MergeVcfs	Processed     1,800,000 records.  Elapsed time: 00:00:24s.  Time for last 10,000:    0s.  Last read position: 7:9,183,391
INFO	2018-05-26 02:32:51	MergeVcfs	Processed     1,810,000 records.  Elapsed time: 00:00:24s.  Time for last 10,000:    0s.  Last read position: 7:13,989,690
INFO	2018-05-26 02:32:51	MergeVcfs	Processed     1,820,000 records.  Elapsed time: 00:00:24s.  Time for last 10,000:    0s.  Last read position: 7:19,933,427
INFO	2018-05-26 02:32:51	MergeVcfs	Processed     1,830,000 records.  Elapsed time: 00:00:24s.  Time for last 10,000:    0s.  Last read position: 7:26,776,874
INFO	2018-05-26 02:32:51	MergeVcfs	Processed     1,840,000 records.  Elapsed time: 00:00:24s.  Time for last 10,000:    0s.  Last read position: 7:32,810,310
INFO	2018-05-26 02:32:52	MergeVcfs	Processed     1,850,000 records.  Elapsed time: 00:00:24s.  Time for last 10,000:    0s.  Last read position: 7:38,933,427
INFO	2018-05-26 02:32:52	MergeVcfs	Processed     1,860,000 records.  Elapsed time: 00:00:25s.  Time for last 10,000:    0s.  Last read position: 7:46,735,867
INFO	2018-05-26 02:32:52	MergeVcfs	Processed     1,870,000 records.  Elapsed time: 00:00:25s.  Time for last 10,000:    0s.  Last read position: 7:52,004,437
INFO	2018-05-26 02:32:52	MergeVcfs	Processed     1,880,000 records.  Elapsed time: 00:00:25s.  Time for last 10,000:    0s.  Last read position: 7:57,357,598
INFO	2018-05-26 02:32:52	MergeVcfs	Processed     1,890,000 records.  Elapsed time: 00:00:25s.  Time for last 10,000:    0s.  Last read position: 7:67,429,177
INFO	2018-05-26 02:32:52	MergeVcfs	Processed     1,900,000 records.  Elapsed time: 00:00:25s.  Time for last 10,000:    0s.  Last read position: 7:75,339,872
INFO	2018-05-26 02:32:52	MergeVcfs	Processed     1,910,000 records.  Elapsed time: 00:00:25s.  Time for last 10,000:    0s.  Last read position: 7:82,236,784
INFO	2018-05-26 02:32:52	MergeVcfs	Processed     1,920,000 records.  Elapsed time: 00:00:25s.  Time for last 10,000:    0s.  Last read position: 7:89,592,430
INFO	2018-05-26 02:32:52	MergeVcfs	Processed     1,930,000 records.  Elapsed time: 00:00:25s.  Time for last 10,000:    0s.  Last read position: 7:98,148,774
INFO	2018-05-26 02:32:52	MergeVcfs	Processed     1,940,000 records.  Elapsed time: 00:00:25s.  Time for last 10,000:    0s.  Last read position: 7:105,696,528
INFO	2018-05-26 02:32:53	MergeVcfs	Processed     1,950,000 records.  Elapsed time: 00:00:25s.  Time for last 10,000:    0s.  Last read position: 7:113,401,155
INFO	2018-05-26 02:32:53	MergeVcfs	Processed     1,960,000 records.  Elapsed time: 00:00:26s.  Time for last 10,000:    0s.  Last read position: 7:122,207,118
INFO	2018-05-26 02:32:53	MergeVcfs	Processed     1,970,000 records.  Elapsed time: 00:00:26s.  Time for last 10,000:    0s.  Last read position: 7:129,214,005
INFO	2018-05-26 02:32:53	MergeVcfs	Processed     1,980,000 records.  Elapsed time: 00:00:26s.  Time for last 10,000:    0s.  Last read position: 7:135,901,545
INFO	2018-05-26 02:32:53	MergeVcfs	Processed     1,990,000 records.  Elapsed time: 00:00:26s.  Time for last 10,000:    0s.  Last read position: 7:144,297,610
INFO	2018-05-26 02:32:53	MergeVcfs	Processed     2,000,000 records.  Elapsed time: 00:00:26s.  Time for last 10,000:    0s.  Last read position: 7:150,558,709
INFO	2018-05-26 02:32:53	MergeVcfs	Processed     2,010,000 records.  Elapsed time: 00:00:26s.  Time for last 10,000:    0s.  Last read position: 7:155,973,233
INFO	2018-05-26 02:32:53	MergeVcfs	Processed     2,020,000 records.  Elapsed time: 00:00:26s.  Time for last 10,000:    0s.  Last read position: 8:1,606,697
INFO	2018-05-26 02:32:53	MergeVcfs	Processed     2,030,000 records.  Elapsed time: 00:00:26s.  Time for last 10,000:    0s.  Last read position: 8:4,411,928
INFO	2018-05-26 02:32:53	MergeVcfs	Processed     2,040,000 records.  Elapsed time: 00:00:26s.  Time for last 10,000:    0s.  Last read position: 8:8,280,045
INFO	2018-05-26 02:32:54	MergeVcfs	Processed     2,050,000 records.  Elapsed time: 00:00:27s.  Time for last 10,000:    0s.  Last read position: 8:12,527,517
INFO	2018-05-26 02:32:54	MergeVcfs	Processed     2,060,000 records.  Elapsed time: 00:00:27s.  Time for last 10,000:    0s.  Last read position: 8:15,893,857
INFO	2018-05-26 02:32:54	MergeVcfs	Processed     2,070,000 records.  Elapsed time: 00:00:27s.  Time for last 10,000:    0s.  Last read position: 8:20,338,755
INFO	2018-05-26 02:32:54	MergeVcfs	Processed     2,080,000 records.  Elapsed time: 00:00:27s.  Time for last 10,000:    0s.  Last read position: 8:26,126,223
INFO	2018-05-26 02:32:54	MergeVcfs	Processed     2,090,000 records.  Elapsed time: 00:00:27s.  Time for last 10,000:    0s.  Last read position: 8:32,247,127
INFO	2018-05-26 02:32:54	MergeVcfs	Processed     2,100,000 records.  Elapsed time: 00:00:27s.  Time for last 10,000:    0s.  Last read position: 8:41,316,093
INFO	2018-05-26 02:32:54	MergeVcfs	Processed     2,110,000 records.  Elapsed time: 00:00:27s.  Time for last 10,000:    0s.  Last read position: 8:52,853,886
INFO	2018-05-26 02:32:54	MergeVcfs	Processed     2,120,000 records.  Elapsed time: 00:00:27s.  Time for last 10,000:    0s.  Last read position: 8:59,966,713
INFO	2018-05-26 02:32:54	MergeVcfs	Processed     2,130,000 records.  Elapsed time: 00:00:27s.  Time for last 10,000:    0s.  Last read position: 8:67,581,354
INFO	2018-05-26 02:32:55	MergeVcfs	Processed     2,140,000 records.  Elapsed time: 00:00:27s.  Time for last 10,000:    0s.  Last read position: 8:74,600,722
INFO	2018-05-26 02:32:55	MergeVcfs	Processed     2,150,000 records.  Elapsed time: 00:00:28s.  Time for last 10,000:    0s.  Last read position: 8:83,964,683
INFO	2018-05-26 02:32:55	MergeVcfs	Processed     2,160,000 records.  Elapsed time: 00:00:28s.  Time for last 10,000:    0s.  Last read position: 8:91,373,772
INFO	2018-05-26 02:32:55	MergeVcfs	Processed     2,170,000 records.  Elapsed time: 00:00:28s.  Time for last 10,000:    0s.  Last read position: 8:100,262,800
INFO	2018-05-26 02:32:55	MergeVcfs	Processed     2,180,000 records.  Elapsed time: 00:00:28s.  Time for last 10,000:    0s.  Last read position: 8:109,178,612
INFO	2018-05-26 02:32:55	MergeVcfs	Processed     2,190,000 records.  Elapsed time: 00:00:28s.  Time for last 10,000:    0s.  Last read position: 8:117,132,729
INFO	2018-05-26 02:32:55	MergeVcfs	Processed     2,200,000 records.  Elapsed time: 00:00:28s.  Time for last 10,000:    0s.  Last read position: 8:124,488,343
INFO	2018-05-26 02:32:55	MergeVcfs	Processed     2,210,000 records.  Elapsed time: 00:00:28s.  Time for last 10,000:    0s.  Last read position: 8:132,214,892
INFO	2018-05-26 02:32:55	MergeVcfs	Processed     2,220,000 records.  Elapsed time: 00:00:28s.  Time for last 10,000:    0s.  Last read position: 8:138,076,583
INFO	2018-05-26 02:32:56	MergeVcfs	Processed     2,230,000 records.  Elapsed time: 00:00:28s.  Time for last 10,000:    0s.  Last read position: 8:143,838,062
INFO	2018-05-26 02:32:56	MergeVcfs	Processed     2,240,000 records.  Elapsed time: 00:00:29s.  Time for last 10,000:    0s.  Last read position: 9:2,591,637
INFO	2018-05-26 02:32:56	MergeVcfs	Processed     2,250,000 records.  Elapsed time: 00:00:29s.  Time for last 10,000:    0s.  Last read position: 9:7,563,680
INFO	2018-05-26 02:32:56	MergeVcfs	Processed     2,260,000 records.  Elapsed time: 00:00:29s.  Time for last 10,000:    0s.  Last read position: 9:12,370,697
INFO	2018-05-26 02:32:56	MergeVcfs	Processed     2,270,000 records.  Elapsed time: 00:00:29s.  Time for last 10,000:    0s.  Last read position: 9:17,545,235
INFO	2018-05-26 02:32:56	MergeVcfs	Processed     2,280,000 records.  Elapsed time: 00:00:29s.  Time for last 10,000:    0s.  Last read position: 9:23,653,569
INFO	2018-05-26 02:32:56	MergeVcfs	Processed     2,290,000 records.  Elapsed time: 00:00:29s.  Time for last 10,000:    0s.  Last read position: 9:29,712,701
INFO	2018-05-26 02:32:56	MergeVcfs	Processed     2,300,000 records.  Elapsed time: 00:00:29s.  Time for last 10,000:    0s.  Last read position: 9:35,653,037
INFO	2018-05-26 02:32:56	MergeVcfs	Processed     2,310,000 records.  Elapsed time: 00:00:29s.  Time for last 10,000:    0s.  Last read position: 9:71,577,792
INFO	2018-05-26 02:32:56	MergeVcfs	Processed     2,320,000 records.  Elapsed time: 00:00:29s.  Time for last 10,000:    0s.  Last read position: 9:78,215,668
INFO	2018-05-26 02:32:57	MergeVcfs	Processed     2,330,000 records.  Elapsed time: 00:00:29s.  Time for last 10,000:    0s.  Last read position: 9:85,795,628
INFO	2018-05-26 02:32:57	MergeVcfs	Processed     2,340,000 records.  Elapsed time: 00:00:30s.  Time for last 10,000:    0s.  Last read position: 9:93,029,530
INFO	2018-05-26 02:32:57	MergeVcfs	Processed     2,350,000 records.  Elapsed time: 00:00:30s.  Time for last 10,000:    0s.  Last read position: 9:101,291,151
INFO	2018-05-26 02:32:57	MergeVcfs	Processed     2,360,000 records.  Elapsed time: 00:00:30s.  Time for last 10,000:    0s.  Last read position: 9:108,281,290
INFO	2018-05-26 02:32:57	MergeVcfs	Processed     2,370,000 records.  Elapsed time: 00:00:30s.  Time for last 10,000:    0s.  Last read position: 9:114,793,677
INFO	2018-05-26 02:32:57	MergeVcfs	Processed     2,380,000 records.  Elapsed time: 00:00:30s.  Time for last 10,000:    0s.  Last read position: 9:121,054,510
INFO	2018-05-26 02:32:57	MergeVcfs	Processed     2,390,000 records.  Elapsed time: 00:00:30s.  Time for last 10,000:    0s.  Last read position: 9:129,657,029
INFO	2018-05-26 02:32:57	MergeVcfs	Processed     2,400,000 records.  Elapsed time: 00:00:30s.  Time for last 10,000:    0s.  Last read position: 9:136,595,756
INFO	2018-05-26 02:32:57	MergeVcfs	Processed     2,410,000 records.  Elapsed time: 00:00:30s.  Time for last 10,000:    0s.  Last read position: 10:1,224,336
INFO	2018-05-26 02:32:57	MergeVcfs	Processed     2,420,000 records.  Elapsed time: 00:00:30s.  Time for last 10,000:    0s.  Last read position: 10:5,510,991
INFO	2018-05-26 02:32:58	MergeVcfs	Processed     2,430,000 records.  Elapsed time: 00:00:31s.  Time for last 10,000:    0s.  Last read position: 10:10,368,546
INFO	2018-05-26 02:32:58	MergeVcfs	Processed     2,440,000 records.  Elapsed time: 00:00:31s.  Time for last 10,000:    0s.  Last read position: 10:15,518,032
INFO	2018-05-26 02:32:58	MergeVcfs	Processed     2,450,000 records.  Elapsed time: 00:00:31s.  Time for last 10,000:    0s.  Last read position: 10:23,022,966
INFO	2018-05-26 02:32:58	MergeVcfs	Processed     2,460,000 records.  Elapsed time: 00:00:31s.  Time for last 10,000:    0s.  Last read position: 10:29,006,488
INFO	2018-05-26 02:32:58	MergeVcfs	Processed     2,470,000 records.  Elapsed time: 00:00:31s.  Time for last 10,000:    0s.  Last read position: 10:34,837,139
INFO	2018-05-26 02:32:58	MergeVcfs	Processed     2,480,000 records.  Elapsed time: 00:00:31s.  Time for last 10,000:    0s.  Last read position: 10:44,487,877
INFO	2018-05-26 02:32:58	MergeVcfs	Processed     2,490,000 records.  Elapsed time: 00:00:31s.  Time for last 10,000:    0s.  Last read position: 10:53,201,604
INFO	2018-05-26 02:32:58	MergeVcfs	Processed     2,500,000 records.  Elapsed time: 00:00:31s.  Time for last 10,000:    0s.  Last read position: 10:58,577,640
INFO	2018-05-26 02:32:58	MergeVcfs	Processed     2,510,000 records.  Elapsed time: 00:00:31s.  Time for last 10,000:    0s.  Last read position: 10:64,367,917
INFO	2018-05-26 02:32:58	MergeVcfs	Processed     2,520,000 records.  Elapsed time: 00:00:31s.  Time for last 10,000:    0s.  Last read position: 10:70,014,632
INFO	2018-05-26 02:32:59	MergeVcfs	Processed     2,530,000 records.  Elapsed time: 00:00:32s.  Time for last 10,000:    0s.  Last read position: 10:78,345,468
INFO	2018-05-26 02:32:59	MergeVcfs	Processed     2,540,000 records.  Elapsed time: 00:00:32s.  Time for last 10,000:    0s.  Last read position: 10:84,844,315
INFO	2018-05-26 02:32:59	MergeVcfs	Processed     2,550,000 records.  Elapsed time: 00:00:32s.  Time for last 10,000:    0s.  Last read position: 10:91,662,356
INFO	2018-05-26 02:32:59	MergeVcfs	Processed     2,560,000 records.  Elapsed time: 00:00:32s.  Time for last 10,000:    0s.  Last read position: 10:99,219,885
INFO	2018-05-26 02:32:59	MergeVcfs	Processed     2,570,000 records.  Elapsed time: 00:00:32s.  Time for last 10,000:    0s.  Last read position: 10:106,247,645
INFO	2018-05-26 02:32:59	MergeVcfs	Processed     2,580,000 records.  Elapsed time: 00:00:32s.  Time for last 10,000:    0s.  Last read position: 10:112,846,298
INFO	2018-05-26 02:32:59	MergeVcfs	Processed     2,590,000 records.  Elapsed time: 00:00:32s.  Time for last 10,000:    0s.  Last read position: 10:119,362,769
INFO	2018-05-26 02:32:59	MergeVcfs	Processed     2,600,000 records.  Elapsed time: 00:00:32s.  Time for last 10,000:    0s.  Last read position: 10:124,796,990
INFO	2018-05-26 02:32:59	MergeVcfs	Processed     2,610,000 records.  Elapsed time: 00:00:32s.  Time for last 10,000:    0s.  Last read position: 10:130,616,360
INFO	2018-05-26 02:32:59	MergeVcfs	Processed     2,620,000 records.  Elapsed time: 00:00:32s.  Time for last 10,000:    0s.  Last read position: 11:571,124
INFO	2018-05-26 02:33:00	MergeVcfs	Processed     2,630,000 records.  Elapsed time: 00:00:33s.  Time for last 10,000:    0s.  Last read position: 11:5,343,319
INFO	2018-05-26 02:33:00	MergeVcfs	Processed     2,640,000 records.  Elapsed time: 00:00:33s.  Time for last 10,000:    0s.  Last read position: 11:10,085,401
INFO	2018-05-26 02:33:00	MergeVcfs	Processed     2,650,000 records.  Elapsed time: 00:00:33s.  Time for last 10,000:    0s.  Last read position: 11:15,766,526
INFO	2018-05-26 02:33:00	MergeVcfs	Processed     2,660,000 records.  Elapsed time: 00:00:33s.  Time for last 10,000:    0s.  Last read position: 11:21,232,490
INFO	2018-05-26 02:33:00	MergeVcfs	Processed     2,670,000 records.  Elapsed time: 00:00:33s.  Time for last 10,000:    0s.  Last read position: 11:25,423,841
INFO	2018-05-26 02:33:00	MergeVcfs	Processed     2,680,000 records.  Elapsed time: 00:00:33s.  Time for last 10,000:    0s.  Last read position: 11:31,528,354
INFO	2018-05-26 02:33:00	MergeVcfs	Processed     2,690,000 records.  Elapsed time: 00:00:33s.  Time for last 10,000:    0s.  Last read position: 11:38,287,507
INFO	2018-05-26 02:33:00	MergeVcfs	Processed     2,700,000 records.  Elapsed time: 00:00:33s.  Time for last 10,000:    0s.  Last read position: 11:43,540,537
INFO	2018-05-26 02:33:00	MergeVcfs	Processed     2,710,000 records.  Elapsed time: 00:00:33s.  Time for last 10,000:    0s.  Last read position: 11:49,763,804
INFO	2018-05-26 02:33:00	MergeVcfs	Processed     2,720,000 records.  Elapsed time: 00:00:33s.  Time for last 10,000:    0s.  Last read position: 11:56,099,739
INFO	2018-05-26 02:33:01	MergeVcfs	Processed     2,730,000 records.  Elapsed time: 00:00:34s.  Time for last 10,000:    0s.  Last read position: 11:62,824,522
INFO	2018-05-26 02:33:01	MergeVcfs	Processed     2,740,000 records.  Elapsed time: 00:00:34s.  Time for last 10,000:    0s.  Last read position: 11:70,666,183
INFO	2018-05-26 02:33:01	MergeVcfs	Processed     2,750,000 records.  Elapsed time: 00:00:34s.  Time for last 10,000:    0s.  Last read position: 11:77,746,720
INFO	2018-05-26 02:33:01	MergeVcfs	Processed     2,760,000 records.  Elapsed time: 00:00:34s.  Time for last 10,000:    0s.  Last read position: 11:84,411,076
INFO	2018-05-26 02:33:01	MergeVcfs	Processed     2,770,000 records.  Elapsed time: 00:00:34s.  Time for last 10,000:    0s.  Last read position: 11:90,876,675
INFO	2018-05-26 02:33:01	MergeVcfs	Processed     2,780,000 records.  Elapsed time: 00:00:34s.  Time for last 10,000:    0s.  Last read position: 11:97,656,045
INFO	2018-05-26 02:33:01	MergeVcfs	Processed     2,790,000 records.  Elapsed time: 00:00:34s.  Time for last 10,000:    0s.  Last read position: 11:103,107,393
INFO	2018-05-26 02:33:01	MergeVcfs	Processed     2,800,000 records.  Elapsed time: 00:00:34s.  Time for last 10,000:    0s.  Last read position: 11:109,996,646
INFO	2018-05-26 02:33:01	MergeVcfs	Processed     2,810,000 records.  Elapsed time: 00:00:34s.  Time for last 10,000:    0s.  Last read position: 11:117,127,620
INFO	2018-05-26 02:33:02	MergeVcfs	Processed     2,820,000 records.  Elapsed time: 00:00:34s.  Time for last 10,000:    0s.  Last read position: 11:123,395,470
INFO	2018-05-26 02:33:02	MergeVcfs	Processed     2,830,000 records.  Elapsed time: 00:00:35s.  Time for last 10,000:    0s.  Last read position: 11:130,090,904
INFO	2018-05-26 02:33:02	MergeVcfs	Processed     2,840,000 records.  Elapsed time: 00:00:35s.  Time for last 10,000:    0s.  Last read position: 12:1,739,806
INFO	2018-05-26 02:33:02	MergeVcfs	Processed     2,850,000 records.  Elapsed time: 00:00:35s.  Time for last 10,000:    0s.  Last read position: 12:7,824,164
INFO	2018-05-26 02:33:02	MergeVcfs	Processed     2,860,000 records.  Elapsed time: 00:00:35s.  Time for last 10,000:    0s.  Last read position: 12:11,907,756
INFO	2018-05-26 02:33:02	MergeVcfs	Processed     2,870,000 records.  Elapsed time: 00:00:35s.  Time for last 10,000:    0s.  Last read position: 12:18,467,618
INFO	2018-05-26 02:33:02	MergeVcfs	Processed     2,880,000 records.  Elapsed time: 00:00:35s.  Time for last 10,000:    0s.  Last read position: 12:24,449,752
INFO	2018-05-26 02:33:02	MergeVcfs	Processed     2,890,000 records.  Elapsed time: 00:00:35s.  Time for last 10,000:    0s.  Last read position: 12:30,235,437
INFO	2018-05-26 02:33:02	MergeVcfs	Processed     2,900,000 records.  Elapsed time: 00:00:35s.  Time for last 10,000:    0s.  Last read position: 12:37,988,059
INFO	2018-05-26 02:33:03	MergeVcfs	Processed     2,910,000 records.  Elapsed time: 00:00:35s.  Time for last 10,000:    0s.  Last read position: 12:43,773,708
INFO	2018-05-26 02:33:03	MergeVcfs	Processed     2,920,000 records.  Elapsed time: 00:00:36s.  Time for last 10,000:    0s.  Last read position: 12:51,474,848
INFO	2018-05-26 02:33:03	MergeVcfs	Processed     2,930,000 records.  Elapsed time: 00:00:36s.  Time for last 10,000:    0s.  Last read position: 12:58,516,814
INFO	2018-05-26 02:33:03	MergeVcfs	Processed     2,940,000 records.  Elapsed time: 00:00:36s.  Time for last 10,000:    0s.  Last read position: 12:65,289,216
INFO	2018-05-26 02:33:03	MergeVcfs	Processed     2,950,000 records.  Elapsed time: 00:00:36s.  Time for last 10,000:    0s.  Last read position: 12:72,064,379
INFO	2018-05-26 02:33:03	MergeVcfs	Processed     2,960,000 records.  Elapsed time: 00:00:36s.  Time for last 10,000:    0s.  Last read position: 12:79,588,427
INFO	2018-05-26 02:33:03	MergeVcfs	Processed     2,970,000 records.  Elapsed time: 00:00:36s.  Time for last 10,000:    0s.  Last read position: 12:87,369,027
INFO	2018-05-26 02:33:03	MergeVcfs	Processed     2,980,000 records.  Elapsed time: 00:00:36s.  Time for last 10,000:    0s.  Last read position: 12:95,179,709
INFO	2018-05-26 02:33:03	MergeVcfs	Processed     2,990,000 records.  Elapsed time: 00:00:36s.  Time for last 10,000:    0s.  Last read position: 12:103,830,938
INFO	2018-05-26 02:33:04	MergeVcfs	Processed     3,000,000 records.  Elapsed time: 00:00:36s.  Time for last 10,000:    0s.  Last read position: 12:111,373,836
INFO	2018-05-26 02:33:04	MergeVcfs	Processed     3,010,000 records.  Elapsed time: 00:00:37s.  Time for last 10,000:    0s.  Last read position: 12:120,063,299
INFO	2018-05-26 02:33:04	MergeVcfs	Processed     3,020,000 records.  Elapsed time: 00:00:37s.  Time for last 10,000:    0s.  Last read position: 12:126,469,105
INFO	2018-05-26 02:33:04	MergeVcfs	Processed     3,030,000 records.  Elapsed time: 00:00:37s.  Time for last 10,000:    0s.  Last read position: 12:130,745,948
INFO	2018-05-26 02:33:04	MergeVcfs	Processed     3,040,000 records.  Elapsed time: 00:00:37s.  Time for last 10,000:    0s.  Last read position: 13:20,701,539
INFO	2018-05-26 02:33:04	MergeVcfs	Processed     3,050,000 records.  Elapsed time: 00:00:37s.  Time for last 10,000:    0s.  Last read position: 13:25,074,185
INFO	2018-05-26 02:33:04	MergeVcfs	Processed     3,060,000 records.  Elapsed time: 00:00:37s.  Time for last 10,000:    0s.  Last read position: 13:29,950,996
INFO	2018-05-26 02:33:04	MergeVcfs	Processed     3,070,000 records.  Elapsed time: 00:00:37s.  Time for last 10,000:    0s.  Last read position: 13:36,078,783
INFO	2018-05-26 02:33:04	MergeVcfs	Processed     3,080,000 records.  Elapsed time: 00:00:37s.  Time for last 10,000:    0s.  Last read position: 13:41,834,357
INFO	2018-05-26 02:33:04	MergeVcfs	Processed     3,090,000 records.  Elapsed time: 00:00:37s.  Time for last 10,000:    0s.  Last read position: 13:48,310,335
INFO	2018-05-26 02:33:05	MergeVcfs	Processed     3,100,000 records.  Elapsed time: 00:00:37s.  Time for last 10,000:    0s.  Last read position: 13:55,560,917
INFO	2018-05-26 02:33:05	MergeVcfs	Processed     3,110,000 records.  Elapsed time: 00:00:38s.  Time for last 10,000:    0s.  Last read position: 13:61,729,711
INFO	2018-05-26 02:33:05	MergeVcfs	Processed     3,120,000 records.  Elapsed time: 00:00:38s.  Time for last 10,000:    0s.  Last read position: 13:67,738,706
INFO	2018-05-26 02:33:05	MergeVcfs	Processed     3,130,000 records.  Elapsed time: 00:00:38s.  Time for last 10,000:    0s.  Last read position: 13:73,687,965
INFO	2018-05-26 02:33:05	MergeVcfs	Processed     3,140,000 records.  Elapsed time: 00:00:38s.  Time for last 10,000:    0s.  Last read position: 13:79,675,201
INFO	2018-05-26 02:33:05	MergeVcfs	Processed     3,150,000 records.  Elapsed time: 00:00:38s.  Time for last 10,000:    0s.  Last read position: 13:85,666,699
INFO	2018-05-26 02:33:05	MergeVcfs	Processed     3,160,000 records.  Elapsed time: 00:00:38s.  Time for last 10,000:    0s.  Last read position: 13:91,311,891
INFO	2018-05-26 02:33:05	MergeVcfs	Processed     3,170,000 records.  Elapsed time: 00:00:38s.  Time for last 10,000:    0s.  Last read position: 13:97,662,794
INFO	2018-05-26 02:33:05	MergeVcfs	Processed     3,180,000 records.  Elapsed time: 00:00:38s.  Time for last 10,000:    0s.  Last read position: 13:103,720,259
INFO	2018-05-26 02:33:05	MergeVcfs	Processed     3,190,000 records.  Elapsed time: 00:00:38s.  Time for last 10,000:    0s.  Last read position: 13:109,006,755
INFO	2018-05-26 02:33:05	MergeVcfs	Processed     3,200,000 records.  Elapsed time: 00:00:38s.  Time for last 10,000:    0s.  Last read position: 13:114,025,596
INFO	2018-05-26 02:33:06	MergeVcfs	Processed     3,210,000 records.  Elapsed time: 00:00:39s.  Time for last 10,000:    0s.  Last read position: 14:24,660,107
INFO	2018-05-26 02:33:06	MergeVcfs	Processed     3,220,000 records.  Elapsed time: 00:00:39s.  Time for last 10,000:    0s.  Last read position: 14:31,450,950
INFO	2018-05-26 02:33:06	MergeVcfs	Processed     3,230,000 records.  Elapsed time: 00:00:39s.  Time for last 10,000:    0s.  Last read position: 14:38,420,086
INFO	2018-05-26 02:33:06	MergeVcfs	Processed     3,240,000 records.  Elapsed time: 00:00:39s.  Time for last 10,000:    0s.  Last read position: 14:43,880,095
INFO	2018-05-26 02:33:06	MergeVcfs	Processed     3,250,000 records.  Elapsed time: 00:00:39s.  Time for last 10,000:    0s.  Last read position: 14:50,653,677
INFO	2018-05-26 02:33:06	MergeVcfs	Processed     3,260,000 records.  Elapsed time: 00:00:39s.  Time for last 10,000:    0s.  Last read position: 14:56,953,253
INFO	2018-05-26 02:33:06	MergeVcfs	Processed     3,270,000 records.  Elapsed time: 00:00:39s.  Time for last 10,000:    0s.  Last read position: 14:63,383,005
INFO	2018-05-26 02:33:06	MergeVcfs	Processed     3,280,000 records.  Elapsed time: 00:00:39s.  Time for last 10,000:    0s.  Last read position: 14:72,190,156
INFO	2018-05-26 02:33:06	MergeVcfs	Processed     3,290,000 records.  Elapsed time: 00:00:39s.  Time for last 10,000:    0s.  Last read position: 14:78,750,132
INFO	2018-05-26 02:33:06	MergeVcfs	Processed     3,300,000 records.  Elapsed time: 00:00:39s.  Time for last 10,000:    0s.  Last read position: 14:86,182,006
INFO	2018-05-26 02:33:07	MergeVcfs	Processed     3,310,000 records.  Elapsed time: 00:00:40s.  Time for last 10,000:    0s.  Last read position: 14:92,428,338
INFO	2018-05-26 02:33:07	MergeVcfs	Processed     3,320,000 records.  Elapsed time: 00:00:40s.  Time for last 10,000:    0s.  Last read position: 14:98,582,025
INFO	2018-05-26 02:33:07	MergeVcfs	Processed     3,330,000 records.  Elapsed time: 00:00:40s.  Time for last 10,000:    0s.  Last read position: 14:104,988,956
INFO	2018-05-26 02:33:07	MergeVcfs	Processed     3,340,000 records.  Elapsed time: 00:00:40s.  Time for last 10,000:    0s.  Last read position: 15:24,215,215
INFO	2018-05-26 02:33:07	MergeVcfs	Processed     3,350,000 records.  Elapsed time: 00:00:40s.  Time for last 10,000:    0s.  Last read position: 15:29,524,859
INFO	2018-05-26 02:33:07	MergeVcfs	Processed     3,360,000 records.  Elapsed time: 00:00:40s.  Time for last 10,000:    0s.  Last read position: 15:36,562,189
INFO	2018-05-26 02:33:07	MergeVcfs	Processed     3,370,000 records.  Elapsed time: 00:00:40s.  Time for last 10,000:    0s.  Last read position: 15:45,517,173
INFO	2018-05-26 02:33:08	MergeVcfs	Processed     3,380,000 records.  Elapsed time: 00:00:40s.  Time for last 10,000:    0s.  Last read position: 15:52,989,263
INFO	2018-05-26 02:33:08	MergeVcfs	Processed     3,390,000 records.  Elapsed time: 00:00:41s.  Time for last 10,000:    0s.  Last read position: 15:58,674,051
INFO	2018-05-26 02:33:08	MergeVcfs	Processed     3,400,000 records.  Elapsed time: 00:00:41s.  Time for last 10,000:    0s.  Last read position: 15:64,279,054
INFO	2018-05-26 02:33:08	MergeVcfs	Processed     3,410,000 records.  Elapsed time: 00:00:41s.  Time for last 10,000:    0s.  Last read position: 15:71,054,590
INFO	2018-05-26 02:33:08	MergeVcfs	Processed     3,420,000 records.  Elapsed time: 00:00:41s.  Time for last 10,000:    0s.  Last read position: 15:79,031,473
INFO	2018-05-26 02:33:08	MergeVcfs	Processed     3,430,000 records.  Elapsed time: 00:00:41s.  Time for last 10,000:    0s.  Last read position: 15:86,982,065
INFO	2018-05-26 02:33:08	MergeVcfs	Processed     3,440,000 records.  Elapsed time: 00:00:41s.  Time for last 10,000:    0s.  Last read position: 15:93,229,572
INFO	2018-05-26 02:33:08	MergeVcfs	Processed     3,450,000 records.  Elapsed time: 00:00:41s.  Time for last 10,000:    0s.  Last read position: 15:98,896,181
INFO	2018-05-26 02:33:08	MergeVcfs	Processed     3,460,000 records.  Elapsed time: 00:00:41s.  Time for last 10,000:    0s.  Last read position: 16:2,044,637
INFO	2018-05-26 02:33:08	MergeVcfs	Processed     3,470,000 records.  Elapsed time: 00:00:41s.  Time for last 10,000:    0s.  Last read position: 16:6,778,780
INFO	2018-05-26 02:33:09	MergeVcfs	Processed     3,480,000 records.  Elapsed time: 00:00:41s.  Time for last 10,000:    0s.  Last read position: 16:10,393,893
INFO	2018-05-26 02:33:09	MergeVcfs	Processed     3,490,000 records.  Elapsed time: 00:00:42s.  Time for last 10,000:    0s.  Last read position: 16:16,840,077
INFO	2018-05-26 02:33:09	MergeVcfs	Processed     3,500,000 records.  Elapsed time: 00:00:42s.  Time for last 10,000:    0s.  Last read position: 16:24,872,414
INFO	2018-05-26 02:33:09	MergeVcfs	Processed     3,510,000 records.  Elapsed time: 00:00:42s.  Time for last 10,000:    0s.  Last read position: 16:46,911,372
INFO	2018-05-26 02:33:09	MergeVcfs	Processed     3,520,000 records.  Elapsed time: 00:00:42s.  Time for last 10,000:    0s.  Last read position: 16:55,129,606
INFO	2018-05-26 02:33:09	MergeVcfs	Processed     3,530,000 records.  Elapsed time: 00:00:42s.  Time for last 10,000:    0s.  Last read position: 16:61,557,474
INFO	2018-05-26 02:33:09	MergeVcfs	Processed     3,540,000 records.  Elapsed time: 00:00:42s.  Time for last 10,000:    0s.  Last read position: 16:71,627,512
INFO	2018-05-26 02:33:09	MergeVcfs	Processed     3,550,000 records.  Elapsed time: 00:00:42s.  Time for last 10,000:    0s.  Last read position: 16:77,656,527
INFO	2018-05-26 02:33:09	MergeVcfs	Processed     3,560,000 records.  Elapsed time: 00:00:42s.  Time for last 10,000:    0s.  Last read position: 16:81,811,983
INFO	2018-05-26 02:33:09	MergeVcfs	Processed     3,570,000 records.  Elapsed time: 00:00:42s.  Time for last 10,000:    0s.  Last read position: 16:85,532,948
INFO	2018-05-26 02:33:10	MergeVcfs	Processed     3,580,000 records.  Elapsed time: 00:00:42s.  Time for last 10,000:    0s.  Last read position: 17:199,833
INFO	2018-05-26 02:33:10	MergeVcfs	Processed     3,590,000 records.  Elapsed time: 00:00:43s.  Time for last 10,000:    0s.  Last read position: 17:5,825,502
INFO	2018-05-26 02:33:10	MergeVcfs	Processed     3,600,000 records.  Elapsed time: 00:00:43s.  Time for last 10,000:    0s.  Last read position: 17:11,484,821
INFO	2018-05-26 02:33:10	MergeVcfs	Processed     3,610,000 records.  Elapsed time: 00:00:43s.  Time for last 10,000:    0s.  Last read position: 17:17,549,939
INFO	2018-05-26 02:33:10	MergeVcfs	Processed     3,620,000 records.  Elapsed time: 00:00:43s.  Time for last 10,000:    0s.  Last read position: 17:28,382,704
INFO	2018-05-26 02:33:10	MergeVcfs	Processed     3,630,000 records.  Elapsed time: 00:00:43s.  Time for last 10,000:    0s.  Last read position: 17:36,651,474
INFO	2018-05-26 02:33:10	MergeVcfs	Processed     3,640,000 records.  Elapsed time: 00:00:43s.  Time for last 10,000:    0s.  Last read position: 17:45,725,675
INFO	2018-05-26 02:33:10	MergeVcfs	Processed     3,650,000 records.  Elapsed time: 00:00:43s.  Time for last 10,000:    0s.  Last read position: 17:52,785,072
INFO	2018-05-26 02:33:10	MergeVcfs	Processed     3,660,000 records.  Elapsed time: 00:00:43s.  Time for last 10,000:    0s.  Last read position: 17:62,258,639
INFO	2018-05-26 02:33:10	MergeVcfs	Processed     3,670,000 records.  Elapsed time: 00:00:43s.  Time for last 10,000:    0s.  Last read position: 17:69,061,148
INFO	2018-05-26 02:33:10	MergeVcfs	Processed     3,680,000 records.  Elapsed time: 00:00:43s.  Time for last 10,000:    0s.  Last read position: 17:75,025,889
INFO	2018-05-26 02:33:11	MergeVcfs	Processed     3,690,000 records.  Elapsed time: 00:00:44s.  Time for last 10,000:    0s.  Last read position: 17:80,522,032
INFO	2018-05-26 02:33:11	MergeVcfs	Processed     3,700,000 records.  Elapsed time: 00:00:44s.  Time for last 10,000:    0s.  Last read position: 18:4,453,114
INFO	2018-05-26 02:33:11	MergeVcfs	Processed     3,710,000 records.  Elapsed time: 00:00:44s.  Time for last 10,000:    0s.  Last read position: 18:10,337,323
INFO	2018-05-26 02:33:11	MergeVcfs	Processed     3,720,000 records.  Elapsed time: 00:00:44s.  Time for last 10,000:    0s.  Last read position: 18:19,925,896
INFO	2018-05-26 02:33:11	MergeVcfs	Processed     3,730,000 records.  Elapsed time: 00:00:44s.  Time for last 10,000:    0s.  Last read position: 18:27,158,052
INFO	2018-05-26 02:33:11	MergeVcfs	Processed     3,740,000 records.  Elapsed time: 00:00:44s.  Time for last 10,000:    0s.  Last read position: 18:35,674,201
INFO	2018-05-26 02:33:11	MergeVcfs	Processed     3,750,000 records.  Elapsed time: 00:00:44s.  Time for last 10,000:    0s.  Last read position: 18:43,784,498
INFO	2018-05-26 02:33:11	MergeVcfs	Processed     3,760,000 records.  Elapsed time: 00:00:44s.  Time for last 10,000:    0s.  Last read position: 18:50,737,358
INFO	2018-05-26 02:33:11	MergeVcfs	Processed     3,770,000 records.  Elapsed time: 00:00:44s.  Time for last 10,000:    0s.  Last read position: 18:57,031,044
INFO	2018-05-26 02:33:11	MergeVcfs	Processed     3,780,000 records.  Elapsed time: 00:00:44s.  Time for last 10,000:    0s.  Last read position: 18:63,871,520
INFO	2018-05-26 02:33:12	MergeVcfs	Processed     3,790,000 records.  Elapsed time: 00:00:44s.  Time for last 10,000:    0s.  Last read position: 18:69,270,431
INFO	2018-05-26 02:33:12	MergeVcfs	Processed     3,800,000 records.  Elapsed time: 00:00:45s.  Time for last 10,000:    0s.  Last read position: 18:74,463,123
INFO	2018-05-26 02:33:12	MergeVcfs	Processed     3,810,000 records.  Elapsed time: 00:00:45s.  Time for last 10,000:    0s.  Last read position: 19:1,540,309
INFO	2018-05-26 02:33:12	MergeVcfs	Processed     3,820,000 records.  Elapsed time: 00:00:45s.  Time for last 10,000:    0s.  Last read position: 19:7,134,402
INFO	2018-05-26 02:33:12	MergeVcfs	Processed     3,830,000 records.  Elapsed time: 00:00:45s.  Time for last 10,000:    0s.  Last read position: 19:13,624,471
INFO	2018-05-26 02:33:12	MergeVcfs	Processed     3,840,000 records.  Elapsed time: 00:00:45s.  Time for last 10,000:    0s.  Last read position: 19:19,516,732
INFO	2018-05-26 02:33:12	MergeVcfs	Processed     3,850,000 records.  Elapsed time: 00:00:45s.  Time for last 10,000:    0s.  Last read position: 19:24,448,333
INFO	2018-05-26 02:33:12	MergeVcfs	Processed     3,860,000 records.  Elapsed time: 00:00:45s.  Time for last 10,000:    0s.  Last read position: 19:33,753,518
INFO	2018-05-26 02:33:12	MergeVcfs	Processed     3,870,000 records.  Elapsed time: 00:00:45s.  Time for last 10,000:    0s.  Last read position: 19:40,810,697
INFO	2018-05-26 02:33:12	MergeVcfs	Processed     3,880,000 records.  Elapsed time: 00:00:45s.  Time for last 10,000:    0s.  Last read position: 19:47,898,078
INFO	2018-05-26 02:33:13	MergeVcfs	Processed     3,890,000 records.  Elapsed time: 00:00:45s.  Time for last 10,000:    0s.  Last read position: 19:53,930,929
INFO	2018-05-26 02:33:13	MergeVcfs	Processed     3,900,000 records.  Elapsed time: 00:00:46s.  Time for last 10,000:    0s.  Last read position: 19:58,669,456
INFO	2018-05-26 02:33:13	MergeVcfs	Processed     3,910,000 records.  Elapsed time: 00:00:46s.  Time for last 10,000:    0s.  Last read position: 20:5,455,113
INFO	2018-05-26 02:33:13	MergeVcfs	Processed     3,920,000 records.  Elapsed time: 00:00:46s.  Time for last 10,000:    0s.  Last read position: 20:11,430,437
INFO	2018-05-26 02:33:13	MergeVcfs	Processed     3,930,000 records.  Elapsed time: 00:00:46s.  Time for last 10,000:    0s.  Last read position: 20:17,944,877
INFO	2018-05-26 02:33:13	MergeVcfs	Processed     3,940,000 records.  Elapsed time: 00:00:46s.  Time for last 10,000:    0s.  Last read position: 20:24,848,715
INFO	2018-05-26 02:33:13	MergeVcfs	Processed     3,950,000 records.  Elapsed time: 00:00:46s.  Time for last 10,000:    0s.  Last read position: 20:37,419,994
INFO	2018-05-26 02:33:13	MergeVcfs	Processed     3,960,000 records.  Elapsed time: 00:00:46s.  Time for last 10,000:    0s.  Last read position: 20:46,470,180
INFO	2018-05-26 02:33:13	MergeVcfs	Processed     3,970,000 records.  Elapsed time: 00:00:46s.  Time for last 10,000:    0s.  Last read position: 20:53,116,078
INFO	2018-05-26 02:33:13	MergeVcfs	Processed     3,980,000 records.  Elapsed time: 00:00:46s.  Time for last 10,000:    0s.  Last read position: 20:59,631,377
INFO	2018-05-26 02:33:13	MergeVcfs	Processed     3,990,000 records.  Elapsed time: 00:00:46s.  Time for last 10,000:    0s.  Last read position: 21:15,280,158
INFO	2018-05-26 02:33:14	MergeVcfs	Processed     4,000,000 records.  Elapsed time: 00:00:47s.  Time for last 10,000:    0s.  Last read position: 21:20,893,840
INFO	2018-05-26 02:33:14	MergeVcfs	Processed     4,010,000 records.  Elapsed time: 00:00:47s.  Time for last 10,000:    0s.  Last read position: 21:25,743,844
INFO	2018-05-26 02:33:14	MergeVcfs	Processed     4,020,000 records.  Elapsed time: 00:00:47s.  Time for last 10,000:    0s.  Last read position: 21:31,736,032
INFO	2018-05-26 02:33:14	MergeVcfs	Processed     4,030,000 records.  Elapsed time: 00:00:47s.  Time for last 10,000:    0s.  Last read position: 21:39,038,743
INFO	2018-05-26 02:33:14	MergeVcfs	Processed     4,040,000 records.  Elapsed time: 00:00:47s.  Time for last 10,000:    0s.  Last read position: 21:44,296,278
INFO	2018-05-26 02:33:14	MergeVcfs	Processed     4,050,000 records.  Elapsed time: 00:00:47s.  Time for last 10,000:    0s.  Last read position: 22:17,961,816
INFO	2018-05-26 02:33:14	MergeVcfs	Processed     4,060,000 records.  Elapsed time: 00:00:47s.  Time for last 10,000:    0s.  Last read position: 22:24,823,731
INFO	2018-05-26 02:33:14	MergeVcfs	Processed     4,070,000 records.  Elapsed time: 00:00:47s.  Time for last 10,000:    0s.  Last read position: 22:31,971,172
INFO	2018-05-26 02:33:14	MergeVcfs	Processed     4,080,000 records.  Elapsed time: 00:00:47s.  Time for last 10,000:    0s.  Last read position: 22:37,970,506
INFO	2018-05-26 02:33:14	MergeVcfs	Processed     4,090,000 records.  Elapsed time: 00:00:47s.  Time for last 10,000:    0s.  Last read position: 22:45,058,770
INFO	2018-05-26 02:33:15	MergeVcfs	Processed     4,100,000 records.  Elapsed time: 00:00:47s.  Time for last 10,000:    0s.  Last read position: 22:49,823,957
INFO	2018-05-26 02:33:15	MergeVcfs	Processed     4,110,000 records.  Elapsed time: 00:00:48s.  Time for last 10,000:    0s.  Last read position: X:2,589,176
INFO	2018-05-26 02:33:15	MergeVcfs	Processed     4,120,000 records.  Elapsed time: 00:00:48s.  Time for last 10,000:    0s.  Last read position: X:12,250,850
INFO	2018-05-26 02:33:15	MergeVcfs	Processed     4,130,000 records.  Elapsed time: 00:00:48s.  Time for last 10,000:    0s.  Last read position: X:25,670,670
INFO	2018-05-26 02:33:15	MergeVcfs	Processed     4,140,000 records.  Elapsed time: 00:00:48s.  Time for last 10,000:    0s.  Last read position: X:35,044,947
INFO	2018-05-26 02:33:15	MergeVcfs	Processed     4,150,000 records.  Elapsed time: 00:00:48s.  Time for last 10,000:    0s.  Last read position: X:49,820,628
INFO	2018-05-26 02:33:15	MergeVcfs	Processed     4,160,000 records.  Elapsed time: 00:00:48s.  Time for last 10,000:    0s.  Last read position: X:68,889,295
INFO	2018-05-26 02:33:15	MergeVcfs	Processed     4,170,000 records.  Elapsed time: 00:00:48s.  Time for last 10,000:    0s.  Last read position: X:79,100,108
INFO	2018-05-26 02:33:15	MergeVcfs	Processed     4,180,000 records.  Elapsed time: 00:00:48s.  Time for last 10,000:    0s.  Last read position: X:87,779,003
INFO	2018-05-26 02:33:15	MergeVcfs	Processed     4,190,000 records.  Elapsed time: 00:00:48s.  Time for last 10,000:    0s.  Last read position: X:97,036,052
INFO	2018-05-26 02:33:15	MergeVcfs	Processed     4,200,000 records.  Elapsed time: 00:00:48s.  Time for last 10,000:    0s.  Last read position: X:114,054,176
INFO	2018-05-26 02:33:16	MergeVcfs	Processed     4,210,000 records.  Elapsed time: 00:00:49s.  Time for last 10,000:    0s.  Last read position: X:122,938,080
INFO	2018-05-26 02:33:16	MergeVcfs	Processed     4,220,000 records.  Elapsed time: 00:00:49s.  Time for last 10,000:    0s.  Last read position: X:137,551,484
INFO	2018-05-26 02:33:16	MergeVcfs	Processed     4,230,000 records.  Elapsed time: 00:00:49s.  Time for last 10,000:    0s.  Last read position: X:145,711,023
[Sat May 26 02:33:16 UTC 2018] picard.vcf.MergeVcfs done. Elapsed time: 0.83 minutes.
Runtime.totalMemory()=262144000

Completed merging DDR control individual genotype VCF files from 1000 Genome Project
Sat 26 May 02:33:16 UTC 2018

Completed s01_select_HG00179_ddr_control_kgen.sh
Sat 26 May 02:33:16 UTC 2018

