Starting s01_select_HG03120_ddr_positive_kgen.sh
Mon 28 May 11:59:45 UTC 2018

1000 Genomes Project Individual ID - DDR positive genotype to be extracted - HG03120

Selecting DDR positive individual genotype from 1000 Genome Project (Chromosome 1) ...
Mon 28 May 11:59:45 UTC 2018

Completed DDR positive individual genotype from 1000 Genome Project (Chromosome 1)
Mon 28 May 12:29:00 UTC 2018

Selecting DDR positive individual genotype from 1000 Genome Project (Chromosome 2) ...
Mon 28 May 12:29:00 UTC 2018

Completed DDR positive individual genotype from 1000 Genome Project (Chromosome 2)
Mon 28 May 13:01:23 UTC 2018

Selecting DDR positive individual genotype from 1000 Genome Project (Chromosome 3) ...
Mon 28 May 13:01:23 UTC 2018

Completed DDR positive individual genotype from 1000 Genome Project (Chromosome 3)
Mon 28 May 13:27:40 UTC 2018

Selecting DDR positive individual genotype from 1000 Genome Project (Chromosome 4) ...
Mon 28 May 13:27:40 UTC 2018

Completed DDR positive individual genotype from 1000 Genome Project (Chromosome 4)
Mon 28 May 13:53:11 UTC 2018

Selecting DDR positive individual genotype from 1000 Genome Project (Chromosome 5) ...
Mon 28 May 13:53:11 UTC 2018

Completed DDR positive individual genotype from 1000 Genome Project (Chromosome 5)
Mon 28 May 14:17:46 UTC 2018

Selecting DDR positive individual genotype from 1000 Genome Project (Chromosome 6) ...
Mon 28 May 14:17:46 UTC 2018

Completed DDR positive individual genotype from 1000 Genome Project (Chromosome 6)
Mon 28 May 14:40:10 UTC 2018

Selecting DDR positive individual genotype from 1000 Genome Project (Chromosome 7) ...
Mon 28 May 14:40:10 UTC 2018

Completed DDR positive individual genotype from 1000 Genome Project (Chromosome 7)
Mon 28 May 15:01:36 UTC 2018

Selecting DDR positive individual genotype from 1000 Genome Project (Chromosome 8) ...
Mon 28 May 15:01:36 UTC 2018

Completed DDR positive individual genotype from 1000 Genome Project (Chromosome 8)
Mon 28 May 15:21:52 UTC 2018

Selecting DDR positive individual genotype from 1000 Genome Project (Chromosome 9) ...
Mon 28 May 15:21:52 UTC 2018

Completed DDR positive individual genotype from 1000 Genome Project (Chromosome 9)
Mon 28 May 15:37:36 UTC 2018

Selecting DDR positive individual genotype from 1000 Genome Project (Chromosome 10) ...
Mon 28 May 15:37:36 UTC 2018

Completed DDR positive individual genotype from 1000 Genome Project (Chromosome 10)
Mon 28 May 15:56:42 UTC 2018

Selecting DDR positive individual genotype from 1000 Genome Project (Chromosome 11) ...
Mon 28 May 15:56:42 UTC 2018

Completed DDR positive individual genotype from 1000 Genome Project (Chromosome 11)
Mon 28 May 16:15:01 UTC 2018

Selecting DDR positive individual genotype from 1000 Genome Project (Chromosome 12) ...
Mon 28 May 16:15:01 UTC 2018

Completed DDR positive individual genotype from 1000 Genome Project (Chromosome 12)
Mon 28 May 16:33:15 UTC 2018

Selecting DDR positive individual genotype from 1000 Genome Project (Chromosome 13) ...
Mon 28 May 16:33:15 UTC 2018

Completed DDR positive individual genotype from 1000 Genome Project (Chromosome 13)
Mon 28 May 16:46:23 UTC 2018

Selecting DDR positive individual genotype from 1000 Genome Project (Chromosome 14) ...
Mon 28 May 16:46:23 UTC 2018

Completed DDR positive individual genotype from 1000 Genome Project (Chromosome 14)
Mon 28 May 16:58:42 UTC 2018

Selecting DDR positive individual genotype from 1000 Genome Project (Chromosome 15) ...
Mon 28 May 16:58:42 UTC 2018

Completed DDR positive individual genotype from 1000 Genome Project (Chromosome 15)
Mon 28 May 17:09:29 UTC 2018

Selecting DDR positive individual genotype from 1000 Genome Project (Chromosome 16) ...
Mon 28 May 17:09:29 UTC 2018

Completed DDR positive individual genotype from 1000 Genome Project (Chromosome 16)
Mon 28 May 17:21:33 UTC 2018

Selecting DDR positive individual genotype from 1000 Genome Project (Chromosome 17) ...
Mon 28 May 17:21:33 UTC 2018

Completed DDR positive individual genotype from 1000 Genome Project (Chromosome 17)
Mon 28 May 17:32:09 UTC 2018

Selecting DDR positive individual genotype from 1000 Genome Project (Chromosome 18) ...
Mon 28 May 17:32:09 UTC 2018

Completed DDR positive individual genotype from 1000 Genome Project (Chromosome 18)
Mon 28 May 17:42:00 UTC 2018

Selecting DDR positive individual genotype from 1000 Genome Project (Chromosome 19) ...
Mon 28 May 17:42:00 UTC 2018

Completed DDR positive individual genotype from 1000 Genome Project (Chromosome 19)
Mon 28 May 17:50:37 UTC 2018

Selecting DDR positive individual genotype from 1000 Genome Project (Chromosome 20) ...
Mon 28 May 17:50:37 UTC 2018

Completed DDR positive individual genotype from 1000 Genome Project (Chromosome 20)
Mon 28 May 17:58:46 UTC 2018

Selecting DDR positive individual genotype from 1000 Genome Project (Chromosome 21) ...
Mon 28 May 17:58:46 UTC 2018

Completed DDR positive individual genotype from 1000 Genome Project (Chromosome 21)
Mon 28 May 18:03:42 UTC 2018

Selecting DDR positive individual genotype from 1000 Genome Project (Chromosome 22) ...
Mon 28 May 18:03:42 UTC 2018

Completed DDR positive individual genotype from 1000 Genome Project (Chromosome 22)
Mon 28 May 18:08:49 UTC 2018

Selecting DDR positive individual genotype from 1000 Genome Project (Chromosome X) ...
Mon 28 May 18:08:49 UTC 2018

Completed DDR positive individual genotype from 1000 Genome Project (Chromosome X)
Mon 28 May 18:24:49 UTC 2018


Merging DDR positive individual genotype VCF files from 1000 Genome Project
Mon 28 May 18:24:49 UTC 2018
18:24:50.691 INFO  NativeLibraryLoader - Loading libgkl_compression.so from jar:file:/home/ec2-user/tools/picard/picard.jar!/com/intel/gkl/native/libgkl_compression.so
[Mon May 28 18:24:50 UTC 2018] MergeVcfs INPUT=[/home/ec2-user/results/data_analysis/gt_individuals/kgen/ddr_positive/HG03120/s01_HG03120_ddr_positive_kgen_chr1_raw.vcf, /home/ec2-user/results/data_analysis/gt_individuals/kgen/ddr_positive/HG03120/s01_HG03120_ddr_positive_kgen_chr2_raw.vcf, /home/ec2-user/results/data_analysis/gt_individuals/kgen/ddr_positive/HG03120/s01_HG03120_ddr_positive_kgen_chr3_raw.vcf, /home/ec2-user/results/data_analysis/gt_individuals/kgen/ddr_positive/HG03120/s01_HG03120_ddr_positive_kgen_chr4_raw.vcf, /home/ec2-user/results/data_analysis/gt_individuals/kgen/ddr_positive/HG03120/s01_HG03120_ddr_positive_kgen_chr5_raw.vcf, /home/ec2-user/results/data_analysis/gt_individuals/kgen/ddr_positive/HG03120/s01_HG03120_ddr_positive_kgen_chr6_raw.vcf, /home/ec2-user/results/data_analysis/gt_individuals/kgen/ddr_positive/HG03120/s01_HG03120_ddr_positive_kgen_chr7_raw.vcf, /home/ec2-user/results/data_analysis/gt_individuals/kgen/ddr_positive/HG03120/s01_HG03120_ddr_positive_kgen_chr8_raw.vcf, /home/ec2-user/results/data_analysis/gt_individuals/kgen/ddr_positive/HG03120/s01_HG03120_ddr_positive_kgen_chr9_raw.vcf, /home/ec2-user/results/data_analysis/gt_individuals/kgen/ddr_positive/HG03120/s01_HG03120_ddr_positive_kgen_chr10_raw.vcf, /home/ec2-user/results/data_analysis/gt_individuals/kgen/ddr_positive/HG03120/s01_HG03120_ddr_positive_kgen_chr11_raw.vcf, /home/ec2-user/results/data_analysis/gt_individuals/kgen/ddr_positive/HG03120/s01_HG03120_ddr_positive_kgen_chr12_raw.vcf, /home/ec2-user/results/data_analysis/gt_individuals/kgen/ddr_positive/HG03120/s01_HG03120_ddr_positive_kgen_chr13_raw.vcf, /home/ec2-user/results/data_analysis/gt_individuals/kgen/ddr_positive/HG03120/s01_HG03120_ddr_positive_kgen_chr14_raw.vcf, /home/ec2-user/results/data_analysis/gt_individuals/kgen/ddr_positive/HG03120/s01_HG03120_ddr_positive_kgen_chr15_raw.vcf, /home/ec2-user/results/data_analysis/gt_individuals/kgen/ddr_positive/HG03120/s01_HG03120_ddr_positive_kgen_chr16_raw.vcf, /home/ec2-user/results/data_analysis/gt_individuals/kgen/ddr_positive/HG03120/s01_HG03120_ddr_positive_kgen_chr17_raw.vcf, /home/ec2-user/results/data_analysis/gt_individuals/kgen/ddr_positive/HG03120/s01_HG03120_ddr_positive_kgen_chr18_raw.vcf, /home/ec2-user/results/data_analysis/gt_individuals/kgen/ddr_positive/HG03120/s01_HG03120_ddr_positive_kgen_chr19_raw.vcf, /home/ec2-user/results/data_analysis/gt_individuals/kgen/ddr_positive/HG03120/s01_HG03120_ddr_positive_kgen_chr20_raw.vcf, /home/ec2-user/results/data_analysis/gt_individuals/kgen/ddr_positive/HG03120/s01_HG03120_ddr_positive_kgen_chr21_raw.vcf, /home/ec2-user/results/data_analysis/gt_individuals/kgen/ddr_positive/HG03120/s01_HG03120_ddr_positive_kgen_chr22_raw.vcf, /home/ec2-user/results/data_analysis/gt_individuals/kgen/ddr_positive/HG03120/s01_HG03120_ddr_positive_kgen_chrX_raw.vcf] OUTPUT=/home/ec2-user/results/data_analysis/gt_individuals/kgen/ddr_positive/HG03120/s01_HG03120_ddr_positive_kgen_merged_raw.vcf.gz    VERBOSITY=INFO QUIET=false VALIDATION_STRINGENCY=STRICT COMPRESSION_LEVEL=5 MAX_RECORDS_IN_RAM=500000 CREATE_INDEX=true CREATE_MD5_FILE=false GA4GH_CLIENT_SECRETS=client_secrets.json USE_JDK_DEFLATER=false USE_JDK_INFLATER=false
[Mon May 28 18:24:50 UTC 2018] Executing as ec2-user@ip-172-31-36-234 on Linux 4.14.33-51.37.amzn1.x86_64 amd64; OpenJDK 64-Bit Server VM 1.8.0_171-b10; Deflater: Intel; Inflater: Intel; Provider GCS is not available; Picard version: 2.18.2-SNAPSHOT
INFO	2018-05-28 18:24:52	MergeVcfs	Processed        10,000 records.  Elapsed time: 00:00:01s.  Time for last 10,000:    0s.  Last read position: 1:5,306,594
INFO	2018-05-28 18:24:52	MergeVcfs	Processed        20,000 records.  Elapsed time: 00:00:01s.  Time for last 10,000:    0s.  Last read position: 1:10,521,111
INFO	2018-05-28 18:24:52	MergeVcfs	Processed        30,000 records.  Elapsed time: 00:00:01s.  Time for last 10,000:    0s.  Last read position: 1:16,010,038
INFO	2018-05-28 18:24:53	MergeVcfs	Processed        40,000 records.  Elapsed time: 00:00:02s.  Time for last 10,000:    0s.  Last read position: 1:20,940,171
INFO	2018-05-28 18:24:53	MergeVcfs	Processed        50,000 records.  Elapsed time: 00:00:02s.  Time for last 10,000:    0s.  Last read position: 1:26,582,091
INFO	2018-05-28 18:24:53	MergeVcfs	Processed        60,000 records.  Elapsed time: 00:00:02s.  Time for last 10,000:    0s.  Last read position: 1:33,056,842
INFO	2018-05-28 18:24:53	MergeVcfs	Processed        70,000 records.  Elapsed time: 00:00:03s.  Time for last 10,000:    0s.  Last read position: 1:39,543,257
INFO	2018-05-28 18:24:54	MergeVcfs	Processed        80,000 records.  Elapsed time: 00:00:03s.  Time for last 10,000:    0s.  Last read position: 1:46,253,075
INFO	2018-05-28 18:24:54	MergeVcfs	Processed        90,000 records.  Elapsed time: 00:00:03s.  Time for last 10,000:    0s.  Last read position: 1:54,034,869
INFO	2018-05-28 18:24:54	MergeVcfs	Processed       100,000 records.  Elapsed time: 00:00:04s.  Time for last 10,000:    0s.  Last read position: 1:59,230,951
INFO	2018-05-28 18:24:55	MergeVcfs	Processed       110,000 records.  Elapsed time: 00:00:04s.  Time for last 10,000:    0s.  Last read position: 1:65,577,915
INFO	2018-05-28 18:24:55	MergeVcfs	Processed       120,000 records.  Elapsed time: 00:00:04s.  Time for last 10,000:    0s.  Last read position: 1:71,480,798
INFO	2018-05-28 18:24:55	MergeVcfs	Processed       130,000 records.  Elapsed time: 00:00:04s.  Time for last 10,000:    0s.  Last read position: 1:78,208,262
INFO	2018-05-28 18:24:55	MergeVcfs	Processed       140,000 records.  Elapsed time: 00:00:05s.  Time for last 10,000:    0s.  Last read position: 1:83,696,507
INFO	2018-05-28 18:24:56	MergeVcfs	Processed       150,000 records.  Elapsed time: 00:00:05s.  Time for last 10,000:    0s.  Last read position: 1:89,631,596
INFO	2018-05-28 18:24:56	MergeVcfs	Processed       160,000 records.  Elapsed time: 00:00:05s.  Time for last 10,000:    0s.  Last read position: 1:95,374,699
INFO	2018-05-28 18:24:56	MergeVcfs	Processed       170,000 records.  Elapsed time: 00:00:06s.  Time for last 10,000:    0s.  Last read position: 1:102,395,220
INFO	2018-05-28 18:24:56	MergeVcfs	Processed       180,000 records.  Elapsed time: 00:00:06s.  Time for last 10,000:    0s.  Last read position: 1:106,826,753
INFO	2018-05-28 18:24:57	MergeVcfs	Processed       190,000 records.  Elapsed time: 00:00:06s.  Time for last 10,000:    0s.  Last read position: 1:112,298,591
INFO	2018-05-28 18:24:57	MergeVcfs	Processed       200,000 records.  Elapsed time: 00:00:06s.  Time for last 10,000:    0s.  Last read position: 1:118,581,379
INFO	2018-05-28 18:24:57	MergeVcfs	Processed       210,000 records.  Elapsed time: 00:00:07s.  Time for last 10,000:    0s.  Last read position: 1:149,756,964
INFO	2018-05-28 18:24:58	MergeVcfs	Processed       220,000 records.  Elapsed time: 00:00:07s.  Time for last 10,000:    0s.  Last read position: 1:156,762,493
INFO	2018-05-28 18:24:58	MergeVcfs	Processed       230,000 records.  Elapsed time: 00:00:07s.  Time for last 10,000:    0s.  Last read position: 1:161,605,563
INFO	2018-05-28 18:24:58	MergeVcfs	Processed       240,000 records.  Elapsed time: 00:00:07s.  Time for last 10,000:    0s.  Last read position: 1:167,098,313
INFO	2018-05-28 18:24:58	MergeVcfs	Processed       250,000 records.  Elapsed time: 00:00:08s.  Time for last 10,000:    0s.  Last read position: 1:172,618,881
INFO	2018-05-28 18:24:58	MergeVcfs	Processed       260,000 records.  Elapsed time: 00:00:08s.  Time for last 10,000:    0s.  Last read position: 1:179,482,616
INFO	2018-05-28 18:24:59	MergeVcfs	Processed       270,000 records.  Elapsed time: 00:00:08s.  Time for last 10,000:    0s.  Last read position: 1:185,870,555
INFO	2018-05-28 18:24:59	MergeVcfs	Processed       280,000 records.  Elapsed time: 00:00:08s.  Time for last 10,000:    0s.  Last read position: 1:190,939,497
INFO	2018-05-28 18:24:59	MergeVcfs	Processed       290,000 records.  Elapsed time: 00:00:08s.  Time for last 10,000:    0s.  Last read position: 1:196,292,659
INFO	2018-05-28 18:24:59	MergeVcfs	Processed       300,000 records.  Elapsed time: 00:00:09s.  Time for last 10,000:    0s.  Last read position: 1:202,614,069
INFO	2018-05-28 18:25:00	MergeVcfs	Processed       310,000 records.  Elapsed time: 00:00:09s.  Time for last 10,000:    0s.  Last read position: 1:209,063,906
INFO	2018-05-28 18:25:00	MergeVcfs	Processed       320,000 records.  Elapsed time: 00:00:09s.  Time for last 10,000:    0s.  Last read position: 1:215,115,963
INFO	2018-05-28 18:25:00	MergeVcfs	Processed       330,000 records.  Elapsed time: 00:00:09s.  Time for last 10,000:    0s.  Last read position: 1:221,111,780
INFO	2018-05-28 18:25:00	MergeVcfs	Processed       340,000 records.  Elapsed time: 00:00:10s.  Time for last 10,000:    0s.  Last read position: 1:226,923,505
INFO	2018-05-28 18:25:01	MergeVcfs	Processed       350,000 records.  Elapsed time: 00:00:10s.  Time for last 10,000:    0s.  Last read position: 1:232,492,037
INFO	2018-05-28 18:25:01	MergeVcfs	Processed       360,000 records.  Elapsed time: 00:00:10s.  Time for last 10,000:    0s.  Last read position: 1:237,288,825
INFO	2018-05-28 18:25:01	MergeVcfs	Processed       370,000 records.  Elapsed time: 00:00:10s.  Time for last 10,000:    0s.  Last read position: 1:241,876,812
INFO	2018-05-28 18:25:01	MergeVcfs	Processed       380,000 records.  Elapsed time: 00:00:11s.  Time for last 10,000:    0s.  Last read position: 1:246,239,304
INFO	2018-05-28 18:25:02	MergeVcfs	Processed       390,000 records.  Elapsed time: 00:00:11s.  Time for last 10,000:    0s.  Last read position: 2:874,244
INFO	2018-05-28 18:25:02	MergeVcfs	Processed       400,000 records.  Elapsed time: 00:00:11s.  Time for last 10,000:    0s.  Last read position: 2:5,236,153
INFO	2018-05-28 18:25:02	MergeVcfs	Processed       410,000 records.  Elapsed time: 00:00:11s.  Time for last 10,000:    0s.  Last read position: 2:10,407,686
INFO	2018-05-28 18:25:02	MergeVcfs	Processed       420,000 records.  Elapsed time: 00:00:12s.  Time for last 10,000:    0s.  Last read position: 2:15,542,159
INFO	2018-05-28 18:25:03	MergeVcfs	Processed       430,000 records.  Elapsed time: 00:00:12s.  Time for last 10,000:    0s.  Last read position: 2:20,891,108
INFO	2018-05-28 18:25:03	MergeVcfs	Processed       440,000 records.  Elapsed time: 00:00:12s.  Time for last 10,000:    0s.  Last read position: 2:27,163,847
INFO	2018-05-28 18:25:03	MergeVcfs	Processed       450,000 records.  Elapsed time: 00:00:12s.  Time for last 10,000:    0s.  Last read position: 2:33,015,598
INFO	2018-05-28 18:25:03	MergeVcfs	Processed       460,000 records.  Elapsed time: 00:00:13s.  Time for last 10,000:    0s.  Last read position: 2:36,862,985
INFO	2018-05-28 18:25:03	MergeVcfs	Processed       470,000 records.  Elapsed time: 00:00:13s.  Time for last 10,000:    0s.  Last read position: 2:41,762,990
INFO	2018-05-28 18:25:04	MergeVcfs	Processed       480,000 records.  Elapsed time: 00:00:13s.  Time for last 10,000:    0s.  Last read position: 2:46,885,394
INFO	2018-05-28 18:25:04	MergeVcfs	Processed       490,000 records.  Elapsed time: 00:00:13s.  Time for last 10,000:    0s.  Last read position: 2:52,531,661
INFO	2018-05-28 18:25:04	MergeVcfs	Processed       500,000 records.  Elapsed time: 00:00:13s.  Time for last 10,000:    0s.  Last read position: 2:57,438,161
INFO	2018-05-28 18:25:04	MergeVcfs	Processed       510,000 records.  Elapsed time: 00:00:14s.  Time for last 10,000:    0s.  Last read position: 2:64,511,043
INFO	2018-05-28 18:25:04	MergeVcfs	Processed       520,000 records.  Elapsed time: 00:00:14s.  Time for last 10,000:    0s.  Last read position: 2:69,756,715
INFO	2018-05-28 18:25:05	MergeVcfs	Processed       530,000 records.  Elapsed time: 00:00:14s.  Time for last 10,000:    0s.  Last read position: 2:75,045,720
INFO	2018-05-28 18:25:05	MergeVcfs	Processed       540,000 records.  Elapsed time: 00:00:14s.  Time for last 10,000:    0s.  Last read position: 2:79,873,600
INFO	2018-05-28 18:25:05	MergeVcfs	Processed       550,000 records.  Elapsed time: 00:00:14s.  Time for last 10,000:    0s.  Last read position: 2:85,588,041
INFO	2018-05-28 18:25:05	MergeVcfs	Processed       560,000 records.  Elapsed time: 00:00:14s.  Time for last 10,000:    0s.  Last read position: 2:98,928,494
INFO	2018-05-28 18:25:05	MergeVcfs	Processed       570,000 records.  Elapsed time: 00:00:15s.  Time for last 10,000:    0s.  Last read position: 2:104,928,018
INFO	2018-05-28 18:25:06	MergeVcfs	Processed       580,000 records.  Elapsed time: 00:00:15s.  Time for last 10,000:    0s.  Last read position: 2:110,956,045
INFO	2018-05-28 18:25:06	MergeVcfs	Processed       590,000 records.  Elapsed time: 00:00:15s.  Time for last 10,000:    0s.  Last read position: 2:118,037,710
INFO	2018-05-28 18:25:06	MergeVcfs	Processed       600,000 records.  Elapsed time: 00:00:15s.  Time for last 10,000:    0s.  Last read position: 2:123,234,174
INFO	2018-05-28 18:25:06	MergeVcfs	Processed       610,000 records.  Elapsed time: 00:00:15s.  Time for last 10,000:    0s.  Last read position: 2:128,832,892
INFO	2018-05-28 18:25:06	MergeVcfs	Processed       620,000 records.  Elapsed time: 00:00:16s.  Time for last 10,000:    0s.  Last read position: 2:134,332,761
INFO	2018-05-28 18:25:06	MergeVcfs	Processed       630,000 records.  Elapsed time: 00:00:16s.  Time for last 10,000:    0s.  Last read position: 2:140,087,058
INFO	2018-05-28 18:25:06	MergeVcfs	Processed       640,000 records.  Elapsed time: 00:00:16s.  Time for last 10,000:    0s.  Last read position: 2:146,764,156
INFO	2018-05-28 18:25:07	MergeVcfs	Processed       650,000 records.  Elapsed time: 00:00:16s.  Time for last 10,000:    0s.  Last read position: 2:154,148,209
INFO	2018-05-28 18:25:07	MergeVcfs	Processed       660,000 records.  Elapsed time: 00:00:16s.  Time for last 10,000:    0s.  Last read position: 2:160,678,787
INFO	2018-05-28 18:25:07	MergeVcfs	Processed       670,000 records.  Elapsed time: 00:00:16s.  Time for last 10,000:    0s.  Last read position: 2:167,448,965
INFO	2018-05-28 18:25:07	MergeVcfs	Processed       680,000 records.  Elapsed time: 00:00:16s.  Time for last 10,000:    0s.  Last read position: 2:173,332,695
INFO	2018-05-28 18:25:07	MergeVcfs	Processed       690,000 records.  Elapsed time: 00:00:16s.  Time for last 10,000:    0s.  Last read position: 2:179,072,181
INFO	2018-05-28 18:25:07	MergeVcfs	Processed       700,000 records.  Elapsed time: 00:00:16s.  Time for last 10,000:    0s.  Last read position: 2:185,682,739
INFO	2018-05-28 18:25:07	MergeVcfs	Processed       710,000 records.  Elapsed time: 00:00:17s.  Time for last 10,000:    0s.  Last read position: 2:191,920,771
INFO	2018-05-28 18:25:07	MergeVcfs	Processed       720,000 records.  Elapsed time: 00:00:17s.  Time for last 10,000:    0s.  Last read position: 2:197,985,666
INFO	2018-05-28 18:25:07	MergeVcfs	Processed       730,000 records.  Elapsed time: 00:00:17s.  Time for last 10,000:    0s.  Last read position: 2:205,874,393
INFO	2018-05-28 18:25:08	MergeVcfs	Processed       740,000 records.  Elapsed time: 00:00:17s.  Time for last 10,000:    0s.  Last read position: 2:212,070,191
INFO	2018-05-28 18:25:08	MergeVcfs	Processed       750,000 records.  Elapsed time: 00:00:17s.  Time for last 10,000:    0s.  Last read position: 2:217,836,599
INFO	2018-05-28 18:25:08	MergeVcfs	Processed       760,000 records.  Elapsed time: 00:00:17s.  Time for last 10,000:    0s.  Last read position: 2:223,635,030
INFO	2018-05-28 18:25:08	MergeVcfs	Processed       770,000 records.  Elapsed time: 00:00:17s.  Time for last 10,000:    0s.  Last read position: 2:228,570,252
INFO	2018-05-28 18:25:08	MergeVcfs	Processed       780,000 records.  Elapsed time: 00:00:17s.  Time for last 10,000:    0s.  Last read position: 2:233,450,785
INFO	2018-05-28 18:25:08	MergeVcfs	Processed       790,000 records.  Elapsed time: 00:00:17s.  Time for last 10,000:    0s.  Last read position: 2:238,114,043
INFO	2018-05-28 18:25:08	MergeVcfs	Processed       800,000 records.  Elapsed time: 00:00:17s.  Time for last 10,000:    0s.  Last read position: 2:242,643,002
INFO	2018-05-28 18:25:08	MergeVcfs	Processed       810,000 records.  Elapsed time: 00:00:18s.  Time for last 10,000:    0s.  Last read position: 3:3,272,747
INFO	2018-05-28 18:25:08	MergeVcfs	Processed       820,000 records.  Elapsed time: 00:00:18s.  Time for last 10,000:    0s.  Last read position: 3:7,530,446
INFO	2018-05-28 18:25:09	MergeVcfs	Processed       830,000 records.  Elapsed time: 00:00:18s.  Time for last 10,000:    0s.  Last read position: 3:12,038,629
INFO	2018-05-28 18:25:09	MergeVcfs	Processed       840,000 records.  Elapsed time: 00:00:18s.  Time for last 10,000:    0s.  Last read position: 3:16,808,653
INFO	2018-05-28 18:25:09	MergeVcfs	Processed       850,000 records.  Elapsed time: 00:00:18s.  Time for last 10,000:    0s.  Last read position: 3:22,362,959
INFO	2018-05-28 18:25:09	MergeVcfs	Processed       860,000 records.  Elapsed time: 00:00:18s.  Time for last 10,000:    0s.  Last read position: 3:27,381,430
INFO	2018-05-28 18:25:09	MergeVcfs	Processed       870,000 records.  Elapsed time: 00:00:18s.  Time for last 10,000:    0s.  Last read position: 3:32,581,796
INFO	2018-05-28 18:25:09	MergeVcfs	Processed       880,000 records.  Elapsed time: 00:00:18s.  Time for last 10,000:    0s.  Last read position: 3:39,087,764
INFO	2018-05-28 18:25:09	MergeVcfs	Processed       890,000 records.  Elapsed time: 00:00:18s.  Time for last 10,000:    0s.  Last read position: 3:45,047,969
INFO	2018-05-28 18:25:09	MergeVcfs	Processed       900,000 records.  Elapsed time: 00:00:19s.  Time for last 10,000:    0s.  Last read position: 3:53,169,421
INFO	2018-05-28 18:25:09	MergeVcfs	Processed       910,000 records.  Elapsed time: 00:00:19s.  Time for last 10,000:    0s.  Last read position: 3:59,047,902
INFO	2018-05-28 18:25:10	MergeVcfs	Processed       920,000 records.  Elapsed time: 00:00:19s.  Time for last 10,000:    0s.  Last read position: 3:64,223,367
INFO	2018-05-28 18:25:10	MergeVcfs	Processed       930,000 records.  Elapsed time: 00:00:19s.  Time for last 10,000:    0s.  Last read position: 3:68,878,779
INFO	2018-05-28 18:25:10	MergeVcfs	Processed       940,000 records.  Elapsed time: 00:00:19s.  Time for last 10,000:    0s.  Last read position: 3:74,393,755
INFO	2018-05-28 18:25:10	MergeVcfs	Processed       950,000 records.  Elapsed time: 00:00:19s.  Time for last 10,000:    0s.  Last read position: 3:79,819,264
INFO	2018-05-28 18:25:10	MergeVcfs	Processed       960,000 records.  Elapsed time: 00:00:19s.  Time for last 10,000:    0s.  Last read position: 3:86,024,573
INFO	2018-05-28 18:25:10	MergeVcfs	Processed       970,000 records.  Elapsed time: 00:00:19s.  Time for last 10,000:    0s.  Last read position: 3:95,159,418
INFO	2018-05-28 18:25:10	MergeVcfs	Processed       980,000 records.  Elapsed time: 00:00:19s.  Time for last 10,000:    0s.  Last read position: 3:99,414,479
INFO	2018-05-28 18:25:10	MergeVcfs	Processed       990,000 records.  Elapsed time: 00:00:20s.  Time for last 10,000:    0s.  Last read position: 3:104,833,842
INFO	2018-05-28 18:25:10	MergeVcfs	Processed     1,000,000 records.  Elapsed time: 00:00:20s.  Time for last 10,000:    0s.  Last read position: 3:110,643,510
INFO	2018-05-28 18:25:10	MergeVcfs	Processed     1,010,000 records.  Elapsed time: 00:00:20s.  Time for last 10,000:    0s.  Last read position: 3:116,530,828
INFO	2018-05-28 18:25:11	MergeVcfs	Processed     1,020,000 records.  Elapsed time: 00:00:20s.  Time for last 10,000:    0s.  Last read position: 3:122,858,831
INFO	2018-05-28 18:25:11	MergeVcfs	Processed     1,030,000 records.  Elapsed time: 00:00:20s.  Time for last 10,000:    0s.  Last read position: 3:127,958,692
INFO	2018-05-28 18:25:11	MergeVcfs	Processed     1,040,000 records.  Elapsed time: 00:00:20s.  Time for last 10,000:    0s.  Last read position: 3:133,735,861
INFO	2018-05-28 18:25:11	MergeVcfs	Processed     1,050,000 records.  Elapsed time: 00:00:20s.  Time for last 10,000:    0s.  Last read position: 3:140,290,208
INFO	2018-05-28 18:25:11	MergeVcfs	Processed     1,060,000 records.  Elapsed time: 00:00:20s.  Time for last 10,000:    0s.  Last read position: 3:145,665,218
INFO	2018-05-28 18:25:11	MergeVcfs	Processed     1,070,000 records.  Elapsed time: 00:00:20s.  Time for last 10,000:    0s.  Last read position: 3:151,265,215
INFO	2018-05-28 18:25:11	MergeVcfs	Processed     1,080,000 records.  Elapsed time: 00:00:20s.  Time for last 10,000:    0s.  Last read position: 3:157,217,041
INFO	2018-05-28 18:25:11	MergeVcfs	Processed     1,090,000 records.  Elapsed time: 00:00:21s.  Time for last 10,000:    0s.  Last read position: 3:162,490,056
INFO	2018-05-28 18:25:11	MergeVcfs	Processed     1,100,000 records.  Elapsed time: 00:00:21s.  Time for last 10,000:    0s.  Last read position: 3:167,109,496
INFO	2018-05-28 18:25:12	MergeVcfs	Processed     1,110,000 records.  Elapsed time: 00:00:21s.  Time for last 10,000:    0s.  Last read position: 3:173,064,588
INFO	2018-05-28 18:25:12	MergeVcfs	Processed     1,120,000 records.  Elapsed time: 00:00:21s.  Time for last 10,000:    0s.  Last read position: 3:177,772,966
INFO	2018-05-28 18:25:12	MergeVcfs	Processed     1,130,000 records.  Elapsed time: 00:00:21s.  Time for last 10,000:    0s.  Last read position: 3:184,319,711
INFO	2018-05-28 18:25:12	MergeVcfs	Processed     1,140,000 records.  Elapsed time: 00:00:21s.  Time for last 10,000:    0s.  Last read position: 3:189,567,818
INFO	2018-05-28 18:25:12	MergeVcfs	Processed     1,150,000 records.  Elapsed time: 00:00:21s.  Time for last 10,000:    0s.  Last read position: 3:193,886,332
INFO	2018-05-28 18:25:12	MergeVcfs	Processed     1,160,000 records.  Elapsed time: 00:00:21s.  Time for last 10,000:    0s.  Last read position: 4:1,028,389
INFO	2018-05-28 18:25:12	MergeVcfs	Processed     1,170,000 records.  Elapsed time: 00:00:21s.  Time for last 10,000:    0s.  Last read position: 4:5,238,185
INFO	2018-05-28 18:25:12	MergeVcfs	Processed     1,180,000 records.  Elapsed time: 00:00:22s.  Time for last 10,000:    0s.  Last read position: 4:8,946,780
INFO	2018-05-28 18:25:12	MergeVcfs	Processed     1,190,000 records.  Elapsed time: 00:00:22s.  Time for last 10,000:    0s.  Last read position: 4:12,950,510
INFO	2018-05-28 18:25:12	MergeVcfs	Processed     1,200,000 records.  Elapsed time: 00:00:22s.  Time for last 10,000:    0s.  Last read position: 4:18,320,094
INFO	2018-05-28 18:25:13	MergeVcfs	Processed     1,210,000 records.  Elapsed time: 00:00:22s.  Time for last 10,000:    0s.  Last read position: 4:23,398,372
INFO	2018-05-28 18:25:13	MergeVcfs	Processed     1,220,000 records.  Elapsed time: 00:00:22s.  Time for last 10,000:    0s.  Last read position: 4:28,573,280
INFO	2018-05-28 18:25:13	MergeVcfs	Processed     1,230,000 records.  Elapsed time: 00:00:22s.  Time for last 10,000:    0s.  Last read position: 4:32,743,164
INFO	2018-05-28 18:25:13	MergeVcfs	Processed     1,240,000 records.  Elapsed time: 00:00:22s.  Time for last 10,000:    0s.  Last read position: 4:37,672,411
INFO	2018-05-28 18:25:13	MergeVcfs	Processed     1,250,000 records.  Elapsed time: 00:00:22s.  Time for last 10,000:    0s.  Last read position: 4:42,850,509
INFO	2018-05-28 18:25:13	MergeVcfs	Processed     1,260,000 records.  Elapsed time: 00:00:22s.  Time for last 10,000:    0s.  Last read position: 4:48,933,273
INFO	2018-05-28 18:25:13	MergeVcfs	Processed     1,270,000 records.  Elapsed time: 00:00:22s.  Time for last 10,000:    0s.  Last read position: 4:57,366,244
INFO	2018-05-28 18:25:13	MergeVcfs	Processed     1,280,000 records.  Elapsed time: 00:00:23s.  Time for last 10,000:    0s.  Last read position: 4:61,424,832
INFO	2018-05-28 18:25:13	MergeVcfs	Processed     1,290,000 records.  Elapsed time: 00:00:23s.  Time for last 10,000:    0s.  Last read position: 4:66,083,807
INFO	2018-05-28 18:25:14	MergeVcfs	Processed     1,300,000 records.  Elapsed time: 00:00:23s.  Time for last 10,000:    0s.  Last read position: 4:71,211,334
INFO	2018-05-28 18:25:14	MergeVcfs	Processed     1,310,000 records.  Elapsed time: 00:00:23s.  Time for last 10,000:    0s.  Last read position: 4:76,216,648
INFO	2018-05-28 18:25:14	MergeVcfs	Processed     1,320,000 records.  Elapsed time: 00:00:23s.  Time for last 10,000:    0s.  Last read position: 4:81,544,904
INFO	2018-05-28 18:25:14	MergeVcfs	Processed     1,330,000 records.  Elapsed time: 00:00:23s.  Time for last 10,000:    0s.  Last read position: 4:86,485,469
INFO	2018-05-28 18:25:14	MergeVcfs	Processed     1,340,000 records.  Elapsed time: 00:00:23s.  Time for last 10,000:    0s.  Last read position: 4:91,954,489
INFO	2018-05-28 18:25:14	MergeVcfs	Processed     1,350,000 records.  Elapsed time: 00:00:23s.  Time for last 10,000:    0s.  Last read position: 4:97,431,751
INFO	2018-05-28 18:25:14	MergeVcfs	Processed     1,360,000 records.  Elapsed time: 00:00:23s.  Time for last 10,000:    0s.  Last read position: 4:102,427,894
INFO	2018-05-28 18:25:14	MergeVcfs	Processed     1,370,000 records.  Elapsed time: 00:00:24s.  Time for last 10,000:    0s.  Last read position: 4:108,596,230
INFO	2018-05-28 18:25:14	MergeVcfs	Processed     1,380,000 records.  Elapsed time: 00:00:24s.  Time for last 10,000:    0s.  Last read position: 4:114,211,892
INFO	2018-05-28 18:25:14	MergeVcfs	Processed     1,390,000 records.  Elapsed time: 00:00:24s.  Time for last 10,000:    0s.  Last read position: 4:118,754,293
INFO	2018-05-28 18:25:15	MergeVcfs	Processed     1,400,000 records.  Elapsed time: 00:00:24s.  Time for last 10,000:    0s.  Last read position: 4:125,037,794
INFO	2018-05-28 18:25:15	MergeVcfs	Processed     1,410,000 records.  Elapsed time: 00:00:24s.  Time for last 10,000:    0s.  Last read position: 4:131,102,446
INFO	2018-05-28 18:25:15	MergeVcfs	Processed     1,420,000 records.  Elapsed time: 00:00:24s.  Time for last 10,000:    0s.  Last read position: 4:136,371,798
INFO	2018-05-28 18:25:15	MergeVcfs	Processed     1,430,000 records.  Elapsed time: 00:00:24s.  Time for last 10,000:    0s.  Last read position: 4:142,490,463
INFO	2018-05-28 18:25:15	MergeVcfs	Processed     1,440,000 records.  Elapsed time: 00:00:24s.  Time for last 10,000:    0s.  Last read position: 4:148,417,600
INFO	2018-05-28 18:25:15	MergeVcfs	Processed     1,450,000 records.  Elapsed time: 00:00:24s.  Time for last 10,000:    0s.  Last read position: 4:155,288,092
INFO	2018-05-28 18:25:15	MergeVcfs	Processed     1,460,000 records.  Elapsed time: 00:00:24s.  Time for last 10,000:    0s.  Last read position: 4:160,709,783
INFO	2018-05-28 18:25:15	MergeVcfs	Processed     1,470,000 records.  Elapsed time: 00:00:25s.  Time for last 10,000:    0s.  Last read position: 4:165,368,700
INFO	2018-05-28 18:25:15	MergeVcfs	Processed     1,480,000 records.  Elapsed time: 00:00:25s.  Time for last 10,000:    0s.  Last read position: 4:170,234,403
INFO	2018-05-28 18:25:16	MergeVcfs	Processed     1,490,000 records.  Elapsed time: 00:00:25s.  Time for last 10,000:    0s.  Last read position: 4:175,197,680
INFO	2018-05-28 18:25:16	MergeVcfs	Processed     1,500,000 records.  Elapsed time: 00:00:25s.  Time for last 10,000:    0s.  Last read position: 4:180,066,129
INFO	2018-05-28 18:25:16	MergeVcfs	Processed     1,510,000 records.  Elapsed time: 00:00:25s.  Time for last 10,000:    0s.  Last read position: 4:184,539,475
INFO	2018-05-28 18:25:16	MergeVcfs	Processed     1,520,000 records.  Elapsed time: 00:00:25s.  Time for last 10,000:    0s.  Last read position: 4:188,637,955
INFO	2018-05-28 18:25:16	MergeVcfs	Processed     1,530,000 records.  Elapsed time: 00:00:25s.  Time for last 10,000:    0s.  Last read position: 5:1,206,491
INFO	2018-05-28 18:25:16	MergeVcfs	Processed     1,540,000 records.  Elapsed time: 00:00:25s.  Time for last 10,000:    0s.  Last read position: 5:5,038,540
INFO	2018-05-28 18:25:16	MergeVcfs	Processed     1,550,000 records.  Elapsed time: 00:00:25s.  Time for last 10,000:    0s.  Last read position: 5:9,823,680
INFO	2018-05-28 18:25:16	MergeVcfs	Processed     1,560,000 records.  Elapsed time: 00:00:26s.  Time for last 10,000:    0s.  Last read position: 5:15,597,087
INFO	2018-05-28 18:25:16	MergeVcfs	Processed     1,570,000 records.  Elapsed time: 00:00:26s.  Time for last 10,000:    0s.  Last read position: 5:20,462,343
INFO	2018-05-28 18:25:16	MergeVcfs	Processed     1,580,000 records.  Elapsed time: 00:00:26s.  Time for last 10,000:    0s.  Last read position: 5:25,900,094
INFO	2018-05-28 18:25:17	MergeVcfs	Processed     1,590,000 records.  Elapsed time: 00:00:26s.  Time for last 10,000:    0s.  Last read position: 5:30,479,669
INFO	2018-05-28 18:25:17	MergeVcfs	Processed     1,600,000 records.  Elapsed time: 00:00:26s.  Time for last 10,000:    0s.  Last read position: 5:35,831,690
INFO	2018-05-28 18:25:17	MergeVcfs	Processed     1,610,000 records.  Elapsed time: 00:00:26s.  Time for last 10,000:    0s.  Last read position: 5:41,610,025
INFO	2018-05-28 18:25:17	MergeVcfs	Processed     1,620,000 records.  Elapsed time: 00:00:26s.  Time for last 10,000:    0s.  Last read position: 5:51,973,178
INFO	2018-05-28 18:25:17	MergeVcfs	Processed     1,630,000 records.  Elapsed time: 00:00:26s.  Time for last 10,000:    0s.  Last read position: 5:57,249,035
INFO	2018-05-28 18:25:17	MergeVcfs	Processed     1,640,000 records.  Elapsed time: 00:00:26s.  Time for last 10,000:    0s.  Last read position: 5:63,547,800
INFO	2018-05-28 18:25:17	MergeVcfs	Processed     1,650,000 records.  Elapsed time: 00:00:26s.  Time for last 10,000:    0s.  Last read position: 5:71,190,039
INFO	2018-05-28 18:25:17	MergeVcfs	Processed     1,660,000 records.  Elapsed time: 00:00:27s.  Time for last 10,000:    0s.  Last read position: 5:77,076,969
INFO	2018-05-28 18:25:17	MergeVcfs	Processed     1,670,000 records.  Elapsed time: 00:00:27s.  Time for last 10,000:    0s.  Last read position: 5:83,189,173
INFO	2018-05-28 18:25:18	MergeVcfs	Processed     1,680,000 records.  Elapsed time: 00:00:27s.  Time for last 10,000:    0s.  Last read position: 5:89,758,816
INFO	2018-05-28 18:25:18	MergeVcfs	Processed     1,690,000 records.  Elapsed time: 00:00:27s.  Time for last 10,000:    0s.  Last read position: 5:97,627,505
INFO	2018-05-28 18:25:18	MergeVcfs	Processed     1,700,000 records.  Elapsed time: 00:00:27s.  Time for last 10,000:    0s.  Last read position: 5:102,760,603
INFO	2018-05-28 18:25:18	MergeVcfs	Processed     1,710,000 records.  Elapsed time: 00:00:27s.  Time for last 10,000:    0s.  Last read position: 5:108,629,012
INFO	2018-05-28 18:25:18	MergeVcfs	Processed     1,720,000 records.  Elapsed time: 00:00:27s.  Time for last 10,000:    0s.  Last read position: 5:113,674,926
INFO	2018-05-28 18:25:18	MergeVcfs	Processed     1,730,000 records.  Elapsed time: 00:00:27s.  Time for last 10,000:    0s.  Last read position: 5:118,158,913
INFO	2018-05-28 18:25:18	MergeVcfs	Processed     1,740,000 records.  Elapsed time: 00:00:27s.  Time for last 10,000:    0s.  Last read position: 5:123,534,494
INFO	2018-05-28 18:25:18	MergeVcfs	Processed     1,750,000 records.  Elapsed time: 00:00:28s.  Time for last 10,000:    0s.  Last read position: 5:128,312,356
INFO	2018-05-28 18:25:18	MergeVcfs	Processed     1,760,000 records.  Elapsed time: 00:00:28s.  Time for last 10,000:    0s.  Last read position: 5:135,408,325
INFO	2018-05-28 18:25:18	MergeVcfs	Processed     1,770,000 records.  Elapsed time: 00:00:28s.  Time for last 10,000:    0s.  Last read position: 5:142,642,521
INFO	2018-05-28 18:25:19	MergeVcfs	Processed     1,780,000 records.  Elapsed time: 00:00:28s.  Time for last 10,000:    0s.  Last read position: 5:148,551,482
INFO	2018-05-28 18:25:19	MergeVcfs	Processed     1,790,000 records.  Elapsed time: 00:00:28s.  Time for last 10,000:    0s.  Last read position: 5:154,510,806
INFO	2018-05-28 18:25:19	MergeVcfs	Processed     1,800,000 records.  Elapsed time: 00:00:28s.  Time for last 10,000:    0s.  Last read position: 5:160,064,024
INFO	2018-05-28 18:25:19	MergeVcfs	Processed     1,810,000 records.  Elapsed time: 00:00:28s.  Time for last 10,000:    0s.  Last read position: 5:165,582,545
INFO	2018-05-28 18:25:19	MergeVcfs	Processed     1,820,000 records.  Elapsed time: 00:00:28s.  Time for last 10,000:    0s.  Last read position: 5:171,546,863
INFO	2018-05-28 18:25:19	MergeVcfs	Processed     1,830,000 records.  Elapsed time: 00:00:28s.  Time for last 10,000:    0s.  Last read position: 5:176,852,255
INFO	2018-05-28 18:25:19	MergeVcfs	Processed     1,840,000 records.  Elapsed time: 00:00:28s.  Time for last 10,000:    0s.  Last read position: 6:914,641
INFO	2018-05-28 18:25:19	MergeVcfs	Processed     1,850,000 records.  Elapsed time: 00:00:29s.  Time for last 10,000:    0s.  Last read position: 6:5,184,601
INFO	2018-05-28 18:25:19	MergeVcfs	Processed     1,860,000 records.  Elapsed time: 00:00:29s.  Time for last 10,000:    0s.  Last read position: 6:9,501,496
INFO	2018-05-28 18:25:20	MergeVcfs	Processed     1,870,000 records.  Elapsed time: 00:00:29s.  Time for last 10,000:    0s.  Last read position: 6:14,583,998
INFO	2018-05-28 18:25:20	MergeVcfs	Processed     1,880,000 records.  Elapsed time: 00:00:29s.  Time for last 10,000:    0s.  Last read position: 6:19,673,257
INFO	2018-05-28 18:25:20	MergeVcfs	Processed     1,890,000 records.  Elapsed time: 00:00:29s.  Time for last 10,000:    0s.  Last read position: 6:24,549,155
INFO	2018-05-28 18:25:20	MergeVcfs	Processed     1,900,000 records.  Elapsed time: 00:00:29s.  Time for last 10,000:    0s.  Last read position: 6:29,865,457
INFO	2018-05-28 18:25:20	MergeVcfs	Processed     1,910,000 records.  Elapsed time: 00:00:29s.  Time for last 10,000:    0s.  Last read position: 6:31,452,090
INFO	2018-05-28 18:25:20	MergeVcfs	Processed     1,920,000 records.  Elapsed time: 00:00:29s.  Time for last 10,000:    0s.  Last read position: 6:32,645,497
INFO	2018-05-28 18:25:20	MergeVcfs	Processed     1,930,000 records.  Elapsed time: 00:00:29s.  Time for last 10,000:    0s.  Last read position: 6:36,846,411
INFO	2018-05-28 18:25:20	MergeVcfs	Processed     1,940,000 records.  Elapsed time: 00:00:30s.  Time for last 10,000:    0s.  Last read position: 6:42,448,449
INFO	2018-05-28 18:25:20	MergeVcfs	Processed     1,950,000 records.  Elapsed time: 00:00:30s.  Time for last 10,000:    0s.  Last read position: 6:48,461,486
INFO	2018-05-28 18:25:20	MergeVcfs	Processed     1,960,000 records.  Elapsed time: 00:00:30s.  Time for last 10,000:    0s.  Last read position: 6:54,717,772
INFO	2018-05-28 18:25:21	MergeVcfs	Processed     1,970,000 records.  Elapsed time: 00:00:30s.  Time for last 10,000:    0s.  Last read position: 6:63,178,353
INFO	2018-05-28 18:25:21	MergeVcfs	Processed     1,980,000 records.  Elapsed time: 00:00:30s.  Time for last 10,000:    0s.  Last read position: 6:67,812,128
INFO	2018-05-28 18:25:21	MergeVcfs	Processed     1,990,000 records.  Elapsed time: 00:00:30s.  Time for last 10,000:    0s.  Last read position: 6:73,173,514
INFO	2018-05-28 18:25:21	MergeVcfs	Processed     2,000,000 records.  Elapsed time: 00:00:30s.  Time for last 10,000:    0s.  Last read position: 6:78,239,367
INFO	2018-05-28 18:25:21	MergeVcfs	Processed     2,010,000 records.  Elapsed time: 00:00:30s.  Time for last 10,000:    0s.  Last read position: 6:83,099,360
INFO	2018-05-28 18:25:21	MergeVcfs	Processed     2,020,000 records.  Elapsed time: 00:00:30s.  Time for last 10,000:    0s.  Last read position: 6:88,942,172
INFO	2018-05-28 18:25:21	MergeVcfs	Processed     2,030,000 records.  Elapsed time: 00:00:30s.  Time for last 10,000:    0s.  Last read position: 6:95,129,347
INFO	2018-05-28 18:25:21	MergeVcfs	Processed     2,040,000 records.  Elapsed time: 00:00:31s.  Time for last 10,000:    0s.  Last read position: 6:101,246,823
INFO	2018-05-28 18:25:21	MergeVcfs	Processed     2,050,000 records.  Elapsed time: 00:00:31s.  Time for last 10,000:    0s.  Last read position: 6:106,442,246
INFO	2018-05-28 18:25:22	MergeVcfs	Processed     2,060,000 records.  Elapsed time: 00:00:31s.  Time for last 10,000:    0s.  Last read position: 6:112,858,908
INFO	2018-05-28 18:25:22	MergeVcfs	Processed     2,070,000 records.  Elapsed time: 00:00:31s.  Time for last 10,000:    0s.  Last read position: 6:118,636,792
INFO	2018-05-28 18:25:22	MergeVcfs	Processed     2,080,000 records.  Elapsed time: 00:00:31s.  Time for last 10,000:    0s.  Last read position: 6:124,313,842
INFO	2018-05-28 18:25:22	MergeVcfs	Processed     2,090,000 records.  Elapsed time: 00:00:31s.  Time for last 10,000:    0s.  Last read position: 6:130,920,176
INFO	2018-05-28 18:25:22	MergeVcfs	Processed     2,100,000 records.  Elapsed time: 00:00:31s.  Time for last 10,000:    0s.  Last read position: 6:136,245,259
INFO	2018-05-28 18:25:22	MergeVcfs	Processed     2,110,000 records.  Elapsed time: 00:00:31s.  Time for last 10,000:    0s.  Last read position: 6:142,562,020
INFO	2018-05-28 18:25:22	MergeVcfs	Processed     2,120,000 records.  Elapsed time: 00:00:31s.  Time for last 10,000:    0s.  Last read position: 6:148,521,414
INFO	2018-05-28 18:25:22	MergeVcfs	Processed     2,130,000 records.  Elapsed time: 00:00:32s.  Time for last 10,000:    0s.  Last read position: 6:153,212,871
INFO	2018-05-28 18:25:22	MergeVcfs	Processed     2,140,000 records.  Elapsed time: 00:00:32s.  Time for last 10,000:    0s.  Last read position: 6:158,398,902
INFO	2018-05-28 18:25:22	MergeVcfs	Processed     2,150,000 records.  Elapsed time: 00:00:32s.  Time for last 10,000:    0s.  Last read position: 6:162,804,945
INFO	2018-05-28 18:25:23	MergeVcfs	Processed     2,160,000 records.  Elapsed time: 00:00:32s.  Time for last 10,000:    0s.  Last read position: 6:167,382,819
INFO	2018-05-28 18:25:23	MergeVcfs	Processed     2,170,000 records.  Elapsed time: 00:00:32s.  Time for last 10,000:    0s.  Last read position: 7:483,717
INFO	2018-05-28 18:25:23	MergeVcfs	Processed     2,180,000 records.  Elapsed time: 00:00:32s.  Time for last 10,000:    0s.  Last read position: 7:4,237,717
INFO	2018-05-28 18:25:23	MergeVcfs	Processed     2,190,000 records.  Elapsed time: 00:00:32s.  Time for last 10,000:    0s.  Last read position: 7:8,125,531
INFO	2018-05-28 18:25:23	MergeVcfs	Processed     2,200,000 records.  Elapsed time: 00:00:32s.  Time for last 10,000:    0s.  Last read position: 7:11,894,833
INFO	2018-05-28 18:25:23	MergeVcfs	Processed     2,210,000 records.  Elapsed time: 00:00:32s.  Time for last 10,000:    0s.  Last read position: 7:15,731,462
INFO	2018-05-28 18:25:23	MergeVcfs	Processed     2,220,000 records.  Elapsed time: 00:00:32s.  Time for last 10,000:    0s.  Last read position: 7:20,692,532
INFO	2018-05-28 18:25:23	MergeVcfs	Processed     2,230,000 records.  Elapsed time: 00:00:33s.  Time for last 10,000:    0s.  Last read position: 7:25,417,104
INFO	2018-05-28 18:25:23	MergeVcfs	Processed     2,240,000 records.  Elapsed time: 00:00:33s.  Time for last 10,000:    0s.  Last read position: 7:31,181,454
INFO	2018-05-28 18:25:24	MergeVcfs	Processed     2,250,000 records.  Elapsed time: 00:00:33s.  Time for last 10,000:    0s.  Last read position: 7:36,259,601
INFO	2018-05-28 18:25:24	MergeVcfs	Processed     2,260,000 records.  Elapsed time: 00:00:33s.  Time for last 10,000:    0s.  Last read position: 7:41,691,998
[Mon May 28 18:25:24 UTC 2018] picard.vcf.MergeVcfs done. Elapsed time: 0.56 minutes.
Runtime.totalMemory()=190316544
To get help, see http://broadinstitute.github.io/picard/index.html#GettingHelp
Exception in thread "main" java.lang.IllegalStateException: The elements of the input Iterators are not sorted according to the comparator htsjdk.variant.variantcontext.VariantContextComparator
	at htsjdk.samtools.util.MergingIterator.next(MergingIterator.java:113)
	at picard.vcf.MergeVcfs.doWork(MergeVcfs.java:221)
	at picard.cmdline.CommandLineProgram.instanceMain(CommandLineProgram.java:282)
	at picard.cmdline.PicardCommandLine.instanceMain(PicardCommandLine.java:98)
	at picard.cmdline.PicardCommandLine.main(PicardCommandLine.java:108)
