Starting s01_select_HG00310_ddr_positive_kgen.sh
Fri 25 May 07:14:50 UTC 2018

1000 Genomes Project Individual ID - DDR positive genotype to be extracted - HG00310

Selecting DDR positive individual genotype from 1000 Genome Project (Chromosome 1) ...
Fri 25 May 07:14:50 UTC 2018

Completed DDR positive individual genotype from 1000 Genome Project (Chromosome 1)
Fri 25 May 07:43:30 UTC 2018

Selecting DDR positive individual genotype from 1000 Genome Project (Chromosome 2) ...
Fri 25 May 07:43:30 UTC 2018

Completed DDR positive individual genotype from 1000 Genome Project (Chromosome 2)
Fri 25 May 08:16:27 UTC 2018

Selecting DDR positive individual genotype from 1000 Genome Project (Chromosome 3) ...
Fri 25 May 08:16:27 UTC 2018

Completed DDR positive individual genotype from 1000 Genome Project (Chromosome 3)
Fri 25 May 08:43:11 UTC 2018

Selecting DDR positive individual genotype from 1000 Genome Project (Chromosome 4) ...
Fri 25 May 08:43:11 UTC 2018

Completed DDR positive individual genotype from 1000 Genome Project (Chromosome 4)
Fri 25 May 09:08:42 UTC 2018

Selecting DDR positive individual genotype from 1000 Genome Project (Chromosome 5) ...
Fri 25 May 09:08:42 UTC 2018

Completed DDR positive individual genotype from 1000 Genome Project (Chromosome 5)
Fri 25 May 09:32:56 UTC 2018

Selecting DDR positive individual genotype from 1000 Genome Project (Chromosome 6) ...
Fri 25 May 09:32:56 UTC 2018

Completed DDR positive individual genotype from 1000 Genome Project (Chromosome 6)
Fri 25 May 09:55:45 UTC 2018

Selecting DDR positive individual genotype from 1000 Genome Project (Chromosome 7) ...
Fri 25 May 09:55:45 UTC 2018

Completed DDR positive individual genotype from 1000 Genome Project (Chromosome 7)
Fri 25 May 10:16:50 UTC 2018

Selecting DDR positive individual genotype from 1000 Genome Project (Chromosome 8) ...
Fri 25 May 10:16:50 UTC 2018

Completed DDR positive individual genotype from 1000 Genome Project (Chromosome 8)
Fri 25 May 10:37:16 UTC 2018

Selecting DDR positive individual genotype from 1000 Genome Project (Chromosome 9) ...
Fri 25 May 10:37:16 UTC 2018

Completed DDR positive individual genotype from 1000 Genome Project (Chromosome 9)
Fri 25 May 10:53:33 UTC 2018

Selecting DDR positive individual genotype from 1000 Genome Project (Chromosome 10) ...
Fri 25 May 10:53:33 UTC 2018

Completed DDR positive individual genotype from 1000 Genome Project (Chromosome 10)
Fri 25 May 11:11:24 UTC 2018

Selecting DDR positive individual genotype from 1000 Genome Project (Chromosome 11) ...
Fri 25 May 11:11:24 UTC 2018

Completed DDR positive individual genotype from 1000 Genome Project (Chromosome 11)
Fri 25 May 11:29:37 UTC 2018

Selecting DDR positive individual genotype from 1000 Genome Project (Chromosome 12) ...
Fri 25 May 11:29:37 UTC 2018

Completed DDR positive individual genotype from 1000 Genome Project (Chromosome 12)
Fri 25 May 11:47:37 UTC 2018

Selecting DDR positive individual genotype from 1000 Genome Project (Chromosome 13) ...
Fri 25 May 11:47:37 UTC 2018

Completed DDR positive individual genotype from 1000 Genome Project (Chromosome 13)
Fri 25 May 12:00:29 UTC 2018

Selecting DDR positive individual genotype from 1000 Genome Project (Chromosome 14) ...
Fri 25 May 12:00:29 UTC 2018

Completed DDR positive individual genotype from 1000 Genome Project (Chromosome 14)
Fri 25 May 12:12:32 UTC 2018

Selecting DDR positive individual genotype from 1000 Genome Project (Chromosome 15) ...
Fri 25 May 12:12:32 UTC 2018

Completed DDR positive individual genotype from 1000 Genome Project (Chromosome 15)
Fri 25 May 12:23:19 UTC 2018

Selecting DDR positive individual genotype from 1000 Genome Project (Chromosome 16) ...
Fri 25 May 12:23:19 UTC 2018

Completed DDR positive individual genotype from 1000 Genome Project (Chromosome 16)
Fri 25 May 12:35:38 UTC 2018

Selecting DDR positive individual genotype from 1000 Genome Project (Chromosome 17) ...
Fri 25 May 12:35:38 UTC 2018

Completed DDR positive individual genotype from 1000 Genome Project (Chromosome 17)
Fri 25 May 12:46:22 UTC 2018

Selecting DDR positive individual genotype from 1000 Genome Project (Chromosome 18) ...
Fri 25 May 12:46:22 UTC 2018

Completed DDR positive individual genotype from 1000 Genome Project (Chromosome 18)
Fri 25 May 12:57:00 UTC 2018

Selecting DDR positive individual genotype from 1000 Genome Project (Chromosome 19) ...
Fri 25 May 12:57:00 UTC 2018

Completed DDR positive individual genotype from 1000 Genome Project (Chromosome 19)
Fri 25 May 13:05:34 UTC 2018

Selecting DDR positive individual genotype from 1000 Genome Project (Chromosome 20) ...
Fri 25 May 13:05:34 UTC 2018

Completed DDR positive individual genotype from 1000 Genome Project (Chromosome 20)
Fri 25 May 13:13:47 UTC 2018

Selecting DDR positive individual genotype from 1000 Genome Project (Chromosome 21) ...
Fri 25 May 13:13:47 UTC 2018

Completed DDR positive individual genotype from 1000 Genome Project (Chromosome 21)
Fri 25 May 13:18:57 UTC 2018

Selecting DDR positive individual genotype from 1000 Genome Project (Chromosome 22) ...
Fri 25 May 13:18:57 UTC 2018

Completed DDR positive individual genotype from 1000 Genome Project (Chromosome 22)
Fri 25 May 13:24:12 UTC 2018

Selecting DDR positive individual genotype from 1000 Genome Project (Chromosome X) ...
Fri 25 May 13:24:12 UTC 2018

Completed DDR positive individual genotype from 1000 Genome Project (Chromosome X)
Fri 25 May 13:40:26 UTC 2018


Merging DDR positive individual genotype VCF files from 1000 Genome Project
Fri 25 May 13:40:26 UTC 2018
13:40:27.584 INFO  NativeLibraryLoader - Loading libgkl_compression.so from jar:file:/home/ec2-user/tools/picard/picard.jar!/com/intel/gkl/native/libgkl_compression.so
[Fri May 25 13:40:27 UTC 2018] MergeVcfs INPUT=[/home/ec2-user/results/data_analysis/gt_individuals/kgen/ddr_positive/HG00310/s01_HG00310_ddr_positive_kgen_chr1_raw.vcf, /home/ec2-user/results/data_analysis/gt_individuals/kgen/ddr_positive/HG00310/s01_HG00310_ddr_positive_kgen_chr2_raw.vcf, /home/ec2-user/results/data_analysis/gt_individuals/kgen/ddr_positive/HG00310/s01_HG00310_ddr_positive_kgen_chr3_raw.vcf, /home/ec2-user/results/data_analysis/gt_individuals/kgen/ddr_positive/HG00310/s01_HG00310_ddr_positive_kgen_chr4_raw.vcf, /home/ec2-user/results/data_analysis/gt_individuals/kgen/ddr_positive/HG00310/s01_HG00310_ddr_positive_kgen_chr5_raw.vcf, /home/ec2-user/results/data_analysis/gt_individuals/kgen/ddr_positive/HG00310/s01_HG00310_ddr_positive_kgen_chr6_raw.vcf, /home/ec2-user/results/data_analysis/gt_individuals/kgen/ddr_positive/HG00310/s01_HG00310_ddr_positive_kgen_chr7_raw.vcf, /home/ec2-user/results/data_analysis/gt_individuals/kgen/ddr_positive/HG00310/s01_HG00310_ddr_positive_kgen_chr8_raw.vcf, /home/ec2-user/results/data_analysis/gt_individuals/kgen/ddr_positive/HG00310/s01_HG00310_ddr_positive_kgen_chr9_raw.vcf, /home/ec2-user/results/data_analysis/gt_individuals/kgen/ddr_positive/HG00310/s01_HG00310_ddr_positive_kgen_chr10_raw.vcf, /home/ec2-user/results/data_analysis/gt_individuals/kgen/ddr_positive/HG00310/s01_HG00310_ddr_positive_kgen_chr11_raw.vcf, /home/ec2-user/results/data_analysis/gt_individuals/kgen/ddr_positive/HG00310/s01_HG00310_ddr_positive_kgen_chr12_raw.vcf, /home/ec2-user/results/data_analysis/gt_individuals/kgen/ddr_positive/HG00310/s01_HG00310_ddr_positive_kgen_chr13_raw.vcf, /home/ec2-user/results/data_analysis/gt_individuals/kgen/ddr_positive/HG00310/s01_HG00310_ddr_positive_kgen_chr14_raw.vcf, /home/ec2-user/results/data_analysis/gt_individuals/kgen/ddr_positive/HG00310/s01_HG00310_ddr_positive_kgen_chr15_raw.vcf, /home/ec2-user/results/data_analysis/gt_individuals/kgen/ddr_positive/HG00310/s01_HG00310_ddr_positive_kgen_chr16_raw.vcf, /home/ec2-user/results/data_analysis/gt_individuals/kgen/ddr_positive/HG00310/s01_HG00310_ddr_positive_kgen_chr17_raw.vcf, /home/ec2-user/results/data_analysis/gt_individuals/kgen/ddr_positive/HG00310/s01_HG00310_ddr_positive_kgen_chr18_raw.vcf, /home/ec2-user/results/data_analysis/gt_individuals/kgen/ddr_positive/HG00310/s01_HG00310_ddr_positive_kgen_chr19_raw.vcf, /home/ec2-user/results/data_analysis/gt_individuals/kgen/ddr_positive/HG00310/s01_HG00310_ddr_positive_kgen_chr20_raw.vcf, /home/ec2-user/results/data_analysis/gt_individuals/kgen/ddr_positive/HG00310/s01_HG00310_ddr_positive_kgen_chr21_raw.vcf, /home/ec2-user/results/data_analysis/gt_individuals/kgen/ddr_positive/HG00310/s01_HG00310_ddr_positive_kgen_chr22_raw.vcf, /home/ec2-user/results/data_analysis/gt_individuals/kgen/ddr_positive/HG00310/s01_HG00310_ddr_positive_kgen_chrX_raw.vcf] OUTPUT=/home/ec2-user/results/data_analysis/gt_individuals/kgen/ddr_positive/HG00310/s01_HG00310_ddr_positive_kgen_merged_raw.vcf.gz    VERBOSITY=INFO QUIET=false VALIDATION_STRINGENCY=STRICT COMPRESSION_LEVEL=5 MAX_RECORDS_IN_RAM=500000 CREATE_INDEX=true CREATE_MD5_FILE=false GA4GH_CLIENT_SECRETS=client_secrets.json USE_JDK_DEFLATER=false USE_JDK_INFLATER=false
[Fri May 25 13:40:27 UTC 2018] Executing as ec2-user@ip-172-31-34-3 on Linux 4.14.33-51.37.amzn1.x86_64 amd64; OpenJDK 64-Bit Server VM 1.8.0_171-b10; Deflater: Intel; Inflater: Intel; Provider GCS is not available; Picard version: 2.18.2-SNAPSHOT
INFO	2018-05-25 13:40:28	MergeVcfs	Processed        10,000 records.  Elapsed time: 00:00:01s.  Time for last 10,000:    0s.  Last read position: 1:6,982,350
INFO	2018-05-25 13:40:29	MergeVcfs	Processed        20,000 records.  Elapsed time: 00:00:01s.  Time for last 10,000:    0s.  Last read position: 1:14,593,177
INFO	2018-05-25 13:40:29	MergeVcfs	Processed        30,000 records.  Elapsed time: 00:00:01s.  Time for last 10,000:    0s.  Last read position: 1:20,325,919
INFO	2018-05-25 13:40:29	MergeVcfs	Processed        40,000 records.  Elapsed time: 00:00:02s.  Time for last 10,000:    0s.  Last read position: 1:27,230,224
INFO	2018-05-25 13:40:30	MergeVcfs	Processed        50,000 records.  Elapsed time: 00:00:02s.  Time for last 10,000:    0s.  Last read position: 1:34,797,277
INFO	2018-05-25 13:40:30	MergeVcfs	Processed        60,000 records.  Elapsed time: 00:00:02s.  Time for last 10,000:    0s.  Last read position: 1:43,272,246
INFO	2018-05-25 13:40:30	MergeVcfs	Processed        70,000 records.  Elapsed time: 00:00:03s.  Time for last 10,000:    0s.  Last read position: 1:51,820,016
INFO	2018-05-25 13:40:30	MergeVcfs	Processed        80,000 records.  Elapsed time: 00:00:03s.  Time for last 10,000:    0s.  Last read position: 1:58,822,426
INFO	2018-05-25 13:40:31	MergeVcfs	Processed        90,000 records.  Elapsed time: 00:00:03s.  Time for last 10,000:    0s.  Last read position: 1:65,973,353
INFO	2018-05-25 13:40:31	MergeVcfs	Processed       100,000 records.  Elapsed time: 00:00:03s.  Time for last 10,000:    0s.  Last read position: 1:73,024,874
INFO	2018-05-25 13:40:31	MergeVcfs	Processed       110,000 records.  Elapsed time: 00:00:04s.  Time for last 10,000:    0s.  Last read position: 1:79,839,639
INFO	2018-05-25 13:40:31	MergeVcfs	Processed       120,000 records.  Elapsed time: 00:00:04s.  Time for last 10,000:    0s.  Last read position: 1:85,756,250
INFO	2018-05-25 13:40:32	MergeVcfs	Processed       130,000 records.  Elapsed time: 00:00:04s.  Time for last 10,000:    0s.  Last read position: 1:92,445,902
INFO	2018-05-25 13:40:32	MergeVcfs	Processed       140,000 records.  Elapsed time: 00:00:04s.  Time for last 10,000:    0s.  Last read position: 1:99,567,910
INFO	2018-05-25 13:40:32	MergeVcfs	Processed       150,000 records.  Elapsed time: 00:00:04s.  Time for last 10,000:    0s.  Last read position: 1:105,483,359
INFO	2018-05-25 13:40:32	MergeVcfs	Processed       160,000 records.  Elapsed time: 00:00:05s.  Time for last 10,000:    0s.  Last read position: 1:112,156,023
INFO	2018-05-25 13:40:32	MergeVcfs	Processed       170,000 records.  Elapsed time: 00:00:05s.  Time for last 10,000:    0s.  Last read position: 1:119,401,774
INFO	2018-05-25 13:40:33	MergeVcfs	Processed       180,000 records.  Elapsed time: 00:00:05s.  Time for last 10,000:    0s.  Last read position: 1:152,390,736
INFO	2018-05-25 13:40:33	MergeVcfs	Processed       190,000 records.  Elapsed time: 00:00:05s.  Time for last 10,000:    0s.  Last read position: 1:160,216,721
INFO	2018-05-25 13:40:33	MergeVcfs	Processed       200,000 records.  Elapsed time: 00:00:05s.  Time for last 10,000:    0s.  Last read position: 1:166,580,908
INFO	2018-05-25 13:40:33	MergeVcfs	Processed       210,000 records.  Elapsed time: 00:00:06s.  Time for last 10,000:    0s.  Last read position: 1:172,975,800
INFO	2018-05-25 13:40:34	MergeVcfs	Processed       220,000 records.  Elapsed time: 00:00:06s.  Time for last 10,000:    0s.  Last read position: 1:180,933,498
INFO	2018-05-25 13:40:34	MergeVcfs	Processed       230,000 records.  Elapsed time: 00:00:06s.  Time for last 10,000:    0s.  Last read position: 1:188,155,450
INFO	2018-05-25 13:40:34	MergeVcfs	Processed       240,000 records.  Elapsed time: 00:00:06s.  Time for last 10,000:    0s.  Last read position: 1:194,910,383
INFO	2018-05-25 13:40:34	MergeVcfs	Processed       250,000 records.  Elapsed time: 00:00:06s.  Time for last 10,000:    0s.  Last read position: 1:201,461,809
INFO	2018-05-25 13:40:34	MergeVcfs	Processed       260,000 records.  Elapsed time: 00:00:07s.  Time for last 10,000:    0s.  Last read position: 1:208,387,947
INFO	2018-05-25 13:40:34	MergeVcfs	Processed       270,000 records.  Elapsed time: 00:00:07s.  Time for last 10,000:    0s.  Last read position: 1:215,250,417
INFO	2018-05-25 13:40:35	MergeVcfs	Processed       280,000 records.  Elapsed time: 00:00:07s.  Time for last 10,000:    0s.  Last read position: 1:222,014,257
INFO	2018-05-25 13:40:35	MergeVcfs	Processed       290,000 records.  Elapsed time: 00:00:07s.  Time for last 10,000:    0s.  Last read position: 1:229,127,347
INFO	2018-05-25 13:40:35	MergeVcfs	Processed       300,000 records.  Elapsed time: 00:00:07s.  Time for last 10,000:    0s.  Last read position: 1:236,100,027
INFO	2018-05-25 13:40:35	MergeVcfs	Processed       310,000 records.  Elapsed time: 00:00:08s.  Time for last 10,000:    0s.  Last read position: 1:241,273,994
INFO	2018-05-25 13:40:35	MergeVcfs	Processed       320,000 records.  Elapsed time: 00:00:08s.  Time for last 10,000:    0s.  Last read position: 1:246,497,995
INFO	2018-05-25 13:40:36	MergeVcfs	Processed       330,000 records.  Elapsed time: 00:00:08s.  Time for last 10,000:    0s.  Last read position: 2:1,768,755
INFO	2018-05-25 13:40:36	MergeVcfs	Processed       340,000 records.  Elapsed time: 00:00:08s.  Time for last 10,000:    0s.  Last read position: 2:8,200,042
INFO	2018-05-25 13:40:36	MergeVcfs	Processed       350,000 records.  Elapsed time: 00:00:08s.  Time for last 10,000:    0s.  Last read position: 2:13,920,338
INFO	2018-05-25 13:40:36	MergeVcfs	Processed       360,000 records.  Elapsed time: 00:00:08s.  Time for last 10,000:    0s.  Last read position: 2:20,306,909
INFO	2018-05-25 13:40:36	MergeVcfs	Processed       370,000 records.  Elapsed time: 00:00:08s.  Time for last 10,000:    0s.  Last read position: 2:28,159,572
INFO	2018-05-25 13:40:36	MergeVcfs	Processed       380,000 records.  Elapsed time: 00:00:09s.  Time for last 10,000:    0s.  Last read position: 2:34,222,715
INFO	2018-05-25 13:40:36	MergeVcfs	Processed       390,000 records.  Elapsed time: 00:00:09s.  Time for last 10,000:    0s.  Last read position: 2:39,575,375
INFO	2018-05-25 13:40:36	MergeVcfs	Processed       400,000 records.  Elapsed time: 00:00:09s.  Time for last 10,000:    0s.  Last read position: 2:45,354,868
INFO	2018-05-25 13:40:36	MergeVcfs	Processed       410,000 records.  Elapsed time: 00:00:09s.  Time for last 10,000:    0s.  Last read position: 2:52,606,057
INFO	2018-05-25 13:40:37	MergeVcfs	Processed       420,000 records.  Elapsed time: 00:00:09s.  Time for last 10,000:    0s.  Last read position: 2:58,649,144
INFO	2018-05-25 13:40:37	MergeVcfs	Processed       430,000 records.  Elapsed time: 00:00:09s.  Time for last 10,000:    0s.  Last read position: 2:67,579,967
INFO	2018-05-25 13:40:37	MergeVcfs	Processed       440,000 records.  Elapsed time: 00:00:09s.  Time for last 10,000:    0s.  Last read position: 2:75,488,829
INFO	2018-05-25 13:40:37	MergeVcfs	Processed       450,000 records.  Elapsed time: 00:00:09s.  Time for last 10,000:    0s.  Last read position: 2:81,990,823
INFO	2018-05-25 13:40:37	MergeVcfs	Processed       460,000 records.  Elapsed time: 00:00:09s.  Time for last 10,000:    0s.  Last read position: 2:98,171,807
INFO	2018-05-25 13:40:37	MergeVcfs	Processed       470,000 records.  Elapsed time: 00:00:10s.  Time for last 10,000:    0s.  Last read position: 2:106,691,390
INFO	2018-05-25 13:40:37	MergeVcfs	Processed       480,000 records.  Elapsed time: 00:00:10s.  Time for last 10,000:    0s.  Last read position: 2:114,585,305
INFO	2018-05-25 13:40:37	MergeVcfs	Processed       490,000 records.  Elapsed time: 00:00:10s.  Time for last 10,000:    0s.  Last read position: 2:121,793,319
INFO	2018-05-25 13:40:37	MergeVcfs	Processed       500,000 records.  Elapsed time: 00:00:10s.  Time for last 10,000:    0s.  Last read position: 2:127,689,908
INFO	2018-05-25 13:40:38	MergeVcfs	Processed       510,000 records.  Elapsed time: 00:00:10s.  Time for last 10,000:    0s.  Last read position: 2:134,740,794
INFO	2018-05-25 13:40:38	MergeVcfs	Processed       520,000 records.  Elapsed time: 00:00:10s.  Time for last 10,000:    0s.  Last read position: 2:142,084,411
INFO	2018-05-25 13:40:38	MergeVcfs	Processed       530,000 records.  Elapsed time: 00:00:10s.  Time for last 10,000:    0s.  Last read position: 2:151,143,747
INFO	2018-05-25 13:40:38	MergeVcfs	Processed       540,000 records.  Elapsed time: 00:00:10s.  Time for last 10,000:    0s.  Last read position: 2:158,311,482
INFO	2018-05-25 13:40:38	MergeVcfs	Processed       550,000 records.  Elapsed time: 00:00:10s.  Time for last 10,000:    0s.  Last read position: 2:166,527,359
INFO	2018-05-25 13:40:38	MergeVcfs	Processed       560,000 records.  Elapsed time: 00:00:11s.  Time for last 10,000:    0s.  Last read position: 2:172,448,925
INFO	2018-05-25 13:40:38	MergeVcfs	Processed       570,000 records.  Elapsed time: 00:00:11s.  Time for last 10,000:    0s.  Last read position: 2:179,866,663
INFO	2018-05-25 13:40:38	MergeVcfs	Processed       580,000 records.  Elapsed time: 00:00:11s.  Time for last 10,000:    0s.  Last read position: 2:186,690,195
INFO	2018-05-25 13:40:38	MergeVcfs	Processed       590,000 records.  Elapsed time: 00:00:11s.  Time for last 10,000:    0s.  Last read position: 2:194,003,361
INFO	2018-05-25 13:40:39	MergeVcfs	Processed       600,000 records.  Elapsed time: 00:00:11s.  Time for last 10,000:    0s.  Last read position: 2:203,114,985
INFO	2018-05-25 13:40:39	MergeVcfs	Processed       610,000 records.  Elapsed time: 00:00:11s.  Time for last 10,000:    0s.  Last read position: 2:210,572,015
INFO	2018-05-25 13:40:39	MergeVcfs	Processed       620,000 records.  Elapsed time: 00:00:11s.  Time for last 10,000:    0s.  Last read position: 2:216,436,341
INFO	2018-05-25 13:40:39	MergeVcfs	Processed       630,000 records.  Elapsed time: 00:00:11s.  Time for last 10,000:    0s.  Last read position: 2:223,792,050
INFO	2018-05-25 13:40:39	MergeVcfs	Processed       640,000 records.  Elapsed time: 00:00:11s.  Time for last 10,000:    0s.  Last read position: 2:229,753,401
INFO	2018-05-25 13:40:39	MergeVcfs	Processed       650,000 records.  Elapsed time: 00:00:12s.  Time for last 10,000:    0s.  Last read position: 2:236,175,123
INFO	2018-05-25 13:40:39	MergeVcfs	Processed       660,000 records.  Elapsed time: 00:00:12s.  Time for last 10,000:    0s.  Last read position: 2:242,363,611
INFO	2018-05-25 13:40:39	MergeVcfs	Processed       670,000 records.  Elapsed time: 00:00:12s.  Time for last 10,000:    0s.  Last read position: 3:3,966,903
INFO	2018-05-25 13:40:39	MergeVcfs	Processed       680,000 records.  Elapsed time: 00:00:12s.  Time for last 10,000:    0s.  Last read position: 3:8,644,489
INFO	2018-05-25 13:40:40	MergeVcfs	Processed       690,000 records.  Elapsed time: 00:00:12s.  Time for last 10,000:    0s.  Last read position: 3:14,818,787
INFO	2018-05-25 13:40:40	MergeVcfs	Processed       700,000 records.  Elapsed time: 00:00:12s.  Time for last 10,000:    0s.  Last read position: 3:22,259,851
INFO	2018-05-25 13:40:40	MergeVcfs	Processed       710,000 records.  Elapsed time: 00:00:12s.  Time for last 10,000:    0s.  Last read position: 3:29,103,795
INFO	2018-05-25 13:40:40	MergeVcfs	Processed       720,000 records.  Elapsed time: 00:00:12s.  Time for last 10,000:    0s.  Last read position: 3:36,105,751
INFO	2018-05-25 13:40:40	MergeVcfs	Processed       730,000 records.  Elapsed time: 00:00:12s.  Time for last 10,000:    0s.  Last read position: 3:43,248,955
INFO	2018-05-25 13:40:40	MergeVcfs	Processed       740,000 records.  Elapsed time: 00:00:13s.  Time for last 10,000:    0s.  Last read position: 3:52,307,496
INFO	2018-05-25 13:40:40	MergeVcfs	Processed       750,000 records.  Elapsed time: 00:00:13s.  Time for last 10,000:    0s.  Last read position: 3:59,489,102
INFO	2018-05-25 13:40:40	MergeVcfs	Processed       760,000 records.  Elapsed time: 00:00:13s.  Time for last 10,000:    0s.  Last read position: 3:65,117,740
INFO	2018-05-25 13:40:40	MergeVcfs	Processed       770,000 records.  Elapsed time: 00:00:13s.  Time for last 10,000:    0s.  Last read position: 3:71,506,510
INFO	2018-05-25 13:40:41	MergeVcfs	Processed       780,000 records.  Elapsed time: 00:00:13s.  Time for last 10,000:    0s.  Last read position: 3:77,160,790
INFO	2018-05-25 13:40:41	MergeVcfs	Processed       790,000 records.  Elapsed time: 00:00:13s.  Time for last 10,000:    0s.  Last read position: 3:83,982,755
INFO	2018-05-25 13:40:41	MergeVcfs	Processed       800,000 records.  Elapsed time: 00:00:13s.  Time for last 10,000:    0s.  Last read position: 3:94,258,257
INFO	2018-05-25 13:40:41	MergeVcfs	Processed       810,000 records.  Elapsed time: 00:00:13s.  Time for last 10,000:    0s.  Last read position: 3:101,139,211
INFO	2018-05-25 13:40:41	MergeVcfs	Processed       820,000 records.  Elapsed time: 00:00:13s.  Time for last 10,000:    0s.  Last read position: 3:107,905,339
INFO	2018-05-25 13:40:41	MergeVcfs	Processed       830,000 records.  Elapsed time: 00:00:14s.  Time for last 10,000:    0s.  Last read position: 3:114,178,479
INFO	2018-05-25 13:40:41	MergeVcfs	Processed       840,000 records.  Elapsed time: 00:00:14s.  Time for last 10,000:    0s.  Last read position: 3:122,042,510
INFO	2018-05-25 13:40:41	MergeVcfs	Processed       850,000 records.  Elapsed time: 00:00:14s.  Time for last 10,000:    0s.  Last read position: 3:129,090,552
INFO	2018-05-25 13:40:41	MergeVcfs	Processed       860,000 records.  Elapsed time: 00:00:14s.  Time for last 10,000:    0s.  Last read position: 3:135,904,381
INFO	2018-05-25 13:40:42	MergeVcfs	Processed       870,000 records.  Elapsed time: 00:00:14s.  Time for last 10,000:    0s.  Last read position: 3:143,735,544
INFO	2018-05-25 13:40:42	MergeVcfs	Processed       880,000 records.  Elapsed time: 00:00:14s.  Time for last 10,000:    0s.  Last read position: 3:150,238,523
INFO	2018-05-25 13:40:42	MergeVcfs	Processed       890,000 records.  Elapsed time: 00:00:14s.  Time for last 10,000:    0s.  Last read position: 3:158,254,806
INFO	2018-05-25 13:40:42	MergeVcfs	Processed       900,000 records.  Elapsed time: 00:00:14s.  Time for last 10,000:    0s.  Last read position: 3:164,305,622
INFO	2018-05-25 13:40:42	MergeVcfs	Processed       910,000 records.  Elapsed time: 00:00:14s.  Time for last 10,000:    0s.  Last read position: 3:172,283,626
INFO	2018-05-25 13:40:42	MergeVcfs	Processed       920,000 records.  Elapsed time: 00:00:14s.  Time for last 10,000:    0s.  Last read position: 3:179,801,815
INFO	2018-05-25 13:40:42	MergeVcfs	Processed       930,000 records.  Elapsed time: 00:00:15s.  Time for last 10,000:    0s.  Last read position: 3:188,437,443
INFO	2018-05-25 13:40:42	MergeVcfs	Processed       940,000 records.  Elapsed time: 00:00:15s.  Time for last 10,000:    0s.  Last read position: 3:194,332,189
INFO	2018-05-25 13:40:42	MergeVcfs	Processed       950,000 records.  Elapsed time: 00:00:15s.  Time for last 10,000:    0s.  Last read position: 4:3,438,643
INFO	2018-05-25 13:40:43	MergeVcfs	Processed       960,000 records.  Elapsed time: 00:00:15s.  Time for last 10,000:    0s.  Last read position: 4:7,831,463
INFO	2018-05-25 13:40:43	MergeVcfs	Processed       970,000 records.  Elapsed time: 00:00:15s.  Time for last 10,000:    0s.  Last read position: 4:12,414,902
INFO	2018-05-25 13:40:43	MergeVcfs	Processed       980,000 records.  Elapsed time: 00:00:15s.  Time for last 10,000:    0s.  Last read position: 4:17,966,548
INFO	2018-05-25 13:40:43	MergeVcfs	Processed       990,000 records.  Elapsed time: 00:00:15s.  Time for last 10,000:    0s.  Last read position: 4:25,180,120
INFO	2018-05-25 13:40:43	MergeVcfs	Processed     1,000,000 records.  Elapsed time: 00:00:15s.  Time for last 10,000:    0s.  Last read position: 4:31,794,959
INFO	2018-05-25 13:40:43	MergeVcfs	Processed     1,010,000 records.  Elapsed time: 00:00:15s.  Time for last 10,000:    0s.  Last read position: 4:38,880,167
INFO	2018-05-25 13:40:43	MergeVcfs	Processed     1,020,000 records.  Elapsed time: 00:00:16s.  Time for last 10,000:    0s.  Last read position: 4:45,078,385
INFO	2018-05-25 13:40:43	MergeVcfs	Processed     1,030,000 records.  Elapsed time: 00:00:16s.  Time for last 10,000:    0s.  Last read position: 4:55,910,193
INFO	2018-05-25 13:40:43	MergeVcfs	Processed     1,040,000 records.  Elapsed time: 00:00:16s.  Time for last 10,000:    0s.  Last read position: 4:60,844,065
INFO	2018-05-25 13:40:43	MergeVcfs	Processed     1,050,000 records.  Elapsed time: 00:00:16s.  Time for last 10,000:    0s.  Last read position: 4:66,437,027
INFO	2018-05-25 13:40:44	MergeVcfs	Processed     1,060,000 records.  Elapsed time: 00:00:16s.  Time for last 10,000:    0s.  Last read position: 4:71,708,999
INFO	2018-05-25 13:40:44	MergeVcfs	Processed     1,070,000 records.  Elapsed time: 00:00:16s.  Time for last 10,000:    0s.  Last read position: 4:78,318,192
INFO	2018-05-25 13:40:44	MergeVcfs	Processed     1,080,000 records.  Elapsed time: 00:00:16s.  Time for last 10,000:    0s.  Last read position: 4:84,646,808
INFO	2018-05-25 13:40:44	MergeVcfs	Processed     1,090,000 records.  Elapsed time: 00:00:16s.  Time for last 10,000:    0s.  Last read position: 4:91,965,405
INFO	2018-05-25 13:40:44	MergeVcfs	Processed     1,100,000 records.  Elapsed time: 00:00:16s.  Time for last 10,000:    0s.  Last read position: 4:99,020,916
INFO	2018-05-25 13:40:44	MergeVcfs	Processed     1,110,000 records.  Elapsed time: 00:00:17s.  Time for last 10,000:    0s.  Last read position: 4:106,242,214
INFO	2018-05-25 13:40:44	MergeVcfs	Processed     1,120,000 records.  Elapsed time: 00:00:17s.  Time for last 10,000:    0s.  Last read position: 4:113,917,110
INFO	2018-05-25 13:40:44	MergeVcfs	Processed     1,130,000 records.  Elapsed time: 00:00:17s.  Time for last 10,000:    0s.  Last read position: 4:119,464,845
INFO	2018-05-25 13:40:44	MergeVcfs	Processed     1,140,000 records.  Elapsed time: 00:00:17s.  Time for last 10,000:    0s.  Last read position: 4:125,787,447
INFO	2018-05-25 13:40:45	MergeVcfs	Processed     1,150,000 records.  Elapsed time: 00:00:17s.  Time for last 10,000:    0s.  Last read position: 4:132,807,622
INFO	2018-05-25 13:40:45	MergeVcfs	Processed     1,160,000 records.  Elapsed time: 00:00:17s.  Time for last 10,000:    0s.  Last read position: 4:138,778,897
INFO	2018-05-25 13:40:45	MergeVcfs	Processed     1,170,000 records.  Elapsed time: 00:00:17s.  Time for last 10,000:    0s.  Last read position: 4:145,054,593
INFO	2018-05-25 13:40:45	MergeVcfs	Processed     1,180,000 records.  Elapsed time: 00:00:17s.  Time for last 10,000:    0s.  Last read position: 4:153,468,674
INFO	2018-05-25 13:40:45	MergeVcfs	Processed     1,190,000 records.  Elapsed time: 00:00:17s.  Time for last 10,000:    0s.  Last read position: 4:159,748,216
INFO	2018-05-25 13:40:45	MergeVcfs	Processed     1,200,000 records.  Elapsed time: 00:00:17s.  Time for last 10,000:    0s.  Last read position: 4:164,898,236
INFO	2018-05-25 13:40:45	MergeVcfs	Processed     1,210,000 records.  Elapsed time: 00:00:18s.  Time for last 10,000:    0s.  Last read position: 4:171,210,836
INFO	2018-05-25 13:40:45	MergeVcfs	Processed     1,220,000 records.  Elapsed time: 00:00:18s.  Time for last 10,000:    0s.  Last read position: 4:177,265,565
INFO	2018-05-25 13:40:45	MergeVcfs	Processed     1,230,000 records.  Elapsed time: 00:00:18s.  Time for last 10,000:    0s.  Last read position: 4:181,866,050
INFO	2018-05-25 13:40:46	MergeVcfs	Processed     1,240,000 records.  Elapsed time: 00:00:18s.  Time for last 10,000:    0s.  Last read position: 4:186,802,492
INFO	2018-05-25 13:40:46	MergeVcfs	Processed     1,250,000 records.  Elapsed time: 00:00:18s.  Time for last 10,000:    0s.  Last read position: 4:190,768,671
INFO	2018-05-25 13:40:46	MergeVcfs	Processed     1,260,000 records.  Elapsed time: 00:00:18s.  Time for last 10,000:    0s.  Last read position: 5:4,134,335
INFO	2018-05-25 13:40:46	MergeVcfs	Processed     1,270,000 records.  Elapsed time: 00:00:18s.  Time for last 10,000:    0s.  Last read position: 5:9,253,869
INFO	2018-05-25 13:40:46	MergeVcfs	Processed     1,280,000 records.  Elapsed time: 00:00:18s.  Time for last 10,000:    0s.  Last read position: 5:16,508,829
INFO	2018-05-25 13:40:46	MergeVcfs	Processed     1,290,000 records.  Elapsed time: 00:00:18s.  Time for last 10,000:    0s.  Last read position: 5:22,744,537
INFO	2018-05-25 13:40:46	MergeVcfs	Processed     1,300,000 records.  Elapsed time: 00:00:19s.  Time for last 10,000:    0s.  Last read position: 5:29,489,232
INFO	2018-05-25 13:40:46	MergeVcfs	Processed     1,310,000 records.  Elapsed time: 00:00:19s.  Time for last 10,000:    0s.  Last read position: 5:34,768,182
INFO	2018-05-25 13:40:46	MergeVcfs	Processed     1,320,000 records.  Elapsed time: 00:00:19s.  Time for last 10,000:    0s.  Last read position: 5:41,565,410
INFO	2018-05-25 13:40:46	MergeVcfs	Processed     1,330,000 records.  Elapsed time: 00:00:19s.  Time for last 10,000:    0s.  Last read position: 5:52,397,586
INFO	2018-05-25 13:40:47	MergeVcfs	Processed     1,340,000 records.  Elapsed time: 00:00:19s.  Time for last 10,000:    0s.  Last read position: 5:58,079,779
INFO	2018-05-25 13:40:47	MergeVcfs	Processed     1,350,000 records.  Elapsed time: 00:00:19s.  Time for last 10,000:    0s.  Last read position: 5:66,820,793
INFO	2018-05-25 13:40:47	MergeVcfs	Processed     1,360,000 records.  Elapsed time: 00:00:19s.  Time for last 10,000:    0s.  Last read position: 5:74,982,880
INFO	2018-05-25 13:40:47	MergeVcfs	Processed     1,370,000 records.  Elapsed time: 00:00:19s.  Time for last 10,000:    0s.  Last read position: 5:81,837,906
INFO	2018-05-25 13:40:47	MergeVcfs	Processed     1,380,000 records.  Elapsed time: 00:00:19s.  Time for last 10,000:    0s.  Last read position: 5:91,054,087
INFO	2018-05-25 13:40:47	MergeVcfs	Processed     1,390,000 records.  Elapsed time: 00:00:20s.  Time for last 10,000:    0s.  Last read position: 5:99,479,977
INFO	2018-05-25 13:40:47	MergeVcfs	Processed     1,400,000 records.  Elapsed time: 00:00:20s.  Time for last 10,000:    0s.  Last read position: 5:106,338,418
INFO	2018-05-25 13:40:47	MergeVcfs	Processed     1,410,000 records.  Elapsed time: 00:00:20s.  Time for last 10,000:    0s.  Last read position: 5:113,044,816
INFO	2018-05-25 13:40:47	MergeVcfs	Processed     1,420,000 records.  Elapsed time: 00:00:20s.  Time for last 10,000:    0s.  Last read position: 5:118,933,697
INFO	2018-05-25 13:40:48	MergeVcfs	Processed     1,430,000 records.  Elapsed time: 00:00:20s.  Time for last 10,000:    0s.  Last read position: 5:125,058,264
INFO	2018-05-25 13:40:48	MergeVcfs	Processed     1,440,000 records.  Elapsed time: 00:00:20s.  Time for last 10,000:    0s.  Last read position: 5:133,135,029
INFO	2018-05-25 13:40:48	MergeVcfs	Processed     1,450,000 records.  Elapsed time: 00:00:20s.  Time for last 10,000:    0s.  Last read position: 5:142,024,256
INFO	2018-05-25 13:40:48	MergeVcfs	Processed     1,460,000 records.  Elapsed time: 00:00:20s.  Time for last 10,000:    0s.  Last read position: 5:150,903,331
INFO	2018-05-25 13:40:48	MergeVcfs	Processed     1,470,000 records.  Elapsed time: 00:00:20s.  Time for last 10,000:    0s.  Last read position: 5:157,897,238
INFO	2018-05-25 13:40:48	MergeVcfs	Processed     1,480,000 records.  Elapsed time: 00:00:21s.  Time for last 10,000:    0s.  Last read position: 5:164,840,855
INFO	2018-05-25 13:40:48	MergeVcfs	Processed     1,490,000 records.  Elapsed time: 00:00:21s.  Time for last 10,000:    0s.  Last read position: 5:172,763,348
INFO	2018-05-25 13:40:48	MergeVcfs	Processed     1,500,000 records.  Elapsed time: 00:00:21s.  Time for last 10,000:    0s.  Last read position: 5:178,857,169
INFO	2018-05-25 13:40:48	MergeVcfs	Processed     1,510,000 records.  Elapsed time: 00:00:21s.  Time for last 10,000:    0s.  Last read position: 6:3,783,124
INFO	2018-05-25 13:40:49	MergeVcfs	Processed     1,520,000 records.  Elapsed time: 00:00:21s.  Time for last 10,000:    0s.  Last read position: 6:9,392,499
INFO	2018-05-25 13:40:49	MergeVcfs	Processed     1,530,000 records.  Elapsed time: 00:00:21s.  Time for last 10,000:    0s.  Last read position: 6:15,564,883
INFO	2018-05-25 13:40:49	MergeVcfs	Processed     1,540,000 records.  Elapsed time: 00:00:21s.  Time for last 10,000:    0s.  Last read position: 6:21,885,023
INFO	2018-05-25 13:40:49	MergeVcfs	Processed     1,550,000 records.  Elapsed time: 00:00:21s.  Time for last 10,000:    0s.  Last read position: 6:27,519,345
INFO	2018-05-25 13:40:49	MergeVcfs	Processed     1,560,000 records.  Elapsed time: 00:00:21s.  Time for last 10,000:    0s.  Last read position: 6:32,626,883
INFO	2018-05-25 13:40:49	MergeVcfs	Processed     1,570,000 records.  Elapsed time: 00:00:22s.  Time for last 10,000:    0s.  Last read position: 6:38,126,229
INFO	2018-05-25 13:40:49	MergeVcfs	Processed     1,580,000 records.  Elapsed time: 00:00:22s.  Time for last 10,000:    0s.  Last read position: 6:45,023,226
INFO	2018-05-25 13:40:49	MergeVcfs	Processed     1,590,000 records.  Elapsed time: 00:00:22s.  Time for last 10,000:    0s.  Last read position: 6:51,677,605
INFO	2018-05-25 13:40:49	MergeVcfs	Processed     1,600,000 records.  Elapsed time: 00:00:22s.  Time for last 10,000:    0s.  Last read position: 6:58,383,592
INFO	2018-05-25 13:40:50	MergeVcfs	Processed     1,610,000 records.  Elapsed time: 00:00:22s.  Time for last 10,000:    0s.  Last read position: 6:67,142,042
INFO	2018-05-25 13:40:50	MergeVcfs	Processed     1,620,000 records.  Elapsed time: 00:00:22s.  Time for last 10,000:    0s.  Last read position: 6:73,810,016
INFO	2018-05-25 13:40:50	MergeVcfs	Processed     1,630,000 records.  Elapsed time: 00:00:22s.  Time for last 10,000:    0s.  Last read position: 6:79,980,599
INFO	2018-05-25 13:40:50	MergeVcfs	Processed     1,640,000 records.  Elapsed time: 00:00:22s.  Time for last 10,000:    0s.  Last read position: 6:86,988,456
INFO	2018-05-25 13:40:50	MergeVcfs	Processed     1,650,000 records.  Elapsed time: 00:00:22s.  Time for last 10,000:    0s.  Last read position: 6:94,206,433
INFO	2018-05-25 13:40:50	MergeVcfs	Processed     1,660,000 records.  Elapsed time: 00:00:22s.  Time for last 10,000:    0s.  Last read position: 6:101,474,762
INFO	2018-05-25 13:40:50	MergeVcfs	Processed     1,670,000 records.  Elapsed time: 00:00:23s.  Time for last 10,000:    0s.  Last read position: 6:108,712,052
INFO	2018-05-25 13:40:50	MergeVcfs	Processed     1,680,000 records.  Elapsed time: 00:00:23s.  Time for last 10,000:    0s.  Last read position: 6:116,143,788
INFO	2018-05-25 13:40:50	MergeVcfs	Processed     1,690,000 records.  Elapsed time: 00:00:23s.  Time for last 10,000:    0s.  Last read position: 6:122,927,716
INFO	2018-05-25 13:40:51	MergeVcfs	Processed     1,700,000 records.  Elapsed time: 00:00:23s.  Time for last 10,000:    0s.  Last read position: 6:130,754,645
INFO	2018-05-25 13:40:51	MergeVcfs	Processed     1,710,000 records.  Elapsed time: 00:00:23s.  Time for last 10,000:    0s.  Last read position: 6:138,433,647
INFO	2018-05-25 13:40:51	MergeVcfs	Processed     1,720,000 records.  Elapsed time: 00:00:23s.  Time for last 10,000:    0s.  Last read position: 6:147,954,491
INFO	2018-05-25 13:40:51	MergeVcfs	Processed     1,730,000 records.  Elapsed time: 00:00:23s.  Time for last 10,000:    0s.  Last read position: 6:154,536,158
INFO	2018-05-25 13:40:51	MergeVcfs	Processed     1,740,000 records.  Elapsed time: 00:00:23s.  Time for last 10,000:    0s.  Last read position: 6:160,853,634
INFO	2018-05-25 13:40:51	MergeVcfs	Processed     1,750,000 records.  Elapsed time: 00:00:23s.  Time for last 10,000:    0s.  Last read position: 6:166,305,209
INFO	2018-05-25 13:40:51	MergeVcfs	Processed     1,760,000 records.  Elapsed time: 00:00:24s.  Time for last 10,000:    0s.  Last read position: 7:85,608
INFO	2018-05-25 13:40:51	MergeVcfs	Processed     1,770,000 records.  Elapsed time: 00:00:24s.  Time for last 10,000:    0s.  Last read position: 7:5,052,884
INFO	2018-05-25 13:40:51	MergeVcfs	Processed     1,780,000 records.  Elapsed time: 00:00:24s.  Time for last 10,000:    0s.  Last read position: 7:10,028,396
INFO	2018-05-25 13:40:51	MergeVcfs	Processed     1,790,000 records.  Elapsed time: 00:00:24s.  Time for last 10,000:    0s.  Last read position: 7:15,150,431
INFO	2018-05-25 13:40:52	MergeVcfs	Processed     1,800,000 records.  Elapsed time: 00:00:24s.  Time for last 10,000:    0s.  Last read position: 7:21,166,239
INFO	2018-05-25 13:40:52	MergeVcfs	Processed     1,810,000 records.  Elapsed time: 00:00:24s.  Time for last 10,000:    0s.  Last read position: 7:28,232,457
INFO	2018-05-25 13:40:52	MergeVcfs	Processed     1,820,000 records.  Elapsed time: 00:00:24s.  Time for last 10,000:    0s.  Last read position: 7:35,290,247
INFO	2018-05-25 13:40:52	MergeVcfs	Processed     1,830,000 records.  Elapsed time: 00:00:24s.  Time for last 10,000:    0s.  Last read position: 7:42,051,769
INFO	2018-05-25 13:40:52	MergeVcfs	Processed     1,840,000 records.  Elapsed time: 00:00:24s.  Time for last 10,000:    0s.  Last read position: 7:49,027,781
INFO	2018-05-25 13:40:52	MergeVcfs	Processed     1,850,000 records.  Elapsed time: 00:00:25s.  Time for last 10,000:    0s.  Last read position: 7:54,235,627
INFO	2018-05-25 13:40:52	MergeVcfs	Processed     1,860,000 records.  Elapsed time: 00:00:25s.  Time for last 10,000:    0s.  Last read position: 7:63,699,812
INFO	2018-05-25 13:40:52	MergeVcfs	Processed     1,870,000 records.  Elapsed time: 00:00:25s.  Time for last 10,000:    0s.  Last read position: 7:68,767,188
INFO	2018-05-25 13:40:52	MergeVcfs	Processed     1,880,000 records.  Elapsed time: 00:00:25s.  Time for last 10,000:    0s.  Last read position: 7:77,820,470
INFO	2018-05-25 13:40:53	MergeVcfs	Processed     1,890,000 records.  Elapsed time: 00:00:25s.  Time for last 10,000:    0s.  Last read position: 7:83,992,926
INFO	2018-05-25 13:40:53	MergeVcfs	Processed     1,900,000 records.  Elapsed time: 00:00:25s.  Time for last 10,000:    0s.  Last read position: 7:93,040,324
INFO	2018-05-25 13:40:53	MergeVcfs	Processed     1,910,000 records.  Elapsed time: 00:00:25s.  Time for last 10,000:    0s.  Last read position: 7:101,166,102
INFO	2018-05-25 13:40:53	MergeVcfs	Processed     1,920,000 records.  Elapsed time: 00:00:25s.  Time for last 10,000:    0s.  Last read position: 7:108,718,165
INFO	2018-05-25 13:40:53	MergeVcfs	Processed     1,930,000 records.  Elapsed time: 00:00:25s.  Time for last 10,000:    0s.  Last read position: 7:117,705,293
INFO	2018-05-25 13:40:53	MergeVcfs	Processed     1,940,000 records.  Elapsed time: 00:00:25s.  Time for last 10,000:    0s.  Last read position: 7:125,344,102
INFO	2018-05-25 13:40:53	MergeVcfs	Processed     1,950,000 records.  Elapsed time: 00:00:26s.  Time for last 10,000:    0s.  Last read position: 7:131,683,980
INFO	2018-05-25 13:40:53	MergeVcfs	Processed     1,960,000 records.  Elapsed time: 00:00:26s.  Time for last 10,000:    0s.  Last read position: 7:138,110,562
INFO	2018-05-25 13:40:53	MergeVcfs	Processed     1,970,000 records.  Elapsed time: 00:00:26s.  Time for last 10,000:    0s.  Last read position: 7:146,420,329
INFO	2018-05-25 13:40:54	MergeVcfs	Processed     1,980,000 records.  Elapsed time: 00:00:26s.  Time for last 10,000:    0s.  Last read position: 7:152,273,632
INFO	2018-05-25 13:40:54	MergeVcfs	Processed     1,990,000 records.  Elapsed time: 00:00:26s.  Time for last 10,000:    0s.  Last read position: 7:157,091,292
INFO	2018-05-25 13:40:54	MergeVcfs	Processed     2,000,000 records.  Elapsed time: 00:00:26s.  Time for last 10,000:    0s.  Last read position: 8:2,351,521
INFO	2018-05-25 13:40:54	MergeVcfs	Processed     2,010,000 records.  Elapsed time: 00:00:26s.  Time for last 10,000:    0s.  Last read position: 8:4,994,050
INFO	2018-05-25 13:40:54	MergeVcfs	Processed     2,020,000 records.  Elapsed time: 00:00:26s.  Time for last 10,000:    0s.  Last read position: 8:9,187,854
INFO	2018-05-25 13:40:54	MergeVcfs	Processed     2,030,000 records.  Elapsed time: 00:00:26s.  Time for last 10,000:    0s.  Last read position: 8:13,405,920
INFO	2018-05-25 13:40:54	MergeVcfs	Processed     2,040,000 records.  Elapsed time: 00:00:27s.  Time for last 10,000:    0s.  Last read position: 8:17,058,046
INFO	2018-05-25 13:40:54	MergeVcfs	Processed     2,050,000 records.  Elapsed time: 00:00:27s.  Time for last 10,000:    0s.  Last read position: 8:21,817,568
INFO	2018-05-25 13:40:54	MergeVcfs	Processed     2,060,000 records.  Elapsed time: 00:00:27s.  Time for last 10,000:    0s.  Last read position: 8:27,716,025
INFO	2018-05-25 13:40:55	MergeVcfs	Processed     2,070,000 records.  Elapsed time: 00:00:27s.  Time for last 10,000:    0s.  Last read position: 8:35,308,559
INFO	2018-05-25 13:40:55	MergeVcfs	Processed     2,080,000 records.  Elapsed time: 00:00:27s.  Time for last 10,000:    0s.  Last read position: 8:46,925,127
INFO	2018-05-25 13:40:55	MergeVcfs	Processed     2,090,000 records.  Elapsed time: 00:00:27s.  Time for last 10,000:    0s.  Last read position: 8:54,515,401
INFO	2018-05-25 13:40:55	MergeVcfs	Processed     2,100,000 records.  Elapsed time: 00:00:27s.  Time for last 10,000:    0s.  Last read position: 8:61,803,386
INFO	2018-05-25 13:40:55	MergeVcfs	Processed     2,110,000 records.  Elapsed time: 00:00:27s.  Time for last 10,000:    0s.  Last read position: 8:69,298,336
INFO	2018-05-25 13:40:55	MergeVcfs	Processed     2,120,000 records.  Elapsed time: 00:00:27s.  Time for last 10,000:    0s.  Last read position: 8:76,488,899
INFO	2018-05-25 13:40:55	MergeVcfs	Processed     2,130,000 records.  Elapsed time: 00:00:28s.  Time for last 10,000:    0s.  Last read position: 8:84,791,031
INFO	2018-05-25 13:40:55	MergeVcfs	Processed     2,140,000 records.  Elapsed time: 00:00:28s.  Time for last 10,000:    0s.  Last read position: 8:94,265,791
INFO	2018-05-25 13:40:55	MergeVcfs	Processed     2,150,000 records.  Elapsed time: 00:00:28s.  Time for last 10,000:    0s.  Last read position: 8:102,067,129
INFO	2018-05-25 13:40:55	MergeVcfs	Processed     2,160,000 records.  Elapsed time: 00:00:28s.  Time for last 10,000:    0s.  Last read position: 8:109,292,780
INFO	2018-05-25 13:40:56	MergeVcfs	Processed     2,170,000 records.  Elapsed time: 00:00:28s.  Time for last 10,000:    0s.  Last read position: 8:118,535,434
INFO	2018-05-25 13:40:56	MergeVcfs	Processed     2,180,000 records.  Elapsed time: 00:00:28s.  Time for last 10,000:    0s.  Last read position: 8:125,477,061
INFO	2018-05-25 13:40:56	MergeVcfs	Processed     2,190,000 records.  Elapsed time: 00:00:28s.  Time for last 10,000:    0s.  Last read position: 8:132,713,659
INFO	2018-05-25 13:40:56	MergeVcfs	Processed     2,200,000 records.  Elapsed time: 00:00:28s.  Time for last 10,000:    0s.  Last read position: 8:138,548,284
INFO	2018-05-25 13:40:56	MergeVcfs	Processed     2,210,000 records.  Elapsed time: 00:00:28s.  Time for last 10,000:    0s.  Last read position: 8:143,815,535
INFO	2018-05-25 13:40:56	MergeVcfs	Processed     2,220,000 records.  Elapsed time: 00:00:29s.  Time for last 10,000:    0s.  Last read position: 9:2,968,107
INFO	2018-05-25 13:40:56	MergeVcfs	Processed     2,230,000 records.  Elapsed time: 00:00:29s.  Time for last 10,000:    0s.  Last read position: 9:8,733,531
INFO	2018-05-25 13:40:56	MergeVcfs	Processed     2,240,000 records.  Elapsed time: 00:00:29s.  Time for last 10,000:    0s.  Last read position: 9:12,928,638
INFO	2018-05-25 13:40:56	MergeVcfs	Processed     2,250,000 records.  Elapsed time: 00:00:29s.  Time for last 10,000:    0s.  Last read position: 9:18,322,363
INFO	2018-05-25 13:40:57	MergeVcfs	Processed     2,260,000 records.  Elapsed time: 00:00:29s.  Time for last 10,000:    0s.  Last read position: 9:24,931,321
INFO	2018-05-25 13:40:57	MergeVcfs	Processed     2,270,000 records.  Elapsed time: 00:00:29s.  Time for last 10,000:    0s.  Last read position: 9:30,303,121
INFO	2018-05-25 13:40:57	MergeVcfs	Processed     2,280,000 records.  Elapsed time: 00:00:29s.  Time for last 10,000:    0s.  Last read position: 9:36,332,099
INFO	2018-05-25 13:40:57	MergeVcfs	Processed     2,290,000 records.  Elapsed time: 00:00:29s.  Time for last 10,000:    0s.  Last read position: 9:71,860,041
INFO	2018-05-25 13:40:57	MergeVcfs	Processed     2,300,000 records.  Elapsed time: 00:00:29s.  Time for last 10,000:    0s.  Last read position: 9:78,210,327
INFO	2018-05-25 13:40:57	MergeVcfs	Processed     2,310,000 records.  Elapsed time: 00:00:30s.  Time for last 10,000:    0s.  Last read position: 9:84,784,585
INFO	2018-05-25 13:40:57	MergeVcfs	Processed     2,320,000 records.  Elapsed time: 00:00:30s.  Time for last 10,000:    0s.  Last read position: 9:92,870,707
INFO	2018-05-25 13:40:57	MergeVcfs	Processed     2,330,000 records.  Elapsed time: 00:00:30s.  Time for last 10,000:    0s.  Last read position: 9:101,423,312
INFO	2018-05-25 13:40:57	MergeVcfs	Processed     2,340,000 records.  Elapsed time: 00:00:30s.  Time for last 10,000:    0s.  Last read position: 9:108,228,001
INFO	2018-05-25 13:40:58	MergeVcfs	Processed     2,350,000 records.  Elapsed time: 00:00:30s.  Time for last 10,000:    0s.  Last read position: 9:114,702,997
INFO	2018-05-25 13:40:58	MergeVcfs	Processed     2,360,000 records.  Elapsed time: 00:00:30s.  Time for last 10,000:    0s.  Last read position: 9:120,822,099
INFO	2018-05-25 13:40:58	MergeVcfs	Processed     2,370,000 records.  Elapsed time: 00:00:30s.  Time for last 10,000:    0s.  Last read position: 9:128,800,424
INFO	2018-05-25 13:40:58	MergeVcfs	Processed     2,380,000 records.  Elapsed time: 00:00:30s.  Time for last 10,000:    0s.  Last read position: 9:136,205,345
INFO	2018-05-25 13:40:58	MergeVcfs	Processed     2,390,000 records.  Elapsed time: 00:00:30s.  Time for last 10,000:    0s.  Last read position: 10:1,160,970
INFO	2018-05-25 13:40:58	MergeVcfs	Processed     2,400,000 records.  Elapsed time: 00:00:30s.  Time for last 10,000:    0s.  Last read position: 10:5,522,392
INFO	2018-05-25 13:40:58	MergeVcfs	Processed     2,410,000 records.  Elapsed time: 00:00:31s.  Time for last 10,000:    0s.  Last read position: 10:10,308,459
INFO	2018-05-25 13:40:58	MergeVcfs	Processed     2,420,000 records.  Elapsed time: 00:00:31s.  Time for last 10,000:    0s.  Last read position: 10:15,281,584
INFO	2018-05-25 13:40:58	MergeVcfs	Processed     2,430,000 records.  Elapsed time: 00:00:31s.  Time for last 10,000:    0s.  Last read position: 10:21,198,079
INFO	2018-05-25 13:40:59	MergeVcfs	Processed     2,440,000 records.  Elapsed time: 00:00:31s.  Time for last 10,000:    0s.  Last read position: 10:28,909,299
INFO	2018-05-25 13:40:59	MergeVcfs	Processed     2,450,000 records.  Elapsed time: 00:00:31s.  Time for last 10,000:    0s.  Last read position: 10:34,231,051
INFO	2018-05-25 13:40:59	MergeVcfs	Processed     2,460,000 records.  Elapsed time: 00:00:31s.  Time for last 10,000:    0s.  Last read position: 10:44,985,195
INFO	2018-05-25 13:40:59	MergeVcfs	Processed     2,470,000 records.  Elapsed time: 00:00:31s.  Time for last 10,000:    0s.  Last read position: 10:54,102,851
INFO	2018-05-25 13:40:59	MergeVcfs	Processed     2,480,000 records.  Elapsed time: 00:00:31s.  Time for last 10,000:    0s.  Last read position: 10:58,617,049
INFO	2018-05-25 13:40:59	MergeVcfs	Processed     2,490,000 records.  Elapsed time: 00:00:31s.  Time for last 10,000:    0s.  Last read position: 10:65,414,991
INFO	2018-05-25 13:40:59	MergeVcfs	Processed     2,500,000 records.  Elapsed time: 00:00:32s.  Time for last 10,000:    0s.  Last read position: 10:71,149,319
INFO	2018-05-25 13:40:59	MergeVcfs	Processed     2,510,000 records.  Elapsed time: 00:00:32s.  Time for last 10,000:    0s.  Last read position: 10:79,043,499
INFO	2018-05-25 13:40:59	MergeVcfs	Processed     2,520,000 records.  Elapsed time: 00:00:32s.  Time for last 10,000:    0s.  Last read position: 10:85,512,286
INFO	2018-05-25 13:40:59	MergeVcfs	Processed     2,530,000 records.  Elapsed time: 00:00:32s.  Time for last 10,000:    0s.  Last read position: 10:93,363,288
INFO	2018-05-25 13:41:00	MergeVcfs	Processed     2,540,000 records.  Elapsed time: 00:00:32s.  Time for last 10,000:    0s.  Last read position: 10:100,632,788
INFO	2018-05-25 13:41:00	MergeVcfs	Processed     2,550,000 records.  Elapsed time: 00:00:32s.  Time for last 10,000:    0s.  Last read position: 10:108,655,709
INFO	2018-05-25 13:41:00	MergeVcfs	Processed     2,560,000 records.  Elapsed time: 00:00:32s.  Time for last 10,000:    0s.  Last read position: 10:116,129,353
INFO	2018-05-25 13:41:00	MergeVcfs	Processed     2,570,000 records.  Elapsed time: 00:00:32s.  Time for last 10,000:    0s.  Last read position: 10:122,075,002
INFO	2018-05-25 13:41:00	MergeVcfs	Processed     2,580,000 records.  Elapsed time: 00:00:32s.  Time for last 10,000:    0s.  Last read position: 10:127,955,235
INFO	2018-05-25 13:41:00	MergeVcfs	Processed     2,590,000 records.  Elapsed time: 00:00:33s.  Time for last 10,000:    0s.  Last read position: 10:133,176,044
INFO	2018-05-25 13:41:00	MergeVcfs	Processed     2,600,000 records.  Elapsed time: 00:00:33s.  Time for last 10,000:    0s.  Last read position: 11:2,908,656
INFO	2018-05-25 13:41:00	MergeVcfs	Processed     2,610,000 records.  Elapsed time: 00:00:33s.  Time for last 10,000:    0s.  Last read position: 11:7,007,035
INFO	2018-05-25 13:41:00	MergeVcfs	Processed     2,620,000 records.  Elapsed time: 00:00:33s.  Time for last 10,000:    0s.  Last read position: 11:12,517,482
INFO	2018-05-25 13:41:01	MergeVcfs	Processed     2,630,000 records.  Elapsed time: 00:00:33s.  Time for last 10,000:    0s.  Last read position: 11:19,223,051
INFO	2018-05-25 13:41:01	MergeVcfs	Processed     2,640,000 records.  Elapsed time: 00:00:33s.  Time for last 10,000:    0s.  Last read position: 11:24,024,178
INFO	2018-05-25 13:41:01	MergeVcfs	Processed     2,650,000 records.  Elapsed time: 00:00:33s.  Time for last 10,000:    0s.  Last read position: 11:28,726,670
INFO	2018-05-25 13:41:01	MergeVcfs	Processed     2,660,000 records.  Elapsed time: 00:00:33s.  Time for last 10,000:    0s.  Last read position: 11:36,123,435
INFO	2018-05-25 13:41:01	MergeVcfs	Processed     2,670,000 records.  Elapsed time: 00:00:33s.  Time for last 10,000:    0s.  Last read position: 11:42,430,732
INFO	2018-05-25 13:41:01	MergeVcfs	Processed     2,680,000 records.  Elapsed time: 00:00:33s.  Time for last 10,000:    0s.  Last read position: 11:48,958,903
INFO	2018-05-25 13:41:01	MergeVcfs	Processed     2,690,000 records.  Elapsed time: 00:00:34s.  Time for last 10,000:    0s.  Last read position: 11:55,663,850
INFO	2018-05-25 13:41:01	MergeVcfs	Processed     2,700,000 records.  Elapsed time: 00:00:34s.  Time for last 10,000:    0s.  Last read position: 11:61,249,766
INFO	2018-05-25 13:41:01	MergeVcfs	Processed     2,710,000 records.  Elapsed time: 00:00:34s.  Time for last 10,000:    0s.  Last read position: 11:68,403,824
INFO	2018-05-25 13:41:02	MergeVcfs	Processed     2,720,000 records.  Elapsed time: 00:00:34s.  Time for last 10,000:    0s.  Last read position: 11:76,022,468
INFO	2018-05-25 13:41:02	MergeVcfs	Processed     2,730,000 records.  Elapsed time: 00:00:34s.  Time for last 10,000:    0s.  Last read position: 11:82,624,487
INFO	2018-05-25 13:41:02	MergeVcfs	Processed     2,740,000 records.  Elapsed time: 00:00:34s.  Time for last 10,000:    0s.  Last read position: 11:89,919,018
INFO	2018-05-25 13:41:02	MergeVcfs	Processed     2,750,000 records.  Elapsed time: 00:00:34s.  Time for last 10,000:    0s.  Last read position: 11:95,745,187
INFO	2018-05-25 13:41:02	MergeVcfs	Processed     2,760,000 records.  Elapsed time: 00:00:34s.  Time for last 10,000:    0s.  Last read position: 11:101,361,028
INFO	2018-05-25 13:41:02	MergeVcfs	Processed     2,770,000 records.  Elapsed time: 00:00:34s.  Time for last 10,000:    0s.  Last read position: 11:106,971,481
INFO	2018-05-25 13:41:02	MergeVcfs	Processed     2,780,000 records.  Elapsed time: 00:00:35s.  Time for last 10,000:    0s.  Last read position: 11:113,972,439
INFO	2018-05-25 13:41:02	MergeVcfs	Processed     2,790,000 records.  Elapsed time: 00:00:35s.  Time for last 10,000:    0s.  Last read position: 11:119,946,041
INFO	2018-05-25 13:41:02	MergeVcfs	Processed     2,800,000 records.  Elapsed time: 00:00:35s.  Time for last 10,000:    0s.  Last read position: 11:125,986,277
INFO	2018-05-25 13:41:03	MergeVcfs	Processed     2,810,000 records.  Elapsed time: 00:00:35s.  Time for last 10,000:    0s.  Last read position: 11:132,575,344
INFO	2018-05-25 13:41:03	MergeVcfs	Processed     2,820,000 records.  Elapsed time: 00:00:35s.  Time for last 10,000:    0s.  Last read position: 12:3,497,805
INFO	2018-05-25 13:41:03	MergeVcfs	Processed     2,830,000 records.  Elapsed time: 00:00:35s.  Time for last 10,000:    0s.  Last read position: 12:9,377,437
INFO	2018-05-25 13:41:03	MergeVcfs	Processed     2,840,000 records.  Elapsed time: 00:00:35s.  Time for last 10,000:    0s.  Last read position: 12:14,736,934
INFO	2018-05-25 13:41:03	MergeVcfs	Processed     2,850,000 records.  Elapsed time: 00:00:35s.  Time for last 10,000:    0s.  Last read position: 12:20,889,660
INFO	2018-05-25 13:41:03	MergeVcfs	Processed     2,860,000 records.  Elapsed time: 00:00:36s.  Time for last 10,000:    0s.  Last read position: 12:26,590,869
INFO	2018-05-25 13:41:03	MergeVcfs	Processed     2,870,000 records.  Elapsed time: 00:00:36s.  Time for last 10,000:    0s.  Last read position: 12:31,693,975
INFO	2018-05-25 13:41:03	MergeVcfs	Processed     2,880,000 records.  Elapsed time: 00:00:36s.  Time for last 10,000:    0s.  Last read position: 12:40,863,880
INFO	2018-05-25 13:41:03	MergeVcfs	Processed     2,890,000 records.  Elapsed time: 00:00:36s.  Time for last 10,000:    0s.  Last read position: 12:47,577,560
INFO	2018-05-25 13:41:04	MergeVcfs	Processed     2,900,000 records.  Elapsed time: 00:00:36s.  Time for last 10,000:    0s.  Last read position: 12:54,563,294
INFO	2018-05-25 13:41:04	MergeVcfs	Processed     2,910,000 records.  Elapsed time: 00:00:36s.  Time for last 10,000:    0s.  Last read position: 12:61,848,554
INFO	2018-05-25 13:41:04	MergeVcfs	Processed     2,920,000 records.  Elapsed time: 00:00:36s.  Time for last 10,000:    0s.  Last read position: 12:69,646,010
INFO	2018-05-25 13:41:04	MergeVcfs	Processed     2,930,000 records.  Elapsed time: 00:00:36s.  Time for last 10,000:    0s.  Last read position: 12:77,215,768
INFO	2018-05-25 13:41:04	MergeVcfs	Processed     2,940,000 records.  Elapsed time: 00:00:36s.  Time for last 10,000:    0s.  Last read position: 12:84,297,527
INFO	2018-05-25 13:41:04	MergeVcfs	Processed     2,950,000 records.  Elapsed time: 00:00:37s.  Time for last 10,000:    0s.  Last read position: 12:92,629,879
INFO	2018-05-25 13:41:04	MergeVcfs	Processed     2,960,000 records.  Elapsed time: 00:00:37s.  Time for last 10,000:    0s.  Last read position: 12:98,504,839
INFO	2018-05-25 13:41:04	MergeVcfs	Processed     2,970,000 records.  Elapsed time: 00:00:37s.  Time for last 10,000:    0s.  Last read position: 12:106,084,017
INFO	2018-05-25 13:41:04	MergeVcfs	Processed     2,980,000 records.  Elapsed time: 00:00:37s.  Time for last 10,000:    0s.  Last read position: 12:115,420,508
INFO	2018-05-25 13:41:05	MergeVcfs	Processed     2,990,000 records.  Elapsed time: 00:00:37s.  Time for last 10,000:    0s.  Last read position: 12:122,850,853
INFO	2018-05-25 13:41:05	MergeVcfs	Processed     3,000,000 records.  Elapsed time: 00:00:37s.  Time for last 10,000:    0s.  Last read position: 12:128,559,515
INFO	2018-05-25 13:41:05	MergeVcfs	Processed     3,010,000 records.  Elapsed time: 00:00:37s.  Time for last 10,000:    0s.  Last read position: 12:132,970,902
INFO	2018-05-25 13:41:05	MergeVcfs	Processed     3,020,000 records.  Elapsed time: 00:00:37s.  Time for last 10,000:    0s.  Last read position: 13:22,805,796
INFO	2018-05-25 13:41:05	MergeVcfs	Processed     3,030,000 records.  Elapsed time: 00:00:37s.  Time for last 10,000:    0s.  Last read position: 13:27,714,281
INFO	2018-05-25 13:41:05	MergeVcfs	Processed     3,040,000 records.  Elapsed time: 00:00:37s.  Time for last 10,000:    0s.  Last read position: 13:33,576,163
INFO	2018-05-25 13:41:05	MergeVcfs	Processed     3,050,000 records.  Elapsed time: 00:00:38s.  Time for last 10,000:    0s.  Last read position: 13:39,943,962
INFO	2018-05-25 13:41:05	MergeVcfs	Processed     3,060,000 records.  Elapsed time: 00:00:38s.  Time for last 10,000:    0s.  Last read position: 13:46,332,947
INFO	2018-05-25 13:41:05	MergeVcfs	Processed     3,070,000 records.  Elapsed time: 00:00:38s.  Time for last 10,000:    0s.  Last read position: 13:53,412,196
INFO	2018-05-25 13:41:05	MergeVcfs	Processed     3,080,000 records.  Elapsed time: 00:00:38s.  Time for last 10,000:    0s.  Last read position: 13:60,681,700
INFO	2018-05-25 13:41:06	MergeVcfs	Processed     3,090,000 records.  Elapsed time: 00:00:38s.  Time for last 10,000:    0s.  Last read position: 13:67,725,325
INFO	2018-05-25 13:41:06	MergeVcfs	Processed     3,100,000 records.  Elapsed time: 00:00:38s.  Time for last 10,000:    0s.  Last read position: 13:73,202,559
INFO	2018-05-25 13:41:06	MergeVcfs	Processed     3,110,000 records.  Elapsed time: 00:00:38s.  Time for last 10,000:    0s.  Last read position: 13:79,250,406
INFO	2018-05-25 13:41:06	MergeVcfs	Processed     3,120,000 records.  Elapsed time: 00:00:38s.  Time for last 10,000:    0s.  Last read position: 13:85,721,761
INFO	2018-05-25 13:41:06	MergeVcfs	Processed     3,130,000 records.  Elapsed time: 00:00:39s.  Time for last 10,000:    0s.  Last read position: 13:91,150,211
INFO	2018-05-25 13:41:06	MergeVcfs	Processed     3,140,000 records.  Elapsed time: 00:00:39s.  Time for last 10,000:    0s.  Last read position: 13:98,198,519
INFO	2018-05-25 13:41:06	MergeVcfs	Processed     3,150,000 records.  Elapsed time: 00:00:39s.  Time for last 10,000:    0s.  Last read position: 13:104,295,500
INFO	2018-05-25 13:41:06	MergeVcfs	Processed     3,160,000 records.  Elapsed time: 00:00:39s.  Time for last 10,000:    0s.  Last read position: 13:109,522,385
INFO	2018-05-25 13:41:07	MergeVcfs	Processed     3,170,000 records.  Elapsed time: 00:00:39s.  Time for last 10,000:    0s.  Last read position: 13:114,794,557
INFO	2018-05-25 13:41:07	MergeVcfs	Processed     3,180,000 records.  Elapsed time: 00:00:39s.  Time for last 10,000:    0s.  Last read position: 14:24,876,002
INFO	2018-05-25 13:41:07	MergeVcfs	Processed     3,190,000 records.  Elapsed time: 00:00:39s.  Time for last 10,000:    0s.  Last read position: 14:32,086,838
INFO	2018-05-25 13:41:07	MergeVcfs	Processed     3,200,000 records.  Elapsed time: 00:00:39s.  Time for last 10,000:    0s.  Last read position: 14:38,760,608
INFO	2018-05-25 13:41:07	MergeVcfs	Processed     3,210,000 records.  Elapsed time: 00:00:39s.  Time for last 10,000:    0s.  Last read position: 14:45,732,773
INFO	2018-05-25 13:41:07	MergeVcfs	Processed     3,220,000 records.  Elapsed time: 00:00:39s.  Time for last 10,000:    0s.  Last read position: 14:51,124,527
INFO	2018-05-25 13:41:07	MergeVcfs	Processed     3,230,000 records.  Elapsed time: 00:00:40s.  Time for last 10,000:    0s.  Last read position: 14:57,239,548
INFO	2018-05-25 13:41:07	MergeVcfs	Processed     3,240,000 records.  Elapsed time: 00:00:40s.  Time for last 10,000:    0s.  Last read position: 14:64,772,036
INFO	2018-05-25 13:41:07	MergeVcfs	Processed     3,250,000 records.  Elapsed time: 00:00:40s.  Time for last 10,000:    0s.  Last read position: 14:74,313,283
INFO	2018-05-25 13:41:07	MergeVcfs	Processed     3,260,000 records.  Elapsed time: 00:00:40s.  Time for last 10,000:    0s.  Last read position: 14:81,113,872
INFO	2018-05-25 13:41:08	MergeVcfs	Processed     3,270,000 records.  Elapsed time: 00:00:40s.  Time for last 10,000:    0s.  Last read position: 14:87,798,203
INFO	2018-05-25 13:41:08	MergeVcfs	Processed     3,280,000 records.  Elapsed time: 00:00:40s.  Time for last 10,000:    0s.  Last read position: 14:94,033,136
INFO	2018-05-25 13:41:08	MergeVcfs	Processed     3,290,000 records.  Elapsed time: 00:00:40s.  Time for last 10,000:    0s.  Last read position: 14:99,710,255
INFO	2018-05-25 13:41:08	MergeVcfs	Processed     3,300,000 records.  Elapsed time: 00:00:40s.  Time for last 10,000:    0s.  Last read position: 14:106,474,303
INFO	2018-05-25 13:41:08	MergeVcfs	Processed     3,310,000 records.  Elapsed time: 00:00:40s.  Time for last 10,000:    0s.  Last read position: 15:25,963,632
INFO	2018-05-25 13:41:08	MergeVcfs	Processed     3,320,000 records.  Elapsed time: 00:00:40s.  Time for last 10,000:    0s.  Last read position: 15:33,459,079
INFO	2018-05-25 13:41:08	MergeVcfs	Processed     3,330,000 records.  Elapsed time: 00:00:41s.  Time for last 10,000:    0s.  Last read position: 15:40,062,145
INFO	2018-05-25 13:41:08	MergeVcfs	Processed     3,340,000 records.  Elapsed time: 00:00:41s.  Time for last 10,000:    0s.  Last read position: 15:48,608,083
INFO	2018-05-25 13:41:08	MergeVcfs	Processed     3,350,000 records.  Elapsed time: 00:00:41s.  Time for last 10,000:    0s.  Last read position: 15:54,965,345
INFO	2018-05-25 13:41:08	MergeVcfs	Processed     3,360,000 records.  Elapsed time: 00:00:41s.  Time for last 10,000:    0s.  Last read position: 15:60,684,434
INFO	2018-05-25 13:41:09	MergeVcfs	Processed     3,370,000 records.  Elapsed time: 00:00:41s.  Time for last 10,000:    0s.  Last read position: 15:66,866,624
INFO	2018-05-25 13:41:09	MergeVcfs	Processed     3,380,000 records.  Elapsed time: 00:00:41s.  Time for last 10,000:    0s.  Last read position: 15:73,516,396
INFO	2018-05-25 13:41:09	MergeVcfs	Processed     3,390,000 records.  Elapsed time: 00:00:41s.  Time for last 10,000:    0s.  Last read position: 15:80,752,161
INFO	2018-05-25 13:41:09	MergeVcfs	Processed     3,400,000 records.  Elapsed time: 00:00:41s.  Time for last 10,000:    0s.  Last read position: 15:89,367,654
INFO	2018-05-25 13:41:09	MergeVcfs	Processed     3,410,000 records.  Elapsed time: 00:00:41s.  Time for last 10,000:    0s.  Last read position: 15:95,153,045
INFO	2018-05-25 13:41:09	MergeVcfs	Processed     3,420,000 records.  Elapsed time: 00:00:41s.  Time for last 10,000:    0s.  Last read position: 15:101,051,328
INFO	2018-05-25 13:41:09	MergeVcfs	Processed     3,430,000 records.  Elapsed time: 00:00:42s.  Time for last 10,000:    0s.  Last read position: 16:4,809,532
INFO	2018-05-25 13:41:09	MergeVcfs	Processed     3,440,000 records.  Elapsed time: 00:00:42s.  Time for last 10,000:    0s.  Last read position: 16:8,186,565
INFO	2018-05-25 13:41:09	MergeVcfs	Processed     3,450,000 records.  Elapsed time: 00:00:42s.  Time for last 10,000:    0s.  Last read position: 16:12,363,003
INFO	2018-05-25 13:41:09	MergeVcfs	Processed     3,460,000 records.  Elapsed time: 00:00:42s.  Time for last 10,000:    0s.  Last read position: 16:20,065,106
INFO	2018-05-25 13:41:10	MergeVcfs	Processed     3,470,000 records.  Elapsed time: 00:00:42s.  Time for last 10,000:    0s.  Last read position: 16:27,664,440
INFO	2018-05-25 13:41:10	MergeVcfs	Processed     3,480,000 records.  Elapsed time: 00:00:42s.  Time for last 10,000:    0s.  Last read position: 16:51,028,084
INFO	2018-05-25 13:41:10	MergeVcfs	Processed     3,490,000 records.  Elapsed time: 00:00:42s.  Time for last 10,000:    0s.  Last read position: 16:57,721,952
INFO	2018-05-25 13:41:10	MergeVcfs	Processed     3,500,000 records.  Elapsed time: 00:00:42s.  Time for last 10,000:    0s.  Last read position: 16:64,581,318
INFO	2018-05-25 13:41:10	MergeVcfs	Processed     3,510,000 records.  Elapsed time: 00:00:42s.  Time for last 10,000:    0s.  Last read position: 16:73,439,953
INFO	2018-05-25 13:41:10	MergeVcfs	Processed     3,520,000 records.  Elapsed time: 00:00:42s.  Time for last 10,000:    0s.  Last read position: 16:78,419,505
INFO	2018-05-25 13:41:10	MergeVcfs	Processed     3,530,000 records.  Elapsed time: 00:00:43s.  Time for last 10,000:    0s.  Last read position: 16:82,872,814
INFO	2018-05-25 13:41:10	MergeVcfs	Processed     3,540,000 records.  Elapsed time: 00:00:43s.  Time for last 10,000:    0s.  Last read position: 16:86,462,297
INFO	2018-05-25 13:41:10	MergeVcfs	Processed     3,550,000 records.  Elapsed time: 00:00:43s.  Time for last 10,000:    0s.  Last read position: 17:849,414
INFO	2018-05-25 13:41:10	MergeVcfs	Processed     3,560,000 records.  Elapsed time: 00:00:43s.  Time for last 10,000:    0s.  Last read position: 17:5,945,876
INFO	2018-05-25 13:41:11	MergeVcfs	Processed     3,570,000 records.  Elapsed time: 00:00:43s.  Time for last 10,000:    0s.  Last read position: 17:12,079,062
INFO	2018-05-25 13:41:11	MergeVcfs	Processed     3,580,000 records.  Elapsed time: 00:00:43s.  Time for last 10,000:    0s.  Last read position: 17:18,673,619
INFO	2018-05-25 13:41:11	MergeVcfs	Processed     3,590,000 records.  Elapsed time: 00:00:43s.  Time for last 10,000:    0s.  Last read position: 17:31,628,058
INFO	2018-05-25 13:41:11	MergeVcfs	Processed     3,600,000 records.  Elapsed time: 00:00:43s.  Time for last 10,000:    0s.  Last read position: 17:39,252,972
INFO	2018-05-25 13:41:11	MergeVcfs	Processed     3,610,000 records.  Elapsed time: 00:00:43s.  Time for last 10,000:    0s.  Last read position: 17:45,027,119
INFO	2018-05-25 13:41:11	MergeVcfs	Processed     3,620,000 records.  Elapsed time: 00:00:43s.  Time for last 10,000:    0s.  Last read position: 17:52,103,231
INFO	2018-05-25 13:41:11	MergeVcfs	Processed     3,630,000 records.  Elapsed time: 00:00:44s.  Time for last 10,000:    0s.  Last read position: 17:61,615,660
INFO	2018-05-25 13:41:11	MergeVcfs	Processed     3,640,000 records.  Elapsed time: 00:00:44s.  Time for last 10,000:    0s.  Last read position: 17:68,346,412
INFO	2018-05-25 13:41:11	MergeVcfs	Processed     3,650,000 records.  Elapsed time: 00:00:44s.  Time for last 10,000:    0s.  Last read position: 17:74,427,734
INFO	2018-05-25 13:41:11	MergeVcfs	Processed     3,660,000 records.  Elapsed time: 00:00:44s.  Time for last 10,000:    0s.  Last read position: 17:80,014,861
INFO	2018-05-25 13:41:12	MergeVcfs	Processed     3,670,000 records.  Elapsed time: 00:00:44s.  Time for last 10,000:    0s.  Last read position: 18:3,833,060
INFO	2018-05-25 13:41:12	MergeVcfs	Processed     3,680,000 records.  Elapsed time: 00:00:44s.  Time for last 10,000:    0s.  Last read position: 18:10,488,091
INFO	2018-05-25 13:41:12	MergeVcfs	Processed     3,690,000 records.  Elapsed time: 00:00:44s.  Time for last 10,000:    0s.  Last read position: 18:19,271,304
INFO	2018-05-25 13:41:12	MergeVcfs	Processed     3,700,000 records.  Elapsed time: 00:00:44s.  Time for last 10,000:    0s.  Last read position: 18:27,132,871
INFO	2018-05-25 13:41:12	MergeVcfs	Processed     3,710,000 records.  Elapsed time: 00:00:44s.  Time for last 10,000:    0s.  Last read position: 18:35,558,376
INFO	2018-05-25 13:41:12	MergeVcfs	Processed     3,720,000 records.  Elapsed time: 00:00:44s.  Time for last 10,000:    0s.  Last read position: 18:43,327,497
INFO	2018-05-25 13:41:12	MergeVcfs	Processed     3,730,000 records.  Elapsed time: 00:00:45s.  Time for last 10,000:    0s.  Last read position: 18:49,566,783
INFO	2018-05-25 13:41:12	MergeVcfs	Processed     3,740,000 records.  Elapsed time: 00:00:45s.  Time for last 10,000:    0s.  Last read position: 18:55,504,136
INFO	2018-05-25 13:41:12	MergeVcfs	Processed     3,750,000 records.  Elapsed time: 00:00:45s.  Time for last 10,000:    0s.  Last read position: 18:61,840,074
INFO	2018-05-25 13:41:12	MergeVcfs	Processed     3,760,000 records.  Elapsed time: 00:00:45s.  Time for last 10,000:    0s.  Last read position: 18:67,182,185
INFO	2018-05-25 13:41:13	MergeVcfs	Processed     3,770,000 records.  Elapsed time: 00:00:45s.  Time for last 10,000:    0s.  Last read position: 18:71,941,052
INFO	2018-05-25 13:41:13	MergeVcfs	Processed     3,780,000 records.  Elapsed time: 00:00:45s.  Time for last 10,000:    0s.  Last read position: 18:77,045,479
INFO	2018-05-25 13:41:13	MergeVcfs	Processed     3,790,000 records.  Elapsed time: 00:00:45s.  Time for last 10,000:    0s.  Last read position: 19:4,571,982
INFO	2018-05-25 13:41:13	MergeVcfs	Processed     3,800,000 records.  Elapsed time: 00:00:45s.  Time for last 10,000:    0s.  Last read position: 19:9,890,736
INFO	2018-05-25 13:41:13	MergeVcfs	Processed     3,810,000 records.  Elapsed time: 00:00:45s.  Time for last 10,000:    0s.  Last read position: 19:16,370,488
INFO	2018-05-25 13:41:13	MergeVcfs	Processed     3,820,000 records.  Elapsed time: 00:00:45s.  Time for last 10,000:    0s.  Last read position: 19:21,965,068
INFO	2018-05-25 13:41:13	MergeVcfs	Processed     3,830,000 records.  Elapsed time: 00:00:46s.  Time for last 10,000:    0s.  Last read position: 19:29,819,252
INFO	2018-05-25 13:41:13	MergeVcfs	Processed     3,840,000 records.  Elapsed time: 00:00:46s.  Time for last 10,000:    0s.  Last read position: 19:37,437,908
INFO	2018-05-25 13:41:13	MergeVcfs	Processed     3,850,000 records.  Elapsed time: 00:00:46s.  Time for last 10,000:    0s.  Last read position: 19:44,873,172
INFO	2018-05-25 13:41:13	MergeVcfs	Processed     3,860,000 records.  Elapsed time: 00:00:46s.  Time for last 10,000:    0s.  Last read position: 19:51,434,353
INFO	2018-05-25 13:41:14	MergeVcfs	Processed     3,870,000 records.  Elapsed time: 00:00:46s.  Time for last 10,000:    0s.  Last read position: 19:55,959,783
INFO	2018-05-25 13:41:14	MergeVcfs	Processed     3,880,000 records.  Elapsed time: 00:00:46s.  Time for last 10,000:    0s.  Last read position: 20:3,037,911
INFO	2018-05-25 13:41:14	MergeVcfs	Processed     3,890,000 records.  Elapsed time: 00:00:46s.  Time for last 10,000:    0s.  Last read position: 20:8,711,568
INFO	2018-05-25 13:41:14	MergeVcfs	Processed     3,900,000 records.  Elapsed time: 00:00:46s.  Time for last 10,000:    0s.  Last read position: 20:15,394,160
INFO	2018-05-25 13:41:14	MergeVcfs	Processed     3,910,000 records.  Elapsed time: 00:00:46s.  Time for last 10,000:    0s.  Last read position: 20:22,146,015
INFO	2018-05-25 13:41:14	MergeVcfs	Processed     3,920,000 records.  Elapsed time: 00:00:46s.  Time for last 10,000:    0s.  Last read position: 20:31,921,539
INFO	2018-05-25 13:41:14	MergeVcfs	Processed     3,930,000 records.  Elapsed time: 00:00:47s.  Time for last 10,000:    0s.  Last read position: 20:41,648,765
INFO	2018-05-25 13:41:14	MergeVcfs	Processed     3,940,000 records.  Elapsed time: 00:00:47s.  Time for last 10,000:    0s.  Last read position: 20:48,471,098
INFO	2018-05-25 13:41:14	MergeVcfs	Processed     3,950,000 records.  Elapsed time: 00:00:47s.  Time for last 10,000:    0s.  Last read position: 20:55,085,166
INFO	2018-05-25 13:41:14	MergeVcfs	Processed     3,960,000 records.  Elapsed time: 00:00:47s.  Time for last 10,000:    0s.  Last read position: 20:61,160,251
INFO	2018-05-25 13:41:15	MergeVcfs	Processed     3,970,000 records.  Elapsed time: 00:00:47s.  Time for last 10,000:    0s.  Last read position: 21:17,394,942
INFO	2018-05-25 13:41:15	MergeVcfs	Processed     3,980,000 records.  Elapsed time: 00:00:47s.  Time for last 10,000:    0s.  Last read position: 21:22,351,811
INFO	2018-05-25 13:41:15	MergeVcfs	Processed     3,990,000 records.  Elapsed time: 00:00:47s.  Time for last 10,000:    0s.  Last read position: 21:27,662,685
INFO	2018-05-25 13:41:15	MergeVcfs	Processed     4,000,000 records.  Elapsed time: 00:00:47s.  Time for last 10,000:    0s.  Last read position: 21:33,452,962
INFO	2018-05-25 13:41:15	MergeVcfs	Processed     4,010,000 records.  Elapsed time: 00:00:47s.  Time for last 10,000:    0s.  Last read position: 21:39,917,180
INFO	2018-05-25 13:41:15	MergeVcfs	Processed     4,020,000 records.  Elapsed time: 00:00:47s.  Time for last 10,000:    0s.  Last read position: 21:45,011,187
INFO	2018-05-25 13:41:15	MergeVcfs	Processed     4,030,000 records.  Elapsed time: 00:00:48s.  Time for last 10,000:    0s.  Last read position: 22:19,424,440
INFO	2018-05-25 13:41:15	MergeVcfs	Processed     4,040,000 records.  Elapsed time: 00:00:48s.  Time for last 10,000:    0s.  Last read position: 22:25,649,365
INFO	2018-05-25 13:41:15	MergeVcfs	Processed     4,050,000 records.  Elapsed time: 00:00:48s.  Time for last 10,000:    0s.  Last read position: 22:32,753,714
INFO	2018-05-25 13:41:15	MergeVcfs	Processed     4,060,000 records.  Elapsed time: 00:00:48s.  Time for last 10,000:    0s.  Last read position: 22:38,573,531
INFO	2018-05-25 13:41:16	MergeVcfs	Processed     4,070,000 records.  Elapsed time: 00:00:48s.  Time for last 10,000:    0s.  Last read position: 22:45,215,430
INFO	2018-05-25 13:41:16	MergeVcfs	Processed     4,080,000 records.  Elapsed time: 00:00:48s.  Time for last 10,000:    0s.  Last read position: 22:49,869,081
INFO	2018-05-25 13:41:16	MergeVcfs	Processed     4,090,000 records.  Elapsed time: 00:00:48s.  Time for last 10,000:    0s.  Last read position: X:3,039,271
INFO	2018-05-25 13:41:16	MergeVcfs	Processed     4,100,000 records.  Elapsed time: 00:00:48s.  Time for last 10,000:    0s.  Last read position: X:17,114,010
INFO	2018-05-25 13:41:16	MergeVcfs	Processed     4,110,000 records.  Elapsed time: 00:00:48s.  Time for last 10,000:    0s.  Last read position: X:38,618,264
INFO	2018-05-25 13:41:16	MergeVcfs	Processed     4,120,000 records.  Elapsed time: 00:00:48s.  Time for last 10,000:    0s.  Last read position: X:57,492,914
INFO	2018-05-25 13:41:16	MergeVcfs	Processed     4,130,000 records.  Elapsed time: 00:00:49s.  Time for last 10,000:    0s.  Last read position: X:78,782,702
INFO	2018-05-25 13:41:16	MergeVcfs	Processed     4,140,000 records.  Elapsed time: 00:00:49s.  Time for last 10,000:    0s.  Last read position: X:88,789,954
INFO	2018-05-25 13:41:16	MergeVcfs	Processed     4,150,000 records.  Elapsed time: 00:00:49s.  Time for last 10,000:    0s.  Last read position: X:103,489,369
INFO	2018-05-25 13:41:16	MergeVcfs	Processed     4,160,000 records.  Elapsed time: 00:00:49s.  Time for last 10,000:    0s.  Last read position: X:123,436,001
INFO	2018-05-25 13:41:17	MergeVcfs	Processed     4,170,000 records.  Elapsed time: 00:00:49s.  Time for last 10,000:    0s.  Last read position: X:140,881,221
INFO	2018-05-25 13:41:17	MergeVcfs	Processed     4,180,000 records.  Elapsed time: 00:00:49s.  Time for last 10,000:    0s.  Last read position: X:154,638,816
[Fri May 25 13:41:17 UTC 2018] picard.vcf.MergeVcfs done. Elapsed time: 0.83 minutes.
Runtime.totalMemory()=409468928

Completed merging DDR positive individual genotype VCF files from 1000 Genome Project
Fri 25 May 13:41:17 UTC 2018

Completed s01_select_HG00310_ddr_positive_kgen.sh
Fri 25 May 13:41:17 UTC 2018

