Starting s01_select_HG02623_ddr_positive_kgen.sh
Fri 25 May 20:09:04 UTC 2018

1000 Genomes Project Individual ID - DDR positive genotype to be extracted - HG02623

Selecting DDR positive individual genotype from 1000 Genome Project (Chromosome 1) ...
Fri 25 May 20:09:04 UTC 2018

Completed DDR positive individual genotype from 1000 Genome Project (Chromosome 1)
Fri 25 May 20:38:00 UTC 2018

Selecting DDR positive individual genotype from 1000 Genome Project (Chromosome 2) ...
Fri 25 May 20:38:00 UTC 2018

Completed DDR positive individual genotype from 1000 Genome Project (Chromosome 2)
Fri 25 May 21:10:23 UTC 2018

Selecting DDR positive individual genotype from 1000 Genome Project (Chromosome 3) ...
Fri 25 May 21:10:23 UTC 2018

Completed DDR positive individual genotype from 1000 Genome Project (Chromosome 3)
Fri 25 May 21:36:34 UTC 2018

Selecting DDR positive individual genotype from 1000 Genome Project (Chromosome 4) ...
Fri 25 May 21:36:34 UTC 2018

Completed DDR positive individual genotype from 1000 Genome Project (Chromosome 4)
Fri 25 May 22:02:14 UTC 2018

Selecting DDR positive individual genotype from 1000 Genome Project (Chromosome 5) ...
Fri 25 May 22:02:14 UTC 2018

Completed DDR positive individual genotype from 1000 Genome Project (Chromosome 5)
Fri 25 May 22:26:24 UTC 2018

Selecting DDR positive individual genotype from 1000 Genome Project (Chromosome 6) ...
Fri 25 May 22:26:24 UTC 2018

Completed DDR positive individual genotype from 1000 Genome Project (Chromosome 6)
Fri 25 May 22:49:07 UTC 2018

Selecting DDR positive individual genotype from 1000 Genome Project (Chromosome 7) ...
Fri 25 May 22:49:07 UTC 2018

Completed DDR positive individual genotype from 1000 Genome Project (Chromosome 7)
Fri 25 May 23:10:18 UTC 2018

Selecting DDR positive individual genotype from 1000 Genome Project (Chromosome 8) ...
Fri 25 May 23:10:18 UTC 2018

Completed DDR positive individual genotype from 1000 Genome Project (Chromosome 8)
Fri 25 May 23:31:00 UTC 2018

Selecting DDR positive individual genotype from 1000 Genome Project (Chromosome 9) ...
Fri 25 May 23:31:00 UTC 2018

Completed DDR positive individual genotype from 1000 Genome Project (Chromosome 9)
Fri 25 May 23:46:47 UTC 2018

Selecting DDR positive individual genotype from 1000 Genome Project (Chromosome 10) ...
Fri 25 May 23:46:47 UTC 2018

Completed DDR positive individual genotype from 1000 Genome Project (Chromosome 10)
Sat 26 May 00:05:05 UTC 2018

Selecting DDR positive individual genotype from 1000 Genome Project (Chromosome 11) ...
Sat 26 May 00:05:05 UTC 2018

Completed DDR positive individual genotype from 1000 Genome Project (Chromosome 11)
Sat 26 May 00:24:13 UTC 2018

Selecting DDR positive individual genotype from 1000 Genome Project (Chromosome 12) ...
Sat 26 May 00:24:13 UTC 2018

Completed DDR positive individual genotype from 1000 Genome Project (Chromosome 12)
Sat 26 May 00:42:04 UTC 2018

Selecting DDR positive individual genotype from 1000 Genome Project (Chromosome 13) ...
Sat 26 May 00:42:04 UTC 2018

Completed DDR positive individual genotype from 1000 Genome Project (Chromosome 13)
Sat 26 May 00:55:19 UTC 2018

Selecting DDR positive individual genotype from 1000 Genome Project (Chromosome 14) ...
Sat 26 May 00:55:19 UTC 2018

Completed DDR positive individual genotype from 1000 Genome Project (Chromosome 14)
Sat 26 May 01:07:30 UTC 2018

Selecting DDR positive individual genotype from 1000 Genome Project (Chromosome 15) ...
Sat 26 May 01:07:30 UTC 2018

Completed DDR positive individual genotype from 1000 Genome Project (Chromosome 15)
Sat 26 May 01:18:17 UTC 2018

Selecting DDR positive individual genotype from 1000 Genome Project (Chromosome 16) ...
Sat 26 May 01:18:17 UTC 2018

Completed DDR positive individual genotype from 1000 Genome Project (Chromosome 16)
Sat 26 May 01:31:00 UTC 2018

Selecting DDR positive individual genotype from 1000 Genome Project (Chromosome 17) ...
Sat 26 May 01:31:00 UTC 2018

Completed DDR positive individual genotype from 1000 Genome Project (Chromosome 17)
Sat 26 May 01:41:56 UTC 2018

Selecting DDR positive individual genotype from 1000 Genome Project (Chromosome 18) ...
Sat 26 May 01:41:56 UTC 2018

Completed DDR positive individual genotype from 1000 Genome Project (Chromosome 18)
Sat 26 May 01:52:39 UTC 2018

Selecting DDR positive individual genotype from 1000 Genome Project (Chromosome 19) ...
Sat 26 May 01:52:39 UTC 2018

Completed DDR positive individual genotype from 1000 Genome Project (Chromosome 19)
Sat 26 May 02:01:15 UTC 2018

Selecting DDR positive individual genotype from 1000 Genome Project (Chromosome 20) ...
Sat 26 May 02:01:15 UTC 2018

Completed DDR positive individual genotype from 1000 Genome Project (Chromosome 20)
Sat 26 May 02:09:31 UTC 2018

Selecting DDR positive individual genotype from 1000 Genome Project (Chromosome 21) ...
Sat 26 May 02:09:31 UTC 2018

Completed DDR positive individual genotype from 1000 Genome Project (Chromosome 21)
Sat 26 May 02:14:51 UTC 2018

Selecting DDR positive individual genotype from 1000 Genome Project (Chromosome 22) ...
Sat 26 May 02:14:51 UTC 2018

Completed DDR positive individual genotype from 1000 Genome Project (Chromosome 22)
Sat 26 May 02:20:08 UTC 2018

Selecting DDR positive individual genotype from 1000 Genome Project (Chromosome X) ...
Sat 26 May 02:20:08 UTC 2018

Completed DDR positive individual genotype from 1000 Genome Project (Chromosome X)
Sat 26 May 02:36:27 UTC 2018


Merging DDR positive individual genotype VCF files from 1000 Genome Project
Sat 26 May 02:36:27 UTC 2018
02:36:28.047 INFO  NativeLibraryLoader - Loading libgkl_compression.so from jar:file:/home/ec2-user/tools/picard/picard.jar!/com/intel/gkl/native/libgkl_compression.so
[Sat May 26 02:36:28 UTC 2018] MergeVcfs INPUT=[/home/ec2-user/results/data_analysis/gt_individuals/kgen/ddr_positive/HG02623/s01_HG02623_ddr_positive_kgen_chr1_raw.vcf, /home/ec2-user/results/data_analysis/gt_individuals/kgen/ddr_positive/HG02623/s01_HG02623_ddr_positive_kgen_chr2_raw.vcf, /home/ec2-user/results/data_analysis/gt_individuals/kgen/ddr_positive/HG02623/s01_HG02623_ddr_positive_kgen_chr3_raw.vcf, /home/ec2-user/results/data_analysis/gt_individuals/kgen/ddr_positive/HG02623/s01_HG02623_ddr_positive_kgen_chr4_raw.vcf, /home/ec2-user/results/data_analysis/gt_individuals/kgen/ddr_positive/HG02623/s01_HG02623_ddr_positive_kgen_chr5_raw.vcf, /home/ec2-user/results/data_analysis/gt_individuals/kgen/ddr_positive/HG02623/s01_HG02623_ddr_positive_kgen_chr6_raw.vcf, /home/ec2-user/results/data_analysis/gt_individuals/kgen/ddr_positive/HG02623/s01_HG02623_ddr_positive_kgen_chr7_raw.vcf, /home/ec2-user/results/data_analysis/gt_individuals/kgen/ddr_positive/HG02623/s01_HG02623_ddr_positive_kgen_chr8_raw.vcf, /home/ec2-user/results/data_analysis/gt_individuals/kgen/ddr_positive/HG02623/s01_HG02623_ddr_positive_kgen_chr9_raw.vcf, /home/ec2-user/results/data_analysis/gt_individuals/kgen/ddr_positive/HG02623/s01_HG02623_ddr_positive_kgen_chr10_raw.vcf, /home/ec2-user/results/data_analysis/gt_individuals/kgen/ddr_positive/HG02623/s01_HG02623_ddr_positive_kgen_chr11_raw.vcf, /home/ec2-user/results/data_analysis/gt_individuals/kgen/ddr_positive/HG02623/s01_HG02623_ddr_positive_kgen_chr12_raw.vcf, /home/ec2-user/results/data_analysis/gt_individuals/kgen/ddr_positive/HG02623/s01_HG02623_ddr_positive_kgen_chr13_raw.vcf, /home/ec2-user/results/data_analysis/gt_individuals/kgen/ddr_positive/HG02623/s01_HG02623_ddr_positive_kgen_chr14_raw.vcf, /home/ec2-user/results/data_analysis/gt_individuals/kgen/ddr_positive/HG02623/s01_HG02623_ddr_positive_kgen_chr15_raw.vcf, /home/ec2-user/results/data_analysis/gt_individuals/kgen/ddr_positive/HG02623/s01_HG02623_ddr_positive_kgen_chr16_raw.vcf, /home/ec2-user/results/data_analysis/gt_individuals/kgen/ddr_positive/HG02623/s01_HG02623_ddr_positive_kgen_chr17_raw.vcf, /home/ec2-user/results/data_analysis/gt_individuals/kgen/ddr_positive/HG02623/s01_HG02623_ddr_positive_kgen_chr18_raw.vcf, /home/ec2-user/results/data_analysis/gt_individuals/kgen/ddr_positive/HG02623/s01_HG02623_ddr_positive_kgen_chr19_raw.vcf, /home/ec2-user/results/data_analysis/gt_individuals/kgen/ddr_positive/HG02623/s01_HG02623_ddr_positive_kgen_chr20_raw.vcf, /home/ec2-user/results/data_analysis/gt_individuals/kgen/ddr_positive/HG02623/s01_HG02623_ddr_positive_kgen_chr21_raw.vcf, /home/ec2-user/results/data_analysis/gt_individuals/kgen/ddr_positive/HG02623/s01_HG02623_ddr_positive_kgen_chr22_raw.vcf, /home/ec2-user/results/data_analysis/gt_individuals/kgen/ddr_positive/HG02623/s01_HG02623_ddr_positive_kgen_chrX_raw.vcf] OUTPUT=/home/ec2-user/results/data_analysis/gt_individuals/kgen/ddr_positive/HG02623/s01_HG02623_ddr_positive_kgen_merged_raw.vcf.gz    VERBOSITY=INFO QUIET=false VALIDATION_STRINGENCY=STRICT COMPRESSION_LEVEL=5 MAX_RECORDS_IN_RAM=500000 CREATE_INDEX=true CREATE_MD5_FILE=false GA4GH_CLIENT_SECRETS=client_secrets.json USE_JDK_DEFLATER=false USE_JDK_INFLATER=false
[Sat May 26 02:36:28 UTC 2018] Executing as ec2-user@ip-172-31-34-3 on Linux 4.14.33-51.37.amzn1.x86_64 amd64; OpenJDK 64-Bit Server VM 1.8.0_171-b10; Deflater: Intel; Inflater: Intel; Provider GCS is not available; Picard version: 2.18.2-SNAPSHOT
INFO	2018-05-26 02:36:29	MergeVcfs	Processed        10,000 records.  Elapsed time: 00:00:01s.  Time for last 10,000:    0s.  Last read position: 1:5,288,559
INFO	2018-05-26 02:36:29	MergeVcfs	Processed        20,000 records.  Elapsed time: 00:00:01s.  Time for last 10,000:    0s.  Last read position: 1:10,794,895
INFO	2018-05-26 02:36:30	MergeVcfs	Processed        30,000 records.  Elapsed time: 00:00:02s.  Time for last 10,000:    0s.  Last read position: 1:16,473,979
INFO	2018-05-26 02:36:30	MergeVcfs	Processed        40,000 records.  Elapsed time: 00:00:02s.  Time for last 10,000:    0s.  Last read position: 1:21,920,942
INFO	2018-05-26 02:36:30	MergeVcfs	Processed        50,000 records.  Elapsed time: 00:00:02s.  Time for last 10,000:    0s.  Last read position: 1:28,047,635
INFO	2018-05-26 02:36:31	MergeVcfs	Processed        60,000 records.  Elapsed time: 00:00:03s.  Time for last 10,000:    0s.  Last read position: 1:34,232,280
INFO	2018-05-26 02:36:31	MergeVcfs	Processed        70,000 records.  Elapsed time: 00:00:03s.  Time for last 10,000:    0s.  Last read position: 1:40,799,989
INFO	2018-05-26 02:36:31	MergeVcfs	Processed        80,000 records.  Elapsed time: 00:00:03s.  Time for last 10,000:    0s.  Last read position: 1:47,642,230
INFO	2018-05-26 02:36:31	MergeVcfs	Processed        90,000 records.  Elapsed time: 00:00:03s.  Time for last 10,000:    0s.  Last read position: 1:55,264,391
INFO	2018-05-26 02:36:32	MergeVcfs	Processed       100,000 records.  Elapsed time: 00:00:04s.  Time for last 10,000:    0s.  Last read position: 1:61,066,279
INFO	2018-05-26 02:36:32	MergeVcfs	Processed       110,000 records.  Elapsed time: 00:00:04s.  Time for last 10,000:    0s.  Last read position: 1:66,610,736
INFO	2018-05-26 02:36:32	MergeVcfs	Processed       120,000 records.  Elapsed time: 00:00:04s.  Time for last 10,000:    0s.  Last read position: 1:73,019,586
INFO	2018-05-26 02:36:33	MergeVcfs	Processed       130,000 records.  Elapsed time: 00:00:05s.  Time for last 10,000:    0s.  Last read position: 1:78,769,060
INFO	2018-05-26 02:36:33	MergeVcfs	Processed       140,000 records.  Elapsed time: 00:00:05s.  Time for last 10,000:    0s.  Last read position: 1:84,701,251
INFO	2018-05-26 02:36:33	MergeVcfs	Processed       150,000 records.  Elapsed time: 00:00:05s.  Time for last 10,000:    0s.  Last read position: 1:90,608,205
INFO	2018-05-26 02:36:34	MergeVcfs	Processed       160,000 records.  Elapsed time: 00:00:06s.  Time for last 10,000:    0s.  Last read position: 1:96,118,470
INFO	2018-05-26 02:36:34	MergeVcfs	Processed       170,000 records.  Elapsed time: 00:00:06s.  Time for last 10,000:    0s.  Last read position: 1:102,618,139
INFO	2018-05-26 02:36:34	MergeVcfs	Processed       180,000 records.  Elapsed time: 00:00:06s.  Time for last 10,000:    0s.  Last read position: 1:107,201,540
INFO	2018-05-26 02:36:34	MergeVcfs	Processed       190,000 records.  Elapsed time: 00:00:06s.  Time for last 10,000:    0s.  Last read position: 1:113,250,402
INFO	2018-05-26 02:36:35	MergeVcfs	Processed       200,000 records.  Elapsed time: 00:00:07s.  Time for last 10,000:    0s.  Last read position: 1:119,934,443
INFO	2018-05-26 02:36:35	MergeVcfs	Processed       210,000 records.  Elapsed time: 00:00:07s.  Time for last 10,000:    0s.  Last read position: 1:151,750,472
INFO	2018-05-26 02:36:35	MergeVcfs	Processed       220,000 records.  Elapsed time: 00:00:07s.  Time for last 10,000:    0s.  Last read position: 1:157,842,368
INFO	2018-05-26 02:36:36	MergeVcfs	Processed       230,000 records.  Elapsed time: 00:00:07s.  Time for last 10,000:    0s.  Last read position: 1:163,667,287
INFO	2018-05-26 02:36:36	MergeVcfs	Processed       240,000 records.  Elapsed time: 00:00:08s.  Time for last 10,000:    0s.  Last read position: 1:168,696,943
INFO	2018-05-26 02:36:36	MergeVcfs	Processed       250,000 records.  Elapsed time: 00:00:08s.  Time for last 10,000:    0s.  Last read position: 1:174,447,588
INFO	2018-05-26 02:36:36	MergeVcfs	Processed       260,000 records.  Elapsed time: 00:00:08s.  Time for last 10,000:    0s.  Last read position: 1:180,549,055
INFO	2018-05-26 02:36:37	MergeVcfs	Processed       270,000 records.  Elapsed time: 00:00:09s.  Time for last 10,000:    0s.  Last read position: 1:186,633,738
INFO	2018-05-26 02:36:37	MergeVcfs	Processed       280,000 records.  Elapsed time: 00:00:09s.  Time for last 10,000:    0s.  Last read position: 1:191,276,758
INFO	2018-05-26 02:36:37	MergeVcfs	Processed       290,000 records.  Elapsed time: 00:00:09s.  Time for last 10,000:    0s.  Last read position: 1:196,821,922
INFO	2018-05-26 02:36:37	MergeVcfs	Processed       300,000 records.  Elapsed time: 00:00:09s.  Time for last 10,000:    0s.  Last read position: 1:202,802,966
INFO	2018-05-26 02:36:38	MergeVcfs	Processed       310,000 records.  Elapsed time: 00:00:09s.  Time for last 10,000:    0s.  Last read position: 1:209,641,942
INFO	2018-05-26 02:36:38	MergeVcfs	Processed       320,000 records.  Elapsed time: 00:00:10s.  Time for last 10,000:    0s.  Last read position: 1:215,563,364
INFO	2018-05-26 02:36:38	MergeVcfs	Processed       330,000 records.  Elapsed time: 00:00:10s.  Time for last 10,000:    0s.  Last read position: 1:221,811,055
INFO	2018-05-26 02:36:38	MergeVcfs	Processed       340,000 records.  Elapsed time: 00:00:10s.  Time for last 10,000:    0s.  Last read position: 1:228,067,500
INFO	2018-05-26 02:36:38	MergeVcfs	Processed       350,000 records.  Elapsed time: 00:00:10s.  Time for last 10,000:    0s.  Last read position: 1:233,537,276
INFO	2018-05-26 02:36:39	MergeVcfs	Processed       360,000 records.  Elapsed time: 00:00:11s.  Time for last 10,000:    0s.  Last read position: 1:238,487,235
INFO	2018-05-26 02:36:39	MergeVcfs	Processed       370,000 records.  Elapsed time: 00:00:11s.  Time for last 10,000:    0s.  Last read position: 1:243,240,362
INFO	2018-05-26 02:36:39	MergeVcfs	Processed       380,000 records.  Elapsed time: 00:00:11s.  Time for last 10,000:    0s.  Last read position: 1:247,760,463
INFO	2018-05-26 02:36:39	MergeVcfs	Processed       390,000 records.  Elapsed time: 00:00:11s.  Time for last 10,000:    0s.  Last read position: 2:2,080,581
INFO	2018-05-26 02:36:40	MergeVcfs	Processed       400,000 records.  Elapsed time: 00:00:12s.  Time for last 10,000:    0s.  Last read position: 2:6,878,219
INFO	2018-05-26 02:36:40	MergeVcfs	Processed       410,000 records.  Elapsed time: 00:00:12s.  Time for last 10,000:    0s.  Last read position: 2:12,101,791
INFO	2018-05-26 02:36:40	MergeVcfs	Processed       420,000 records.  Elapsed time: 00:00:12s.  Time for last 10,000:    0s.  Last read position: 2:17,372,522
INFO	2018-05-26 02:36:40	MergeVcfs	Processed       430,000 records.  Elapsed time: 00:00:12s.  Time for last 10,000:    0s.  Last read position: 2:23,355,388
INFO	2018-05-26 02:36:41	MergeVcfs	Processed       440,000 records.  Elapsed time: 00:00:13s.  Time for last 10,000:    0s.  Last read position: 2:29,536,868
INFO	2018-05-26 02:36:41	MergeVcfs	Processed       450,000 records.  Elapsed time: 00:00:13s.  Time for last 10,000:    0s.  Last read position: 2:34,705,044
INFO	2018-05-26 02:36:41	MergeVcfs	Processed       460,000 records.  Elapsed time: 00:00:13s.  Time for last 10,000:    0s.  Last read position: 2:39,229,383
INFO	2018-05-26 02:36:41	MergeVcfs	Processed       470,000 records.  Elapsed time: 00:00:13s.  Time for last 10,000:    0s.  Last read position: 2:44,033,754
INFO	2018-05-26 02:36:41	MergeVcfs	Processed       480,000 records.  Elapsed time: 00:00:13s.  Time for last 10,000:    0s.  Last read position: 2:49,298,469
INFO	2018-05-26 02:36:42	MergeVcfs	Processed       490,000 records.  Elapsed time: 00:00:13s.  Time for last 10,000:    0s.  Last read position: 2:54,354,719
INFO	2018-05-26 02:36:42	MergeVcfs	Processed       500,000 records.  Elapsed time: 00:00:14s.  Time for last 10,000:    0s.  Last read position: 2:59,606,465
INFO	2018-05-26 02:36:42	MergeVcfs	Processed       510,000 records.  Elapsed time: 00:00:14s.  Time for last 10,000:    0s.  Last read position: 2:65,926,952
INFO	2018-05-26 02:36:42	MergeVcfs	Processed       520,000 records.  Elapsed time: 00:00:14s.  Time for last 10,000:    0s.  Last read position: 2:71,016,451
INFO	2018-05-26 02:36:42	MergeVcfs	Processed       530,000 records.  Elapsed time: 00:00:14s.  Time for last 10,000:    0s.  Last read position: 2:76,664,652
INFO	2018-05-26 02:36:42	MergeVcfs	Processed       540,000 records.  Elapsed time: 00:00:14s.  Time for last 10,000:    0s.  Last read position: 2:81,184,769
INFO	2018-05-26 02:36:42	MergeVcfs	Processed       550,000 records.  Elapsed time: 00:00:14s.  Time for last 10,000:    0s.  Last read position: 2:88,208,349
INFO	2018-05-26 02:36:42	MergeVcfs	Processed       560,000 records.  Elapsed time: 00:00:14s.  Time for last 10,000:    0s.  Last read position: 2:101,083,501
INFO	2018-05-26 02:36:43	MergeVcfs	Processed       570,000 records.  Elapsed time: 00:00:14s.  Time for last 10,000:    0s.  Last read position: 2:107,173,029
INFO	2018-05-26 02:36:43	MergeVcfs	Processed       580,000 records.  Elapsed time: 00:00:15s.  Time for last 10,000:    0s.  Last read position: 2:114,156,072
INFO	2018-05-26 02:36:43	MergeVcfs	Processed       590,000 records.  Elapsed time: 00:00:15s.  Time for last 10,000:    0s.  Last read position: 2:119,752,450
INFO	2018-05-26 02:36:43	MergeVcfs	Processed       600,000 records.  Elapsed time: 00:00:15s.  Time for last 10,000:    0s.  Last read position: 2:125,119,241
INFO	2018-05-26 02:36:43	MergeVcfs	Processed       610,000 records.  Elapsed time: 00:00:15s.  Time for last 10,000:    0s.  Last read position: 2:130,591,301
INFO	2018-05-26 02:36:43	MergeVcfs	Processed       620,000 records.  Elapsed time: 00:00:15s.  Time for last 10,000:    0s.  Last read position: 2:136,171,649
INFO	2018-05-26 02:36:43	MergeVcfs	Processed       630,000 records.  Elapsed time: 00:00:15s.  Time for last 10,000:    0s.  Last read position: 2:141,866,271
INFO	2018-05-26 02:36:43	MergeVcfs	Processed       640,000 records.  Elapsed time: 00:00:15s.  Time for last 10,000:    0s.  Last read position: 2:149,116,835
INFO	2018-05-26 02:36:43	MergeVcfs	Processed       650,000 records.  Elapsed time: 00:00:15s.  Time for last 10,000:    0s.  Last read position: 2:155,826,583
INFO	2018-05-26 02:36:43	MergeVcfs	Processed       660,000 records.  Elapsed time: 00:00:15s.  Time for last 10,000:    0s.  Last read position: 2:162,665,516
INFO	2018-05-26 02:36:44	MergeVcfs	Processed       670,000 records.  Elapsed time: 00:00:16s.  Time for last 10,000:    0s.  Last read position: 2:169,092,121
INFO	2018-05-26 02:36:44	MergeVcfs	Processed       680,000 records.  Elapsed time: 00:00:16s.  Time for last 10,000:    0s.  Last read position: 2:174,496,330
INFO	2018-05-26 02:36:44	MergeVcfs	Processed       690,000 records.  Elapsed time: 00:00:16s.  Time for last 10,000:    0s.  Last read position: 2:180,992,645
INFO	2018-05-26 02:36:44	MergeVcfs	Processed       700,000 records.  Elapsed time: 00:00:16s.  Time for last 10,000:    0s.  Last read position: 2:186,957,095
INFO	2018-05-26 02:36:44	MergeVcfs	Processed       710,000 records.  Elapsed time: 00:00:16s.  Time for last 10,000:    0s.  Last read position: 2:193,707,808
INFO	2018-05-26 02:36:44	MergeVcfs	Processed       720,000 records.  Elapsed time: 00:00:16s.  Time for last 10,000:    0s.  Last read position: 2:200,734,368
INFO	2018-05-26 02:36:44	MergeVcfs	Processed       730,000 records.  Elapsed time: 00:00:16s.  Time for last 10,000:    0s.  Last read position: 2:208,269,257
INFO	2018-05-26 02:36:44	MergeVcfs	Processed       740,000 records.  Elapsed time: 00:00:16s.  Time for last 10,000:    0s.  Last read position: 2:213,629,209
INFO	2018-05-26 02:36:45	MergeVcfs	Processed       750,000 records.  Elapsed time: 00:00:17s.  Time for last 10,000:    0s.  Last read position: 2:219,347,300
INFO	2018-05-26 02:36:45	MergeVcfs	Processed       760,000 records.  Elapsed time: 00:00:17s.  Time for last 10,000:    0s.  Last read position: 2:224,867,712
INFO	2018-05-26 02:36:45	MergeVcfs	Processed       770,000 records.  Elapsed time: 00:00:17s.  Time for last 10,000:    0s.  Last read position: 2:229,921,274
INFO	2018-05-26 02:36:45	MergeVcfs	Processed       780,000 records.  Elapsed time: 00:00:17s.  Time for last 10,000:    0s.  Last read position: 2:235,209,204
INFO	2018-05-26 02:36:45	MergeVcfs	Processed       790,000 records.  Elapsed time: 00:00:17s.  Time for last 10,000:    0s.  Last read position: 2:239,795,107
INFO	2018-05-26 02:36:45	MergeVcfs	Processed       800,000 records.  Elapsed time: 00:00:17s.  Time for last 10,000:    0s.  Last read position: 3:1,310,062
INFO	2018-05-26 02:36:45	MergeVcfs	Processed       810,000 records.  Elapsed time: 00:00:17s.  Time for last 10,000:    0s.  Last read position: 3:5,082,848
INFO	2018-05-26 02:36:45	MergeVcfs	Processed       820,000 records.  Elapsed time: 00:00:17s.  Time for last 10,000:    0s.  Last read position: 3:8,969,050
INFO	2018-05-26 02:36:45	MergeVcfs	Processed       830,000 records.  Elapsed time: 00:00:17s.  Time for last 10,000:    0s.  Last read position: 3:14,282,768
INFO	2018-05-26 02:36:46	MergeVcfs	Processed       840,000 records.  Elapsed time: 00:00:17s.  Time for last 10,000:    0s.  Last read position: 3:20,577,473
INFO	2018-05-26 02:36:46	MergeVcfs	Processed       850,000 records.  Elapsed time: 00:00:18s.  Time for last 10,000:    0s.  Last read position: 3:25,015,368
INFO	2018-05-26 02:36:46	MergeVcfs	Processed       860,000 records.  Elapsed time: 00:00:18s.  Time for last 10,000:    0s.  Last read position: 3:30,423,330
INFO	2018-05-26 02:36:46	MergeVcfs	Processed       870,000 records.  Elapsed time: 00:00:18s.  Time for last 10,000:    0s.  Last read position: 3:35,914,111
INFO	2018-05-26 02:36:46	MergeVcfs	Processed       880,000 records.  Elapsed time: 00:00:18s.  Time for last 10,000:    0s.  Last read position: 3:41,586,941
INFO	2018-05-26 02:36:46	MergeVcfs	Processed       890,000 records.  Elapsed time: 00:00:18s.  Time for last 10,000:    0s.  Last read position: 3:48,442,959
INFO	2018-05-26 02:36:46	MergeVcfs	Processed       900,000 records.  Elapsed time: 00:00:18s.  Time for last 10,000:    0s.  Last read position: 3:56,661,909
INFO	2018-05-26 02:36:46	MergeVcfs	Processed       910,000 records.  Elapsed time: 00:00:18s.  Time for last 10,000:    0s.  Last read position: 3:61,939,812
INFO	2018-05-26 02:36:46	MergeVcfs	Processed       920,000 records.  Elapsed time: 00:00:18s.  Time for last 10,000:    0s.  Last read position: 3:67,484,778
INFO	2018-05-26 02:36:47	MergeVcfs	Processed       930,000 records.  Elapsed time: 00:00:18s.  Time for last 10,000:    0s.  Last read position: 3:73,130,068
INFO	2018-05-26 02:36:47	MergeVcfs	Processed       940,000 records.  Elapsed time: 00:00:19s.  Time for last 10,000:    0s.  Last read position: 3:78,622,624
INFO	2018-05-26 02:36:47	MergeVcfs	Processed       950,000 records.  Elapsed time: 00:00:19s.  Time for last 10,000:    0s.  Last read position: 3:85,159,963
INFO	2018-05-26 02:36:47	MergeVcfs	Processed       960,000 records.  Elapsed time: 00:00:19s.  Time for last 10,000:    0s.  Last read position: 3:94,194,892
INFO	2018-05-26 02:36:47	MergeVcfs	Processed       970,000 records.  Elapsed time: 00:00:19s.  Time for last 10,000:    0s.  Last read position: 3:98,819,986
INFO	2018-05-26 02:36:47	MergeVcfs	Processed       980,000 records.  Elapsed time: 00:00:19s.  Time for last 10,000:    0s.  Last read position: 3:104,479,928
INFO	2018-05-26 02:36:47	MergeVcfs	Processed       990,000 records.  Elapsed time: 00:00:19s.  Time for last 10,000:    0s.  Last read position: 3:110,349,192
INFO	2018-05-26 02:36:47	MergeVcfs	Processed     1,000,000 records.  Elapsed time: 00:00:19s.  Time for last 10,000:    0s.  Last read position: 3:116,665,212
INFO	2018-05-26 02:36:47	MergeVcfs	Processed     1,010,000 records.  Elapsed time: 00:00:19s.  Time for last 10,000:    0s.  Last read position: 3:122,705,440
INFO	2018-05-26 02:36:47	MergeVcfs	Processed     1,020,000 records.  Elapsed time: 00:00:19s.  Time for last 10,000:    0s.  Last read position: 3:127,923,810
INFO	2018-05-26 02:36:48	MergeVcfs	Processed     1,030,000 records.  Elapsed time: 00:00:20s.  Time for last 10,000:    0s.  Last read position: 3:133,238,614
INFO	2018-05-26 02:36:48	MergeVcfs	Processed     1,040,000 records.  Elapsed time: 00:00:20s.  Time for last 10,000:    0s.  Last read position: 3:139,835,865
INFO	2018-05-26 02:36:48	MergeVcfs	Processed     1,050,000 records.  Elapsed time: 00:00:20s.  Time for last 10,000:    0s.  Last read position: 3:145,330,141
INFO	2018-05-26 02:36:48	MergeVcfs	Processed     1,060,000 records.  Elapsed time: 00:00:20s.  Time for last 10,000:    0s.  Last read position: 3:150,626,437
INFO	2018-05-26 02:36:48	MergeVcfs	Processed     1,070,000 records.  Elapsed time: 00:00:20s.  Time for last 10,000:    0s.  Last read position: 3:156,278,930
INFO	2018-05-26 02:36:48	MergeVcfs	Processed     1,080,000 records.  Elapsed time: 00:00:20s.  Time for last 10,000:    0s.  Last read position: 3:162,356,057
INFO	2018-05-26 02:36:48	MergeVcfs	Processed     1,090,000 records.  Elapsed time: 00:00:20s.  Time for last 10,000:    0s.  Last read position: 3:168,494,062
INFO	2018-05-26 02:36:48	MergeVcfs	Processed     1,100,000 records.  Elapsed time: 00:00:20s.  Time for last 10,000:    0s.  Last read position: 3:174,367,584
INFO	2018-05-26 02:36:48	MergeVcfs	Processed     1,110,000 records.  Elapsed time: 00:00:20s.  Time for last 10,000:    0s.  Last read position: 3:179,661,318
INFO	2018-05-26 02:36:49	MergeVcfs	Processed     1,120,000 records.  Elapsed time: 00:00:21s.  Time for last 10,000:    0s.  Last read position: 3:186,015,283
INFO	2018-05-26 02:36:49	MergeVcfs	Processed     1,130,000 records.  Elapsed time: 00:00:21s.  Time for last 10,000:    0s.  Last read position: 3:190,866,600
INFO	2018-05-26 02:36:49	MergeVcfs	Processed     1,140,000 records.  Elapsed time: 00:00:21s.  Time for last 10,000:    0s.  Last read position: 3:194,915,882
INFO	2018-05-26 02:36:49	MergeVcfs	Processed     1,150,000 records.  Elapsed time: 00:00:21s.  Time for last 10,000:    0s.  Last read position: 4:2,780,733
INFO	2018-05-26 02:36:49	MergeVcfs	Processed     1,160,000 records.  Elapsed time: 00:00:21s.  Time for last 10,000:    0s.  Last read position: 4:6,286,711
INFO	2018-05-26 02:36:49	MergeVcfs	Processed     1,170,000 records.  Elapsed time: 00:00:21s.  Time for last 10,000:    0s.  Last read position: 4:9,890,133
INFO	2018-05-26 02:36:49	MergeVcfs	Processed     1,180,000 records.  Elapsed time: 00:00:21s.  Time for last 10,000:    0s.  Last read position: 4:14,155,994
INFO	2018-05-26 02:36:49	MergeVcfs	Processed     1,190,000 records.  Elapsed time: 00:00:21s.  Time for last 10,000:    0s.  Last read position: 4:19,357,651
INFO	2018-05-26 02:36:49	MergeVcfs	Processed     1,200,000 records.  Elapsed time: 00:00:21s.  Time for last 10,000:    0s.  Last read position: 4:24,670,196
INFO	2018-05-26 02:36:50	MergeVcfs	Processed     1,210,000 records.  Elapsed time: 00:00:22s.  Time for last 10,000:    0s.  Last read position: 4:29,657,011
INFO	2018-05-26 02:36:50	MergeVcfs	Processed     1,220,000 records.  Elapsed time: 00:00:22s.  Time for last 10,000:    0s.  Last read position: 4:34,471,285
INFO	2018-05-26 02:36:50	MergeVcfs	Processed     1,230,000 records.  Elapsed time: 00:00:22s.  Time for last 10,000:    0s.  Last read position: 4:38,774,429
INFO	2018-05-26 02:36:50	MergeVcfs	Processed     1,240,000 records.  Elapsed time: 00:00:22s.  Time for last 10,000:    0s.  Last read position: 4:43,866,514
INFO	2018-05-26 02:36:50	MergeVcfs	Processed     1,250,000 records.  Elapsed time: 00:00:22s.  Time for last 10,000:    0s.  Last read position: 4:49,636,433
INFO	2018-05-26 02:36:50	MergeVcfs	Processed     1,260,000 records.  Elapsed time: 00:00:22s.  Time for last 10,000:    0s.  Last read position: 4:57,987,405
INFO	2018-05-26 02:36:50	MergeVcfs	Processed     1,270,000 records.  Elapsed time: 00:00:22s.  Time for last 10,000:    0s.  Last read position: 4:63,165,216
INFO	2018-05-26 02:36:50	MergeVcfs	Processed     1,280,000 records.  Elapsed time: 00:00:22s.  Time for last 10,000:    0s.  Last read position: 4:68,242,785
INFO	2018-05-26 02:36:50	MergeVcfs	Processed     1,290,000 records.  Elapsed time: 00:00:22s.  Time for last 10,000:    0s.  Last read position: 4:73,290,764
INFO	2018-05-26 02:36:51	MergeVcfs	Processed     1,300,000 records.  Elapsed time: 00:00:22s.  Time for last 10,000:    0s.  Last read position: 4:77,920,568
INFO	2018-05-26 02:36:51	MergeVcfs	Processed     1,310,000 records.  Elapsed time: 00:00:23s.  Time for last 10,000:    0s.  Last read position: 4:83,564,977
INFO	2018-05-26 02:36:51	MergeVcfs	Processed     1,320,000 records.  Elapsed time: 00:00:23s.  Time for last 10,000:    0s.  Last read position: 4:88,839,497
INFO	2018-05-26 02:36:51	MergeVcfs	Processed     1,330,000 records.  Elapsed time: 00:00:23s.  Time for last 10,000:    0s.  Last read position: 4:94,600,328
INFO	2018-05-26 02:36:51	MergeVcfs	Processed     1,340,000 records.  Elapsed time: 00:00:23s.  Time for last 10,000:    0s.  Last read position: 4:99,661,738
INFO	2018-05-26 02:36:51	MergeVcfs	Processed     1,350,000 records.  Elapsed time: 00:00:23s.  Time for last 10,000:    0s.  Last read position: 4:105,451,099
INFO	2018-05-26 02:36:51	MergeVcfs	Processed     1,360,000 records.  Elapsed time: 00:00:23s.  Time for last 10,000:    0s.  Last read position: 4:111,612,804
INFO	2018-05-26 02:36:51	MergeVcfs	Processed     1,370,000 records.  Elapsed time: 00:00:23s.  Time for last 10,000:    0s.  Last read position: 4:117,555,184
INFO	2018-05-26 02:36:51	MergeVcfs	Processed     1,380,000 records.  Elapsed time: 00:00:23s.  Time for last 10,000:    0s.  Last read position: 4:122,947,939
INFO	2018-05-26 02:36:52	MergeVcfs	Processed     1,390,000 records.  Elapsed time: 00:00:23s.  Time for last 10,000:    0s.  Last read position: 4:129,682,814
INFO	2018-05-26 02:36:52	MergeVcfs	Processed     1,400,000 records.  Elapsed time: 00:00:24s.  Time for last 10,000:    0s.  Last read position: 4:135,243,343
INFO	2018-05-26 02:36:52	MergeVcfs	Processed     1,410,000 records.  Elapsed time: 00:00:24s.  Time for last 10,000:    0s.  Last read position: 4:140,922,075
INFO	2018-05-26 02:36:52	MergeVcfs	Processed     1,420,000 records.  Elapsed time: 00:00:24s.  Time for last 10,000:    0s.  Last read position: 4:147,369,255
INFO	2018-05-26 02:36:52	MergeVcfs	Processed     1,430,000 records.  Elapsed time: 00:00:24s.  Time for last 10,000:    0s.  Last read position: 4:154,036,188
INFO	2018-05-26 02:36:52	MergeVcfs	Processed     1,440,000 records.  Elapsed time: 00:00:24s.  Time for last 10,000:    0s.  Last read position: 4:159,656,442
INFO	2018-05-26 02:36:52	MergeVcfs	Processed     1,450,000 records.  Elapsed time: 00:00:24s.  Time for last 10,000:    0s.  Last read position: 4:164,549,637
INFO	2018-05-26 02:36:52	MergeVcfs	Processed     1,460,000 records.  Elapsed time: 00:00:24s.  Time for last 10,000:    0s.  Last read position: 4:169,047,305
INFO	2018-05-26 02:36:52	MergeVcfs	Processed     1,470,000 records.  Elapsed time: 00:00:24s.  Time for last 10,000:    0s.  Last read position: 4:174,487,892
INFO	2018-05-26 02:36:52	MergeVcfs	Processed     1,480,000 records.  Elapsed time: 00:00:24s.  Time for last 10,000:    0s.  Last read position: 4:179,827,198
INFO	2018-05-26 02:36:53	MergeVcfs	Processed     1,490,000 records.  Elapsed time: 00:00:25s.  Time for last 10,000:    0s.  Last read position: 4:184,296,685
INFO	2018-05-26 02:36:53	MergeVcfs	Processed     1,500,000 records.  Elapsed time: 00:00:25s.  Time for last 10,000:    0s.  Last read position: 4:188,474,049
INFO	2018-05-26 02:36:53	MergeVcfs	Processed     1,510,000 records.  Elapsed time: 00:00:25s.  Time for last 10,000:    0s.  Last read position: 5:910,270
INFO	2018-05-26 02:36:53	MergeVcfs	Processed     1,520,000 records.  Elapsed time: 00:00:25s.  Time for last 10,000:    0s.  Last read position: 5:5,031,963
INFO	2018-05-26 02:36:53	MergeVcfs	Processed     1,530,000 records.  Elapsed time: 00:00:25s.  Time for last 10,000:    0s.  Last read position: 5:9,308,703
INFO	2018-05-26 02:36:53	MergeVcfs	Processed     1,540,000 records.  Elapsed time: 00:00:25s.  Time for last 10,000:    0s.  Last read position: 5:14,386,655
INFO	2018-05-26 02:36:53	MergeVcfs	Processed     1,550,000 records.  Elapsed time: 00:00:25s.  Time for last 10,000:    0s.  Last read position: 5:19,898,298
INFO	2018-05-26 02:36:53	MergeVcfs	Processed     1,560,000 records.  Elapsed time: 00:00:25s.  Time for last 10,000:    0s.  Last read position: 5:25,754,174
INFO	2018-05-26 02:36:53	MergeVcfs	Processed     1,570,000 records.  Elapsed time: 00:00:25s.  Time for last 10,000:    0s.  Last read position: 5:30,659,568
INFO	2018-05-26 02:36:54	MergeVcfs	Processed     1,580,000 records.  Elapsed time: 00:00:26s.  Time for last 10,000:    0s.  Last read position: 5:35,453,541
INFO	2018-05-26 02:36:54	MergeVcfs	Processed     1,590,000 records.  Elapsed time: 00:00:26s.  Time for last 10,000:    0s.  Last read position: 5:41,103,117
INFO	2018-05-26 02:36:54	MergeVcfs	Processed     1,600,000 records.  Elapsed time: 00:00:26s.  Time for last 10,000:    0s.  Last read position: 5:50,026,814
INFO	2018-05-26 02:36:54	MergeVcfs	Processed     1,610,000 records.  Elapsed time: 00:00:26s.  Time for last 10,000:    0s.  Last read position: 5:55,566,527
INFO	2018-05-26 02:36:54	MergeVcfs	Processed     1,620,000 records.  Elapsed time: 00:00:26s.  Time for last 10,000:    0s.  Last read position: 5:61,768,316
INFO	2018-05-26 02:36:54	MergeVcfs	Processed     1,630,000 records.  Elapsed time: 00:00:26s.  Time for last 10,000:    0s.  Last read position: 5:68,048,623
INFO	2018-05-26 02:36:54	MergeVcfs	Processed     1,640,000 records.  Elapsed time: 00:00:26s.  Time for last 10,000:    0s.  Last read position: 5:75,452,431
INFO	2018-05-26 02:36:54	MergeVcfs	Processed     1,650,000 records.  Elapsed time: 00:00:26s.  Time for last 10,000:    0s.  Last read position: 5:81,012,281
INFO	2018-05-26 02:36:54	MergeVcfs	Processed     1,660,000 records.  Elapsed time: 00:00:26s.  Time for last 10,000:    0s.  Last read position: 5:87,919,782
INFO	2018-05-26 02:36:55	MergeVcfs	Processed     1,670,000 records.  Elapsed time: 00:00:26s.  Time for last 10,000:    0s.  Last read position: 5:96,155,518
INFO	2018-05-26 02:36:55	MergeVcfs	Processed     1,680,000 records.  Elapsed time: 00:00:27s.  Time for last 10,000:    0s.  Last read position: 5:102,028,537
INFO	2018-05-26 02:36:55	MergeVcfs	Processed     1,690,000 records.  Elapsed time: 00:00:27s.  Time for last 10,000:    0s.  Last read position: 5:108,297,822
INFO	2018-05-26 02:36:55	MergeVcfs	Processed     1,700,000 records.  Elapsed time: 00:00:27s.  Time for last 10,000:    0s.  Last read position: 5:113,382,271
INFO	2018-05-26 02:36:55	MergeVcfs	Processed     1,710,000 records.  Elapsed time: 00:00:27s.  Time for last 10,000:    0s.  Last read position: 5:118,083,775
INFO	2018-05-26 02:36:55	MergeVcfs	Processed     1,720,000 records.  Elapsed time: 00:00:27s.  Time for last 10,000:    0s.  Last read position: 5:123,130,706
INFO	2018-05-26 02:36:55	MergeVcfs	Processed     1,730,000 records.  Elapsed time: 00:00:27s.  Time for last 10,000:    0s.  Last read position: 5:128,648,581
INFO	2018-05-26 02:36:55	MergeVcfs	Processed     1,740,000 records.  Elapsed time: 00:00:27s.  Time for last 10,000:    0s.  Last read position: 5:135,339,583
INFO	2018-05-26 02:36:55	MergeVcfs	Processed     1,750,000 records.  Elapsed time: 00:00:27s.  Time for last 10,000:    0s.  Last read position: 5:142,344,109
INFO	2018-05-26 02:36:56	MergeVcfs	Processed     1,760,000 records.  Elapsed time: 00:00:27s.  Time for last 10,000:    0s.  Last read position: 5:147,927,899
INFO	2018-05-26 02:36:56	MergeVcfs	Processed     1,770,000 records.  Elapsed time: 00:00:28s.  Time for last 10,000:    0s.  Last read position: 5:153,651,352
INFO	2018-05-26 02:36:56	MergeVcfs	Processed     1,780,000 records.  Elapsed time: 00:00:28s.  Time for last 10,000:    0s.  Last read position: 5:159,591,566
INFO	2018-05-26 02:36:56	MergeVcfs	Processed     1,790,000 records.  Elapsed time: 00:00:28s.  Time for last 10,000:    0s.  Last read position: 5:165,178,346
INFO	2018-05-26 02:36:56	MergeVcfs	Processed     1,800,000 records.  Elapsed time: 00:00:28s.  Time for last 10,000:    0s.  Last read position: 5:171,676,275
INFO	2018-05-26 02:36:56	MergeVcfs	Processed     1,810,000 records.  Elapsed time: 00:00:28s.  Time for last 10,000:    0s.  Last read position: 5:177,095,591
INFO	2018-05-26 02:36:56	MergeVcfs	Processed     1,820,000 records.  Elapsed time: 00:00:28s.  Time for last 10,000:    0s.  Last read position: 6:733,267
INFO	2018-05-26 02:36:56	MergeVcfs	Processed     1,830,000 records.  Elapsed time: 00:00:28s.  Time for last 10,000:    0s.  Last read position: 6:5,139,080
INFO	2018-05-26 02:36:56	MergeVcfs	Processed     1,840,000 records.  Elapsed time: 00:00:28s.  Time for last 10,000:    0s.  Last read position: 6:9,350,394
INFO	2018-05-26 02:36:57	MergeVcfs	Processed     1,850,000 records.  Elapsed time: 00:00:28s.  Time for last 10,000:    0s.  Last read position: 6:14,418,696
INFO	2018-05-26 02:36:57	MergeVcfs	Processed     1,860,000 records.  Elapsed time: 00:00:29s.  Time for last 10,000:    0s.  Last read position: 6:19,906,939
INFO	2018-05-26 02:36:57	MergeVcfs	Processed     1,870,000 records.  Elapsed time: 00:00:29s.  Time for last 10,000:    0s.  Last read position: 6:24,955,738
INFO	2018-05-26 02:36:57	MergeVcfs	Processed     1,880,000 records.  Elapsed time: 00:00:29s.  Time for last 10,000:    0s.  Last read position: 6:30,053,398
INFO	2018-05-26 02:36:57	MergeVcfs	Processed     1,890,000 records.  Elapsed time: 00:00:29s.  Time for last 10,000:    0s.  Last read position: 6:32,447,900
INFO	2018-05-26 02:36:57	MergeVcfs	Processed     1,900,000 records.  Elapsed time: 00:00:29s.  Time for last 10,000:    0s.  Last read position: 6:33,052,986
INFO	2018-05-26 02:36:57	MergeVcfs	Processed     1,910,000 records.  Elapsed time: 00:00:29s.  Time for last 10,000:    0s.  Last read position: 6:38,489,194
INFO	2018-05-26 02:36:57	MergeVcfs	Processed     1,920,000 records.  Elapsed time: 00:00:29s.  Time for last 10,000:    0s.  Last read position: 6:44,301,334
INFO	2018-05-26 02:36:57	MergeVcfs	Processed     1,930,000 records.  Elapsed time: 00:00:29s.  Time for last 10,000:    0s.  Last read position: 6:49,699,879
INFO	2018-05-26 02:36:57	MergeVcfs	Processed     1,940,000 records.  Elapsed time: 00:00:29s.  Time for last 10,000:    0s.  Last read position: 6:54,814,567
INFO	2018-05-26 02:36:58	MergeVcfs	Processed     1,950,000 records.  Elapsed time: 00:00:30s.  Time for last 10,000:    0s.  Last read position: 6:63,163,415
INFO	2018-05-26 02:36:58	MergeVcfs	Processed     1,960,000 records.  Elapsed time: 00:00:30s.  Time for last 10,000:    0s.  Last read position: 6:67,973,141
INFO	2018-05-26 02:36:58	MergeVcfs	Processed     1,970,000 records.  Elapsed time: 00:00:30s.  Time for last 10,000:    0s.  Last read position: 6:73,149,524
INFO	2018-05-26 02:36:58	MergeVcfs	Processed     1,980,000 records.  Elapsed time: 00:00:30s.  Time for last 10,000:    0s.  Last read position: 6:78,509,994
INFO	2018-05-26 02:36:58	MergeVcfs	Processed     1,990,000 records.  Elapsed time: 00:00:30s.  Time for last 10,000:    0s.  Last read position: 6:84,081,405
INFO	2018-05-26 02:36:58	MergeVcfs	Processed     2,000,000 records.  Elapsed time: 00:00:30s.  Time for last 10,000:    0s.  Last read position: 6:89,405,212
INFO	2018-05-26 02:36:58	MergeVcfs	Processed     2,010,000 records.  Elapsed time: 00:00:30s.  Time for last 10,000:    0s.  Last read position: 6:95,354,717
INFO	2018-05-26 02:36:58	MergeVcfs	Processed     2,020,000 records.  Elapsed time: 00:00:30s.  Time for last 10,000:    0s.  Last read position: 6:101,655,998
INFO	2018-05-26 02:36:58	MergeVcfs	Processed     2,030,000 records.  Elapsed time: 00:00:30s.  Time for last 10,000:    0s.  Last read position: 6:107,178,860
INFO	2018-05-26 02:36:59	MergeVcfs	Processed     2,040,000 records.  Elapsed time: 00:00:30s.  Time for last 10,000:    0s.  Last read position: 6:113,558,541
INFO	2018-05-26 02:36:59	MergeVcfs	Processed     2,050,000 records.  Elapsed time: 00:00:31s.  Time for last 10,000:    0s.  Last read position: 6:119,569,721
INFO	2018-05-26 02:36:59	MergeVcfs	Processed     2,060,000 records.  Elapsed time: 00:00:31s.  Time for last 10,000:    0s.  Last read position: 6:124,704,731
INFO	2018-05-26 02:36:59	MergeVcfs	Processed     2,070,000 records.  Elapsed time: 00:00:31s.  Time for last 10,000:    0s.  Last read position: 6:130,936,249
INFO	2018-05-26 02:36:59	MergeVcfs	Processed     2,080,000 records.  Elapsed time: 00:00:31s.  Time for last 10,000:    0s.  Last read position: 6:136,394,865
INFO	2018-05-26 02:36:59	MergeVcfs	Processed     2,090,000 records.  Elapsed time: 00:00:31s.  Time for last 10,000:    0s.  Last read position: 6:142,779,109
INFO	2018-05-26 02:36:59	MergeVcfs	Processed     2,100,000 records.  Elapsed time: 00:00:31s.  Time for last 10,000:    0s.  Last read position: 6:149,031,212
INFO	2018-05-26 02:36:59	MergeVcfs	Processed     2,110,000 records.  Elapsed time: 00:00:31s.  Time for last 10,000:    0s.  Last read position: 6:153,845,903
INFO	2018-05-26 02:36:59	MergeVcfs	Processed     2,120,000 records.  Elapsed time: 00:00:31s.  Time for last 10,000:    0s.  Last read position: 6:158,840,516
INFO	2018-05-26 02:37:00	MergeVcfs	Processed     2,130,000 records.  Elapsed time: 00:00:31s.  Time for last 10,000:    0s.  Last read position: 6:163,101,940
INFO	2018-05-26 02:37:00	MergeVcfs	Processed     2,140,000 records.  Elapsed time: 00:00:32s.  Time for last 10,000:    0s.  Last read position: 6:167,244,211
INFO	2018-05-26 02:37:00	MergeVcfs	Processed     2,150,000 records.  Elapsed time: 00:00:32s.  Time for last 10,000:    0s.  Last read position: 7:438,529
INFO	2018-05-26 02:37:00	MergeVcfs	Processed     2,160,000 records.  Elapsed time: 00:00:32s.  Time for last 10,000:    0s.  Last read position: 7:4,396,808
INFO	2018-05-26 02:37:00	MergeVcfs	Processed     2,170,000 records.  Elapsed time: 00:00:32s.  Time for last 10,000:    0s.  Last read position: 7:8,268,507
INFO	2018-05-26 02:37:00	MergeVcfs	Processed     2,180,000 records.  Elapsed time: 00:00:32s.  Time for last 10,000:    0s.  Last read position: 7:11,853,904
INFO	2018-05-26 02:37:00	MergeVcfs	Processed     2,190,000 records.  Elapsed time: 00:00:32s.  Time for last 10,000:    0s.  Last read position: 7:15,635,008
INFO	2018-05-26 02:37:00	MergeVcfs	Processed     2,200,000 records.  Elapsed time: 00:00:32s.  Time for last 10,000:    0s.  Last read position: 7:20,721,558
INFO	2018-05-26 02:37:00	MergeVcfs	Processed     2,210,000 records.  Elapsed time: 00:00:32s.  Time for last 10,000:    0s.  Last read position: 7:25,267,321
INFO	2018-05-26 02:37:01	MergeVcfs	Processed     2,220,000 records.  Elapsed time: 00:00:32s.  Time for last 10,000:    0s.  Last read position: 7:30,847,818
INFO	2018-05-26 02:37:01	MergeVcfs	Processed     2,230,000 records.  Elapsed time: 00:00:33s.  Time for last 10,000:    0s.  Last read position: 7:35,596,961
INFO	2018-05-26 02:37:01	MergeVcfs	Processed     2,240,000 records.  Elapsed time: 00:00:33s.  Time for last 10,000:    0s.  Last read position: 7:41,297,905
[Sat May 26 02:37:01 UTC 2018] picard.vcf.MergeVcfs done. Elapsed time: 0.55 minutes.
Runtime.totalMemory()=173015040
To get help, see http://broadinstitute.github.io/picard/index.html#GettingHelp
Exception in thread "main" java.lang.IllegalStateException: The elements of the input Iterators are not sorted according to the comparator htsjdk.variant.variantcontext.VariantContextComparator
	at htsjdk.samtools.util.MergingIterator.next(MergingIterator.java:113)
	at picard.vcf.MergeVcfs.doWork(MergeVcfs.java:221)
	at picard.cmdline.CommandLineProgram.instanceMain(CommandLineProgram.java:282)
	at picard.cmdline.PicardCommandLine.instanceMain(PicardCommandLine.java:98)
	at picard.cmdline.PicardCommandLine.main(PicardCommandLine.java:108)
