Starting s01_select_HG00365_ddr_positive_kgen.sh
Fri 25 May 13:41:17 UTC 2018

1000 Genomes Project Individual ID - DDR positive genotype to be extracted - HG00365

Selecting DDR positive individual genotype from 1000 Genome Project (Chromosome 1) ...
Fri 25 May 13:41:17 UTC 2018

Completed DDR positive individual genotype from 1000 Genome Project (Chromosome 1)
Fri 25 May 14:09:53 UTC 2018

Selecting DDR positive individual genotype from 1000 Genome Project (Chromosome 2) ...
Fri 25 May 14:09:53 UTC 2018

Completed DDR positive individual genotype from 1000 Genome Project (Chromosome 2)
Fri 25 May 14:42:38 UTC 2018

Selecting DDR positive individual genotype from 1000 Genome Project (Chromosome 3) ...
Fri 25 May 14:42:38 UTC 2018

Completed DDR positive individual genotype from 1000 Genome Project (Chromosome 3)
Fri 25 May 15:10:15 UTC 2018

Selecting DDR positive individual genotype from 1000 Genome Project (Chromosome 4) ...
Fri 25 May 15:10:15 UTC 2018

Completed DDR positive individual genotype from 1000 Genome Project (Chromosome 4)
Fri 25 May 15:35:35 UTC 2018

Selecting DDR positive individual genotype from 1000 Genome Project (Chromosome 5) ...
Fri 25 May 15:35:35 UTC 2018

Completed DDR positive individual genotype from 1000 Genome Project (Chromosome 5)
Fri 25 May 15:59:48 UTC 2018

Selecting DDR positive individual genotype from 1000 Genome Project (Chromosome 6) ...
Fri 25 May 15:59:48 UTC 2018

Completed DDR positive individual genotype from 1000 Genome Project (Chromosome 6)
Fri 25 May 16:23:00 UTC 2018

Selecting DDR positive individual genotype from 1000 Genome Project (Chromosome 7) ...
Fri 25 May 16:23:00 UTC 2018

Completed DDR positive individual genotype from 1000 Genome Project (Chromosome 7)
Fri 25 May 16:44:00 UTC 2018

Selecting DDR positive individual genotype from 1000 Genome Project (Chromosome 8) ...
Fri 25 May 16:44:00 UTC 2018

Completed DDR positive individual genotype from 1000 Genome Project (Chromosome 8)
Fri 25 May 17:04:31 UTC 2018

Selecting DDR positive individual genotype from 1000 Genome Project (Chromosome 9) ...
Fri 25 May 17:04:31 UTC 2018

Completed DDR positive individual genotype from 1000 Genome Project (Chromosome 9)
Fri 25 May 17:20:20 UTC 2018

Selecting DDR positive individual genotype from 1000 Genome Project (Chromosome 10) ...
Fri 25 May 17:20:20 UTC 2018

Completed DDR positive individual genotype from 1000 Genome Project (Chromosome 10)
Fri 25 May 17:38:29 UTC 2018

Selecting DDR positive individual genotype from 1000 Genome Project (Chromosome 11) ...
Fri 25 May 17:38:29 UTC 2018

Completed DDR positive individual genotype from 1000 Genome Project (Chromosome 11)
Fri 25 May 17:58:41 UTC 2018

Selecting DDR positive individual genotype from 1000 Genome Project (Chromosome 12) ...
Fri 25 May 17:58:41 UTC 2018

Completed DDR positive individual genotype from 1000 Genome Project (Chromosome 12)
Fri 25 May 18:16:10 UTC 2018

Selecting DDR positive individual genotype from 1000 Genome Project (Chromosome 13) ...
Fri 25 May 18:16:10 UTC 2018

Completed DDR positive individual genotype from 1000 Genome Project (Chromosome 13)
Fri 25 May 18:28:54 UTC 2018

Selecting DDR positive individual genotype from 1000 Genome Project (Chromosome 14) ...
Fri 25 May 18:28:54 UTC 2018

Completed DDR positive individual genotype from 1000 Genome Project (Chromosome 14)
Fri 25 May 18:40:45 UTC 2018

Selecting DDR positive individual genotype from 1000 Genome Project (Chromosome 15) ...
Fri 25 May 18:40:45 UTC 2018

Completed DDR positive individual genotype from 1000 Genome Project (Chromosome 15)
Fri 25 May 18:51:34 UTC 2018

Selecting DDR positive individual genotype from 1000 Genome Project (Chromosome 16) ...
Fri 25 May 18:51:34 UTC 2018

Completed DDR positive individual genotype from 1000 Genome Project (Chromosome 16)
Fri 25 May 19:03:37 UTC 2018

Selecting DDR positive individual genotype from 1000 Genome Project (Chromosome 17) ...
Fri 25 May 19:03:37 UTC 2018

Completed DDR positive individual genotype from 1000 Genome Project (Chromosome 17)
Fri 25 May 19:14:14 UTC 2018

Selecting DDR positive individual genotype from 1000 Genome Project (Chromosome 18) ...
Fri 25 May 19:14:14 UTC 2018

Completed DDR positive individual genotype from 1000 Genome Project (Chromosome 18)
Fri 25 May 19:25:11 UTC 2018

Selecting DDR positive individual genotype from 1000 Genome Project (Chromosome 19) ...
Fri 25 May 19:25:11 UTC 2018

Completed DDR positive individual genotype from 1000 Genome Project (Chromosome 19)
Fri 25 May 19:33:38 UTC 2018

Selecting DDR positive individual genotype from 1000 Genome Project (Chromosome 20) ...
Fri 25 May 19:33:38 UTC 2018

Completed DDR positive individual genotype from 1000 Genome Project (Chromosome 20)
Fri 25 May 19:41:50 UTC 2018

Selecting DDR positive individual genotype from 1000 Genome Project (Chromosome 21) ...
Fri 25 May 19:41:50 UTC 2018

Completed DDR positive individual genotype from 1000 Genome Project (Chromosome 21)
Fri 25 May 19:46:50 UTC 2018

Selecting DDR positive individual genotype from 1000 Genome Project (Chromosome 22) ...
Fri 25 May 19:46:50 UTC 2018

Completed DDR positive individual genotype from 1000 Genome Project (Chromosome 22)
Fri 25 May 19:52:02 UTC 2018

Selecting DDR positive individual genotype from 1000 Genome Project (Chromosome X) ...
Fri 25 May 19:52:02 UTC 2018

Completed DDR positive individual genotype from 1000 Genome Project (Chromosome X)
Fri 25 May 20:08:11 UTC 2018


Merging DDR positive individual genotype VCF files from 1000 Genome Project
Fri 25 May 20:08:11 UTC 2018
20:08:11.928 INFO  NativeLibraryLoader - Loading libgkl_compression.so from jar:file:/home/ec2-user/tools/picard/picard.jar!/com/intel/gkl/native/libgkl_compression.so
[Fri May 25 20:08:11 UTC 2018] MergeVcfs INPUT=[/home/ec2-user/results/data_analysis/gt_individuals/kgen/ddr_positive/HG00365/s01_HG00365_ddr_positive_kgen_chr1_raw.vcf, /home/ec2-user/results/data_analysis/gt_individuals/kgen/ddr_positive/HG00365/s01_HG00365_ddr_positive_kgen_chr2_raw.vcf, /home/ec2-user/results/data_analysis/gt_individuals/kgen/ddr_positive/HG00365/s01_HG00365_ddr_positive_kgen_chr3_raw.vcf, /home/ec2-user/results/data_analysis/gt_individuals/kgen/ddr_positive/HG00365/s01_HG00365_ddr_positive_kgen_chr4_raw.vcf, /home/ec2-user/results/data_analysis/gt_individuals/kgen/ddr_positive/HG00365/s01_HG00365_ddr_positive_kgen_chr5_raw.vcf, /home/ec2-user/results/data_analysis/gt_individuals/kgen/ddr_positive/HG00365/s01_HG00365_ddr_positive_kgen_chr6_raw.vcf, /home/ec2-user/results/data_analysis/gt_individuals/kgen/ddr_positive/HG00365/s01_HG00365_ddr_positive_kgen_chr7_raw.vcf, /home/ec2-user/results/data_analysis/gt_individuals/kgen/ddr_positive/HG00365/s01_HG00365_ddr_positive_kgen_chr8_raw.vcf, /home/ec2-user/results/data_analysis/gt_individuals/kgen/ddr_positive/HG00365/s01_HG00365_ddr_positive_kgen_chr9_raw.vcf, /home/ec2-user/results/data_analysis/gt_individuals/kgen/ddr_positive/HG00365/s01_HG00365_ddr_positive_kgen_chr10_raw.vcf, /home/ec2-user/results/data_analysis/gt_individuals/kgen/ddr_positive/HG00365/s01_HG00365_ddr_positive_kgen_chr11_raw.vcf, /home/ec2-user/results/data_analysis/gt_individuals/kgen/ddr_positive/HG00365/s01_HG00365_ddr_positive_kgen_chr12_raw.vcf, /home/ec2-user/results/data_analysis/gt_individuals/kgen/ddr_positive/HG00365/s01_HG00365_ddr_positive_kgen_chr13_raw.vcf, /home/ec2-user/results/data_analysis/gt_individuals/kgen/ddr_positive/HG00365/s01_HG00365_ddr_positive_kgen_chr14_raw.vcf, /home/ec2-user/results/data_analysis/gt_individuals/kgen/ddr_positive/HG00365/s01_HG00365_ddr_positive_kgen_chr15_raw.vcf, /home/ec2-user/results/data_analysis/gt_individuals/kgen/ddr_positive/HG00365/s01_HG00365_ddr_positive_kgen_chr16_raw.vcf, /home/ec2-user/results/data_analysis/gt_individuals/kgen/ddr_positive/HG00365/s01_HG00365_ddr_positive_kgen_chr17_raw.vcf, /home/ec2-user/results/data_analysis/gt_individuals/kgen/ddr_positive/HG00365/s01_HG00365_ddr_positive_kgen_chr18_raw.vcf, /home/ec2-user/results/data_analysis/gt_individuals/kgen/ddr_positive/HG00365/s01_HG00365_ddr_positive_kgen_chr19_raw.vcf, /home/ec2-user/results/data_analysis/gt_individuals/kgen/ddr_positive/HG00365/s01_HG00365_ddr_positive_kgen_chr20_raw.vcf, /home/ec2-user/results/data_analysis/gt_individuals/kgen/ddr_positive/HG00365/s01_HG00365_ddr_positive_kgen_chr21_raw.vcf, /home/ec2-user/results/data_analysis/gt_individuals/kgen/ddr_positive/HG00365/s01_HG00365_ddr_positive_kgen_chr22_raw.vcf, /home/ec2-user/results/data_analysis/gt_individuals/kgen/ddr_positive/HG00365/s01_HG00365_ddr_positive_kgen_chrX_raw.vcf] OUTPUT=/home/ec2-user/results/data_analysis/gt_individuals/kgen/ddr_positive/HG00365/s01_HG00365_ddr_positive_kgen_merged_raw.vcf.gz    VERBOSITY=INFO QUIET=false VALIDATION_STRINGENCY=STRICT COMPRESSION_LEVEL=5 MAX_RECORDS_IN_RAM=500000 CREATE_INDEX=true CREATE_MD5_FILE=false GA4GH_CLIENT_SECRETS=client_secrets.json USE_JDK_DEFLATER=false USE_JDK_INFLATER=false
[Fri May 25 20:08:11 UTC 2018] Executing as ec2-user@ip-172-31-34-3 on Linux 4.14.33-51.37.amzn1.x86_64 amd64; OpenJDK 64-Bit Server VM 1.8.0_171-b10; Deflater: Intel; Inflater: Intel; Provider GCS is not available; Picard version: 2.18.2-SNAPSHOT
INFO	2018-05-25 20:08:13	MergeVcfs	Processed        10,000 records.  Elapsed time: 00:00:01s.  Time for last 10,000:    0s.  Last read position: 1:6,483,583
INFO	2018-05-25 20:08:13	MergeVcfs	Processed        20,000 records.  Elapsed time: 00:00:01s.  Time for last 10,000:    0s.  Last read position: 1:14,439,042
INFO	2018-05-25 20:08:13	MergeVcfs	Processed        30,000 records.  Elapsed time: 00:00:01s.  Time for last 10,000:    0s.  Last read position: 1:20,008,600
INFO	2018-05-25 20:08:14	MergeVcfs	Processed        40,000 records.  Elapsed time: 00:00:02s.  Time for last 10,000:    0s.  Last read position: 1:26,489,758
INFO	2018-05-25 20:08:14	MergeVcfs	Processed        50,000 records.  Elapsed time: 00:00:02s.  Time for last 10,000:    0s.  Last read position: 1:34,684,463
INFO	2018-05-25 20:08:14	MergeVcfs	Processed        60,000 records.  Elapsed time: 00:00:02s.  Time for last 10,000:    0s.  Last read position: 1:42,819,950
INFO	2018-05-25 20:08:15	MergeVcfs	Processed        70,000 records.  Elapsed time: 00:00:03s.  Time for last 10,000:    0s.  Last read position: 1:53,572,862
INFO	2018-05-25 20:08:15	MergeVcfs	Processed        80,000 records.  Elapsed time: 00:00:03s.  Time for last 10,000:    0s.  Last read position: 1:59,897,576
INFO	2018-05-25 20:08:15	MergeVcfs	Processed        90,000 records.  Elapsed time: 00:00:03s.  Time for last 10,000:    0s.  Last read position: 1:66,938,170
INFO	2018-05-25 20:08:15	MergeVcfs	Processed       100,000 records.  Elapsed time: 00:00:03s.  Time for last 10,000:    0s.  Last read position: 1:73,645,739
INFO	2018-05-25 20:08:16	MergeVcfs	Processed       110,000 records.  Elapsed time: 00:00:04s.  Time for last 10,000:    0s.  Last read position: 1:80,100,277
INFO	2018-05-25 20:08:16	MergeVcfs	Processed       120,000 records.  Elapsed time: 00:00:04s.  Time for last 10,000:    0s.  Last read position: 1:85,957,652
INFO	2018-05-25 20:08:16	MergeVcfs	Processed       130,000 records.  Elapsed time: 00:00:04s.  Time for last 10,000:    0s.  Last read position: 1:92,890,537
INFO	2018-05-25 20:08:16	MergeVcfs	Processed       140,000 records.  Elapsed time: 00:00:05s.  Time for last 10,000:    0s.  Last read position: 1:99,974,287
INFO	2018-05-25 20:08:17	MergeVcfs	Processed       150,000 records.  Elapsed time: 00:00:05s.  Time for last 10,000:    0s.  Last read position: 1:105,767,261
INFO	2018-05-25 20:08:17	MergeVcfs	Processed       160,000 records.  Elapsed time: 00:00:05s.  Time for last 10,000:    0s.  Last read position: 1:112,186,141
INFO	2018-05-25 20:08:17	MergeVcfs	Processed       170,000 records.  Elapsed time: 00:00:05s.  Time for last 10,000:    0s.  Last read position: 1:119,674,087
INFO	2018-05-25 20:08:18	MergeVcfs	Processed       180,000 records.  Elapsed time: 00:00:06s.  Time for last 10,000:    0s.  Last read position: 1:152,501,423
INFO	2018-05-25 20:08:18	MergeVcfs	Processed       190,000 records.  Elapsed time: 00:00:06s.  Time for last 10,000:    0s.  Last read position: 1:159,290,622
INFO	2018-05-25 20:08:18	MergeVcfs	Processed       200,000 records.  Elapsed time: 00:00:06s.  Time for last 10,000:    0s.  Last read position: 1:165,637,442
INFO	2018-05-25 20:08:18	MergeVcfs	Processed       210,000 records.  Elapsed time: 00:00:06s.  Time for last 10,000:    0s.  Last read position: 1:171,798,842
INFO	2018-05-25 20:08:19	MergeVcfs	Processed       220,000 records.  Elapsed time: 00:00:07s.  Time for last 10,000:    0s.  Last read position: 1:179,368,813
INFO	2018-05-25 20:08:19	MergeVcfs	Processed       230,000 records.  Elapsed time: 00:00:07s.  Time for last 10,000:    0s.  Last read position: 1:187,051,944
INFO	2018-05-25 20:08:19	MergeVcfs	Processed       240,000 records.  Elapsed time: 00:00:07s.  Time for last 10,000:    0s.  Last read position: 1:192,578,333
INFO	2018-05-25 20:08:19	MergeVcfs	Processed       250,000 records.  Elapsed time: 00:00:07s.  Time for last 10,000:    0s.  Last read position: 1:199,383,036
INFO	2018-05-25 20:08:20	MergeVcfs	Processed       260,000 records.  Elapsed time: 00:00:08s.  Time for last 10,000:    0s.  Last read position: 1:207,064,222
INFO	2018-05-25 20:08:20	MergeVcfs	Processed       270,000 records.  Elapsed time: 00:00:08s.  Time for last 10,000:    0s.  Last read position: 1:214,414,445
INFO	2018-05-25 20:08:20	MergeVcfs	Processed       280,000 records.  Elapsed time: 00:00:08s.  Time for last 10,000:    0s.  Last read position: 1:221,508,921
INFO	2018-05-25 20:08:20	MergeVcfs	Processed       290,000 records.  Elapsed time: 00:00:08s.  Time for last 10,000:    0s.  Last read position: 1:227,577,427
INFO	2018-05-25 20:08:20	MergeVcfs	Processed       300,000 records.  Elapsed time: 00:00:09s.  Time for last 10,000:    0s.  Last read position: 1:234,616,690
INFO	2018-05-25 20:08:21	MergeVcfs	Processed       310,000 records.  Elapsed time: 00:00:09s.  Time for last 10,000:    0s.  Last read position: 1:239,984,294
INFO	2018-05-25 20:08:21	MergeVcfs	Processed       320,000 records.  Elapsed time: 00:00:09s.  Time for last 10,000:    0s.  Last read position: 1:245,681,002
INFO	2018-05-25 20:08:21	MergeVcfs	Processed       330,000 records.  Elapsed time: 00:00:09s.  Time for last 10,000:    0s.  Last read position: 2:1,050,640
INFO	2018-05-25 20:08:21	MergeVcfs	Processed       340,000 records.  Elapsed time: 00:00:09s.  Time for last 10,000:    0s.  Last read position: 2:6,795,995
INFO	2018-05-25 20:08:22	MergeVcfs	Processed       350,000 records.  Elapsed time: 00:00:10s.  Time for last 10,000:    0s.  Last read position: 2:12,654,719
INFO	2018-05-25 20:08:22	MergeVcfs	Processed       360,000 records.  Elapsed time: 00:00:10s.  Time for last 10,000:    0s.  Last read position: 2:18,680,946
INFO	2018-05-25 20:08:22	MergeVcfs	Processed       370,000 records.  Elapsed time: 00:00:10s.  Time for last 10,000:    0s.  Last read position: 2:25,549,042
INFO	2018-05-25 20:08:22	MergeVcfs	Processed       380,000 records.  Elapsed time: 00:00:10s.  Time for last 10,000:    0s.  Last read position: 2:32,868,255
INFO	2018-05-25 20:08:22	MergeVcfs	Processed       390,000 records.  Elapsed time: 00:00:10s.  Time for last 10,000:    0s.  Last read position: 2:37,831,162
INFO	2018-05-25 20:08:22	MergeVcfs	Processed       400,000 records.  Elapsed time: 00:00:10s.  Time for last 10,000:    0s.  Last read position: 2:43,346,014
INFO	2018-05-25 20:08:22	MergeVcfs	Processed       410,000 records.  Elapsed time: 00:00:11s.  Time for last 10,000:    0s.  Last read position: 2:49,775,983
INFO	2018-05-25 20:08:23	MergeVcfs	Processed       420,000 records.  Elapsed time: 00:00:11s.  Time for last 10,000:    0s.  Last read position: 2:56,286,886
INFO	2018-05-25 20:08:23	MergeVcfs	Processed       430,000 records.  Elapsed time: 00:00:11s.  Time for last 10,000:    0s.  Last read position: 2:63,863,630
INFO	2018-05-25 20:08:23	MergeVcfs	Processed       440,000 records.  Elapsed time: 00:00:11s.  Time for last 10,000:    0s.  Last read position: 2:71,047,271
INFO	2018-05-25 20:08:23	MergeVcfs	Processed       450,000 records.  Elapsed time: 00:00:11s.  Time for last 10,000:    0s.  Last read position: 2:78,116,773
INFO	2018-05-25 20:08:23	MergeVcfs	Processed       460,000 records.  Elapsed time: 00:00:11s.  Time for last 10,000:    0s.  Last read position: 2:85,344,699
INFO	2018-05-25 20:08:23	MergeVcfs	Processed       470,000 records.  Elapsed time: 00:00:11s.  Time for last 10,000:    0s.  Last read position: 2:101,321,822
INFO	2018-05-25 20:08:23	MergeVcfs	Processed       480,000 records.  Elapsed time: 00:00:11s.  Time for last 10,000:    0s.  Last read position: 2:108,379,079
INFO	2018-05-25 20:08:23	MergeVcfs	Processed       490,000 records.  Elapsed time: 00:00:11s.  Time for last 10,000:    0s.  Last read position: 2:116,972,949
INFO	2018-05-25 20:08:23	MergeVcfs	Processed       500,000 records.  Elapsed time: 00:00:12s.  Time for last 10,000:    0s.  Last read position: 2:123,747,591
INFO	2018-05-25 20:08:24	MergeVcfs	Processed       510,000 records.  Elapsed time: 00:00:12s.  Time for last 10,000:    0s.  Last read position: 2:129,628,406
INFO	2018-05-25 20:08:24	MergeVcfs	Processed       520,000 records.  Elapsed time: 00:00:12s.  Time for last 10,000:    0s.  Last read position: 2:137,303,461
INFO	2018-05-25 20:08:24	MergeVcfs	Processed       530,000 records.  Elapsed time: 00:00:12s.  Time for last 10,000:    0s.  Last read position: 2:142,608,688
INFO	2018-05-25 20:08:24	MergeVcfs	Processed       540,000 records.  Elapsed time: 00:00:12s.  Time for last 10,000:    0s.  Last read position: 2:151,873,535
INFO	2018-05-25 20:08:24	MergeVcfs	Processed       550,000 records.  Elapsed time: 00:00:12s.  Time for last 10,000:    0s.  Last read position: 2:159,127,641
INFO	2018-05-25 20:08:24	MergeVcfs	Processed       560,000 records.  Elapsed time: 00:00:12s.  Time for last 10,000:    0s.  Last read position: 2:167,123,085
INFO	2018-05-25 20:08:24	MergeVcfs	Processed       570,000 records.  Elapsed time: 00:00:12s.  Time for last 10,000:    0s.  Last read position: 2:173,601,805
INFO	2018-05-25 20:08:24	MergeVcfs	Processed       580,000 records.  Elapsed time: 00:00:12s.  Time for last 10,000:    0s.  Last read position: 2:180,424,382
INFO	2018-05-25 20:08:24	MergeVcfs	Processed       590,000 records.  Elapsed time: 00:00:12s.  Time for last 10,000:    0s.  Last read position: 2:187,123,215
INFO	2018-05-25 20:08:25	MergeVcfs	Processed       600,000 records.  Elapsed time: 00:00:13s.  Time for last 10,000:    0s.  Last read position: 2:194,373,583
INFO	2018-05-25 20:08:25	MergeVcfs	Processed       610,000 records.  Elapsed time: 00:00:13s.  Time for last 10,000:    0s.  Last read position: 2:202,588,330
INFO	2018-05-25 20:08:25	MergeVcfs	Processed       620,000 records.  Elapsed time: 00:00:13s.  Time for last 10,000:    0s.  Last read position: 2:210,856,658
INFO	2018-05-25 20:08:25	MergeVcfs	Processed       630,000 records.  Elapsed time: 00:00:13s.  Time for last 10,000:    0s.  Last read position: 2:216,505,239
INFO	2018-05-25 20:08:25	MergeVcfs	Processed       640,000 records.  Elapsed time: 00:00:13s.  Time for last 10,000:    0s.  Last read position: 2:222,919,372
INFO	2018-05-25 20:08:25	MergeVcfs	Processed       650,000 records.  Elapsed time: 00:00:13s.  Time for last 10,000:    0s.  Last read position: 2:229,168,942
INFO	2018-05-25 20:08:25	MergeVcfs	Processed       660,000 records.  Elapsed time: 00:00:13s.  Time for last 10,000:    0s.  Last read position: 2:235,214,867
INFO	2018-05-25 20:08:25	MergeVcfs	Processed       670,000 records.  Elapsed time: 00:00:13s.  Time for last 10,000:    0s.  Last read position: 2:240,978,539
INFO	2018-05-25 20:08:25	MergeVcfs	Processed       680,000 records.  Elapsed time: 00:00:14s.  Time for last 10,000:    0s.  Last read position: 3:3,069,297
INFO	2018-05-25 20:08:26	MergeVcfs	Processed       690,000 records.  Elapsed time: 00:00:14s.  Time for last 10,000:    0s.  Last read position: 3:8,070,867
INFO	2018-05-25 20:08:26	MergeVcfs	Processed       700,000 records.  Elapsed time: 00:00:14s.  Time for last 10,000:    0s.  Last read position: 3:14,768,534
INFO	2018-05-25 20:08:26	MergeVcfs	Processed       710,000 records.  Elapsed time: 00:00:14s.  Time for last 10,000:    0s.  Last read position: 3:22,006,821
INFO	2018-05-25 20:08:26	MergeVcfs	Processed       720,000 records.  Elapsed time: 00:00:14s.  Time for last 10,000:    0s.  Last read position: 3:28,162,073
INFO	2018-05-25 20:08:26	MergeVcfs	Processed       730,000 records.  Elapsed time: 00:00:14s.  Time for last 10,000:    0s.  Last read position: 3:35,875,146
INFO	2018-05-25 20:08:26	MergeVcfs	Processed       740,000 records.  Elapsed time: 00:00:14s.  Time for last 10,000:    0s.  Last read position: 3:43,400,060
INFO	2018-05-25 20:08:26	MergeVcfs	Processed       750,000 records.  Elapsed time: 00:00:14s.  Time for last 10,000:    0s.  Last read position: 3:53,229,075
INFO	2018-05-25 20:08:26	MergeVcfs	Processed       760,000 records.  Elapsed time: 00:00:14s.  Time for last 10,000:    0s.  Last read position: 3:59,914,315
INFO	2018-05-25 20:08:26	MergeVcfs	Processed       770,000 records.  Elapsed time: 00:00:15s.  Time for last 10,000:    0s.  Last read position: 3:65,787,275
INFO	2018-05-25 20:08:27	MergeVcfs	Processed       780,000 records.  Elapsed time: 00:00:15s.  Time for last 10,000:    0s.  Last read position: 3:72,636,580
INFO	2018-05-25 20:08:27	MergeVcfs	Processed       790,000 records.  Elapsed time: 00:00:15s.  Time for last 10,000:    0s.  Last read position: 3:78,550,688
INFO	2018-05-25 20:08:27	MergeVcfs	Processed       800,000 records.  Elapsed time: 00:00:15s.  Time for last 10,000:    0s.  Last read position: 3:85,585,025
INFO	2018-05-25 20:08:27	MergeVcfs	Processed       810,000 records.  Elapsed time: 00:00:15s.  Time for last 10,000:    0s.  Last read position: 3:95,666,739
INFO	2018-05-25 20:08:27	MergeVcfs	Processed       820,000 records.  Elapsed time: 00:00:15s.  Time for last 10,000:    0s.  Last read position: 3:102,781,665
INFO	2018-05-25 20:08:27	MergeVcfs	Processed       830,000 records.  Elapsed time: 00:00:15s.  Time for last 10,000:    0s.  Last read position: 3:109,107,244
INFO	2018-05-25 20:08:27	MergeVcfs	Processed       840,000 records.  Elapsed time: 00:00:15s.  Time for last 10,000:    0s.  Last read position: 3:116,250,897
INFO	2018-05-25 20:08:27	MergeVcfs	Processed       850,000 records.  Elapsed time: 00:00:15s.  Time for last 10,000:    0s.  Last read position: 3:123,105,548
INFO	2018-05-25 20:08:27	MergeVcfs	Processed       860,000 records.  Elapsed time: 00:00:15s.  Time for last 10,000:    0s.  Last read position: 3:129,850,043
INFO	2018-05-25 20:08:28	MergeVcfs	Processed       870,000 records.  Elapsed time: 00:00:16s.  Time for last 10,000:    0s.  Last read position: 3:137,031,744
INFO	2018-05-25 20:08:28	MergeVcfs	Processed       880,000 records.  Elapsed time: 00:00:16s.  Time for last 10,000:    0s.  Last read position: 3:145,050,160
INFO	2018-05-25 20:08:28	MergeVcfs	Processed       890,000 records.  Elapsed time: 00:00:16s.  Time for last 10,000:    0s.  Last read position: 3:151,644,656
INFO	2018-05-25 20:08:28	MergeVcfs	Processed       900,000 records.  Elapsed time: 00:00:16s.  Time for last 10,000:    0s.  Last read position: 3:159,769,889
INFO	2018-05-25 20:08:28	MergeVcfs	Processed       910,000 records.  Elapsed time: 00:00:16s.  Time for last 10,000:    0s.  Last read position: 3:165,957,467
INFO	2018-05-25 20:08:28	MergeVcfs	Processed       920,000 records.  Elapsed time: 00:00:16s.  Time for last 10,000:    0s.  Last read position: 3:173,453,004
INFO	2018-05-25 20:08:28	MergeVcfs	Processed       930,000 records.  Elapsed time: 00:00:16s.  Time for last 10,000:    0s.  Last read position: 3:179,763,765
INFO	2018-05-25 20:08:28	MergeVcfs	Processed       940,000 records.  Elapsed time: 00:00:16s.  Time for last 10,000:    0s.  Last read position: 3:188,059,443
INFO	2018-05-25 20:08:28	MergeVcfs	Processed       950,000 records.  Elapsed time: 00:00:16s.  Time for last 10,000:    0s.  Last read position: 3:193,969,128
INFO	2018-05-25 20:08:29	MergeVcfs	Processed       960,000 records.  Elapsed time: 00:00:17s.  Time for last 10,000:    0s.  Last read position: 4:2,309,304
INFO	2018-05-25 20:08:29	MergeVcfs	Processed       970,000 records.  Elapsed time: 00:00:17s.  Time for last 10,000:    0s.  Last read position: 4:7,316,068
INFO	2018-05-25 20:08:29	MergeVcfs	Processed       980,000 records.  Elapsed time: 00:00:17s.  Time for last 10,000:    0s.  Last read position: 4:12,805,021
INFO	2018-05-25 20:08:29	MergeVcfs	Processed       990,000 records.  Elapsed time: 00:00:17s.  Time for last 10,000:    0s.  Last read position: 4:18,830,064
INFO	2018-05-25 20:08:29	MergeVcfs	Processed     1,000,000 records.  Elapsed time: 00:00:17s.  Time for last 10,000:    0s.  Last read position: 4:25,638,736
INFO	2018-05-25 20:08:29	MergeVcfs	Processed     1,010,000 records.  Elapsed time: 00:00:17s.  Time for last 10,000:    0s.  Last read position: 4:31,927,635
INFO	2018-05-25 20:08:29	MergeVcfs	Processed     1,020,000 records.  Elapsed time: 00:00:17s.  Time for last 10,000:    0s.  Last read position: 4:38,204,305
INFO	2018-05-25 20:08:29	MergeVcfs	Processed     1,030,000 records.  Elapsed time: 00:00:17s.  Time for last 10,000:    0s.  Last read position: 4:43,963,129
INFO	2018-05-25 20:08:29	MergeVcfs	Processed     1,040,000 records.  Elapsed time: 00:00:17s.  Time for last 10,000:    0s.  Last read position: 4:53,115,606
INFO	2018-05-25 20:08:30	MergeVcfs	Processed     1,050,000 records.  Elapsed time: 00:00:18s.  Time for last 10,000:    0s.  Last read position: 4:59,015,530
INFO	2018-05-25 20:08:30	MergeVcfs	Processed     1,060,000 records.  Elapsed time: 00:00:18s.  Time for last 10,000:    0s.  Last read position: 4:64,701,839
INFO	2018-05-25 20:08:30	MergeVcfs	Processed     1,070,000 records.  Elapsed time: 00:00:18s.  Time for last 10,000:    0s.  Last read position: 4:69,862,294
INFO	2018-05-25 20:08:30	MergeVcfs	Processed     1,080,000 records.  Elapsed time: 00:00:18s.  Time for last 10,000:    0s.  Last read position: 4:75,762,591
INFO	2018-05-25 20:08:30	MergeVcfs	Processed     1,090,000 records.  Elapsed time: 00:00:18s.  Time for last 10,000:    0s.  Last read position: 4:82,361,296
INFO	2018-05-25 20:08:30	MergeVcfs	Processed     1,100,000 records.  Elapsed time: 00:00:18s.  Time for last 10,000:    0s.  Last read position: 4:89,918,546
INFO	2018-05-25 20:08:30	MergeVcfs	Processed     1,110,000 records.  Elapsed time: 00:00:18s.  Time for last 10,000:    0s.  Last read position: 4:96,807,307
INFO	2018-05-25 20:08:30	MergeVcfs	Processed     1,120,000 records.  Elapsed time: 00:00:18s.  Time for last 10,000:    0s.  Last read position: 4:103,896,109
INFO	2018-05-25 20:08:30	MergeVcfs	Processed     1,130,000 records.  Elapsed time: 00:00:18s.  Time for last 10,000:    0s.  Last read position: 4:111,584,965
INFO	2018-05-25 20:08:30	MergeVcfs	Processed     1,140,000 records.  Elapsed time: 00:00:19s.  Time for last 10,000:    0s.  Last read position: 4:117,872,781
INFO	2018-05-25 20:08:31	MergeVcfs	Processed     1,150,000 records.  Elapsed time: 00:00:19s.  Time for last 10,000:    0s.  Last read position: 4:123,671,045
INFO	2018-05-25 20:08:31	MergeVcfs	Processed     1,160,000 records.  Elapsed time: 00:00:19s.  Time for last 10,000:    0s.  Last read position: 4:130,399,326
INFO	2018-05-25 20:08:31	MergeVcfs	Processed     1,170,000 records.  Elapsed time: 00:00:19s.  Time for last 10,000:    0s.  Last read position: 4:136,457,217
INFO	2018-05-25 20:08:31	MergeVcfs	Processed     1,180,000 records.  Elapsed time: 00:00:19s.  Time for last 10,000:    0s.  Last read position: 4:142,135,959
INFO	2018-05-25 20:08:31	MergeVcfs	Processed     1,190,000 records.  Elapsed time: 00:00:19s.  Time for last 10,000:    0s.  Last read position: 4:150,141,605
INFO	2018-05-25 20:08:31	MergeVcfs	Processed     1,200,000 records.  Elapsed time: 00:00:19s.  Time for last 10,000:    0s.  Last read position: 4:156,832,841
INFO	2018-05-25 20:08:31	MergeVcfs	Processed     1,210,000 records.  Elapsed time: 00:00:19s.  Time for last 10,000:    0s.  Last read position: 4:162,564,451
INFO	2018-05-25 20:08:31	MergeVcfs	Processed     1,220,000 records.  Elapsed time: 00:00:19s.  Time for last 10,000:    0s.  Last read position: 4:167,874,108
INFO	2018-05-25 20:08:31	MergeVcfs	Processed     1,230,000 records.  Elapsed time: 00:00:19s.  Time for last 10,000:    0s.  Last read position: 4:174,479,567
INFO	2018-05-25 20:08:32	MergeVcfs	Processed     1,240,000 records.  Elapsed time: 00:00:20s.  Time for last 10,000:    0s.  Last read position: 4:179,449,942
INFO	2018-05-25 20:08:32	MergeVcfs	Processed     1,250,000 records.  Elapsed time: 00:00:20s.  Time for last 10,000:    0s.  Last read position: 4:183,893,196
INFO	2018-05-25 20:08:32	MergeVcfs	Processed     1,260,000 records.  Elapsed time: 00:00:20s.  Time for last 10,000:    0s.  Last read position: 4:188,247,057
INFO	2018-05-25 20:08:32	MergeVcfs	Processed     1,270,000 records.  Elapsed time: 00:00:20s.  Time for last 10,000:    0s.  Last read position: 5:1,863,055
INFO	2018-05-25 20:08:32	MergeVcfs	Processed     1,280,000 records.  Elapsed time: 00:00:20s.  Time for last 10,000:    0s.  Last read position: 5:6,401,135
INFO	2018-05-25 20:08:32	MergeVcfs	Processed     1,290,000 records.  Elapsed time: 00:00:20s.  Time for last 10,000:    0s.  Last read position: 5:11,997,914
INFO	2018-05-25 20:08:32	MergeVcfs	Processed     1,300,000 records.  Elapsed time: 00:00:20s.  Time for last 10,000:    0s.  Last read position: 5:18,331,426
INFO	2018-05-25 20:08:32	MergeVcfs	Processed     1,310,000 records.  Elapsed time: 00:00:20s.  Time for last 10,000:    0s.  Last read position: 5:24,430,251
INFO	2018-05-25 20:08:32	MergeVcfs	Processed     1,320,000 records.  Elapsed time: 00:00:20s.  Time for last 10,000:    0s.  Last read position: 5:30,136,917
INFO	2018-05-25 20:08:32	MergeVcfs	Processed     1,330,000 records.  Elapsed time: 00:00:21s.  Time for last 10,000:    0s.  Last read position: 5:36,191,752
INFO	2018-05-25 20:08:33	MergeVcfs	Processed     1,340,000 records.  Elapsed time: 00:00:21s.  Time for last 10,000:    0s.  Last read position: 5:43,369,893
INFO	2018-05-25 20:08:33	MergeVcfs	Processed     1,350,000 records.  Elapsed time: 00:00:21s.  Time for last 10,000:    0s.  Last read position: 5:53,967,564
INFO	2018-05-25 20:08:33	MergeVcfs	Processed     1,360,000 records.  Elapsed time: 00:00:21s.  Time for last 10,000:    0s.  Last read position: 5:60,879,731
INFO	2018-05-25 20:08:33	MergeVcfs	Processed     1,370,000 records.  Elapsed time: 00:00:21s.  Time for last 10,000:    0s.  Last read position: 5:68,467,412
INFO	2018-05-25 20:08:33	MergeVcfs	Processed     1,380,000 records.  Elapsed time: 00:00:21s.  Time for last 10,000:    0s.  Last read position: 5:77,980,608
INFO	2018-05-25 20:08:33	MergeVcfs	Processed     1,390,000 records.  Elapsed time: 00:00:21s.  Time for last 10,000:    0s.  Last read position: 5:85,231,414
INFO	2018-05-25 20:08:33	MergeVcfs	Processed     1,400,000 records.  Elapsed time: 00:00:21s.  Time for last 10,000:    0s.  Last read position: 5:95,400,179
INFO	2018-05-25 20:08:33	MergeVcfs	Processed     1,410,000 records.  Elapsed time: 00:00:21s.  Time for last 10,000:    0s.  Last read position: 5:101,758,944
INFO	2018-05-25 20:08:33	MergeVcfs	Processed     1,420,000 records.  Elapsed time: 00:00:22s.  Time for last 10,000:    0s.  Last read position: 5:109,178,377
INFO	2018-05-25 20:08:34	MergeVcfs	Processed     1,430,000 records.  Elapsed time: 00:00:22s.  Time for last 10,000:    0s.  Last read position: 5:115,733,852
INFO	2018-05-25 20:08:34	MergeVcfs	Processed     1,440,000 records.  Elapsed time: 00:00:22s.  Time for last 10,000:    0s.  Last read position: 5:122,671,771
INFO	2018-05-25 20:08:34	MergeVcfs	Processed     1,450,000 records.  Elapsed time: 00:00:22s.  Time for last 10,000:    0s.  Last read position: 5:128,575,973
INFO	2018-05-25 20:08:34	MergeVcfs	Processed     1,460,000 records.  Elapsed time: 00:00:22s.  Time for last 10,000:    0s.  Last read position: 5:136,478,798
INFO	2018-05-25 20:08:34	MergeVcfs	Processed     1,470,000 records.  Elapsed time: 00:00:22s.  Time for last 10,000:    0s.  Last read position: 5:145,445,844
INFO	2018-05-25 20:08:34	MergeVcfs	Processed     1,480,000 records.  Elapsed time: 00:00:22s.  Time for last 10,000:    0s.  Last read position: 5:152,520,262
INFO	2018-05-25 20:08:34	MergeVcfs	Processed     1,490,000 records.  Elapsed time: 00:00:22s.  Time for last 10,000:    0s.  Last read position: 5:160,463,697
INFO	2018-05-25 20:08:34	MergeVcfs	Processed     1,500,000 records.  Elapsed time: 00:00:22s.  Time for last 10,000:    0s.  Last read position: 5:166,904,890
INFO	2018-05-25 20:08:34	MergeVcfs	Processed     1,510,000 records.  Elapsed time: 00:00:22s.  Time for last 10,000:    0s.  Last read position: 5:173,928,962
INFO	2018-05-25 20:08:35	MergeVcfs	Processed     1,520,000 records.  Elapsed time: 00:00:23s.  Time for last 10,000:    0s.  Last read position: 5:180,164,255
INFO	2018-05-25 20:08:35	MergeVcfs	Processed     1,530,000 records.  Elapsed time: 00:00:23s.  Time for last 10,000:    0s.  Last read position: 6:5,267,392
INFO	2018-05-25 20:08:35	MergeVcfs	Processed     1,540,000 records.  Elapsed time: 00:00:23s.  Time for last 10,000:    0s.  Last read position: 6:11,289,034
INFO	2018-05-25 20:08:35	MergeVcfs	Processed     1,550,000 records.  Elapsed time: 00:00:23s.  Time for last 10,000:    0s.  Last read position: 6:18,010,649
INFO	2018-05-25 20:08:35	MergeVcfs	Processed     1,560,000 records.  Elapsed time: 00:00:23s.  Time for last 10,000:    0s.  Last read position: 6:23,796,178
INFO	2018-05-25 20:08:35	MergeVcfs	Processed     1,570,000 records.  Elapsed time: 00:00:23s.  Time for last 10,000:    0s.  Last read position: 6:29,852,036
INFO	2018-05-25 20:08:35	MergeVcfs	Processed     1,580,000 records.  Elapsed time: 00:00:23s.  Time for last 10,000:    0s.  Last read position: 6:32,324,945
INFO	2018-05-25 20:08:35	MergeVcfs	Processed     1,590,000 records.  Elapsed time: 00:00:23s.  Time for last 10,000:    0s.  Last read position: 6:32,775,004
INFO	2018-05-25 20:08:35	MergeVcfs	Processed     1,600,000 records.  Elapsed time: 00:00:23s.  Time for last 10,000:    0s.  Last read position: 6:39,692,045
INFO	2018-05-25 20:08:36	MergeVcfs	Processed     1,610,000 records.  Elapsed time: 00:00:24s.  Time for last 10,000:    0s.  Last read position: 6:46,590,430
INFO	2018-05-25 20:08:36	MergeVcfs	Processed     1,620,000 records.  Elapsed time: 00:00:24s.  Time for last 10,000:    0s.  Last read position: 6:53,467,887
INFO	2018-05-25 20:08:36	MergeVcfs	Processed     1,630,000 records.  Elapsed time: 00:00:24s.  Time for last 10,000:    0s.  Last read position: 6:62,671,079
INFO	2018-05-25 20:08:36	MergeVcfs	Processed     1,640,000 records.  Elapsed time: 00:00:24s.  Time for last 10,000:    0s.  Last read position: 6:67,742,414
INFO	2018-05-25 20:08:36	MergeVcfs	Processed     1,650,000 records.  Elapsed time: 00:00:24s.  Time for last 10,000:    0s.  Last read position: 6:74,562,491
INFO	2018-05-25 20:08:36	MergeVcfs	Processed     1,660,000 records.  Elapsed time: 00:00:24s.  Time for last 10,000:    0s.  Last read position: 6:80,433,196
INFO	2018-05-25 20:08:36	MergeVcfs	Processed     1,670,000 records.  Elapsed time: 00:00:24s.  Time for last 10,000:    0s.  Last read position: 6:86,319,888
INFO	2018-05-25 20:08:36	MergeVcfs	Processed     1,680,000 records.  Elapsed time: 00:00:24s.  Time for last 10,000:    0s.  Last read position: 6:93,421,487
INFO	2018-05-25 20:08:36	MergeVcfs	Processed     1,690,000 records.  Elapsed time: 00:00:24s.  Time for last 10,000:    0s.  Last read position: 6:100,664,474
INFO	2018-05-25 20:08:36	MergeVcfs	Processed     1,700,000 records.  Elapsed time: 00:00:25s.  Time for last 10,000:    0s.  Last read position: 6:107,383,436
INFO	2018-05-25 20:08:37	MergeVcfs	Processed     1,710,000 records.  Elapsed time: 00:00:25s.  Time for last 10,000:    0s.  Last read position: 6:114,973,636
INFO	2018-05-25 20:08:37	MergeVcfs	Processed     1,720,000 records.  Elapsed time: 00:00:25s.  Time for last 10,000:    0s.  Last read position: 6:121,040,770
INFO	2018-05-25 20:08:37	MergeVcfs	Processed     1,730,000 records.  Elapsed time: 00:00:25s.  Time for last 10,000:    0s.  Last read position: 6:128,830,092
INFO	2018-05-25 20:08:37	MergeVcfs	Processed     1,740,000 records.  Elapsed time: 00:00:25s.  Time for last 10,000:    0s.  Last read position: 6:137,193,130
INFO	2018-05-25 20:08:37	MergeVcfs	Processed     1,750,000 records.  Elapsed time: 00:00:25s.  Time for last 10,000:    0s.  Last read position: 6:146,968,741
INFO	2018-05-25 20:08:37	MergeVcfs	Processed     1,760,000 records.  Elapsed time: 00:00:25s.  Time for last 10,000:    0s.  Last read position: 6:152,750,180
INFO	2018-05-25 20:08:37	MergeVcfs	Processed     1,770,000 records.  Elapsed time: 00:00:25s.  Time for last 10,000:    0s.  Last read position: 6:159,167,914
INFO	2018-05-25 20:08:37	MergeVcfs	Processed     1,780,000 records.  Elapsed time: 00:00:25s.  Time for last 10,000:    0s.  Last read position: 6:164,726,959
INFO	2018-05-25 20:08:37	MergeVcfs	Processed     1,790,000 records.  Elapsed time: 00:00:25s.  Time for last 10,000:    0s.  Last read position: 6:169,383,094
INFO	2018-05-25 20:08:38	MergeVcfs	Processed     1,800,000 records.  Elapsed time: 00:00:26s.  Time for last 10,000:    0s.  Last read position: 7:3,541,273
INFO	2018-05-25 20:08:38	MergeVcfs	Processed     1,810,000 records.  Elapsed time: 00:00:26s.  Time for last 10,000:    0s.  Last read position: 7:9,089,170
INFO	2018-05-25 20:08:38	MergeVcfs	Processed     1,820,000 records.  Elapsed time: 00:00:26s.  Time for last 10,000:    0s.  Last read position: 7:13,242,839
INFO	2018-05-25 20:08:38	MergeVcfs	Processed     1,830,000 records.  Elapsed time: 00:00:26s.  Time for last 10,000:    0s.  Last read position: 7:18,874,385
INFO	2018-05-25 20:08:38	MergeVcfs	Processed     1,840,000 records.  Elapsed time: 00:00:26s.  Time for last 10,000:    0s.  Last read position: 7:24,966,755
INFO	2018-05-25 20:08:38	MergeVcfs	Processed     1,850,000 records.  Elapsed time: 00:00:26s.  Time for last 10,000:    0s.  Last read position: 7:31,958,000
INFO	2018-05-25 20:08:38	MergeVcfs	Processed     1,860,000 records.  Elapsed time: 00:00:26s.  Time for last 10,000:    0s.  Last read position: 7:38,345,881
INFO	2018-05-25 20:08:38	MergeVcfs	Processed     1,870,000 records.  Elapsed time: 00:00:26s.  Time for last 10,000:    0s.  Last read position: 7:46,082,804
INFO	2018-05-25 20:08:38	MergeVcfs	Processed     1,880,000 records.  Elapsed time: 00:00:26s.  Time for last 10,000:    0s.  Last read position: 7:51,937,204
INFO	2018-05-25 20:08:39	MergeVcfs	Processed     1,890,000 records.  Elapsed time: 00:00:27s.  Time for last 10,000:    0s.  Last read position: 7:57,371,669
INFO	2018-05-25 20:08:39	MergeVcfs	Processed     1,900,000 records.  Elapsed time: 00:00:27s.  Time for last 10,000:    0s.  Last read position: 7:66,103,435
INFO	2018-05-25 20:08:39	MergeVcfs	Processed     1,910,000 records.  Elapsed time: 00:00:27s.  Time for last 10,000:    0s.  Last read position: 7:71,602,559
INFO	2018-05-25 20:08:39	MergeVcfs	Processed     1,920,000 records.  Elapsed time: 00:00:27s.  Time for last 10,000:    0s.  Last read position: 7:80,357,001
INFO	2018-05-25 20:08:39	MergeVcfs	Processed     1,930,000 records.  Elapsed time: 00:00:27s.  Time for last 10,000:    0s.  Last read position: 7:87,642,035
INFO	2018-05-25 20:08:39	MergeVcfs	Processed     1,940,000 records.  Elapsed time: 00:00:27s.  Time for last 10,000:    0s.  Last read position: 7:95,181,843
INFO	2018-05-25 20:08:39	MergeVcfs	Processed     1,950,000 records.  Elapsed time: 00:00:27s.  Time for last 10,000:    0s.  Last read position: 7:102,824,915
INFO	2018-05-25 20:08:39	MergeVcfs	Processed     1,960,000 records.  Elapsed time: 00:00:27s.  Time for last 10,000:    0s.  Last read position: 7:109,349,718
INFO	2018-05-25 20:08:39	MergeVcfs	Processed     1,970,000 records.  Elapsed time: 00:00:27s.  Time for last 10,000:    0s.  Last read position: 7:118,122,841
INFO	2018-05-25 20:08:39	MergeVcfs	Processed     1,980,000 records.  Elapsed time: 00:00:28s.  Time for last 10,000:    0s.  Last read position: 7:125,325,956
INFO	2018-05-25 20:08:40	MergeVcfs	Processed     1,990,000 records.  Elapsed time: 00:00:28s.  Time for last 10,000:    0s.  Last read position: 7:132,164,810
INFO	2018-05-25 20:08:40	MergeVcfs	Processed     2,000,000 records.  Elapsed time: 00:00:28s.  Time for last 10,000:    0s.  Last read position: 7:139,093,669
INFO	2018-05-25 20:08:40	MergeVcfs	Processed     2,010,000 records.  Elapsed time: 00:00:28s.  Time for last 10,000:    0s.  Last read position: 7:146,964,650
INFO	2018-05-25 20:08:40	MergeVcfs	Processed     2,020,000 records.  Elapsed time: 00:00:28s.  Time for last 10,000:    0s.  Last read position: 7:152,822,116
INFO	2018-05-25 20:08:40	MergeVcfs	Processed     2,030,000 records.  Elapsed time: 00:00:28s.  Time for last 10,000:    0s.  Last read position: 7:157,738,389
INFO	2018-05-25 20:08:40	MergeVcfs	Processed     2,040,000 records.  Elapsed time: 00:00:28s.  Time for last 10,000:    0s.  Last read position: 8:2,715,180
INFO	2018-05-25 20:08:40	MergeVcfs	Processed     2,050,000 records.  Elapsed time: 00:00:28s.  Time for last 10,000:    0s.  Last read position: 8:5,239,464
INFO	2018-05-25 20:08:40	MergeVcfs	Processed     2,060,000 records.  Elapsed time: 00:00:28s.  Time for last 10,000:    0s.  Last read position: 8:9,210,559
INFO	2018-05-25 20:08:40	MergeVcfs	Processed     2,070,000 records.  Elapsed time: 00:00:29s.  Time for last 10,000:    0s.  Last read position: 8:13,453,823
INFO	2018-05-25 20:08:41	MergeVcfs	Processed     2,080,000 records.  Elapsed time: 00:00:29s.  Time for last 10,000:    0s.  Last read position: 8:16,970,292
INFO	2018-05-25 20:08:41	MergeVcfs	Processed     2,090,000 records.  Elapsed time: 00:00:29s.  Time for last 10,000:    0s.  Last read position: 8:21,951,375
INFO	2018-05-25 20:08:41	MergeVcfs	Processed     2,100,000 records.  Elapsed time: 00:00:29s.  Time for last 10,000:    0s.  Last read position: 8:27,612,388
INFO	2018-05-25 20:08:41	MergeVcfs	Processed     2,110,000 records.  Elapsed time: 00:00:29s.  Time for last 10,000:    0s.  Last read position: 8:34,199,813
INFO	2018-05-25 20:08:41	MergeVcfs	Processed     2,120,000 records.  Elapsed time: 00:00:29s.  Time for last 10,000:    0s.  Last read position: 8:43,170,393
INFO	2018-05-25 20:08:41	MergeVcfs	Processed     2,130,000 records.  Elapsed time: 00:00:29s.  Time for last 10,000:    0s.  Last read position: 8:54,007,044
INFO	2018-05-25 20:08:41	MergeVcfs	Processed     2,140,000 records.  Elapsed time: 00:00:29s.  Time for last 10,000:    0s.  Last read position: 8:61,200,798
INFO	2018-05-25 20:08:41	MergeVcfs	Processed     2,150,000 records.  Elapsed time: 00:00:29s.  Time for last 10,000:    0s.  Last read position: 8:70,600,826
INFO	2018-05-25 20:08:41	MergeVcfs	Processed     2,160,000 records.  Elapsed time: 00:00:29s.  Time for last 10,000:    0s.  Last read position: 8:77,792,024
INFO	2018-05-25 20:08:42	MergeVcfs	Processed     2,170,000 records.  Elapsed time: 00:00:30s.  Time for last 10,000:    0s.  Last read position: 8:87,120,393
INFO	2018-05-25 20:08:42	MergeVcfs	Processed     2,180,000 records.  Elapsed time: 00:00:30s.  Time for last 10,000:    0s.  Last read position: 8:95,689,400
INFO	2018-05-25 20:08:42	MergeVcfs	Processed     2,190,000 records.  Elapsed time: 00:00:30s.  Time for last 10,000:    0s.  Last read position: 8:103,548,510
INFO	2018-05-25 20:08:42	MergeVcfs	Processed     2,200,000 records.  Elapsed time: 00:00:30s.  Time for last 10,000:    0s.  Last read position: 8:112,553,709
INFO	2018-05-25 20:08:42	MergeVcfs	Processed     2,210,000 records.  Elapsed time: 00:00:30s.  Time for last 10,000:    0s.  Last read position: 8:120,741,479
INFO	2018-05-25 20:08:42	MergeVcfs	Processed     2,220,000 records.  Elapsed time: 00:00:30s.  Time for last 10,000:    0s.  Last read position: 8:128,333,031
INFO	2018-05-25 20:08:42	MergeVcfs	Processed     2,230,000 records.  Elapsed time: 00:00:30s.  Time for last 10,000:    0s.  Last read position: 8:135,157,788
INFO	2018-05-25 20:08:42	MergeVcfs	Processed     2,240,000 records.  Elapsed time: 00:00:30s.  Time for last 10,000:    0s.  Last read position: 8:140,589,048
INFO	2018-05-25 20:08:42	MergeVcfs	Processed     2,250,000 records.  Elapsed time: 00:00:30s.  Time for last 10,000:    0s.  Last read position: 9:235,328
INFO	2018-05-25 20:08:43	MergeVcfs	Processed     2,260,000 records.  Elapsed time: 00:00:31s.  Time for last 10,000:    0s.  Last read position: 9:5,241,463
INFO	2018-05-25 20:08:43	MergeVcfs	Processed     2,270,000 records.  Elapsed time: 00:00:31s.  Time for last 10,000:    0s.  Last read position: 9:10,047,285
INFO	2018-05-25 20:08:43	MergeVcfs	Processed     2,280,000 records.  Elapsed time: 00:00:31s.  Time for last 10,000:    0s.  Last read position: 9:15,095,216
INFO	2018-05-25 20:08:43	MergeVcfs	Processed     2,290,000 records.  Elapsed time: 00:00:31s.  Time for last 10,000:    0s.  Last read position: 9:20,216,101
INFO	2018-05-25 20:08:43	MergeVcfs	Processed     2,300,000 records.  Elapsed time: 00:00:31s.  Time for last 10,000:    0s.  Last read position: 9:27,228,754
INFO	2018-05-25 20:08:43	MergeVcfs	Processed     2,310,000 records.  Elapsed time: 00:00:31s.  Time for last 10,000:    0s.  Last read position: 9:32,907,232
INFO	2018-05-25 20:08:43	MergeVcfs	Processed     2,320,000 records.  Elapsed time: 00:00:31s.  Time for last 10,000:    0s.  Last read position: 9:43,864,139
INFO	2018-05-25 20:08:43	MergeVcfs	Processed     2,330,000 records.  Elapsed time: 00:00:31s.  Time for last 10,000:    0s.  Last read position: 9:74,729,250
INFO	2018-05-25 20:08:43	MergeVcfs	Processed     2,340,000 records.  Elapsed time: 00:00:31s.  Time for last 10,000:    0s.  Last read position: 9:82,349,606
INFO	2018-05-25 20:08:43	MergeVcfs	Processed     2,350,000 records.  Elapsed time: 00:00:32s.  Time for last 10,000:    0s.  Last read position: 9:89,608,864
INFO	2018-05-25 20:08:44	MergeVcfs	Processed     2,360,000 records.  Elapsed time: 00:00:32s.  Time for last 10,000:    0s.  Last read position: 9:96,474,156
INFO	2018-05-25 20:08:44	MergeVcfs	Processed     2,370,000 records.  Elapsed time: 00:00:32s.  Time for last 10,000:    0s.  Last read position: 9:104,359,261
INFO	2018-05-25 20:08:44	MergeVcfs	Processed     2,380,000 records.  Elapsed time: 00:00:32s.  Time for last 10,000:    0s.  Last read position: 9:111,650,153
INFO	2018-05-25 20:08:44	MergeVcfs	Processed     2,390,000 records.  Elapsed time: 00:00:32s.  Time for last 10,000:    0s.  Last read position: 9:117,696,934
INFO	2018-05-25 20:08:44	MergeVcfs	Processed     2,400,000 records.  Elapsed time: 00:00:32s.  Time for last 10,000:    0s.  Last read position: 9:124,243,514
INFO	2018-05-25 20:08:44	MergeVcfs	Processed     2,410,000 records.  Elapsed time: 00:00:32s.  Time for last 10,000:    0s.  Last read position: 9:131,680,610
INFO	2018-05-25 20:08:44	MergeVcfs	Processed     2,420,000 records.  Elapsed time: 00:00:32s.  Time for last 10,000:    0s.  Last read position: 9:137,688,624
INFO	2018-05-25 20:08:44	MergeVcfs	Processed     2,430,000 records.  Elapsed time: 00:00:32s.  Time for last 10,000:    0s.  Last read position: 10:2,347,735
INFO	2018-05-25 20:08:44	MergeVcfs	Processed     2,440,000 records.  Elapsed time: 00:00:32s.  Time for last 10,000:    0s.  Last read position: 10:6,747,521
INFO	2018-05-25 20:08:45	MergeVcfs	Processed     2,450,000 records.  Elapsed time: 00:00:33s.  Time for last 10,000:    0s.  Last read position: 10:12,196,690
INFO	2018-05-25 20:08:45	MergeVcfs	Processed     2,460,000 records.  Elapsed time: 00:00:33s.  Time for last 10,000:    0s.  Last read position: 10:17,380,030
INFO	2018-05-25 20:08:45	MergeVcfs	Processed     2,470,000 records.  Elapsed time: 00:00:33s.  Time for last 10,000:    0s.  Last read position: 10:25,693,426
INFO	2018-05-25 20:08:45	MergeVcfs	Processed     2,480,000 records.  Elapsed time: 00:00:33s.  Time for last 10,000:    0s.  Last read position: 10:31,124,239
INFO	2018-05-25 20:08:45	MergeVcfs	Processed     2,490,000 records.  Elapsed time: 00:00:33s.  Time for last 10,000:    0s.  Last read position: 10:42,783,481
INFO	2018-05-25 20:08:45	MergeVcfs	Processed     2,500,000 records.  Elapsed time: 00:00:33s.  Time for last 10,000:    0s.  Last read position: 10:51,794,835
INFO	2018-05-25 20:08:45	MergeVcfs	Processed     2,510,000 records.  Elapsed time: 00:00:33s.  Time for last 10,000:    0s.  Last read position: 10:57,446,352
INFO	2018-05-25 20:08:45	MergeVcfs	Processed     2,520,000 records.  Elapsed time: 00:00:33s.  Time for last 10,000:    0s.  Last read position: 10:62,581,941
INFO	2018-05-25 20:08:45	MergeVcfs	Processed     2,530,000 records.  Elapsed time: 00:00:33s.  Time for last 10,000:    0s.  Last read position: 10:68,563,145
INFO	2018-05-25 20:08:46	MergeVcfs	Processed     2,540,000 records.  Elapsed time: 00:00:34s.  Time for last 10,000:    0s.  Last read position: 10:74,108,481
INFO	2018-05-25 20:08:46	MergeVcfs	Processed     2,550,000 records.  Elapsed time: 00:00:34s.  Time for last 10,000:    0s.  Last read position: 10:83,620,157
INFO	2018-05-25 20:08:46	MergeVcfs	Processed     2,560,000 records.  Elapsed time: 00:00:34s.  Time for last 10,000:    0s.  Last read position: 10:90,197,900
INFO	2018-05-25 20:08:46	MergeVcfs	Processed     2,570,000 records.  Elapsed time: 00:00:34s.  Time for last 10,000:    0s.  Last read position: 10:96,908,231
INFO	2018-05-25 20:08:46	MergeVcfs	Processed     2,580,000 records.  Elapsed time: 00:00:34s.  Time for last 10,000:    0s.  Last read position: 10:103,844,571
INFO	2018-05-25 20:08:46	MergeVcfs	Processed     2,590,000 records.  Elapsed time: 00:00:34s.  Time for last 10,000:    0s.  Last read position: 10:111,242,679
INFO	2018-05-25 20:08:46	MergeVcfs	Processed     2,600,000 records.  Elapsed time: 00:00:34s.  Time for last 10,000:    0s.  Last read position: 10:118,386,654
INFO	2018-05-25 20:08:46	MergeVcfs	Processed     2,610,000 records.  Elapsed time: 00:00:34s.  Time for last 10,000:    0s.  Last read position: 10:123,834,867
INFO	2018-05-25 20:08:46	MergeVcfs	Processed     2,620,000 records.  Elapsed time: 00:00:34s.  Time for last 10,000:    0s.  Last read position: 10:129,550,881
INFO	2018-05-25 20:08:46	MergeVcfs	Processed     2,630,000 records.  Elapsed time: 00:00:35s.  Time for last 10,000:    0s.  Last read position: 10:134,544,319
INFO	2018-05-25 20:08:47	MergeVcfs	Processed     2,640,000 records.  Elapsed time: 00:00:35s.  Time for last 10,000:    0s.  Last read position: 11:4,134,347
INFO	2018-05-25 20:08:47	MergeVcfs	Processed     2,650,000 records.  Elapsed time: 00:00:35s.  Time for last 10,000:    0s.  Last read position: 11:8,289,087
INFO	2018-05-25 20:08:47	MergeVcfs	Processed     2,660,000 records.  Elapsed time: 00:00:35s.  Time for last 10,000:    0s.  Last read position: 11:13,771,997
INFO	2018-05-25 20:08:47	MergeVcfs	Processed     2,670,000 records.  Elapsed time: 00:00:35s.  Time for last 10,000:    0s.  Last read position: 11:20,381,941
INFO	2018-05-25 20:08:47	MergeVcfs	Processed     2,680,000 records.  Elapsed time: 00:00:35s.  Time for last 10,000:    0s.  Last read position: 11:25,069,151
INFO	2018-05-25 20:08:47	MergeVcfs	Processed     2,690,000 records.  Elapsed time: 00:00:35s.  Time for last 10,000:    0s.  Last read position: 11:30,627,971
INFO	2018-05-25 20:08:47	MergeVcfs	Processed     2,700,000 records.  Elapsed time: 00:00:35s.  Time for last 10,000:    0s.  Last read position: 11:37,326,926
INFO	2018-05-25 20:08:47	MergeVcfs	Processed     2,710,000 records.  Elapsed time: 00:00:35s.  Time for last 10,000:    0s.  Last read position: 11:43,350,763
INFO	2018-05-25 20:08:47	MergeVcfs	Processed     2,720,000 records.  Elapsed time: 00:00:36s.  Time for last 10,000:    0s.  Last read position: 11:49,915,329
INFO	2018-05-25 20:08:48	MergeVcfs	Processed     2,730,000 records.  Elapsed time: 00:00:36s.  Time for last 10,000:    0s.  Last read position: 11:60,172,273
INFO	2018-05-25 20:08:48	MergeVcfs	Processed     2,740,000 records.  Elapsed time: 00:00:36s.  Time for last 10,000:    0s.  Last read position: 11:68,004,362
INFO	2018-05-25 20:08:48	MergeVcfs	Processed     2,750,000 records.  Elapsed time: 00:00:36s.  Time for last 10,000:    0s.  Last read position: 11:74,700,896
INFO	2018-05-25 20:08:48	MergeVcfs	Processed     2,760,000 records.  Elapsed time: 00:00:36s.  Time for last 10,000:    0s.  Last read position: 11:82,097,978
INFO	2018-05-25 20:08:48	MergeVcfs	Processed     2,770,000 records.  Elapsed time: 00:00:36s.  Time for last 10,000:    0s.  Last read position: 11:88,990,813
INFO	2018-05-25 20:08:48	MergeVcfs	Processed     2,780,000 records.  Elapsed time: 00:00:36s.  Time for last 10,000:    0s.  Last read position: 11:95,348,025
INFO	2018-05-25 20:08:48	MergeVcfs	Processed     2,790,000 records.  Elapsed time: 00:00:36s.  Time for last 10,000:    0s.  Last read position: 11:101,060,972
INFO	2018-05-25 20:08:48	MergeVcfs	Processed     2,800,000 records.  Elapsed time: 00:00:36s.  Time for last 10,000:    0s.  Last read position: 11:106,813,268
INFO	2018-05-25 20:08:48	MergeVcfs	Processed     2,810,000 records.  Elapsed time: 00:00:36s.  Time for last 10,000:    0s.  Last read position: 11:113,584,601
INFO	2018-05-25 20:08:49	MergeVcfs	Processed     2,820,000 records.  Elapsed time: 00:00:37s.  Time for last 10,000:    0s.  Last read position: 11:120,202,099
INFO	2018-05-25 20:08:49	MergeVcfs	Processed     2,830,000 records.  Elapsed time: 00:00:37s.  Time for last 10,000:    0s.  Last read position: 11:126,629,793
INFO	2018-05-25 20:08:49	MergeVcfs	Processed     2,840,000 records.  Elapsed time: 00:00:37s.  Time for last 10,000:    0s.  Last read position: 11:133,843,315
INFO	2018-05-25 20:08:49	MergeVcfs	Processed     2,850,000 records.  Elapsed time: 00:00:37s.  Time for last 10,000:    0s.  Last read position: 12:5,263,151
INFO	2018-05-25 20:08:49	MergeVcfs	Processed     2,860,000 records.  Elapsed time: 00:00:37s.  Time for last 10,000:    0s.  Last read position: 12:10,555,448
INFO	2018-05-25 20:08:49	MergeVcfs	Processed     2,870,000 records.  Elapsed time: 00:00:38s.  Time for last 10,000:    0s.  Last read position: 12:16,345,353
INFO	2018-05-25 20:08:50	MergeVcfs	Processed     2,880,000 records.  Elapsed time: 00:00:38s.  Time for last 10,000:    0s.  Last read position: 12:21,633,036
INFO	2018-05-25 20:08:50	MergeVcfs	Processed     2,890,000 records.  Elapsed time: 00:00:38s.  Time for last 10,000:    0s.  Last read position: 12:27,814,604
INFO	2018-05-25 20:08:50	MergeVcfs	Processed     2,900,000 records.  Elapsed time: 00:00:38s.  Time for last 10,000:    0s.  Last read position: 12:32,757,665
INFO	2018-05-25 20:08:50	MergeVcfs	Processed     2,910,000 records.  Elapsed time: 00:00:38s.  Time for last 10,000:    0s.  Last read position: 12:42,002,834
INFO	2018-05-25 20:08:50	MergeVcfs	Processed     2,920,000 records.  Elapsed time: 00:00:38s.  Time for last 10,000:    0s.  Last read position: 12:49,117,584
INFO	2018-05-25 20:08:50	MergeVcfs	Processed     2,930,000 records.  Elapsed time: 00:00:38s.  Time for last 10,000:    0s.  Last read position: 12:55,888,933
INFO	2018-05-25 20:08:50	MergeVcfs	Processed     2,940,000 records.  Elapsed time: 00:00:38s.  Time for last 10,000:    0s.  Last read position: 12:63,336,211
INFO	2018-05-25 20:08:50	MergeVcfs	Processed     2,950,000 records.  Elapsed time: 00:00:38s.  Time for last 10,000:    0s.  Last read position: 12:70,937,443
INFO	2018-05-25 20:08:50	MergeVcfs	Processed     2,960,000 records.  Elapsed time: 00:00:38s.  Time for last 10,000:    0s.  Last read position: 12:77,807,156
INFO	2018-05-25 20:08:51	MergeVcfs	Processed     2,970,000 records.  Elapsed time: 00:00:39s.  Time for last 10,000:    0s.  Last read position: 12:84,692,189
INFO	2018-05-25 20:08:51	MergeVcfs	Processed     2,980,000 records.  Elapsed time: 00:00:39s.  Time for last 10,000:    0s.  Last read position: 12:92,520,236
INFO	2018-05-25 20:08:51	MergeVcfs	Processed     2,990,000 records.  Elapsed time: 00:00:39s.  Time for last 10,000:    0s.  Last read position: 12:98,731,281
INFO	2018-05-25 20:08:51	MergeVcfs	Processed     3,000,000 records.  Elapsed time: 00:00:39s.  Time for last 10,000:    0s.  Last read position: 12:106,176,479
INFO	2018-05-25 20:08:51	MergeVcfs	Processed     3,010,000 records.  Elapsed time: 00:00:39s.  Time for last 10,000:    0s.  Last read position: 12:113,945,127
INFO	2018-05-25 20:08:51	MergeVcfs	Processed     3,020,000 records.  Elapsed time: 00:00:39s.  Time for last 10,000:    0s.  Last read position: 12:120,068,997
INFO	2018-05-25 20:08:51	MergeVcfs	Processed     3,030,000 records.  Elapsed time: 00:00:39s.  Time for last 10,000:    0s.  Last read position: 12:126,834,332
INFO	2018-05-25 20:08:51	MergeVcfs	Processed     3,040,000 records.  Elapsed time: 00:00:39s.  Time for last 10,000:    0s.  Last read position: 12:131,148,096
INFO	2018-05-25 20:08:51	MergeVcfs	Processed     3,050,000 records.  Elapsed time: 00:00:40s.  Time for last 10,000:    0s.  Last read position: 13:20,979,104
INFO	2018-05-25 20:08:52	MergeVcfs	Processed     3,060,000 records.  Elapsed time: 00:00:40s.  Time for last 10,000:    0s.  Last read position: 13:25,598,246
INFO	2018-05-25 20:08:52	MergeVcfs	Processed     3,070,000 records.  Elapsed time: 00:00:40s.  Time for last 10,000:    0s.  Last read position: 13:30,939,373
INFO	2018-05-25 20:08:52	MergeVcfs	Processed     3,080,000 records.  Elapsed time: 00:00:40s.  Time for last 10,000:    0s.  Last read position: 13:37,636,740
INFO	2018-05-25 20:08:52	MergeVcfs	Processed     3,090,000 records.  Elapsed time: 00:00:40s.  Time for last 10,000:    0s.  Last read position: 13:43,236,910
INFO	2018-05-25 20:08:52	MergeVcfs	Processed     3,100,000 records.  Elapsed time: 00:00:40s.  Time for last 10,000:    0s.  Last read position: 13:50,011,149
INFO	2018-05-25 20:08:52	MergeVcfs	Processed     3,110,000 records.  Elapsed time: 00:00:40s.  Time for last 10,000:    0s.  Last read position: 13:56,692,863
INFO	2018-05-25 20:08:52	MergeVcfs	Processed     3,120,000 records.  Elapsed time: 00:00:40s.  Time for last 10,000:    0s.  Last read position: 13:64,094,586
INFO	2018-05-25 20:08:52	MergeVcfs	Processed     3,130,000 records.  Elapsed time: 00:00:40s.  Time for last 10,000:    0s.  Last read position: 13:71,016,457
INFO	2018-05-25 20:08:52	MergeVcfs	Processed     3,140,000 records.  Elapsed time: 00:00:40s.  Time for last 10,000:    0s.  Last read position: 13:76,875,113
INFO	2018-05-25 20:08:52	MergeVcfs	Processed     3,150,000 records.  Elapsed time: 00:00:41s.  Time for last 10,000:    0s.  Last read position: 13:83,094,528
INFO	2018-05-25 20:08:53	MergeVcfs	Processed     3,160,000 records.  Elapsed time: 00:00:41s.  Time for last 10,000:    0s.  Last read position: 13:89,966,584
INFO	2018-05-25 20:08:53	MergeVcfs	Processed     3,170,000 records.  Elapsed time: 00:00:41s.  Time for last 10,000:    0s.  Last read position: 13:95,676,542
INFO	2018-05-25 20:08:53	MergeVcfs	Processed     3,180,000 records.  Elapsed time: 00:00:41s.  Time for last 10,000:    0s.  Last read position: 13:102,008,612
INFO	2018-05-25 20:08:53	MergeVcfs	Processed     3,190,000 records.  Elapsed time: 00:00:41s.  Time for last 10,000:    0s.  Last read position: 13:107,220,853
INFO	2018-05-25 20:08:53	MergeVcfs	Processed     3,200,000 records.  Elapsed time: 00:00:41s.  Time for last 10,000:    0s.  Last read position: 13:112,179,953
INFO	2018-05-25 20:08:53	MergeVcfs	Processed     3,210,000 records.  Elapsed time: 00:00:41s.  Time for last 10,000:    0s.  Last read position: 14:22,632,207
INFO	2018-05-25 20:08:53	MergeVcfs	Processed     3,220,000 records.  Elapsed time: 00:00:41s.  Time for last 10,000:    0s.  Last read position: 14:28,794,809
INFO	2018-05-25 20:08:53	MergeVcfs	Processed     3,230,000 records.  Elapsed time: 00:00:41s.  Time for last 10,000:    0s.  Last read position: 14:35,892,598
INFO	2018-05-25 20:08:53	MergeVcfs	Processed     3,240,000 records.  Elapsed time: 00:00:41s.  Time for last 10,000:    0s.  Last read position: 14:42,005,766
INFO	2018-05-25 20:08:54	MergeVcfs	Processed     3,250,000 records.  Elapsed time: 00:00:42s.  Time for last 10,000:    0s.  Last read position: 14:48,668,141
INFO	2018-05-25 20:08:54	MergeVcfs	Processed     3,260,000 records.  Elapsed time: 00:00:42s.  Time for last 10,000:    0s.  Last read position: 14:54,343,985
INFO	2018-05-25 20:08:54	MergeVcfs	Processed     3,270,000 records.  Elapsed time: 00:00:42s.  Time for last 10,000:    0s.  Last read position: 14:61,570,043
INFO	2018-05-25 20:08:54	MergeVcfs	Processed     3,280,000 records.  Elapsed time: 00:00:42s.  Time for last 10,000:    0s.  Last read position: 14:67,816,914
INFO	2018-05-25 20:08:54	MergeVcfs	Processed     3,290,000 records.  Elapsed time: 00:00:42s.  Time for last 10,000:    0s.  Last read position: 14:75,145,398
INFO	2018-05-25 20:08:54	MergeVcfs	Processed     3,300,000 records.  Elapsed time: 00:00:42s.  Time for last 10,000:    0s.  Last read position: 14:82,354,287
INFO	2018-05-25 20:08:54	MergeVcfs	Processed     3,310,000 records.  Elapsed time: 00:00:42s.  Time for last 10,000:    0s.  Last read position: 14:89,380,161
INFO	2018-05-25 20:08:54	MergeVcfs	Processed     3,320,000 records.  Elapsed time: 00:00:42s.  Time for last 10,000:    0s.  Last read position: 14:95,130,883
INFO	2018-05-25 20:08:54	MergeVcfs	Processed     3,330,000 records.  Elapsed time: 00:00:42s.  Time for last 10,000:    0s.  Last read position: 14:100,822,719
INFO	2018-05-25 20:08:54	MergeVcfs	Processed     3,340,000 records.  Elapsed time: 00:00:43s.  Time for last 10,000:    0s.  Last read position: 14:106,761,320
INFO	2018-05-25 20:08:55	MergeVcfs	Processed     3,350,000 records.  Elapsed time: 00:00:43s.  Time for last 10,000:    0s.  Last read position: 15:26,293,204
INFO	2018-05-25 20:08:55	MergeVcfs	Processed     3,360,000 records.  Elapsed time: 00:00:43s.  Time for last 10,000:    0s.  Last read position: 15:33,995,495
INFO	2018-05-25 20:08:55	MergeVcfs	Processed     3,370,000 records.  Elapsed time: 00:00:43s.  Time for last 10,000:    0s.  Last read position: 15:40,082,066
INFO	2018-05-25 20:08:55	MergeVcfs	Processed     3,380,000 records.  Elapsed time: 00:00:43s.  Time for last 10,000:    0s.  Last read position: 15:48,234,048
INFO	2018-05-25 20:08:55	MergeVcfs	Processed     3,390,000 records.  Elapsed time: 00:00:43s.  Time for last 10,000:    0s.  Last read position: 15:54,794,362
INFO	2018-05-25 20:08:55	MergeVcfs	Processed     3,400,000 records.  Elapsed time: 00:00:43s.  Time for last 10,000:    0s.  Last read position: 15:60,304,969
INFO	2018-05-25 20:08:55	MergeVcfs	Processed     3,410,000 records.  Elapsed time: 00:00:43s.  Time for last 10,000:    0s.  Last read position: 15:66,575,781
INFO	2018-05-25 20:08:55	MergeVcfs	Processed     3,420,000 records.  Elapsed time: 00:00:43s.  Time for last 10,000:    0s.  Last read position: 15:73,989,908
INFO	2018-05-25 20:08:55	MergeVcfs	Processed     3,430,000 records.  Elapsed time: 00:00:43s.  Time for last 10,000:    0s.  Last read position: 15:81,251,672
INFO	2018-05-25 20:08:55	MergeVcfs	Processed     3,440,000 records.  Elapsed time: 00:00:44s.  Time for last 10,000:    0s.  Last read position: 15:89,430,306
INFO	2018-05-25 20:08:56	MergeVcfs	Processed     3,450,000 records.  Elapsed time: 00:00:44s.  Time for last 10,000:    0s.  Last read position: 15:94,798,406
INFO	2018-05-25 20:08:56	MergeVcfs	Processed     3,460,000 records.  Elapsed time: 00:00:44s.  Time for last 10,000:    0s.  Last read position: 15:101,084,172
INFO	2018-05-25 20:08:56	MergeVcfs	Processed     3,470,000 records.  Elapsed time: 00:00:44s.  Time for last 10,000:    0s.  Last read position: 16:4,470,027
INFO	2018-05-25 20:08:56	MergeVcfs	Processed     3,480,000 records.  Elapsed time: 00:00:44s.  Time for last 10,000:    0s.  Last read position: 16:8,516,188
INFO	2018-05-25 20:08:56	MergeVcfs	Processed     3,490,000 records.  Elapsed time: 00:00:44s.  Time for last 10,000:    0s.  Last read position: 16:12,979,366
INFO	2018-05-25 20:08:56	MergeVcfs	Processed     3,500,000 records.  Elapsed time: 00:00:44s.  Time for last 10,000:    0s.  Last read position: 16:21,158,508
INFO	2018-05-25 20:08:56	MergeVcfs	Processed     3,510,000 records.  Elapsed time: 00:00:44s.  Time for last 10,000:    0s.  Last read position: 16:28,515,908
INFO	2018-05-25 20:08:56	MergeVcfs	Processed     3,520,000 records.  Elapsed time: 00:00:44s.  Time for last 10,000:    0s.  Last read position: 16:51,720,297
INFO	2018-05-25 20:08:56	MergeVcfs	Processed     3,530,000 records.  Elapsed time: 00:00:44s.  Time for last 10,000:    0s.  Last read position: 16:58,368,353
INFO	2018-05-25 20:08:56	MergeVcfs	Processed     3,540,000 records.  Elapsed time: 00:00:45s.  Time for last 10,000:    0s.  Last read position: 16:70,396,243
INFO	2018-05-25 20:08:57	MergeVcfs	Processed     3,550,000 records.  Elapsed time: 00:00:45s.  Time for last 10,000:    0s.  Last read position: 16:77,015,770
INFO	2018-05-25 20:08:57	MergeVcfs	Processed     3,560,000 records.  Elapsed time: 00:00:45s.  Time for last 10,000:    0s.  Last read position: 16:80,886,867
INFO	2018-05-25 20:08:57	MergeVcfs	Processed     3,570,000 records.  Elapsed time: 00:00:45s.  Time for last 10,000:    0s.  Last read position: 16:84,358,345
INFO	2018-05-25 20:08:57	MergeVcfs	Processed     3,580,000 records.  Elapsed time: 00:00:45s.  Time for last 10,000:    0s.  Last read position: 16:88,292,550
INFO	2018-05-25 20:08:57	MergeVcfs	Processed     3,590,000 records.  Elapsed time: 00:00:45s.  Time for last 10,000:    0s.  Last read position: 17:3,289,173
INFO	2018-05-25 20:08:57	MergeVcfs	Processed     3,600,000 records.  Elapsed time: 00:00:45s.  Time for last 10,000:    0s.  Last read position: 17:8,645,254
INFO	2018-05-25 20:08:57	MergeVcfs	Processed     3,610,000 records.  Elapsed time: 00:00:45s.  Time for last 10,000:    0s.  Last read position: 17:14,275,442
INFO	2018-05-25 20:08:57	MergeVcfs	Processed     3,620,000 records.  Elapsed time: 00:00:45s.  Time for last 10,000:    0s.  Last read position: 17:22,253,655
INFO	2018-05-25 20:08:57	MergeVcfs	Processed     3,630,000 records.  Elapsed time: 00:00:45s.  Time for last 10,000:    0s.  Last read position: 17:33,924,587
INFO	2018-05-25 20:08:58	MergeVcfs	Processed     3,640,000 records.  Elapsed time: 00:00:46s.  Time for last 10,000:    0s.  Last read position: 17:41,477,710
INFO	2018-05-25 20:08:58	MergeVcfs	Processed     3,650,000 records.  Elapsed time: 00:00:46s.  Time for last 10,000:    0s.  Last read position: 17:50,192,165
INFO	2018-05-25 20:08:58	MergeVcfs	Processed     3,660,000 records.  Elapsed time: 00:00:46s.  Time for last 10,000:    0s.  Last read position: 17:57,711,031
INFO	2018-05-25 20:08:58	MergeVcfs	Processed     3,670,000 records.  Elapsed time: 00:00:46s.  Time for last 10,000:    0s.  Last read position: 17:66,220,272
INFO	2018-05-25 20:08:58	MergeVcfs	Processed     3,680,000 records.  Elapsed time: 00:00:46s.  Time for last 10,000:    0s.  Last read position: 17:72,495,486
INFO	2018-05-25 20:08:58	MergeVcfs	Processed     3,690,000 records.  Elapsed time: 00:00:46s.  Time for last 10,000:    0s.  Last read position: 17:78,516,908
INFO	2018-05-25 20:08:58	MergeVcfs	Processed     3,700,000 records.  Elapsed time: 00:00:46s.  Time for last 10,000:    0s.  Last read position: 18:2,286,568
INFO	2018-05-25 20:08:58	MergeVcfs	Processed     3,710,000 records.  Elapsed time: 00:00:46s.  Time for last 10,000:    0s.  Last read position: 18:8,272,353
INFO	2018-05-25 20:08:58	MergeVcfs	Processed     3,720,000 records.  Elapsed time: 00:00:46s.  Time for last 10,000:    0s.  Last read position: 18:13,870,982
INFO	2018-05-25 20:08:58	MergeVcfs	Processed     3,730,000 records.  Elapsed time: 00:00:46s.  Time for last 10,000:    0s.  Last read position: 18:24,689,706
INFO	2018-05-25 20:08:59	MergeVcfs	Processed     3,740,000 records.  Elapsed time: 00:00:47s.  Time for last 10,000:    0s.  Last read position: 18:31,622,386
INFO	2018-05-25 20:08:59	MergeVcfs	Processed     3,750,000 records.  Elapsed time: 00:00:47s.  Time for last 10,000:    0s.  Last read position: 18:39,865,499
INFO	2018-05-25 20:08:59	MergeVcfs	Processed     3,760,000 records.  Elapsed time: 00:00:47s.  Time for last 10,000:    0s.  Last read position: 18:47,338,195
INFO	2018-05-25 20:08:59	MergeVcfs	Processed     3,770,000 records.  Elapsed time: 00:00:47s.  Time for last 10,000:    0s.  Last read position: 18:53,225,637
INFO	2018-05-25 20:08:59	MergeVcfs	Processed     3,780,000 records.  Elapsed time: 00:00:47s.  Time for last 10,000:    0s.  Last read position: 18:59,621,115
INFO	2018-05-25 20:08:59	MergeVcfs	Processed     3,790,000 records.  Elapsed time: 00:00:47s.  Time for last 10,000:    0s.  Last read position: 18:65,573,535
INFO	2018-05-25 20:08:59	MergeVcfs	Processed     3,800,000 records.  Elapsed time: 00:00:47s.  Time for last 10,000:    0s.  Last read position: 18:70,396,518
INFO	2018-05-25 20:08:59	MergeVcfs	Processed     3,810,000 records.  Elapsed time: 00:00:47s.  Time for last 10,000:    0s.  Last read position: 18:75,397,736
INFO	2018-05-25 20:08:59	MergeVcfs	Processed     3,820,000 records.  Elapsed time: 00:00:47s.  Time for last 10,000:    0s.  Last read position: 19:2,644,456
INFO	2018-05-25 20:08:59	MergeVcfs	Processed     3,830,000 records.  Elapsed time: 00:00:47s.  Time for last 10,000:    0s.  Last read position: 19:8,503,574
INFO	2018-05-25 20:09:00	MergeVcfs	Processed     3,840,000 records.  Elapsed time: 00:00:48s.  Time for last 10,000:    0s.  Last read position: 19:15,784,061
INFO	2018-05-25 20:09:00	MergeVcfs	Processed     3,850,000 records.  Elapsed time: 00:00:48s.  Time for last 10,000:    0s.  Last read position: 19:21,212,412
INFO	2018-05-25 20:09:00	MergeVcfs	Processed     3,860,000 records.  Elapsed time: 00:00:48s.  Time for last 10,000:    0s.  Last read position: 19:28,975,927
INFO	2018-05-25 20:09:00	MergeVcfs	Processed     3,870,000 records.  Elapsed time: 00:00:48s.  Time for last 10,000:    0s.  Last read position: 19:35,702,355
INFO	2018-05-25 20:09:00	MergeVcfs	Processed     3,880,000 records.  Elapsed time: 00:00:48s.  Time for last 10,000:    0s.  Last read position: 19:43,459,858
INFO	2018-05-25 20:09:00	MergeVcfs	Processed     3,890,000 records.  Elapsed time: 00:00:48s.  Time for last 10,000:    0s.  Last read position: 19:49,074,764
INFO	2018-05-25 20:09:00	MergeVcfs	Processed     3,900,000 records.  Elapsed time: 00:00:48s.  Time for last 10,000:    0s.  Last read position: 19:54,553,956
INFO	2018-05-25 20:09:00	MergeVcfs	Processed     3,910,000 records.  Elapsed time: 00:00:48s.  Time for last 10,000:    0s.  Last read position: 20:1,277,099
INFO	2018-05-25 20:09:00	MergeVcfs	Processed     3,920,000 records.  Elapsed time: 00:00:48s.  Time for last 10,000:    0s.  Last read position: 20:7,343,306
INFO	2018-05-25 20:09:00	MergeVcfs	Processed     3,930,000 records.  Elapsed time: 00:00:48s.  Time for last 10,000:    0s.  Last read position: 20:14,724,253
INFO	2018-05-25 20:09:01	MergeVcfs	Processed     3,940,000 records.  Elapsed time: 00:00:49s.  Time for last 10,000:    0s.  Last read position: 20:21,385,840
INFO	2018-05-25 20:09:01	MergeVcfs	Processed     3,950,000 records.  Elapsed time: 00:00:49s.  Time for last 10,000:    0s.  Last read position: 20:32,537,884
INFO	2018-05-25 20:09:01	MergeVcfs	Processed     3,960,000 records.  Elapsed time: 00:00:49s.  Time for last 10,000:    0s.  Last read position: 20:41,932,155
INFO	2018-05-25 20:09:01	MergeVcfs	Processed     3,970,000 records.  Elapsed time: 00:00:49s.  Time for last 10,000:    0s.  Last read position: 20:49,293,306
INFO	2018-05-25 20:09:01	MergeVcfs	Processed     3,980,000 records.  Elapsed time: 00:00:49s.  Time for last 10,000:    0s.  Last read position: 20:55,299,384
INFO	2018-05-25 20:09:01	MergeVcfs	Processed     3,990,000 records.  Elapsed time: 00:00:49s.  Time for last 10,000:    0s.  Last read position: 20:61,154,641
INFO	2018-05-25 20:09:01	MergeVcfs	Processed     4,000,000 records.  Elapsed time: 00:00:49s.  Time for last 10,000:    0s.  Last read position: 21:16,652,920
INFO	2018-05-25 20:09:01	MergeVcfs	Processed     4,010,000 records.  Elapsed time: 00:00:49s.  Time for last 10,000:    0s.  Last read position: 21:21,844,649
INFO	2018-05-25 20:09:01	MergeVcfs	Processed     4,020,000 records.  Elapsed time: 00:00:49s.  Time for last 10,000:    0s.  Last read position: 21:27,184,183
INFO	2018-05-25 20:09:01	MergeVcfs	Processed     4,030,000 records.  Elapsed time: 00:00:49s.  Time for last 10,000:    0s.  Last read position: 21:33,207,063
INFO	2018-05-25 20:09:02	MergeVcfs	Processed     4,040,000 records.  Elapsed time: 00:00:50s.  Time for last 10,000:    0s.  Last read position: 21:39,815,267
INFO	2018-05-25 20:09:02	MergeVcfs	Processed     4,050,000 records.  Elapsed time: 00:00:50s.  Time for last 10,000:    0s.  Last read position: 21:44,757,574
INFO	2018-05-25 20:09:02	MergeVcfs	Processed     4,060,000 records.  Elapsed time: 00:00:50s.  Time for last 10,000:    0s.  Last read position: 22:19,006,125
INFO	2018-05-25 20:09:02	MergeVcfs	Processed     4,070,000 records.  Elapsed time: 00:00:50s.  Time for last 10,000:    0s.  Last read position: 22:25,837,939
INFO	2018-05-25 20:09:02	MergeVcfs	Processed     4,080,000 records.  Elapsed time: 00:00:50s.  Time for last 10,000:    0s.  Last read position: 22:33,280,097
INFO	2018-05-25 20:09:02	MergeVcfs	Processed     4,090,000 records.  Elapsed time: 00:00:50s.  Time for last 10,000:    0s.  Last read position: 22:39,290,138
INFO	2018-05-25 20:09:02	MergeVcfs	Processed     4,100,000 records.  Elapsed time: 00:00:50s.  Time for last 10,000:    0s.  Last read position: 22:45,525,190
INFO	2018-05-25 20:09:02	MergeVcfs	Processed     4,110,000 records.  Elapsed time: 00:00:50s.  Time for last 10,000:    0s.  Last read position: 22:50,220,482
INFO	2018-05-25 20:09:02	MergeVcfs	Processed     4,120,000 records.  Elapsed time: 00:00:50s.  Time for last 10,000:    0s.  Last read position: X:2,954,932
INFO	2018-05-25 20:09:02	MergeVcfs	Processed     4,130,000 records.  Elapsed time: 00:00:50s.  Time for last 10,000:    0s.  Last read position: X:12,139,230
INFO	2018-05-25 20:09:03	MergeVcfs	Processed     4,140,000 records.  Elapsed time: 00:00:51s.  Time for last 10,000:    0s.  Last read position: X:25,659,274
INFO	2018-05-25 20:09:03	MergeVcfs	Processed     4,150,000 records.  Elapsed time: 00:00:51s.  Time for last 10,000:    0s.  Last read position: X:38,164,999
INFO	2018-05-25 20:09:03	MergeVcfs	Processed     4,160,000 records.  Elapsed time: 00:00:51s.  Time for last 10,000:    0s.  Last read position: X:52,665,080
INFO	2018-05-25 20:09:03	MergeVcfs	Processed     4,170,000 records.  Elapsed time: 00:00:51s.  Time for last 10,000:    0s.  Last read position: X:71,362,454
INFO	2018-05-25 20:09:03	MergeVcfs	Processed     4,180,000 records.  Elapsed time: 00:00:51s.  Time for last 10,000:    0s.  Last read position: X:80,903,283
INFO	2018-05-25 20:09:03	MergeVcfs	Processed     4,190,000 records.  Elapsed time: 00:00:51s.  Time for last 10,000:    0s.  Last read position: X:89,610,269
INFO	2018-05-25 20:09:03	MergeVcfs	Processed     4,200,000 records.  Elapsed time: 00:00:51s.  Time for last 10,000:    0s.  Last read position: X:100,114,985
INFO	2018-05-25 20:09:03	MergeVcfs	Processed     4,210,000 records.  Elapsed time: 00:00:51s.  Time for last 10,000:    0s.  Last read position: X:115,052,546
INFO	2018-05-25 20:09:03	MergeVcfs	Processed     4,220,000 records.  Elapsed time: 00:00:51s.  Time for last 10,000:    0s.  Last read position: X:124,755,613
INFO	2018-05-25 20:09:03	MergeVcfs	Processed     4,230,000 records.  Elapsed time: 00:00:51s.  Time for last 10,000:    0s.  Last read position: X:136,618,483
INFO	2018-05-25 20:09:03	MergeVcfs	Processed     4,240,000 records.  Elapsed time: 00:00:52s.  Time for last 10,000:    0s.  Last read position: X:145,919,443
[Fri May 25 20:09:04 UTC 2018] picard.vcf.MergeVcfs done. Elapsed time: 0.87 minutes.
Runtime.totalMemory()=418906112

Completed merging DDR positive individual genotype VCF files from 1000 Genome Project
Fri 25 May 20:09:04 UTC 2018

Completed s01_select_HG00365_ddr_positive_kgen.sh
Fri 25 May 20:09:04 UTC 2018

