Starting s01_select_NA19043_ddr_positive_kgen.sh
Thu 24 May 18:16:00 UTC 2018

1000 Genomes Project Individual ID - DDR positive genotype to be extracted - NA19043

Selecting DDR positive individual genotype from 1000 Genome Project (Chromosome 1) ...
Thu 24 May 18:16:00 UTC 2018

Completed DDR positive individual genotype from 1000 Genome Project (Chromosome 1)
Thu 24 May 18:45:35 UTC 2018

Selecting DDR positive individual genotype from 1000 Genome Project (Chromosome 2) ...
Thu 24 May 18:45:35 UTC 2018

Completed DDR positive individual genotype from 1000 Genome Project (Chromosome 2)
Thu 24 May 19:18:09 UTC 2018

Selecting DDR positive individual genotype from 1000 Genome Project (Chromosome 3) ...
Thu 24 May 19:18:09 UTC 2018

Completed DDR positive individual genotype from 1000 Genome Project (Chromosome 3)
Thu 24 May 19:44:26 UTC 2018

Selecting DDR positive individual genotype from 1000 Genome Project (Chromosome 4) ...
Thu 24 May 19:44:26 UTC 2018

Completed DDR positive individual genotype from 1000 Genome Project (Chromosome 4)
Thu 24 May 20:10:57 UTC 2018

Selecting DDR positive individual genotype from 1000 Genome Project (Chromosome 5) ...
Thu 24 May 20:10:57 UTC 2018

Completed DDR positive individual genotype from 1000 Genome Project (Chromosome 5)
Thu 24 May 20:34:55 UTC 2018

Selecting DDR positive individual genotype from 1000 Genome Project (Chromosome 6) ...
Thu 24 May 20:34:55 UTC 2018

Completed DDR positive individual genotype from 1000 Genome Project (Chromosome 6)
Thu 24 May 20:58:25 UTC 2018

Selecting DDR positive individual genotype from 1000 Genome Project (Chromosome 7) ...
Thu 24 May 20:58:25 UTC 2018

Completed DDR positive individual genotype from 1000 Genome Project (Chromosome 7)
Thu 24 May 21:19:57 UTC 2018

Selecting DDR positive individual genotype from 1000 Genome Project (Chromosome 8) ...
Thu 24 May 21:19:57 UTC 2018

Completed DDR positive individual genotype from 1000 Genome Project (Chromosome 8)
Thu 24 May 21:40:26 UTC 2018

Selecting DDR positive individual genotype from 1000 Genome Project (Chromosome 9) ...
Thu 24 May 21:40:26 UTC 2018

Completed DDR positive individual genotype from 1000 Genome Project (Chromosome 9)
Thu 24 May 21:56:50 UTC 2018

Selecting DDR positive individual genotype from 1000 Genome Project (Chromosome 10) ...
Thu 24 May 21:56:50 UTC 2018

Completed DDR positive individual genotype from 1000 Genome Project (Chromosome 10)
Thu 24 May 22:14:33 UTC 2018

Selecting DDR positive individual genotype from 1000 Genome Project (Chromosome 11) ...
Thu 24 May 22:14:33 UTC 2018

Completed DDR positive individual genotype from 1000 Genome Project (Chromosome 11)
Thu 24 May 22:32:47 UTC 2018

Selecting DDR positive individual genotype from 1000 Genome Project (Chromosome 12) ...
Thu 24 May 22:32:47 UTC 2018

Completed DDR positive individual genotype from 1000 Genome Project (Chromosome 12)
Thu 24 May 22:50:10 UTC 2018

Selecting DDR positive individual genotype from 1000 Genome Project (Chromosome 13) ...
Thu 24 May 22:50:10 UTC 2018

Completed DDR positive individual genotype from 1000 Genome Project (Chromosome 13)
Thu 24 May 23:03:11 UTC 2018

Selecting DDR positive individual genotype from 1000 Genome Project (Chromosome 14) ...
Thu 24 May 23:03:11 UTC 2018

Completed DDR positive individual genotype from 1000 Genome Project (Chromosome 14)
Thu 24 May 23:15:09 UTC 2018

Selecting DDR positive individual genotype from 1000 Genome Project (Chromosome 15) ...
Thu 24 May 23:15:09 UTC 2018

Completed DDR positive individual genotype from 1000 Genome Project (Chromosome 15)
Thu 24 May 23:26:18 UTC 2018

Selecting DDR positive individual genotype from 1000 Genome Project (Chromosome 16) ...
Thu 24 May 23:26:18 UTC 2018

Completed DDR positive individual genotype from 1000 Genome Project (Chromosome 16)
Thu 24 May 23:38:35 UTC 2018

Selecting DDR positive individual genotype from 1000 Genome Project (Chromosome 17) ...
Thu 24 May 23:38:35 UTC 2018

Completed DDR positive individual genotype from 1000 Genome Project (Chromosome 17)
Thu 24 May 23:49:25 UTC 2018

Selecting DDR positive individual genotype from 1000 Genome Project (Chromosome 18) ...
Thu 24 May 23:49:25 UTC 2018

Completed DDR positive individual genotype from 1000 Genome Project (Chromosome 18)
Thu 24 May 23:59:33 UTC 2018

Selecting DDR positive individual genotype from 1000 Genome Project (Chromosome 19) ...
Thu 24 May 23:59:33 UTC 2018

Completed DDR positive individual genotype from 1000 Genome Project (Chromosome 19)
Fri 25 May 00:08:12 UTC 2018

Selecting DDR positive individual genotype from 1000 Genome Project (Chromosome 20) ...
Fri 25 May 00:08:12 UTC 2018

Completed DDR positive individual genotype from 1000 Genome Project (Chromosome 20)
Fri 25 May 00:16:27 UTC 2018

Selecting DDR positive individual genotype from 1000 Genome Project (Chromosome 21) ...
Fri 25 May 00:16:27 UTC 2018

Completed DDR positive individual genotype from 1000 Genome Project (Chromosome 21)
Fri 25 May 00:21:42 UTC 2018

Selecting DDR positive individual genotype from 1000 Genome Project (Chromosome 22) ...
Fri 25 May 00:21:42 UTC 2018

Completed DDR positive individual genotype from 1000 Genome Project (Chromosome 22)
Fri 25 May 00:26:54 UTC 2018

Selecting DDR positive individual genotype from 1000 Genome Project (Chromosome X) ...
Fri 25 May 00:26:54 UTC 2018

Completed DDR positive individual genotype from 1000 Genome Project (Chromosome X)
Fri 25 May 00:46:00 UTC 2018


Merging DDR positive individual genotype VCF files from 1000 Genome Project
Fri 25 May 00:46:00 UTC 2018
00:46:03.831 INFO  NativeLibraryLoader - Loading libgkl_compression.so from jar:file:/home/ec2-user/tools/picard/picard.jar!/com/intel/gkl/native/libgkl_compression.so
[Fri May 25 00:46:03 UTC 2018] MergeVcfs INPUT=[/home/ec2-user/results/data_analysis/gt_individuals/kgen/ddr_positive/NA19043/s01_NA19043_ddr_positive_kgen_chr1_raw.vcf, /home/ec2-user/results/data_analysis/gt_individuals/kgen/ddr_positive/NA19043/s01_NA19043_ddr_positive_kgen_chr2_raw.vcf, /home/ec2-user/results/data_analysis/gt_individuals/kgen/ddr_positive/NA19043/s01_NA19043_ddr_positive_kgen_chr3_raw.vcf, /home/ec2-user/results/data_analysis/gt_individuals/kgen/ddr_positive/NA19043/s01_NA19043_ddr_positive_kgen_chr4_raw.vcf, /home/ec2-user/results/data_analysis/gt_individuals/kgen/ddr_positive/NA19043/s01_NA19043_ddr_positive_kgen_chr5_raw.vcf, /home/ec2-user/results/data_analysis/gt_individuals/kgen/ddr_positive/NA19043/s01_NA19043_ddr_positive_kgen_chr6_raw.vcf, /home/ec2-user/results/data_analysis/gt_individuals/kgen/ddr_positive/NA19043/s01_NA19043_ddr_positive_kgen_chr7_raw.vcf, /home/ec2-user/results/data_analysis/gt_individuals/kgen/ddr_positive/NA19043/s01_NA19043_ddr_positive_kgen_chr8_raw.vcf, /home/ec2-user/results/data_analysis/gt_individuals/kgen/ddr_positive/NA19043/s01_NA19043_ddr_positive_kgen_chr9_raw.vcf, /home/ec2-user/results/data_analysis/gt_individuals/kgen/ddr_positive/NA19043/s01_NA19043_ddr_positive_kgen_chr10_raw.vcf, /home/ec2-user/results/data_analysis/gt_individuals/kgen/ddr_positive/NA19043/s01_NA19043_ddr_positive_kgen_chr11_raw.vcf, /home/ec2-user/results/data_analysis/gt_individuals/kgen/ddr_positive/NA19043/s01_NA19043_ddr_positive_kgen_chr12_raw.vcf, /home/ec2-user/results/data_analysis/gt_individuals/kgen/ddr_positive/NA19043/s01_NA19043_ddr_positive_kgen_chr13_raw.vcf, /home/ec2-user/results/data_analysis/gt_individuals/kgen/ddr_positive/NA19043/s01_NA19043_ddr_positive_kgen_chr14_raw.vcf, /home/ec2-user/results/data_analysis/gt_individuals/kgen/ddr_positive/NA19043/s01_NA19043_ddr_positive_kgen_chr15_raw.vcf, /home/ec2-user/results/data_analysis/gt_individuals/kgen/ddr_positive/NA19043/s01_NA19043_ddr_positive_kgen_chr16_raw.vcf, /home/ec2-user/results/data_analysis/gt_individuals/kgen/ddr_positive/NA19043/s01_NA19043_ddr_positive_kgen_chr17_raw.vcf, /home/ec2-user/results/data_analysis/gt_individuals/kgen/ddr_positive/NA19043/s01_NA19043_ddr_positive_kgen_chr18_raw.vcf, /home/ec2-user/results/data_analysis/gt_individuals/kgen/ddr_positive/NA19043/s01_NA19043_ddr_positive_kgen_chr19_raw.vcf, /home/ec2-user/results/data_analysis/gt_individuals/kgen/ddr_positive/NA19043/s01_NA19043_ddr_positive_kgen_chr20_raw.vcf, /home/ec2-user/results/data_analysis/gt_individuals/kgen/ddr_positive/NA19043/s01_NA19043_ddr_positive_kgen_chr21_raw.vcf, /home/ec2-user/results/data_analysis/gt_individuals/kgen/ddr_positive/NA19043/s01_NA19043_ddr_positive_kgen_chr22_raw.vcf, /home/ec2-user/results/data_analysis/gt_individuals/kgen/ddr_positive/NA19043/s01_NA19043_ddr_positive_kgen_chrX_raw.vcf] OUTPUT=/home/ec2-user/results/data_analysis/gt_individuals/kgen/ddr_positive/NA19043/s01_NA19043_ddr_positive_kgen_merged_raw.vcf.gz    VERBOSITY=INFO QUIET=false VALIDATION_STRINGENCY=STRICT COMPRESSION_LEVEL=5 MAX_RECORDS_IN_RAM=500000 CREATE_INDEX=true CREATE_MD5_FILE=false GA4GH_CLIENT_SECRETS=client_secrets.json USE_JDK_DEFLATER=false USE_JDK_INFLATER=false
[Fri May 25 00:46:03 UTC 2018] Executing as ec2-user@ip-172-31-34-3 on Linux 4.14.33-51.37.amzn1.x86_64 amd64; OpenJDK 64-Bit Server VM 1.8.0_171-b10; Deflater: Intel; Inflater: Intel; Provider GCS is not available; Picard version: 2.18.2-SNAPSHOT
INFO	2018-05-25 00:46:05	MergeVcfs	Processed        10,000 records.  Elapsed time: 00:00:01s.  Time for last 10,000:    0s.  Last read position: 1:5,213,647
INFO	2018-05-25 00:46:05	MergeVcfs	Processed        20,000 records.  Elapsed time: 00:00:01s.  Time for last 10,000:    0s.  Last read position: 1:10,495,773
INFO	2018-05-25 00:46:05	MergeVcfs	Processed        30,000 records.  Elapsed time: 00:00:02s.  Time for last 10,000:    0s.  Last read position: 1:16,379,823
INFO	2018-05-25 00:46:06	MergeVcfs	Processed        40,000 records.  Elapsed time: 00:00:02s.  Time for last 10,000:    0s.  Last read position: 1:21,541,734
INFO	2018-05-25 00:46:06	MergeVcfs	Processed        50,000 records.  Elapsed time: 00:00:02s.  Time for last 10,000:    0s.  Last read position: 1:27,872,839
INFO	2018-05-25 00:46:06	MergeVcfs	Processed        60,000 records.  Elapsed time: 00:00:03s.  Time for last 10,000:    0s.  Last read position: 1:34,505,400
INFO	2018-05-25 00:46:07	MergeVcfs	Processed        70,000 records.  Elapsed time: 00:00:03s.  Time for last 10,000:    0s.  Last read position: 1:41,785,005
INFO	2018-05-25 00:46:07	MergeVcfs	Processed        80,000 records.  Elapsed time: 00:00:03s.  Time for last 10,000:    0s.  Last read position: 1:48,485,047
INFO	2018-05-25 00:46:07	MergeVcfs	Processed        90,000 records.  Elapsed time: 00:00:03s.  Time for last 10,000:    0s.  Last read position: 1:55,494,682
INFO	2018-05-25 00:46:08	MergeVcfs	Processed       100,000 records.  Elapsed time: 00:00:04s.  Time for last 10,000:    0s.  Last read position: 1:61,922,046
INFO	2018-05-25 00:46:08	MergeVcfs	Processed       110,000 records.  Elapsed time: 00:00:04s.  Time for last 10,000:    0s.  Last read position: 1:67,101,497
INFO	2018-05-25 00:46:08	MergeVcfs	Processed       120,000 records.  Elapsed time: 00:00:04s.  Time for last 10,000:    0s.  Last read position: 1:73,336,312
INFO	2018-05-25 00:46:08	MergeVcfs	Processed       130,000 records.  Elapsed time: 00:00:04s.  Time for last 10,000:    0s.  Last read position: 1:79,330,958
INFO	2018-05-25 00:46:08	MergeVcfs	Processed       140,000 records.  Elapsed time: 00:00:05s.  Time for last 10,000:    0s.  Last read position: 1:84,969,305
INFO	2018-05-25 00:46:09	MergeVcfs	Processed       150,000 records.  Elapsed time: 00:00:05s.  Time for last 10,000:    0s.  Last read position: 1:91,755,014
INFO	2018-05-25 00:46:09	MergeVcfs	Processed       160,000 records.  Elapsed time: 00:00:05s.  Time for last 10,000:    0s.  Last read position: 1:97,669,738
INFO	2018-05-25 00:46:09	MergeVcfs	Processed       170,000 records.  Elapsed time: 00:00:05s.  Time for last 10,000:    0s.  Last read position: 1:103,049,936
INFO	2018-05-25 00:46:09	MergeVcfs	Processed       180,000 records.  Elapsed time: 00:00:05s.  Time for last 10,000:    0s.  Last read position: 1:108,014,346
INFO	2018-05-25 00:46:09	MergeVcfs	Processed       190,000 records.  Elapsed time: 00:00:05s.  Time for last 10,000:    0s.  Last read position: 1:114,369,523
INFO	2018-05-25 00:46:09	MergeVcfs	Processed       200,000 records.  Elapsed time: 00:00:05s.  Time for last 10,000:    0s.  Last read position: 1:121,363,551
INFO	2018-05-25 00:46:09	MergeVcfs	Processed       210,000 records.  Elapsed time: 00:00:05s.  Time for last 10,000:    0s.  Last read position: 1:153,040,165
INFO	2018-05-25 00:46:09	MergeVcfs	Processed       220,000 records.  Elapsed time: 00:00:06s.  Time for last 10,000:    0s.  Last read position: 1:159,048,975
INFO	2018-05-25 00:46:10	MergeVcfs	Processed       230,000 records.  Elapsed time: 00:00:06s.  Time for last 10,000:    0s.  Last read position: 1:164,763,015
INFO	2018-05-25 00:46:10	MergeVcfs	Processed       240,000 records.  Elapsed time: 00:00:06s.  Time for last 10,000:    0s.  Last read position: 1:170,334,934
INFO	2018-05-25 00:46:10	MergeVcfs	Processed       250,000 records.  Elapsed time: 00:00:06s.  Time for last 10,000:    0s.  Last read position: 1:176,053,542
INFO	2018-05-25 00:46:10	MergeVcfs	Processed       260,000 records.  Elapsed time: 00:00:06s.  Time for last 10,000:    0s.  Last read position: 1:181,972,472
INFO	2018-05-25 00:46:10	MergeVcfs	Processed       270,000 records.  Elapsed time: 00:00:06s.  Time for last 10,000:    0s.  Last read position: 1:187,712,121
INFO	2018-05-25 00:46:10	MergeVcfs	Processed       280,000 records.  Elapsed time: 00:00:06s.  Time for last 10,000:    0s.  Last read position: 1:193,098,964
INFO	2018-05-25 00:46:10	MergeVcfs	Processed       290,000 records.  Elapsed time: 00:00:06s.  Time for last 10,000:    0s.  Last read position: 1:198,310,302
INFO	2018-05-25 00:46:10	MergeVcfs	Processed       300,000 records.  Elapsed time: 00:00:06s.  Time for last 10,000:    0s.  Last read position: 1:203,938,312
INFO	2018-05-25 00:46:10	MergeVcfs	Processed       310,000 records.  Elapsed time: 00:00:07s.  Time for last 10,000:    0s.  Last read position: 1:210,817,767
INFO	2018-05-25 00:46:11	MergeVcfs	Processed       320,000 records.  Elapsed time: 00:00:07s.  Time for last 10,000:    0s.  Last read position: 1:217,115,806
INFO	2018-05-25 00:46:11	MergeVcfs	Processed       330,000 records.  Elapsed time: 00:00:07s.  Time for last 10,000:    0s.  Last read position: 1:223,156,382
INFO	2018-05-25 00:46:11	MergeVcfs	Processed       340,000 records.  Elapsed time: 00:00:07s.  Time for last 10,000:    0s.  Last read position: 1:228,400,653
INFO	2018-05-25 00:46:11	MergeVcfs	Processed       350,000 records.  Elapsed time: 00:00:07s.  Time for last 10,000:    0s.  Last read position: 1:233,998,067
INFO	2018-05-25 00:46:11	MergeVcfs	Processed       360,000 records.  Elapsed time: 00:00:07s.  Time for last 10,000:    0s.  Last read position: 1:238,427,259
INFO	2018-05-25 00:46:11	MergeVcfs	Processed       370,000 records.  Elapsed time: 00:00:07s.  Time for last 10,000:    0s.  Last read position: 1:243,015,352
INFO	2018-05-25 00:46:11	MergeVcfs	Processed       380,000 records.  Elapsed time: 00:00:07s.  Time for last 10,000:    0s.  Last read position: 1:247,534,426
INFO	2018-05-25 00:46:11	MergeVcfs	Processed       390,000 records.  Elapsed time: 00:00:07s.  Time for last 10,000:    0s.  Last read position: 2:2,580,875
INFO	2018-05-25 00:46:11	MergeVcfs	Processed       400,000 records.  Elapsed time: 00:00:08s.  Time for last 10,000:    0s.  Last read position: 2:7,507,339
INFO	2018-05-25 00:46:12	MergeVcfs	Processed       410,000 records.  Elapsed time: 00:00:08s.  Time for last 10,000:    0s.  Last read position: 2:12,314,475
INFO	2018-05-25 00:46:12	MergeVcfs	Processed       420,000 records.  Elapsed time: 00:00:08s.  Time for last 10,000:    0s.  Last read position: 2:17,373,855
INFO	2018-05-25 00:46:12	MergeVcfs	Processed       430,000 records.  Elapsed time: 00:00:08s.  Time for last 10,000:    0s.  Last read position: 2:22,947,078
INFO	2018-05-25 00:46:12	MergeVcfs	Processed       440,000 records.  Elapsed time: 00:00:08s.  Time for last 10,000:    0s.  Last read position: 2:29,246,044
INFO	2018-05-25 00:46:12	MergeVcfs	Processed       450,000 records.  Elapsed time: 00:00:08s.  Time for last 10,000:    0s.  Last read position: 2:34,403,344
INFO	2018-05-25 00:46:12	MergeVcfs	Processed       460,000 records.  Elapsed time: 00:00:08s.  Time for last 10,000:    0s.  Last read position: 2:38,568,827
INFO	2018-05-25 00:46:12	MergeVcfs	Processed       470,000 records.  Elapsed time: 00:00:08s.  Time for last 10,000:    0s.  Last read position: 2:43,323,500
INFO	2018-05-25 00:46:12	MergeVcfs	Processed       480,000 records.  Elapsed time: 00:00:08s.  Time for last 10,000:    0s.  Last read position: 2:47,950,973
INFO	2018-05-25 00:46:12	MergeVcfs	Processed       490,000 records.  Elapsed time: 00:00:09s.  Time for last 10,000:    0s.  Last read position: 2:53,160,499
INFO	2018-05-25 00:46:13	MergeVcfs	Processed       500,000 records.  Elapsed time: 00:00:09s.  Time for last 10,000:    0s.  Last read position: 2:58,257,780
INFO	2018-05-25 00:46:13	MergeVcfs	Processed       510,000 records.  Elapsed time: 00:00:09s.  Time for last 10,000:    0s.  Last read position: 2:65,116,956
INFO	2018-05-25 00:46:13	MergeVcfs	Processed       520,000 records.  Elapsed time: 00:00:09s.  Time for last 10,000:    0s.  Last read position: 2:70,451,784
INFO	2018-05-25 00:46:13	MergeVcfs	Processed       530,000 records.  Elapsed time: 00:00:09s.  Time for last 10,000:    0s.  Last read position: 2:76,119,852
INFO	2018-05-25 00:46:13	MergeVcfs	Processed       540,000 records.  Elapsed time: 00:00:09s.  Time for last 10,000:    0s.  Last read position: 2:80,990,212
INFO	2018-05-25 00:46:13	MergeVcfs	Processed       550,000 records.  Elapsed time: 00:00:09s.  Time for last 10,000:    0s.  Last read position: 2:87,062,315
INFO	2018-05-25 00:46:13	MergeVcfs	Processed       560,000 records.  Elapsed time: 00:00:09s.  Time for last 10,000:    0s.  Last read position: 2:101,308,711
INFO	2018-05-25 00:46:13	MergeVcfs	Processed       570,000 records.  Elapsed time: 00:00:09s.  Time for last 10,000:    0s.  Last read position: 2:107,060,418
INFO	2018-05-25 00:46:13	MergeVcfs	Processed       580,000 records.  Elapsed time: 00:00:10s.  Time for last 10,000:    0s.  Last read position: 2:113,940,839
INFO	2018-05-25 00:46:14	MergeVcfs	Processed       590,000 records.  Elapsed time: 00:00:10s.  Time for last 10,000:    0s.  Last read position: 2:119,688,887
INFO	2018-05-25 00:46:14	MergeVcfs	Processed       600,000 records.  Elapsed time: 00:00:10s.  Time for last 10,000:    0s.  Last read position: 2:125,514,455
INFO	2018-05-25 00:46:14	MergeVcfs	Processed       610,000 records.  Elapsed time: 00:00:10s.  Time for last 10,000:    0s.  Last read position: 2:130,640,267
INFO	2018-05-25 00:46:14	MergeVcfs	Processed       620,000 records.  Elapsed time: 00:00:10s.  Time for last 10,000:    0s.  Last read position: 2:136,176,923
INFO	2018-05-25 00:46:14	MergeVcfs	Processed       630,000 records.  Elapsed time: 00:00:10s.  Time for last 10,000:    0s.  Last read position: 2:141,657,265
INFO	2018-05-25 00:46:14	MergeVcfs	Processed       640,000 records.  Elapsed time: 00:00:10s.  Time for last 10,000:    0s.  Last read position: 2:148,420,119
INFO	2018-05-25 00:46:14	MergeVcfs	Processed       650,000 records.  Elapsed time: 00:00:10s.  Time for last 10,000:    0s.  Last read position: 2:155,260,562
INFO	2018-05-25 00:46:14	MergeVcfs	Processed       660,000 records.  Elapsed time: 00:00:10s.  Time for last 10,000:    0s.  Last read position: 2:161,907,794
INFO	2018-05-25 00:46:14	MergeVcfs	Processed       670,000 records.  Elapsed time: 00:00:11s.  Time for last 10,000:    0s.  Last read position: 2:168,765,036
INFO	2018-05-25 00:46:15	MergeVcfs	Processed       680,000 records.  Elapsed time: 00:00:11s.  Time for last 10,000:    0s.  Last read position: 2:174,251,754
INFO	2018-05-25 00:46:15	MergeVcfs	Processed       690,000 records.  Elapsed time: 00:00:11s.  Time for last 10,000:    0s.  Last read position: 2:180,929,432
INFO	2018-05-25 00:46:15	MergeVcfs	Processed       700,000 records.  Elapsed time: 00:00:11s.  Time for last 10,000:    0s.  Last read position: 2:186,821,042
INFO	2018-05-25 00:46:15	MergeVcfs	Processed       710,000 records.  Elapsed time: 00:00:11s.  Time for last 10,000:    0s.  Last read position: 2:193,342,726
INFO	2018-05-25 00:46:15	MergeVcfs	Processed       720,000 records.  Elapsed time: 00:00:11s.  Time for last 10,000:    0s.  Last read position: 2:199,545,315
INFO	2018-05-25 00:46:15	MergeVcfs	Processed       730,000 records.  Elapsed time: 00:00:11s.  Time for last 10,000:    0s.  Last read position: 2:207,038,830
INFO	2018-05-25 00:46:15	MergeVcfs	Processed       740,000 records.  Elapsed time: 00:00:11s.  Time for last 10,000:    0s.  Last read position: 2:212,760,650
INFO	2018-05-25 00:46:15	MergeVcfs	Processed       750,000 records.  Elapsed time: 00:00:11s.  Time for last 10,000:    0s.  Last read position: 2:218,309,740
INFO	2018-05-25 00:46:15	MergeVcfs	Processed       760,000 records.  Elapsed time: 00:00:12s.  Time for last 10,000:    0s.  Last read position: 2:224,038,660
INFO	2018-05-25 00:46:16	MergeVcfs	Processed       770,000 records.  Elapsed time: 00:00:12s.  Time for last 10,000:    0s.  Last read position: 2:228,950,430
INFO	2018-05-25 00:46:16	MergeVcfs	Processed       780,000 records.  Elapsed time: 00:00:12s.  Time for last 10,000:    0s.  Last read position: 2:234,114,243
INFO	2018-05-25 00:46:16	MergeVcfs	Processed       790,000 records.  Elapsed time: 00:00:12s.  Time for last 10,000:    0s.  Last read position: 2:238,612,459
INFO	2018-05-25 00:46:16	MergeVcfs	Processed       800,000 records.  Elapsed time: 00:00:12s.  Time for last 10,000:    0s.  Last read position: 3:180,825
INFO	2018-05-25 00:46:16	MergeVcfs	Processed       810,000 records.  Elapsed time: 00:00:12s.  Time for last 10,000:    0s.  Last read position: 3:3,775,161
INFO	2018-05-25 00:46:16	MergeVcfs	Processed       820,000 records.  Elapsed time: 00:00:12s.  Time for last 10,000:    0s.  Last read position: 3:7,791,385
INFO	2018-05-25 00:46:16	MergeVcfs	Processed       830,000 records.  Elapsed time: 00:00:12s.  Time for last 10,000:    0s.  Last read position: 3:12,437,978
INFO	2018-05-25 00:46:16	MergeVcfs	Processed       840,000 records.  Elapsed time: 00:00:12s.  Time for last 10,000:    0s.  Last read position: 3:17,195,625
INFO	2018-05-25 00:46:16	MergeVcfs	Processed       850,000 records.  Elapsed time: 00:00:13s.  Time for last 10,000:    0s.  Last read position: 3:22,902,601
INFO	2018-05-25 00:46:16	MergeVcfs	Processed       860,000 records.  Elapsed time: 00:00:13s.  Time for last 10,000:    0s.  Last read position: 3:28,414,543
INFO	2018-05-25 00:46:17	MergeVcfs	Processed       870,000 records.  Elapsed time: 00:00:13s.  Time for last 10,000:    0s.  Last read position: 3:34,099,359
INFO	2018-05-25 00:46:17	MergeVcfs	Processed       880,000 records.  Elapsed time: 00:00:13s.  Time for last 10,000:    0s.  Last read position: 3:40,255,177
INFO	2018-05-25 00:46:17	MergeVcfs	Processed       890,000 records.  Elapsed time: 00:00:13s.  Time for last 10,000:    0s.  Last read position: 3:46,408,856
INFO	2018-05-25 00:46:17	MergeVcfs	Processed       900,000 records.  Elapsed time: 00:00:13s.  Time for last 10,000:    0s.  Last read position: 3:54,551,759
INFO	2018-05-25 00:46:17	MergeVcfs	Processed       910,000 records.  Elapsed time: 00:00:13s.  Time for last 10,000:    0s.  Last read position: 3:60,276,185
INFO	2018-05-25 00:46:17	MergeVcfs	Processed       920,000 records.  Elapsed time: 00:00:13s.  Time for last 10,000:    0s.  Last read position: 3:65,284,563
INFO	2018-05-25 00:46:17	MergeVcfs	Processed       930,000 records.  Elapsed time: 00:00:13s.  Time for last 10,000:    0s.  Last read position: 3:70,562,122
INFO	2018-05-25 00:46:17	MergeVcfs	Processed       940,000 records.  Elapsed time: 00:00:13s.  Time for last 10,000:    0s.  Last read position: 3:75,851,012
INFO	2018-05-25 00:46:17	MergeVcfs	Processed       950,000 records.  Elapsed time: 00:00:14s.  Time for last 10,000:    0s.  Last read position: 3:81,599,850
INFO	2018-05-25 00:46:18	MergeVcfs	Processed       960,000 records.  Elapsed time: 00:00:14s.  Time for last 10,000:    0s.  Last read position: 3:87,651,877
INFO	2018-05-25 00:46:18	MergeVcfs	Processed       970,000 records.  Elapsed time: 00:00:14s.  Time for last 10,000:    0s.  Last read position: 3:96,023,599
INFO	2018-05-25 00:46:18	MergeVcfs	Processed       980,000 records.  Elapsed time: 00:00:14s.  Time for last 10,000:    0s.  Last read position: 3:101,014,954
INFO	2018-05-25 00:46:18	MergeVcfs	Processed       990,000 records.  Elapsed time: 00:00:14s.  Time for last 10,000:    0s.  Last read position: 3:107,043,012
INFO	2018-05-25 00:46:18	MergeVcfs	Processed     1,000,000 records.  Elapsed time: 00:00:14s.  Time for last 10,000:    0s.  Last read position: 3:112,383,856
INFO	2018-05-25 00:46:18	MergeVcfs	Processed     1,010,000 records.  Elapsed time: 00:00:14s.  Time for last 10,000:    0s.  Last read position: 3:118,419,383
INFO	2018-05-25 00:46:18	MergeVcfs	Processed     1,020,000 records.  Elapsed time: 00:00:14s.  Time for last 10,000:    0s.  Last read position: 3:124,470,558
INFO	2018-05-25 00:46:18	MergeVcfs	Processed     1,030,000 records.  Elapsed time: 00:00:14s.  Time for last 10,000:    0s.  Last read position: 3:129,897,272
INFO	2018-05-25 00:46:18	MergeVcfs	Processed     1,040,000 records.  Elapsed time: 00:00:15s.  Time for last 10,000:    0s.  Last read position: 3:136,172,260
INFO	2018-05-25 00:46:19	MergeVcfs	Processed     1,050,000 records.  Elapsed time: 00:00:15s.  Time for last 10,000:    0s.  Last read position: 3:142,572,920
INFO	2018-05-25 00:46:19	MergeVcfs	Processed     1,060,000 records.  Elapsed time: 00:00:15s.  Time for last 10,000:    0s.  Last read position: 3:147,959,124
INFO	2018-05-25 00:46:19	MergeVcfs	Processed     1,070,000 records.  Elapsed time: 00:00:15s.  Time for last 10,000:    0s.  Last read position: 3:153,452,105
INFO	2018-05-25 00:46:19	MergeVcfs	Processed     1,080,000 records.  Elapsed time: 00:00:15s.  Time for last 10,000:    0s.  Last read position: 3:159,359,371
INFO	2018-05-25 00:46:19	MergeVcfs	Processed     1,090,000 records.  Elapsed time: 00:00:15s.  Time for last 10,000:    0s.  Last read position: 3:164,138,308
INFO	2018-05-25 00:46:19	MergeVcfs	Processed     1,100,000 records.  Elapsed time: 00:00:15s.  Time for last 10,000:    0s.  Last read position: 3:170,058,772
INFO	2018-05-25 00:46:19	MergeVcfs	Processed     1,110,000 records.  Elapsed time: 00:00:15s.  Time for last 10,000:    0s.  Last read position: 3:175,483,518
INFO	2018-05-25 00:46:19	MergeVcfs	Processed     1,120,000 records.  Elapsed time: 00:00:15s.  Time for last 10,000:    0s.  Last read position: 3:181,673,977
INFO	2018-05-25 00:46:19	MergeVcfs	Processed     1,130,000 records.  Elapsed time: 00:00:16s.  Time for last 10,000:    0s.  Last read position: 3:187,056,143
INFO	2018-05-25 00:46:20	MergeVcfs	Processed     1,140,000 records.  Elapsed time: 00:00:16s.  Time for last 10,000:    0s.  Last read position: 3:191,882,828
INFO	2018-05-25 00:46:20	MergeVcfs	Processed     1,150,000 records.  Elapsed time: 00:00:16s.  Time for last 10,000:    0s.  Last read position: 3:196,391,192
INFO	2018-05-25 00:46:20	MergeVcfs	Processed     1,160,000 records.  Elapsed time: 00:00:16s.  Time for last 10,000:    0s.  Last read position: 4:3,923,407
INFO	2018-05-25 00:46:20	MergeVcfs	Processed     1,170,000 records.  Elapsed time: 00:00:16s.  Time for last 10,000:    0s.  Last read position: 4:7,404,283
INFO	2018-05-25 00:46:20	MergeVcfs	Processed     1,180,000 records.  Elapsed time: 00:00:16s.  Time for last 10,000:    0s.  Last read position: 4:11,153,641
INFO	2018-05-25 00:46:20	MergeVcfs	Processed     1,190,000 records.  Elapsed time: 00:00:16s.  Time for last 10,000:    0s.  Last read position: 4:16,299,728
INFO	2018-05-25 00:46:20	MergeVcfs	Processed     1,200,000 records.  Elapsed time: 00:00:16s.  Time for last 10,000:    0s.  Last read position: 4:21,373,046
INFO	2018-05-25 00:46:20	MergeVcfs	Processed     1,210,000 records.  Elapsed time: 00:00:16s.  Time for last 10,000:    0s.  Last read position: 4:27,032,276
INFO	2018-05-25 00:46:20	MergeVcfs	Processed     1,220,000 records.  Elapsed time: 00:00:17s.  Time for last 10,000:    0s.  Last read position: 4:32,024,812
INFO	2018-05-25 00:46:20	MergeVcfs	Processed     1,230,000 records.  Elapsed time: 00:00:17s.  Time for last 10,000:    0s.  Last read position: 4:37,000,384
INFO	2018-05-25 00:46:21	MergeVcfs	Processed     1,240,000 records.  Elapsed time: 00:00:17s.  Time for last 10,000:    0s.  Last read position: 4:42,211,080
INFO	2018-05-25 00:46:21	MergeVcfs	Processed     1,250,000 records.  Elapsed time: 00:00:17s.  Time for last 10,000:    0s.  Last read position: 4:48,368,765
INFO	2018-05-25 00:46:21	MergeVcfs	Processed     1,260,000 records.  Elapsed time: 00:00:17s.  Time for last 10,000:    0s.  Last read position: 4:57,291,539
INFO	2018-05-25 00:46:21	MergeVcfs	Processed     1,270,000 records.  Elapsed time: 00:00:17s.  Time for last 10,000:    0s.  Last read position: 4:61,224,123
INFO	2018-05-25 00:46:21	MergeVcfs	Processed     1,280,000 records.  Elapsed time: 00:00:17s.  Time for last 10,000:    0s.  Last read position: 4:65,585,822
INFO	2018-05-25 00:46:21	MergeVcfs	Processed     1,290,000 records.  Elapsed time: 00:00:17s.  Time for last 10,000:    0s.  Last read position: 4:70,394,089
INFO	2018-05-25 00:46:21	MergeVcfs	Processed     1,300,000 records.  Elapsed time: 00:00:17s.  Time for last 10,000:    0s.  Last read position: 4:75,417,326
INFO	2018-05-25 00:46:21	MergeVcfs	Processed     1,310,000 records.  Elapsed time: 00:00:17s.  Time for last 10,000:    0s.  Last read position: 4:79,925,013
INFO	2018-05-25 00:46:21	MergeVcfs	Processed     1,320,000 records.  Elapsed time: 00:00:18s.  Time for last 10,000:    0s.  Last read position: 4:85,062,566
INFO	2018-05-25 00:46:22	MergeVcfs	Processed     1,330,000 records.  Elapsed time: 00:00:18s.  Time for last 10,000:    0s.  Last read position: 4:90,736,006
INFO	2018-05-25 00:46:22	MergeVcfs	Processed     1,340,000 records.  Elapsed time: 00:00:18s.  Time for last 10,000:    0s.  Last read position: 4:96,509,169
INFO	2018-05-25 00:46:22	MergeVcfs	Processed     1,350,000 records.  Elapsed time: 00:00:18s.  Time for last 10,000:    0s.  Last read position: 4:102,277,019
INFO	2018-05-25 00:46:22	MergeVcfs	Processed     1,360,000 records.  Elapsed time: 00:00:18s.  Time for last 10,000:    0s.  Last read position: 4:108,425,613
INFO	2018-05-25 00:46:22	MergeVcfs	Processed     1,370,000 records.  Elapsed time: 00:00:18s.  Time for last 10,000:    0s.  Last read position: 4:114,106,350
INFO	2018-05-25 00:46:22	MergeVcfs	Processed     1,380,000 records.  Elapsed time: 00:00:18s.  Time for last 10,000:    0s.  Last read position: 4:118,897,514
INFO	2018-05-25 00:46:22	MergeVcfs	Processed     1,390,000 records.  Elapsed time: 00:00:18s.  Time for last 10,000:    0s.  Last read position: 4:124,902,307
INFO	2018-05-25 00:46:22	MergeVcfs	Processed     1,400,000 records.  Elapsed time: 00:00:18s.  Time for last 10,000:    0s.  Last read position: 4:131,273,758
INFO	2018-05-25 00:46:22	MergeVcfs	Processed     1,410,000 records.  Elapsed time: 00:00:19s.  Time for last 10,000:    0s.  Last read position: 4:136,367,511
INFO	2018-05-25 00:46:23	MergeVcfs	Processed     1,420,000 records.  Elapsed time: 00:00:19s.  Time for last 10,000:    0s.  Last read position: 4:142,261,365
INFO	2018-05-25 00:46:23	MergeVcfs	Processed     1,430,000 records.  Elapsed time: 00:00:19s.  Time for last 10,000:    0s.  Last read position: 4:148,198,753
INFO	2018-05-25 00:46:23	MergeVcfs	Processed     1,440,000 records.  Elapsed time: 00:00:19s.  Time for last 10,000:    0s.  Last read position: 4:154,900,025
INFO	2018-05-25 00:46:23	MergeVcfs	Processed     1,450,000 records.  Elapsed time: 00:00:19s.  Time for last 10,000:    0s.  Last read position: 4:160,689,458
INFO	2018-05-25 00:46:23	MergeVcfs	Processed     1,460,000 records.  Elapsed time: 00:00:19s.  Time for last 10,000:    0s.  Last read position: 4:166,052,651
INFO	2018-05-25 00:46:23	MergeVcfs	Processed     1,470,000 records.  Elapsed time: 00:00:19s.  Time for last 10,000:    0s.  Last read position: 4:171,247,158
INFO	2018-05-25 00:46:23	MergeVcfs	Processed     1,480,000 records.  Elapsed time: 00:00:19s.  Time for last 10,000:    0s.  Last read position: 4:176,384,644
INFO	2018-05-25 00:46:23	MergeVcfs	Processed     1,490,000 records.  Elapsed time: 00:00:19s.  Time for last 10,000:    0s.  Last read position: 4:181,077,156
INFO	2018-05-25 00:46:23	MergeVcfs	Processed     1,500,000 records.  Elapsed time: 00:00:20s.  Time for last 10,000:    0s.  Last read position: 4:185,573,560
INFO	2018-05-25 00:46:23	MergeVcfs	Processed     1,510,000 records.  Elapsed time: 00:00:20s.  Time for last 10,000:    0s.  Last read position: 4:189,650,912
INFO	2018-05-25 00:46:24	MergeVcfs	Processed     1,520,000 records.  Elapsed time: 00:00:20s.  Time for last 10,000:    0s.  Last read position: 5:2,313,025
INFO	2018-05-25 00:46:24	MergeVcfs	Processed     1,530,000 records.  Elapsed time: 00:00:20s.  Time for last 10,000:    0s.  Last read position: 5:6,079,524
INFO	2018-05-25 00:46:24	MergeVcfs	Processed     1,540,000 records.  Elapsed time: 00:00:20s.  Time for last 10,000:    0s.  Last read position: 5:10,841,161
INFO	2018-05-25 00:46:24	MergeVcfs	Processed     1,550,000 records.  Elapsed time: 00:00:20s.  Time for last 10,000:    0s.  Last read position: 5:16,417,510
INFO	2018-05-25 00:46:24	MergeVcfs	Processed     1,560,000 records.  Elapsed time: 00:00:20s.  Time for last 10,000:    0s.  Last read position: 5:21,682,970
INFO	2018-05-25 00:46:24	MergeVcfs	Processed     1,570,000 records.  Elapsed time: 00:00:20s.  Time for last 10,000:    0s.  Last read position: 5:26,616,686
INFO	2018-05-25 00:46:24	MergeVcfs	Processed     1,580,000 records.  Elapsed time: 00:00:20s.  Time for last 10,000:    0s.  Last read position: 5:31,462,977
INFO	2018-05-25 00:46:24	MergeVcfs	Processed     1,590,000 records.  Elapsed time: 00:00:20s.  Time for last 10,000:    0s.  Last read position: 5:36,549,210
INFO	2018-05-25 00:46:24	MergeVcfs	Processed     1,600,000 records.  Elapsed time: 00:00:21s.  Time for last 10,000:    0s.  Last read position: 5:42,274,675
INFO	2018-05-25 00:46:25	MergeVcfs	Processed     1,610,000 records.  Elapsed time: 00:00:21s.  Time for last 10,000:    0s.  Last read position: 5:51,767,364
INFO	2018-05-25 00:46:25	MergeVcfs	Processed     1,620,000 records.  Elapsed time: 00:00:21s.  Time for last 10,000:    0s.  Last read position: 5:57,263,716
INFO	2018-05-25 00:46:25	MergeVcfs	Processed     1,630,000 records.  Elapsed time: 00:00:21s.  Time for last 10,000:    0s.  Last read position: 5:64,180,735
INFO	2018-05-25 00:46:25	MergeVcfs	Processed     1,640,000 records.  Elapsed time: 00:00:21s.  Time for last 10,000:    0s.  Last read position: 5:71,881,771
INFO	2018-05-25 00:46:25	MergeVcfs	Processed     1,650,000 records.  Elapsed time: 00:00:21s.  Time for last 10,000:    0s.  Last read position: 5:77,173,522
INFO	2018-05-25 00:46:25	MergeVcfs	Processed     1,660,000 records.  Elapsed time: 00:00:21s.  Time for last 10,000:    0s.  Last read position: 5:82,495,587
INFO	2018-05-25 00:46:25	MergeVcfs	Processed     1,670,000 records.  Elapsed time: 00:00:21s.  Time for last 10,000:    0s.  Last read position: 5:88,891,761
INFO	2018-05-25 00:46:25	MergeVcfs	Processed     1,680,000 records.  Elapsed time: 00:00:21s.  Time for last 10,000:    0s.  Last read position: 5:96,567,978
INFO	2018-05-25 00:46:25	MergeVcfs	Processed     1,690,000 records.  Elapsed time: 00:00:22s.  Time for last 10,000:    0s.  Last read position: 5:101,234,437
INFO	2018-05-25 00:46:26	MergeVcfs	Processed     1,700,000 records.  Elapsed time: 00:00:22s.  Time for last 10,000:    0s.  Last read position: 5:107,536,393
INFO	2018-05-25 00:46:26	MergeVcfs	Processed     1,710,000 records.  Elapsed time: 00:00:22s.  Time for last 10,000:    0s.  Last read position: 5:112,962,961
INFO	2018-05-25 00:46:26	MergeVcfs	Processed     1,720,000 records.  Elapsed time: 00:00:22s.  Time for last 10,000:    0s.  Last read position: 5:117,297,070
INFO	2018-05-25 00:46:26	MergeVcfs	Processed     1,730,000 records.  Elapsed time: 00:00:22s.  Time for last 10,000:    0s.  Last read position: 5:122,688,727
INFO	2018-05-25 00:46:26	MergeVcfs	Processed     1,740,000 records.  Elapsed time: 00:00:22s.  Time for last 10,000:    0s.  Last read position: 5:128,648,141
INFO	2018-05-25 00:46:26	MergeVcfs	Processed     1,750,000 records.  Elapsed time: 00:00:22s.  Time for last 10,000:    0s.  Last read position: 5:135,315,750
INFO	2018-05-25 00:46:26	MergeVcfs	Processed     1,760,000 records.  Elapsed time: 00:00:22s.  Time for last 10,000:    0s.  Last read position: 5:143,042,579
INFO	2018-05-25 00:46:26	MergeVcfs	Processed     1,770,000 records.  Elapsed time: 00:00:22s.  Time for last 10,000:    0s.  Last read position: 5:148,720,087
INFO	2018-05-25 00:46:26	MergeVcfs	Processed     1,780,000 records.  Elapsed time: 00:00:23s.  Time for last 10,000:    0s.  Last read position: 5:154,561,187
INFO	2018-05-25 00:46:26	MergeVcfs	Processed     1,790,000 records.  Elapsed time: 00:00:23s.  Time for last 10,000:    0s.  Last read position: 5:160,426,247
INFO	2018-05-25 00:46:27	MergeVcfs	Processed     1,800,000 records.  Elapsed time: 00:00:23s.  Time for last 10,000:    0s.  Last read position: 5:165,968,371
INFO	2018-05-25 00:46:27	MergeVcfs	Processed     1,810,000 records.  Elapsed time: 00:00:23s.  Time for last 10,000:    0s.  Last read position: 5:171,719,528
INFO	2018-05-25 00:46:27	MergeVcfs	Processed     1,820,000 records.  Elapsed time: 00:00:23s.  Time for last 10,000:    0s.  Last read position: 5:177,522,638
INFO	2018-05-25 00:46:27	MergeVcfs	Processed     1,830,000 records.  Elapsed time: 00:00:23s.  Time for last 10,000:    0s.  Last read position: 6:1,293,265
INFO	2018-05-25 00:46:27	MergeVcfs	Processed     1,840,000 records.  Elapsed time: 00:00:23s.  Time for last 10,000:    0s.  Last read position: 6:5,465,669
INFO	2018-05-25 00:46:27	MergeVcfs	Processed     1,850,000 records.  Elapsed time: 00:00:23s.  Time for last 10,000:    0s.  Last read position: 6:10,082,402
INFO	2018-05-25 00:46:27	MergeVcfs	Processed     1,860,000 records.  Elapsed time: 00:00:23s.  Time for last 10,000:    0s.  Last read position: 6:15,023,514
INFO	2018-05-25 00:46:27	MergeVcfs	Processed     1,870,000 records.  Elapsed time: 00:00:24s.  Time for last 10,000:    0s.  Last read position: 6:20,439,460
INFO	2018-05-25 00:46:27	MergeVcfs	Processed     1,880,000 records.  Elapsed time: 00:00:24s.  Time for last 10,000:    0s.  Last read position: 6:25,147,492
INFO	2018-05-25 00:46:28	MergeVcfs	Processed     1,890,000 records.  Elapsed time: 00:00:24s.  Time for last 10,000:    0s.  Last read position: 6:29,933,550
INFO	2018-05-25 00:46:28	MergeVcfs	Processed     1,900,000 records.  Elapsed time: 00:00:24s.  Time for last 10,000:    0s.  Last read position: 6:32,560,441
INFO	2018-05-25 00:46:28	MergeVcfs	Processed     1,910,000 records.  Elapsed time: 00:00:24s.  Time for last 10,000:    0s.  Last read position: 6:36,722,842
INFO	2018-05-25 00:46:28	MergeVcfs	Processed     1,920,000 records.  Elapsed time: 00:00:24s.  Time for last 10,000:    0s.  Last read position: 6:42,184,400
INFO	2018-05-25 00:46:28	MergeVcfs	Processed     1,930,000 records.  Elapsed time: 00:00:24s.  Time for last 10,000:    0s.  Last read position: 6:47,855,232
INFO	2018-05-25 00:46:28	MergeVcfs	Processed     1,940,000 records.  Elapsed time: 00:00:24s.  Time for last 10,000:    0s.  Last read position: 6:53,265,412
INFO	2018-05-25 00:46:28	MergeVcfs	Processed     1,950,000 records.  Elapsed time: 00:00:24s.  Time for last 10,000:    0s.  Last read position: 6:58,261,005
INFO	2018-05-25 00:46:28	MergeVcfs	Processed     1,960,000 records.  Elapsed time: 00:00:24s.  Time for last 10,000:    0s.  Last read position: 6:66,467,986
INFO	2018-05-25 00:46:28	MergeVcfs	Processed     1,970,000 records.  Elapsed time: 00:00:25s.  Time for last 10,000:    0s.  Last read position: 6:70,846,022
INFO	2018-05-25 00:46:29	MergeVcfs	Processed     1,980,000 records.  Elapsed time: 00:00:25s.  Time for last 10,000:    0s.  Last read position: 6:76,861,486
INFO	2018-05-25 00:46:29	MergeVcfs	Processed     1,990,000 records.  Elapsed time: 00:00:25s.  Time for last 10,000:    0s.  Last read position: 6:81,637,743
INFO	2018-05-25 00:46:29	MergeVcfs	Processed     2,000,000 records.  Elapsed time: 00:00:25s.  Time for last 10,000:    0s.  Last read position: 6:87,381,459
INFO	2018-05-25 00:46:29	MergeVcfs	Processed     2,010,000 records.  Elapsed time: 00:00:25s.  Time for last 10,000:    0s.  Last read position: 6:92,533,734
INFO	2018-05-25 00:46:29	MergeVcfs	Processed     2,020,000 records.  Elapsed time: 00:00:25s.  Time for last 10,000:    0s.  Last read position: 6:98,279,450
INFO	2018-05-25 00:46:29	MergeVcfs	Processed     2,030,000 records.  Elapsed time: 00:00:25s.  Time for last 10,000:    0s.  Last read position: 6:104,004,495
INFO	2018-05-25 00:46:29	MergeVcfs	Processed     2,040,000 records.  Elapsed time: 00:00:25s.  Time for last 10,000:    0s.  Last read position: 6:110,025,618
INFO	2018-05-25 00:46:29	MergeVcfs	Processed     2,050,000 records.  Elapsed time: 00:00:25s.  Time for last 10,000:    0s.  Last read position: 6:116,087,438
INFO	2018-05-25 00:46:29	MergeVcfs	Processed     2,060,000 records.  Elapsed time: 00:00:26s.  Time for last 10,000:    0s.  Last read position: 6:122,666,394
INFO	2018-05-25 00:46:30	MergeVcfs	Processed     2,070,000 records.  Elapsed time: 00:00:26s.  Time for last 10,000:    0s.  Last read position: 6:129,175,233
INFO	2018-05-25 00:46:30	MergeVcfs	Processed     2,080,000 records.  Elapsed time: 00:00:26s.  Time for last 10,000:    0s.  Last read position: 6:134,184,846
INFO	2018-05-25 00:46:30	MergeVcfs	Processed     2,090,000 records.  Elapsed time: 00:00:26s.  Time for last 10,000:    0s.  Last read position: 6:140,236,322
INFO	2018-05-25 00:46:30	MergeVcfs	Processed     2,100,000 records.  Elapsed time: 00:00:26s.  Time for last 10,000:    0s.  Last read position: 6:147,083,127
INFO	2018-05-25 00:46:30	MergeVcfs	Processed     2,110,000 records.  Elapsed time: 00:00:26s.  Time for last 10,000:    0s.  Last read position: 6:152,169,363
INFO	2018-05-25 00:46:30	MergeVcfs	Processed     2,120,000 records.  Elapsed time: 00:00:26s.  Time for last 10,000:    0s.  Last read position: 6:156,738,568
INFO	2018-05-25 00:46:30	MergeVcfs	Processed     2,130,000 records.  Elapsed time: 00:00:26s.  Time for last 10,000:    0s.  Last read position: 6:161,736,222
INFO	2018-05-25 00:46:30	MergeVcfs	Processed     2,140,000 records.  Elapsed time: 00:00:26s.  Time for last 10,000:    0s.  Last read position: 6:166,517,762
INFO	2018-05-25 00:46:30	MergeVcfs	Processed     2,150,000 records.  Elapsed time: 00:00:27s.  Time for last 10,000:    0s.  Last read position: 6:170,491,905
INFO	2018-05-25 00:46:30	MergeVcfs	Processed     2,160,000 records.  Elapsed time: 00:00:27s.  Time for last 10,000:    0s.  Last read position: 7:3,375,407
INFO	2018-05-25 00:46:31	MergeVcfs	Processed     2,170,000 records.  Elapsed time: 00:00:27s.  Time for last 10,000:    0s.  Last read position: 7:7,314,729
INFO	2018-05-25 00:46:31	MergeVcfs	Processed     2,180,000 records.  Elapsed time: 00:00:27s.  Time for last 10,000:    0s.  Last read position: 7:11,273,724
INFO	2018-05-25 00:46:31	MergeVcfs	Processed     2,190,000 records.  Elapsed time: 00:00:27s.  Time for last 10,000:    0s.  Last read position: 7:15,016,110
INFO	2018-05-25 00:46:31	MergeVcfs	Processed     2,200,000 records.  Elapsed time: 00:00:27s.  Time for last 10,000:    0s.  Last read position: 7:20,054,730
INFO	2018-05-25 00:46:31	MergeVcfs	Processed     2,210,000 records.  Elapsed time: 00:00:27s.  Time for last 10,000:    0s.  Last read position: 7:24,804,556
INFO	2018-05-25 00:46:31	MergeVcfs	Processed     2,220,000 records.  Elapsed time: 00:00:27s.  Time for last 10,000:    0s.  Last read position: 7:30,604,977
INFO	2018-05-25 00:46:31	MergeVcfs	Processed     2,230,000 records.  Elapsed time: 00:00:27s.  Time for last 10,000:    0s.  Last read position: 7:35,651,628
INFO	2018-05-25 00:46:31	MergeVcfs	Processed     2,240,000 records.  Elapsed time: 00:00:27s.  Time for last 10,000:    0s.  Last read position: 7:41,917,789
[Fri May 25 00:46:31 UTC 2018] picard.vcf.MergeVcfs done. Elapsed time: 0.47 minutes.
Runtime.totalMemory()=179306496
To get help, see http://broadinstitute.github.io/picard/index.html#GettingHelp
Exception in thread "main" java.lang.IllegalStateException: The elements of the input Iterators are not sorted according to the comparator htsjdk.variant.variantcontext.VariantContextComparator
	at htsjdk.samtools.util.MergingIterator.next(MergingIterator.java:113)
	at picard.vcf.MergeVcfs.doWork(MergeVcfs.java:221)
	at picard.cmdline.CommandLineProgram.instanceMain(CommandLineProgram.java:282)
	at picard.cmdline.PicardCommandLine.instanceMain(PicardCommandLine.java:98)
	at picard.cmdline.PicardCommandLine.main(PicardCommandLine.java:108)
