Starting s01_select_NA19834_ddr_positive_kgen.sh
Sat 26 May 02:37:01 UTC 2018

1000 Genomes Project Individual ID - DDR positive genotype to be extracted - NA19834

Selecting DDR positive individual genotype from 1000 Genome Project (Chromosome 1) ...
Sat 26 May 02:37:01 UTC 2018

Completed DDR positive individual genotype from 1000 Genome Project (Chromosome 1)
Sat 26 May 03:06:25 UTC 2018

Selecting DDR positive individual genotype from 1000 Genome Project (Chromosome 2) ...
Sat 26 May 03:06:25 UTC 2018

Completed DDR positive individual genotype from 1000 Genome Project (Chromosome 2)
Sat 26 May 03:42:43 UTC 2018

Selecting DDR positive individual genotype from 1000 Genome Project (Chromosome 3) ...
Sat 26 May 03:42:43 UTC 2018

Completed DDR positive individual genotype from 1000 Genome Project (Chromosome 3)
Sat 26 May 04:09:50 UTC 2018

Selecting DDR positive individual genotype from 1000 Genome Project (Chromosome 4) ...
Sat 26 May 04:09:50 UTC 2018

Completed DDR positive individual genotype from 1000 Genome Project (Chromosome 4)
Sat 26 May 04:36:31 UTC 2018

Selecting DDR positive individual genotype from 1000 Genome Project (Chromosome 5) ...
Sat 26 May 04:36:31 UTC 2018

Completed DDR positive individual genotype from 1000 Genome Project (Chromosome 5)
Sat 26 May 05:00:33 UTC 2018

Selecting DDR positive individual genotype from 1000 Genome Project (Chromosome 6) ...
Sat 26 May 05:00:33 UTC 2018

Completed DDR positive individual genotype from 1000 Genome Project (Chromosome 6)
Sat 26 May 05:23:35 UTC 2018

Selecting DDR positive individual genotype from 1000 Genome Project (Chromosome 7) ...
Sat 26 May 05:23:35 UTC 2018

Completed DDR positive individual genotype from 1000 Genome Project (Chromosome 7)
Sat 26 May 05:45:17 UTC 2018

Selecting DDR positive individual genotype from 1000 Genome Project (Chromosome 8) ...
Sat 26 May 05:45:17 UTC 2018

Completed DDR positive individual genotype from 1000 Genome Project (Chromosome 8)
Sat 26 May 06:06:50 UTC 2018

Selecting DDR positive individual genotype from 1000 Genome Project (Chromosome 9) ...
Sat 26 May 06:06:50 UTC 2018

Completed DDR positive individual genotype from 1000 Genome Project (Chromosome 9)
Sat 26 May 06:23:23 UTC 2018

Selecting DDR positive individual genotype from 1000 Genome Project (Chromosome 10) ...
Sat 26 May 06:23:23 UTC 2018

Completed DDR positive individual genotype from 1000 Genome Project (Chromosome 10)
Sat 26 May 06:41:15 UTC 2018

Selecting DDR positive individual genotype from 1000 Genome Project (Chromosome 11) ...
Sat 26 May 06:41:15 UTC 2018

Completed DDR positive individual genotype from 1000 Genome Project (Chromosome 11)
Sat 26 May 06:59:34 UTC 2018

Selecting DDR positive individual genotype from 1000 Genome Project (Chromosome 12) ...
Sat 26 May 06:59:34 UTC 2018

Completed DDR positive individual genotype from 1000 Genome Project (Chromosome 12)
Sat 26 May 07:17:19 UTC 2018

Selecting DDR positive individual genotype from 1000 Genome Project (Chromosome 13) ...
Sat 26 May 07:17:19 UTC 2018

Completed DDR positive individual genotype from 1000 Genome Project (Chromosome 13)
Sat 26 May 07:30:24 UTC 2018

Selecting DDR positive individual genotype from 1000 Genome Project (Chromosome 14) ...
Sat 26 May 07:30:24 UTC 2018

Completed DDR positive individual genotype from 1000 Genome Project (Chromosome 14)
Sat 26 May 07:42:45 UTC 2018

Selecting DDR positive individual genotype from 1000 Genome Project (Chromosome 15) ...
Sat 26 May 07:42:45 UTC 2018

Completed DDR positive individual genotype from 1000 Genome Project (Chromosome 15)
Sat 26 May 07:53:36 UTC 2018

Selecting DDR positive individual genotype from 1000 Genome Project (Chromosome 16) ...
Sat 26 May 07:53:36 UTC 2018

Completed DDR positive individual genotype from 1000 Genome Project (Chromosome 16)
Sat 26 May 08:06:13 UTC 2018

Selecting DDR positive individual genotype from 1000 Genome Project (Chromosome 17) ...
Sat 26 May 08:06:13 UTC 2018

Completed DDR positive individual genotype from 1000 Genome Project (Chromosome 17)
Sat 26 May 08:17:02 UTC 2018

Selecting DDR positive individual genotype from 1000 Genome Project (Chromosome 18) ...
Sat 26 May 08:17:02 UTC 2018

Completed DDR positive individual genotype from 1000 Genome Project (Chromosome 18)
Sat 26 May 08:27:41 UTC 2018

Selecting DDR positive individual genotype from 1000 Genome Project (Chromosome 19) ...
Sat 26 May 08:27:41 UTC 2018

Completed DDR positive individual genotype from 1000 Genome Project (Chromosome 19)
Sat 26 May 08:36:18 UTC 2018

Selecting DDR positive individual genotype from 1000 Genome Project (Chromosome 20) ...
Sat 26 May 08:36:18 UTC 2018

Completed DDR positive individual genotype from 1000 Genome Project (Chromosome 20)
Sat 26 May 08:44:27 UTC 2018

Selecting DDR positive individual genotype from 1000 Genome Project (Chromosome 21) ...
Sat 26 May 08:44:27 UTC 2018

Completed DDR positive individual genotype from 1000 Genome Project (Chromosome 21)
Sat 26 May 08:49:30 UTC 2018

Selecting DDR positive individual genotype from 1000 Genome Project (Chromosome 22) ...
Sat 26 May 08:49:30 UTC 2018

Completed DDR positive individual genotype from 1000 Genome Project (Chromosome 22)
Sat 26 May 08:54:40 UTC 2018

Selecting DDR positive individual genotype from 1000 Genome Project (Chromosome X) ...
Sat 26 May 08:54:40 UTC 2018

Completed DDR positive individual genotype from 1000 Genome Project (Chromosome X)
Sat 26 May 09:10:47 UTC 2018


Merging DDR positive individual genotype VCF files from 1000 Genome Project
Sat 26 May 09:10:47 UTC 2018
09:10:48.053 INFO  NativeLibraryLoader - Loading libgkl_compression.so from jar:file:/home/ec2-user/tools/picard/picard.jar!/com/intel/gkl/native/libgkl_compression.so
[Sat May 26 09:10:48 UTC 2018] MergeVcfs INPUT=[/home/ec2-user/results/data_analysis/gt_individuals/kgen/ddr_positive/NA19834/s01_NA19834_ddr_positive_kgen_chr1_raw.vcf, /home/ec2-user/results/data_analysis/gt_individuals/kgen/ddr_positive/NA19834/s01_NA19834_ddr_positive_kgen_chr2_raw.vcf, /home/ec2-user/results/data_analysis/gt_individuals/kgen/ddr_positive/NA19834/s01_NA19834_ddr_positive_kgen_chr3_raw.vcf, /home/ec2-user/results/data_analysis/gt_individuals/kgen/ddr_positive/NA19834/s01_NA19834_ddr_positive_kgen_chr4_raw.vcf, /home/ec2-user/results/data_analysis/gt_individuals/kgen/ddr_positive/NA19834/s01_NA19834_ddr_positive_kgen_chr5_raw.vcf, /home/ec2-user/results/data_analysis/gt_individuals/kgen/ddr_positive/NA19834/s01_NA19834_ddr_positive_kgen_chr6_raw.vcf, /home/ec2-user/results/data_analysis/gt_individuals/kgen/ddr_positive/NA19834/s01_NA19834_ddr_positive_kgen_chr7_raw.vcf, /home/ec2-user/results/data_analysis/gt_individuals/kgen/ddr_positive/NA19834/s01_NA19834_ddr_positive_kgen_chr8_raw.vcf, /home/ec2-user/results/data_analysis/gt_individuals/kgen/ddr_positive/NA19834/s01_NA19834_ddr_positive_kgen_chr9_raw.vcf, /home/ec2-user/results/data_analysis/gt_individuals/kgen/ddr_positive/NA19834/s01_NA19834_ddr_positive_kgen_chr10_raw.vcf, /home/ec2-user/results/data_analysis/gt_individuals/kgen/ddr_positive/NA19834/s01_NA19834_ddr_positive_kgen_chr11_raw.vcf, /home/ec2-user/results/data_analysis/gt_individuals/kgen/ddr_positive/NA19834/s01_NA19834_ddr_positive_kgen_chr12_raw.vcf, /home/ec2-user/results/data_analysis/gt_individuals/kgen/ddr_positive/NA19834/s01_NA19834_ddr_positive_kgen_chr13_raw.vcf, /home/ec2-user/results/data_analysis/gt_individuals/kgen/ddr_positive/NA19834/s01_NA19834_ddr_positive_kgen_chr14_raw.vcf, /home/ec2-user/results/data_analysis/gt_individuals/kgen/ddr_positive/NA19834/s01_NA19834_ddr_positive_kgen_chr15_raw.vcf, /home/ec2-user/results/data_analysis/gt_individuals/kgen/ddr_positive/NA19834/s01_NA19834_ddr_positive_kgen_chr16_raw.vcf, /home/ec2-user/results/data_analysis/gt_individuals/kgen/ddr_positive/NA19834/s01_NA19834_ddr_positive_kgen_chr17_raw.vcf, /home/ec2-user/results/data_analysis/gt_individuals/kgen/ddr_positive/NA19834/s01_NA19834_ddr_positive_kgen_chr18_raw.vcf, /home/ec2-user/results/data_analysis/gt_individuals/kgen/ddr_positive/NA19834/s01_NA19834_ddr_positive_kgen_chr19_raw.vcf, /home/ec2-user/results/data_analysis/gt_individuals/kgen/ddr_positive/NA19834/s01_NA19834_ddr_positive_kgen_chr20_raw.vcf, /home/ec2-user/results/data_analysis/gt_individuals/kgen/ddr_positive/NA19834/s01_NA19834_ddr_positive_kgen_chr21_raw.vcf, /home/ec2-user/results/data_analysis/gt_individuals/kgen/ddr_positive/NA19834/s01_NA19834_ddr_positive_kgen_chr22_raw.vcf, /home/ec2-user/results/data_analysis/gt_individuals/kgen/ddr_positive/NA19834/s01_NA19834_ddr_positive_kgen_chrX_raw.vcf] OUTPUT=/home/ec2-user/results/data_analysis/gt_individuals/kgen/ddr_positive/NA19834/s01_NA19834_ddr_positive_kgen_merged_raw.vcf.gz    VERBOSITY=INFO QUIET=false VALIDATION_STRINGENCY=STRICT COMPRESSION_LEVEL=5 MAX_RECORDS_IN_RAM=500000 CREATE_INDEX=true CREATE_MD5_FILE=false GA4GH_CLIENT_SECRETS=client_secrets.json USE_JDK_DEFLATER=false USE_JDK_INFLATER=false
[Sat May 26 09:10:48 UTC 2018] Executing as ec2-user@ip-172-31-34-3 on Linux 4.14.33-51.37.amzn1.x86_64 amd64; OpenJDK 64-Bit Server VM 1.8.0_171-b10; Deflater: Intel; Inflater: Intel; Provider GCS is not available; Picard version: 2.18.2-SNAPSHOT
INFO	2018-05-26 09:10:49	MergeVcfs	Processed        10,000 records.  Elapsed time: 00:00:01s.  Time for last 10,000:    0s.  Last read position: 1:5,337,058
INFO	2018-05-26 09:10:49	MergeVcfs	Processed        20,000 records.  Elapsed time: 00:00:01s.  Time for last 10,000:    0s.  Last read position: 1:10,669,510
INFO	2018-05-26 09:10:49	MergeVcfs	Processed        30,000 records.  Elapsed time: 00:00:01s.  Time for last 10,000:    0s.  Last read position: 1:16,269,477
INFO	2018-05-26 09:10:50	MergeVcfs	Processed        40,000 records.  Elapsed time: 00:00:02s.  Time for last 10,000:    0s.  Last read position: 1:21,689,005
INFO	2018-05-26 09:10:50	MergeVcfs	Processed        50,000 records.  Elapsed time: 00:00:02s.  Time for last 10,000:    0s.  Last read position: 1:27,516,508
INFO	2018-05-26 09:10:50	MergeVcfs	Processed        60,000 records.  Elapsed time: 00:00:02s.  Time for last 10,000:    0s.  Last read position: 1:34,385,740
INFO	2018-05-26 09:10:51	MergeVcfs	Processed        70,000 records.  Elapsed time: 00:00:03s.  Time for last 10,000:    0s.  Last read position: 1:40,855,691
INFO	2018-05-26 09:10:51	MergeVcfs	Processed        80,000 records.  Elapsed time: 00:00:03s.  Time for last 10,000:    0s.  Last read position: 1:47,347,285
INFO	2018-05-26 09:10:51	MergeVcfs	Processed        90,000 records.  Elapsed time: 00:00:03s.  Time for last 10,000:    0s.  Last read position: 1:54,840,496
INFO	2018-05-26 09:10:52	MergeVcfs	Processed       100,000 records.  Elapsed time: 00:00:03s.  Time for last 10,000:    0s.  Last read position: 1:60,027,952
INFO	2018-05-26 09:10:52	MergeVcfs	Processed       110,000 records.  Elapsed time: 00:00:04s.  Time for last 10,000:    0s.  Last read position: 1:65,764,879
INFO	2018-05-26 09:10:52	MergeVcfs	Processed       120,000 records.  Elapsed time: 00:00:04s.  Time for last 10,000:    0s.  Last read position: 1:71,652,584
INFO	2018-05-26 09:10:52	MergeVcfs	Processed       130,000 records.  Elapsed time: 00:00:04s.  Time for last 10,000:    0s.  Last read position: 1:77,983,394
INFO	2018-05-26 09:10:53	MergeVcfs	Processed       140,000 records.  Elapsed time: 00:00:05s.  Time for last 10,000:    0s.  Last read position: 1:83,562,316
INFO	2018-05-26 09:10:53	MergeVcfs	Processed       150,000 records.  Elapsed time: 00:00:05s.  Time for last 10,000:    0s.  Last read position: 1:89,894,185
INFO	2018-05-26 09:10:53	MergeVcfs	Processed       160,000 records.  Elapsed time: 00:00:05s.  Time for last 10,000:    0s.  Last read position: 1:95,913,448
INFO	2018-05-26 09:10:53	MergeVcfs	Processed       170,000 records.  Elapsed time: 00:00:05s.  Time for last 10,000:    0s.  Last read position: 1:102,315,705
INFO	2018-05-26 09:10:54	MergeVcfs	Processed       180,000 records.  Elapsed time: 00:00:06s.  Time for last 10,000:    0s.  Last read position: 1:107,233,518
INFO	2018-05-26 09:10:54	MergeVcfs	Processed       190,000 records.  Elapsed time: 00:00:06s.  Time for last 10,000:    0s.  Last read position: 1:113,013,190
INFO	2018-05-26 09:10:54	MergeVcfs	Processed       200,000 records.  Elapsed time: 00:00:06s.  Time for last 10,000:    0s.  Last read position: 1:119,859,572
INFO	2018-05-26 09:10:54	MergeVcfs	Processed       210,000 records.  Elapsed time: 00:00:06s.  Time for last 10,000:    0s.  Last read position: 1:152,203,495
INFO	2018-05-26 09:10:55	MergeVcfs	Processed       220,000 records.  Elapsed time: 00:00:06s.  Time for last 10,000:    0s.  Last read position: 1:158,375,527
INFO	2018-05-26 09:10:55	MergeVcfs	Processed       230,000 records.  Elapsed time: 00:00:07s.  Time for last 10,000:    0s.  Last read position: 1:163,500,256
INFO	2018-05-26 09:10:55	MergeVcfs	Processed       240,000 records.  Elapsed time: 00:00:07s.  Time for last 10,000:    0s.  Last read position: 1:169,511,555
INFO	2018-05-26 09:10:55	MergeVcfs	Processed       250,000 records.  Elapsed time: 00:00:07s.  Time for last 10,000:    0s.  Last read position: 1:176,001,496
INFO	2018-05-26 09:10:55	MergeVcfs	Processed       260,000 records.  Elapsed time: 00:00:07s.  Time for last 10,000:    0s.  Last read position: 1:181,826,790
INFO	2018-05-26 09:10:55	MergeVcfs	Processed       270,000 records.  Elapsed time: 00:00:07s.  Time for last 10,000:    0s.  Last read position: 1:188,212,339
INFO	2018-05-26 09:10:55	MergeVcfs	Processed       280,000 records.  Elapsed time: 00:00:07s.  Time for last 10,000:    0s.  Last read position: 1:193,886,154
INFO	2018-05-26 09:10:56	MergeVcfs	Processed       290,000 records.  Elapsed time: 00:00:08s.  Time for last 10,000:    0s.  Last read position: 1:199,823,126
INFO	2018-05-26 09:10:56	MergeVcfs	Processed       300,000 records.  Elapsed time: 00:00:08s.  Time for last 10,000:    0s.  Last read position: 1:206,075,209
INFO	2018-05-26 09:10:56	MergeVcfs	Processed       310,000 records.  Elapsed time: 00:00:08s.  Time for last 10,000:    0s.  Last read position: 1:212,955,231
INFO	2018-05-26 09:10:56	MergeVcfs	Processed       320,000 records.  Elapsed time: 00:00:08s.  Time for last 10,000:    0s.  Last read position: 1:218,793,848
INFO	2018-05-26 09:10:56	MergeVcfs	Processed       330,000 records.  Elapsed time: 00:00:08s.  Time for last 10,000:    0s.  Last read position: 1:224,898,863
INFO	2018-05-26 09:10:56	MergeVcfs	Processed       340,000 records.  Elapsed time: 00:00:08s.  Time for last 10,000:    0s.  Last read position: 1:230,681,253
INFO	2018-05-26 09:10:56	MergeVcfs	Processed       350,000 records.  Elapsed time: 00:00:08s.  Time for last 10,000:    0s.  Last read position: 1:236,033,290
INFO	2018-05-26 09:10:56	MergeVcfs	Processed       360,000 records.  Elapsed time: 00:00:08s.  Time for last 10,000:    0s.  Last read position: 1:240,305,659
INFO	2018-05-26 09:10:56	MergeVcfs	Processed       370,000 records.  Elapsed time: 00:00:08s.  Time for last 10,000:    0s.  Last read position: 1:245,148,399
INFO	2018-05-26 09:10:57	MergeVcfs	Processed       380,000 records.  Elapsed time: 00:00:09s.  Time for last 10,000:    0s.  Last read position: 1:248,813,723
INFO	2018-05-26 09:10:57	MergeVcfs	Processed       390,000 records.  Elapsed time: 00:00:09s.  Time for last 10,000:    0s.  Last read position: 2:3,820,763
INFO	2018-05-26 09:10:57	MergeVcfs	Processed       400,000 records.  Elapsed time: 00:00:09s.  Time for last 10,000:    0s.  Last read position: 2:8,691,773
INFO	2018-05-26 09:10:57	MergeVcfs	Processed       410,000 records.  Elapsed time: 00:00:09s.  Time for last 10,000:    0s.  Last read position: 2:13,685,649
INFO	2018-05-26 09:10:57	MergeVcfs	Processed       420,000 records.  Elapsed time: 00:00:09s.  Time for last 10,000:    0s.  Last read position: 2:19,350,640
INFO	2018-05-26 09:10:57	MergeVcfs	Processed       430,000 records.  Elapsed time: 00:00:09s.  Time for last 10,000:    0s.  Last read position: 2:25,959,477
INFO	2018-05-26 09:10:57	MergeVcfs	Processed       440,000 records.  Elapsed time: 00:00:09s.  Time for last 10,000:    0s.  Last read position: 2:31,986,063
INFO	2018-05-26 09:10:57	MergeVcfs	Processed       450,000 records.  Elapsed time: 00:00:09s.  Time for last 10,000:    0s.  Last read position: 2:36,563,661
INFO	2018-05-26 09:10:58	MergeVcfs	Processed       460,000 records.  Elapsed time: 00:00:09s.  Time for last 10,000:    0s.  Last read position: 2:41,346,543
INFO	2018-05-26 09:10:58	MergeVcfs	Processed       470,000 records.  Elapsed time: 00:00:10s.  Time for last 10,000:    0s.  Last read position: 2:45,740,560
INFO	2018-05-26 09:10:58	MergeVcfs	Processed       480,000 records.  Elapsed time: 00:00:10s.  Time for last 10,000:    0s.  Last read position: 2:50,960,386
INFO	2018-05-26 09:10:58	MergeVcfs	Processed       490,000 records.  Elapsed time: 00:00:10s.  Time for last 10,000:    0s.  Last read position: 2:56,785,192
INFO	2018-05-26 09:10:58	MergeVcfs	Processed       500,000 records.  Elapsed time: 00:00:10s.  Time for last 10,000:    0s.  Last read position: 2:62,889,906
INFO	2018-05-26 09:10:58	MergeVcfs	Processed       510,000 records.  Elapsed time: 00:00:10s.  Time for last 10,000:    0s.  Last read position: 2:69,013,314
INFO	2018-05-26 09:10:58	MergeVcfs	Processed       520,000 records.  Elapsed time: 00:00:10s.  Time for last 10,000:    0s.  Last read position: 2:75,273,585
INFO	2018-05-26 09:10:58	MergeVcfs	Processed       530,000 records.  Elapsed time: 00:00:10s.  Time for last 10,000:    0s.  Last read position: 2:80,144,920
INFO	2018-05-26 09:10:58	MergeVcfs	Processed       540,000 records.  Elapsed time: 00:00:10s.  Time for last 10,000:    0s.  Last read position: 2:86,472,989
INFO	2018-05-26 09:10:58	MergeVcfs	Processed       550,000 records.  Elapsed time: 00:00:10s.  Time for last 10,000:    0s.  Last read position: 2:101,441,418
INFO	2018-05-26 09:10:59	MergeVcfs	Processed       560,000 records.  Elapsed time: 00:00:10s.  Time for last 10,000:    0s.  Last read position: 2:107,801,027
INFO	2018-05-26 09:10:59	MergeVcfs	Processed       570,000 records.  Elapsed time: 00:00:11s.  Time for last 10,000:    0s.  Last read position: 2:115,049,818
INFO	2018-05-26 09:10:59	MergeVcfs	Processed       580,000 records.  Elapsed time: 00:00:11s.  Time for last 10,000:    0s.  Last read position: 2:120,797,357
INFO	2018-05-26 09:10:59	MergeVcfs	Processed       590,000 records.  Elapsed time: 00:00:11s.  Time for last 10,000:    0s.  Last read position: 2:126,218,867
INFO	2018-05-26 09:10:59	MergeVcfs	Processed       600,000 records.  Elapsed time: 00:00:11s.  Time for last 10,000:    0s.  Last read position: 2:132,184,070
INFO	2018-05-26 09:10:59	MergeVcfs	Processed       610,000 records.  Elapsed time: 00:00:11s.  Time for last 10,000:    0s.  Last read position: 2:137,742,886
INFO	2018-05-26 09:10:59	MergeVcfs	Processed       620,000 records.  Elapsed time: 00:00:11s.  Time for last 10,000:    0s.  Last read position: 2:142,736,379
INFO	2018-05-26 09:10:59	MergeVcfs	Processed       630,000 records.  Elapsed time: 00:00:11s.  Time for last 10,000:    0s.  Last read position: 2:150,667,270
INFO	2018-05-26 09:10:59	MergeVcfs	Processed       640,000 records.  Elapsed time: 00:00:11s.  Time for last 10,000:    0s.  Last read position: 2:157,487,986
INFO	2018-05-26 09:11:00	MergeVcfs	Processed       650,000 records.  Elapsed time: 00:00:11s.  Time for last 10,000:    0s.  Last read position: 2:164,632,851
INFO	2018-05-26 09:11:00	MergeVcfs	Processed       660,000 records.  Elapsed time: 00:00:12s.  Time for last 10,000:    0s.  Last read position: 2:171,017,200
INFO	2018-05-26 09:11:00	MergeVcfs	Processed       670,000 records.  Elapsed time: 00:00:12s.  Time for last 10,000:    0s.  Last read position: 2:177,529,020
INFO	2018-05-26 09:11:00	MergeVcfs	Processed       680,000 records.  Elapsed time: 00:00:12s.  Time for last 10,000:    0s.  Last read position: 2:183,808,424
[Sat May 26 09:11:00 UTC 2018] picard.vcf.MergeVcfs done. Elapsed time: 0.21 minutes.
Runtime.totalMemory()=613416960
To get help, see http://broadinstitute.github.io/picard/index.html#GettingHelp
Exception in thread "main" java.lang.IllegalStateException: The elements of the input Iterators are not sorted according to the comparator htsjdk.variant.variantcontext.VariantContextComparator
	at htsjdk.samtools.util.MergingIterator.next(MergingIterator.java:113)
	at picard.vcf.MergeVcfs.doWork(MergeVcfs.java:221)
	at picard.cmdline.CommandLineProgram.instanceMain(CommandLineProgram.java:282)
	at picard.cmdline.PicardCommandLine.instanceMain(PicardCommandLine.java:98)
	at picard.cmdline.PicardCommandLine.main(PicardCommandLine.java:108)
