Starting s01_sort_merge_HG02623_ddr_positive_kgen.sh
Sun 27 May 10:16:54 UTC 2018


Sorting individual genotype VCF file (chromosome 7) from 1000 Genome Project
Sun 27 May 10:16:54 UTC 2018
10:17:09.340 INFO  NativeLibraryLoader - Loading libgkl_compression.so from jar:file:/home/ec2-user/tools/picard/picard.jar!/com/intel/gkl/native/libgkl_compression.so
[Sun May 27 10:17:09 UTC 2018] SortVcf INPUT=[/home/ec2-user/results/data_analysis/gt_individuals/kgen/ddr_positive/HG02623/s01_HG02623_ddr_positive_kgen_chr7_raw.vcf] OUTPUT=/home/ec2-user/results/data_analysis/gt_individuals/kgen/ddr_positive/HG02623/s01_HG02623_ddr_positive_kgen_chr7_raw_sorted.vcf    VERBOSITY=INFO QUIET=false VALIDATION_STRINGENCY=STRICT COMPRESSION_LEVEL=5 MAX_RECORDS_IN_RAM=500000 CREATE_INDEX=true CREATE_MD5_FILE=false GA4GH_CLIENT_SECRETS=client_secrets.json USE_JDK_DEFLATER=false USE_JDK_INFLATER=false
[Sun May 27 10:17:09 UTC 2018] Executing as ec2-user@ip-172-31-36-234 on Linux 4.14.33-51.37.amzn1.x86_64 amd64; OpenJDK 64-Bit Server VM 1.8.0_171-b10; Deflater: Intel; Inflater: Intel; Provider GCS is not available; Picard version: 2.18.2-SNAPSHOT
INFO	2018-05-27 10:17:10	SortVcf	Reading entries from input file 1
INFO	2018-05-27 10:17:11	SortVcf	read        25,000 records.  Elapsed time: 00:00:00s.  Time for last 25,000:    0s.  Last read position: 7:9,621,007
INFO	2018-05-27 10:17:12	SortVcf	read        50,000 records.  Elapsed time: 00:00:01s.  Time for last 25,000:    0s.  Last read position: 7:19,996,267
INFO	2018-05-27 10:17:13	SortVcf	read        75,000 records.  Elapsed time: 00:00:03s.  Time for last 25,000:    1s.  Last read position: 7:32,481,509
INFO	2018-05-27 10:17:14	SortVcf	read       100,000 records.  Elapsed time: 00:00:04s.  Time for last 25,000:    0s.  Last read position: 7:46,515,008
INFO	2018-05-27 10:17:17	SortVcf	read       125,000 records.  Elapsed time: 00:00:06s.  Time for last 25,000:    2s.  Last read position: 7:61,252,884
INFO	2018-05-27 10:17:18	SortVcf	read       150,000 records.  Elapsed time: 00:00:08s.  Time for last 25,000:    1s.  Last read position: 7:76,120,728
INFO	2018-05-27 10:17:19	SortVcf	read       175,000 records.  Elapsed time: 00:00:09s.  Time for last 25,000:    0s.  Last read position: 7:89,552,987
INFO	2018-05-27 10:17:22	SortVcf	read       200,000 records.  Elapsed time: 00:00:12s.  Time for last 25,000:    3s.  Last read position: 7:105,700,491
INFO	2018-05-27 10:17:23	SortVcf	read       225,000 records.  Elapsed time: 00:00:13s.  Time for last 25,000:    1s.  Last read position: 7:121,992,289
INFO	2018-05-27 10:17:25	SortVcf	read       250,000 records.  Elapsed time: 00:00:14s.  Time for last 25,000:    1s.  Last read position: 7:136,107,895
INFO	2018-05-27 10:17:26	SortVcf	read       275,000 records.  Elapsed time: 00:00:15s.  Time for last 25,000:    0s.  Last read position: 7:149,204,960
INFO	2018-05-27 10:17:30	SortVcf	wrote        25,000 records.  Elapsed time: 00:00:00s.  Time for last 25,000:    0s.  Last read position: 7:9,621,007
INFO	2018-05-27 10:17:31	SortVcf	wrote        50,000 records.  Elapsed time: 00:00:01s.  Time for last 25,000:    0s.  Last read position: 7:19,996,267
INFO	2018-05-27 10:17:31	SortVcf	wrote        75,000 records.  Elapsed time: 00:00:01s.  Time for last 25,000:    0s.  Last read position: 7:32,481,509
INFO	2018-05-27 10:17:32	SortVcf	wrote       100,000 records.  Elapsed time: 00:00:02s.  Time for last 25,000:    0s.  Last read position: 7:46,515,008
INFO	2018-05-27 10:17:32	SortVcf	wrote       125,000 records.  Elapsed time: 00:00:02s.  Time for last 25,000:    0s.  Last read position: 7:61,252,884
INFO	2018-05-27 10:17:35	SortVcf	wrote       150,000 records.  Elapsed time: 00:00:05s.  Time for last 25,000:    2s.  Last read position: 7:76,120,728
INFO	2018-05-27 10:17:35	SortVcf	wrote       175,000 records.  Elapsed time: 00:00:05s.  Time for last 25,000:    0s.  Last read position: 7:89,552,987
INFO	2018-05-27 10:17:35	SortVcf	wrote       200,000 records.  Elapsed time: 00:00:05s.  Time for last 25,000:    0s.  Last read position: 7:105,700,491
INFO	2018-05-27 10:17:35	SortVcf	wrote       225,000 records.  Elapsed time: 00:00:05s.  Time for last 25,000:    0s.  Last read position: 7:121,992,289
INFO	2018-05-27 10:17:36	SortVcf	wrote       250,000 records.  Elapsed time: 00:00:06s.  Time for last 25,000:    0s.  Last read position: 7:136,107,895
INFO	2018-05-27 10:17:36	SortVcf	wrote       275,000 records.  Elapsed time: 00:00:06s.  Time for last 25,000:    0s.  Last read position: 7:149,204,960
[Sun May 27 10:17:36 UTC 2018] picard.vcf.SortVcf done. Elapsed time: 0.45 minutes.
Runtime.totalMemory()=1129840640

Merging DDR control individual genotype VCF files (including sorted chromosome 7) from 1000 Genome Project
Sun 27 May 10:17:36 UTC 2018
10:17:37.094 INFO  NativeLibraryLoader - Loading libgkl_compression.so from jar:file:/home/ec2-user/tools/picard/picard.jar!/com/intel/gkl/native/libgkl_compression.so
[Sun May 27 10:17:37 UTC 2018] MergeVcfs INPUT=[/home/ec2-user/results/data_analysis/gt_individuals/kgen/ddr_positive/HG02623/s01_HG02623_ddr_positive_kgen_chr1_raw.vcf, /home/ec2-user/results/data_analysis/gt_individuals/kgen/ddr_positive/HG02623/s01_HG02623_ddr_positive_kgen_chr2_raw.vcf, /home/ec2-user/results/data_analysis/gt_individuals/kgen/ddr_positive/HG02623/s01_HG02623_ddr_positive_kgen_chr3_raw.vcf, /home/ec2-user/results/data_analysis/gt_individuals/kgen/ddr_positive/HG02623/s01_HG02623_ddr_positive_kgen_chr4_raw.vcf, /home/ec2-user/results/data_analysis/gt_individuals/kgen/ddr_positive/HG02623/s01_HG02623_ddr_positive_kgen_chr5_raw.vcf, /home/ec2-user/results/data_analysis/gt_individuals/kgen/ddr_positive/HG02623/s01_HG02623_ddr_positive_kgen_chr6_raw.vcf, /home/ec2-user/results/data_analysis/gt_individuals/kgen/ddr_positive/HG02623/s01_HG02623_ddr_positive_kgen_chr7_raw_sorted.vcf, /home/ec2-user/results/data_analysis/gt_individuals/kgen/ddr_positive/HG02623/s01_HG02623_ddr_positive_kgen_chr8_raw.vcf, /home/ec2-user/results/data_analysis/gt_individuals/kgen/ddr_positive/HG02623/s01_HG02623_ddr_positive_kgen_chr9_raw.vcf, /home/ec2-user/results/data_analysis/gt_individuals/kgen/ddr_positive/HG02623/s01_HG02623_ddr_positive_kgen_chr10_raw.vcf, /home/ec2-user/results/data_analysis/gt_individuals/kgen/ddr_positive/HG02623/s01_HG02623_ddr_positive_kgen_chr11_raw.vcf, /home/ec2-user/results/data_analysis/gt_individuals/kgen/ddr_positive/HG02623/s01_HG02623_ddr_positive_kgen_chr12_raw.vcf, /home/ec2-user/results/data_analysis/gt_individuals/kgen/ddr_positive/HG02623/s01_HG02623_ddr_positive_kgen_chr13_raw.vcf, /home/ec2-user/results/data_analysis/gt_individuals/kgen/ddr_positive/HG02623/s01_HG02623_ddr_positive_kgen_chr14_raw.vcf, /home/ec2-user/results/data_analysis/gt_individuals/kgen/ddr_positive/HG02623/s01_HG02623_ddr_positive_kgen_chr15_raw.vcf, /home/ec2-user/results/data_analysis/gt_individuals/kgen/ddr_positive/HG02623/s01_HG02623_ddr_positive_kgen_chr16_raw.vcf, /home/ec2-user/results/data_analysis/gt_individuals/kgen/ddr_positive/HG02623/s01_HG02623_ddr_positive_kgen_chr17_raw.vcf, /home/ec2-user/results/data_analysis/gt_individuals/kgen/ddr_positive/HG02623/s01_HG02623_ddr_positive_kgen_chr18_raw.vcf, /home/ec2-user/results/data_analysis/gt_individuals/kgen/ddr_positive/HG02623/s01_HG02623_ddr_positive_kgen_chr19_raw.vcf, /home/ec2-user/results/data_analysis/gt_individuals/kgen/ddr_positive/HG02623/s01_HG02623_ddr_positive_kgen_chr20_raw.vcf, /home/ec2-user/results/data_analysis/gt_individuals/kgen/ddr_positive/HG02623/s01_HG02623_ddr_positive_kgen_chr21_raw.vcf, /home/ec2-user/results/data_analysis/gt_individuals/kgen/ddr_positive/HG02623/s01_HG02623_ddr_positive_kgen_chr22_raw.vcf, /home/ec2-user/results/data_analysis/gt_individuals/kgen/ddr_positive/HG02623/s01_HG02623_ddr_positive_kgen_chrX_raw.vcf] OUTPUT=/home/ec2-user/results/data_analysis/gt_individuals/kgen/ddr_positive/HG02623/s01_HG02623_ddr_positive_kgen_merged_raw.vcf.gz    VERBOSITY=INFO QUIET=false VALIDATION_STRINGENCY=STRICT COMPRESSION_LEVEL=5 MAX_RECORDS_IN_RAM=500000 CREATE_INDEX=true CREATE_MD5_FILE=false GA4GH_CLIENT_SECRETS=client_secrets.json USE_JDK_DEFLATER=false USE_JDK_INFLATER=false
[Sun May 27 10:17:37 UTC 2018] Executing as ec2-user@ip-172-31-36-234 on Linux 4.14.33-51.37.amzn1.x86_64 amd64; OpenJDK 64-Bit Server VM 1.8.0_171-b10; Deflater: Intel; Inflater: Intel; Provider GCS is not available; Picard version: 2.18.2-SNAPSHOT
INFO	2018-05-27 10:17:40	MergeVcfs	Processed        10,000 records.  Elapsed time: 00:00:03s.  Time for last 10,000:    0s.  Last read position: 1:5,288,559
INFO	2018-05-27 10:17:41	MergeVcfs	Processed        20,000 records.  Elapsed time: 00:00:03s.  Time for last 10,000:    0s.  Last read position: 1:10,794,895
INFO	2018-05-27 10:17:41	MergeVcfs	Processed        30,000 records.  Elapsed time: 00:00:04s.  Time for last 10,000:    0s.  Last read position: 1:16,473,979
INFO	2018-05-27 10:17:41	MergeVcfs	Processed        40,000 records.  Elapsed time: 00:00:04s.  Time for last 10,000:    0s.  Last read position: 1:21,920,942
INFO	2018-05-27 10:17:42	MergeVcfs	Processed        50,000 records.  Elapsed time: 00:00:05s.  Time for last 10,000:    0s.  Last read position: 1:28,047,635
INFO	2018-05-27 10:17:42	MergeVcfs	Processed        60,000 records.  Elapsed time: 00:00:05s.  Time for last 10,000:    0s.  Last read position: 1:34,232,280
INFO	2018-05-27 10:17:42	MergeVcfs	Processed        70,000 records.  Elapsed time: 00:00:05s.  Time for last 10,000:    0s.  Last read position: 1:40,799,989
INFO	2018-05-27 10:17:43	MergeVcfs	Processed        80,000 records.  Elapsed time: 00:00:06s.  Time for last 10,000:    0s.  Last read position: 1:47,642,230
INFO	2018-05-27 10:17:44	MergeVcfs	Processed        90,000 records.  Elapsed time: 00:00:06s.  Time for last 10,000:    0s.  Last read position: 1:55,264,391
INFO	2018-05-27 10:17:44	MergeVcfs	Processed       100,000 records.  Elapsed time: 00:00:07s.  Time for last 10,000:    0s.  Last read position: 1:61,066,279
INFO	2018-05-27 10:17:45	MergeVcfs	Processed       110,000 records.  Elapsed time: 00:00:08s.  Time for last 10,000:    0s.  Last read position: 1:66,610,736
INFO	2018-05-27 10:17:45	MergeVcfs	Processed       120,000 records.  Elapsed time: 00:00:08s.  Time for last 10,000:    0s.  Last read position: 1:73,019,586
INFO	2018-05-27 10:17:46	MergeVcfs	Processed       130,000 records.  Elapsed time: 00:00:09s.  Time for last 10,000:    0s.  Last read position: 1:78,769,060
INFO	2018-05-27 10:17:46	MergeVcfs	Processed       140,000 records.  Elapsed time: 00:00:09s.  Time for last 10,000:    0s.  Last read position: 1:84,701,251
INFO	2018-05-27 10:17:46	MergeVcfs	Processed       150,000 records.  Elapsed time: 00:00:09s.  Time for last 10,000:    0s.  Last read position: 1:90,608,205
INFO	2018-05-27 10:17:47	MergeVcfs	Processed       160,000 records.  Elapsed time: 00:00:10s.  Time for last 10,000:    0s.  Last read position: 1:96,118,470
INFO	2018-05-27 10:17:47	MergeVcfs	Processed       170,000 records.  Elapsed time: 00:00:10s.  Time for last 10,000:    0s.  Last read position: 1:102,618,139
INFO	2018-05-27 10:17:47	MergeVcfs	Processed       180,000 records.  Elapsed time: 00:00:10s.  Time for last 10,000:    0s.  Last read position: 1:107,201,540
INFO	2018-05-27 10:17:48	MergeVcfs	Processed       190,000 records.  Elapsed time: 00:00:11s.  Time for last 10,000:    0s.  Last read position: 1:113,250,402
INFO	2018-05-27 10:17:48	MergeVcfs	Processed       200,000 records.  Elapsed time: 00:00:11s.  Time for last 10,000:    0s.  Last read position: 1:119,934,443
INFO	2018-05-27 10:17:49	MergeVcfs	Processed       210,000 records.  Elapsed time: 00:00:11s.  Time for last 10,000:    0s.  Last read position: 1:151,750,472
INFO	2018-05-27 10:17:49	MergeVcfs	Processed       220,000 records.  Elapsed time: 00:00:12s.  Time for last 10,000:    0s.  Last read position: 1:157,842,368
INFO	2018-05-27 10:17:50	MergeVcfs	Processed       230,000 records.  Elapsed time: 00:00:12s.  Time for last 10,000:    0s.  Last read position: 1:163,667,287
INFO	2018-05-27 10:17:50	MergeVcfs	Processed       240,000 records.  Elapsed time: 00:00:13s.  Time for last 10,000:    0s.  Last read position: 1:168,696,943
INFO	2018-05-27 10:17:51	MergeVcfs	Processed       250,000 records.  Elapsed time: 00:00:13s.  Time for last 10,000:    0s.  Last read position: 1:174,447,588
INFO	2018-05-27 10:17:51	MergeVcfs	Processed       260,000 records.  Elapsed time: 00:00:14s.  Time for last 10,000:    0s.  Last read position: 1:180,549,055
INFO	2018-05-27 10:17:51	MergeVcfs	Processed       270,000 records.  Elapsed time: 00:00:14s.  Time for last 10,000:    0s.  Last read position: 1:186,633,738
INFO	2018-05-27 10:17:52	MergeVcfs	Processed       280,000 records.  Elapsed time: 00:00:15s.  Time for last 10,000:    0s.  Last read position: 1:191,276,758
INFO	2018-05-27 10:17:52	MergeVcfs	Processed       290,000 records.  Elapsed time: 00:00:15s.  Time for last 10,000:    0s.  Last read position: 1:196,821,922
INFO	2018-05-27 10:17:52	MergeVcfs	Processed       300,000 records.  Elapsed time: 00:00:15s.  Time for last 10,000:    0s.  Last read position: 1:202,802,966
INFO	2018-05-27 10:17:53	MergeVcfs	Processed       310,000 records.  Elapsed time: 00:00:15s.  Time for last 10,000:    0s.  Last read position: 1:209,641,942
INFO	2018-05-27 10:17:53	MergeVcfs	Processed       320,000 records.  Elapsed time: 00:00:16s.  Time for last 10,000:    0s.  Last read position: 1:215,563,364
INFO	2018-05-27 10:17:53	MergeVcfs	Processed       330,000 records.  Elapsed time: 00:00:16s.  Time for last 10,000:    0s.  Last read position: 1:221,811,055
INFO	2018-05-27 10:17:53	MergeVcfs	Processed       340,000 records.  Elapsed time: 00:00:16s.  Time for last 10,000:    0s.  Last read position: 1:228,067,500
INFO	2018-05-27 10:17:54	MergeVcfs	Processed       350,000 records.  Elapsed time: 00:00:17s.  Time for last 10,000:    0s.  Last read position: 1:233,537,276
INFO	2018-05-27 10:17:54	MergeVcfs	Processed       360,000 records.  Elapsed time: 00:00:17s.  Time for last 10,000:    0s.  Last read position: 1:238,487,235
INFO	2018-05-27 10:17:55	MergeVcfs	Processed       370,000 records.  Elapsed time: 00:00:18s.  Time for last 10,000:    0s.  Last read position: 1:243,240,362
INFO	2018-05-27 10:17:55	MergeVcfs	Processed       380,000 records.  Elapsed time: 00:00:18s.  Time for last 10,000:    0s.  Last read position: 1:247,760,463
INFO	2018-05-27 10:17:55	MergeVcfs	Processed       390,000 records.  Elapsed time: 00:00:18s.  Time for last 10,000:    0s.  Last read position: 2:2,080,581
INFO	2018-05-27 10:17:56	MergeVcfs	Processed       400,000 records.  Elapsed time: 00:00:19s.  Time for last 10,000:    0s.  Last read position: 2:6,878,219
INFO	2018-05-27 10:17:56	MergeVcfs	Processed       410,000 records.  Elapsed time: 00:00:19s.  Time for last 10,000:    0s.  Last read position: 2:12,101,791
INFO	2018-05-27 10:17:57	MergeVcfs	Processed       420,000 records.  Elapsed time: 00:00:19s.  Time for last 10,000:    0s.  Last read position: 2:17,372,522
INFO	2018-05-27 10:17:57	MergeVcfs	Processed       430,000 records.  Elapsed time: 00:00:20s.  Time for last 10,000:    0s.  Last read position: 2:23,355,388
INFO	2018-05-27 10:17:57	MergeVcfs	Processed       440,000 records.  Elapsed time: 00:00:20s.  Time for last 10,000:    0s.  Last read position: 2:29,536,868
INFO	2018-05-27 10:17:58	MergeVcfs	Processed       450,000 records.  Elapsed time: 00:00:20s.  Time for last 10,000:    0s.  Last read position: 2:34,705,044
INFO	2018-05-27 10:17:58	MergeVcfs	Processed       460,000 records.  Elapsed time: 00:00:21s.  Time for last 10,000:    0s.  Last read position: 2:39,229,383
INFO	2018-05-27 10:17:58	MergeVcfs	Processed       470,000 records.  Elapsed time: 00:00:21s.  Time for last 10,000:    0s.  Last read position: 2:44,033,754
INFO	2018-05-27 10:17:59	MergeVcfs	Processed       480,000 records.  Elapsed time: 00:00:22s.  Time for last 10,000:    0s.  Last read position: 2:49,298,469
INFO	2018-05-27 10:17:59	MergeVcfs	Processed       490,000 records.  Elapsed time: 00:00:22s.  Time for last 10,000:    0s.  Last read position: 2:54,354,719
INFO	2018-05-27 10:18:00	MergeVcfs	Processed       500,000 records.  Elapsed time: 00:00:23s.  Time for last 10,000:    0s.  Last read position: 2:59,606,465
INFO	2018-05-27 10:18:00	MergeVcfs	Processed       510,000 records.  Elapsed time: 00:00:23s.  Time for last 10,000:    0s.  Last read position: 2:65,926,952
INFO	2018-05-27 10:18:00	MergeVcfs	Processed       520,000 records.  Elapsed time: 00:00:23s.  Time for last 10,000:    0s.  Last read position: 2:71,016,451
INFO	2018-05-27 10:18:01	MergeVcfs	Processed       530,000 records.  Elapsed time: 00:00:24s.  Time for last 10,000:    0s.  Last read position: 2:76,664,652
INFO	2018-05-27 10:18:01	MergeVcfs	Processed       540,000 records.  Elapsed time: 00:00:24s.  Time for last 10,000:    0s.  Last read position: 2:81,184,769
INFO	2018-05-27 10:18:01	MergeVcfs	Processed       550,000 records.  Elapsed time: 00:00:24s.  Time for last 10,000:    0s.  Last read position: 2:88,208,349
INFO	2018-05-27 10:18:02	MergeVcfs	Processed       560,000 records.  Elapsed time: 00:00:25s.  Time for last 10,000:    0s.  Last read position: 2:101,083,501
INFO	2018-05-27 10:18:02	MergeVcfs	Processed       570,000 records.  Elapsed time: 00:00:25s.  Time for last 10,000:    0s.  Last read position: 2:107,173,029
INFO	2018-05-27 10:18:02	MergeVcfs	Processed       580,000 records.  Elapsed time: 00:00:25s.  Time for last 10,000:    0s.  Last read position: 2:114,156,072
INFO	2018-05-27 10:18:03	MergeVcfs	Processed       590,000 records.  Elapsed time: 00:00:26s.  Time for last 10,000:    0s.  Last read position: 2:119,752,450
INFO	2018-05-27 10:18:03	MergeVcfs	Processed       600,000 records.  Elapsed time: 00:00:26s.  Time for last 10,000:    0s.  Last read position: 2:125,119,241
INFO	2018-05-27 10:18:04	MergeVcfs	Processed       610,000 records.  Elapsed time: 00:00:27s.  Time for last 10,000:    0s.  Last read position: 2:130,591,301
INFO	2018-05-27 10:18:04	MergeVcfs	Processed       620,000 records.  Elapsed time: 00:00:27s.  Time for last 10,000:    0s.  Last read position: 2:136,171,649
INFO	2018-05-27 10:18:05	MergeVcfs	Processed       630,000 records.  Elapsed time: 00:00:28s.  Time for last 10,000:    0s.  Last read position: 2:141,866,271
INFO	2018-05-27 10:18:06	MergeVcfs	Processed       640,000 records.  Elapsed time: 00:00:29s.  Time for last 10,000:    1s.  Last read position: 2:149,116,835
INFO	2018-05-27 10:18:06	MergeVcfs	Processed       650,000 records.  Elapsed time: 00:00:29s.  Time for last 10,000:    0s.  Last read position: 2:155,826,583
INFO	2018-05-27 10:18:06	MergeVcfs	Processed       660,000 records.  Elapsed time: 00:00:29s.  Time for last 10,000:    0s.  Last read position: 2:162,665,516
INFO	2018-05-27 10:18:07	MergeVcfs	Processed       670,000 records.  Elapsed time: 00:00:30s.  Time for last 10,000:    0s.  Last read position: 2:169,092,121
INFO	2018-05-27 10:18:07	MergeVcfs	Processed       680,000 records.  Elapsed time: 00:00:30s.  Time for last 10,000:    0s.  Last read position: 2:174,496,330
INFO	2018-05-27 10:18:08	MergeVcfs	Processed       690,000 records.  Elapsed time: 00:00:30s.  Time for last 10,000:    0s.  Last read position: 2:180,992,645
INFO	2018-05-27 10:18:08	MergeVcfs	Processed       700,000 records.  Elapsed time: 00:00:31s.  Time for last 10,000:    0s.  Last read position: 2:186,957,095
INFO	2018-05-27 10:18:08	MergeVcfs	Processed       710,000 records.  Elapsed time: 00:00:31s.  Time for last 10,000:    0s.  Last read position: 2:193,707,808
INFO	2018-05-27 10:18:09	MergeVcfs	Processed       720,000 records.  Elapsed time: 00:00:32s.  Time for last 10,000:    0s.  Last read position: 2:200,734,368
INFO	2018-05-27 10:18:09	MergeVcfs	Processed       730,000 records.  Elapsed time: 00:00:32s.  Time for last 10,000:    0s.  Last read position: 2:208,269,257
INFO	2018-05-27 10:18:10	MergeVcfs	Processed       740,000 records.  Elapsed time: 00:00:33s.  Time for last 10,000:    0s.  Last read position: 2:213,629,209
INFO	2018-05-27 10:18:10	MergeVcfs	Processed       750,000 records.  Elapsed time: 00:00:33s.  Time for last 10,000:    0s.  Last read position: 2:219,347,300
INFO	2018-05-27 10:18:11	MergeVcfs	Processed       760,000 records.  Elapsed time: 00:00:33s.  Time for last 10,000:    0s.  Last read position: 2:224,867,712
INFO	2018-05-27 10:18:11	MergeVcfs	Processed       770,000 records.  Elapsed time: 00:00:34s.  Time for last 10,000:    0s.  Last read position: 2:229,921,274
INFO	2018-05-27 10:18:11	MergeVcfs	Processed       780,000 records.  Elapsed time: 00:00:34s.  Time for last 10,000:    0s.  Last read position: 2:235,209,204
INFO	2018-05-27 10:18:12	MergeVcfs	Processed       790,000 records.  Elapsed time: 00:00:35s.  Time for last 10,000:    0s.  Last read position: 2:239,795,107
INFO	2018-05-27 10:18:12	MergeVcfs	Processed       800,000 records.  Elapsed time: 00:00:35s.  Time for last 10,000:    0s.  Last read position: 3:1,310,062
INFO	2018-05-27 10:18:12	MergeVcfs	Processed       810,000 records.  Elapsed time: 00:00:35s.  Time for last 10,000:    0s.  Last read position: 3:5,082,848
INFO	2018-05-27 10:18:12	MergeVcfs	Processed       820,000 records.  Elapsed time: 00:00:35s.  Time for last 10,000:    0s.  Last read position: 3:8,969,050
INFO	2018-05-27 10:18:13	MergeVcfs	Processed       830,000 records.  Elapsed time: 00:00:36s.  Time for last 10,000:    0s.  Last read position: 3:14,282,768
INFO	2018-05-27 10:18:13	MergeVcfs	Processed       840,000 records.  Elapsed time: 00:00:36s.  Time for last 10,000:    0s.  Last read position: 3:20,577,473
INFO	2018-05-27 10:18:13	MergeVcfs	Processed       850,000 records.  Elapsed time: 00:00:36s.  Time for last 10,000:    0s.  Last read position: 3:25,015,368
INFO	2018-05-27 10:18:14	MergeVcfs	Processed       860,000 records.  Elapsed time: 00:00:37s.  Time for last 10,000:    0s.  Last read position: 3:30,423,330
INFO	2018-05-27 10:18:14	MergeVcfs	Processed       870,000 records.  Elapsed time: 00:00:37s.  Time for last 10,000:    0s.  Last read position: 3:35,914,111
INFO	2018-05-27 10:18:15	MergeVcfs	Processed       880,000 records.  Elapsed time: 00:00:38s.  Time for last 10,000:    0s.  Last read position: 3:41,586,941
INFO	2018-05-27 10:18:15	MergeVcfs	Processed       890,000 records.  Elapsed time: 00:00:38s.  Time for last 10,000:    0s.  Last read position: 3:48,442,959
INFO	2018-05-27 10:18:16	MergeVcfs	Processed       900,000 records.  Elapsed time: 00:00:39s.  Time for last 10,000:    0s.  Last read position: 3:56,661,909
INFO	2018-05-27 10:18:16	MergeVcfs	Processed       910,000 records.  Elapsed time: 00:00:39s.  Time for last 10,000:    0s.  Last read position: 3:61,939,812
INFO	2018-05-27 10:18:17	MergeVcfs	Processed       920,000 records.  Elapsed time: 00:00:40s.  Time for last 10,000:    0s.  Last read position: 3:67,484,778
INFO	2018-05-27 10:18:17	MergeVcfs	Processed       930,000 records.  Elapsed time: 00:00:40s.  Time for last 10,000:    0s.  Last read position: 3:73,130,068
INFO	2018-05-27 10:18:18	MergeVcfs	Processed       940,000 records.  Elapsed time: 00:00:41s.  Time for last 10,000:    0s.  Last read position: 3:78,622,624
INFO	2018-05-27 10:18:18	MergeVcfs	Processed       950,000 records.  Elapsed time: 00:00:41s.  Time for last 10,000:    0s.  Last read position: 3:85,159,963
INFO	2018-05-27 10:18:18	MergeVcfs	Processed       960,000 records.  Elapsed time: 00:00:41s.  Time for last 10,000:    0s.  Last read position: 3:94,194,892
INFO	2018-05-27 10:18:19	MergeVcfs	Processed       970,000 records.  Elapsed time: 00:00:42s.  Time for last 10,000:    0s.  Last read position: 3:98,819,986
INFO	2018-05-27 10:18:19	MergeVcfs	Processed       980,000 records.  Elapsed time: 00:00:42s.  Time for last 10,000:    0s.  Last read position: 3:104,479,928
INFO	2018-05-27 10:18:19	MergeVcfs	Processed       990,000 records.  Elapsed time: 00:00:42s.  Time for last 10,000:    0s.  Last read position: 3:110,349,192
INFO	2018-05-27 10:18:20	MergeVcfs	Processed     1,000,000 records.  Elapsed time: 00:00:43s.  Time for last 10,000:    0s.  Last read position: 3:116,665,212
INFO	2018-05-27 10:18:20	MergeVcfs	Processed     1,010,000 records.  Elapsed time: 00:00:43s.  Time for last 10,000:    0s.  Last read position: 3:122,705,440
INFO	2018-05-27 10:18:21	MergeVcfs	Processed     1,020,000 records.  Elapsed time: 00:00:43s.  Time for last 10,000:    0s.  Last read position: 3:127,923,810
INFO	2018-05-27 10:18:21	MergeVcfs	Processed     1,030,000 records.  Elapsed time: 00:00:44s.  Time for last 10,000:    0s.  Last read position: 3:133,238,614
INFO	2018-05-27 10:18:21	MergeVcfs	Processed     1,040,000 records.  Elapsed time: 00:00:44s.  Time for last 10,000:    0s.  Last read position: 3:139,835,865
INFO	2018-05-27 10:18:22	MergeVcfs	Processed     1,050,000 records.  Elapsed time: 00:00:45s.  Time for last 10,000:    0s.  Last read position: 3:145,330,141
INFO	2018-05-27 10:18:22	MergeVcfs	Processed     1,060,000 records.  Elapsed time: 00:00:45s.  Time for last 10,000:    0s.  Last read position: 3:150,626,437
INFO	2018-05-27 10:18:23	MergeVcfs	Processed     1,070,000 records.  Elapsed time: 00:00:46s.  Time for last 10,000:    0s.  Last read position: 3:156,278,930
INFO	2018-05-27 10:18:23	MergeVcfs	Processed     1,080,000 records.  Elapsed time: 00:00:46s.  Time for last 10,000:    0s.  Last read position: 3:162,356,057
INFO	2018-05-27 10:18:23	MergeVcfs	Processed     1,090,000 records.  Elapsed time: 00:00:46s.  Time for last 10,000:    0s.  Last read position: 3:168,494,062
INFO	2018-05-27 10:18:24	MergeVcfs	Processed     1,100,000 records.  Elapsed time: 00:00:47s.  Time for last 10,000:    0s.  Last read position: 3:174,367,584
INFO	2018-05-27 10:18:24	MergeVcfs	Processed     1,110,000 records.  Elapsed time: 00:00:47s.  Time for last 10,000:    0s.  Last read position: 3:179,661,318
INFO	2018-05-27 10:18:25	MergeVcfs	Processed     1,120,000 records.  Elapsed time: 00:00:47s.  Time for last 10,000:    0s.  Last read position: 3:186,015,283
INFO	2018-05-27 10:18:25	MergeVcfs	Processed     1,130,000 records.  Elapsed time: 00:00:48s.  Time for last 10,000:    0s.  Last read position: 3:190,866,600
INFO	2018-05-27 10:18:25	MergeVcfs	Processed     1,140,000 records.  Elapsed time: 00:00:48s.  Time for last 10,000:    0s.  Last read position: 3:194,915,882
INFO	2018-05-27 10:18:26	MergeVcfs	Processed     1,150,000 records.  Elapsed time: 00:00:49s.  Time for last 10,000:    0s.  Last read position: 4:2,780,733
INFO	2018-05-27 10:18:26	MergeVcfs	Processed     1,160,000 records.  Elapsed time: 00:00:49s.  Time for last 10,000:    0s.  Last read position: 4:6,286,711
INFO	2018-05-27 10:18:26	MergeVcfs	Processed     1,170,000 records.  Elapsed time: 00:00:49s.  Time for last 10,000:    0s.  Last read position: 4:9,890,133
INFO	2018-05-27 10:18:27	MergeVcfs	Processed     1,180,000 records.  Elapsed time: 00:00:50s.  Time for last 10,000:    0s.  Last read position: 4:14,155,994
INFO	2018-05-27 10:18:27	MergeVcfs	Processed     1,190,000 records.  Elapsed time: 00:00:50s.  Time for last 10,000:    0s.  Last read position: 4:19,357,651
INFO	2018-05-27 10:18:27	MergeVcfs	Processed     1,200,000 records.  Elapsed time: 00:00:50s.  Time for last 10,000:    0s.  Last read position: 4:24,670,196
INFO	2018-05-27 10:18:28	MergeVcfs	Processed     1,210,000 records.  Elapsed time: 00:00:51s.  Time for last 10,000:    0s.  Last read position: 4:29,657,011
INFO	2018-05-27 10:18:28	MergeVcfs	Processed     1,220,000 records.  Elapsed time: 00:00:51s.  Time for last 10,000:    0s.  Last read position: 4:34,471,285
INFO	2018-05-27 10:18:29	MergeVcfs	Processed     1,230,000 records.  Elapsed time: 00:00:52s.  Time for last 10,000:    0s.  Last read position: 4:38,774,429
INFO	2018-05-27 10:18:29	MergeVcfs	Processed     1,240,000 records.  Elapsed time: 00:00:52s.  Time for last 10,000:    0s.  Last read position: 4:43,866,514
INFO	2018-05-27 10:18:29	MergeVcfs	Processed     1,250,000 records.  Elapsed time: 00:00:52s.  Time for last 10,000:    0s.  Last read position: 4:49,636,433
INFO	2018-05-27 10:18:30	MergeVcfs	Processed     1,260,000 records.  Elapsed time: 00:00:53s.  Time for last 10,000:    0s.  Last read position: 4:57,987,405
INFO	2018-05-27 10:18:30	MergeVcfs	Processed     1,270,000 records.  Elapsed time: 00:00:53s.  Time for last 10,000:    0s.  Last read position: 4:63,165,216
INFO	2018-05-27 10:18:31	MergeVcfs	Processed     1,280,000 records.  Elapsed time: 00:00:54s.  Time for last 10,000:    0s.  Last read position: 4:68,242,785
INFO	2018-05-27 10:18:31	MergeVcfs	Processed     1,290,000 records.  Elapsed time: 00:00:54s.  Time for last 10,000:    0s.  Last read position: 4:73,290,764
INFO	2018-05-27 10:18:32	MergeVcfs	Processed     1,300,000 records.  Elapsed time: 00:00:55s.  Time for last 10,000:    0s.  Last read position: 4:77,920,568
INFO	2018-05-27 10:18:32	MergeVcfs	Processed     1,310,000 records.  Elapsed time: 00:00:55s.  Time for last 10,000:    0s.  Last read position: 4:83,564,977
INFO	2018-05-27 10:18:32	MergeVcfs	Processed     1,320,000 records.  Elapsed time: 00:00:55s.  Time for last 10,000:    0s.  Last read position: 4:88,839,497
INFO	2018-05-27 10:18:33	MergeVcfs	Processed     1,330,000 records.  Elapsed time: 00:00:56s.  Time for last 10,000:    0s.  Last read position: 4:94,600,328
INFO	2018-05-27 10:18:33	MergeVcfs	Processed     1,340,000 records.  Elapsed time: 00:00:56s.  Time for last 10,000:    0s.  Last read position: 4:99,661,738
INFO	2018-05-27 10:18:34	MergeVcfs	Processed     1,350,000 records.  Elapsed time: 00:00:57s.  Time for last 10,000:    0s.  Last read position: 4:105,451,099
INFO	2018-05-27 10:18:34	MergeVcfs	Processed     1,360,000 records.  Elapsed time: 00:00:57s.  Time for last 10,000:    0s.  Last read position: 4:111,612,804
INFO	2018-05-27 10:18:34	MergeVcfs	Processed     1,370,000 records.  Elapsed time: 00:00:57s.  Time for last 10,000:    0s.  Last read position: 4:117,555,184
INFO	2018-05-27 10:18:35	MergeVcfs	Processed     1,380,000 records.  Elapsed time: 00:00:58s.  Time for last 10,000:    0s.  Last read position: 4:122,947,939
INFO	2018-05-27 10:18:35	MergeVcfs	Processed     1,390,000 records.  Elapsed time: 00:00:58s.  Time for last 10,000:    0s.  Last read position: 4:129,682,814
INFO	2018-05-27 10:18:36	MergeVcfs	Processed     1,400,000 records.  Elapsed time: 00:00:59s.  Time for last 10,000:    0s.  Last read position: 4:135,243,343
INFO	2018-05-27 10:18:36	MergeVcfs	Processed     1,410,000 records.  Elapsed time: 00:00:59s.  Time for last 10,000:    0s.  Last read position: 4:140,922,075
INFO	2018-05-27 10:18:37	MergeVcfs	Processed     1,420,000 records.  Elapsed time: 00:01:00s.  Time for last 10,000:    0s.  Last read position: 4:147,369,255
INFO	2018-05-27 10:18:37	MergeVcfs	Processed     1,430,000 records.  Elapsed time: 00:01:00s.  Time for last 10,000:    0s.  Last read position: 4:154,036,188
INFO	2018-05-27 10:18:37	MergeVcfs	Processed     1,440,000 records.  Elapsed time: 00:01:00s.  Time for last 10,000:    0s.  Last read position: 4:159,656,442
INFO	2018-05-27 10:18:38	MergeVcfs	Processed     1,450,000 records.  Elapsed time: 00:01:01s.  Time for last 10,000:    0s.  Last read position: 4:164,549,637
INFO	2018-05-27 10:18:38	MergeVcfs	Processed     1,460,000 records.  Elapsed time: 00:01:01s.  Time for last 10,000:    0s.  Last read position: 4:169,047,305
INFO	2018-05-27 10:18:38	MergeVcfs	Processed     1,470,000 records.  Elapsed time: 00:01:01s.  Time for last 10,000:    0s.  Last read position: 4:174,487,892
INFO	2018-05-27 10:18:39	MergeVcfs	Processed     1,480,000 records.  Elapsed time: 00:01:01s.  Time for last 10,000:    0s.  Last read position: 4:179,827,198
INFO	2018-05-27 10:18:39	MergeVcfs	Processed     1,490,000 records.  Elapsed time: 00:01:02s.  Time for last 10,000:    0s.  Last read position: 4:184,296,685
INFO	2018-05-27 10:18:39	MergeVcfs	Processed     1,500,000 records.  Elapsed time: 00:01:02s.  Time for last 10,000:    0s.  Last read position: 4:188,474,049
INFO	2018-05-27 10:18:40	MergeVcfs	Processed     1,510,000 records.  Elapsed time: 00:01:03s.  Time for last 10,000:    0s.  Last read position: 5:910,270
INFO	2018-05-27 10:18:40	MergeVcfs	Processed     1,520,000 records.  Elapsed time: 00:01:03s.  Time for last 10,000:    0s.  Last read position: 5:5,031,963
INFO	2018-05-27 10:18:40	MergeVcfs	Processed     1,530,000 records.  Elapsed time: 00:01:03s.  Time for last 10,000:    0s.  Last read position: 5:9,308,703
INFO	2018-05-27 10:18:41	MergeVcfs	Processed     1,540,000 records.  Elapsed time: 00:01:04s.  Time for last 10,000:    0s.  Last read position: 5:14,386,655
INFO	2018-05-27 10:18:41	MergeVcfs	Processed     1,550,000 records.  Elapsed time: 00:01:04s.  Time for last 10,000:    0s.  Last read position: 5:19,898,298
INFO	2018-05-27 10:18:41	MergeVcfs	Processed     1,560,000 records.  Elapsed time: 00:01:04s.  Time for last 10,000:    0s.  Last read position: 5:25,754,174
INFO	2018-05-27 10:18:42	MergeVcfs	Processed     1,570,000 records.  Elapsed time: 00:01:04s.  Time for last 10,000:    0s.  Last read position: 5:30,659,568
INFO	2018-05-27 10:18:42	MergeVcfs	Processed     1,580,000 records.  Elapsed time: 00:01:05s.  Time for last 10,000:    0s.  Last read position: 5:35,453,541
INFO	2018-05-27 10:18:43	MergeVcfs	Processed     1,590,000 records.  Elapsed time: 00:01:05s.  Time for last 10,000:    0s.  Last read position: 5:41,103,117
INFO	2018-05-27 10:18:43	MergeVcfs	Processed     1,600,000 records.  Elapsed time: 00:01:06s.  Time for last 10,000:    0s.  Last read position: 5:50,026,814
INFO	2018-05-27 10:18:44	MergeVcfs	Processed     1,610,000 records.  Elapsed time: 00:01:07s.  Time for last 10,000:    0s.  Last read position: 5:55,566,527
INFO	2018-05-27 10:18:44	MergeVcfs	Processed     1,620,000 records.  Elapsed time: 00:01:07s.  Time for last 10,000:    0s.  Last read position: 5:61,768,316
INFO	2018-05-27 10:18:45	MergeVcfs	Processed     1,630,000 records.  Elapsed time: 00:01:08s.  Time for last 10,000:    0s.  Last read position: 5:68,048,623
INFO	2018-05-27 10:18:45	MergeVcfs	Processed     1,640,000 records.  Elapsed time: 00:01:08s.  Time for last 10,000:    0s.  Last read position: 5:75,452,431
INFO	2018-05-27 10:18:45	MergeVcfs	Processed     1,650,000 records.  Elapsed time: 00:01:08s.  Time for last 10,000:    0s.  Last read position: 5:81,012,281
INFO	2018-05-27 10:18:46	MergeVcfs	Processed     1,660,000 records.  Elapsed time: 00:01:09s.  Time for last 10,000:    0s.  Last read position: 5:87,919,782
INFO	2018-05-27 10:18:46	MergeVcfs	Processed     1,670,000 records.  Elapsed time: 00:01:09s.  Time for last 10,000:    0s.  Last read position: 5:96,155,518
INFO	2018-05-27 10:18:46	MergeVcfs	Processed     1,680,000 records.  Elapsed time: 00:01:09s.  Time for last 10,000:    0s.  Last read position: 5:102,028,537
INFO	2018-05-27 10:18:47	MergeVcfs	Processed     1,690,000 records.  Elapsed time: 00:01:10s.  Time for last 10,000:    0s.  Last read position: 5:108,297,822
INFO	2018-05-27 10:18:47	MergeVcfs	Processed     1,700,000 records.  Elapsed time: 00:01:10s.  Time for last 10,000:    0s.  Last read position: 5:113,382,271
INFO	2018-05-27 10:18:47	MergeVcfs	Processed     1,710,000 records.  Elapsed time: 00:01:10s.  Time for last 10,000:    0s.  Last read position: 5:118,083,775
INFO	2018-05-27 10:18:48	MergeVcfs	Processed     1,720,000 records.  Elapsed time: 00:01:11s.  Time for last 10,000:    0s.  Last read position: 5:123,130,706
INFO	2018-05-27 10:18:48	MergeVcfs	Processed     1,730,000 records.  Elapsed time: 00:01:11s.  Time for last 10,000:    0s.  Last read position: 5:128,648,581
INFO	2018-05-27 10:18:49	MergeVcfs	Processed     1,740,000 records.  Elapsed time: 00:01:12s.  Time for last 10,000:    0s.  Last read position: 5:135,339,583
INFO	2018-05-27 10:18:49	MergeVcfs	Processed     1,750,000 records.  Elapsed time: 00:01:12s.  Time for last 10,000:    0s.  Last read position: 5:142,344,109
INFO	2018-05-27 10:18:50	MergeVcfs	Processed     1,760,000 records.  Elapsed time: 00:01:12s.  Time for last 10,000:    0s.  Last read position: 5:147,927,899
INFO	2018-05-27 10:18:50	MergeVcfs	Processed     1,770,000 records.  Elapsed time: 00:01:13s.  Time for last 10,000:    0s.  Last read position: 5:153,651,352
INFO	2018-05-27 10:18:50	MergeVcfs	Processed     1,780,000 records.  Elapsed time: 00:01:13s.  Time for last 10,000:    0s.  Last read position: 5:159,591,566
INFO	2018-05-27 10:18:51	MergeVcfs	Processed     1,790,000 records.  Elapsed time: 00:01:13s.  Time for last 10,000:    0s.  Last read position: 5:165,178,346
INFO	2018-05-27 10:18:51	MergeVcfs	Processed     1,800,000 records.  Elapsed time: 00:01:14s.  Time for last 10,000:    0s.  Last read position: 5:171,676,275
INFO	2018-05-27 10:18:51	MergeVcfs	Processed     1,810,000 records.  Elapsed time: 00:01:14s.  Time for last 10,000:    0s.  Last read position: 5:177,095,591
INFO	2018-05-27 10:18:52	MergeVcfs	Processed     1,820,000 records.  Elapsed time: 00:01:14s.  Time for last 10,000:    0s.  Last read position: 6:733,267
INFO	2018-05-27 10:18:52	MergeVcfs	Processed     1,830,000 records.  Elapsed time: 00:01:15s.  Time for last 10,000:    0s.  Last read position: 6:5,139,080
INFO	2018-05-27 10:18:52	MergeVcfs	Processed     1,840,000 records.  Elapsed time: 00:01:15s.  Time for last 10,000:    0s.  Last read position: 6:9,350,394
INFO	2018-05-27 10:18:53	MergeVcfs	Processed     1,850,000 records.  Elapsed time: 00:01:16s.  Time for last 10,000:    0s.  Last read position: 6:14,418,696
INFO	2018-05-27 10:18:53	MergeVcfs	Processed     1,860,000 records.  Elapsed time: 00:01:16s.  Time for last 10,000:    0s.  Last read position: 6:19,906,939
INFO	2018-05-27 10:18:53	MergeVcfs	Processed     1,870,000 records.  Elapsed time: 00:01:16s.  Time for last 10,000:    0s.  Last read position: 6:24,955,738
INFO	2018-05-27 10:18:54	MergeVcfs	Processed     1,880,000 records.  Elapsed time: 00:01:17s.  Time for last 10,000:    0s.  Last read position: 6:30,053,398
INFO	2018-05-27 10:18:54	MergeVcfs	Processed     1,890,000 records.  Elapsed time: 00:01:17s.  Time for last 10,000:    0s.  Last read position: 6:32,447,900
INFO	2018-05-27 10:18:54	MergeVcfs	Processed     1,900,000 records.  Elapsed time: 00:01:17s.  Time for last 10,000:    0s.  Last read position: 6:33,052,986
INFO	2018-05-27 10:18:55	MergeVcfs	Processed     1,910,000 records.  Elapsed time: 00:01:18s.  Time for last 10,000:    0s.  Last read position: 6:38,489,194
INFO	2018-05-27 10:18:55	MergeVcfs	Processed     1,920,000 records.  Elapsed time: 00:01:18s.  Time for last 10,000:    0s.  Last read position: 6:44,301,334
INFO	2018-05-27 10:18:56	MergeVcfs	Processed     1,930,000 records.  Elapsed time: 00:01:19s.  Time for last 10,000:    0s.  Last read position: 6:49,699,879
INFO	2018-05-27 10:18:56	MergeVcfs	Processed     1,940,000 records.  Elapsed time: 00:01:19s.  Time for last 10,000:    0s.  Last read position: 6:54,814,567
INFO	2018-05-27 10:18:57	MergeVcfs	Processed     1,950,000 records.  Elapsed time: 00:01:20s.  Time for last 10,000:    0s.  Last read position: 6:63,163,415
INFO	2018-05-27 10:18:57	MergeVcfs	Processed     1,960,000 records.  Elapsed time: 00:01:20s.  Time for last 10,000:    0s.  Last read position: 6:67,973,141
INFO	2018-05-27 10:18:58	MergeVcfs	Processed     1,970,000 records.  Elapsed time: 00:01:20s.  Time for last 10,000:    0s.  Last read position: 6:73,149,524
INFO	2018-05-27 10:18:58	MergeVcfs	Processed     1,980,000 records.  Elapsed time: 00:01:21s.  Time for last 10,000:    0s.  Last read position: 6:78,509,994
INFO	2018-05-27 10:18:58	MergeVcfs	Processed     1,990,000 records.  Elapsed time: 00:01:21s.  Time for last 10,000:    0s.  Last read position: 6:84,081,405
INFO	2018-05-27 10:18:59	MergeVcfs	Processed     2,000,000 records.  Elapsed time: 00:01:22s.  Time for last 10,000:    0s.  Last read position: 6:89,405,212
INFO	2018-05-27 10:18:59	MergeVcfs	Processed     2,010,000 records.  Elapsed time: 00:01:22s.  Time for last 10,000:    0s.  Last read position: 6:95,354,717
INFO	2018-05-27 10:18:59	MergeVcfs	Processed     2,020,000 records.  Elapsed time: 00:01:22s.  Time for last 10,000:    0s.  Last read position: 6:101,655,998
INFO	2018-05-27 10:19:00	MergeVcfs	Processed     2,030,000 records.  Elapsed time: 00:01:23s.  Time for last 10,000:    0s.  Last read position: 6:107,178,860
INFO	2018-05-27 10:19:00	MergeVcfs	Processed     2,040,000 records.  Elapsed time: 00:01:23s.  Time for last 10,000:    0s.  Last read position: 6:113,558,541
INFO	2018-05-27 10:19:01	MergeVcfs	Processed     2,050,000 records.  Elapsed time: 00:01:24s.  Time for last 10,000:    0s.  Last read position: 6:119,569,721
INFO	2018-05-27 10:19:01	MergeVcfs	Processed     2,060,000 records.  Elapsed time: 00:01:24s.  Time for last 10,000:    0s.  Last read position: 6:124,704,731
INFO	2018-05-27 10:19:02	MergeVcfs	Processed     2,070,000 records.  Elapsed time: 00:01:25s.  Time for last 10,000:    0s.  Last read position: 6:130,936,249
INFO	2018-05-27 10:19:02	MergeVcfs	Processed     2,080,000 records.  Elapsed time: 00:01:25s.  Time for last 10,000:    0s.  Last read position: 6:136,394,865
INFO	2018-05-27 10:19:03	MergeVcfs	Processed     2,090,000 records.  Elapsed time: 00:01:25s.  Time for last 10,000:    0s.  Last read position: 6:142,779,109
INFO	2018-05-27 10:19:03	MergeVcfs	Processed     2,100,000 records.  Elapsed time: 00:01:26s.  Time for last 10,000:    0s.  Last read position: 6:149,031,212
INFO	2018-05-27 10:19:03	MergeVcfs	Processed     2,110,000 records.  Elapsed time: 00:01:26s.  Time for last 10,000:    0s.  Last read position: 6:153,845,903
INFO	2018-05-27 10:19:04	MergeVcfs	Processed     2,120,000 records.  Elapsed time: 00:01:26s.  Time for last 10,000:    0s.  Last read position: 6:158,840,516
INFO	2018-05-27 10:19:04	MergeVcfs	Processed     2,130,000 records.  Elapsed time: 00:01:27s.  Time for last 10,000:    0s.  Last read position: 6:163,101,940
INFO	2018-05-27 10:19:04	MergeVcfs	Processed     2,140,000 records.  Elapsed time: 00:01:27s.  Time for last 10,000:    0s.  Last read position: 6:167,244,211
INFO	2018-05-27 10:19:04	MergeVcfs	Processed     2,150,000 records.  Elapsed time: 00:01:27s.  Time for last 10,000:    0s.  Last read position: 7:438,529
INFO	2018-05-27 10:19:05	MergeVcfs	Processed     2,160,000 records.  Elapsed time: 00:01:27s.  Time for last 10,000:    0s.  Last read position: 7:4,396,808
INFO	2018-05-27 10:19:05	MergeVcfs	Processed     2,170,000 records.  Elapsed time: 00:01:28s.  Time for last 10,000:    0s.  Last read position: 7:8,268,507
INFO	2018-05-27 10:19:05	MergeVcfs	Processed     2,180,000 records.  Elapsed time: 00:01:28s.  Time for last 10,000:    0s.  Last read position: 7:11,853,904
INFO	2018-05-27 10:19:05	MergeVcfs	Processed     2,190,000 records.  Elapsed time: 00:01:28s.  Time for last 10,000:    0s.  Last read position: 7:15,635,008
INFO	2018-05-27 10:19:05	MergeVcfs	Processed     2,200,000 records.  Elapsed time: 00:01:28s.  Time for last 10,000:    0s.  Last read position: 7:20,721,558
INFO	2018-05-27 10:19:05	MergeVcfs	Processed     2,210,000 records.  Elapsed time: 00:01:28s.  Time for last 10,000:    0s.  Last read position: 7:25,267,321
INFO	2018-05-27 10:19:05	MergeVcfs	Processed     2,220,000 records.  Elapsed time: 00:01:28s.  Time for last 10,000:    0s.  Last read position: 7:30,847,818
INFO	2018-05-27 10:19:05	MergeVcfs	Processed     2,230,000 records.  Elapsed time: 00:01:28s.  Time for last 10,000:    0s.  Last read position: 7:35,596,961
INFO	2018-05-27 10:19:05	MergeVcfs	Processed     2,240,000 records.  Elapsed time: 00:01:28s.  Time for last 10,000:    0s.  Last read position: 7:41,297,905
INFO	2018-05-27 10:19:05	MergeVcfs	Processed     2,250,000 records.  Elapsed time: 00:01:28s.  Time for last 10,000:    0s.  Last read position: 7:47,271,090
INFO	2018-05-27 10:19:06	MergeVcfs	Processed     2,260,000 records.  Elapsed time: 00:01:28s.  Time for last 10,000:    0s.  Last read position: 7:52,148,144
INFO	2018-05-27 10:19:06	MergeVcfs	Processed     2,270,000 records.  Elapsed time: 00:01:29s.  Time for last 10,000:    0s.  Last read position: 7:56,422,461
INFO	2018-05-27 10:19:06	MergeVcfs	Processed     2,280,000 records.  Elapsed time: 00:01:29s.  Time for last 10,000:    0s.  Last read position: 7:64,651,015
INFO	2018-05-27 10:19:06	MergeVcfs	Processed     2,290,000 records.  Elapsed time: 00:01:29s.  Time for last 10,000:    0s.  Last read position: 7:70,397,146
INFO	2018-05-27 10:19:06	MergeVcfs	Processed     2,300,000 records.  Elapsed time: 00:01:29s.  Time for last 10,000:    0s.  Last read position: 7:76,921,659
INFO	2018-05-27 10:19:06	MergeVcfs	Processed     2,310,000 records.  Elapsed time: 00:01:29s.  Time for last 10,000:    0s.  Last read position: 7:82,071,719
INFO	2018-05-27 10:19:06	MergeVcfs	Processed     2,320,000 records.  Elapsed time: 00:01:29s.  Time for last 10,000:    0s.  Last read position: 7:87,712,902
INFO	2018-05-27 10:19:06	MergeVcfs	Processed     2,330,000 records.  Elapsed time: 00:01:29s.  Time for last 10,000:    0s.  Last read position: 7:93,889,452
INFO	2018-05-27 10:19:06	MergeVcfs	Processed     2,340,000 records.  Elapsed time: 00:01:29s.  Time for last 10,000:    0s.  Last read position: 7:100,917,707
INFO	2018-05-27 10:19:07	MergeVcfs	Processed     2,350,000 records.  Elapsed time: 00:01:29s.  Time for last 10,000:    0s.  Last read position: 7:106,293,028
INFO	2018-05-27 10:19:07	MergeVcfs	Processed     2,360,000 records.  Elapsed time: 00:01:29s.  Time for last 10,000:    0s.  Last read position: 7:112,802,475
INFO	2018-05-27 10:19:07	MergeVcfs	Processed     2,370,000 records.  Elapsed time: 00:01:30s.  Time for last 10,000:    0s.  Last read position: 7:119,711,041
INFO	2018-05-27 10:19:07	MergeVcfs	Processed     2,380,000 records.  Elapsed time: 00:01:30s.  Time for last 10,000:    0s.  Last read position: 7:125,353,507
INFO	2018-05-27 10:19:07	MergeVcfs	Processed     2,390,000 records.  Elapsed time: 00:01:30s.  Time for last 10,000:    0s.  Last read position: 7:131,347,374
INFO	2018-05-27 10:19:07	MergeVcfs	Processed     2,400,000 records.  Elapsed time: 00:01:30s.  Time for last 10,000:    0s.  Last read position: 7:136,821,679
INFO	2018-05-27 10:19:07	MergeVcfs	Processed     2,410,000 records.  Elapsed time: 00:01:30s.  Time for last 10,000:    0s.  Last read position: 7:141,970,849
INFO	2018-05-27 10:19:07	MergeVcfs	Processed     2,420,000 records.  Elapsed time: 00:01:30s.  Time for last 10,000:    0s.  Last read position: 7:147,358,706
INFO	2018-05-27 10:19:07	MergeVcfs	Processed     2,430,000 records.  Elapsed time: 00:01:30s.  Time for last 10,000:    0s.  Last read position: 7:152,025,304
INFO	2018-05-27 10:19:07	MergeVcfs	Processed     2,440,000 records.  Elapsed time: 00:01:30s.  Time for last 10,000:    0s.  Last read position: 7:155,930,047
INFO	2018-05-27 10:19:08	MergeVcfs	Processed     2,450,000 records.  Elapsed time: 00:01:30s.  Time for last 10,000:    0s.  Last read position: 8:885,404
INFO	2018-05-27 10:19:08	MergeVcfs	Processed     2,460,000 records.  Elapsed time: 00:01:31s.  Time for last 10,000:    0s.  Last read position: 8:3,539,532
INFO	2018-05-27 10:19:08	MergeVcfs	Processed     2,470,000 records.  Elapsed time: 00:01:31s.  Time for last 10,000:    0s.  Last read position: 8:5,794,286
INFO	2018-05-27 10:19:08	MergeVcfs	Processed     2,480,000 records.  Elapsed time: 00:01:31s.  Time for last 10,000:    0s.  Last read position: 8:9,478,313
INFO	2018-05-27 10:19:09	MergeVcfs	Processed     2,490,000 records.  Elapsed time: 00:01:32s.  Time for last 10,000:    0s.  Last read position: 8:13,334,063
INFO	2018-05-27 10:19:09	MergeVcfs	Processed     2,500,000 records.  Elapsed time: 00:01:32s.  Time for last 10,000:    0s.  Last read position: 8:16,489,000
INFO	2018-05-27 10:19:09	MergeVcfs	Processed     2,510,000 records.  Elapsed time: 00:01:32s.  Time for last 10,000:    0s.  Last read position: 8:20,109,809
INFO	2018-05-27 10:19:10	MergeVcfs	Processed     2,520,000 records.  Elapsed time: 00:01:32s.  Time for last 10,000:    0s.  Last read position: 8:25,844,226
INFO	2018-05-27 10:19:10	MergeVcfs	Processed     2,530,000 records.  Elapsed time: 00:01:33s.  Time for last 10,000:    0s.  Last read position: 8:31,066,640
INFO	2018-05-27 10:19:10	MergeVcfs	Processed     2,540,000 records.  Elapsed time: 00:01:33s.  Time for last 10,000:    0s.  Last read position: 8:36,356,427
INFO	2018-05-27 10:19:11	MergeVcfs	Processed     2,550,000 records.  Elapsed time: 00:01:34s.  Time for last 10,000:    0s.  Last read position: 8:42,333,192
INFO	2018-05-27 10:19:11	MergeVcfs	Processed     2,560,000 records.  Elapsed time: 00:01:34s.  Time for last 10,000:    0s.  Last read position: 8:51,950,186
INFO	2018-05-27 10:19:12	MergeVcfs	Processed     2,570,000 records.  Elapsed time: 00:01:35s.  Time for last 10,000:    0s.  Last read position: 8:57,161,392
INFO	2018-05-27 10:19:12	MergeVcfs	Processed     2,580,000 records.  Elapsed time: 00:01:35s.  Time for last 10,000:    0s.  Last read position: 8:62,725,347
INFO	2018-05-27 10:19:12	MergeVcfs	Processed     2,590,000 records.  Elapsed time: 00:01:35s.  Time for last 10,000:    0s.  Last read position: 8:69,380,493
INFO	2018-05-27 10:19:13	MergeVcfs	Processed     2,600,000 records.  Elapsed time: 00:01:36s.  Time for last 10,000:    0s.  Last read position: 8:75,012,695
INFO	2018-05-27 10:19:13	MergeVcfs	Processed     2,610,000 records.  Elapsed time: 00:01:36s.  Time for last 10,000:    0s.  Last read position: 8:81,792,568
INFO	2018-05-27 10:19:13	MergeVcfs	Processed     2,620,000 records.  Elapsed time: 00:01:36s.  Time for last 10,000:    0s.  Last read position: 8:87,579,225
INFO	2018-05-27 10:19:14	MergeVcfs	Processed     2,630,000 records.  Elapsed time: 00:01:37s.  Time for last 10,000:    0s.  Last read position: 8:94,044,600
INFO	2018-05-27 10:19:14	MergeVcfs	Processed     2,640,000 records.  Elapsed time: 00:01:37s.  Time for last 10,000:    0s.  Last read position: 8:100,493,997
INFO	2018-05-27 10:19:15	MergeVcfs	Processed     2,650,000 records.  Elapsed time: 00:01:37s.  Time for last 10,000:    0s.  Last read position: 8:106,794,549
INFO	2018-05-27 10:19:15	MergeVcfs	Processed     2,660,000 records.  Elapsed time: 00:01:38s.  Time for last 10,000:    0s.  Last read position: 8:112,396,333
INFO	2018-05-27 10:19:15	MergeVcfs	Processed     2,670,000 records.  Elapsed time: 00:01:38s.  Time for last 10,000:    0s.  Last read position: 8:118,088,641
INFO	2018-05-27 10:19:16	MergeVcfs	Processed     2,680,000 records.  Elapsed time: 00:01:39s.  Time for last 10,000:    0s.  Last read position: 8:123,756,742
INFO	2018-05-27 10:19:16	MergeVcfs	Processed     2,690,000 records.  Elapsed time: 00:01:39s.  Time for last 10,000:    0s.  Last read position: 8:129,185,918
INFO	2018-05-27 10:19:17	MergeVcfs	Processed     2,700,000 records.  Elapsed time: 00:01:40s.  Time for last 10,000:    0s.  Last read position: 8:134,420,205
INFO	2018-05-27 10:19:17	MergeVcfs	Processed     2,710,000 records.  Elapsed time: 00:01:40s.  Time for last 10,000:    0s.  Last read position: 8:139,448,499
INFO	2018-05-27 10:19:17	MergeVcfs	Processed     2,720,000 records.  Elapsed time: 00:01:40s.  Time for last 10,000:    0s.  Last read position: 8:144,307,523
INFO	2018-05-27 10:19:17	MergeVcfs	Processed     2,730,000 records.  Elapsed time: 00:01:40s.  Time for last 10,000:    0s.  Last read position: 9:2,277,040
INFO	2018-05-27 10:19:18	MergeVcfs	Processed     2,740,000 records.  Elapsed time: 00:01:41s.  Time for last 10,000:    0s.  Last read position: 9:6,673,766
INFO	2018-05-27 10:19:18	MergeVcfs	Processed     2,750,000 records.  Elapsed time: 00:01:41s.  Time for last 10,000:    0s.  Last read position: 9:10,658,497
INFO	2018-05-27 10:19:18	MergeVcfs	Processed     2,760,000 records.  Elapsed time: 00:01:41s.  Time for last 10,000:    0s.  Last read position: 9:15,634,326
INFO	2018-05-27 10:19:19	MergeVcfs	Processed     2,770,000 records.  Elapsed time: 00:01:42s.  Time for last 10,000:    0s.  Last read position: 9:19,999,209
INFO	2018-05-27 10:19:19	MergeVcfs	Processed     2,780,000 records.  Elapsed time: 00:01:42s.  Time for last 10,000:    0s.  Last read position: 9:25,412,114
INFO	2018-05-27 10:19:19	MergeVcfs	Processed     2,790,000 records.  Elapsed time: 00:01:42s.  Time for last 10,000:    0s.  Last read position: 9:30,075,210
INFO	2018-05-27 10:19:20	MergeVcfs	Processed     2,800,000 records.  Elapsed time: 00:01:43s.  Time for last 10,000:    0s.  Last read position: 9:35,823,610
INFO	2018-05-27 10:19:20	MergeVcfs	Processed     2,810,000 records.  Elapsed time: 00:01:43s.  Time for last 10,000:    0s.  Last read position: 9:69,922,140
INFO	2018-05-27 10:19:20	MergeVcfs	Processed     2,820,000 records.  Elapsed time: 00:01:43s.  Time for last 10,000:    0s.  Last read position: 9:76,611,727
INFO	2018-05-27 10:19:21	MergeVcfs	Processed     2,830,000 records.  Elapsed time: 00:01:44s.  Time for last 10,000:    0s.  Last read position: 9:82,616,069
INFO	2018-05-27 10:19:21	MergeVcfs	Processed     2,840,000 records.  Elapsed time: 00:01:44s.  Time for last 10,000:    0s.  Last read position: 9:88,710,074
INFO	2018-05-27 10:19:22	MergeVcfs	Processed     2,850,000 records.  Elapsed time: 00:01:45s.  Time for last 10,000:    0s.  Last read position: 9:93,585,615
INFO	2018-05-27 10:19:22	MergeVcfs	Processed     2,860,000 records.  Elapsed time: 00:01:45s.  Time for last 10,000:    0s.  Last read position: 9:99,874,890
INFO	2018-05-27 10:19:23	MergeVcfs	Processed     2,870,000 records.  Elapsed time: 00:01:45s.  Time for last 10,000:    0s.  Last read position: 9:107,173,805
INFO	2018-05-27 10:19:23	MergeVcfs	Processed     2,880,000 records.  Elapsed time: 00:01:46s.  Time for last 10,000:    0s.  Last read position: 9:113,909,655
INFO	2018-05-27 10:19:23	MergeVcfs	Processed     2,890,000 records.  Elapsed time: 00:01:46s.  Time for last 10,000:    0s.  Last read position: 9:119,630,148
INFO	2018-05-27 10:19:24	MergeVcfs	Processed     2,900,000 records.  Elapsed time: 00:01:46s.  Time for last 10,000:    0s.  Last read position: 9:126,062,072
INFO	2018-05-27 10:19:24	MergeVcfs	Processed     2,910,000 records.  Elapsed time: 00:01:47s.  Time for last 10,000:    0s.  Last read position: 9:132,620,224
INFO	2018-05-27 10:19:24	MergeVcfs	Processed     2,920,000 records.  Elapsed time: 00:01:47s.  Time for last 10,000:    0s.  Last read position: 9:137,684,215
INFO	2018-05-27 10:19:24	MergeVcfs	Processed     2,930,000 records.  Elapsed time: 00:01:47s.  Time for last 10,000:    0s.  Last read position: 10:1,538,790
INFO	2018-05-27 10:19:25	MergeVcfs	Processed     2,940,000 records.  Elapsed time: 00:01:48s.  Time for last 10,000:    0s.  Last read position: 10:5,773,876
INFO	2018-05-27 10:19:25	MergeVcfs	Processed     2,950,000 records.  Elapsed time: 00:01:48s.  Time for last 10,000:    0s.  Last read position: 10:10,574,566
INFO	2018-05-27 10:19:25	MergeVcfs	Processed     2,960,000 records.  Elapsed time: 00:01:48s.  Time for last 10,000:    0s.  Last read position: 10:14,998,420
INFO	2018-05-27 10:19:26	MergeVcfs	Processed     2,970,000 records.  Elapsed time: 00:01:49s.  Time for last 10,000:    0s.  Last read position: 10:19,755,731
INFO	2018-05-27 10:19:26	MergeVcfs	Processed     2,980,000 records.  Elapsed time: 00:01:49s.  Time for last 10,000:    0s.  Last read position: 10:25,668,847
INFO	2018-05-27 10:19:27	MergeVcfs	Processed     2,990,000 records.  Elapsed time: 00:01:49s.  Time for last 10,000:    0s.  Last read position: 10:29,838,873
INFO	2018-05-27 10:19:27	MergeVcfs	Processed     3,000,000 records.  Elapsed time: 00:01:50s.  Time for last 10,000:    0s.  Last read position: 10:35,172,580
INFO	2018-05-27 10:19:28	MergeVcfs	Processed     3,010,000 records.  Elapsed time: 00:01:50s.  Time for last 10,000:    0s.  Last read position: 10:44,299,059
INFO	2018-05-27 10:19:28	MergeVcfs	Processed     3,020,000 records.  Elapsed time: 00:01:51s.  Time for last 10,000:    0s.  Last read position: 10:52,122,258
INFO	2018-05-27 10:19:29	MergeVcfs	Processed     3,030,000 records.  Elapsed time: 00:01:51s.  Time for last 10,000:    0s.  Last read position: 10:56,432,179
INFO	2018-05-27 10:19:29	MergeVcfs	Processed     3,040,000 records.  Elapsed time: 00:01:52s.  Time for last 10,000:    0s.  Last read position: 10:61,369,156
INFO	2018-05-27 10:19:29	MergeVcfs	Processed     3,050,000 records.  Elapsed time: 00:01:52s.  Time for last 10,000:    0s.  Last read position: 10:67,134,532
INFO	2018-05-27 10:19:30	MergeVcfs	Processed     3,060,000 records.  Elapsed time: 00:01:53s.  Time for last 10,000:    0s.  Last read position: 10:71,857,773
INFO	2018-05-27 10:19:30	MergeVcfs	Processed     3,070,000 records.  Elapsed time: 00:01:53s.  Time for last 10,000:    0s.  Last read position: 10:78,459,211
INFO	2018-05-27 10:19:31	MergeVcfs	Processed     3,080,000 records.  Elapsed time: 00:01:54s.  Time for last 10,000:    0s.  Last read position: 10:83,737,141
INFO	2018-05-27 10:19:31	MergeVcfs	Processed     3,090,000 records.  Elapsed time: 00:01:54s.  Time for last 10,000:    0s.  Last read position: 10:88,797,992
INFO	2018-05-27 10:19:31	MergeVcfs	Processed     3,100,000 records.  Elapsed time: 00:01:54s.  Time for last 10,000:    0s.  Last read position: 10:95,053,128
INFO	2018-05-27 10:19:31	MergeVcfs	Processed     3,110,000 records.  Elapsed time: 00:01:54s.  Time for last 10,000:    0s.  Last read position: 10:101,318,255
INFO	2018-05-27 10:19:32	MergeVcfs	Processed     3,120,000 records.  Elapsed time: 00:01:55s.  Time for last 10,000:    0s.  Last read position: 10:108,179,622
INFO	2018-05-27 10:19:32	MergeVcfs	Processed     3,130,000 records.  Elapsed time: 00:01:55s.  Time for last 10,000:    0s.  Last read position: 10:113,893,800
INFO	2018-05-27 10:19:33	MergeVcfs	Processed     3,140,000 records.  Elapsed time: 00:01:56s.  Time for last 10,000:    0s.  Last read position: 10:119,608,074
INFO	2018-05-27 10:19:33	MergeVcfs	Processed     3,150,000 records.  Elapsed time: 00:01:56s.  Time for last 10,000:    0s.  Last read position: 10:124,604,592
INFO	2018-05-27 10:19:34	MergeVcfs	Processed     3,160,000 records.  Elapsed time: 00:01:57s.  Time for last 10,000:    0s.  Last read position: 10:129,647,351
INFO	2018-05-27 10:19:34	MergeVcfs	Processed     3,170,000 records.  Elapsed time: 00:01:57s.  Time for last 10,000:    0s.  Last read position: 10:134,325,083
INFO	2018-05-27 10:19:34	MergeVcfs	Processed     3,180,000 records.  Elapsed time: 00:01:57s.  Time for last 10,000:    0s.  Last read position: 11:3,217,649
INFO	2018-05-27 10:19:35	MergeVcfs	Processed     3,190,000 records.  Elapsed time: 00:01:58s.  Time for last 10,000:    0s.  Last read position: 11:7,280,522
INFO	2018-05-27 10:19:35	MergeVcfs	Processed     3,200,000 records.  Elapsed time: 00:01:58s.  Time for last 10,000:    0s.  Last read position: 11:12,581,045
INFO	2018-05-27 10:19:36	MergeVcfs	Processed     3,210,000 records.  Elapsed time: 00:01:58s.  Time for last 10,000:    0s.  Last read position: 11:18,956,690
INFO	2018-05-27 10:19:36	MergeVcfs	Processed     3,220,000 records.  Elapsed time: 00:01:59s.  Time for last 10,000:    0s.  Last read position: 11:23,181,637
INFO	2018-05-27 10:19:36	MergeVcfs	Processed     3,230,000 records.  Elapsed time: 00:01:59s.  Time for last 10,000:    0s.  Last read position: 11:26,667,604
INFO	2018-05-27 10:19:37	MergeVcfs	Processed     3,240,000 records.  Elapsed time: 00:02:00s.  Time for last 10,000:    0s.  Last read position: 11:33,252,243
INFO	2018-05-27 10:19:37	MergeVcfs	Processed     3,250,000 records.  Elapsed time: 00:02:00s.  Time for last 10,000:    0s.  Last read position: 11:38,320,273
INFO	2018-05-27 10:19:37	MergeVcfs	Processed     3,260,000 records.  Elapsed time: 00:02:00s.  Time for last 10,000:    0s.  Last read position: 11:44,432,482
INFO	2018-05-27 10:19:38	MergeVcfs	Processed     3,270,000 records.  Elapsed time: 00:02:01s.  Time for last 10,000:    0s.  Last read position: 11:50,557,310
INFO	2018-05-27 10:19:38	MergeVcfs	Processed     3,280,000 records.  Elapsed time: 00:02:01s.  Time for last 10,000:    0s.  Last read position: 11:59,990,646
INFO	2018-05-27 10:19:39	MergeVcfs	Processed     3,290,000 records.  Elapsed time: 00:02:02s.  Time for last 10,000:    0s.  Last read position: 11:67,478,488
INFO	2018-05-27 10:19:39	MergeVcfs	Processed     3,300,000 records.  Elapsed time: 00:02:02s.  Time for last 10,000:    0s.  Last read position: 11:71,965,935
INFO	2018-05-27 10:19:40	MergeVcfs	Processed     3,310,000 records.  Elapsed time: 00:02:02s.  Time for last 10,000:    0s.  Last read position: 11:78,251,962
INFO	2018-05-27 10:19:40	MergeVcfs	Processed     3,320,000 records.  Elapsed time: 00:02:03s.  Time for last 10,000:    0s.  Last read position: 11:83,305,112
INFO	2018-05-27 10:19:40	MergeVcfs	Processed     3,330,000 records.  Elapsed time: 00:02:03s.  Time for last 10,000:    0s.  Last read position: 11:88,568,145
INFO	2018-05-27 10:19:41	MergeVcfs	Processed     3,340,000 records.  Elapsed time: 00:02:03s.  Time for last 10,000:    0s.  Last read position: 11:93,844,034
INFO	2018-05-27 10:19:41	MergeVcfs	Processed     3,350,000 records.  Elapsed time: 00:02:04s.  Time for last 10,000:    0s.  Last read position: 11:98,756,238
INFO	2018-05-27 10:19:41	MergeVcfs	Processed     3,360,000 records.  Elapsed time: 00:02:04s.  Time for last 10,000:    0s.  Last read position: 11:103,773,234
INFO	2018-05-27 10:19:42	MergeVcfs	Processed     3,370,000 records.  Elapsed time: 00:02:05s.  Time for last 10,000:    0s.  Last read position: 11:109,479,188
INFO	2018-05-27 10:19:42	MergeVcfs	Processed     3,380,000 records.  Elapsed time: 00:02:05s.  Time for last 10,000:    0s.  Last read position: 11:115,493,262
INFO	2018-05-27 10:19:43	MergeVcfs	Processed     3,390,000 records.  Elapsed time: 00:02:06s.  Time for last 10,000:    0s.  Last read position: 11:120,850,185
INFO	2018-05-27 10:19:43	MergeVcfs	Processed     3,400,000 records.  Elapsed time: 00:02:06s.  Time for last 10,000:    0s.  Last read position: 11:125,940,351
INFO	2018-05-27 10:19:44	MergeVcfs	Processed     3,410,000 records.  Elapsed time: 00:02:06s.  Time for last 10,000:    0s.  Last read position: 11:131,198,904
INFO	2018-05-27 10:19:44	MergeVcfs	Processed     3,420,000 records.  Elapsed time: 00:02:07s.  Time for last 10,000:    0s.  Last read position: 12:1,524,144
INFO	2018-05-27 10:19:44	MergeVcfs	Processed     3,430,000 records.  Elapsed time: 00:02:07s.  Time for last 10,000:    0s.  Last read position: 12:6,511,996
INFO	2018-05-27 10:19:45	MergeVcfs	Processed     3,440,000 records.  Elapsed time: 00:02:07s.  Time for last 10,000:    0s.  Last read position: 12:11,123,481
INFO	2018-05-27 10:19:45	MergeVcfs	Processed     3,450,000 records.  Elapsed time: 00:02:08s.  Time for last 10,000:    0s.  Last read position: 12:16,570,111
INFO	2018-05-27 10:19:45	MergeVcfs	Processed     3,460,000 records.  Elapsed time: 00:02:08s.  Time for last 10,000:    0s.  Last read position: 12:22,377,837
INFO	2018-05-27 10:19:45	MergeVcfs	Processed     3,470,000 records.  Elapsed time: 00:02:08s.  Time for last 10,000:    0s.  Last read position: 12:28,226,350
INFO	2018-05-27 10:19:46	MergeVcfs	Processed     3,480,000 records.  Elapsed time: 00:02:09s.  Time for last 10,000:    0s.  Last read position: 12:32,451,275
INFO	2018-05-27 10:19:46	MergeVcfs	Processed     3,490,000 records.  Elapsed time: 00:02:09s.  Time for last 10,000:    0s.  Last read position: 12:40,194,353
INFO	2018-05-27 10:19:47	MergeVcfs	Processed     3,500,000 records.  Elapsed time: 00:02:09s.  Time for last 10,000:    0s.  Last read position: 12:45,417,007
INFO	2018-05-27 10:19:47	MergeVcfs	Processed     3,510,000 records.  Elapsed time: 00:02:10s.  Time for last 10,000:    0s.  Last read position: 12:52,144,728
INFO	2018-05-27 10:19:47	MergeVcfs	Processed     3,520,000 records.  Elapsed time: 00:02:10s.  Time for last 10,000:    0s.  Last read position: 12:57,714,142
INFO	2018-05-27 10:19:48	MergeVcfs	Processed     3,530,000 records.  Elapsed time: 00:02:11s.  Time for last 10,000:    0s.  Last read position: 12:63,938,636
INFO	2018-05-27 10:19:48	MergeVcfs	Processed     3,540,000 records.  Elapsed time: 00:02:11s.  Time for last 10,000:    0s.  Last read position: 12:69,778,088
INFO	2018-05-27 10:19:48	MergeVcfs	Processed     3,550,000 records.  Elapsed time: 00:02:11s.  Time for last 10,000:    0s.  Last read position: 12:75,325,683
INFO	2018-05-27 10:19:49	MergeVcfs	Processed     3,560,000 records.  Elapsed time: 00:02:12s.  Time for last 10,000:    0s.  Last read position: 12:82,608,064
INFO	2018-05-27 10:19:49	MergeVcfs	Processed     3,570,000 records.  Elapsed time: 00:02:12s.  Time for last 10,000:    0s.  Last read position: 12:88,355,694
INFO	2018-05-27 10:19:49	MergeVcfs	Processed     3,580,000 records.  Elapsed time: 00:02:12s.  Time for last 10,000:    0s.  Last read position: 12:94,883,246
INFO	2018-05-27 10:19:50	MergeVcfs	Processed     3,590,000 records.  Elapsed time: 00:02:13s.  Time for last 10,000:    0s.  Last read position: 12:100,226,432
INFO	2018-05-27 10:19:50	MergeVcfs	Processed     3,600,000 records.  Elapsed time: 00:02:13s.  Time for last 10,000:    0s.  Last read position: 12:106,178,821
INFO	2018-05-27 10:19:50	MergeVcfs	Processed     3,610,000 records.  Elapsed time: 00:02:13s.  Time for last 10,000:    0s.  Last read position: 12:112,754,449
INFO	2018-05-27 10:19:51	MergeVcfs	Processed     3,620,000 records.  Elapsed time: 00:02:14s.  Time for last 10,000:    0s.  Last read position: 12:118,440,805
INFO	2018-05-27 10:19:51	MergeVcfs	Processed     3,630,000 records.  Elapsed time: 00:02:14s.  Time for last 10,000:    0s.  Last read position: 12:124,355,657
INFO	2018-05-27 10:19:52	MergeVcfs	Processed     3,640,000 records.  Elapsed time: 00:02:15s.  Time for last 10,000:    0s.  Last read position: 12:128,828,234
INFO	2018-05-27 10:19:52	MergeVcfs	Processed     3,650,000 records.  Elapsed time: 00:02:15s.  Time for last 10,000:    0s.  Last read position: 12:132,922,580
INFO	2018-05-27 10:19:52	MergeVcfs	Processed     3,660,000 records.  Elapsed time: 00:02:15s.  Time for last 10,000:    0s.  Last read position: 13:22,115,232
INFO	2018-05-27 10:19:53	MergeVcfs	Processed     3,670,000 records.  Elapsed time: 00:02:15s.  Time for last 10,000:    0s.  Last read position: 13:26,583,452
INFO	2018-05-27 10:19:53	MergeVcfs	Processed     3,680,000 records.  Elapsed time: 00:02:16s.  Time for last 10,000:    0s.  Last read position: 13:31,658,340
INFO	2018-05-27 10:19:53	MergeVcfs	Processed     3,690,000 records.  Elapsed time: 00:02:16s.  Time for last 10,000:    0s.  Last read position: 13:37,626,835
INFO	2018-05-27 10:19:54	MergeVcfs	Processed     3,700,000 records.  Elapsed time: 00:02:16s.  Time for last 10,000:    0s.  Last read position: 13:43,090,530
INFO	2018-05-27 10:19:54	MergeVcfs	Processed     3,710,000 records.  Elapsed time: 00:02:17s.  Time for last 10,000:    0s.  Last read position: 13:48,841,420
INFO	2018-05-27 10:19:54	MergeVcfs	Processed     3,720,000 records.  Elapsed time: 00:02:17s.  Time for last 10,000:    0s.  Last read position: 13:55,604,598
INFO	2018-05-27 10:19:55	MergeVcfs	Processed     3,730,000 records.  Elapsed time: 00:02:18s.  Time for last 10,000:    0s.  Last read position: 13:61,728,617
INFO	2018-05-27 10:19:55	MergeVcfs	Processed     3,740,000 records.  Elapsed time: 00:02:18s.  Time for last 10,000:    0s.  Last read position: 13:67,331,327
INFO	2018-05-27 10:19:56	MergeVcfs	Processed     3,750,000 records.  Elapsed time: 00:02:19s.  Time for last 10,000:    0s.  Last read position: 13:72,385,286
INFO	2018-05-27 10:19:57	MergeVcfs	Processed     3,760,000 records.  Elapsed time: 00:02:19s.  Time for last 10,000:    0s.  Last read position: 13:78,294,549
INFO	2018-05-27 10:19:57	MergeVcfs	Processed     3,770,000 records.  Elapsed time: 00:02:20s.  Time for last 10,000:    0s.  Last read position: 13:83,702,369
INFO	2018-05-27 10:19:57	MergeVcfs	Processed     3,780,000 records.  Elapsed time: 00:02:20s.  Time for last 10,000:    0s.  Last read position: 13:88,897,074
INFO	2018-05-27 10:19:58	MergeVcfs	Processed     3,790,000 records.  Elapsed time: 00:02:21s.  Time for last 10,000:    0s.  Last read position: 13:94,074,425
INFO	2018-05-27 10:19:58	MergeVcfs	Processed     3,800,000 records.  Elapsed time: 00:02:21s.  Time for last 10,000:    0s.  Last read position: 13:99,848,462
INFO	2018-05-27 10:19:58	MergeVcfs	Processed     3,810,000 records.  Elapsed time: 00:02:21s.  Time for last 10,000:    0s.  Last read position: 13:104,763,828
INFO	2018-05-27 10:19:59	MergeVcfs	Processed     3,820,000 records.  Elapsed time: 00:02:22s.  Time for last 10,000:    0s.  Last read position: 13:109,462,321
INFO	2018-05-27 10:19:59	MergeVcfs	Processed     3,830,000 records.  Elapsed time: 00:02:22s.  Time for last 10,000:    0s.  Last read position: 13:113,914,812
INFO	2018-05-27 10:19:59	MergeVcfs	Processed     3,840,000 records.  Elapsed time: 00:02:22s.  Time for last 10,000:    0s.  Last read position: 14:22,860,339
INFO	2018-05-27 10:20:00	MergeVcfs	Processed     3,850,000 records.  Elapsed time: 00:02:23s.  Time for last 10,000:    0s.  Last read position: 14:28,117,719
INFO	2018-05-27 10:20:00	MergeVcfs	Processed     3,860,000 records.  Elapsed time: 00:02:23s.  Time for last 10,000:    0s.  Last read position: 14:34,089,756
INFO	2018-05-27 10:20:00	MergeVcfs	Processed     3,870,000 records.  Elapsed time: 00:02:23s.  Time for last 10,000:    0s.  Last read position: 14:40,497,077
INFO	2018-05-27 10:20:01	MergeVcfs	Processed     3,880,000 records.  Elapsed time: 00:02:24s.  Time for last 10,000:    0s.  Last read position: 14:45,544,637
INFO	2018-05-27 10:20:01	MergeVcfs	Processed     3,890,000 records.  Elapsed time: 00:02:24s.  Time for last 10,000:    0s.  Last read position: 14:50,489,899
INFO	2018-05-27 10:20:02	MergeVcfs	Processed     3,900,000 records.  Elapsed time: 00:02:24s.  Time for last 10,000:    0s.  Last read position: 14:55,971,346
INFO	2018-05-27 10:20:02	MergeVcfs	Processed     3,910,000 records.  Elapsed time: 00:02:25s.  Time for last 10,000:    0s.  Last read position: 14:62,108,781
INFO	2018-05-27 10:20:02	MergeVcfs	Processed     3,920,000 records.  Elapsed time: 00:02:25s.  Time for last 10,000:    0s.  Last read position: 14:68,792,750
INFO	2018-05-27 10:20:03	MergeVcfs	Processed     3,930,000 records.  Elapsed time: 00:02:26s.  Time for last 10,000:    0s.  Last read position: 14:74,867,435
INFO	2018-05-27 10:20:04	MergeVcfs	Processed     3,940,000 records.  Elapsed time: 00:02:26s.  Time for last 10,000:    0s.  Last read position: 14:80,397,923
INFO	2018-05-27 10:20:04	MergeVcfs	Processed     3,950,000 records.  Elapsed time: 00:02:27s.  Time for last 10,000:    0s.  Last read position: 14:86,536,013
INFO	2018-05-27 10:20:05	MergeVcfs	Processed     3,960,000 records.  Elapsed time: 00:02:28s.  Time for last 10,000:    0s.  Last read position: 14:92,119,755
INFO	2018-05-27 10:20:05	MergeVcfs	Processed     3,970,000 records.  Elapsed time: 00:02:28s.  Time for last 10,000:    0s.  Last read position: 14:96,900,046
INFO	2018-05-27 10:20:05	MergeVcfs	Processed     3,980,000 records.  Elapsed time: 00:02:28s.  Time for last 10,000:    0s.  Last read position: 14:102,598,436
INFO	2018-05-27 10:20:06	MergeVcfs	Processed     3,990,000 records.  Elapsed time: 00:02:29s.  Time for last 10,000:    0s.  Last read position: 14:106,896,572
INFO	2018-05-27 10:20:06	MergeVcfs	Processed     4,000,000 records.  Elapsed time: 00:02:29s.  Time for last 10,000:    0s.  Last read position: 15:25,144,293
INFO	2018-05-27 10:20:06	MergeVcfs	Processed     4,010,000 records.  Elapsed time: 00:02:29s.  Time for last 10,000:    0s.  Last read position: 15:29,961,451
INFO	2018-05-27 10:20:07	MergeVcfs	Processed     4,020,000 records.  Elapsed time: 00:02:29s.  Time for last 10,000:    0s.  Last read position: 15:35,705,663
INFO	2018-05-27 10:20:07	MergeVcfs	Processed     4,030,000 records.  Elapsed time: 00:02:30s.  Time for last 10,000:    0s.  Last read position: 15:41,428,991
INFO	2018-05-27 10:20:07	MergeVcfs	Processed     4,040,000 records.  Elapsed time: 00:02:30s.  Time for last 10,000:    0s.  Last read position: 15:47,426,957
INFO	2018-05-27 10:20:07	MergeVcfs	Processed     4,050,000 records.  Elapsed time: 00:02:30s.  Time for last 10,000:    0s.  Last read position: 15:53,641,528
INFO	2018-05-27 10:20:08	MergeVcfs	Processed     4,060,000 records.  Elapsed time: 00:02:31s.  Time for last 10,000:    0s.  Last read position: 15:58,241,022
INFO	2018-05-27 10:20:08	MergeVcfs	Processed     4,070,000 records.  Elapsed time: 00:02:31s.  Time for last 10,000:    0s.  Last read position: 15:63,242,831
INFO	2018-05-27 10:20:09	MergeVcfs	Processed     4,080,000 records.  Elapsed time: 00:02:32s.  Time for last 10,000:    0s.  Last read position: 15:69,046,994
INFO	2018-05-27 10:20:09	MergeVcfs	Processed     4,090,000 records.  Elapsed time: 00:02:32s.  Time for last 10,000:    0s.  Last read position: 15:76,381,617
INFO	2018-05-27 10:20:09	MergeVcfs	Processed     4,100,000 records.  Elapsed time: 00:02:32s.  Time for last 10,000:    0s.  Last read position: 15:82,500,062
INFO	2018-05-27 10:20:10	MergeVcfs	Processed     4,110,000 records.  Elapsed time: 00:02:33s.  Time for last 10,000:    0s.  Last read position: 15:89,229,218
INFO	2018-05-27 10:20:10	MergeVcfs	Processed     4,120,000 records.  Elapsed time: 00:02:33s.  Time for last 10,000:    0s.  Last read position: 15:93,813,273
INFO	2018-05-27 10:20:11	MergeVcfs	Processed     4,130,000 records.  Elapsed time: 00:02:34s.  Time for last 10,000:    0s.  Last read position: 15:98,629,923
INFO	2018-05-27 10:20:11	MergeVcfs	Processed     4,140,000 records.  Elapsed time: 00:02:34s.  Time for last 10,000:    0s.  Last read position: 16:134,745
INFO	2018-05-27 10:20:11	MergeVcfs	Processed     4,150,000 records.  Elapsed time: 00:02:34s.  Time for last 10,000:    0s.  Last read position: 16:4,413,818
INFO	2018-05-27 10:20:12	MergeVcfs	Processed     4,160,000 records.  Elapsed time: 00:02:34s.  Time for last 10,000:    0s.  Last read position: 16:7,539,070
INFO	2018-05-27 10:20:12	MergeVcfs	Processed     4,170,000 records.  Elapsed time: 00:02:35s.  Time for last 10,000:    0s.  Last read position: 16:10,500,266
INFO	2018-05-27 10:20:12	MergeVcfs	Processed     4,180,000 records.  Elapsed time: 00:02:35s.  Time for last 10,000:    0s.  Last read position: 16:15,510,708
INFO	2018-05-27 10:20:12	MergeVcfs	Processed     4,190,000 records.  Elapsed time: 00:02:35s.  Time for last 10,000:    0s.  Last read position: 16:21,959,365
INFO	2018-05-27 10:20:13	MergeVcfs	Processed     4,200,000 records.  Elapsed time: 00:02:36s.  Time for last 10,000:    0s.  Last read position: 16:27,293,555
INFO	2018-05-27 10:20:13	MergeVcfs	Processed     4,210,000 records.  Elapsed time: 00:02:36s.  Time for last 10,000:    0s.  Last read position: 16:47,681,432
INFO	2018-05-27 10:20:14	MergeVcfs	Processed     4,220,000 records.  Elapsed time: 00:02:37s.  Time for last 10,000:    0s.  Last read position: 16:54,043,464
INFO	2018-05-27 10:20:14	MergeVcfs	Processed     4,230,000 records.  Elapsed time: 00:02:37s.  Time for last 10,000:    0s.  Last read position: 16:59,012,932
INFO	2018-05-27 10:20:14	MergeVcfs	Processed     4,240,000 records.  Elapsed time: 00:02:37s.  Time for last 10,000:    0s.  Last read position: 16:64,804,300
INFO	2018-05-27 10:20:15	MergeVcfs	Processed     4,250,000 records.  Elapsed time: 00:02:38s.  Time for last 10,000:    0s.  Last read position: 16:72,007,918
INFO	2018-05-27 10:20:15	MergeVcfs	Processed     4,260,000 records.  Elapsed time: 00:02:38s.  Time for last 10,000:    0s.  Last read position: 16:77,116,087
INFO	2018-05-27 10:20:16	MergeVcfs	Processed     4,270,000 records.  Elapsed time: 00:02:39s.  Time for last 10,000:    0s.  Last read position: 16:80,465,227
INFO	2018-05-27 10:20:16	MergeVcfs	Processed     4,280,000 records.  Elapsed time: 00:02:39s.  Time for last 10,000:    0s.  Last read position: 16:83,703,473
INFO	2018-05-27 10:20:17	MergeVcfs	Processed     4,290,000 records.  Elapsed time: 00:02:39s.  Time for last 10,000:    0s.  Last read position: 16:86,713,328
INFO	2018-05-27 10:20:17	MergeVcfs	Processed     4,300,000 records.  Elapsed time: 00:02:40s.  Time for last 10,000:    0s.  Last read position: 17:159,389
INFO	2018-05-27 10:20:17	MergeVcfs	Processed     4,310,000 records.  Elapsed time: 00:02:40s.  Time for last 10,000:    0s.  Last read position: 17:4,604,030
INFO	2018-05-27 10:20:17	MergeVcfs	Processed     4,320,000 records.  Elapsed time: 00:02:40s.  Time for last 10,000:    0s.  Last read position: 17:9,619,360
INFO	2018-05-27 10:20:18	MergeVcfs	Processed     4,330,000 records.  Elapsed time: 00:02:41s.  Time for last 10,000:    0s.  Last read position: 17:14,240,561
INFO	2018-05-27 10:20:18	MergeVcfs	Processed     4,340,000 records.  Elapsed time: 00:02:41s.  Time for last 10,000:    0s.  Last read position: 17:19,795,774
INFO	2018-05-27 10:20:18	MergeVcfs	Processed     4,350,000 records.  Elapsed time: 00:02:41s.  Time for last 10,000:    0s.  Last read position: 17:30,016,399
INFO	2018-05-27 10:20:19	MergeVcfs	Processed     4,360,000 records.  Elapsed time: 00:02:42s.  Time for last 10,000:    0s.  Last read position: 17:36,447,149
INFO	2018-05-27 10:20:19	MergeVcfs	Processed     4,370,000 records.  Elapsed time: 00:02:42s.  Time for last 10,000:    0s.  Last read position: 17:42,684,918
INFO	2018-05-27 10:20:20	MergeVcfs	Processed     4,380,000 records.  Elapsed time: 00:02:43s.  Time for last 10,000:    0s.  Last read position: 17:50,009,203
INFO	2018-05-27 10:20:20	MergeVcfs	Processed     4,390,000 records.  Elapsed time: 00:02:43s.  Time for last 10,000:    0s.  Last read position: 17:55,764,479
INFO	2018-05-27 10:20:21	MergeVcfs	Processed     4,400,000 records.  Elapsed time: 00:02:43s.  Time for last 10,000:    0s.  Last read position: 17:63,105,121
INFO	2018-05-27 10:20:21	MergeVcfs	Processed     4,410,000 records.  Elapsed time: 00:02:44s.  Time for last 10,000:    0s.  Last read position: 17:68,267,059
INFO	2018-05-27 10:20:22	MergeVcfs	Processed     4,420,000 records.  Elapsed time: 00:02:44s.  Time for last 10,000:    0s.  Last read position: 17:72,937,851
INFO	2018-05-27 10:20:22	MergeVcfs	Processed     4,430,000 records.  Elapsed time: 00:02:45s.  Time for last 10,000:    0s.  Last read position: 17:77,226,587
INFO	2018-05-27 10:20:22	MergeVcfs	Processed     4,440,000 records.  Elapsed time: 00:02:45s.  Time for last 10,000:    0s.  Last read position: 18:953,989
INFO	2018-05-27 10:20:22	MergeVcfs	Processed     4,450,000 records.  Elapsed time: 00:02:45s.  Time for last 10,000:    0s.  Last read position: 18:5,106,453
INFO	2018-05-27 10:20:23	MergeVcfs	Processed     4,460,000 records.  Elapsed time: 00:02:46s.  Time for last 10,000:    0s.  Last read position: 18:9,817,211
INFO	2018-05-27 10:20:23	MergeVcfs	Processed     4,470,000 records.  Elapsed time: 00:02:46s.  Time for last 10,000:    0s.  Last read position: 18:14,030,306
INFO	2018-05-27 10:20:24	MergeVcfs	Processed     4,480,000 records.  Elapsed time: 00:02:46s.  Time for last 10,000:    0s.  Last read position: 18:23,240,967
INFO	2018-05-27 10:20:24	MergeVcfs	Processed     4,490,000 records.  Elapsed time: 00:02:47s.  Time for last 10,000:    0s.  Last read position: 18:29,789,895
INFO	2018-05-27 10:20:24	MergeVcfs	Processed     4,500,000 records.  Elapsed time: 00:02:47s.  Time for last 10,000:    0s.  Last read position: 18:36,507,103
INFO	2018-05-27 10:20:25	MergeVcfs	Processed     4,510,000 records.  Elapsed time: 00:02:47s.  Time for last 10,000:    0s.  Last read position: 18:42,859,164
INFO	2018-05-27 10:20:25	MergeVcfs	Processed     4,520,000 records.  Elapsed time: 00:02:48s.  Time for last 10,000:    0s.  Last read position: 18:48,598,059
INFO	2018-05-27 10:20:25	MergeVcfs	Processed     4,530,000 records.  Elapsed time: 00:02:48s.  Time for last 10,000:    0s.  Last read position: 18:54,772,237
INFO	2018-05-27 10:20:26	MergeVcfs	Processed     4,540,000 records.  Elapsed time: 00:02:49s.  Time for last 10,000:    0s.  Last read position: 18:60,190,786
INFO	2018-05-27 10:20:26	MergeVcfs	Processed     4,550,000 records.  Elapsed time: 00:02:49s.  Time for last 10,000:    0s.  Last read position: 18:65,322,461
INFO	2018-05-27 10:20:27	MergeVcfs	Processed     4,560,000 records.  Elapsed time: 00:02:50s.  Time for last 10,000:    0s.  Last read position: 18:70,223,313
INFO	2018-05-27 10:20:27	MergeVcfs	Processed     4,570,000 records.  Elapsed time: 00:02:50s.  Time for last 10,000:    0s.  Last read position: 18:74,609,357
INFO	2018-05-27 10:20:27	MergeVcfs	Processed     4,580,000 records.  Elapsed time: 00:02:50s.  Time for last 10,000:    0s.  Last read position: 19:969,670
INFO	2018-05-27 10:20:28	MergeVcfs	Processed     4,590,000 records.  Elapsed time: 00:02:50s.  Time for last 10,000:    0s.  Last read position: 19:5,399,664
INFO	2018-05-27 10:20:28	MergeVcfs	Processed     4,600,000 records.  Elapsed time: 00:02:51s.  Time for last 10,000:    0s.  Last read position: 19:9,669,617
INFO	2018-05-27 10:20:28	MergeVcfs	Processed     4,610,000 records.  Elapsed time: 00:02:51s.  Time for last 10,000:    0s.  Last read position: 19:14,850,971
INFO	2018-05-27 10:20:28	MergeVcfs	Processed     4,620,000 records.  Elapsed time: 00:02:51s.  Time for last 10,000:    0s.  Last read position: 19:19,256,620
INFO	2018-05-27 10:20:29	MergeVcfs	Processed     4,630,000 records.  Elapsed time: 00:02:52s.  Time for last 10,000:    0s.  Last read position: 19:23,648,169
INFO	2018-05-27 10:20:29	MergeVcfs	Processed     4,640,000 records.  Elapsed time: 00:02:52s.  Time for last 10,000:    0s.  Last read position: 19:31,171,055
INFO	2018-05-27 10:20:29	MergeVcfs	Processed     4,650,000 records.  Elapsed time: 00:02:52s.  Time for last 10,000:    0s.  Last read position: 19:37,248,290
INFO	2018-05-27 10:20:30	MergeVcfs	Processed     4,660,000 records.  Elapsed time: 00:02:53s.  Time for last 10,000:    0s.  Last read position: 19:44,043,448
INFO	2018-05-27 10:20:30	MergeVcfs	Processed     4,670,000 records.  Elapsed time: 00:02:53s.  Time for last 10,000:    0s.  Last read position: 19:49,405,568
INFO	2018-05-27 10:20:31	MergeVcfs	Processed     4,680,000 records.  Elapsed time: 00:02:53s.  Time for last 10,000:    0s.  Last read position: 19:53,425,454
INFO	2018-05-27 10:20:31	MergeVcfs	Processed     4,690,000 records.  Elapsed time: 00:02:54s.  Time for last 10,000:    0s.  Last read position: 19:57,014,188
INFO	2018-05-27 10:20:31	MergeVcfs	Processed     4,700,000 records.  Elapsed time: 00:02:54s.  Time for last 10,000:    0s.  Last read position: 20:2,626,587
INFO	2018-05-27 10:20:32	MergeVcfs	Processed     4,710,000 records.  Elapsed time: 00:02:54s.  Time for last 10,000:    0s.  Last read position: 20:7,274,043
INFO	2018-05-27 10:20:32	MergeVcfs	Processed     4,720,000 records.  Elapsed time: 00:02:55s.  Time for last 10,000:    0s.  Last read position: 20:12,832,506
INFO	2018-05-27 10:20:32	MergeVcfs	Processed     4,730,000 records.  Elapsed time: 00:02:55s.  Time for last 10,000:    0s.  Last read position: 20:18,351,294
INFO	2018-05-27 10:20:33	MergeVcfs	Processed     4,740,000 records.  Elapsed time: 00:02:55s.  Time for last 10,000:    0s.  Last read position: 20:23,918,718
INFO	2018-05-27 10:20:33	MergeVcfs	Processed     4,750,000 records.  Elapsed time: 00:02:56s.  Time for last 10,000:    0s.  Last read position: 20:32,963,369
INFO	2018-05-27 10:20:33	MergeVcfs	Processed     4,760,000 records.  Elapsed time: 00:02:56s.  Time for last 10,000:    0s.  Last read position: 20:40,268,017
INFO	2018-05-27 10:20:34	MergeVcfs	Processed     4,770,000 records.  Elapsed time: 00:02:56s.  Time for last 10,000:    0s.  Last read position: 20:46,109,746
INFO	2018-05-27 10:20:34	MergeVcfs	Processed     4,780,000 records.  Elapsed time: 00:02:57s.  Time for last 10,000:    0s.  Last read position: 20:51,704,706
INFO	2018-05-27 10:20:34	MergeVcfs	Processed     4,790,000 records.  Elapsed time: 00:02:57s.  Time for last 10,000:    0s.  Last read position: 20:56,237,943
INFO	2018-05-27 10:20:35	MergeVcfs	Processed     4,800,000 records.  Elapsed time: 00:02:58s.  Time for last 10,000:    0s.  Last read position: 20:61,333,349
INFO	2018-05-27 10:20:35	MergeVcfs	Processed     4,810,000 records.  Elapsed time: 00:02:58s.  Time for last 10,000:    0s.  Last read position: 21:16,307,966
INFO	2018-05-27 10:20:35	MergeVcfs	Processed     4,820,000 records.  Elapsed time: 00:02:58s.  Time for last 10,000:    0s.  Last read position: 21:20,844,468
INFO	2018-05-27 10:20:36	MergeVcfs	Processed     4,830,000 records.  Elapsed time: 00:02:59s.  Time for last 10,000:    0s.  Last read position: 21:25,279,798
INFO	2018-05-27 10:20:36	MergeVcfs	Processed     4,840,000 records.  Elapsed time: 00:02:59s.  Time for last 10,000:    0s.  Last read position: 21:29,836,061
INFO	2018-05-27 10:20:36	MergeVcfs	Processed     4,850,000 records.  Elapsed time: 00:02:59s.  Time for last 10,000:    0s.  Last read position: 21:34,712,120
INFO	2018-05-27 10:20:37	MergeVcfs	Processed     4,860,000 records.  Elapsed time: 00:02:59s.  Time for last 10,000:    0s.  Last read position: 21:39,937,882
INFO	2018-05-27 10:20:37	MergeVcfs	Processed     4,870,000 records.  Elapsed time: 00:03:00s.  Time for last 10,000:    0s.  Last read position: 21:43,942,802
INFO	2018-05-27 10:20:37	MergeVcfs	Processed     4,880,000 records.  Elapsed time: 00:03:00s.  Time for last 10,000:    0s.  Last read position: 21:48,005,763
INFO	2018-05-27 10:20:38	MergeVcfs	Processed     4,890,000 records.  Elapsed time: 00:03:00s.  Time for last 10,000:    0s.  Last read position: 22:21,580,176
INFO	2018-05-27 10:20:38	MergeVcfs	Processed     4,900,000 records.  Elapsed time: 00:03:01s.  Time for last 10,000:    0s.  Last read position: 22:25,812,398
INFO	2018-05-27 10:20:38	MergeVcfs	Processed     4,910,000 records.  Elapsed time: 00:03:01s.  Time for last 10,000:    0s.  Last read position: 22:32,463,344
INFO	2018-05-27 10:20:38	MergeVcfs	Processed     4,920,000 records.  Elapsed time: 00:03:01s.  Time for last 10,000:    0s.  Last read position: 22:37,340,429
INFO	2018-05-27 10:20:39	MergeVcfs	Processed     4,930,000 records.  Elapsed time: 00:03:02s.  Time for last 10,000:    0s.  Last read position: 22:43,175,286
INFO	2018-05-27 10:20:39	MergeVcfs	Processed     4,940,000 records.  Elapsed time: 00:03:02s.  Time for last 10,000:    0s.  Last read position: 22:47,440,669
INFO	2018-05-27 10:20:39	MergeVcfs	Processed     4,950,000 records.  Elapsed time: 00:03:02s.  Time for last 10,000:    0s.  Last read position: X:172,115
INFO	2018-05-27 10:20:40	MergeVcfs	Processed     4,960,000 records.  Elapsed time: 00:03:03s.  Time for last 10,000:    0s.  Last read position: X:3,013,922
INFO	2018-05-27 10:20:40	MergeVcfs	Processed     4,970,000 records.  Elapsed time: 00:03:03s.  Time for last 10,000:    0s.  Last read position: X:13,465,443
INFO	2018-05-27 10:20:40	MergeVcfs	Processed     4,980,000 records.  Elapsed time: 00:03:03s.  Time for last 10,000:    0s.  Last read position: X:25,568,147
INFO	2018-05-27 10:20:41	MergeVcfs	Processed     4,990,000 records.  Elapsed time: 00:03:03s.  Time for last 10,000:    0s.  Last read position: X:36,107,051
INFO	2018-05-27 10:20:41	MergeVcfs	Processed     5,000,000 records.  Elapsed time: 00:03:04s.  Time for last 10,000:    0s.  Last read position: X:50,059,123
INFO	2018-05-27 10:20:41	MergeVcfs	Processed     5,010,000 records.  Elapsed time: 00:03:04s.  Time for last 10,000:    0s.  Last read position: X:66,909,423
INFO	2018-05-27 10:20:41	MergeVcfs	Processed     5,020,000 records.  Elapsed time: 00:03:04s.  Time for last 10,000:    0s.  Last read position: X:79,241,759
INFO	2018-05-27 10:20:42	MergeVcfs	Processed     5,030,000 records.  Elapsed time: 00:03:05s.  Time for last 10,000:    0s.  Last read position: X:89,253,041
INFO	2018-05-27 10:20:43	MergeVcfs	Processed     5,040,000 records.  Elapsed time: 00:03:06s.  Time for last 10,000:    0s.  Last read position: X:99,960,223
INFO	2018-05-27 10:20:43	MergeVcfs	Processed     5,050,000 records.  Elapsed time: 00:03:06s.  Time for last 10,000:    0s.  Last read position: X:113,268,236
INFO	2018-05-27 10:20:44	MergeVcfs	Processed     5,060,000 records.  Elapsed time: 00:03:07s.  Time for last 10,000:    0s.  Last read position: X:122,748,714
INFO	2018-05-27 10:20:44	MergeVcfs	Processed     5,070,000 records.  Elapsed time: 00:03:07s.  Time for last 10,000:    0s.  Last read position: X:135,408,615
INFO	2018-05-27 10:20:45	MergeVcfs	Processed     5,080,000 records.  Elapsed time: 00:03:08s.  Time for last 10,000:    0s.  Last read position: X:146,247,740
[Sun May 27 10:20:47 UTC 2018] picard.vcf.MergeVcfs done. Elapsed time: 3.17 minutes.
Runtime.totalMemory()=123207680
Completed s01_sort_merge_HG02623_ddr_positive_kgen.sh
Sun 27 May 10:20:47 UTC 2018

