Starting s01_sort_merge_HG02977_ddr_positive_kgen.sh
Mon 28 May 18:59:29 UTC 2018


Sorting individual genotype VCF file (chromosome 7) from 1000 Genome Project
Mon 28 May 18:59:29 UTC 2018
18:59:29.773 INFO  NativeLibraryLoader - Loading libgkl_compression.so from jar:file:/home/ec2-user/tools/picard/picard.jar!/com/intel/gkl/native/libgkl_compression.so
[Mon May 28 18:59:29 UTC 2018] SortVcf INPUT=[/home/ec2-user/results/data_analysis/gt_individuals/kgen/ddr_positive/HG02977/s01_HG02977_ddr_positive_kgen_chr7_raw.vcf] OUTPUT=/home/ec2-user/results/data_analysis/gt_individuals/kgen/ddr_positive/HG02977/s01_HG02977_ddr_positive_kgen_chr7_raw_sorted.vcf    VERBOSITY=INFO QUIET=false VALIDATION_STRINGENCY=STRICT COMPRESSION_LEVEL=5 MAX_RECORDS_IN_RAM=500000 CREATE_INDEX=true CREATE_MD5_FILE=false GA4GH_CLIENT_SECRETS=client_secrets.json USE_JDK_DEFLATER=false USE_JDK_INFLATER=false
[Mon May 28 18:59:29 UTC 2018] Executing as ec2-user@ip-172-31-36-234 on Linux 4.14.33-51.37.amzn1.x86_64 amd64; OpenJDK 64-Bit Server VM 1.8.0_171-b10; Deflater: Intel; Inflater: Intel; Provider GCS is not available; Picard version: 2.18.2-SNAPSHOT
INFO	2018-05-28 18:59:29	SortVcf	Reading entries from input file 1
INFO	2018-05-28 18:59:30	SortVcf	read        25,000 records.  Elapsed time: 00:00:00s.  Time for last 25,000:    0s.  Last read position: 7:9,463,229
INFO	2018-05-28 18:59:31	SortVcf	read        50,000 records.  Elapsed time: 00:00:01s.  Time for last 25,000:    0s.  Last read position: 7:20,152,756
INFO	2018-05-28 18:59:31	SortVcf	read        75,000 records.  Elapsed time: 00:00:01s.  Time for last 25,000:    0s.  Last read position: 7:33,079,014
INFO	2018-05-28 18:59:32	SortVcf	read       100,000 records.  Elapsed time: 00:00:02s.  Time for last 25,000:    0s.  Last read position: 7:47,668,943
INFO	2018-05-28 18:59:32	SortVcf	read       125,000 records.  Elapsed time: 00:00:02s.  Time for last 25,000:    0s.  Last read position: 7:63,247,820
INFO	2018-05-28 18:59:34	SortVcf	read       150,000 records.  Elapsed time: 00:00:04s.  Time for last 25,000:    1s.  Last read position: 7:77,873,559
INFO	2018-05-28 18:59:34	SortVcf	read       175,000 records.  Elapsed time: 00:00:04s.  Time for last 25,000:    0s.  Last read position: 7:91,680,974
INFO	2018-05-28 18:59:34	SortVcf	read       200,000 records.  Elapsed time: 00:00:04s.  Time for last 25,000:    0s.  Last read position: 7:107,815,569
INFO	2018-05-28 18:59:35	SortVcf	read       225,000 records.  Elapsed time: 00:00:05s.  Time for last 25,000:    0s.  Last read position: 7:125,227,377
INFO	2018-05-28 18:59:35	SortVcf	read       250,000 records.  Elapsed time: 00:00:05s.  Time for last 25,000:    0s.  Last read position: 7:138,731,810
INFO	2018-05-28 18:59:38	SortVcf	read       275,000 records.  Elapsed time: 00:00:08s.  Time for last 25,000:    2s.  Last read position: 7:151,332,414
INFO	2018-05-28 18:59:39	SortVcf	wrote        25,000 records.  Elapsed time: 00:00:00s.  Time for last 25,000:    0s.  Last read position: 7:9,463,229
INFO	2018-05-28 18:59:42	SortVcf	wrote        50,000 records.  Elapsed time: 00:00:03s.  Time for last 25,000:    3s.  Last read position: 7:20,152,756
INFO	2018-05-28 18:59:42	SortVcf	wrote        75,000 records.  Elapsed time: 00:00:04s.  Time for last 25,000:    0s.  Last read position: 7:33,079,014
INFO	2018-05-28 18:59:43	SortVcf	wrote       100,000 records.  Elapsed time: 00:00:04s.  Time for last 25,000:    0s.  Last read position: 7:47,668,943
INFO	2018-05-28 18:59:43	SortVcf	wrote       125,000 records.  Elapsed time: 00:00:04s.  Time for last 25,000:    0s.  Last read position: 7:63,247,820
INFO	2018-05-28 18:59:44	SortVcf	wrote       150,000 records.  Elapsed time: 00:00:05s.  Time for last 25,000:    0s.  Last read position: 7:77,873,559
INFO	2018-05-28 18:59:44	SortVcf	wrote       175,000 records.  Elapsed time: 00:00:05s.  Time for last 25,000:    0s.  Last read position: 7:91,680,974
INFO	2018-05-28 18:59:44	SortVcf	wrote       200,000 records.  Elapsed time: 00:00:05s.  Time for last 25,000:    0s.  Last read position: 7:107,815,569
INFO	2018-05-28 18:59:44	SortVcf	wrote       225,000 records.  Elapsed time: 00:00:06s.  Time for last 25,000:    0s.  Last read position: 7:125,227,377
INFO	2018-05-28 18:59:45	SortVcf	wrote       250,000 records.  Elapsed time: 00:00:06s.  Time for last 25,000:    0s.  Last read position: 7:138,731,810
INFO	2018-05-28 18:59:45	SortVcf	wrote       275,000 records.  Elapsed time: 00:00:06s.  Time for last 25,000:    0s.  Last read position: 7:151,332,414
[Mon May 28 18:59:45 UTC 2018] picard.vcf.SortVcf done. Elapsed time: 0.27 minutes.
Runtime.totalMemory()=1312292864

Merging DDR control individual genotype VCF files (including sorted chromosome 7) from 1000 Genome Project
Mon 28 May 18:59:45 UTC 2018
18:59:46.550 INFO  NativeLibraryLoader - Loading libgkl_compression.so from jar:file:/home/ec2-user/tools/picard/picard.jar!/com/intel/gkl/native/libgkl_compression.so
[Mon May 28 18:59:46 UTC 2018] MergeVcfs INPUT=[/home/ec2-user/results/data_analysis/gt_individuals/kgen/ddr_positive/HG02977/s01_HG02977_ddr_positive_kgen_chr1_raw.vcf, /home/ec2-user/results/data_analysis/gt_individuals/kgen/ddr_positive/HG02977/s01_HG02977_ddr_positive_kgen_chr2_raw.vcf, /home/ec2-user/results/data_analysis/gt_individuals/kgen/ddr_positive/HG02977/s01_HG02977_ddr_positive_kgen_chr3_raw.vcf, /home/ec2-user/results/data_analysis/gt_individuals/kgen/ddr_positive/HG02977/s01_HG02977_ddr_positive_kgen_chr4_raw.vcf, /home/ec2-user/results/data_analysis/gt_individuals/kgen/ddr_positive/HG02977/s01_HG02977_ddr_positive_kgen_chr5_raw.vcf, /home/ec2-user/results/data_analysis/gt_individuals/kgen/ddr_positive/HG02977/s01_HG02977_ddr_positive_kgen_chr6_raw.vcf, /home/ec2-user/results/data_analysis/gt_individuals/kgen/ddr_positive/HG02977/s01_HG02977_ddr_positive_kgen_chr7_raw_sorted.vcf, /home/ec2-user/results/data_analysis/gt_individuals/kgen/ddr_positive/HG02977/s01_HG02977_ddr_positive_kgen_chr8_raw.vcf, /home/ec2-user/results/data_analysis/gt_individuals/kgen/ddr_positive/HG02977/s01_HG02977_ddr_positive_kgen_chr9_raw.vcf, /home/ec2-user/results/data_analysis/gt_individuals/kgen/ddr_positive/HG02977/s01_HG02977_ddr_positive_kgen_chr10_raw.vcf, /home/ec2-user/results/data_analysis/gt_individuals/kgen/ddr_positive/HG02977/s01_HG02977_ddr_positive_kgen_chr11_raw.vcf, /home/ec2-user/results/data_analysis/gt_individuals/kgen/ddr_positive/HG02977/s01_HG02977_ddr_positive_kgen_chr12_raw.vcf, /home/ec2-user/results/data_analysis/gt_individuals/kgen/ddr_positive/HG02977/s01_HG02977_ddr_positive_kgen_chr13_raw.vcf, /home/ec2-user/results/data_analysis/gt_individuals/kgen/ddr_positive/HG02977/s01_HG02977_ddr_positive_kgen_chr14_raw.vcf, /home/ec2-user/results/data_analysis/gt_individuals/kgen/ddr_positive/HG02977/s01_HG02977_ddr_positive_kgen_chr15_raw.vcf, /home/ec2-user/results/data_analysis/gt_individuals/kgen/ddr_positive/HG02977/s01_HG02977_ddr_positive_kgen_chr16_raw.vcf, /home/ec2-user/results/data_analysis/gt_individuals/kgen/ddr_positive/HG02977/s01_HG02977_ddr_positive_kgen_chr17_raw.vcf, /home/ec2-user/results/data_analysis/gt_individuals/kgen/ddr_positive/HG02977/s01_HG02977_ddr_positive_kgen_chr18_raw.vcf, /home/ec2-user/results/data_analysis/gt_individuals/kgen/ddr_positive/HG02977/s01_HG02977_ddr_positive_kgen_chr19_raw.vcf, /home/ec2-user/results/data_analysis/gt_individuals/kgen/ddr_positive/HG02977/s01_HG02977_ddr_positive_kgen_chr20_raw.vcf, /home/ec2-user/results/data_analysis/gt_individuals/kgen/ddr_positive/HG02977/s01_HG02977_ddr_positive_kgen_chr21_raw.vcf, /home/ec2-user/results/data_analysis/gt_individuals/kgen/ddr_positive/HG02977/s01_HG02977_ddr_positive_kgen_chr22_raw.vcf, /home/ec2-user/results/data_analysis/gt_individuals/kgen/ddr_positive/HG02977/s01_HG02977_ddr_positive_kgen_chrX_raw.vcf] OUTPUT=/home/ec2-user/results/data_analysis/gt_individuals/kgen/ddr_positive/HG02977/s01_HG02977_ddr_positive_kgen_merged_raw.vcf.gz    VERBOSITY=INFO QUIET=false VALIDATION_STRINGENCY=STRICT COMPRESSION_LEVEL=5 MAX_RECORDS_IN_RAM=500000 CREATE_INDEX=true CREATE_MD5_FILE=false GA4GH_CLIENT_SECRETS=client_secrets.json USE_JDK_DEFLATER=false USE_JDK_INFLATER=false
[Mon May 28 18:59:46 UTC 2018] Executing as ec2-user@ip-172-31-36-234 on Linux 4.14.33-51.37.amzn1.x86_64 amd64; OpenJDK 64-Bit Server VM 1.8.0_171-b10; Deflater: Intel; Inflater: Intel; Provider GCS is not available; Picard version: 2.18.2-SNAPSHOT
INFO	2018-05-28 18:59:47	MergeVcfs	Processed        10,000 records.  Elapsed time: 00:00:01s.  Time for last 10,000:    0s.  Last read position: 1:5,164,445
INFO	2018-05-28 18:59:48	MergeVcfs	Processed        20,000 records.  Elapsed time: 00:00:01s.  Time for last 10,000:    0s.  Last read position: 1:10,482,150
INFO	2018-05-28 18:59:48	MergeVcfs	Processed        30,000 records.  Elapsed time: 00:00:01s.  Time for last 10,000:    0s.  Last read position: 1:15,919,641
INFO	2018-05-28 18:59:48	MergeVcfs	Processed        40,000 records.  Elapsed time: 00:00:02s.  Time for last 10,000:    0s.  Last read position: 1:20,936,762
INFO	2018-05-28 18:59:49	MergeVcfs	Processed        50,000 records.  Elapsed time: 00:00:02s.  Time for last 10,000:    0s.  Last read position: 1:26,406,722
INFO	2018-05-28 18:59:49	MergeVcfs	Processed        60,000 records.  Elapsed time: 00:00:02s.  Time for last 10,000:    0s.  Last read position: 1:33,157,604
INFO	2018-05-28 18:59:49	MergeVcfs	Processed        70,000 records.  Elapsed time: 00:00:03s.  Time for last 10,000:    0s.  Last read position: 1:40,156,778
INFO	2018-05-28 18:59:50	MergeVcfs	Processed        80,000 records.  Elapsed time: 00:00:03s.  Time for last 10,000:    0s.  Last read position: 1:46,990,681
INFO	2018-05-28 18:59:50	MergeVcfs	Processed        90,000 records.  Elapsed time: 00:00:03s.  Time for last 10,000:    0s.  Last read position: 1:54,710,949
INFO	2018-05-28 18:59:50	MergeVcfs	Processed       100,000 records.  Elapsed time: 00:00:04s.  Time for last 10,000:    0s.  Last read position: 1:60,003,727
INFO	2018-05-28 18:59:51	MergeVcfs	Processed       110,000 records.  Elapsed time: 00:00:04s.  Time for last 10,000:    0s.  Last read position: 1:66,510,285
INFO	2018-05-28 18:59:51	MergeVcfs	Processed       120,000 records.  Elapsed time: 00:00:04s.  Time for last 10,000:    0s.  Last read position: 1:72,563,110
INFO	2018-05-28 18:59:51	MergeVcfs	Processed       130,000 records.  Elapsed time: 00:00:05s.  Time for last 10,000:    0s.  Last read position: 1:78,840,406
INFO	2018-05-28 18:59:51	MergeVcfs	Processed       140,000 records.  Elapsed time: 00:00:05s.  Time for last 10,000:    0s.  Last read position: 1:84,117,342
INFO	2018-05-28 18:59:52	MergeVcfs	Processed       150,000 records.  Elapsed time: 00:00:05s.  Time for last 10,000:    0s.  Last read position: 1:89,852,410
INFO	2018-05-28 18:59:52	MergeVcfs	Processed       160,000 records.  Elapsed time: 00:00:05s.  Time for last 10,000:    0s.  Last read position: 1:95,990,749
INFO	2018-05-28 18:59:52	MergeVcfs	Processed       170,000 records.  Elapsed time: 00:00:06s.  Time for last 10,000:    0s.  Last read position: 1:102,376,258
INFO	2018-05-28 18:59:53	MergeVcfs	Processed       180,000 records.  Elapsed time: 00:00:06s.  Time for last 10,000:    0s.  Last read position: 1:106,870,121
INFO	2018-05-28 18:59:53	MergeVcfs	Processed       190,000 records.  Elapsed time: 00:00:06s.  Time for last 10,000:    0s.  Last read position: 1:112,747,724
INFO	2018-05-28 18:59:53	MergeVcfs	Processed       200,000 records.  Elapsed time: 00:00:06s.  Time for last 10,000:    0s.  Last read position: 1:119,181,128
INFO	2018-05-28 18:59:53	MergeVcfs	Processed       210,000 records.  Elapsed time: 00:00:07s.  Time for last 10,000:    0s.  Last read position: 1:150,924,790
INFO	2018-05-28 18:59:54	MergeVcfs	Processed       220,000 records.  Elapsed time: 00:00:07s.  Time for last 10,000:    0s.  Last read position: 1:157,531,532
INFO	2018-05-28 18:59:54	MergeVcfs	Processed       230,000 records.  Elapsed time: 00:00:07s.  Time for last 10,000:    0s.  Last read position: 1:162,896,420
INFO	2018-05-28 18:59:54	MergeVcfs	Processed       240,000 records.  Elapsed time: 00:00:08s.  Time for last 10,000:    0s.  Last read position: 1:168,182,285
INFO	2018-05-28 18:59:54	MergeVcfs	Processed       250,000 records.  Elapsed time: 00:00:08s.  Time for last 10,000:    0s.  Last read position: 1:173,928,841
INFO	2018-05-28 18:59:55	MergeVcfs	Processed       260,000 records.  Elapsed time: 00:00:08s.  Time for last 10,000:    0s.  Last read position: 1:179,513,807
INFO	2018-05-28 18:59:55	MergeVcfs	Processed       270,000 records.  Elapsed time: 00:00:08s.  Time for last 10,000:    0s.  Last read position: 1:185,475,885
INFO	2018-05-28 18:59:55	MergeVcfs	Processed       280,000 records.  Elapsed time: 00:00:08s.  Time for last 10,000:    0s.  Last read position: 1:190,195,165
INFO	2018-05-28 18:59:55	MergeVcfs	Processed       290,000 records.  Elapsed time: 00:00:09s.  Time for last 10,000:    0s.  Last read position: 1:196,236,425
INFO	2018-05-28 18:59:55	MergeVcfs	Processed       300,000 records.  Elapsed time: 00:00:09s.  Time for last 10,000:    0s.  Last read position: 1:202,056,430
INFO	2018-05-28 18:59:55	MergeVcfs	Processed       310,000 records.  Elapsed time: 00:00:09s.  Time for last 10,000:    0s.  Last read position: 1:209,029,464
INFO	2018-05-28 18:59:55	MergeVcfs	Processed       320,000 records.  Elapsed time: 00:00:09s.  Time for last 10,000:    0s.  Last read position: 1:214,891,605
INFO	2018-05-28 18:59:56	MergeVcfs	Processed       330,000 records.  Elapsed time: 00:00:09s.  Time for last 10,000:    0s.  Last read position: 1:220,722,069
INFO	2018-05-28 18:59:56	MergeVcfs	Processed       340,000 records.  Elapsed time: 00:00:09s.  Time for last 10,000:    0s.  Last read position: 1:226,583,142
INFO	2018-05-28 18:59:56	MergeVcfs	Processed       350,000 records.  Elapsed time: 00:00:09s.  Time for last 10,000:    0s.  Last read position: 1:232,305,249
INFO	2018-05-28 18:59:56	MergeVcfs	Processed       360,000 records.  Elapsed time: 00:00:09s.  Time for last 10,000:    0s.  Last read position: 1:237,101,221
INFO	2018-05-28 18:59:56	MergeVcfs	Processed       370,000 records.  Elapsed time: 00:00:09s.  Time for last 10,000:    0s.  Last read position: 1:241,437,212
INFO	2018-05-28 18:59:56	MergeVcfs	Processed       380,000 records.  Elapsed time: 00:00:10s.  Time for last 10,000:    0s.  Last read position: 1:246,003,671
INFO	2018-05-28 18:59:56	MergeVcfs	Processed       390,000 records.  Elapsed time: 00:00:10s.  Time for last 10,000:    0s.  Last read position: 2:706,400
INFO	2018-05-28 18:59:56	MergeVcfs	Processed       400,000 records.  Elapsed time: 00:00:10s.  Time for last 10,000:    0s.  Last read position: 2:4,905,669
INFO	2018-05-28 18:59:57	MergeVcfs	Processed       410,000 records.  Elapsed time: 00:00:10s.  Time for last 10,000:    0s.  Last read position: 2:10,313,375
INFO	2018-05-28 18:59:57	MergeVcfs	Processed       420,000 records.  Elapsed time: 00:00:10s.  Time for last 10,000:    0s.  Last read position: 2:14,989,384
INFO	2018-05-28 18:59:57	MergeVcfs	Processed       430,000 records.  Elapsed time: 00:00:10s.  Time for last 10,000:    0s.  Last read position: 2:20,307,179
INFO	2018-05-28 18:59:57	MergeVcfs	Processed       440,000 records.  Elapsed time: 00:00:10s.  Time for last 10,000:    0s.  Last read position: 2:26,892,160
INFO	2018-05-28 18:59:57	MergeVcfs	Processed       450,000 records.  Elapsed time: 00:00:10s.  Time for last 10,000:    0s.  Last read position: 2:33,401,295
INFO	2018-05-28 18:59:57	MergeVcfs	Processed       460,000 records.  Elapsed time: 00:00:11s.  Time for last 10,000:    0s.  Last read position: 2:37,479,862
INFO	2018-05-28 18:59:57	MergeVcfs	Processed       470,000 records.  Elapsed time: 00:00:11s.  Time for last 10,000:    0s.  Last read position: 2:42,396,358
INFO	2018-05-28 18:59:57	MergeVcfs	Processed       480,000 records.  Elapsed time: 00:00:11s.  Time for last 10,000:    0s.  Last read position: 2:47,510,935
INFO	2018-05-28 18:59:57	MergeVcfs	Processed       490,000 records.  Elapsed time: 00:00:11s.  Time for last 10,000:    0s.  Last read position: 2:52,547,805
INFO	2018-05-28 18:59:58	MergeVcfs	Processed       500,000 records.  Elapsed time: 00:00:11s.  Time for last 10,000:    0s.  Last read position: 2:57,129,971
INFO	2018-05-28 18:59:58	MergeVcfs	Processed       510,000 records.  Elapsed time: 00:00:11s.  Time for last 10,000:    0s.  Last read position: 2:63,552,232
INFO	2018-05-28 18:59:58	MergeVcfs	Processed       520,000 records.  Elapsed time: 00:00:11s.  Time for last 10,000:    0s.  Last read position: 2:68,982,783
INFO	2018-05-28 18:59:58	MergeVcfs	Processed       530,000 records.  Elapsed time: 00:00:11s.  Time for last 10,000:    0s.  Last read position: 2:74,384,707
INFO	2018-05-28 18:59:58	MergeVcfs	Processed       540,000 records.  Elapsed time: 00:00:11s.  Time for last 10,000:    0s.  Last read position: 2:79,284,969
INFO	2018-05-28 18:59:58	MergeVcfs	Processed       550,000 records.  Elapsed time: 00:00:11s.  Time for last 10,000:    0s.  Last read position: 2:85,392,009
INFO	2018-05-28 18:59:58	MergeVcfs	Processed       560,000 records.  Elapsed time: 00:00:12s.  Time for last 10,000:    0s.  Last read position: 2:99,592,551
INFO	2018-05-28 18:59:58	MergeVcfs	Processed       570,000 records.  Elapsed time: 00:00:12s.  Time for last 10,000:    0s.  Last read position: 2:105,496,521
INFO	2018-05-28 18:59:58	MergeVcfs	Processed       580,000 records.  Elapsed time: 00:00:12s.  Time for last 10,000:    0s.  Last read position: 2:112,155,629
INFO	2018-05-28 18:59:59	MergeVcfs	Processed       590,000 records.  Elapsed time: 00:00:12s.  Time for last 10,000:    0s.  Last read position: 2:118,108,932
INFO	2018-05-28 18:59:59	MergeVcfs	Processed       600,000 records.  Elapsed time: 00:00:12s.  Time for last 10,000:    0s.  Last read position: 2:123,624,805
INFO	2018-05-28 18:59:59	MergeVcfs	Processed       610,000 records.  Elapsed time: 00:00:12s.  Time for last 10,000:    0s.  Last read position: 2:128,831,582
INFO	2018-05-28 18:59:59	MergeVcfs	Processed       620,000 records.  Elapsed time: 00:00:12s.  Time for last 10,000:    0s.  Last read position: 2:133,648,840
INFO	2018-05-28 18:59:59	MergeVcfs	Processed       630,000 records.  Elapsed time: 00:00:12s.  Time for last 10,000:    0s.  Last read position: 2:139,433,309
INFO	2018-05-28 18:59:59	MergeVcfs	Processed       640,000 records.  Elapsed time: 00:00:12s.  Time for last 10,000:    0s.  Last read position: 2:145,446,458
INFO	2018-05-28 18:59:59	MergeVcfs	Processed       650,000 records.  Elapsed time: 00:00:13s.  Time for last 10,000:    0s.  Last read position: 2:152,923,904
INFO	2018-05-28 18:59:59	MergeVcfs	Processed       660,000 records.  Elapsed time: 00:00:13s.  Time for last 10,000:    0s.  Last read position: 2:160,102,868
INFO	2018-05-28 18:59:59	MergeVcfs	Processed       670,000 records.  Elapsed time: 00:00:13s.  Time for last 10,000:    0s.  Last read position: 2:167,054,651
INFO	2018-05-28 18:59:59	MergeVcfs	Processed       680,000 records.  Elapsed time: 00:00:13s.  Time for last 10,000:    0s.  Last read position: 2:173,058,850
INFO	2018-05-28 19:00:00	MergeVcfs	Processed       690,000 records.  Elapsed time: 00:00:13s.  Time for last 10,000:    0s.  Last read position: 2:179,083,169
INFO	2018-05-28 19:00:00	MergeVcfs	Processed       700,000 records.  Elapsed time: 00:00:13s.  Time for last 10,000:    0s.  Last read position: 2:185,515,251
INFO	2018-05-28 19:00:00	MergeVcfs	Processed       710,000 records.  Elapsed time: 00:00:13s.  Time for last 10,000:    0s.  Last read position: 2:192,096,154
INFO	2018-05-28 19:00:00	MergeVcfs	Processed       720,000 records.  Elapsed time: 00:00:13s.  Time for last 10,000:    0s.  Last read position: 2:199,132,076
INFO	2018-05-28 19:00:00	MergeVcfs	Processed       730,000 records.  Elapsed time: 00:00:13s.  Time for last 10,000:    0s.  Last read position: 2:206,834,981
INFO	2018-05-28 19:00:00	MergeVcfs	Processed       740,000 records.  Elapsed time: 00:00:14s.  Time for last 10,000:    0s.  Last read position: 2:212,251,070
INFO	2018-05-28 19:00:00	MergeVcfs	Processed       750,000 records.  Elapsed time: 00:00:14s.  Time for last 10,000:    0s.  Last read position: 2:217,614,650
INFO	2018-05-28 19:00:00	MergeVcfs	Processed       760,000 records.  Elapsed time: 00:00:14s.  Time for last 10,000:    0s.  Last read position: 2:223,108,054
INFO	2018-05-28 19:00:00	MergeVcfs	Processed       770,000 records.  Elapsed time: 00:00:14s.  Time for last 10,000:    0s.  Last read position: 2:228,391,234
INFO	2018-05-28 19:00:01	MergeVcfs	Processed       780,000 records.  Elapsed time: 00:00:14s.  Time for last 10,000:    0s.  Last read position: 2:233,612,631
INFO	2018-05-28 19:00:01	MergeVcfs	Processed       790,000 records.  Elapsed time: 00:00:14s.  Time for last 10,000:    0s.  Last read position: 2:238,374,742
INFO	2018-05-28 19:00:01	MergeVcfs	Processed       800,000 records.  Elapsed time: 00:00:14s.  Time for last 10,000:    0s.  Last read position: 2:242,781,146
INFO	2018-05-28 19:00:01	MergeVcfs	Processed       810,000 records.  Elapsed time: 00:00:14s.  Time for last 10,000:    0s.  Last read position: 3:3,339,720
INFO	2018-05-28 19:00:01	MergeVcfs	Processed       820,000 records.  Elapsed time: 00:00:14s.  Time for last 10,000:    0s.  Last read position: 3:7,387,519
INFO	2018-05-28 19:00:01	MergeVcfs	Processed       830,000 records.  Elapsed time: 00:00:15s.  Time for last 10,000:    0s.  Last read position: 3:11,928,282
INFO	2018-05-28 19:00:01	MergeVcfs	Processed       840,000 records.  Elapsed time: 00:00:15s.  Time for last 10,000:    0s.  Last read position: 3:16,757,273
INFO	2018-05-28 19:00:01	MergeVcfs	Processed       850,000 records.  Elapsed time: 00:00:15s.  Time for last 10,000:    0s.  Last read position: 3:22,538,877
INFO	2018-05-28 19:00:01	MergeVcfs	Processed       860,000 records.  Elapsed time: 00:00:15s.  Time for last 10,000:    0s.  Last read position: 3:27,541,311
INFO	2018-05-28 19:00:02	MergeVcfs	Processed       870,000 records.  Elapsed time: 00:00:15s.  Time for last 10,000:    0s.  Last read position: 3:32,487,879
INFO	2018-05-28 19:00:02	MergeVcfs	Processed       880,000 records.  Elapsed time: 00:00:15s.  Time for last 10,000:    0s.  Last read position: 3:39,376,084
INFO	2018-05-28 19:00:02	MergeVcfs	Processed       890,000 records.  Elapsed time: 00:00:15s.  Time for last 10,000:    0s.  Last read position: 3:45,163,449
INFO	2018-05-28 19:00:02	MergeVcfs	Processed       900,000 records.  Elapsed time: 00:00:15s.  Time for last 10,000:    0s.  Last read position: 3:53,878,302
INFO	2018-05-28 19:00:02	MergeVcfs	Processed       910,000 records.  Elapsed time: 00:00:15s.  Time for last 10,000:    0s.  Last read position: 3:59,568,434
INFO	2018-05-28 19:00:02	MergeVcfs	Processed       920,000 records.  Elapsed time: 00:00:15s.  Time for last 10,000:    0s.  Last read position: 3:64,543,904
INFO	2018-05-28 19:00:02	MergeVcfs	Processed       930,000 records.  Elapsed time: 00:00:16s.  Time for last 10,000:    0s.  Last read position: 3:69,540,495
INFO	2018-05-28 19:00:02	MergeVcfs	Processed       940,000 records.  Elapsed time: 00:00:16s.  Time for last 10,000:    0s.  Last read position: 3:75,301,350
INFO	2018-05-28 19:00:02	MergeVcfs	Processed       950,000 records.  Elapsed time: 00:00:16s.  Time for last 10,000:    0s.  Last read position: 3:81,407,034
INFO	2018-05-28 19:00:02	MergeVcfs	Processed       960,000 records.  Elapsed time: 00:00:16s.  Time for last 10,000:    0s.  Last read position: 3:87,544,219
INFO	2018-05-28 19:00:03	MergeVcfs	Processed       970,000 records.  Elapsed time: 00:00:16s.  Time for last 10,000:    0s.  Last read position: 3:95,776,142
INFO	2018-05-28 19:00:03	MergeVcfs	Processed       980,000 records.  Elapsed time: 00:00:16s.  Time for last 10,000:    0s.  Last read position: 3:100,629,093
INFO	2018-05-28 19:00:03	MergeVcfs	Processed       990,000 records.  Elapsed time: 00:00:16s.  Time for last 10,000:    0s.  Last read position: 3:106,220,130
INFO	2018-05-28 19:00:03	MergeVcfs	Processed     1,000,000 records.  Elapsed time: 00:00:16s.  Time for last 10,000:    0s.  Last read position: 3:111,700,306
INFO	2018-05-28 19:00:03	MergeVcfs	Processed     1,010,000 records.  Elapsed time: 00:00:16s.  Time for last 10,000:    0s.  Last read position: 3:118,352,694
INFO	2018-05-28 19:00:03	MergeVcfs	Processed     1,020,000 records.  Elapsed time: 00:00:17s.  Time for last 10,000:    0s.  Last read position: 3:124,506,269
INFO	2018-05-28 19:00:03	MergeVcfs	Processed     1,030,000 records.  Elapsed time: 00:00:17s.  Time for last 10,000:    0s.  Last read position: 3:129,343,123
INFO	2018-05-28 19:00:03	MergeVcfs	Processed     1,040,000 records.  Elapsed time: 00:00:17s.  Time for last 10,000:    0s.  Last read position: 3:134,711,827
INFO	2018-05-28 19:00:03	MergeVcfs	Processed     1,050,000 records.  Elapsed time: 00:00:17s.  Time for last 10,000:    0s.  Last read position: 3:141,603,887
INFO	2018-05-28 19:00:04	MergeVcfs	Processed     1,060,000 records.  Elapsed time: 00:00:17s.  Time for last 10,000:    0s.  Last read position: 3:146,716,431
INFO	2018-05-28 19:00:04	MergeVcfs	Processed     1,070,000 records.  Elapsed time: 00:00:17s.  Time for last 10,000:    0s.  Last read position: 3:152,717,418
INFO	2018-05-28 19:00:04	MergeVcfs	Processed     1,080,000 records.  Elapsed time: 00:00:17s.  Time for last 10,000:    0s.  Last read position: 3:158,705,066
INFO	2018-05-28 19:00:04	MergeVcfs	Processed     1,090,000 records.  Elapsed time: 00:00:17s.  Time for last 10,000:    0s.  Last read position: 3:163,959,385
INFO	2018-05-28 19:00:04	MergeVcfs	Processed     1,100,000 records.  Elapsed time: 00:00:17s.  Time for last 10,000:    0s.  Last read position: 3:170,075,701
INFO	2018-05-28 19:00:04	MergeVcfs	Processed     1,110,000 records.  Elapsed time: 00:00:18s.  Time for last 10,000:    0s.  Last read position: 3:175,214,170
INFO	2018-05-28 19:00:04	MergeVcfs	Processed     1,120,000 records.  Elapsed time: 00:00:18s.  Time for last 10,000:    0s.  Last read position: 3:180,590,560
INFO	2018-05-28 19:00:04	MergeVcfs	Processed     1,130,000 records.  Elapsed time: 00:00:18s.  Time for last 10,000:    0s.  Last read position: 3:186,406,129
INFO	2018-05-28 19:00:04	MergeVcfs	Processed     1,140,000 records.  Elapsed time: 00:00:18s.  Time for last 10,000:    0s.  Last read position: 3:191,097,966
INFO	2018-05-28 19:00:05	MergeVcfs	Processed     1,150,000 records.  Elapsed time: 00:00:18s.  Time for last 10,000:    0s.  Last read position: 3:195,326,719
INFO	2018-05-28 19:00:05	MergeVcfs	Processed     1,160,000 records.  Elapsed time: 00:00:18s.  Time for last 10,000:    0s.  Last read position: 4:2,370,148
INFO	2018-05-28 19:00:05	MergeVcfs	Processed     1,170,000 records.  Elapsed time: 00:00:18s.  Time for last 10,000:    0s.  Last read position: 4:6,020,498
INFO	2018-05-28 19:00:05	MergeVcfs	Processed     1,180,000 records.  Elapsed time: 00:00:18s.  Time for last 10,000:    0s.  Last read position: 4:9,497,153
INFO	2018-05-28 19:00:05	MergeVcfs	Processed     1,190,000 records.  Elapsed time: 00:00:18s.  Time for last 10,000:    0s.  Last read position: 4:14,385,092
INFO	2018-05-28 19:00:05	MergeVcfs	Processed     1,200,000 records.  Elapsed time: 00:00:19s.  Time for last 10,000:    0s.  Last read position: 4:19,470,766
INFO	2018-05-28 19:00:05	MergeVcfs	Processed     1,210,000 records.  Elapsed time: 00:00:19s.  Time for last 10,000:    0s.  Last read position: 4:24,955,536
INFO	2018-05-28 19:00:05	MergeVcfs	Processed     1,220,000 records.  Elapsed time: 00:00:19s.  Time for last 10,000:    0s.  Last read position: 4:29,899,027
INFO	2018-05-28 19:00:05	MergeVcfs	Processed     1,230,000 records.  Elapsed time: 00:00:19s.  Time for last 10,000:    0s.  Last read position: 4:34,368,176
INFO	2018-05-28 19:00:05	MergeVcfs	Processed     1,240,000 records.  Elapsed time: 00:00:19s.  Time for last 10,000:    0s.  Last read position: 4:38,840,969
INFO	2018-05-28 19:00:06	MergeVcfs	Processed     1,250,000 records.  Elapsed time: 00:00:19s.  Time for last 10,000:    0s.  Last read position: 4:43,945,196
INFO	2018-05-28 19:00:06	MergeVcfs	Processed     1,260,000 records.  Elapsed time: 00:00:19s.  Time for last 10,000:    0s.  Last read position: 4:53,142,623
INFO	2018-05-28 19:00:06	MergeVcfs	Processed     1,270,000 records.  Elapsed time: 00:00:19s.  Time for last 10,000:    0s.  Last read position: 4:58,485,373
INFO	2018-05-28 19:00:06	MergeVcfs	Processed     1,280,000 records.  Elapsed time: 00:00:19s.  Time for last 10,000:    0s.  Last read position: 4:62,990,004
INFO	2018-05-28 19:00:06	MergeVcfs	Processed     1,290,000 records.  Elapsed time: 00:00:19s.  Time for last 10,000:    0s.  Last read position: 4:67,391,626
INFO	2018-05-28 19:00:06	MergeVcfs	Processed     1,300,000 records.  Elapsed time: 00:00:20s.  Time for last 10,000:    0s.  Last read position: 4:71,653,799
INFO	2018-05-28 19:00:06	MergeVcfs	Processed     1,310,000 records.  Elapsed time: 00:00:20s.  Time for last 10,000:    0s.  Last read position: 4:76,805,048
INFO	2018-05-28 19:00:06	MergeVcfs	Processed     1,320,000 records.  Elapsed time: 00:00:20s.  Time for last 10,000:    0s.  Last read position: 4:82,042,745
INFO	2018-05-28 19:00:06	MergeVcfs	Processed     1,330,000 records.  Elapsed time: 00:00:20s.  Time for last 10,000:    0s.  Last read position: 4:87,154,071
INFO	2018-05-28 19:00:07	MergeVcfs	Processed     1,340,000 records.  Elapsed time: 00:00:20s.  Time for last 10,000:    0s.  Last read position: 4:92,821,168
INFO	2018-05-28 19:00:07	MergeVcfs	Processed     1,350,000 records.  Elapsed time: 00:00:20s.  Time for last 10,000:    0s.  Last read position: 4:98,530,719
INFO	2018-05-28 19:00:07	MergeVcfs	Processed     1,360,000 records.  Elapsed time: 00:00:20s.  Time for last 10,000:    0s.  Last read position: 4:103,983,974
INFO	2018-05-28 19:00:07	MergeVcfs	Processed     1,370,000 records.  Elapsed time: 00:00:20s.  Time for last 10,000:    0s.  Last read position: 4:110,737,389
INFO	2018-05-28 19:00:07	MergeVcfs	Processed     1,380,000 records.  Elapsed time: 00:00:20s.  Time for last 10,000:    0s.  Last read position: 4:116,098,817
INFO	2018-05-28 19:00:07	MergeVcfs	Processed     1,390,000 records.  Elapsed time: 00:00:20s.  Time for last 10,000:    0s.  Last read position: 4:121,730,568
INFO	2018-05-28 19:00:07	MergeVcfs	Processed     1,400,000 records.  Elapsed time: 00:00:21s.  Time for last 10,000:    0s.  Last read position: 4:127,126,945
INFO	2018-05-28 19:00:07	MergeVcfs	Processed     1,410,000 records.  Elapsed time: 00:00:21s.  Time for last 10,000:    0s.  Last read position: 4:133,164,679
INFO	2018-05-28 19:00:07	MergeVcfs	Processed     1,420,000 records.  Elapsed time: 00:00:21s.  Time for last 10,000:    0s.  Last read position: 4:138,116,818
INFO	2018-05-28 19:00:07	MergeVcfs	Processed     1,430,000 records.  Elapsed time: 00:00:21s.  Time for last 10,000:    0s.  Last read position: 4:143,313,834
INFO	2018-05-28 19:00:08	MergeVcfs	Processed     1,440,000 records.  Elapsed time: 00:00:21s.  Time for last 10,000:    0s.  Last read position: 4:149,599,191
INFO	2018-05-28 19:00:08	MergeVcfs	Processed     1,450,000 records.  Elapsed time: 00:00:21s.  Time for last 10,000:    0s.  Last read position: 4:156,189,953
INFO	2018-05-28 19:00:08	MergeVcfs	Processed     1,460,000 records.  Elapsed time: 00:00:21s.  Time for last 10,000:    0s.  Last read position: 4:161,125,268
INFO	2018-05-28 19:00:08	MergeVcfs	Processed     1,470,000 records.  Elapsed time: 00:00:21s.  Time for last 10,000:    0s.  Last read position: 4:165,714,791
INFO	2018-05-28 19:00:08	MergeVcfs	Processed     1,480,000 records.  Elapsed time: 00:00:21s.  Time for last 10,000:    0s.  Last read position: 4:170,864,568
INFO	2018-05-28 19:00:08	MergeVcfs	Processed     1,490,000 records.  Elapsed time: 00:00:22s.  Time for last 10,000:    0s.  Last read position: 4:176,384,410
INFO	2018-05-28 19:00:08	MergeVcfs	Processed     1,500,000 records.  Elapsed time: 00:00:22s.  Time for last 10,000:    0s.  Last read position: 4:180,870,991
INFO	2018-05-28 19:00:08	MergeVcfs	Processed     1,510,000 records.  Elapsed time: 00:00:22s.  Time for last 10,000:    0s.  Last read position: 4:185,576,664
INFO	2018-05-28 19:00:08	MergeVcfs	Processed     1,520,000 records.  Elapsed time: 00:00:22s.  Time for last 10,000:    0s.  Last read position: 4:189,425,174
INFO	2018-05-28 19:00:09	MergeVcfs	Processed     1,530,000 records.  Elapsed time: 00:00:22s.  Time for last 10,000:    0s.  Last read position: 5:1,950,611
INFO	2018-05-28 19:00:09	MergeVcfs	Processed     1,540,000 records.  Elapsed time: 00:00:22s.  Time for last 10,000:    0s.  Last read position: 5:6,014,683
INFO	2018-05-28 19:00:09	MergeVcfs	Processed     1,550,000 records.  Elapsed time: 00:00:22s.  Time for last 10,000:    0s.  Last read position: 5:10,501,076
INFO	2018-05-28 19:00:09	MergeVcfs	Processed     1,560,000 records.  Elapsed time: 00:00:22s.  Time for last 10,000:    0s.  Last read position: 5:16,665,316
INFO	2018-05-28 19:00:09	MergeVcfs	Processed     1,570,000 records.  Elapsed time: 00:00:22s.  Time for last 10,000:    0s.  Last read position: 5:22,275,706
INFO	2018-05-28 19:00:09	MergeVcfs	Processed     1,580,000 records.  Elapsed time: 00:00:23s.  Time for last 10,000:    0s.  Last read position: 5:27,397,498
INFO	2018-05-28 19:00:09	MergeVcfs	Processed     1,590,000 records.  Elapsed time: 00:00:23s.  Time for last 10,000:    0s.  Last read position: 5:31,877,782
INFO	2018-05-28 19:00:09	MergeVcfs	Processed     1,600,000 records.  Elapsed time: 00:00:23s.  Time for last 10,000:    0s.  Last read position: 5:36,587,783
INFO	2018-05-28 19:00:09	MergeVcfs	Processed     1,610,000 records.  Elapsed time: 00:00:23s.  Time for last 10,000:    0s.  Last read position: 5:42,961,249
INFO	2018-05-28 19:00:10	MergeVcfs	Processed     1,620,000 records.  Elapsed time: 00:00:23s.  Time for last 10,000:    0s.  Last read position: 5:52,861,827
INFO	2018-05-28 19:00:10	MergeVcfs	Processed     1,630,000 records.  Elapsed time: 00:00:23s.  Time for last 10,000:    0s.  Last read position: 5:58,079,407
INFO	2018-05-28 19:00:10	MergeVcfs	Processed     1,640,000 records.  Elapsed time: 00:00:23s.  Time for last 10,000:    0s.  Last read position: 5:64,746,627
INFO	2018-05-28 19:00:10	MergeVcfs	Processed     1,650,000 records.  Elapsed time: 00:00:23s.  Time for last 10,000:    0s.  Last read position: 5:72,527,239
INFO	2018-05-28 19:00:10	MergeVcfs	Processed     1,660,000 records.  Elapsed time: 00:00:24s.  Time for last 10,000:    0s.  Last read position: 5:77,916,642
INFO	2018-05-28 19:00:10	MergeVcfs	Processed     1,670,000 records.  Elapsed time: 00:00:24s.  Time for last 10,000:    0s.  Last read position: 5:83,986,424
INFO	2018-05-28 19:00:10	MergeVcfs	Processed     1,680,000 records.  Elapsed time: 00:00:24s.  Time for last 10,000:    0s.  Last read position: 5:89,806,747
INFO	2018-05-28 19:00:10	MergeVcfs	Processed     1,690,000 records.  Elapsed time: 00:00:24s.  Time for last 10,000:    0s.  Last read position: 5:97,125,498
INFO	2018-05-28 19:00:11	MergeVcfs	Processed     1,700,000 records.  Elapsed time: 00:00:24s.  Time for last 10,000:    0s.  Last read position: 5:102,227,939
INFO	2018-05-28 19:00:11	MergeVcfs	Processed     1,710,000 records.  Elapsed time: 00:00:24s.  Time for last 10,000:    0s.  Last read position: 5:108,610,759
INFO	2018-05-28 19:00:11	MergeVcfs	Processed     1,720,000 records.  Elapsed time: 00:00:24s.  Time for last 10,000:    0s.  Last read position: 5:113,534,022
INFO	2018-05-28 19:00:11	MergeVcfs	Processed     1,730,000 records.  Elapsed time: 00:00:24s.  Time for last 10,000:    0s.  Last read position: 5:118,125,881
INFO	2018-05-28 19:00:11	MergeVcfs	Processed     1,740,000 records.  Elapsed time: 00:00:24s.  Time for last 10,000:    0s.  Last read position: 5:123,548,269
INFO	2018-05-28 19:00:11	MergeVcfs	Processed     1,750,000 records.  Elapsed time: 00:00:25s.  Time for last 10,000:    0s.  Last read position: 5:129,220,455
INFO	2018-05-28 19:00:11	MergeVcfs	Processed     1,760,000 records.  Elapsed time: 00:00:25s.  Time for last 10,000:    0s.  Last read position: 5:136,043,791
INFO	2018-05-28 19:00:11	MergeVcfs	Processed     1,770,000 records.  Elapsed time: 00:00:25s.  Time for last 10,000:    0s.  Last read position: 5:143,101,506
INFO	2018-05-28 19:00:11	MergeVcfs	Processed     1,780,000 records.  Elapsed time: 00:00:25s.  Time for last 10,000:    0s.  Last read position: 5:148,308,853
INFO	2018-05-28 19:00:12	MergeVcfs	Processed     1,790,000 records.  Elapsed time: 00:00:25s.  Time for last 10,000:    0s.  Last read position: 5:154,095,776
INFO	2018-05-28 19:00:12	MergeVcfs	Processed     1,800,000 records.  Elapsed time: 00:00:25s.  Time for last 10,000:    0s.  Last read position: 5:160,080,880
INFO	2018-05-28 19:00:12	MergeVcfs	Processed     1,810,000 records.  Elapsed time: 00:00:25s.  Time for last 10,000:    0s.  Last read position: 5:165,980,719
INFO	2018-05-28 19:00:12	MergeVcfs	Processed     1,820,000 records.  Elapsed time: 00:00:25s.  Time for last 10,000:    0s.  Last read position: 5:171,993,606
INFO	2018-05-28 19:00:12	MergeVcfs	Processed     1,830,000 records.  Elapsed time: 00:00:25s.  Time for last 10,000:    0s.  Last read position: 5:177,555,900
INFO	2018-05-28 19:00:12	MergeVcfs	Processed     1,840,000 records.  Elapsed time: 00:00:26s.  Time for last 10,000:    0s.  Last read position: 6:1,304,418
INFO	2018-05-28 19:00:12	MergeVcfs	Processed     1,850,000 records.  Elapsed time: 00:00:26s.  Time for last 10,000:    0s.  Last read position: 6:5,817,861
INFO	2018-05-28 19:00:12	MergeVcfs	Processed     1,860,000 records.  Elapsed time: 00:00:26s.  Time for last 10,000:    0s.  Last read position: 6:10,451,890
INFO	2018-05-28 19:00:12	MergeVcfs	Processed     1,870,000 records.  Elapsed time: 00:00:26s.  Time for last 10,000:    0s.  Last read position: 6:15,747,341
INFO	2018-05-28 19:00:13	MergeVcfs	Processed     1,880,000 records.  Elapsed time: 00:00:26s.  Time for last 10,000:    0s.  Last read position: 6:20,898,112
INFO	2018-05-28 19:00:13	MergeVcfs	Processed     1,890,000 records.  Elapsed time: 00:00:26s.  Time for last 10,000:    0s.  Last read position: 6:25,814,939
INFO	2018-05-28 19:00:13	MergeVcfs	Processed     1,900,000 records.  Elapsed time: 00:00:26s.  Time for last 10,000:    0s.  Last read position: 6:30,642,417
INFO	2018-05-28 19:00:13	MergeVcfs	Processed     1,910,000 records.  Elapsed time: 00:00:26s.  Time for last 10,000:    0s.  Last read position: 6:32,587,456
INFO	2018-05-28 19:00:13	MergeVcfs	Processed     1,920,000 records.  Elapsed time: 00:00:26s.  Time for last 10,000:    0s.  Last read position: 6:36,876,342
INFO	2018-05-28 19:00:13	MergeVcfs	Processed     1,930,000 records.  Elapsed time: 00:00:26s.  Time for last 10,000:    0s.  Last read position: 6:42,522,412
INFO	2018-05-28 19:00:13	MergeVcfs	Processed     1,940,000 records.  Elapsed time: 00:00:27s.  Time for last 10,000:    0s.  Last read position: 6:48,704,020
INFO	2018-05-28 19:00:13	MergeVcfs	Processed     1,950,000 records.  Elapsed time: 00:00:27s.  Time for last 10,000:    0s.  Last read position: 6:54,443,353
INFO	2018-05-28 19:00:13	MergeVcfs	Processed     1,960,000 records.  Elapsed time: 00:00:27s.  Time for last 10,000:    0s.  Last read position: 6:62,489,273
INFO	2018-05-28 19:00:13	MergeVcfs	Processed     1,970,000 records.  Elapsed time: 00:00:27s.  Time for last 10,000:    0s.  Last read position: 6:67,212,758
INFO	2018-05-28 19:00:14	MergeVcfs	Processed     1,980,000 records.  Elapsed time: 00:00:27s.  Time for last 10,000:    0s.  Last read position: 6:72,831,868
INFO	2018-05-28 19:00:14	MergeVcfs	Processed     1,990,000 records.  Elapsed time: 00:00:27s.  Time for last 10,000:    0s.  Last read position: 6:78,015,814
INFO	2018-05-28 19:00:14	MergeVcfs	Processed     2,000,000 records.  Elapsed time: 00:00:27s.  Time for last 10,000:    0s.  Last read position: 6:82,803,930
INFO	2018-05-28 19:00:14	MergeVcfs	Processed     2,010,000 records.  Elapsed time: 00:00:27s.  Time for last 10,000:    0s.  Last read position: 6:88,577,115
INFO	2018-05-28 19:00:14	MergeVcfs	Processed     2,020,000 records.  Elapsed time: 00:00:27s.  Time for last 10,000:    0s.  Last read position: 6:94,249,210
INFO	2018-05-28 19:00:14	MergeVcfs	Processed     2,030,000 records.  Elapsed time: 00:00:28s.  Time for last 10,000:    0s.  Last read position: 6:100,155,845
INFO	2018-05-28 19:00:14	MergeVcfs	Processed     2,040,000 records.  Elapsed time: 00:00:28s.  Time for last 10,000:    0s.  Last read position: 6:105,651,466
INFO	2018-05-28 19:00:14	MergeVcfs	Processed     2,050,000 records.  Elapsed time: 00:00:28s.  Time for last 10,000:    0s.  Last read position: 6:111,341,907
INFO	2018-05-28 19:00:14	MergeVcfs	Processed     2,060,000 records.  Elapsed time: 00:00:28s.  Time for last 10,000:    0s.  Last read position: 6:117,576,641
INFO	2018-05-28 19:00:15	MergeVcfs	Processed     2,070,000 records.  Elapsed time: 00:00:28s.  Time for last 10,000:    0s.  Last read position: 6:123,291,367
INFO	2018-05-28 19:00:15	MergeVcfs	Processed     2,080,000 records.  Elapsed time: 00:00:28s.  Time for last 10,000:    0s.  Last read position: 6:129,532,959
INFO	2018-05-28 19:00:15	MergeVcfs	Processed     2,090,000 records.  Elapsed time: 00:00:28s.  Time for last 10,000:    0s.  Last read position: 6:134,551,547
INFO	2018-05-28 19:00:15	MergeVcfs	Processed     2,100,000 records.  Elapsed time: 00:00:28s.  Time for last 10,000:    0s.  Last read position: 6:140,317,609
INFO	2018-05-28 19:00:15	MergeVcfs	Processed     2,110,000 records.  Elapsed time: 00:00:28s.  Time for last 10,000:    0s.  Last read position: 6:147,051,506
INFO	2018-05-28 19:00:15	MergeVcfs	Processed     2,120,000 records.  Elapsed time: 00:00:28s.  Time for last 10,000:    0s.  Last read position: 6:151,921,139
INFO	2018-05-28 19:00:15	MergeVcfs	Processed     2,130,000 records.  Elapsed time: 00:00:29s.  Time for last 10,000:    0s.  Last read position: 6:156,788,641
INFO	2018-05-28 19:00:15	MergeVcfs	Processed     2,140,000 records.  Elapsed time: 00:00:29s.  Time for last 10,000:    0s.  Last read position: 6:161,957,425
INFO	2018-05-28 19:00:15	MergeVcfs	Processed     2,150,000 records.  Elapsed time: 00:00:29s.  Time for last 10,000:    0s.  Last read position: 6:166,125,255
INFO	2018-05-28 19:00:16	MergeVcfs	Processed     2,160,000 records.  Elapsed time: 00:00:29s.  Time for last 10,000:    0s.  Last read position: 6:169,951,852
INFO	2018-05-28 19:00:16	MergeVcfs	Processed     2,170,000 records.  Elapsed time: 00:00:29s.  Time for last 10,000:    0s.  Last read position: 7:3,002,354
INFO	2018-05-28 19:00:16	MergeVcfs	Processed     2,180,000 records.  Elapsed time: 00:00:29s.  Time for last 10,000:    0s.  Last read position: 7:6,936,498
INFO	2018-05-28 19:00:16	MergeVcfs	Processed     2,190,000 records.  Elapsed time: 00:00:29s.  Time for last 10,000:    0s.  Last read position: 7:10,447,858
INFO	2018-05-28 19:00:16	MergeVcfs	Processed     2,200,000 records.  Elapsed time: 00:00:29s.  Time for last 10,000:    0s.  Last read position: 7:14,144,605
INFO	2018-05-28 19:00:16	MergeVcfs	Processed     2,210,000 records.  Elapsed time: 00:00:29s.  Time for last 10,000:    0s.  Last read position: 7:19,204,445
INFO	2018-05-28 19:00:16	MergeVcfs	Processed     2,220,000 records.  Elapsed time: 00:00:30s.  Time for last 10,000:    0s.  Last read position: 7:24,049,685
INFO	2018-05-28 19:00:16	MergeVcfs	Processed     2,230,000 records.  Elapsed time: 00:00:30s.  Time for last 10,000:    0s.  Last read position: 7:29,660,315
INFO	2018-05-28 19:00:16	MergeVcfs	Processed     2,240,000 records.  Elapsed time: 00:00:30s.  Time for last 10,000:    0s.  Last read position: 7:34,936,891
INFO	2018-05-28 19:00:16	MergeVcfs	Processed     2,250,000 records.  Elapsed time: 00:00:30s.  Time for last 10,000:    0s.  Last read position: 7:40,353,231
INFO	2018-05-28 19:00:17	MergeVcfs	Processed     2,260,000 records.  Elapsed time: 00:00:30s.  Time for last 10,000:    0s.  Last read position: 7:46,335,248
INFO	2018-05-28 19:00:17	MergeVcfs	Processed     2,270,000 records.  Elapsed time: 00:00:30s.  Time for last 10,000:    0s.  Last read position: 7:51,508,604
INFO	2018-05-28 19:00:17	MergeVcfs	Processed     2,280,000 records.  Elapsed time: 00:00:30s.  Time for last 10,000:    0s.  Last read position: 7:55,880,925
INFO	2018-05-28 19:00:17	MergeVcfs	Processed     2,290,000 records.  Elapsed time: 00:00:30s.  Time for last 10,000:    0s.  Last read position: 7:64,417,970
INFO	2018-05-28 19:00:17	MergeVcfs	Processed     2,300,000 records.  Elapsed time: 00:00:30s.  Time for last 10,000:    0s.  Last read position: 7:69,251,055
INFO	2018-05-28 19:00:17	MergeVcfs	Processed     2,310,000 records.  Elapsed time: 00:00:30s.  Time for last 10,000:    0s.  Last read position: 7:76,640,894
INFO	2018-05-28 19:00:17	MergeVcfs	Processed     2,320,000 records.  Elapsed time: 00:00:31s.  Time for last 10,000:    0s.  Last read position: 7:81,924,728
INFO	2018-05-28 19:00:17	MergeVcfs	Processed     2,330,000 records.  Elapsed time: 00:00:31s.  Time for last 10,000:    0s.  Last read position: 7:87,361,045
INFO	2018-05-28 19:00:17	MergeVcfs	Processed     2,340,000 records.  Elapsed time: 00:00:31s.  Time for last 10,000:    0s.  Last read position: 7:93,959,361
INFO	2018-05-28 19:00:17	MergeVcfs	Processed     2,350,000 records.  Elapsed time: 00:00:31s.  Time for last 10,000:    0s.  Last read position: 7:100,474,289
INFO	2018-05-28 19:00:18	MergeVcfs	Processed     2,360,000 records.  Elapsed time: 00:00:31s.  Time for last 10,000:    0s.  Last read position: 7:106,283,152
INFO	2018-05-28 19:00:18	MergeVcfs	Processed     2,370,000 records.  Elapsed time: 00:00:31s.  Time for last 10,000:    0s.  Last read position: 7:112,888,689
INFO	2018-05-28 19:00:18	MergeVcfs	Processed     2,380,000 records.  Elapsed time: 00:00:31s.  Time for last 10,000:    0s.  Last read position: 7:120,835,369
INFO	2018-05-28 19:00:18	MergeVcfs	Processed     2,390,000 records.  Elapsed time: 00:00:31s.  Time for last 10,000:    0s.  Last read position: 7:126,550,658
INFO	2018-05-28 19:00:18	MergeVcfs	Processed     2,400,000 records.  Elapsed time: 00:00:31s.  Time for last 10,000:    0s.  Last read position: 7:132,801,501
INFO	2018-05-28 19:00:18	MergeVcfs	Processed     2,410,000 records.  Elapsed time: 00:00:31s.  Time for last 10,000:    0s.  Last read position: 7:137,924,763
INFO	2018-05-28 19:00:18	MergeVcfs	Processed     2,420,000 records.  Elapsed time: 00:00:32s.  Time for last 10,000:    0s.  Last read position: 7:142,831,276
INFO	2018-05-28 19:00:18	MergeVcfs	Processed     2,430,000 records.  Elapsed time: 00:00:32s.  Time for last 10,000:    0s.  Last read position: 7:148,088,974
INFO	2018-05-28 19:00:18	MergeVcfs	Processed     2,440,000 records.  Elapsed time: 00:00:32s.  Time for last 10,000:    0s.  Last read position: 7:152,622,025
INFO	2018-05-28 19:00:18	MergeVcfs	Processed     2,450,000 records.  Elapsed time: 00:00:32s.  Time for last 10,000:    0s.  Last read position: 7:156,462,790
INFO	2018-05-28 19:00:19	MergeVcfs	Processed     2,460,000 records.  Elapsed time: 00:00:32s.  Time for last 10,000:    0s.  Last read position: 8:1,142,059
INFO	2018-05-28 19:00:19	MergeVcfs	Processed     2,470,000 records.  Elapsed time: 00:00:32s.  Time for last 10,000:    0s.  Last read position: 8:3,741,530
INFO	2018-05-28 19:00:19	MergeVcfs	Processed     2,480,000 records.  Elapsed time: 00:00:32s.  Time for last 10,000:    0s.  Last read position: 8:6,125,618
INFO	2018-05-28 19:00:19	MergeVcfs	Processed     2,490,000 records.  Elapsed time: 00:00:32s.  Time for last 10,000:    0s.  Last read position: 8:10,324,969
INFO	2018-05-28 19:00:19	MergeVcfs	Processed     2,500,000 records.  Elapsed time: 00:00:32s.  Time for last 10,000:    0s.  Last read position: 8:13,968,811
INFO	2018-05-28 19:00:19	MergeVcfs	Processed     2,510,000 records.  Elapsed time: 00:00:32s.  Time for last 10,000:    0s.  Last read position: 8:17,190,783
INFO	2018-05-28 19:00:19	MergeVcfs	Processed     2,520,000 records.  Elapsed time: 00:00:33s.  Time for last 10,000:    0s.  Last read position: 8:21,075,277
INFO	2018-05-28 19:00:19	MergeVcfs	Processed     2,530,000 records.  Elapsed time: 00:00:33s.  Time for last 10,000:    0s.  Last read position: 8:26,591,883
INFO	2018-05-28 19:00:19	MergeVcfs	Processed     2,540,000 records.  Elapsed time: 00:00:33s.  Time for last 10,000:    0s.  Last read position: 8:32,426,336
INFO	2018-05-28 19:00:19	MergeVcfs	Processed     2,550,000 records.  Elapsed time: 00:00:33s.  Time for last 10,000:    0s.  Last read position: 8:39,322,257
INFO	2018-05-28 19:00:20	MergeVcfs	Processed     2,560,000 records.  Elapsed time: 00:00:33s.  Time for last 10,000:    0s.  Last read position: 8:47,316,448
INFO	2018-05-28 19:00:20	MergeVcfs	Processed     2,570,000 records.  Elapsed time: 00:00:33s.  Time for last 10,000:    0s.  Last read position: 8:53,866,605
INFO	2018-05-28 19:00:20	MergeVcfs	Processed     2,580,000 records.  Elapsed time: 00:00:33s.  Time for last 10,000:    0s.  Last read position: 8:58,675,105
INFO	2018-05-28 19:00:20	MergeVcfs	Processed     2,590,000 records.  Elapsed time: 00:00:33s.  Time for last 10,000:    0s.  Last read position: 8:64,539,271
INFO	2018-05-28 19:00:20	MergeVcfs	Processed     2,600,000 records.  Elapsed time: 00:00:33s.  Time for last 10,000:    0s.  Last read position: 8:70,859,624
INFO	2018-05-28 19:00:20	MergeVcfs	Processed     2,610,000 records.  Elapsed time: 00:00:34s.  Time for last 10,000:    0s.  Last read position: 8:77,021,745
INFO	2018-05-28 19:00:20	MergeVcfs	Processed     2,620,000 records.  Elapsed time: 00:00:34s.  Time for last 10,000:    0s.  Last read position: 8:82,748,349
INFO	2018-05-28 19:00:20	MergeVcfs	Processed     2,630,000 records.  Elapsed time: 00:00:34s.  Time for last 10,000:    0s.  Last read position: 8:88,315,875
INFO	2018-05-28 19:00:20	MergeVcfs	Processed     2,640,000 records.  Elapsed time: 00:00:34s.  Time for last 10,000:    0s.  Last read position: 8:94,358,059
INFO	2018-05-28 19:00:21	MergeVcfs	Processed     2,650,000 records.  Elapsed time: 00:00:34s.  Time for last 10,000:    0s.  Last read position: 8:100,901,876
INFO	2018-05-28 19:00:21	MergeVcfs	Processed     2,660,000 records.  Elapsed time: 00:00:34s.  Time for last 10,000:    0s.  Last read position: 8:106,451,248
INFO	2018-05-28 19:00:21	MergeVcfs	Processed     2,670,000 records.  Elapsed time: 00:00:34s.  Time for last 10,000:    0s.  Last read position: 8:112,312,715
INFO	2018-05-28 19:00:21	MergeVcfs	Processed     2,680,000 records.  Elapsed time: 00:00:34s.  Time for last 10,000:    0s.  Last read position: 8:118,248,838
INFO	2018-05-28 19:00:21	MergeVcfs	Processed     2,690,000 records.  Elapsed time: 00:00:34s.  Time for last 10,000:    0s.  Last read position: 8:123,342,774
INFO	2018-05-28 19:00:21	MergeVcfs	Processed     2,700,000 records.  Elapsed time: 00:00:34s.  Time for last 10,000:    0s.  Last read position: 8:128,682,023
INFO	2018-05-28 19:00:21	MergeVcfs	Processed     2,710,000 records.  Elapsed time: 00:00:35s.  Time for last 10,000:    0s.  Last read position: 8:133,971,070
INFO	2018-05-28 19:00:21	MergeVcfs	Processed     2,720,000 records.  Elapsed time: 00:00:35s.  Time for last 10,000:    0s.  Last read position: 8:139,082,958
INFO	2018-05-28 19:00:21	MergeVcfs	Processed     2,730,000 records.  Elapsed time: 00:00:35s.  Time for last 10,000:    0s.  Last read position: 8:143,786,461
INFO	2018-05-28 19:00:21	MergeVcfs	Processed     2,740,000 records.  Elapsed time: 00:00:35s.  Time for last 10,000:    0s.  Last read position: 9:1,468,035
INFO	2018-05-28 19:00:22	MergeVcfs	Processed     2,750,000 records.  Elapsed time: 00:00:35s.  Time for last 10,000:    0s.  Last read position: 9:5,125,721
INFO	2018-05-28 19:00:22	MergeVcfs	Processed     2,760,000 records.  Elapsed time: 00:00:35s.  Time for last 10,000:    0s.  Last read position: 9:9,270,379
INFO	2018-05-28 19:00:22	MergeVcfs	Processed     2,770,000 records.  Elapsed time: 00:00:35s.  Time for last 10,000:    0s.  Last read position: 9:13,542,600
INFO	2018-05-28 19:00:22	MergeVcfs	Processed     2,780,000 records.  Elapsed time: 00:00:35s.  Time for last 10,000:    0s.  Last read position: 9:17,786,152
INFO	2018-05-28 19:00:22	MergeVcfs	Processed     2,790,000 records.  Elapsed time: 00:00:35s.  Time for last 10,000:    0s.  Last read position: 9:23,234,308
INFO	2018-05-28 19:00:22	MergeVcfs	Processed     2,800,000 records.  Elapsed time: 00:00:36s.  Time for last 10,000:    0s.  Last read position: 9:28,591,324
INFO	2018-05-28 19:00:22	MergeVcfs	Processed     2,810,000 records.  Elapsed time: 00:00:36s.  Time for last 10,000:    0s.  Last read position: 9:32,890,342
INFO	2018-05-28 19:00:22	MergeVcfs	Processed     2,820,000 records.  Elapsed time: 00:00:36s.  Time for last 10,000:    0s.  Last read position: 9:39,079,805
INFO	2018-05-28 19:00:22	MergeVcfs	Processed     2,830,000 records.  Elapsed time: 00:00:36s.  Time for last 10,000:    0s.  Last read position: 9:73,847,665
INFO	2018-05-28 19:00:23	MergeVcfs	Processed     2,840,000 records.  Elapsed time: 00:00:36s.  Time for last 10,000:    0s.  Last read position: 9:79,896,855
INFO	2018-05-28 19:00:23	MergeVcfs	Processed     2,850,000 records.  Elapsed time: 00:00:36s.  Time for last 10,000:    0s.  Last read position: 9:85,894,791
INFO	2018-05-28 19:00:23	MergeVcfs	Processed     2,860,000 records.  Elapsed time: 00:00:36s.  Time for last 10,000:    0s.  Last read position: 9:90,963,811
INFO	2018-05-28 19:00:23	MergeVcfs	Processed     2,870,000 records.  Elapsed time: 00:00:36s.  Time for last 10,000:    0s.  Last read position: 9:96,910,136
INFO	2018-05-28 19:00:23	MergeVcfs	Processed     2,880,000 records.  Elapsed time: 00:00:36s.  Time for last 10,000:    0s.  Last read position: 9:102,908,721
INFO	2018-05-28 19:00:23	MergeVcfs	Processed     2,890,000 records.  Elapsed time: 00:00:37s.  Time for last 10,000:    0s.  Last read position: 9:107,757,039
INFO	2018-05-28 19:00:23	MergeVcfs	Processed     2,900,000 records.  Elapsed time: 00:00:37s.  Time for last 10,000:    0s.  Last read position: 9:113,670,793
INFO	2018-05-28 19:00:23	MergeVcfs	Processed     2,910,000 records.  Elapsed time: 00:00:37s.  Time for last 10,000:    0s.  Last read position: 9:119,232,509
INFO	2018-05-28 19:00:23	MergeVcfs	Processed     2,920,000 records.  Elapsed time: 00:00:37s.  Time for last 10,000:    0s.  Last read position: 9:124,900,274
INFO	2018-05-28 19:00:24	MergeVcfs	Processed     2,930,000 records.  Elapsed time: 00:00:37s.  Time for last 10,000:    0s.  Last read position: 9:131,071,722
INFO	2018-05-28 19:00:24	MergeVcfs	Processed     2,940,000 records.  Elapsed time: 00:00:37s.  Time for last 10,000:    0s.  Last read position: 9:136,172,317
INFO	2018-05-28 19:00:24	MergeVcfs	Processed     2,950,000 records.  Elapsed time: 00:00:37s.  Time for last 10,000:    0s.  Last read position: 9:140,453,494
INFO	2018-05-28 19:00:24	MergeVcfs	Processed     2,960,000 records.  Elapsed time: 00:00:37s.  Time for last 10,000:    0s.  Last read position: 10:3,729,476
INFO	2018-05-28 19:00:24	MergeVcfs	Processed     2,970,000 records.  Elapsed time: 00:00:37s.  Time for last 10,000:    0s.  Last read position: 10:8,088,910
INFO	2018-05-28 19:00:24	MergeVcfs	Processed     2,980,000 records.  Elapsed time: 00:00:38s.  Time for last 10,000:    0s.  Last read position: 10:12,899,245
INFO	2018-05-28 19:00:24	MergeVcfs	Processed     2,990,000 records.  Elapsed time: 00:00:38s.  Time for last 10,000:    0s.  Last read position: 10:17,233,765
INFO	2018-05-28 19:00:24	MergeVcfs	Processed     3,000,000 records.  Elapsed time: 00:00:38s.  Time for last 10,000:    0s.  Last read position: 10:22,258,152
INFO	2018-05-28 19:00:24	MergeVcfs	Processed     3,010,000 records.  Elapsed time: 00:00:38s.  Time for last 10,000:    0s.  Last read position: 10:26,788,462
INFO	2018-05-28 19:00:25	MergeVcfs	Processed     3,020,000 records.  Elapsed time: 00:00:38s.  Time for last 10,000:    0s.  Last read position: 10:31,188,135
INFO	2018-05-28 19:00:25	MergeVcfs	Processed     3,030,000 records.  Elapsed time: 00:00:38s.  Time for last 10,000:    0s.  Last read position: 10:36,976,379
INFO	2018-05-28 19:00:25	MergeVcfs	Processed     3,040,000 records.  Elapsed time: 00:00:38s.  Time for last 10,000:    0s.  Last read position: 10:47,679,715
INFO	2018-05-28 19:00:25	MergeVcfs	Processed     3,050,000 records.  Elapsed time: 00:00:38s.  Time for last 10,000:    0s.  Last read position: 10:54,831,160
INFO	2018-05-28 19:00:25	MergeVcfs	Processed     3,060,000 records.  Elapsed time: 00:00:39s.  Time for last 10,000:    0s.  Last read position: 10:58,916,701
INFO	2018-05-28 19:00:25	MergeVcfs	Processed     3,070,000 records.  Elapsed time: 00:00:39s.  Time for last 10,000:    0s.  Last read position: 10:63,815,866
INFO	2018-05-28 19:00:25	MergeVcfs	Processed     3,080,000 records.  Elapsed time: 00:00:39s.  Time for last 10,000:    0s.  Last read position: 10:68,751,545
INFO	2018-05-28 19:00:25	MergeVcfs	Processed     3,090,000 records.  Elapsed time: 00:00:39s.  Time for last 10,000:    0s.  Last read position: 10:74,040,034
INFO	2018-05-28 19:00:25	MergeVcfs	Processed     3,100,000 records.  Elapsed time: 00:00:39s.  Time for last 10,000:    0s.  Last read position: 10:80,545,520
INFO	2018-05-28 19:00:26	MergeVcfs	Processed     3,110,000 records.  Elapsed time: 00:00:39s.  Time for last 10,000:    0s.  Last read position: 10:85,640,431
INFO	2018-05-28 19:00:26	MergeVcfs	Processed     3,120,000 records.  Elapsed time: 00:00:39s.  Time for last 10,000:    0s.  Last read position: 10:91,646,781
INFO	2018-05-28 19:00:26	MergeVcfs	Processed     3,130,000 records.  Elapsed time: 00:00:39s.  Time for last 10,000:    0s.  Last read position: 10:97,261,100
INFO	2018-05-28 19:00:26	MergeVcfs	Processed     3,140,000 records.  Elapsed time: 00:00:39s.  Time for last 10,000:    0s.  Last read position: 10:104,078,232
INFO	2018-05-28 19:00:26	MergeVcfs	Processed     3,150,000 records.  Elapsed time: 00:00:39s.  Time for last 10,000:    0s.  Last read position: 10:109,643,631
INFO	2018-05-28 19:00:26	MergeVcfs	Processed     3,160,000 records.  Elapsed time: 00:00:40s.  Time for last 10,000:    0s.  Last read position: 10:115,559,438
INFO	2018-05-28 19:00:26	MergeVcfs	Processed     3,170,000 records.  Elapsed time: 00:00:40s.  Time for last 10,000:    0s.  Last read position: 10:121,108,695
INFO	2018-05-28 19:00:26	MergeVcfs	Processed     3,180,000 records.  Elapsed time: 00:00:40s.  Time for last 10,000:    0s.  Last read position: 10:126,220,647
INFO	2018-05-28 19:00:26	MergeVcfs	Processed     3,190,000 records.  Elapsed time: 00:00:40s.  Time for last 10,000:    0s.  Last read position: 10:131,140,261
INFO	2018-05-28 19:00:27	MergeVcfs	Processed     3,200,000 records.  Elapsed time: 00:00:40s.  Time for last 10,000:    0s.  Last read position: 10:135,333,060
INFO	2018-05-28 19:00:27	MergeVcfs	Processed     3,210,000 records.  Elapsed time: 00:00:40s.  Time for last 10,000:    0s.  Last read position: 11:4,056,722
INFO	2018-05-28 19:00:27	MergeVcfs	Processed     3,220,000 records.  Elapsed time: 00:00:40s.  Time for last 10,000:    0s.  Last read position: 11:7,823,145
INFO	2018-05-28 19:00:27	MergeVcfs	Processed     3,230,000 records.  Elapsed time: 00:00:40s.  Time for last 10,000:    0s.  Last read position: 11:13,192,847
INFO	2018-05-28 19:00:27	MergeVcfs	Processed     3,240,000 records.  Elapsed time: 00:00:40s.  Time for last 10,000:    0s.  Last read position: 11:19,426,098
INFO	2018-05-28 19:00:27	MergeVcfs	Processed     3,250,000 records.  Elapsed time: 00:00:41s.  Time for last 10,000:    0s.  Last read position: 11:23,518,405
INFO	2018-05-28 19:00:27	MergeVcfs	Processed     3,260,000 records.  Elapsed time: 00:00:41s.  Time for last 10,000:    0s.  Last read position: 11:27,250,097
INFO	2018-05-28 19:00:27	MergeVcfs	Processed     3,270,000 records.  Elapsed time: 00:00:41s.  Time for last 10,000:    0s.  Last read position: 11:34,419,992
INFO	2018-05-28 19:00:27	MergeVcfs	Processed     3,280,000 records.  Elapsed time: 00:00:41s.  Time for last 10,000:    0s.  Last read position: 11:39,291,470
INFO	2018-05-28 19:00:28	MergeVcfs	Processed     3,290,000 records.  Elapsed time: 00:00:41s.  Time for last 10,000:    0s.  Last read position: 11:44,799,511
INFO	2018-05-28 19:00:28	MergeVcfs	Processed     3,300,000 records.  Elapsed time: 00:00:41s.  Time for last 10,000:    0s.  Last read position: 11:51,532,631
INFO	2018-05-28 19:00:28	MergeVcfs	Processed     3,310,000 records.  Elapsed time: 00:00:41s.  Time for last 10,000:    0s.  Last read position: 11:60,730,921
INFO	2018-05-28 19:00:28	MergeVcfs	Processed     3,320,000 records.  Elapsed time: 00:00:41s.  Time for last 10,000:    0s.  Last read position: 11:67,796,632
INFO	2018-05-28 19:00:28	MergeVcfs	Processed     3,330,000 records.  Elapsed time: 00:00:41s.  Time for last 10,000:    0s.  Last read position: 11:73,421,179
INFO	2018-05-28 19:00:28	MergeVcfs	Processed     3,340,000 records.  Elapsed time: 00:00:42s.  Time for last 10,000:    0s.  Last read position: 11:79,374,169
INFO	2018-05-28 19:00:28	MergeVcfs	Processed     3,350,000 records.  Elapsed time: 00:00:42s.  Time for last 10,000:    0s.  Last read position: 11:84,597,103
INFO	2018-05-28 19:00:28	MergeVcfs	Processed     3,360,000 records.  Elapsed time: 00:00:42s.  Time for last 10,000:    0s.  Last read position: 11:89,872,686
INFO	2018-05-28 19:00:28	MergeVcfs	Processed     3,370,000 records.  Elapsed time: 00:00:42s.  Time for last 10,000:    0s.  Last read position: 11:95,211,439
INFO	2018-05-28 19:00:29	MergeVcfs	Processed     3,380,000 records.  Elapsed time: 00:00:42s.  Time for last 10,000:    0s.  Last read position: 11:99,865,213
INFO	2018-05-28 19:00:29	MergeVcfs	Processed     3,390,000 records.  Elapsed time: 00:00:42s.  Time for last 10,000:    0s.  Last read position: 11:104,766,966
INFO	2018-05-28 19:00:29	MergeVcfs	Processed     3,400,000 records.  Elapsed time: 00:00:42s.  Time for last 10,000:    0s.  Last read position: 11:110,529,503
INFO	2018-05-28 19:00:29	MergeVcfs	Processed     3,410,000 records.  Elapsed time: 00:00:42s.  Time for last 10,000:    0s.  Last read position: 11:116,611,733
INFO	2018-05-28 19:00:29	MergeVcfs	Processed     3,420,000 records.  Elapsed time: 00:00:42s.  Time for last 10,000:    0s.  Last read position: 11:122,545,146
INFO	2018-05-28 19:00:29	MergeVcfs	Processed     3,430,000 records.  Elapsed time: 00:00:43s.  Time for last 10,000:    0s.  Last read position: 11:127,864,272
INFO	2018-05-28 19:00:29	MergeVcfs	Processed     3,440,000 records.  Elapsed time: 00:00:43s.  Time for last 10,000:    0s.  Last read position: 11:133,386,595
INFO	2018-05-28 19:00:29	MergeVcfs	Processed     3,450,000 records.  Elapsed time: 00:00:43s.  Time for last 10,000:    0s.  Last read position: 12:3,299,001
INFO	2018-05-28 19:00:29	MergeVcfs	Processed     3,460,000 records.  Elapsed time: 00:00:43s.  Time for last 10,000:    0s.  Last read position: 12:8,384,186
INFO	2018-05-28 19:00:30	MergeVcfs	Processed     3,470,000 records.  Elapsed time: 00:00:43s.  Time for last 10,000:    0s.  Last read position: 12:12,725,032
INFO	2018-05-28 19:00:30	MergeVcfs	Processed     3,480,000 records.  Elapsed time: 00:00:43s.  Time for last 10,000:    0s.  Last read position: 12:18,400,978
INFO	2018-05-28 19:00:30	MergeVcfs	Processed     3,490,000 records.  Elapsed time: 00:00:43s.  Time for last 10,000:    0s.  Last read position: 12:24,028,220
INFO	2018-05-28 19:00:30	MergeVcfs	Processed     3,500,000 records.  Elapsed time: 00:00:43s.  Time for last 10,000:    0s.  Last read position: 12:29,718,489
INFO	2018-05-28 19:00:30	MergeVcfs	Processed     3,510,000 records.  Elapsed time: 00:00:43s.  Time for last 10,000:    0s.  Last read position: 12:33,998,428
INFO	2018-05-28 19:00:30	MergeVcfs	Processed     3,520,000 records.  Elapsed time: 00:00:44s.  Time for last 10,000:    0s.  Last read position: 12:42,326,092
INFO	2018-05-28 19:00:30	MergeVcfs	Processed     3,530,000 records.  Elapsed time: 00:00:44s.  Time for last 10,000:    0s.  Last read position: 12:48,413,979
INFO	2018-05-28 19:00:30	MergeVcfs	Processed     3,540,000 records.  Elapsed time: 00:00:44s.  Time for last 10,000:    0s.  Last read position: 12:54,593,418
INFO	2018-05-28 19:00:30	MergeVcfs	Processed     3,550,000 records.  Elapsed time: 00:00:44s.  Time for last 10,000:    0s.  Last read position: 12:60,786,300
INFO	2018-05-28 19:00:31	MergeVcfs	Processed     3,560,000 records.  Elapsed time: 00:00:44s.  Time for last 10,000:    0s.  Last read position: 12:66,919,104
INFO	2018-05-28 19:00:31	MergeVcfs	Processed     3,570,000 records.  Elapsed time: 00:00:44s.  Time for last 10,000:    0s.  Last read position: 12:72,879,870
INFO	2018-05-28 19:00:31	MergeVcfs	Processed     3,580,000 records.  Elapsed time: 00:00:44s.  Time for last 10,000:    0s.  Last read position: 12:78,759,843
INFO	2018-05-28 19:00:31	MergeVcfs	Processed     3,590,000 records.  Elapsed time: 00:00:44s.  Time for last 10,000:    0s.  Last read position: 12:85,272,373
INFO	2018-05-28 19:00:31	MergeVcfs	Processed     3,600,000 records.  Elapsed time: 00:00:44s.  Time for last 10,000:    0s.  Last read position: 12:91,824,458
INFO	2018-05-28 19:00:31	MergeVcfs	Processed     3,610,000 records.  Elapsed time: 00:00:45s.  Time for last 10,000:    0s.  Last read position: 12:97,058,101
INFO	2018-05-28 19:00:31	MergeVcfs	Processed     3,620,000 records.  Elapsed time: 00:00:45s.  Time for last 10,000:    0s.  Last read position: 12:103,174,423
INFO	2018-05-28 19:00:31	MergeVcfs	Processed     3,630,000 records.  Elapsed time: 00:00:45s.  Time for last 10,000:    0s.  Last read position: 12:109,060,848
INFO	2018-05-28 19:00:31	MergeVcfs	Processed     3,640,000 records.  Elapsed time: 00:00:45s.  Time for last 10,000:    0s.  Last read position: 12:115,419,476
INFO	2018-05-28 19:00:32	MergeVcfs	Processed     3,650,000 records.  Elapsed time: 00:00:45s.  Time for last 10,000:    0s.  Last read position: 12:121,349,337
INFO	2018-05-28 19:00:32	MergeVcfs	Processed     3,660,000 records.  Elapsed time: 00:00:45s.  Time for last 10,000:    0s.  Last read position: 12:126,797,066
INFO	2018-05-28 19:00:32	MergeVcfs	Processed     3,670,000 records.  Elapsed time: 00:00:45s.  Time for last 10,000:    0s.  Last read position: 12:130,877,696
INFO	2018-05-28 19:00:32	MergeVcfs	Processed     3,680,000 records.  Elapsed time: 00:00:45s.  Time for last 10,000:    0s.  Last read position: 13:20,205,601
INFO	2018-05-28 19:00:32	MergeVcfs	Processed     3,690,000 records.  Elapsed time: 00:00:45s.  Time for last 10,000:    0s.  Last read position: 13:24,618,372
INFO	2018-05-28 19:00:32	MergeVcfs	Processed     3,700,000 records.  Elapsed time: 00:00:45s.  Time for last 10,000:    0s.  Last read position: 13:29,229,833
INFO	2018-05-28 19:00:32	MergeVcfs	Processed     3,710,000 records.  Elapsed time: 00:00:46s.  Time for last 10,000:    0s.  Last read position: 13:34,345,877
INFO	2018-05-28 19:00:32	MergeVcfs	Processed     3,720,000 records.  Elapsed time: 00:00:46s.  Time for last 10,000:    0s.  Last read position: 13:40,041,334
INFO	2018-05-28 19:00:32	MergeVcfs	Processed     3,730,000 records.  Elapsed time: 00:00:46s.  Time for last 10,000:    0s.  Last read position: 13:46,256,308
INFO	2018-05-28 19:00:32	MergeVcfs	Processed     3,740,000 records.  Elapsed time: 00:00:46s.  Time for last 10,000:    0s.  Last read position: 13:51,704,316
INFO	2018-05-28 19:00:33	MergeVcfs	Processed     3,750,000 records.  Elapsed time: 00:00:46s.  Time for last 10,000:    0s.  Last read position: 13:58,688,962
INFO	2018-05-28 19:00:33	MergeVcfs	Processed     3,760,000 records.  Elapsed time: 00:00:46s.  Time for last 10,000:    0s.  Last read position: 13:64,550,954
INFO	2018-05-28 19:00:33	MergeVcfs	Processed     3,770,000 records.  Elapsed time: 00:00:46s.  Time for last 10,000:    0s.  Last read position: 13:70,228,331
INFO	2018-05-28 19:00:33	MergeVcfs	Processed     3,780,000 records.  Elapsed time: 00:00:46s.  Time for last 10,000:    0s.  Last read position: 13:75,855,909
INFO	2018-05-28 19:00:33	MergeVcfs	Processed     3,790,000 records.  Elapsed time: 00:00:46s.  Time for last 10,000:    0s.  Last read position: 13:82,021,022
INFO	2018-05-28 19:00:33	MergeVcfs	Processed     3,800,000 records.  Elapsed time: 00:00:47s.  Time for last 10,000:    0s.  Last read position: 13:86,976,311
INFO	2018-05-28 19:00:33	MergeVcfs	Processed     3,810,000 records.  Elapsed time: 00:00:47s.  Time for last 10,000:    0s.  Last read position: 13:92,319,454
INFO	2018-05-28 19:00:33	MergeVcfs	Processed     3,820,000 records.  Elapsed time: 00:00:47s.  Time for last 10,000:    0s.  Last read position: 13:97,860,907
INFO	2018-05-28 19:00:33	MergeVcfs	Processed     3,830,000 records.  Elapsed time: 00:00:47s.  Time for last 10,000:    0s.  Last read position: 13:103,418,728
INFO	2018-05-28 19:00:34	MergeVcfs	Processed     3,840,000 records.  Elapsed time: 00:00:47s.  Time for last 10,000:    0s.  Last read position: 13:108,097,243
INFO	2018-05-28 19:00:34	MergeVcfs	Processed     3,850,000 records.  Elapsed time: 00:00:47s.  Time for last 10,000:    0s.  Last read position: 13:112,705,444
INFO	2018-05-28 19:00:34	MergeVcfs	Processed     3,860,000 records.  Elapsed time: 00:00:47s.  Time for last 10,000:    0s.  Last read position: 14:21,824,740
INFO	2018-05-28 19:00:34	MergeVcfs	Processed     3,870,000 records.  Elapsed time: 00:00:47s.  Time for last 10,000:    0s.  Last read position: 14:26,532,958
INFO	2018-05-28 19:00:34	MergeVcfs	Processed     3,880,000 records.  Elapsed time: 00:00:47s.  Time for last 10,000:    0s.  Last read position: 14:32,456,524
INFO	2018-05-28 19:00:34	MergeVcfs	Processed     3,890,000 records.  Elapsed time: 00:00:48s.  Time for last 10,000:    0s.  Last read position: 14:38,261,757
INFO	2018-05-28 19:00:34	MergeVcfs	Processed     3,900,000 records.  Elapsed time: 00:00:48s.  Time for last 10,000:    0s.  Last read position: 14:43,758,781
INFO	2018-05-28 19:00:34	MergeVcfs	Processed     3,910,000 records.  Elapsed time: 00:00:48s.  Time for last 10,000:    0s.  Last read position: 14:48,758,884
INFO	2018-05-28 19:00:34	MergeVcfs	Processed     3,920,000 records.  Elapsed time: 00:00:48s.  Time for last 10,000:    0s.  Last read position: 14:53,819,792
INFO	2018-05-28 19:00:35	MergeVcfs	Processed     3,930,000 records.  Elapsed time: 00:00:48s.  Time for last 10,000:    0s.  Last read position: 14:59,843,406
INFO	2018-05-28 19:00:35	MergeVcfs	Processed     3,940,000 records.  Elapsed time: 00:00:48s.  Time for last 10,000:    0s.  Last read position: 14:65,776,586
INFO	2018-05-28 19:00:35	MergeVcfs	Processed     3,950,000 records.  Elapsed time: 00:00:48s.  Time for last 10,000:    0s.  Last read position: 14:72,503,736
INFO	2018-05-28 19:00:35	MergeVcfs	Processed     3,960,000 records.  Elapsed time: 00:00:48s.  Time for last 10,000:    0s.  Last read position: 14:78,222,906
INFO	2018-05-28 19:00:35	MergeVcfs	Processed     3,970,000 records.  Elapsed time: 00:00:48s.  Time for last 10,000:    0s.  Last read position: 14:84,232,683
INFO	2018-05-28 19:00:35	MergeVcfs	Processed     3,980,000 records.  Elapsed time: 00:00:48s.  Time for last 10,000:    0s.  Last read position: 14:89,237,164
INFO	2018-05-28 19:00:35	MergeVcfs	Processed     3,990,000 records.  Elapsed time: 00:00:49s.  Time for last 10,000:    0s.  Last read position: 14:94,476,830
INFO	2018-05-28 19:00:35	MergeVcfs	Processed     4,000,000 records.  Elapsed time: 00:00:49s.  Time for last 10,000:    0s.  Last read position: 14:99,144,070
INFO	2018-05-28 19:00:35	MergeVcfs	Processed     4,010,000 records.  Elapsed time: 00:00:49s.  Time for last 10,000:    0s.  Last read position: 14:104,746,156
INFO	2018-05-28 19:00:35	MergeVcfs	Processed     4,020,000 records.  Elapsed time: 00:00:49s.  Time for last 10,000:    0s.  Last read position: 15:22,858,321
INFO	2018-05-28 19:00:36	MergeVcfs	Processed     4,030,000 records.  Elapsed time: 00:00:49s.  Time for last 10,000:    0s.  Last read position: 15:27,276,236
INFO	2018-05-28 19:00:36	MergeVcfs	Processed     4,040,000 records.  Elapsed time: 00:00:49s.  Time for last 10,000:    0s.  Last read position: 15:33,405,052
INFO	2018-05-28 19:00:36	MergeVcfs	Processed     4,050,000 records.  Elapsed time: 00:00:49s.  Time for last 10,000:    0s.  Last read position: 15:38,466,974
INFO	2018-05-28 19:00:36	MergeVcfs	Processed     4,060,000 records.  Elapsed time: 00:00:49s.  Time for last 10,000:    0s.  Last read position: 15:44,512,055
INFO	2018-05-28 19:00:36	MergeVcfs	Processed     4,070,000 records.  Elapsed time: 00:00:49s.  Time for last 10,000:    0s.  Last read position: 15:50,366,910
INFO	2018-05-28 19:00:36	MergeVcfs	Processed     4,080,000 records.  Elapsed time: 00:00:50s.  Time for last 10,000:    0s.  Last read position: 15:55,124,413
INFO	2018-05-28 19:00:36	MergeVcfs	Processed     4,090,000 records.  Elapsed time: 00:00:50s.  Time for last 10,000:    0s.  Last read position: 15:60,139,997
INFO	2018-05-28 19:00:36	MergeVcfs	Processed     4,100,000 records.  Elapsed time: 00:00:50s.  Time for last 10,000:    0s.  Last read position: 15:65,936,532
INFO	2018-05-28 19:00:36	MergeVcfs	Processed     4,110,000 records.  Elapsed time: 00:00:50s.  Time for last 10,000:    0s.  Last read position: 15:71,805,859
INFO	2018-05-28 19:00:37	MergeVcfs	Processed     4,120,000 records.  Elapsed time: 00:00:50s.  Time for last 10,000:    0s.  Last read position: 15:78,651,215
INFO	2018-05-28 19:00:37	MergeVcfs	Processed     4,130,000 records.  Elapsed time: 00:00:50s.  Time for last 10,000:    0s.  Last read position: 15:85,501,285
INFO	2018-05-28 19:00:37	MergeVcfs	Processed     4,140,000 records.  Elapsed time: 00:00:50s.  Time for last 10,000:    0s.  Last read position: 15:90,646,230
INFO	2018-05-28 19:00:37	MergeVcfs	Processed     4,150,000 records.  Elapsed time: 00:00:50s.  Time for last 10,000:    0s.  Last read position: 15:94,840,703
INFO	2018-05-28 19:00:37	MergeVcfs	Processed     4,160,000 records.  Elapsed time: 00:00:50s.  Time for last 10,000:    0s.  Last read position: 15:99,788,466
INFO	2018-05-28 19:00:37	MergeVcfs	Processed     4,170,000 records.  Elapsed time: 00:00:50s.  Time for last 10,000:    0s.  Last read position: 16:1,328,509
INFO	2018-05-28 19:00:37	MergeVcfs	Processed     4,180,000 records.  Elapsed time: 00:00:51s.  Time for last 10,000:    0s.  Last read position: 16:5,651,841
INFO	2018-05-28 19:00:37	MergeVcfs	Processed     4,190,000 records.  Elapsed time: 00:00:51s.  Time for last 10,000:    0s.  Last read position: 16:8,374,317
INFO	2018-05-28 19:00:37	MergeVcfs	Processed     4,200,000 records.  Elapsed time: 00:00:51s.  Time for last 10,000:    0s.  Last read position: 16:12,046,995
INFO	2018-05-28 19:00:37	MergeVcfs	Processed     4,210,000 records.  Elapsed time: 00:00:51s.  Time for last 10,000:    0s.  Last read position: 16:17,766,107
INFO	2018-05-28 19:00:38	MergeVcfs	Processed     4,220,000 records.  Elapsed time: 00:00:51s.  Time for last 10,000:    0s.  Last read position: 16:23,949,912
INFO	2018-05-28 19:00:38	MergeVcfs	Processed     4,230,000 records.  Elapsed time: 00:00:51s.  Time for last 10,000:    0s.  Last read position: 16:29,202,810
INFO	2018-05-28 19:00:38	MergeVcfs	Processed     4,240,000 records.  Elapsed time: 00:00:51s.  Time for last 10,000:    0s.  Last read position: 16:49,483,742
INFO	2018-05-28 19:00:38	MergeVcfs	Processed     4,250,000 records.  Elapsed time: 00:00:51s.  Time for last 10,000:    0s.  Last read position: 16:55,407,812
INFO	2018-05-28 19:00:38	MergeVcfs	Processed     4,260,000 records.  Elapsed time: 00:00:51s.  Time for last 10,000:    0s.  Last read position: 16:60,596,317
INFO	2018-05-28 19:00:38	MergeVcfs	Processed     4,270,000 records.  Elapsed time: 00:00:52s.  Time for last 10,000:    0s.  Last read position: 16:66,384,493
INFO	2018-05-28 19:00:38	MergeVcfs	Processed     4,280,000 records.  Elapsed time: 00:00:52s.  Time for last 10,000:    0s.  Last read position: 16:73,625,968
INFO	2018-05-28 19:00:38	MergeVcfs	Processed     4,290,000 records.  Elapsed time: 00:00:52s.  Time for last 10,000:    0s.  Last read position: 16:78,209,102
INFO	2018-05-28 19:00:38	MergeVcfs	Processed     4,300,000 records.  Elapsed time: 00:00:52s.  Time for last 10,000:    0s.  Last read position: 16:81,767,897
INFO	2018-05-28 19:00:39	MergeVcfs	Processed     4,310,000 records.  Elapsed time: 00:00:52s.  Time for last 10,000:    0s.  Last read position: 16:84,907,980
INFO	2018-05-28 19:00:39	MergeVcfs	Processed     4,320,000 records.  Elapsed time: 00:00:52s.  Time for last 10,000:    0s.  Last read position: 16:88,281,203
INFO	2018-05-28 19:00:39	MergeVcfs	Processed     4,330,000 records.  Elapsed time: 00:00:52s.  Time for last 10,000:    0s.  Last read position: 17:2,342,464
INFO	2018-05-28 19:00:39	MergeVcfs	Processed     4,340,000 records.  Elapsed time: 00:00:52s.  Time for last 10,000:    0s.  Last read position: 17:6,473,524
INFO	2018-05-28 19:00:39	MergeVcfs	Processed     4,350,000 records.  Elapsed time: 00:00:52s.  Time for last 10,000:    0s.  Last read position: 17:11,302,140
INFO	2018-05-28 19:00:39	MergeVcfs	Processed     4,360,000 records.  Elapsed time: 00:00:53s.  Time for last 10,000:    0s.  Last read position: 17:15,594,978
INFO	2018-05-28 19:00:39	MergeVcfs	Processed     4,370,000 records.  Elapsed time: 00:00:53s.  Time for last 10,000:    0s.  Last read position: 17:21,911,794
INFO	2018-05-28 19:00:39	MergeVcfs	Processed     4,380,000 records.  Elapsed time: 00:00:53s.  Time for last 10,000:    0s.  Last read position: 17:31,865,092
INFO	2018-05-28 19:00:39	MergeVcfs	Processed     4,390,000 records.  Elapsed time: 00:00:53s.  Time for last 10,000:    0s.  Last read position: 17:38,167,735
INFO	2018-05-28 19:00:40	MergeVcfs	Processed     4,400,000 records.  Elapsed time: 00:00:53s.  Time for last 10,000:    0s.  Last read position: 17:45,145,050
INFO	2018-05-28 19:00:40	MergeVcfs	Processed     4,410,000 records.  Elapsed time: 00:00:53s.  Time for last 10,000:    0s.  Last read position: 17:51,534,719
INFO	2018-05-28 19:00:40	MergeVcfs	Processed     4,420,000 records.  Elapsed time: 00:00:53s.  Time for last 10,000:    0s.  Last read position: 17:57,877,479
INFO	2018-05-28 19:00:40	MergeVcfs	Processed     4,430,000 records.  Elapsed time: 00:00:53s.  Time for last 10,000:    0s.  Last read position: 17:64,068,621
INFO	2018-05-28 19:00:40	MergeVcfs	Processed     4,440,000 records.  Elapsed time: 00:00:53s.  Time for last 10,000:    0s.  Last read position: 17:69,551,045
INFO	2018-05-28 19:00:40	MergeVcfs	Processed     4,450,000 records.  Elapsed time: 00:00:54s.  Time for last 10,000:    0s.  Last read position: 17:74,589,167
INFO	2018-05-28 19:00:40	MergeVcfs	Processed     4,460,000 records.  Elapsed time: 00:00:54s.  Time for last 10,000:    0s.  Last read position: 17:78,990,020
INFO	2018-05-28 19:00:40	MergeVcfs	Processed     4,470,000 records.  Elapsed time: 00:00:54s.  Time for last 10,000:    0s.  Last read position: 18:2,555,922
INFO	2018-05-28 19:00:40	MergeVcfs	Processed     4,480,000 records.  Elapsed time: 00:00:54s.  Time for last 10,000:    0s.  Last read position: 18:7,020,001
INFO	2018-05-28 19:00:41	MergeVcfs	Processed     4,490,000 records.  Elapsed time: 00:00:54s.  Time for last 10,000:    0s.  Last read position: 18:11,523,638
INFO	2018-05-28 19:00:41	MergeVcfs	Processed     4,500,000 records.  Elapsed time: 00:00:54s.  Time for last 10,000:    0s.  Last read position: 18:19,922,508
INFO	2018-05-28 19:00:41	MergeVcfs	Processed     4,510,000 records.  Elapsed time: 00:00:54s.  Time for last 10,000:    0s.  Last read position: 18:26,498,677
INFO	2018-05-28 19:00:41	MergeVcfs	Processed     4,520,000 records.  Elapsed time: 00:00:54s.  Time for last 10,000:    0s.  Last read position: 18:32,744,127
INFO	2018-05-28 19:00:41	MergeVcfs	Processed     4,530,000 records.  Elapsed time: 00:00:54s.  Time for last 10,000:    0s.  Last read position: 18:39,819,292
INFO	2018-05-28 19:00:41	MergeVcfs	Processed     4,540,000 records.  Elapsed time: 00:00:54s.  Time for last 10,000:    0s.  Last read position: 18:46,179,590
INFO	2018-05-28 19:00:41	MergeVcfs	Processed     4,550,000 records.  Elapsed time: 00:00:55s.  Time for last 10,000:    0s.  Last read position: 18:51,301,747
INFO	2018-05-28 19:00:41	MergeVcfs	Processed     4,560,000 records.  Elapsed time: 00:00:55s.  Time for last 10,000:    0s.  Last read position: 18:57,012,889
INFO	2018-05-28 19:00:41	MergeVcfs	Processed     4,570,000 records.  Elapsed time: 00:00:55s.  Time for last 10,000:    0s.  Last read position: 18:62,315,878
INFO	2018-05-28 19:00:41	MergeVcfs	Processed     4,580,000 records.  Elapsed time: 00:00:55s.  Time for last 10,000:    0s.  Last read position: 18:67,257,715
INFO	2018-05-28 19:00:42	MergeVcfs	Processed     4,590,000 records.  Elapsed time: 00:00:55s.  Time for last 10,000:    0s.  Last read position: 18:71,913,718
INFO	2018-05-28 19:00:42	MergeVcfs	Processed     4,600,000 records.  Elapsed time: 00:00:55s.  Time for last 10,000:    0s.  Last read position: 18:76,155,266
INFO	2018-05-28 19:00:42	MergeVcfs	Processed     4,610,000 records.  Elapsed time: 00:00:55s.  Time for last 10,000:    0s.  Last read position: 19:2,505,515
INFO	2018-05-28 19:00:42	MergeVcfs	Processed     4,620,000 records.  Elapsed time: 00:00:55s.  Time for last 10,000:    0s.  Last read position: 19:6,799,401
INFO	2018-05-28 19:00:42	MergeVcfs	Processed     4,630,000 records.  Elapsed time: 00:00:55s.  Time for last 10,000:    0s.  Last read position: 19:11,568,022
INFO	2018-05-28 19:00:42	MergeVcfs	Processed     4,640,000 records.  Elapsed time: 00:00:56s.  Time for last 10,000:    0s.  Last read position: 19:16,120,256
INFO	2018-05-28 19:00:42	MergeVcfs	Processed     4,650,000 records.  Elapsed time: 00:00:56s.  Time for last 10,000:    0s.  Last read position: 19:21,109,390
INFO	2018-05-28 19:00:42	MergeVcfs	Processed     4,660,000 records.  Elapsed time: 00:00:56s.  Time for last 10,000:    0s.  Last read position: 19:24,248,959
INFO	2018-05-28 19:00:42	MergeVcfs	Processed     4,670,000 records.  Elapsed time: 00:00:56s.  Time for last 10,000:    0s.  Last read position: 19:32,717,936
INFO	2018-05-28 19:00:43	MergeVcfs	Processed     4,680,000 records.  Elapsed time: 00:00:56s.  Time for last 10,000:    0s.  Last read position: 19:38,278,133
INFO	2018-05-28 19:00:43	MergeVcfs	Processed     4,690,000 records.  Elapsed time: 00:00:56s.  Time for last 10,000:    0s.  Last read position: 19:43,764,721
INFO	2018-05-28 19:00:43	MergeVcfs	Processed     4,700,000 records.  Elapsed time: 00:00:56s.  Time for last 10,000:    0s.  Last read position: 19:49,211,144
INFO	2018-05-28 19:00:43	MergeVcfs	Processed     4,710,000 records.  Elapsed time: 00:00:56s.  Time for last 10,000:    0s.  Last read position: 19:53,449,960
INFO	2018-05-28 19:00:43	MergeVcfs	Processed     4,720,000 records.  Elapsed time: 00:00:56s.  Time for last 10,000:    0s.  Last read position: 19:57,009,819
INFO	2018-05-28 19:00:43	MergeVcfs	Processed     4,730,000 records.  Elapsed time: 00:00:57s.  Time for last 10,000:    0s.  Last read position: 20:2,732,934
INFO	2018-05-28 19:00:43	MergeVcfs	Processed     4,740,000 records.  Elapsed time: 00:00:57s.  Time for last 10,000:    0s.  Last read position: 20:7,289,719
INFO	2018-05-28 19:00:43	MergeVcfs	Processed     4,750,000 records.  Elapsed time: 00:00:57s.  Time for last 10,000:    0s.  Last read position: 20:12,655,571
INFO	2018-05-28 19:00:43	MergeVcfs	Processed     4,760,000 records.  Elapsed time: 00:00:57s.  Time for last 10,000:    0s.  Last read position: 20:17,931,307
INFO	2018-05-28 19:00:44	MergeVcfs	Processed     4,770,000 records.  Elapsed time: 00:00:57s.  Time for last 10,000:    0s.  Last read position: 20:23,261,068
INFO	2018-05-28 19:00:44	MergeVcfs	Processed     4,780,000 records.  Elapsed time: 00:00:57s.  Time for last 10,000:    0s.  Last read position: 20:31,671,694
INFO	2018-05-28 19:00:44	MergeVcfs	Processed     4,790,000 records.  Elapsed time: 00:00:57s.  Time for last 10,000:    0s.  Last read position: 20:39,611,741
INFO	2018-05-28 19:00:44	MergeVcfs	Processed     4,800,000 records.  Elapsed time: 00:00:57s.  Time for last 10,000:    0s.  Last read position: 20:45,450,746
INFO	2018-05-28 19:00:44	MergeVcfs	Processed     4,810,000 records.  Elapsed time: 00:00:57s.  Time for last 10,000:    0s.  Last read position: 20:50,811,514
INFO	2018-05-28 19:00:44	MergeVcfs	Processed     4,820,000 records.  Elapsed time: 00:00:57s.  Time for last 10,000:    0s.  Last read position: 20:55,520,818
INFO	2018-05-28 19:00:44	MergeVcfs	Processed     4,830,000 records.  Elapsed time: 00:00:58s.  Time for last 10,000:    0s.  Last read position: 20:60,708,216
INFO	2018-05-28 19:00:44	MergeVcfs	Processed     4,840,000 records.  Elapsed time: 00:00:58s.  Time for last 10,000:    0s.  Last read position: 21:15,739,385
INFO	2018-05-28 19:00:44	MergeVcfs	Processed     4,850,000 records.  Elapsed time: 00:00:58s.  Time for last 10,000:    0s.  Last read position: 21:20,233,391
INFO	2018-05-28 19:00:44	MergeVcfs	Processed     4,860,000 records.  Elapsed time: 00:00:58s.  Time for last 10,000:    0s.  Last read position: 21:24,331,608
INFO	2018-05-28 19:00:45	MergeVcfs	Processed     4,870,000 records.  Elapsed time: 00:00:58s.  Time for last 10,000:    0s.  Last read position: 21:28,456,760
INFO	2018-05-28 19:00:45	MergeVcfs	Processed     4,880,000 records.  Elapsed time: 00:00:58s.  Time for last 10,000:    0s.  Last read position: 21:33,224,265
INFO	2018-05-28 19:00:45	MergeVcfs	Processed     4,890,000 records.  Elapsed time: 00:00:58s.  Time for last 10,000:    0s.  Last read position: 21:38,418,632
INFO	2018-05-28 19:00:45	MergeVcfs	Processed     4,900,000 records.  Elapsed time: 00:00:58s.  Time for last 10,000:    0s.  Last read position: 21:43,006,246
INFO	2018-05-28 19:00:45	MergeVcfs	Processed     4,910,000 records.  Elapsed time: 00:00:58s.  Time for last 10,000:    0s.  Last read position: 21:46,914,576
INFO	2018-05-28 19:00:45	MergeVcfs	Processed     4,920,000 records.  Elapsed time: 00:00:59s.  Time for last 10,000:    0s.  Last read position: 22:20,204,234
INFO	2018-05-28 19:00:45	MergeVcfs	Processed     4,930,000 records.  Elapsed time: 00:00:59s.  Time for last 10,000:    0s.  Last read position: 22:25,087,256
INFO	2018-05-28 19:00:45	MergeVcfs	Processed     4,940,000 records.  Elapsed time: 00:00:59s.  Time for last 10,000:    0s.  Last read position: 22:33,302,582
INFO	2018-05-28 19:00:45	MergeVcfs	Processed     4,950,000 records.  Elapsed time: 00:00:59s.  Time for last 10,000:    0s.  Last read position: 22:39,709,583
INFO	2018-05-28 19:00:46	MergeVcfs	Processed     4,960,000 records.  Elapsed time: 00:00:59s.  Time for last 10,000:    0s.  Last read position: 22:45,255,628
INFO	2018-05-28 19:00:46	MergeVcfs	Processed     4,970,000 records.  Elapsed time: 00:00:59s.  Time for last 10,000:    0s.  Last read position: 22:49,190,087
INFO	2018-05-28 19:00:46	MergeVcfs	Processed     4,980,000 records.  Elapsed time: 00:00:59s.  Time for last 10,000:    0s.  Last read position: X:1,453,352
INFO	2018-05-28 19:00:46	MergeVcfs	Processed     4,990,000 records.  Elapsed time: 00:00:59s.  Time for last 10,000:    0s.  Last read position: X:7,364,016
INFO	2018-05-28 19:00:46	MergeVcfs	Processed     5,000,000 records.  Elapsed time: 00:00:59s.  Time for last 10,000:    0s.  Last read position: X:21,116,837
INFO	2018-05-28 19:00:46	MergeVcfs	Processed     5,010,000 records.  Elapsed time: 00:00:59s.  Time for last 10,000:    0s.  Last read position: X:32,306,374
INFO	2018-05-28 19:00:46	MergeVcfs	Processed     5,020,000 records.  Elapsed time: 00:01:00s.  Time for last 10,000:    0s.  Last read position: X:42,716,382
INFO	2018-05-28 19:00:46	MergeVcfs	Processed     5,030,000 records.  Elapsed time: 00:01:00s.  Time for last 10,000:    0s.  Last read position: X:56,862,164
INFO	2018-05-28 19:00:46	MergeVcfs	Processed     5,040,000 records.  Elapsed time: 00:01:00s.  Time for last 10,000:    0s.  Last read position: X:75,182,512
INFO	2018-05-28 19:00:46	MergeVcfs	Processed     5,050,000 records.  Elapsed time: 00:01:00s.  Time for last 10,000:    0s.  Last read position: X:86,392,781
INFO	2018-05-28 19:00:47	MergeVcfs	Processed     5,060,000 records.  Elapsed time: 00:01:00s.  Time for last 10,000:    0s.  Last read position: X:95,519,063
INFO	2018-05-28 19:00:47	MergeVcfs	Processed     5,070,000 records.  Elapsed time: 00:01:00s.  Time for last 10,000:    0s.  Last read position: X:107,725,128
INFO	2018-05-28 19:00:47	MergeVcfs	Processed     5,080,000 records.  Elapsed time: 00:01:00s.  Time for last 10,000:    0s.  Last read position: X:118,270,026
INFO	2018-05-28 19:00:47	MergeVcfs	Processed     5,090,000 records.  Elapsed time: 00:01:00s.  Time for last 10,000:    0s.  Last read position: X:129,033,625
INFO	2018-05-28 19:00:47	MergeVcfs	Processed     5,100,000 records.  Elapsed time: 00:01:00s.  Time for last 10,000:    0s.  Last read position: X:142,000,580
INFO	2018-05-28 19:00:47	MergeVcfs	Processed     5,110,000 records.  Elapsed time: 00:01:01s.  Time for last 10,000:    0s.  Last read position: X:151,965,505
[Mon May 28 19:00:50 UTC 2018] picard.vcf.MergeVcfs done. Elapsed time: 1.06 minutes.
Runtime.totalMemory()=245891072
Completed s01_sort_merge_HG02977_ddr_positive_kgen.sh
Mon 28 May 19:00:50 UTC 2018

