Starting s01_select_HG02121_ddr_positive_kgen.sh
Sat 26 May 09:11:00 UTC 2018

1000 Genomes Project Individual ID - DDR positive genotype to be extracted - HG02121

Selecting DDR positive individual genotype from 1000 Genome Project (Chromosome 1) ...
Sat 26 May 09:11:00 UTC 2018

Completed DDR positive individual genotype from 1000 Genome Project (Chromosome 1)
Sat 26 May 09:40:29 UTC 2018

Selecting DDR positive individual genotype from 1000 Genome Project (Chromosome 2) ...
Sat 26 May 09:40:29 UTC 2018

Completed DDR positive individual genotype from 1000 Genome Project (Chromosome 2)
Sat 26 May 10:13:03 UTC 2018

Selecting DDR positive individual genotype from 1000 Genome Project (Chromosome 3) ...
Sat 26 May 10:13:03 UTC 2018

Completed DDR positive individual genotype from 1000 Genome Project (Chromosome 3)
Sat 26 May 10:39:08 UTC 2018

Selecting DDR positive individual genotype from 1000 Genome Project (Chromosome 4) ...
Sat 26 May 10:39:08 UTC 2018

Completed DDR positive individual genotype from 1000 Genome Project (Chromosome 4)
Sat 26 May 11:04:46 UTC 2018

Selecting DDR positive individual genotype from 1000 Genome Project (Chromosome 5) ...
Sat 26 May 11:04:46 UTC 2018

Completed DDR positive individual genotype from 1000 Genome Project (Chromosome 5)
Sat 26 May 11:29:02 UTC 2018

Selecting DDR positive individual genotype from 1000 Genome Project (Chromosome 6) ...
Sat 26 May 11:29:02 UTC 2018

Completed DDR positive individual genotype from 1000 Genome Project (Chromosome 6)
Sat 26 May 11:51:13 UTC 2018

Selecting DDR positive individual genotype from 1000 Genome Project (Chromosome 7) ...
Sat 26 May 11:51:13 UTC 2018

Completed DDR positive individual genotype from 1000 Genome Project (Chromosome 7)
Sat 26 May 12:12:25 UTC 2018

Selecting DDR positive individual genotype from 1000 Genome Project (Chromosome 8) ...
Sat 26 May 12:12:25 UTC 2018

Completed DDR positive individual genotype from 1000 Genome Project (Chromosome 8)
Sat 26 May 12:33:37 UTC 2018

Selecting DDR positive individual genotype from 1000 Genome Project (Chromosome 9) ...
Sat 26 May 12:33:37 UTC 2018

Completed DDR positive individual genotype from 1000 Genome Project (Chromosome 9)
Sat 26 May 12:50:37 UTC 2018

Selecting DDR positive individual genotype from 1000 Genome Project (Chromosome 10) ...
Sat 26 May 12:50:37 UTC 2018

Completed DDR positive individual genotype from 1000 Genome Project (Chromosome 10)
Sat 26 May 13:09:03 UTC 2018

Selecting DDR positive individual genotype from 1000 Genome Project (Chromosome 11) ...
Sat 26 May 13:09:03 UTC 2018

Completed DDR positive individual genotype from 1000 Genome Project (Chromosome 11)
Sat 26 May 13:27:33 UTC 2018

Selecting DDR positive individual genotype from 1000 Genome Project (Chromosome 12) ...
Sat 26 May 13:27:33 UTC 2018

Completed DDR positive individual genotype from 1000 Genome Project (Chromosome 12)
Sat 26 May 13:45:42 UTC 2018

Selecting DDR positive individual genotype from 1000 Genome Project (Chromosome 13) ...
Sat 26 May 13:45:42 UTC 2018

Completed DDR positive individual genotype from 1000 Genome Project (Chromosome 13)
Sat 26 May 13:59:00 UTC 2018

Selecting DDR positive individual genotype from 1000 Genome Project (Chromosome 14) ...
Sat 26 May 13:59:00 UTC 2018

Completed DDR positive individual genotype from 1000 Genome Project (Chromosome 14)
Sat 26 May 14:11:26 UTC 2018

Selecting DDR positive individual genotype from 1000 Genome Project (Chromosome 15) ...
Sat 26 May 14:11:26 UTC 2018

Completed DDR positive individual genotype from 1000 Genome Project (Chromosome 15)
Sat 26 May 14:22:23 UTC 2018

Selecting DDR positive individual genotype from 1000 Genome Project (Chromosome 16) ...
Sat 26 May 14:22:23 UTC 2018

Completed DDR positive individual genotype from 1000 Genome Project (Chromosome 16)
Sat 26 May 14:34:17 UTC 2018

Selecting DDR positive individual genotype from 1000 Genome Project (Chromosome 17) ...
Sat 26 May 14:34:17 UTC 2018

Completed DDR positive individual genotype from 1000 Genome Project (Chromosome 17)
Sat 26 May 14:45:56 UTC 2018

Selecting DDR positive individual genotype from 1000 Genome Project (Chromosome 18) ...
Sat 26 May 14:45:56 UTC 2018

Completed DDR positive individual genotype from 1000 Genome Project (Chromosome 18)
Sat 26 May 14:56:14 UTC 2018

Selecting DDR positive individual genotype from 1000 Genome Project (Chromosome 19) ...
Sat 26 May 14:56:14 UTC 2018

Completed DDR positive individual genotype from 1000 Genome Project (Chromosome 19)
Sat 26 May 15:04:53 UTC 2018

Selecting DDR positive individual genotype from 1000 Genome Project (Chromosome 20) ...
Sat 26 May 15:04:53 UTC 2018

Completed DDR positive individual genotype from 1000 Genome Project (Chromosome 20)
Sat 26 May 15:13:01 UTC 2018

Selecting DDR positive individual genotype from 1000 Genome Project (Chromosome 21) ...
Sat 26 May 15:13:01 UTC 2018

Completed DDR positive individual genotype from 1000 Genome Project (Chromosome 21)
Sat 26 May 15:18:13 UTC 2018

Selecting DDR positive individual genotype from 1000 Genome Project (Chromosome 22) ...
Sat 26 May 15:18:13 UTC 2018

Completed DDR positive individual genotype from 1000 Genome Project (Chromosome 22)
Sat 26 May 15:23:15 UTC 2018

Selecting DDR positive individual genotype from 1000 Genome Project (Chromosome X) ...
Sat 26 May 15:23:15 UTC 2018

Completed DDR positive individual genotype from 1000 Genome Project (Chromosome X)
Sat 26 May 15:39:01 UTC 2018


Merging DDR positive individual genotype VCF files from 1000 Genome Project
Sat 26 May 15:39:01 UTC 2018
15:39:02.525 INFO  NativeLibraryLoader - Loading libgkl_compression.so from jar:file:/home/ec2-user/tools/picard/picard.jar!/com/intel/gkl/native/libgkl_compression.so
[Sat May 26 15:39:02 UTC 2018] MergeVcfs INPUT=[/home/ec2-user/results/data_analysis/gt_individuals/kgen/ddr_positive/HG02121/s01_HG02121_ddr_positive_kgen_chr1_raw.vcf, /home/ec2-user/results/data_analysis/gt_individuals/kgen/ddr_positive/HG02121/s01_HG02121_ddr_positive_kgen_chr2_raw.vcf, /home/ec2-user/results/data_analysis/gt_individuals/kgen/ddr_positive/HG02121/s01_HG02121_ddr_positive_kgen_chr3_raw.vcf, /home/ec2-user/results/data_analysis/gt_individuals/kgen/ddr_positive/HG02121/s01_HG02121_ddr_positive_kgen_chr4_raw.vcf, /home/ec2-user/results/data_analysis/gt_individuals/kgen/ddr_positive/HG02121/s01_HG02121_ddr_positive_kgen_chr5_raw.vcf, /home/ec2-user/results/data_analysis/gt_individuals/kgen/ddr_positive/HG02121/s01_HG02121_ddr_positive_kgen_chr6_raw.vcf, /home/ec2-user/results/data_analysis/gt_individuals/kgen/ddr_positive/HG02121/s01_HG02121_ddr_positive_kgen_chr7_raw.vcf, /home/ec2-user/results/data_analysis/gt_individuals/kgen/ddr_positive/HG02121/s01_HG02121_ddr_positive_kgen_chr8_raw.vcf, /home/ec2-user/results/data_analysis/gt_individuals/kgen/ddr_positive/HG02121/s01_HG02121_ddr_positive_kgen_chr9_raw.vcf, /home/ec2-user/results/data_analysis/gt_individuals/kgen/ddr_positive/HG02121/s01_HG02121_ddr_positive_kgen_chr10_raw.vcf, /home/ec2-user/results/data_analysis/gt_individuals/kgen/ddr_positive/HG02121/s01_HG02121_ddr_positive_kgen_chr11_raw.vcf, /home/ec2-user/results/data_analysis/gt_individuals/kgen/ddr_positive/HG02121/s01_HG02121_ddr_positive_kgen_chr12_raw.vcf, /home/ec2-user/results/data_analysis/gt_individuals/kgen/ddr_positive/HG02121/s01_HG02121_ddr_positive_kgen_chr13_raw.vcf, /home/ec2-user/results/data_analysis/gt_individuals/kgen/ddr_positive/HG02121/s01_HG02121_ddr_positive_kgen_chr14_raw.vcf, /home/ec2-user/results/data_analysis/gt_individuals/kgen/ddr_positive/HG02121/s01_HG02121_ddr_positive_kgen_chr15_raw.vcf, /home/ec2-user/results/data_analysis/gt_individuals/kgen/ddr_positive/HG02121/s01_HG02121_ddr_positive_kgen_chr16_raw.vcf, /home/ec2-user/results/data_analysis/gt_individuals/kgen/ddr_positive/HG02121/s01_HG02121_ddr_positive_kgen_chr17_raw.vcf, /home/ec2-user/results/data_analysis/gt_individuals/kgen/ddr_positive/HG02121/s01_HG02121_ddr_positive_kgen_chr18_raw.vcf, /home/ec2-user/results/data_analysis/gt_individuals/kgen/ddr_positive/HG02121/s01_HG02121_ddr_positive_kgen_chr19_raw.vcf, /home/ec2-user/results/data_analysis/gt_individuals/kgen/ddr_positive/HG02121/s01_HG02121_ddr_positive_kgen_chr20_raw.vcf, /home/ec2-user/results/data_analysis/gt_individuals/kgen/ddr_positive/HG02121/s01_HG02121_ddr_positive_kgen_chr21_raw.vcf, /home/ec2-user/results/data_analysis/gt_individuals/kgen/ddr_positive/HG02121/s01_HG02121_ddr_positive_kgen_chr22_raw.vcf, /home/ec2-user/results/data_analysis/gt_individuals/kgen/ddr_positive/HG02121/s01_HG02121_ddr_positive_kgen_chrX_raw.vcf] OUTPUT=/home/ec2-user/results/data_analysis/gt_individuals/kgen/ddr_positive/HG02121/s01_HG02121_ddr_positive_kgen_merged_raw.vcf.gz    VERBOSITY=INFO QUIET=false VALIDATION_STRINGENCY=STRICT COMPRESSION_LEVEL=5 MAX_RECORDS_IN_RAM=500000 CREATE_INDEX=true CREATE_MD5_FILE=false GA4GH_CLIENT_SECRETS=client_secrets.json USE_JDK_DEFLATER=false USE_JDK_INFLATER=false
[Sat May 26 15:39:02 UTC 2018] Executing as ec2-user@ip-172-31-34-3 on Linux 4.14.33-51.37.amzn1.x86_64 amd64; OpenJDK 64-Bit Server VM 1.8.0_171-b10; Deflater: Intel; Inflater: Intel; Provider GCS is not available; Picard version: 2.18.2-SNAPSHOT
INFO	2018-05-26 15:39:03	MergeVcfs	Processed        10,000 records.  Elapsed time: 00:00:01s.  Time for last 10,000:    0s.  Last read position: 1:5,879,132
INFO	2018-05-26 15:39:04	MergeVcfs	Processed        20,000 records.  Elapsed time: 00:00:01s.  Time for last 10,000:    0s.  Last read position: 1:13,145,720
INFO	2018-05-26 15:39:04	MergeVcfs	Processed        30,000 records.  Elapsed time: 00:00:01s.  Time for last 10,000:    0s.  Last read position: 1:19,607,617
INFO	2018-05-26 15:39:04	MergeVcfs	Processed        40,000 records.  Elapsed time: 00:00:02s.  Time for last 10,000:    0s.  Last read position: 1:26,178,954
INFO	2018-05-26 15:39:04	MergeVcfs	Processed        50,000 records.  Elapsed time: 00:00:02s.  Time for last 10,000:    0s.  Last read position: 1:34,471,559
INFO	2018-05-26 15:39:05	MergeVcfs	Processed        60,000 records.  Elapsed time: 00:00:02s.  Time for last 10,000:    0s.  Last read position: 1:41,916,248
INFO	2018-05-26 15:39:05	MergeVcfs	Processed        70,000 records.  Elapsed time: 00:00:02s.  Time for last 10,000:    0s.  Last read position: 1:50,488,286
INFO	2018-05-26 15:39:05	MergeVcfs	Processed        80,000 records.  Elapsed time: 00:00:03s.  Time for last 10,000:    0s.  Last read position: 1:58,202,297
INFO	2018-05-26 15:39:06	MergeVcfs	Processed        90,000 records.  Elapsed time: 00:00:03s.  Time for last 10,000:    0s.  Last read position: 1:65,586,815
INFO	2018-05-26 15:39:06	MergeVcfs	Processed       100,000 records.  Elapsed time: 00:00:03s.  Time for last 10,000:    0s.  Last read position: 1:72,936,345
INFO	2018-05-26 15:39:06	MergeVcfs	Processed       110,000 records.  Elapsed time: 00:00:03s.  Time for last 10,000:    0s.  Last read position: 1:79,889,117
INFO	2018-05-26 15:39:06	MergeVcfs	Processed       120,000 records.  Elapsed time: 00:00:04s.  Time for last 10,000:    0s.  Last read position: 1:85,959,529
INFO	2018-05-26 15:39:06	MergeVcfs	Processed       130,000 records.  Elapsed time: 00:00:04s.  Time for last 10,000:    0s.  Last read position: 1:92,708,000
INFO	2018-05-26 15:39:06	MergeVcfs	Processed       140,000 records.  Elapsed time: 00:00:04s.  Time for last 10,000:    0s.  Last read position: 1:100,012,223
INFO	2018-05-26 15:39:06	MergeVcfs	Processed       150,000 records.  Elapsed time: 00:00:04s.  Time for last 10,000:    0s.  Last read position: 1:106,144,662
INFO	2018-05-26 15:39:07	MergeVcfs	Processed       160,000 records.  Elapsed time: 00:00:04s.  Time for last 10,000:    0s.  Last read position: 1:113,254,484
INFO	2018-05-26 15:39:07	MergeVcfs	Processed       170,000 records.  Elapsed time: 00:00:04s.  Time for last 10,000:    0s.  Last read position: 1:120,547,403
INFO	2018-05-26 15:39:07	MergeVcfs	Processed       180,000 records.  Elapsed time: 00:00:04s.  Time for last 10,000:    0s.  Last read position: 1:153,024,267
INFO	2018-05-26 15:39:07	MergeVcfs	Processed       190,000 records.  Elapsed time: 00:00:04s.  Time for last 10,000:    0s.  Last read position: 1:159,864,536
INFO	2018-05-26 15:39:07	MergeVcfs	Processed       200,000 records.  Elapsed time: 00:00:05s.  Time for last 10,000:    0s.  Last read position: 1:166,195,897
INFO	2018-05-26 15:39:07	MergeVcfs	Processed       210,000 records.  Elapsed time: 00:00:05s.  Time for last 10,000:    0s.  Last read position: 1:171,915,181
INFO	2018-05-26 15:39:07	MergeVcfs	Processed       220,000 records.  Elapsed time: 00:00:05s.  Time for last 10,000:    0s.  Last read position: 1:180,149,834
INFO	2018-05-26 15:39:07	MergeVcfs	Processed       230,000 records.  Elapsed time: 00:00:05s.  Time for last 10,000:    0s.  Last read position: 1:187,875,107
INFO	2018-05-26 15:39:08	MergeVcfs	Processed       240,000 records.  Elapsed time: 00:00:05s.  Time for last 10,000:    0s.  Last read position: 1:194,188,734
INFO	2018-05-26 15:39:08	MergeVcfs	Processed       250,000 records.  Elapsed time: 00:00:05s.  Time for last 10,000:    0s.  Last read position: 1:200,765,542
INFO	2018-05-26 15:39:08	MergeVcfs	Processed       260,000 records.  Elapsed time: 00:00:05s.  Time for last 10,000:    0s.  Last read position: 1:207,879,383
INFO	2018-05-26 15:39:08	MergeVcfs	Processed       270,000 records.  Elapsed time: 00:00:05s.  Time for last 10,000:    0s.  Last read position: 1:214,828,967
INFO	2018-05-26 15:39:08	MergeVcfs	Processed       280,000 records.  Elapsed time: 00:00:05s.  Time for last 10,000:    0s.  Last read position: 1:221,650,365
INFO	2018-05-26 15:39:08	MergeVcfs	Processed       290,000 records.  Elapsed time: 00:00:06s.  Time for last 10,000:    0s.  Last read position: 1:227,500,475
INFO	2018-05-26 15:39:08	MergeVcfs	Processed       300,000 records.  Elapsed time: 00:00:06s.  Time for last 10,000:    0s.  Last read position: 1:233,790,107
INFO	2018-05-26 15:39:08	MergeVcfs	Processed       310,000 records.  Elapsed time: 00:00:06s.  Time for last 10,000:    0s.  Last read position: 1:239,245,222
INFO	2018-05-26 15:39:08	MergeVcfs	Processed       320,000 records.  Elapsed time: 00:00:06s.  Time for last 10,000:    0s.  Last read position: 1:245,344,831
INFO	2018-05-26 15:39:09	MergeVcfs	Processed       330,000 records.  Elapsed time: 00:00:06s.  Time for last 10,000:    0s.  Last read position: 2:913,597
INFO	2018-05-26 15:39:09	MergeVcfs	Processed       340,000 records.  Elapsed time: 00:00:06s.  Time for last 10,000:    0s.  Last read position: 2:6,529,346
INFO	2018-05-26 15:39:09	MergeVcfs	Processed       350,000 records.  Elapsed time: 00:00:06s.  Time for last 10,000:    0s.  Last read position: 2:12,700,431
INFO	2018-05-26 15:39:09	MergeVcfs	Processed       360,000 records.  Elapsed time: 00:00:06s.  Time for last 10,000:    0s.  Last read position: 2:19,714,349
INFO	2018-05-26 15:39:09	MergeVcfs	Processed       370,000 records.  Elapsed time: 00:00:07s.  Time for last 10,000:    0s.  Last read position: 2:27,856,291
INFO	2018-05-26 15:39:09	MergeVcfs	Processed       380,000 records.  Elapsed time: 00:00:07s.  Time for last 10,000:    0s.  Last read position: 2:34,607,476
INFO	2018-05-26 15:39:09	MergeVcfs	Processed       390,000 records.  Elapsed time: 00:00:07s.  Time for last 10,000:    0s.  Last read position: 2:39,963,441
INFO	2018-05-26 15:39:09	MergeVcfs	Processed       400,000 records.  Elapsed time: 00:00:07s.  Time for last 10,000:    0s.  Last read position: 2:45,885,000
INFO	2018-05-26 15:39:10	MergeVcfs	Processed       410,000 records.  Elapsed time: 00:00:07s.  Time for last 10,000:    0s.  Last read position: 2:52,153,668
INFO	2018-05-26 15:39:10	MergeVcfs	Processed       420,000 records.  Elapsed time: 00:00:07s.  Time for last 10,000:    0s.  Last read position: 2:57,549,910
INFO	2018-05-26 15:39:10	MergeVcfs	Processed       430,000 records.  Elapsed time: 00:00:07s.  Time for last 10,000:    0s.  Last read position: 2:66,103,377
INFO	2018-05-26 15:39:10	MergeVcfs	Processed       440,000 records.  Elapsed time: 00:00:07s.  Time for last 10,000:    0s.  Last read position: 2:72,895,615
INFO	2018-05-26 15:39:10	MergeVcfs	Processed       450,000 records.  Elapsed time: 00:00:07s.  Time for last 10,000:    0s.  Last read position: 2:79,439,199
INFO	2018-05-26 15:39:10	MergeVcfs	Processed       460,000 records.  Elapsed time: 00:00:08s.  Time for last 10,000:    0s.  Last read position: 2:87,056,805
INFO	2018-05-26 15:39:10	MergeVcfs	Processed       470,000 records.  Elapsed time: 00:00:08s.  Time for last 10,000:    0s.  Last read position: 2:102,825,189
INFO	2018-05-26 15:39:10	MergeVcfs	Processed       480,000 records.  Elapsed time: 00:00:08s.  Time for last 10,000:    0s.  Last read position: 2:109,932,840
INFO	2018-05-26 15:39:10	MergeVcfs	Processed       490,000 records.  Elapsed time: 00:00:08s.  Time for last 10,000:    0s.  Last read position: 2:118,517,860
INFO	2018-05-26 15:39:10	MergeVcfs	Processed       500,000 records.  Elapsed time: 00:00:08s.  Time for last 10,000:    0s.  Last read position: 2:125,300,455
INFO	2018-05-26 15:39:11	MergeVcfs	Processed       510,000 records.  Elapsed time: 00:00:08s.  Time for last 10,000:    0s.  Last read position: 2:132,355,448
INFO	2018-05-26 15:39:11	MergeVcfs	Processed       520,000 records.  Elapsed time: 00:00:08s.  Time for last 10,000:    0s.  Last read position: 2:139,661,244
INFO	2018-05-26 15:39:11	MergeVcfs	Processed       530,000 records.  Elapsed time: 00:00:08s.  Time for last 10,000:    0s.  Last read position: 2:146,210,424
INFO	2018-05-26 15:39:11	MergeVcfs	Processed       540,000 records.  Elapsed time: 00:00:08s.  Time for last 10,000:    0s.  Last read position: 2:153,256,281
INFO	2018-05-26 15:39:11	MergeVcfs	Processed       550,000 records.  Elapsed time: 00:00:09s.  Time for last 10,000:    0s.  Last read position: 2:160,528,630
INFO	2018-05-26 15:39:11	MergeVcfs	Processed       560,000 records.  Elapsed time: 00:00:09s.  Time for last 10,000:    0s.  Last read position: 2:168,039,013
INFO	2018-05-26 15:39:11	MergeVcfs	Processed       570,000 records.  Elapsed time: 00:00:09s.  Time for last 10,000:    0s.  Last read position: 2:173,766,102
INFO	2018-05-26 15:39:11	MergeVcfs	Processed       580,000 records.  Elapsed time: 00:00:09s.  Time for last 10,000:    0s.  Last read position: 2:180,801,480
INFO	2018-05-26 15:39:11	MergeVcfs	Processed       590,000 records.  Elapsed time: 00:00:09s.  Time for last 10,000:    0s.  Last read position: 2:187,112,773
INFO	2018-05-26 15:39:12	MergeVcfs	Processed       600,000 records.  Elapsed time: 00:00:09s.  Time for last 10,000:    0s.  Last read position: 2:194,305,806
INFO	2018-05-26 15:39:12	MergeVcfs	Processed       610,000 records.  Elapsed time: 00:00:09s.  Time for last 10,000:    0s.  Last read position: 2:202,416,648
INFO	2018-05-26 15:39:12	MergeVcfs	Processed       620,000 records.  Elapsed time: 00:00:09s.  Time for last 10,000:    0s.  Last read position: 2:210,362,585
INFO	2018-05-26 15:39:12	MergeVcfs	Processed       630,000 records.  Elapsed time: 00:00:09s.  Time for last 10,000:    0s.  Last read position: 2:217,080,213
INFO	2018-05-26 15:39:12	MergeVcfs	Processed       640,000 records.  Elapsed time: 00:00:09s.  Time for last 10,000:    0s.  Last read position: 2:224,470,630
INFO	2018-05-26 15:39:12	MergeVcfs	Processed       650,000 records.  Elapsed time: 00:00:10s.  Time for last 10,000:    0s.  Last read position: 2:230,903,875
INFO	2018-05-26 15:39:12	MergeVcfs	Processed       660,000 records.  Elapsed time: 00:00:10s.  Time for last 10,000:    0s.  Last read position: 2:237,849,394
INFO	2018-05-26 15:39:12	MergeVcfs	Processed       670,000 records.  Elapsed time: 00:00:10s.  Time for last 10,000:    0s.  Last read position: 3:223,640
INFO	2018-05-26 15:39:13	MergeVcfs	Processed       680,000 records.  Elapsed time: 00:00:10s.  Time for last 10,000:    0s.  Last read position: 3:4,434,321
INFO	2018-05-26 15:39:13	MergeVcfs	Processed       690,000 records.  Elapsed time: 00:00:10s.  Time for last 10,000:    0s.  Last read position: 3:10,224,154
INFO	2018-05-26 15:39:13	MergeVcfs	Processed       700,000 records.  Elapsed time: 00:00:10s.  Time for last 10,000:    0s.  Last read position: 3:16,233,240
INFO	2018-05-26 15:39:13	MergeVcfs	Processed       710,000 records.  Elapsed time: 00:00:10s.  Time for last 10,000:    0s.  Last read position: 3:23,205,881
INFO	2018-05-26 15:39:13	MergeVcfs	Processed       720,000 records.  Elapsed time: 00:00:10s.  Time for last 10,000:    0s.  Last read position: 3:29,583,915
INFO	2018-05-26 15:39:13	MergeVcfs	Processed       730,000 records.  Elapsed time: 00:00:11s.  Time for last 10,000:    0s.  Last read position: 3:36,166,081
INFO	2018-05-26 15:39:13	MergeVcfs	Processed       740,000 records.  Elapsed time: 00:00:11s.  Time for last 10,000:    0s.  Last read position: 3:43,418,830
INFO	2018-05-26 15:39:13	MergeVcfs	Processed       750,000 records.  Elapsed time: 00:00:11s.  Time for last 10,000:    0s.  Last read position: 3:53,324,819
INFO	2018-05-26 15:39:13	MergeVcfs	Processed       760,000 records.  Elapsed time: 00:00:11s.  Time for last 10,000:    0s.  Last read position: 3:59,450,579
INFO	2018-05-26 15:39:14	MergeVcfs	Processed       770,000 records.  Elapsed time: 00:00:11s.  Time for last 10,000:    0s.  Last read position: 3:64,951,683
INFO	2018-05-26 15:39:14	MergeVcfs	Processed       780,000 records.  Elapsed time: 00:00:11s.  Time for last 10,000:    0s.  Last read position: 3:70,607,624
INFO	2018-05-26 15:39:14	MergeVcfs	Processed       790,000 records.  Elapsed time: 00:00:11s.  Time for last 10,000:    0s.  Last read position: 3:77,014,936
INFO	2018-05-26 15:39:14	MergeVcfs	Processed       800,000 records.  Elapsed time: 00:00:11s.  Time for last 10,000:    0s.  Last read position: 3:84,516,675
INFO	2018-05-26 15:39:14	MergeVcfs	Processed       810,000 records.  Elapsed time: 00:00:11s.  Time for last 10,000:    0s.  Last read position: 3:94,328,582
INFO	2018-05-26 15:39:14	MergeVcfs	Processed       820,000 records.  Elapsed time: 00:00:12s.  Time for last 10,000:    0s.  Last read position: 3:99,772,415
INFO	2018-05-26 15:39:14	MergeVcfs	Processed       830,000 records.  Elapsed time: 00:00:12s.  Time for last 10,000:    0s.  Last read position: 3:106,025,612
INFO	2018-05-26 15:39:14	MergeVcfs	Processed       840,000 records.  Elapsed time: 00:00:12s.  Time for last 10,000:    0s.  Last read position: 3:111,962,173
INFO	2018-05-26 15:39:14	MergeVcfs	Processed       850,000 records.  Elapsed time: 00:00:12s.  Time for last 10,000:    0s.  Last read position: 3:119,194,848
INFO	2018-05-26 15:39:14	MergeVcfs	Processed       860,000 records.  Elapsed time: 00:00:12s.  Time for last 10,000:    0s.  Last read position: 3:125,720,177
INFO	2018-05-26 15:39:15	MergeVcfs	Processed       870,000 records.  Elapsed time: 00:00:12s.  Time for last 10,000:    0s.  Last read position: 3:132,236,525
INFO	2018-05-26 15:39:15	MergeVcfs	Processed       880,000 records.  Elapsed time: 00:00:12s.  Time for last 10,000:    0s.  Last read position: 3:139,446,221
INFO	2018-05-26 15:39:15	MergeVcfs	Processed       890,000 records.  Elapsed time: 00:00:12s.  Time for last 10,000:    0s.  Last read position: 3:146,568,886
INFO	2018-05-26 15:39:15	MergeVcfs	Processed       900,000 records.  Elapsed time: 00:00:12s.  Time for last 10,000:    0s.  Last read position: 3:153,621,791
INFO	2018-05-26 15:39:15	MergeVcfs	Processed       910,000 records.  Elapsed time: 00:00:12s.  Time for last 10,000:    0s.  Last read position: 3:161,518,594
INFO	2018-05-26 15:39:15	MergeVcfs	Processed       920,000 records.  Elapsed time: 00:00:13s.  Time for last 10,000:    0s.  Last read position: 3:168,763,984
INFO	2018-05-26 15:39:15	MergeVcfs	Processed       930,000 records.  Elapsed time: 00:00:13s.  Time for last 10,000:    0s.  Last read position: 3:176,181,793
INFO	2018-05-26 15:39:15	MergeVcfs	Processed       940,000 records.  Elapsed time: 00:00:13s.  Time for last 10,000:    0s.  Last read position: 3:184,468,483
INFO	2018-05-26 15:39:15	MergeVcfs	Processed       950,000 records.  Elapsed time: 00:00:13s.  Time for last 10,000:    0s.  Last read position: 3:190,520,066
INFO	2018-05-26 15:39:16	MergeVcfs	Processed       960,000 records.  Elapsed time: 00:00:13s.  Time for last 10,000:    0s.  Last read position: 3:195,730,979
INFO	2018-05-26 15:39:16	MergeVcfs	Processed       970,000 records.  Elapsed time: 00:00:13s.  Time for last 10,000:    0s.  Last read position: 4:4,171,077
INFO	2018-05-26 15:39:16	MergeVcfs	Processed       980,000 records.  Elapsed time: 00:00:13s.  Time for last 10,000:    0s.  Last read position: 4:8,778,951
INFO	2018-05-26 15:39:16	MergeVcfs	Processed       990,000 records.  Elapsed time: 00:00:13s.  Time for last 10,000:    0s.  Last read position: 4:14,095,688
INFO	2018-05-26 15:39:16	MergeVcfs	Processed     1,000,000 records.  Elapsed time: 00:00:13s.  Time for last 10,000:    0s.  Last read position: 4:20,135,510
INFO	2018-05-26 15:39:16	MergeVcfs	Processed     1,010,000 records.  Elapsed time: 00:00:14s.  Time for last 10,000:    0s.  Last read position: 4:25,973,452
INFO	2018-05-26 15:39:16	MergeVcfs	Processed     1,020,000 records.  Elapsed time: 00:00:14s.  Time for last 10,000:    0s.  Last read position: 4:31,941,434
INFO	2018-05-26 15:39:16	MergeVcfs	Processed     1,030,000 records.  Elapsed time: 00:00:14s.  Time for last 10,000:    0s.  Last read position: 4:37,407,043
INFO	2018-05-26 15:39:16	MergeVcfs	Processed     1,040,000 records.  Elapsed time: 00:00:14s.  Time for last 10,000:    0s.  Last read position: 4:43,582,241
INFO	2018-05-26 15:39:17	MergeVcfs	Processed     1,050,000 records.  Elapsed time: 00:00:14s.  Time for last 10,000:    0s.  Last read position: 4:53,019,888
INFO	2018-05-26 15:39:17	MergeVcfs	Processed     1,060,000 records.  Elapsed time: 00:00:14s.  Time for last 10,000:    0s.  Last read position: 4:58,571,524
INFO	2018-05-26 15:39:17	MergeVcfs	Processed     1,070,000 records.  Elapsed time: 00:00:14s.  Time for last 10,000:    0s.  Last read position: 4:64,149,335
INFO	2018-05-26 15:39:17	MergeVcfs	Processed     1,080,000 records.  Elapsed time: 00:00:14s.  Time for last 10,000:    0s.  Last read position: 4:69,573,577
INFO	2018-05-26 15:39:17	MergeVcfs	Processed     1,090,000 records.  Elapsed time: 00:00:14s.  Time for last 10,000:    0s.  Last read position: 4:74,593,783
INFO	2018-05-26 15:39:17	MergeVcfs	Processed     1,100,000 records.  Elapsed time: 00:00:15s.  Time for last 10,000:    0s.  Last read position: 4:81,334,289
INFO	2018-05-26 15:39:17	MergeVcfs	Processed     1,110,000 records.  Elapsed time: 00:00:15s.  Time for last 10,000:    0s.  Last read position: 4:88,246,200
INFO	2018-05-26 15:39:17	MergeVcfs	Processed     1,120,000 records.  Elapsed time: 00:00:15s.  Time for last 10,000:    0s.  Last read position: 4:95,276,166
INFO	2018-05-26 15:39:17	MergeVcfs	Processed     1,130,000 records.  Elapsed time: 00:00:15s.  Time for last 10,000:    0s.  Last read position: 4:102,236,140
INFO	2018-05-26 15:39:18	MergeVcfs	Processed     1,140,000 records.  Elapsed time: 00:00:15s.  Time for last 10,000:    0s.  Last read position: 4:109,826,714
INFO	2018-05-26 15:39:18	MergeVcfs	Processed     1,150,000 records.  Elapsed time: 00:00:15s.  Time for last 10,000:    0s.  Last read position: 4:116,225,132
INFO	2018-05-26 15:39:18	MergeVcfs	Processed     1,160,000 records.  Elapsed time: 00:00:15s.  Time for last 10,000:    0s.  Last read position: 4:122,321,258
INFO	2018-05-26 15:39:18	MergeVcfs	Processed     1,170,000 records.  Elapsed time: 00:00:15s.  Time for last 10,000:    0s.  Last read position: 4:129,022,203
INFO	2018-05-26 15:39:18	MergeVcfs	Processed     1,180,000 records.  Elapsed time: 00:00:15s.  Time for last 10,000:    0s.  Last read position: 4:135,111,173
INFO	2018-05-26 15:39:18	MergeVcfs	Processed     1,190,000 records.  Elapsed time: 00:00:16s.  Time for last 10,000:    0s.  Last read position: 4:141,269,366
INFO	2018-05-26 15:39:18	MergeVcfs	Processed     1,200,000 records.  Elapsed time: 00:00:16s.  Time for last 10,000:    0s.  Last read position: 4:148,195,637
INFO	2018-05-26 15:39:18	MergeVcfs	Processed     1,210,000 records.  Elapsed time: 00:00:16s.  Time for last 10,000:    0s.  Last read position: 4:155,970,962
INFO	2018-05-26 15:39:18	MergeVcfs	Processed     1,220,000 records.  Elapsed time: 00:00:16s.  Time for last 10,000:    0s.  Last read position: 4:162,194,539
INFO	2018-05-26 15:39:19	MergeVcfs	Processed     1,230,000 records.  Elapsed time: 00:00:16s.  Time for last 10,000:    0s.  Last read position: 4:167,422,246
INFO	2018-05-26 15:39:19	MergeVcfs	Processed     1,240,000 records.  Elapsed time: 00:00:16s.  Time for last 10,000:    0s.  Last read position: 4:173,348,773
INFO	2018-05-26 15:39:19	MergeVcfs	Processed     1,250,000 records.  Elapsed time: 00:00:16s.  Time for last 10,000:    0s.  Last read position: 4:178,945,931
INFO	2018-05-26 15:39:19	MergeVcfs	Processed     1,260,000 records.  Elapsed time: 00:00:16s.  Time for last 10,000:    0s.  Last read position: 4:183,632,181
INFO	2018-05-26 15:39:19	MergeVcfs	Processed     1,270,000 records.  Elapsed time: 00:00:16s.  Time for last 10,000:    0s.  Last read position: 4:188,493,950
INFO	2018-05-26 15:39:19	MergeVcfs	Processed     1,280,000 records.  Elapsed time: 00:00:17s.  Time for last 10,000:    0s.  Last read position: 5:2,163,700
INFO	2018-05-26 15:39:19	MergeVcfs	Processed     1,290,000 records.  Elapsed time: 00:00:17s.  Time for last 10,000:    0s.  Last read position: 5:7,109,887
INFO	2018-05-26 15:39:19	MergeVcfs	Processed     1,300,000 records.  Elapsed time: 00:00:17s.  Time for last 10,000:    0s.  Last read position: 5:12,507,398
INFO	2018-05-26 15:39:19	MergeVcfs	Processed     1,310,000 records.  Elapsed time: 00:00:17s.  Time for last 10,000:    0s.  Last read position: 5:19,086,884
INFO	2018-05-26 15:39:20	MergeVcfs	Processed     1,320,000 records.  Elapsed time: 00:00:17s.  Time for last 10,000:    0s.  Last read position: 5:25,893,112
INFO	2018-05-26 15:39:20	MergeVcfs	Processed     1,330,000 records.  Elapsed time: 00:00:17s.  Time for last 10,000:    0s.  Last read position: 5:31,678,440
INFO	2018-05-26 15:39:20	MergeVcfs	Processed     1,340,000 records.  Elapsed time: 00:00:17s.  Time for last 10,000:    0s.  Last read position: 5:38,806,480
INFO	2018-05-26 15:39:20	MergeVcfs	Processed     1,350,000 records.  Elapsed time: 00:00:17s.  Time for last 10,000:    0s.  Last read position: 5:49,407,360
INFO	2018-05-26 15:39:20	MergeVcfs	Processed     1,360,000 records.  Elapsed time: 00:00:17s.  Time for last 10,000:    0s.  Last read position: 5:55,950,681
INFO	2018-05-26 15:39:20	MergeVcfs	Processed     1,370,000 records.  Elapsed time: 00:00:18s.  Time for last 10,000:    0s.  Last read position: 5:64,891,384
INFO	2018-05-26 15:39:20	MergeVcfs	Processed     1,380,000 records.  Elapsed time: 00:00:18s.  Time for last 10,000:    0s.  Last read position: 5:73,847,077
INFO	2018-05-26 15:39:20	MergeVcfs	Processed     1,390,000 records.  Elapsed time: 00:00:18s.  Time for last 10,000:    0s.  Last read position: 5:80,435,429
INFO	2018-05-26 15:39:20	MergeVcfs	Processed     1,400,000 records.  Elapsed time: 00:00:18s.  Time for last 10,000:    0s.  Last read position: 5:88,326,061
INFO	2018-05-26 15:39:21	MergeVcfs	Processed     1,410,000 records.  Elapsed time: 00:00:18s.  Time for last 10,000:    0s.  Last read position: 5:97,417,233
INFO	2018-05-26 15:39:21	MergeVcfs	Processed     1,420,000 records.  Elapsed time: 00:00:18s.  Time for last 10,000:    0s.  Last read position: 5:105,487,763
INFO	2018-05-26 15:39:21	MergeVcfs	Processed     1,430,000 records.  Elapsed time: 00:00:18s.  Time for last 10,000:    0s.  Last read position: 5:112,228,667
INFO	2018-05-26 15:39:21	MergeVcfs	Processed     1,440,000 records.  Elapsed time: 00:00:18s.  Time for last 10,000:    0s.  Last read position: 5:119,929,459
INFO	2018-05-26 15:39:21	MergeVcfs	Processed     1,450,000 records.  Elapsed time: 00:00:18s.  Time for last 10,000:    0s.  Last read position: 5:127,407,258
INFO	2018-05-26 15:39:21	MergeVcfs	Processed     1,460,000 records.  Elapsed time: 00:00:19s.  Time for last 10,000:    0s.  Last read position: 5:136,419,384
INFO	2018-05-26 15:39:21	MergeVcfs	Processed     1,470,000 records.  Elapsed time: 00:00:19s.  Time for last 10,000:    0s.  Last read position: 5:145,736,335
INFO	2018-05-26 15:39:21	MergeVcfs	Processed     1,480,000 records.  Elapsed time: 00:00:19s.  Time for last 10,000:    0s.  Last read position: 5:152,711,947
INFO	2018-05-26 15:39:21	MergeVcfs	Processed     1,490,000 records.  Elapsed time: 00:00:19s.  Time for last 10,000:    0s.  Last read position: 5:160,487,125
INFO	2018-05-26 15:39:22	MergeVcfs	Processed     1,500,000 records.  Elapsed time: 00:00:19s.  Time for last 10,000:    0s.  Last read position: 5:167,234,251
INFO	2018-05-26 15:39:22	MergeVcfs	Processed     1,510,000 records.  Elapsed time: 00:00:19s.  Time for last 10,000:    0s.  Last read position: 5:174,039,220
INFO	2018-05-26 15:39:22	MergeVcfs	Processed     1,520,000 records.  Elapsed time: 00:00:19s.  Time for last 10,000:    0s.  Last read position: 5:180,501,864
INFO	2018-05-26 15:39:22	MergeVcfs	Processed     1,530,000 records.  Elapsed time: 00:00:19s.  Time for last 10,000:    0s.  Last read position: 6:5,868,540
INFO	2018-05-26 15:39:22	MergeVcfs	Processed     1,540,000 records.  Elapsed time: 00:00:19s.  Time for last 10,000:    0s.  Last read position: 6:11,562,410
INFO	2018-05-26 15:39:22	MergeVcfs	Processed     1,550,000 records.  Elapsed time: 00:00:20s.  Time for last 10,000:    0s.  Last read position: 6:18,118,898
INFO	2018-05-26 15:39:22	MergeVcfs	Processed     1,560,000 records.  Elapsed time: 00:00:20s.  Time for last 10,000:    0s.  Last read position: 6:24,077,094
INFO	2018-05-26 15:39:22	MergeVcfs	Processed     1,570,000 records.  Elapsed time: 00:00:20s.  Time for last 10,000:    0s.  Last read position: 6:29,784,751
INFO	2018-05-26 15:39:22	MergeVcfs	Processed     1,580,000 records.  Elapsed time: 00:00:20s.  Time for last 10,000:    0s.  Last read position: 6:31,407,331
INFO	2018-05-26 15:39:23	MergeVcfs	Processed     1,590,000 records.  Elapsed time: 00:00:20s.  Time for last 10,000:    0s.  Last read position: 6:32,645,660
INFO	2018-05-26 15:39:23	MergeVcfs	Processed     1,600,000 records.  Elapsed time: 00:00:20s.  Time for last 10,000:    0s.  Last read position: 6:37,126,268
INFO	2018-05-26 15:39:23	MergeVcfs	Processed     1,610,000 records.  Elapsed time: 00:00:20s.  Time for last 10,000:    0s.  Last read position: 6:44,829,111
INFO	2018-05-26 15:39:23	MergeVcfs	Processed     1,620,000 records.  Elapsed time: 00:00:20s.  Time for last 10,000:    0s.  Last read position: 6:52,029,412
INFO	2018-05-26 15:39:23	MergeVcfs	Processed     1,630,000 records.  Elapsed time: 00:00:20s.  Time for last 10,000:    0s.  Last read position: 6:58,266,007
INFO	2018-05-26 15:39:23	MergeVcfs	Processed     1,640,000 records.  Elapsed time: 00:00:21s.  Time for last 10,000:    0s.  Last read position: 6:66,689,923
INFO	2018-05-26 15:39:23	MergeVcfs	Processed     1,650,000 records.  Elapsed time: 00:00:21s.  Time for last 10,000:    0s.  Last read position: 6:72,596,309
INFO	2018-05-26 15:39:23	MergeVcfs	Processed     1,660,000 records.  Elapsed time: 00:00:21s.  Time for last 10,000:    0s.  Last read position: 6:78,931,043
INFO	2018-05-26 15:39:23	MergeVcfs	Processed     1,670,000 records.  Elapsed time: 00:00:21s.  Time for last 10,000:    0s.  Last read position: 6:85,918,890
INFO	2018-05-26 15:39:24	MergeVcfs	Processed     1,680,000 records.  Elapsed time: 00:00:21s.  Time for last 10,000:    0s.  Last read position: 6:92,124,001
INFO	2018-05-26 15:39:24	MergeVcfs	Processed     1,690,000 records.  Elapsed time: 00:00:21s.  Time for last 10,000:    0s.  Last read position: 6:99,060,375
INFO	2018-05-26 15:39:24	MergeVcfs	Processed     1,700,000 records.  Elapsed time: 00:00:21s.  Time for last 10,000:    0s.  Last read position: 6:106,365,466
INFO	2018-05-26 15:39:24	MergeVcfs	Processed     1,710,000 records.  Elapsed time: 00:00:21s.  Time for last 10,000:    0s.  Last read position: 6:113,128,209
INFO	2018-05-26 15:39:24	MergeVcfs	Processed     1,720,000 records.  Elapsed time: 00:00:21s.  Time for last 10,000:    0s.  Last read position: 6:120,965,365
INFO	2018-05-26 15:39:24	MergeVcfs	Processed     1,730,000 records.  Elapsed time: 00:00:22s.  Time for last 10,000:    0s.  Last read position: 6:127,306,760
INFO	2018-05-26 15:39:24	MergeVcfs	Processed     1,740,000 records.  Elapsed time: 00:00:22s.  Time for last 10,000:    0s.  Last read position: 6:135,362,285
INFO	2018-05-26 15:39:24	MergeVcfs	Processed     1,750,000 records.  Elapsed time: 00:00:22s.  Time for last 10,000:    0s.  Last read position: 6:144,379,924
INFO	2018-05-26 15:39:24	MergeVcfs	Processed     1,760,000 records.  Elapsed time: 00:00:22s.  Time for last 10,000:    0s.  Last read position: 6:151,394,021
INFO	2018-05-26 15:39:24	MergeVcfs	Processed     1,770,000 records.  Elapsed time: 00:00:22s.  Time for last 10,000:    0s.  Last read position: 6:157,823,866
INFO	2018-05-26 15:39:25	MergeVcfs	Processed     1,780,000 records.  Elapsed time: 00:00:22s.  Time for last 10,000:    0s.  Last read position: 6:163,758,941
INFO	2018-05-26 15:39:25	MergeVcfs	Processed     1,790,000 records.  Elapsed time: 00:00:22s.  Time for last 10,000:    0s.  Last read position: 6:168,999,024
INFO	2018-05-26 15:39:25	MergeVcfs	Processed     1,800,000 records.  Elapsed time: 00:00:22s.  Time for last 10,000:    0s.  Last read position: 7:2,405,310
INFO	2018-05-26 15:39:25	MergeVcfs	Processed     1,810,000 records.  Elapsed time: 00:00:22s.  Time for last 10,000:    0s.  Last read position: 7:7,871,699
INFO	2018-05-26 15:39:25	MergeVcfs	Processed     1,820,000 records.  Elapsed time: 00:00:22s.  Time for last 10,000:    0s.  Last read position: 7:12,497,592
INFO	2018-05-26 15:39:25	MergeVcfs	Processed     1,830,000 records.  Elapsed time: 00:00:23s.  Time for last 10,000:    0s.  Last read position: 7:17,495,397
INFO	2018-05-26 15:39:25	MergeVcfs	Processed     1,840,000 records.  Elapsed time: 00:00:23s.  Time for last 10,000:    0s.  Last read position: 7:22,747,159
INFO	2018-05-26 15:39:25	MergeVcfs	Processed     1,850,000 records.  Elapsed time: 00:00:23s.  Time for last 10,000:    0s.  Last read position: 7:29,553,231
INFO	2018-05-26 15:39:25	MergeVcfs	Processed     1,860,000 records.  Elapsed time: 00:00:23s.  Time for last 10,000:    0s.  Last read position: 7:36,191,576
INFO	2018-05-26 15:39:26	MergeVcfs	Processed     1,870,000 records.  Elapsed time: 00:00:23s.  Time for last 10,000:    0s.  Last read position: 7:43,062,436
INFO	2018-05-26 15:39:26	MergeVcfs	Processed     1,880,000 records.  Elapsed time: 00:00:23s.  Time for last 10,000:    0s.  Last read position: 7:49,559,855
INFO	2018-05-26 15:39:26	MergeVcfs	Processed     1,890,000 records.  Elapsed time: 00:00:23s.  Time for last 10,000:    0s.  Last read position: 7:54,488,204
INFO	2018-05-26 15:39:26	MergeVcfs	Processed     1,900,000 records.  Elapsed time: 00:00:23s.  Time for last 10,000:    0s.  Last read position: 7:62,991,740
INFO	2018-05-26 15:39:26	MergeVcfs	Processed     1,910,000 records.  Elapsed time: 00:00:23s.  Time for last 10,000:    0s.  Last read position: 7:67,826,288
INFO	2018-05-26 15:39:26	MergeVcfs	Processed     1,920,000 records.  Elapsed time: 00:00:24s.  Time for last 10,000:    0s.  Last read position: 7:75,938,888
INFO	2018-05-26 15:39:26	MergeVcfs	Processed     1,930,000 records.  Elapsed time: 00:00:24s.  Time for last 10,000:    0s.  Last read position: 7:82,241,209
INFO	2018-05-26 15:39:26	MergeVcfs	Processed     1,940,000 records.  Elapsed time: 00:00:24s.  Time for last 10,000:    0s.  Last read position: 7:88,849,490
INFO	2018-05-26 15:39:26	MergeVcfs	Processed     1,950,000 records.  Elapsed time: 00:00:24s.  Time for last 10,000:    0s.  Last read position: 7:96,552,170
INFO	2018-05-26 15:39:27	MergeVcfs	Processed     1,960,000 records.  Elapsed time: 00:00:24s.  Time for last 10,000:    0s.  Last read position: 7:104,028,983
INFO	2018-05-26 15:39:27	MergeVcfs	Processed     1,970,000 records.  Elapsed time: 00:00:24s.  Time for last 10,000:    0s.  Last read position: 7:110,724,474
INFO	2018-05-26 15:39:27	MergeVcfs	Processed     1,980,000 records.  Elapsed time: 00:00:24s.  Time for last 10,000:    0s.  Last read position: 7:120,711,855
INFO	2018-05-26 15:39:27	MergeVcfs	Processed     1,990,000 records.  Elapsed time: 00:00:24s.  Time for last 10,000:    0s.  Last read position: 7:127,432,561
INFO	2018-05-26 15:39:27	MergeVcfs	Processed     2,000,000 records.  Elapsed time: 00:00:25s.  Time for last 10,000:    0s.  Last read position: 7:134,178,291
INFO	2018-05-26 15:39:27	MergeVcfs	Processed     2,010,000 records.  Elapsed time: 00:00:25s.  Time for last 10,000:    0s.  Last read position: 7:141,861,994
INFO	2018-05-26 15:39:27	MergeVcfs	Processed     2,020,000 records.  Elapsed time: 00:00:25s.  Time for last 10,000:    0s.  Last read position: 7:149,046,071
INFO	2018-05-26 15:39:27	MergeVcfs	Processed     2,030,000 records.  Elapsed time: 00:00:25s.  Time for last 10,000:    0s.  Last read position: 7:154,405,227
INFO	2018-05-26 15:39:27	MergeVcfs	Processed     2,040,000 records.  Elapsed time: 00:00:25s.  Time for last 10,000:    0s.  Last read position: 7:158,995,716
INFO	2018-05-26 15:39:28	MergeVcfs	Processed     2,050,000 records.  Elapsed time: 00:00:25s.  Time for last 10,000:    0s.  Last read position: 8:3,487,224
INFO	2018-05-26 15:39:28	MergeVcfs	Processed     2,060,000 records.  Elapsed time: 00:00:25s.  Time for last 10,000:    0s.  Last read position: 8:5,891,426
INFO	2018-05-26 15:39:28	MergeVcfs	Processed     2,070,000 records.  Elapsed time: 00:00:25s.  Time for last 10,000:    0s.  Last read position: 8:10,382,729
INFO	2018-05-26 15:39:28	MergeVcfs	Processed     2,080,000 records.  Elapsed time: 00:00:25s.  Time for last 10,000:    0s.  Last read position: 8:14,769,593
INFO	2018-05-26 15:39:28	MergeVcfs	Processed     2,090,000 records.  Elapsed time: 00:00:26s.  Time for last 10,000:    0s.  Last read position: 8:18,535,574
INFO	2018-05-26 15:39:28	MergeVcfs	Processed     2,100,000 records.  Elapsed time: 00:00:26s.  Time for last 10,000:    0s.  Last read position: 8:24,874,602
INFO	2018-05-26 15:39:28	MergeVcfs	Processed     2,110,000 records.  Elapsed time: 00:00:26s.  Time for last 10,000:    0s.  Last read position: 8:31,027,314
INFO	2018-05-26 15:39:28	MergeVcfs	Processed     2,120,000 records.  Elapsed time: 00:00:26s.  Time for last 10,000:    0s.  Last read position: 8:39,478,221
INFO	2018-05-26 15:39:29	MergeVcfs	Processed     2,130,000 records.  Elapsed time: 00:00:26s.  Time for last 10,000:    0s.  Last read position: 8:50,932,439
INFO	2018-05-26 15:39:29	MergeVcfs	Processed     2,140,000 records.  Elapsed time: 00:00:26s.  Time for last 10,000:    0s.  Last read position: 8:57,534,257
INFO	2018-05-26 15:39:29	MergeVcfs	Processed     2,150,000 records.  Elapsed time: 00:00:26s.  Time for last 10,000:    0s.  Last read position: 8:63,833,585
INFO	2018-05-26 15:39:29	MergeVcfs	Processed     2,160,000 records.  Elapsed time: 00:00:26s.  Time for last 10,000:    0s.  Last read position: 8:73,104,673
INFO	2018-05-26 15:39:29	MergeVcfs	Processed     2,170,000 records.  Elapsed time: 00:00:26s.  Time for last 10,000:    0s.  Last read position: 8:81,473,495
INFO	2018-05-26 15:39:29	MergeVcfs	Processed     2,180,000 records.  Elapsed time: 00:00:27s.  Time for last 10,000:    0s.  Last read position: 8:89,100,490
INFO	2018-05-26 15:39:29	MergeVcfs	Processed     2,190,000 records.  Elapsed time: 00:00:27s.  Time for last 10,000:    0s.  Last read position: 8:96,815,218
INFO	2018-05-26 15:39:29	MergeVcfs	Processed     2,200,000 records.  Elapsed time: 00:00:27s.  Time for last 10,000:    0s.  Last read position: 8:106,230,162
INFO	2018-05-26 15:39:29	MergeVcfs	Processed     2,210,000 records.  Elapsed time: 00:00:27s.  Time for last 10,000:    0s.  Last read position: 8:113,816,904
INFO	2018-05-26 15:39:30	MergeVcfs	Processed     2,220,000 records.  Elapsed time: 00:00:27s.  Time for last 10,000:    0s.  Last read position: 8:121,231,618
INFO	2018-05-26 15:39:30	MergeVcfs	Processed     2,230,000 records.  Elapsed time: 00:00:27s.  Time for last 10,000:    0s.  Last read position: 8:127,998,213
INFO	2018-05-26 15:39:30	MergeVcfs	Processed     2,240,000 records.  Elapsed time: 00:00:27s.  Time for last 10,000:    0s.  Last read position: 8:134,670,875
INFO	2018-05-26 15:39:30	MergeVcfs	Processed     2,250,000 records.  Elapsed time: 00:00:27s.  Time for last 10,000:    0s.  Last read position: 8:140,467,715
INFO	2018-05-26 15:39:30	MergeVcfs	Processed     2,260,000 records.  Elapsed time: 00:00:27s.  Time for last 10,000:    0s.  Last read position: 8:146,132,313
INFO	2018-05-26 15:39:30	MergeVcfs	Processed     2,270,000 records.  Elapsed time: 00:00:28s.  Time for last 10,000:    0s.  Last read position: 9:4,398,218
INFO	2018-05-26 15:39:30	MergeVcfs	Processed     2,280,000 records.  Elapsed time: 00:00:28s.  Time for last 10,000:    0s.  Last read position: 9:9,762,355
INFO	2018-05-26 15:39:30	MergeVcfs	Processed     2,290,000 records.  Elapsed time: 00:00:28s.  Time for last 10,000:    0s.  Last read position: 9:14,469,419
INFO	2018-05-26 15:39:30	MergeVcfs	Processed     2,300,000 records.  Elapsed time: 00:00:28s.  Time for last 10,000:    0s.  Last read position: 9:19,554,109
INFO	2018-05-26 15:39:31	MergeVcfs	Processed     2,310,000 records.  Elapsed time: 00:00:28s.  Time for last 10,000:    0s.  Last read position: 9:25,982,691
INFO	2018-05-26 15:39:31	MergeVcfs	Processed     2,320,000 records.  Elapsed time: 00:00:28s.  Time for last 10,000:    0s.  Last read position: 9:31,466,092
INFO	2018-05-26 15:39:31	MergeVcfs	Processed     2,330,000 records.  Elapsed time: 00:00:28s.  Time for last 10,000:    0s.  Last read position: 9:38,466,031
INFO	2018-05-26 15:39:31	MergeVcfs	Processed     2,340,000 records.  Elapsed time: 00:00:28s.  Time for last 10,000:    0s.  Last read position: 9:73,970,172
INFO	2018-05-26 15:39:31	MergeVcfs	Processed     2,350,000 records.  Elapsed time: 00:00:28s.  Time for last 10,000:    0s.  Last read position: 9:81,308,419
INFO	2018-05-26 15:39:31	MergeVcfs	Processed     2,360,000 records.  Elapsed time: 00:00:29s.  Time for last 10,000:    0s.  Last read position: 9:88,125,180
INFO	2018-05-26 15:39:31	MergeVcfs	Processed     2,370,000 records.  Elapsed time: 00:00:29s.  Time for last 10,000:    0s.  Last read position: 9:95,514,088
INFO	2018-05-26 15:39:31	MergeVcfs	Processed     2,380,000 records.  Elapsed time: 00:00:29s.  Time for last 10,000:    0s.  Last read position: 9:102,293,495
INFO	2018-05-26 15:39:31	MergeVcfs	Processed     2,390,000 records.  Elapsed time: 00:00:29s.  Time for last 10,000:    0s.  Last read position: 9:109,195,928
INFO	2018-05-26 15:39:32	MergeVcfs	Processed     2,400,000 records.  Elapsed time: 00:00:29s.  Time for last 10,000:    0s.  Last read position: 9:115,732,804
INFO	2018-05-26 15:39:32	MergeVcfs	Processed     2,410,000 records.  Elapsed time: 00:00:29s.  Time for last 10,000:    0s.  Last read position: 9:122,875,654
INFO	2018-05-26 15:39:32	MergeVcfs	Processed     2,420,000 records.  Elapsed time: 00:00:29s.  Time for last 10,000:    0s.  Last read position: 9:130,944,049
INFO	2018-05-26 15:39:32	MergeVcfs	Processed     2,430,000 records.  Elapsed time: 00:00:29s.  Time for last 10,000:    0s.  Last read position: 9:136,962,261
INFO	2018-05-26 15:39:32	MergeVcfs	Processed     2,440,000 records.  Elapsed time: 00:00:29s.  Time for last 10,000:    0s.  Last read position: 10:1,912,215
INFO	2018-05-26 15:39:32	MergeVcfs	Processed     2,450,000 records.  Elapsed time: 00:00:30s.  Time for last 10,000:    0s.  Last read position: 10:6,583,622
INFO	2018-05-26 15:39:32	MergeVcfs	Processed     2,460,000 records.  Elapsed time: 00:00:30s.  Time for last 10,000:    0s.  Last read position: 10:11,736,840
INFO	2018-05-26 15:39:32	MergeVcfs	Processed     2,470,000 records.  Elapsed time: 00:00:30s.  Time for last 10,000:    0s.  Last read position: 10:16,551,292
INFO	2018-05-26 15:39:32	MergeVcfs	Processed     2,480,000 records.  Elapsed time: 00:00:30s.  Time for last 10,000:    0s.  Last read position: 10:23,702,542
INFO	2018-05-26 15:39:33	MergeVcfs	Processed     2,490,000 records.  Elapsed time: 00:00:30s.  Time for last 10,000:    0s.  Last read position: 10:29,394,914
INFO	2018-05-26 15:39:33	MergeVcfs	Processed     2,500,000 records.  Elapsed time: 00:00:30s.  Time for last 10,000:    0s.  Last read position: 10:35,464,168
INFO	2018-05-26 15:39:33	MergeVcfs	Processed     2,510,000 records.  Elapsed time: 00:00:30s.  Time for last 10,000:    0s.  Last read position: 10:44,727,337
INFO	2018-05-26 15:39:33	MergeVcfs	Processed     2,520,000 records.  Elapsed time: 00:00:30s.  Time for last 10,000:    0s.  Last read position: 10:53,827,693
INFO	2018-05-26 15:39:33	MergeVcfs	Processed     2,530,000 records.  Elapsed time: 00:00:30s.  Time for last 10,000:    0s.  Last read position: 10:58,860,178
INFO	2018-05-26 15:39:33	MergeVcfs	Processed     2,540,000 records.  Elapsed time: 00:00:31s.  Time for last 10,000:    0s.  Last read position: 10:65,572,281
INFO	2018-05-26 15:39:33	MergeVcfs	Processed     2,550,000 records.  Elapsed time: 00:00:31s.  Time for last 10,000:    0s.  Last read position: 10:70,904,785
INFO	2018-05-26 15:39:33	MergeVcfs	Processed     2,560,000 records.  Elapsed time: 00:00:31s.  Time for last 10,000:    0s.  Last read position: 10:79,622,927
INFO	2018-05-26 15:39:33	MergeVcfs	Processed     2,570,000 records.  Elapsed time: 00:00:31s.  Time for last 10,000:    0s.  Last read position: 10:85,601,530
INFO	2018-05-26 15:39:33	MergeVcfs	Processed     2,580,000 records.  Elapsed time: 00:00:31s.  Time for last 10,000:    0s.  Last read position: 10:92,896,108
INFO	2018-05-26 15:39:34	MergeVcfs	Processed     2,590,000 records.  Elapsed time: 00:00:31s.  Time for last 10,000:    0s.  Last read position: 10:100,450,258
INFO	2018-05-26 15:39:34	MergeVcfs	Processed     2,600,000 records.  Elapsed time: 00:00:31s.  Time for last 10,000:    0s.  Last read position: 10:108,113,301
INFO	2018-05-26 15:39:34	MergeVcfs	Processed     2,610,000 records.  Elapsed time: 00:00:31s.  Time for last 10,000:    0s.  Last read position: 10:114,588,425
INFO	2018-05-26 15:39:34	MergeVcfs	Processed     2,620,000 records.  Elapsed time: 00:00:31s.  Time for last 10,000:    0s.  Last read position: 10:121,196,643
INFO	2018-05-26 15:39:34	MergeVcfs	Processed     2,630,000 records.  Elapsed time: 00:00:31s.  Time for last 10,000:    0s.  Last read position: 10:126,258,711
INFO	2018-05-26 15:39:34	MergeVcfs	Processed     2,640,000 records.  Elapsed time: 00:00:32s.  Time for last 10,000:    0s.  Last read position: 10:131,985,217
INFO	2018-05-26 15:39:34	MergeVcfs	Processed     2,650,000 records.  Elapsed time: 00:00:32s.  Time for last 10,000:    0s.  Last read position: 11:2,001,895
INFO	2018-05-26 15:39:34	MergeVcfs	Processed     2,660,000 records.  Elapsed time: 00:00:32s.  Time for last 10,000:    0s.  Last read position: 11:6,714,443
INFO	2018-05-26 15:39:34	MergeVcfs	Processed     2,670,000 records.  Elapsed time: 00:00:32s.  Time for last 10,000:    0s.  Last read position: 11:12,649,181
INFO	2018-05-26 15:39:35	MergeVcfs	Processed     2,680,000 records.  Elapsed time: 00:00:32s.  Time for last 10,000:    0s.  Last read position: 11:19,977,017
INFO	2018-05-26 15:39:35	MergeVcfs	Processed     2,690,000 records.  Elapsed time: 00:00:32s.  Time for last 10,000:    0s.  Last read position: 11:24,516,170
INFO	2018-05-26 15:39:35	MergeVcfs	Processed     2,700,000 records.  Elapsed time: 00:00:32s.  Time for last 10,000:    0s.  Last read position: 11:28,897,493
INFO	2018-05-26 15:39:35	MergeVcfs	Processed     2,710,000 records.  Elapsed time: 00:00:32s.  Time for last 10,000:    0s.  Last read position: 11:36,475,052
INFO	2018-05-26 15:39:35	MergeVcfs	Processed     2,720,000 records.  Elapsed time: 00:00:32s.  Time for last 10,000:    0s.  Last read position: 11:42,691,021
INFO	2018-05-26 15:39:35	MergeVcfs	Processed     2,730,000 records.  Elapsed time: 00:00:33s.  Time for last 10,000:    0s.  Last read position: 11:48,847,815
INFO	2018-05-26 15:39:35	MergeVcfs	Processed     2,740,000 records.  Elapsed time: 00:00:33s.  Time for last 10,000:    0s.  Last read position: 11:58,610,615
INFO	2018-05-26 15:39:35	MergeVcfs	Processed     2,750,000 records.  Elapsed time: 00:00:33s.  Time for last 10,000:    0s.  Last read position: 11:65,764,130
INFO	2018-05-26 15:39:35	MergeVcfs	Processed     2,760,000 records.  Elapsed time: 00:00:33s.  Time for last 10,000:    0s.  Last read position: 11:73,324,546
INFO	2018-05-26 15:39:36	MergeVcfs	Processed     2,770,000 records.  Elapsed time: 00:00:33s.  Time for last 10,000:    0s.  Last read position: 11:80,937,204
INFO	2018-05-26 15:39:36	MergeVcfs	Processed     2,780,000 records.  Elapsed time: 00:00:33s.  Time for last 10,000:    0s.  Last read position: 11:87,337,279
INFO	2018-05-26 15:39:36	MergeVcfs	Processed     2,790,000 records.  Elapsed time: 00:00:33s.  Time for last 10,000:    0s.  Last read position: 11:93,632,402
INFO	2018-05-26 15:39:36	MergeVcfs	Processed     2,800,000 records.  Elapsed time: 00:00:33s.  Time for last 10,000:    0s.  Last read position: 11:99,501,018
INFO	2018-05-26 15:39:36	MergeVcfs	Processed     2,810,000 records.  Elapsed time: 00:00:33s.  Time for last 10,000:    0s.  Last read position: 11:104,522,938
INFO	2018-05-26 15:39:36	MergeVcfs	Processed     2,820,000 records.  Elapsed time: 00:00:34s.  Time for last 10,000:    0s.  Last read position: 11:111,791,781
INFO	2018-05-26 15:39:36	MergeVcfs	Processed     2,830,000 records.  Elapsed time: 00:00:34s.  Time for last 10,000:    0s.  Last read position: 11:118,836,606
INFO	2018-05-26 15:39:37	MergeVcfs	Processed     2,840,000 records.  Elapsed time: 00:00:34s.  Time for last 10,000:    0s.  Last read position: 11:125,494,215
INFO	2018-05-26 15:39:37	MergeVcfs	Processed     2,850,000 records.  Elapsed time: 00:00:34s.  Time for last 10,000:    0s.  Last read position: 11:131,946,681
INFO	2018-05-26 15:39:37	MergeVcfs	Processed     2,860,000 records.  Elapsed time: 00:00:34s.  Time for last 10,000:    0s.  Last read position: 12:3,039,878
INFO	2018-05-26 15:39:37	MergeVcfs	Processed     2,870,000 records.  Elapsed time: 00:00:35s.  Time for last 10,000:    0s.  Last read position: 12:8,647,954
INFO	2018-05-26 15:39:37	MergeVcfs	Processed     2,880,000 records.  Elapsed time: 00:00:35s.  Time for last 10,000:    0s.  Last read position: 12:14,315,992
INFO	2018-05-26 15:39:37	MergeVcfs	Processed     2,890,000 records.  Elapsed time: 00:00:35s.  Time for last 10,000:    0s.  Last read position: 12:20,643,217
INFO	2018-05-26 15:39:37	MergeVcfs	Processed     2,900,000 records.  Elapsed time: 00:00:35s.  Time for last 10,000:    0s.  Last read position: 12:26,532,779
INFO	2018-05-26 15:39:38	MergeVcfs	Processed     2,910,000 records.  Elapsed time: 00:00:35s.  Time for last 10,000:    0s.  Last read position: 12:31,564,266
INFO	2018-05-26 15:39:38	MergeVcfs	Processed     2,920,000 records.  Elapsed time: 00:00:35s.  Time for last 10,000:    0s.  Last read position: 12:40,148,465
INFO	2018-05-26 15:39:38	MergeVcfs	Processed     2,930,000 records.  Elapsed time: 00:00:35s.  Time for last 10,000:    0s.  Last read position: 12:45,671,538
INFO	2018-05-26 15:39:38	MergeVcfs	Processed     2,940,000 records.  Elapsed time: 00:00:35s.  Time for last 10,000:    0s.  Last read position: 12:52,659,875
INFO	2018-05-26 15:39:38	MergeVcfs	Processed     2,950,000 records.  Elapsed time: 00:00:35s.  Time for last 10,000:    0s.  Last read position: 12:59,690,283
INFO	2018-05-26 15:39:38	MergeVcfs	Processed     2,960,000 records.  Elapsed time: 00:00:36s.  Time for last 10,000:    0s.  Last read position: 12:66,431,503
INFO	2018-05-26 15:39:38	MergeVcfs	Processed     2,970,000 records.  Elapsed time: 00:00:36s.  Time for last 10,000:    0s.  Last read position: 12:73,384,439
INFO	2018-05-26 15:39:38	MergeVcfs	Processed     2,980,000 records.  Elapsed time: 00:00:36s.  Time for last 10,000:    0s.  Last read position: 12:81,363,885
INFO	2018-05-26 15:39:38	MergeVcfs	Processed     2,990,000 records.  Elapsed time: 00:00:36s.  Time for last 10,000:    0s.  Last read position: 12:88,324,226
INFO	2018-05-26 15:39:38	MergeVcfs	Processed     3,000,000 records.  Elapsed time: 00:00:36s.  Time for last 10,000:    0s.  Last read position: 12:95,558,003
INFO	2018-05-26 15:39:39	MergeVcfs	Processed     3,010,000 records.  Elapsed time: 00:00:36s.  Time for last 10,000:    0s.  Last read position: 12:103,015,099
INFO	2018-05-26 15:39:39	MergeVcfs	Processed     3,020,000 records.  Elapsed time: 00:00:36s.  Time for last 10,000:    0s.  Last read position: 12:109,562,815
INFO	2018-05-26 15:39:39	MergeVcfs	Processed     3,030,000 records.  Elapsed time: 00:00:36s.  Time for last 10,000:    0s.  Last read position: 12:118,467,133
INFO	2018-05-26 15:39:39	MergeVcfs	Processed     3,040,000 records.  Elapsed time: 00:00:36s.  Time for last 10,000:    0s.  Last read position: 12:125,116,838
INFO	2018-05-26 15:39:39	MergeVcfs	Processed     3,050,000 records.  Elapsed time: 00:00:36s.  Time for last 10,000:    0s.  Last read position: 12:129,667,552
INFO	2018-05-26 15:39:39	MergeVcfs	Processed     3,060,000 records.  Elapsed time: 00:00:37s.  Time for last 10,000:    0s.  Last read position: 13:19,590,418
INFO	2018-05-26 15:39:39	MergeVcfs	Processed     3,070,000 records.  Elapsed time: 00:00:37s.  Time for last 10,000:    0s.  Last read position: 13:24,165,960
INFO	2018-05-26 15:39:39	MergeVcfs	Processed     3,080,000 records.  Elapsed time: 00:00:37s.  Time for last 10,000:    0s.  Last read position: 13:29,369,519
INFO	2018-05-26 15:39:40	MergeVcfs	Processed     3,090,000 records.  Elapsed time: 00:00:37s.  Time for last 10,000:    0s.  Last read position: 13:34,982,698
INFO	2018-05-26 15:39:40	MergeVcfs	Processed     3,100,000 records.  Elapsed time: 00:00:37s.  Time for last 10,000:    0s.  Last read position: 13:40,739,021
INFO	2018-05-26 15:39:40	MergeVcfs	Processed     3,110,000 records.  Elapsed time: 00:00:37s.  Time for last 10,000:    0s.  Last read position: 13:47,456,051
INFO	2018-05-26 15:39:40	MergeVcfs	Processed     3,120,000 records.  Elapsed time: 00:00:37s.  Time for last 10,000:    0s.  Last read position: 13:54,909,799
INFO	2018-05-26 15:39:40	MergeVcfs	Processed     3,130,000 records.  Elapsed time: 00:00:37s.  Time for last 10,000:    0s.  Last read position: 13:61,532,473
INFO	2018-05-26 15:39:40	MergeVcfs	Processed     3,140,000 records.  Elapsed time: 00:00:37s.  Time for last 10,000:    0s.  Last read position: 13:69,141,156
INFO	2018-05-26 15:39:40	MergeVcfs	Processed     3,150,000 records.  Elapsed time: 00:00:38s.  Time for last 10,000:    0s.  Last read position: 13:74,686,846
INFO	2018-05-26 15:39:40	MergeVcfs	Processed     3,160,000 records.  Elapsed time: 00:00:38s.  Time for last 10,000:    0s.  Last read position: 13:81,293,031
INFO	2018-05-26 15:39:40	MergeVcfs	Processed     3,170,000 records.  Elapsed time: 00:00:38s.  Time for last 10,000:    0s.  Last read position: 13:87,585,097
INFO	2018-05-26 15:39:40	MergeVcfs	Processed     3,180,000 records.  Elapsed time: 00:00:38s.  Time for last 10,000:    0s.  Last read position: 13:93,816,293
INFO	2018-05-26 15:39:41	MergeVcfs	Processed     3,190,000 records.  Elapsed time: 00:00:38s.  Time for last 10,000:    0s.  Last read position: 13:100,254,087
INFO	2018-05-26 15:39:41	MergeVcfs	Processed     3,200,000 records.  Elapsed time: 00:00:38s.  Time for last 10,000:    0s.  Last read position: 13:106,392,364
INFO	2018-05-26 15:39:41	MergeVcfs	Processed     3,210,000 records.  Elapsed time: 00:00:38s.  Time for last 10,000:    0s.  Last read position: 13:111,248,164
INFO	2018-05-26 15:39:41	MergeVcfs	Processed     3,220,000 records.  Elapsed time: 00:00:38s.  Time for last 10,000:    0s.  Last read position: 14:21,580,671
INFO	2018-05-26 15:39:41	MergeVcfs	Processed     3,230,000 records.  Elapsed time: 00:00:38s.  Time for last 10,000:    0s.  Last read position: 14:27,189,952
INFO	2018-05-26 15:39:41	MergeVcfs	Processed     3,240,000 records.  Elapsed time: 00:00:38s.  Time for last 10,000:    0s.  Last read position: 14:34,546,013
INFO	2018-05-26 15:39:41	MergeVcfs	Processed     3,250,000 records.  Elapsed time: 00:00:39s.  Time for last 10,000:    0s.  Last read position: 14:40,845,536
INFO	2018-05-26 15:39:41	MergeVcfs	Processed     3,260,000 records.  Elapsed time: 00:00:39s.  Time for last 10,000:    0s.  Last read position: 14:47,667,975
INFO	2018-05-26 15:39:41	MergeVcfs	Processed     3,270,000 records.  Elapsed time: 00:00:39s.  Time for last 10,000:    0s.  Last read position: 14:53,675,659
INFO	2018-05-26 15:39:41	MergeVcfs	Processed     3,280,000 records.  Elapsed time: 00:00:39s.  Time for last 10,000:    0s.  Last read position: 14:60,216,443
INFO	2018-05-26 15:39:42	MergeVcfs	Processed     3,290,000 records.  Elapsed time: 00:00:39s.  Time for last 10,000:    0s.  Last read position: 14:67,148,135
INFO	2018-05-26 15:39:42	MergeVcfs	Processed     3,300,000 records.  Elapsed time: 00:00:39s.  Time for last 10,000:    0s.  Last read position: 14:74,617,967
INFO	2018-05-26 15:39:42	MergeVcfs	Processed     3,310,000 records.  Elapsed time: 00:00:39s.  Time for last 10,000:    0s.  Last read position: 14:81,107,797
INFO	2018-05-26 15:39:42	MergeVcfs	Processed     3,320,000 records.  Elapsed time: 00:00:39s.  Time for last 10,000:    0s.  Last read position: 14:88,108,630
INFO	2018-05-26 15:39:42	MergeVcfs	Processed     3,330,000 records.  Elapsed time: 00:00:39s.  Time for last 10,000:    0s.  Last read position: 14:94,742,985
INFO	2018-05-26 15:39:42	MergeVcfs	Processed     3,340,000 records.  Elapsed time: 00:00:40s.  Time for last 10,000:    0s.  Last read position: 14:100,258,993
INFO	2018-05-26 15:39:42	MergeVcfs	Processed     3,350,000 records.  Elapsed time: 00:00:40s.  Time for last 10,000:    0s.  Last read position: 14:106,717,702
INFO	2018-05-26 15:39:42	MergeVcfs	Processed     3,360,000 records.  Elapsed time: 00:00:40s.  Time for last 10,000:    0s.  Last read position: 15:25,823,364
INFO	2018-05-26 15:39:42	MergeVcfs	Processed     3,370,000 records.  Elapsed time: 00:00:40s.  Time for last 10,000:    0s.  Last read position: 15:32,971,758
INFO	2018-05-26 15:39:42	MergeVcfs	Processed     3,380,000 records.  Elapsed time: 00:00:40s.  Time for last 10,000:    0s.  Last read position: 15:39,249,662
INFO	2018-05-26 15:39:43	MergeVcfs	Processed     3,390,000 records.  Elapsed time: 00:00:40s.  Time for last 10,000:    0s.  Last read position: 15:47,081,185
INFO	2018-05-26 15:39:43	MergeVcfs	Processed     3,400,000 records.  Elapsed time: 00:00:40s.  Time for last 10,000:    0s.  Last read position: 15:53,403,923
INFO	2018-05-26 15:39:43	MergeVcfs	Processed     3,410,000 records.  Elapsed time: 00:00:40s.  Time for last 10,000:    0s.  Last read position: 15:59,325,790
INFO	2018-05-26 15:39:43	MergeVcfs	Processed     3,420,000 records.  Elapsed time: 00:00:40s.  Time for last 10,000:    0s.  Last read position: 15:66,067,162
INFO	2018-05-26 15:39:43	MergeVcfs	Processed     3,430,000 records.  Elapsed time: 00:00:40s.  Time for last 10,000:    0s.  Last read position: 15:72,218,207
INFO	2018-05-26 15:39:43	MergeVcfs	Processed     3,440,000 records.  Elapsed time: 00:00:41s.  Time for last 10,000:    0s.  Last read position: 15:79,883,730
INFO	2018-05-26 15:39:43	MergeVcfs	Processed     3,450,000 records.  Elapsed time: 00:00:41s.  Time for last 10,000:    0s.  Last read position: 15:87,548,905
INFO	2018-05-26 15:39:43	MergeVcfs	Processed     3,460,000 records.  Elapsed time: 00:00:41s.  Time for last 10,000:    0s.  Last read position: 15:93,563,937
INFO	2018-05-26 15:39:43	MergeVcfs	Processed     3,470,000 records.  Elapsed time: 00:00:41s.  Time for last 10,000:    0s.  Last read position: 15:99,043,189
INFO	2018-05-26 15:39:44	MergeVcfs	Processed     3,480,000 records.  Elapsed time: 00:00:41s.  Time for last 10,000:    0s.  Last read position: 16:1,869,426
INFO	2018-05-26 15:39:44	MergeVcfs	Processed     3,490,000 records.  Elapsed time: 00:00:41s.  Time for last 10,000:    0s.  Last read position: 16:6,929,947
INFO	2018-05-26 15:39:44	MergeVcfs	Processed     3,500,000 records.  Elapsed time: 00:00:41s.  Time for last 10,000:    0s.  Last read position: 16:10,456,135
INFO	2018-05-26 15:39:44	MergeVcfs	Processed     3,510,000 records.  Elapsed time: 00:00:41s.  Time for last 10,000:    0s.  Last read position: 16:16,136,030
INFO	2018-05-26 15:39:44	MergeVcfs	Processed     3,520,000 records.  Elapsed time: 00:00:41s.  Time for last 10,000:    0s.  Last read position: 16:24,901,955
INFO	2018-05-26 15:39:44	MergeVcfs	Processed     3,530,000 records.  Elapsed time: 00:00:41s.  Time for last 10,000:    0s.  Last read position: 16:46,416,255
INFO	2018-05-26 15:39:44	MergeVcfs	Processed     3,540,000 records.  Elapsed time: 00:00:42s.  Time for last 10,000:    0s.  Last read position: 16:55,173,942
INFO	2018-05-26 15:39:44	MergeVcfs	Processed     3,550,000 records.  Elapsed time: 00:00:42s.  Time for last 10,000:    0s.  Last read position: 16:61,523,510
INFO	2018-05-26 15:39:44	MergeVcfs	Processed     3,560,000 records.  Elapsed time: 00:00:42s.  Time for last 10,000:    0s.  Last read position: 16:70,591,857
INFO	2018-05-26 15:39:44	MergeVcfs	Processed     3,570,000 records.  Elapsed time: 00:00:42s.  Time for last 10,000:    0s.  Last read position: 16:77,261,742
INFO	2018-05-26 15:39:45	MergeVcfs	Processed     3,580,000 records.  Elapsed time: 00:00:42s.  Time for last 10,000:    0s.  Last read position: 16:81,252,337
INFO	2018-05-26 15:39:45	MergeVcfs	Processed     3,590,000 records.  Elapsed time: 00:00:42s.  Time for last 10,000:    0s.  Last read position: 16:85,219,688
INFO	2018-05-26 15:39:45	MergeVcfs	Processed     3,600,000 records.  Elapsed time: 00:00:42s.  Time for last 10,000:    0s.  Last read position: 16:89,585,484
INFO	2018-05-26 15:39:45	MergeVcfs	Processed     3,610,000 records.  Elapsed time: 00:00:42s.  Time for last 10,000:    0s.  Last read position: 17:4,626,682
INFO	2018-05-26 15:39:45	MergeVcfs	Processed     3,620,000 records.  Elapsed time: 00:00:42s.  Time for last 10,000:    0s.  Last read position: 17:10,768,454
INFO	2018-05-26 15:39:45	MergeVcfs	Processed     3,630,000 records.  Elapsed time: 00:00:43s.  Time for last 10,000:    0s.  Last read position: 17:16,830,043
INFO	2018-05-26 15:39:45	MergeVcfs	Processed     3,640,000 records.  Elapsed time: 00:00:43s.  Time for last 10,000:    0s.  Last read position: 17:30,450,042
INFO	2018-05-26 15:39:45	MergeVcfs	Processed     3,650,000 records.  Elapsed time: 00:00:43s.  Time for last 10,000:    0s.  Last read position: 17:38,862,602
INFO	2018-05-26 15:39:45	MergeVcfs	Processed     3,660,000 records.  Elapsed time: 00:00:43s.  Time for last 10,000:    0s.  Last read position: 17:46,670,081
INFO	2018-05-26 15:39:45	MergeVcfs	Processed     3,670,000 records.  Elapsed time: 00:00:43s.  Time for last 10,000:    0s.  Last read position: 17:53,659,108
INFO	2018-05-26 15:39:46	MergeVcfs	Processed     3,680,000 records.  Elapsed time: 00:00:43s.  Time for last 10,000:    0s.  Last read position: 17:63,354,898
INFO	2018-05-26 15:39:46	MergeVcfs	Processed     3,690,000 records.  Elapsed time: 00:00:43s.  Time for last 10,000:    0s.  Last read position: 17:69,567,549
INFO	2018-05-26 15:39:46	MergeVcfs	Processed     3,700,000 records.  Elapsed time: 00:00:43s.  Time for last 10,000:    0s.  Last read position: 17:75,315,299
INFO	2018-05-26 15:39:46	MergeVcfs	Processed     3,710,000 records.  Elapsed time: 00:00:43s.  Time for last 10,000:    0s.  Last read position: 17:80,977,613
INFO	2018-05-26 15:39:46	MergeVcfs	Processed     3,720,000 records.  Elapsed time: 00:00:43s.  Time for last 10,000:    0s.  Last read position: 18:4,930,206
INFO	2018-05-26 15:39:46	MergeVcfs	Processed     3,730,000 records.  Elapsed time: 00:00:44s.  Time for last 10,000:    0s.  Last read position: 18:10,684,832
INFO	2018-05-26 15:39:46	MergeVcfs	Processed     3,740,000 records.  Elapsed time: 00:00:44s.  Time for last 10,000:    0s.  Last read position: 18:19,930,585
INFO	2018-05-26 15:39:46	MergeVcfs	Processed     3,750,000 records.  Elapsed time: 00:00:44s.  Time for last 10,000:    0s.  Last read position: 18:27,085,682
INFO	2018-05-26 15:39:46	MergeVcfs	Processed     3,760,000 records.  Elapsed time: 00:00:44s.  Time for last 10,000:    0s.  Last read position: 18:35,091,086
INFO	2018-05-26 15:39:46	MergeVcfs	Processed     3,770,000 records.  Elapsed time: 00:00:44s.  Time for last 10,000:    0s.  Last read position: 18:42,760,952
INFO	2018-05-26 15:39:47	MergeVcfs	Processed     3,780,000 records.  Elapsed time: 00:00:44s.  Time for last 10,000:    0s.  Last read position: 18:48,916,633
INFO	2018-05-26 15:39:47	MergeVcfs	Processed     3,790,000 records.  Elapsed time: 00:00:44s.  Time for last 10,000:    0s.  Last read position: 18:55,531,350
INFO	2018-05-26 15:39:47	MergeVcfs	Processed     3,800,000 records.  Elapsed time: 00:00:44s.  Time for last 10,000:    0s.  Last read position: 18:61,961,208
INFO	2018-05-26 15:39:47	MergeVcfs	Processed     3,810,000 records.  Elapsed time: 00:00:44s.  Time for last 10,000:    0s.  Last read position: 18:67,181,487
INFO	2018-05-26 15:39:47	MergeVcfs	Processed     3,820,000 records.  Elapsed time: 00:00:44s.  Time for last 10,000:    0s.  Last read position: 18:72,021,717
INFO	2018-05-26 15:39:47	MergeVcfs	Processed     3,830,000 records.  Elapsed time: 00:00:45s.  Time for last 10,000:    0s.  Last read position: 18:76,927,184
INFO	2018-05-26 15:39:47	MergeVcfs	Processed     3,840,000 records.  Elapsed time: 00:00:45s.  Time for last 10,000:    0s.  Last read position: 19:4,586,528
INFO	2018-05-26 15:39:47	MergeVcfs	Processed     3,850,000 records.  Elapsed time: 00:00:45s.  Time for last 10,000:    0s.  Last read position: 19:10,149,223
INFO	2018-05-26 15:39:47	MergeVcfs	Processed     3,860,000 records.  Elapsed time: 00:00:45s.  Time for last 10,000:    0s.  Last read position: 19:16,847,987
INFO	2018-05-26 15:39:48	MergeVcfs	Processed     3,870,000 records.  Elapsed time: 00:00:45s.  Time for last 10,000:    0s.  Last read position: 19:22,808,147
INFO	2018-05-26 15:39:48	MergeVcfs	Processed     3,880,000 records.  Elapsed time: 00:00:45s.  Time for last 10,000:    0s.  Last read position: 19:32,228,954
INFO	2018-05-26 15:39:48	MergeVcfs	Processed     3,890,000 records.  Elapsed time: 00:00:45s.  Time for last 10,000:    0s.  Last read position: 19:39,143,289
INFO	2018-05-26 15:39:48	MergeVcfs	Processed     3,900,000 records.  Elapsed time: 00:00:45s.  Time for last 10,000:    0s.  Last read position: 19:46,294,136
INFO	2018-05-26 15:39:48	MergeVcfs	Processed     3,910,000 records.  Elapsed time: 00:00:45s.  Time for last 10,000:    0s.  Last read position: 19:52,724,826
INFO	2018-05-26 15:39:48	MergeVcfs	Processed     3,920,000 records.  Elapsed time: 00:00:45s.  Time for last 10,000:    0s.  Last read position: 19:57,197,425
INFO	2018-05-26 15:39:48	MergeVcfs	Processed     3,930,000 records.  Elapsed time: 00:00:46s.  Time for last 10,000:    0s.  Last read position: 20:4,120,591
INFO	2018-05-26 15:39:48	MergeVcfs	Processed     3,940,000 records.  Elapsed time: 00:00:46s.  Time for last 10,000:    0s.  Last read position: 20:10,587,660
INFO	2018-05-26 15:39:48	MergeVcfs	Processed     3,950,000 records.  Elapsed time: 00:00:46s.  Time for last 10,000:    0s.  Last read position: 20:17,279,771
INFO	2018-05-26 15:39:48	MergeVcfs	Processed     3,960,000 records.  Elapsed time: 00:00:46s.  Time for last 10,000:    0s.  Last read position: 20:23,758,700
INFO	2018-05-26 15:39:49	MergeVcfs	Processed     3,970,000 records.  Elapsed time: 00:00:46s.  Time for last 10,000:    0s.  Last read position: 20:36,843,992
INFO	2018-05-26 15:39:49	MergeVcfs	Processed     3,980,000 records.  Elapsed time: 00:00:46s.  Time for last 10,000:    0s.  Last read position: 20:44,633,820
INFO	2018-05-26 15:39:49	MergeVcfs	Processed     3,990,000 records.  Elapsed time: 00:00:46s.  Time for last 10,000:    0s.  Last read position: 20:51,413,503
INFO	2018-05-26 15:39:49	MergeVcfs	Processed     4,000,000 records.  Elapsed time: 00:00:46s.  Time for last 10,000:    0s.  Last read position: 20:57,573,611
INFO	2018-05-26 15:39:49	MergeVcfs	Processed     4,010,000 records.  Elapsed time: 00:00:46s.  Time for last 10,000:    0s.  Last read position: 21:10,836,993
INFO	2018-05-26 15:39:49	MergeVcfs	Processed     4,020,000 records.  Elapsed time: 00:00:46s.  Time for last 10,000:    0s.  Last read position: 21:19,854,772
INFO	2018-05-26 15:39:49	MergeVcfs	Processed     4,030,000 records.  Elapsed time: 00:00:47s.  Time for last 10,000:    0s.  Last read position: 21:24,795,540
INFO	2018-05-26 15:39:49	MergeVcfs	Processed     4,040,000 records.  Elapsed time: 00:00:47s.  Time for last 10,000:    0s.  Last read position: 21:30,104,400
INFO	2018-05-26 15:39:49	MergeVcfs	Processed     4,050,000 records.  Elapsed time: 00:00:47s.  Time for last 10,000:    0s.  Last read position: 21:36,979,855
INFO	2018-05-26 15:39:49	MergeVcfs	Processed     4,060,000 records.  Elapsed time: 00:00:47s.  Time for last 10,000:    0s.  Last read position: 21:42,306,218
INFO	2018-05-26 15:39:50	MergeVcfs	Processed     4,070,000 records.  Elapsed time: 00:00:47s.  Time for last 10,000:    0s.  Last read position: 22:16,631,855
INFO	2018-05-26 15:39:50	MergeVcfs	Processed     4,080,000 records.  Elapsed time: 00:00:47s.  Time for last 10,000:    0s.  Last read position: 22:23,128,973
INFO	2018-05-26 15:39:50	MergeVcfs	Processed     4,090,000 records.  Elapsed time: 00:00:47s.  Time for last 10,000:    0s.  Last read position: 22:29,644,248
INFO	2018-05-26 15:39:50	MergeVcfs	Processed     4,100,000 records.  Elapsed time: 00:00:47s.  Time for last 10,000:    0s.  Last read position: 22:36,473,863
INFO	2018-05-26 15:39:50	MergeVcfs	Processed     4,110,000 records.  Elapsed time: 00:00:47s.  Time for last 10,000:    0s.  Last read position: 22:43,711,025
INFO	2018-05-26 15:39:50	MergeVcfs	Processed     4,120,000 records.  Elapsed time: 00:00:47s.  Time for last 10,000:    0s.  Last read position: 22:48,913,386
INFO	2018-05-26 15:39:50	MergeVcfs	Processed     4,130,000 records.  Elapsed time: 00:00:48s.  Time for last 10,000:    0s.  Last read position: X:1,631,136
INFO	2018-05-26 15:39:50	MergeVcfs	Processed     4,140,000 records.  Elapsed time: 00:00:48s.  Time for last 10,000:    0s.  Last read position: X:7,466,115
INFO	2018-05-26 15:39:50	MergeVcfs	Processed     4,150,000 records.  Elapsed time: 00:00:48s.  Time for last 10,000:    0s.  Last read position: X:20,408,708
INFO	2018-05-26 15:39:50	MergeVcfs	Processed     4,160,000 records.  Elapsed time: 00:00:48s.  Time for last 10,000:    0s.  Last read position: X:31,395,197
INFO	2018-05-26 15:39:51	MergeVcfs	Processed     4,170,000 records.  Elapsed time: 00:00:48s.  Time for last 10,000:    0s.  Last read position: X:42,818,672
INFO	2018-05-26 15:39:51	MergeVcfs	Processed     4,180,000 records.  Elapsed time: 00:00:48s.  Time for last 10,000:    0s.  Last read position: X:56,477,735
INFO	2018-05-26 15:39:51	MergeVcfs	Processed     4,190,000 records.  Elapsed time: 00:00:48s.  Time for last 10,000:    0s.  Last read position: X:74,823,155
INFO	2018-05-26 15:39:51	MergeVcfs	Processed     4,200,000 records.  Elapsed time: 00:00:48s.  Time for last 10,000:    0s.  Last read position: X:84,385,903
INFO	2018-05-26 15:39:51	MergeVcfs	Processed     4,210,000 records.  Elapsed time: 00:00:48s.  Time for last 10,000:    0s.  Last read position: X:91,531,337
INFO	2018-05-26 15:39:51	MergeVcfs	Processed     4,220,000 records.  Elapsed time: 00:00:49s.  Time for last 10,000:    0s.  Last read position: X:101,351,493
INFO	2018-05-26 15:39:51	MergeVcfs	Processed     4,230,000 records.  Elapsed time: 00:00:49s.  Time for last 10,000:    0s.  Last read position: X:116,449,330
INFO	2018-05-26 15:39:51	MergeVcfs	Processed     4,240,000 records.  Elapsed time: 00:00:49s.  Time for last 10,000:    0s.  Last read position: X:126,218,707
INFO	2018-05-26 15:39:51	MergeVcfs	Processed     4,250,000 records.  Elapsed time: 00:00:49s.  Time for last 10,000:    0s.  Last read position: X:140,547,416
INFO	2018-05-26 15:39:51	MergeVcfs	Processed     4,260,000 records.  Elapsed time: 00:00:49s.  Time for last 10,000:    0s.  Last read position: X:149,501,241
[Sat May 26 15:39:52 UTC 2018] picard.vcf.MergeVcfs done. Elapsed time: 0.83 minutes.
Runtime.totalMemory()=275251200

Completed merging DDR positive individual genotype VCF files from 1000 Genome Project
Sat 26 May 15:39:52 UTC 2018

Completed s01_select_HG02121_ddr_positive_kgen.sh
Sat 26 May 15:39:52 UTC 2018

