Starting s01_sort_merge_HG01198_ddr_positive_kgen.sh
Mon 28 May 18:56:30 UTC 2018


Sorting individual genotype VCF file (chromosome 14) from 1000 Genome Project
Mon 28 May 18:56:30 UTC 2018
18:56:31.396 INFO  NativeLibraryLoader - Loading libgkl_compression.so from jar:file:/home/ec2-user/tools/picard/picard.jar!/com/intel/gkl/native/libgkl_compression.so
[Mon May 28 18:56:31 UTC 2018] SortVcf INPUT=[/home/ec2-user/results/data_analysis/gt_individuals/kgen/ddr_positive/HG01198/s01_HG01198_ddr_positive_kgen_chr14_raw.vcf] OUTPUT=/home/ec2-user/results/data_analysis/gt_individuals/kgen/ddr_positive/HG01198/s01_HG01198_ddr_positive_kgen_chr14_raw_sorted.vcf    VERBOSITY=INFO QUIET=false VALIDATION_STRINGENCY=STRICT COMPRESSION_LEVEL=5 MAX_RECORDS_IN_RAM=500000 CREATE_INDEX=true CREATE_MD5_FILE=false GA4GH_CLIENT_SECRETS=client_secrets.json USE_JDK_DEFLATER=false USE_JDK_INFLATER=false
[Mon May 28 18:56:31 UTC 2018] Executing as ec2-user@ip-172-31-36-234 on Linux 4.14.33-51.37.amzn1.x86_64 amd64; OpenJDK 64-Bit Server VM 1.8.0_171-b10; Deflater: Intel; Inflater: Intel; Provider GCS is not available; Picard version: 2.18.2-SNAPSHOT
INFO	2018-05-28 18:56:31	SortVcf	Reading entries from input file 1
INFO	2018-05-28 18:56:32	SortVcf	read        25,000 records.  Elapsed time: 00:00:00s.  Time for last 25,000:    0s.  Last read position: 14:35,858,503
INFO	2018-05-28 18:56:33	SortVcf	read        50,000 records.  Elapsed time: 00:00:01s.  Time for last 25,000:    0s.  Last read position: 14:52,717,782
INFO	2018-05-28 18:56:33	SortVcf	read        75,000 records.  Elapsed time: 00:00:01s.  Time for last 25,000:    0s.  Last read position: 14:69,507,860
INFO	2018-05-28 18:56:33	SortVcf	read       100,000 records.  Elapsed time: 00:00:02s.  Time for last 25,000:    0s.  Last read position: 14:85,729,874
INFO	2018-05-28 18:56:35	SortVcf	read       125,000 records.  Elapsed time: 00:00:03s.  Time for last 25,000:    1s.  Last read position: 14:100,060,813
INFO	2018-05-28 18:56:36	SortVcf	wrote        25,000 records.  Elapsed time: 00:00:00s.  Time for last 25,000:    0s.  Last read position: 14:35,858,503
INFO	2018-05-28 18:56:36	SortVcf	wrote        50,000 records.  Elapsed time: 00:00:00s.  Time for last 25,000:    0s.  Last read position: 14:52,717,782
INFO	2018-05-28 18:56:36	SortVcf	wrote        75,000 records.  Elapsed time: 00:00:01s.  Time for last 25,000:    0s.  Last read position: 14:69,507,860
INFO	2018-05-28 18:56:37	SortVcf	wrote       100,000 records.  Elapsed time: 00:00:01s.  Time for last 25,000:    0s.  Last read position: 14:85,729,874
INFO	2018-05-28 18:56:37	SortVcf	wrote       125,000 records.  Elapsed time: 00:00:02s.  Time for last 25,000:    0s.  Last read position: 14:100,060,813
[Mon May 28 18:56:37 UTC 2018] picard.vcf.SortVcf done. Elapsed time: 0.10 minutes.
Runtime.totalMemory()=788004864

Merging DDR control individual genotype VCF files (including sorted chromosome 14) from 1000 Genome Project
Mon 28 May 18:56:37 UTC 2018
18:56:38.306 INFO  NativeLibraryLoader - Loading libgkl_compression.so from jar:file:/home/ec2-user/tools/picard/picard.jar!/com/intel/gkl/native/libgkl_compression.so
[Mon May 28 18:56:38 UTC 2018] MergeVcfs INPUT=[/home/ec2-user/results/data_analysis/gt_individuals/kgen/ddr_positive/HG01198/s01_HG01198_ddr_positive_kgen_chr1_raw.vcf, /home/ec2-user/results/data_analysis/gt_individuals/kgen/ddr_positive/HG01198/s01_HG01198_ddr_positive_kgen_chr2_raw.vcf, /home/ec2-user/results/data_analysis/gt_individuals/kgen/ddr_positive/HG01198/s01_HG01198_ddr_positive_kgen_chr3_raw.vcf, /home/ec2-user/results/data_analysis/gt_individuals/kgen/ddr_positive/HG01198/s01_HG01198_ddr_positive_kgen_chr4_raw.vcf, /home/ec2-user/results/data_analysis/gt_individuals/kgen/ddr_positive/HG01198/s01_HG01198_ddr_positive_kgen_chr5_raw.vcf, /home/ec2-user/results/data_analysis/gt_individuals/kgen/ddr_positive/HG01198/s01_HG01198_ddr_positive_kgen_chr6_raw.vcf, /home/ec2-user/results/data_analysis/gt_individuals/kgen/ddr_positive/HG01198/s01_HG01198_ddr_positive_kgen_chr7_raw.vcf, /home/ec2-user/results/data_analysis/gt_individuals/kgen/ddr_positive/HG01198/s01_HG01198_ddr_positive_kgen_chr8_raw.vcf, /home/ec2-user/results/data_analysis/gt_individuals/kgen/ddr_positive/HG01198/s01_HG01198_ddr_positive_kgen_chr9_raw.vcf, /home/ec2-user/results/data_analysis/gt_individuals/kgen/ddr_positive/HG01198/s01_HG01198_ddr_positive_kgen_chr10_raw.vcf, /home/ec2-user/results/data_analysis/gt_individuals/kgen/ddr_positive/HG01198/s01_HG01198_ddr_positive_kgen_chr11_raw.vcf, /home/ec2-user/results/data_analysis/gt_individuals/kgen/ddr_positive/HG01198/s01_HG01198_ddr_positive_kgen_chr12_raw.vcf, /home/ec2-user/results/data_analysis/gt_individuals/kgen/ddr_positive/HG01198/s01_HG01198_ddr_positive_kgen_chr13_raw.vcf, /home/ec2-user/results/data_analysis/gt_individuals/kgen/ddr_positive/HG01198/s01_HG01198_ddr_positive_kgen_chr14_raw_sorted.vcf, /home/ec2-user/results/data_analysis/gt_individuals/kgen/ddr_positive/HG01198/s01_HG01198_ddr_positive_kgen_chr15_raw.vcf, /home/ec2-user/results/data_analysis/gt_individuals/kgen/ddr_positive/HG01198/s01_HG01198_ddr_positive_kgen_chr16_raw.vcf, /home/ec2-user/results/data_analysis/gt_individuals/kgen/ddr_positive/HG01198/s01_HG01198_ddr_positive_kgen_chr17_raw.vcf, /home/ec2-user/results/data_analysis/gt_individuals/kgen/ddr_positive/HG01198/s01_HG01198_ddr_positive_kgen_chr18_raw.vcf, /home/ec2-user/results/data_analysis/gt_individuals/kgen/ddr_positive/HG01198/s01_HG01198_ddr_positive_kgen_chr19_raw.vcf, /home/ec2-user/results/data_analysis/gt_individuals/kgen/ddr_positive/HG01198/s01_HG01198_ddr_positive_kgen_chr20_raw.vcf, /home/ec2-user/results/data_analysis/gt_individuals/kgen/ddr_positive/HG01198/s01_HG01198_ddr_positive_kgen_chr21_raw.vcf, /home/ec2-user/results/data_analysis/gt_individuals/kgen/ddr_positive/HG01198/s01_HG01198_ddr_positive_kgen_chr22_raw.vcf, /home/ec2-user/results/data_analysis/gt_individuals/kgen/ddr_positive/HG01198/s01_HG01198_ddr_positive_kgen_chrX_raw.vcf] OUTPUT=/home/ec2-user/results/data_analysis/gt_individuals/kgen/ddr_positive/HG01198/s01_HG01198_ddr_positive_kgen_merged_raw.vcf.gz    VERBOSITY=INFO QUIET=false VALIDATION_STRINGENCY=STRICT COMPRESSION_LEVEL=5 MAX_RECORDS_IN_RAM=500000 CREATE_INDEX=true CREATE_MD5_FILE=false GA4GH_CLIENT_SECRETS=client_secrets.json USE_JDK_DEFLATER=false USE_JDK_INFLATER=false
[Mon May 28 18:56:38 UTC 2018] Executing as ec2-user@ip-172-31-36-234 on Linux 4.14.33-51.37.amzn1.x86_64 amd64; OpenJDK 64-Bit Server VM 1.8.0_171-b10; Deflater: Intel; Inflater: Intel; Provider GCS is not available; Picard version: 2.18.2-SNAPSHOT
INFO	2018-05-28 18:56:39	MergeVcfs	Processed        10,000 records.  Elapsed time: 00:00:01s.  Time for last 10,000:    0s.  Last read position: 1:5,851,566
INFO	2018-05-28 18:56:40	MergeVcfs	Processed        20,000 records.  Elapsed time: 00:00:01s.  Time for last 10,000:    0s.  Last read position: 1:12,630,786
INFO	2018-05-28 18:56:40	MergeVcfs	Processed        30,000 records.  Elapsed time: 00:00:02s.  Time for last 10,000:    0s.  Last read position: 1:18,074,342
INFO	2018-05-28 18:56:40	MergeVcfs	Processed        40,000 records.  Elapsed time: 00:00:02s.  Time for last 10,000:    0s.  Last read position: 1:23,963,373
INFO	2018-05-28 18:56:40	MergeVcfs	Processed        50,000 records.  Elapsed time: 00:00:02s.  Time for last 10,000:    0s.  Last read position: 1:31,658,678
INFO	2018-05-28 18:56:41	MergeVcfs	Processed        60,000 records.  Elapsed time: 00:00:02s.  Time for last 10,000:    0s.  Last read position: 1:40,193,772
INFO	2018-05-28 18:56:41	MergeVcfs	Processed        70,000 records.  Elapsed time: 00:00:03s.  Time for last 10,000:    0s.  Last read position: 1:48,411,232
INFO	2018-05-28 18:56:41	MergeVcfs	Processed        80,000 records.  Elapsed time: 00:00:03s.  Time for last 10,000:    0s.  Last read position: 1:57,145,742
INFO	2018-05-28 18:56:42	MergeVcfs	Processed        90,000 records.  Elapsed time: 00:00:03s.  Time for last 10,000:    0s.  Last read position: 1:64,163,569
INFO	2018-05-28 18:56:42	MergeVcfs	Processed       100,000 records.  Elapsed time: 00:00:03s.  Time for last 10,000:    0s.  Last read position: 1:70,970,372
INFO	2018-05-28 18:56:42	MergeVcfs	Processed       110,000 records.  Elapsed time: 00:00:04s.  Time for last 10,000:    0s.  Last read position: 1:76,528,782
INFO	2018-05-28 18:56:42	MergeVcfs	Processed       120,000 records.  Elapsed time: 00:00:04s.  Time for last 10,000:    0s.  Last read position: 1:81,780,304
INFO	2018-05-28 18:56:43	MergeVcfs	Processed       130,000 records.  Elapsed time: 00:00:04s.  Time for last 10,000:    0s.  Last read position: 1:87,612,396
INFO	2018-05-28 18:56:43	MergeVcfs	Processed       140,000 records.  Elapsed time: 00:00:04s.  Time for last 10,000:    0s.  Last read position: 1:94,091,704
INFO	2018-05-28 18:56:43	MergeVcfs	Processed       150,000 records.  Elapsed time: 00:00:05s.  Time for last 10,000:    0s.  Last read position: 1:100,736,488
INFO	2018-05-28 18:56:43	MergeVcfs	Processed       160,000 records.  Elapsed time: 00:00:05s.  Time for last 10,000:    0s.  Last read position: 1:105,760,052
INFO	2018-05-28 18:56:44	MergeVcfs	Processed       170,000 records.  Elapsed time: 00:00:05s.  Time for last 10,000:    0s.  Last read position: 1:111,154,078
INFO	2018-05-28 18:56:44	MergeVcfs	Processed       180,000 records.  Elapsed time: 00:00:05s.  Time for last 10,000:    0s.  Last read position: 1:116,945,249
INFO	2018-05-28 18:56:44	MergeVcfs	Processed       190,000 records.  Elapsed time: 00:00:06s.  Time for last 10,000:    0s.  Last read position: 1:147,353,990
INFO	2018-05-28 18:56:44	MergeVcfs	Processed       200,000 records.  Elapsed time: 00:00:06s.  Time for last 10,000:    0s.  Last read position: 1:156,764,038
INFO	2018-05-28 18:56:45	MergeVcfs	Processed       210,000 records.  Elapsed time: 00:00:06s.  Time for last 10,000:    0s.  Last read position: 1:162,651,677
INFO	2018-05-28 18:56:45	MergeVcfs	Processed       220,000 records.  Elapsed time: 00:00:07s.  Time for last 10,000:    0s.  Last read position: 1:168,818,869
INFO	2018-05-28 18:56:45	MergeVcfs	Processed       230,000 records.  Elapsed time: 00:00:07s.  Time for last 10,000:    0s.  Last read position: 1:176,548,440
INFO	2018-05-28 18:56:45	MergeVcfs	Processed       240,000 records.  Elapsed time: 00:00:07s.  Time for last 10,000:    0s.  Last read position: 1:183,309,818
INFO	2018-05-28 18:56:46	MergeVcfs	Processed       250,000 records.  Elapsed time: 00:00:07s.  Time for last 10,000:    0s.  Last read position: 1:191,709,148
INFO	2018-05-28 18:56:46	MergeVcfs	Processed       260,000 records.  Elapsed time: 00:00:08s.  Time for last 10,000:    0s.  Last read position: 1:197,991,732
INFO	2018-05-28 18:56:46	MergeVcfs	Processed       270,000 records.  Elapsed time: 00:00:08s.  Time for last 10,000:    0s.  Last read position: 1:204,218,714
INFO	2018-05-28 18:56:46	MergeVcfs	Processed       280,000 records.  Elapsed time: 00:00:08s.  Time for last 10,000:    0s.  Last read position: 1:211,712,047
INFO	2018-05-28 18:56:47	MergeVcfs	Processed       290,000 records.  Elapsed time: 00:00:08s.  Time for last 10,000:    0s.  Last read position: 1:218,350,519
INFO	2018-05-28 18:56:47	MergeVcfs	Processed       300,000 records.  Elapsed time: 00:00:08s.  Time for last 10,000:    0s.  Last read position: 1:224,814,765
INFO	2018-05-28 18:56:47	MergeVcfs	Processed       310,000 records.  Elapsed time: 00:00:09s.  Time for last 10,000:    0s.  Last read position: 1:232,259,468
INFO	2018-05-28 18:56:47	MergeVcfs	Processed       320,000 records.  Elapsed time: 00:00:09s.  Time for last 10,000:    0s.  Last read position: 1:237,795,225
INFO	2018-05-28 18:56:47	MergeVcfs	Processed       330,000 records.  Elapsed time: 00:00:09s.  Time for last 10,000:    0s.  Last read position: 1:243,389,496
INFO	2018-05-28 18:56:48	MergeVcfs	Processed       340,000 records.  Elapsed time: 00:00:09s.  Time for last 10,000:    0s.  Last read position: 1:248,527,319
INFO	2018-05-28 18:56:48	MergeVcfs	Processed       350,000 records.  Elapsed time: 00:00:09s.  Time for last 10,000:    0s.  Last read position: 2:3,403,708
INFO	2018-05-28 18:56:48	MergeVcfs	Processed       360,000 records.  Elapsed time: 00:00:10s.  Time for last 10,000:    0s.  Last read position: 2:9,329,481
INFO	2018-05-28 18:56:48	MergeVcfs	Processed       370,000 records.  Elapsed time: 00:00:10s.  Time for last 10,000:    0s.  Last read position: 2:15,066,338
INFO	2018-05-28 18:56:48	MergeVcfs	Processed       380,000 records.  Elapsed time: 00:00:10s.  Time for last 10,000:    0s.  Last read position: 2:22,250,196
INFO	2018-05-28 18:56:48	MergeVcfs	Processed       390,000 records.  Elapsed time: 00:00:10s.  Time for last 10,000:    0s.  Last read position: 2:29,618,550
INFO	2018-05-28 18:56:48	MergeVcfs	Processed       400,000 records.  Elapsed time: 00:00:10s.  Time for last 10,000:    0s.  Last read position: 2:35,098,401
INFO	2018-05-28 18:56:49	MergeVcfs	Processed       410,000 records.  Elapsed time: 00:00:10s.  Time for last 10,000:    0s.  Last read position: 2:40,229,401
INFO	2018-05-28 18:56:49	MergeVcfs	Processed       420,000 records.  Elapsed time: 00:00:10s.  Time for last 10,000:    0s.  Last read position: 2:45,536,858
INFO	2018-05-28 18:56:49	MergeVcfs	Processed       430,000 records.  Elapsed time: 00:00:10s.  Time for last 10,000:    0s.  Last read position: 2:50,613,238
INFO	2018-05-28 18:56:49	MergeVcfs	Processed       440,000 records.  Elapsed time: 00:00:11s.  Time for last 10,000:    0s.  Last read position: 2:55,313,965
INFO	2018-05-28 18:56:49	MergeVcfs	Processed       450,000 records.  Elapsed time: 00:00:11s.  Time for last 10,000:    0s.  Last read position: 2:61,926,578
INFO	2018-05-28 18:56:49	MergeVcfs	Processed       460,000 records.  Elapsed time: 00:00:11s.  Time for last 10,000:    0s.  Last read position: 2:69,319,791
INFO	2018-05-28 18:56:49	MergeVcfs	Processed       470,000 records.  Elapsed time: 00:00:11s.  Time for last 10,000:    0s.  Last read position: 2:75,838,883
INFO	2018-05-28 18:56:49	MergeVcfs	Processed       480,000 records.  Elapsed time: 00:00:11s.  Time for last 10,000:    0s.  Last read position: 2:80,857,413
INFO	2018-05-28 18:56:49	MergeVcfs	Processed       490,000 records.  Elapsed time: 00:00:11s.  Time for last 10,000:    0s.  Last read position: 2:87,594,920
INFO	2018-05-28 18:56:50	MergeVcfs	Processed       500,000 records.  Elapsed time: 00:00:11s.  Time for last 10,000:    0s.  Last read position: 2:102,138,822
INFO	2018-05-28 18:56:50	MergeVcfs	Processed       510,000 records.  Elapsed time: 00:00:11s.  Time for last 10,000:    0s.  Last read position: 2:110,465,097
INFO	2018-05-28 18:56:50	MergeVcfs	Processed       520,000 records.  Elapsed time: 00:00:11s.  Time for last 10,000:    0s.  Last read position: 2:118,829,030
INFO	2018-05-28 18:56:50	MergeVcfs	Processed       530,000 records.  Elapsed time: 00:00:12s.  Time for last 10,000:    0s.  Last read position: 2:125,465,518
INFO	2018-05-28 18:56:50	MergeVcfs	Processed       540,000 records.  Elapsed time: 00:00:12s.  Time for last 10,000:    0s.  Last read position: 2:133,086,872
INFO	2018-05-28 18:56:50	MergeVcfs	Processed       550,000 records.  Elapsed time: 00:00:12s.  Time for last 10,000:    0s.  Last read position: 2:139,424,201
INFO	2018-05-28 18:56:50	MergeVcfs	Processed       560,000 records.  Elapsed time: 00:00:12s.  Time for last 10,000:    0s.  Last read position: 2:145,297,087
INFO	2018-05-28 18:56:50	MergeVcfs	Processed       570,000 records.  Elapsed time: 00:00:12s.  Time for last 10,000:    0s.  Last read position: 2:153,164,514
INFO	2018-05-28 18:56:50	MergeVcfs	Processed       580,000 records.  Elapsed time: 00:00:12s.  Time for last 10,000:    0s.  Last read position: 2:160,069,430
INFO	2018-05-28 18:56:51	MergeVcfs	Processed       590,000 records.  Elapsed time: 00:00:12s.  Time for last 10,000:    0s.  Last read position: 2:166,987,863
INFO	2018-05-28 18:56:51	MergeVcfs	Processed       600,000 records.  Elapsed time: 00:00:12s.  Time for last 10,000:    0s.  Last read position: 2:172,131,001
INFO	2018-05-28 18:56:51	MergeVcfs	Processed       610,000 records.  Elapsed time: 00:00:12s.  Time for last 10,000:    0s.  Last read position: 2:178,564,372
INFO	2018-05-28 18:56:51	MergeVcfs	Processed       620,000 records.  Elapsed time: 00:00:13s.  Time for last 10,000:    0s.  Last read position: 2:185,268,339
INFO	2018-05-28 18:56:51	MergeVcfs	Processed       630,000 records.  Elapsed time: 00:00:13s.  Time for last 10,000:    0s.  Last read position: 2:192,492,352
INFO	2018-05-28 18:56:51	MergeVcfs	Processed       640,000 records.  Elapsed time: 00:00:13s.  Time for last 10,000:    0s.  Last read position: 2:199,765,094
INFO	2018-05-28 18:56:51	MergeVcfs	Processed       650,000 records.  Elapsed time: 00:00:13s.  Time for last 10,000:    0s.  Last read position: 2:207,792,993
INFO	2018-05-28 18:56:51	MergeVcfs	Processed       660,000 records.  Elapsed time: 00:00:13s.  Time for last 10,000:    0s.  Last read position: 2:213,961,098
INFO	2018-05-28 18:56:51	MergeVcfs	Processed       670,000 records.  Elapsed time: 00:00:13s.  Time for last 10,000:    0s.  Last read position: 2:219,371,099
INFO	2018-05-28 18:56:52	MergeVcfs	Processed       680,000 records.  Elapsed time: 00:00:13s.  Time for last 10,000:    0s.  Last read position: 2:225,289,879
INFO	2018-05-28 18:56:52	MergeVcfs	Processed       690,000 records.  Elapsed time: 00:00:13s.  Time for last 10,000:    0s.  Last read position: 2:230,918,803
INFO	2018-05-28 18:56:52	MergeVcfs	Processed       700,000 records.  Elapsed time: 00:00:13s.  Time for last 10,000:    0s.  Last read position: 2:236,052,636
INFO	2018-05-28 18:56:52	MergeVcfs	Processed       710,000 records.  Elapsed time: 00:00:14s.  Time for last 10,000:    0s.  Last read position: 2:241,000,546
INFO	2018-05-28 18:56:52	MergeVcfs	Processed       720,000 records.  Elapsed time: 00:00:14s.  Time for last 10,000:    0s.  Last read position: 3:1,909,623
INFO	2018-05-28 18:56:52	MergeVcfs	Processed       730,000 records.  Elapsed time: 00:00:14s.  Time for last 10,000:    0s.  Last read position: 3:6,722,751
INFO	2018-05-28 18:56:52	MergeVcfs	Processed       740,000 records.  Elapsed time: 00:00:14s.  Time for last 10,000:    0s.  Last read position: 3:12,188,630
INFO	2018-05-28 18:56:52	MergeVcfs	Processed       750,000 records.  Elapsed time: 00:00:14s.  Time for last 10,000:    0s.  Last read position: 3:19,610,171
INFO	2018-05-28 18:56:52	MergeVcfs	Processed       760,000 records.  Elapsed time: 00:00:14s.  Time for last 10,000:    0s.  Last read position: 3:25,363,163
INFO	2018-05-28 18:56:53	MergeVcfs	Processed       770,000 records.  Elapsed time: 00:00:14s.  Time for last 10,000:    0s.  Last read position: 3:32,122,836
INFO	2018-05-28 18:56:53	MergeVcfs	Processed       780,000 records.  Elapsed time: 00:00:14s.  Time for last 10,000:    0s.  Last read position: 3:39,289,725
INFO	2018-05-28 18:56:53	MergeVcfs	Processed       790,000 records.  Elapsed time: 00:00:14s.  Time for last 10,000:    0s.  Last read position: 3:46,345,413
INFO	2018-05-28 18:56:53	MergeVcfs	Processed       800,000 records.  Elapsed time: 00:00:15s.  Time for last 10,000:    0s.  Last read position: 3:54,912,132
INFO	2018-05-28 18:56:53	MergeVcfs	Processed       810,000 records.  Elapsed time: 00:00:15s.  Time for last 10,000:    0s.  Last read position: 3:60,554,440
INFO	2018-05-28 18:56:53	MergeVcfs	Processed       820,000 records.  Elapsed time: 00:00:15s.  Time for last 10,000:    0s.  Last read position: 3:66,741,483
INFO	2018-05-28 18:56:53	MergeVcfs	Processed       830,000 records.  Elapsed time: 00:00:15s.  Time for last 10,000:    0s.  Last read position: 3:73,311,895
INFO	2018-05-28 18:56:53	MergeVcfs	Processed       840,000 records.  Elapsed time: 00:00:15s.  Time for last 10,000:    0s.  Last read position: 3:80,680,042
INFO	2018-05-28 18:56:53	MergeVcfs	Processed       850,000 records.  Elapsed time: 00:00:15s.  Time for last 10,000:    0s.  Last read position: 3:87,587,071
INFO	2018-05-28 18:56:54	MergeVcfs	Processed       860,000 records.  Elapsed time: 00:00:15s.  Time for last 10,000:    0s.  Last read position: 3:97,955,916
INFO	2018-05-28 18:56:54	MergeVcfs	Processed       870,000 records.  Elapsed time: 00:00:15s.  Time for last 10,000:    0s.  Last read position: 3:104,380,950
INFO	2018-05-28 18:56:54	MergeVcfs	Processed       880,000 records.  Elapsed time: 00:00:15s.  Time for last 10,000:    0s.  Last read position: 3:110,199,767
INFO	2018-05-28 18:56:54	MergeVcfs	Processed       890,000 records.  Elapsed time: 00:00:16s.  Time for last 10,000:    0s.  Last read position: 3:116,682,975
INFO	2018-05-28 18:56:54	MergeVcfs	Processed       900,000 records.  Elapsed time: 00:00:16s.  Time for last 10,000:    0s.  Last read position: 3:124,179,656
INFO	2018-05-28 18:56:54	MergeVcfs	Processed       910,000 records.  Elapsed time: 00:00:16s.  Time for last 10,000:    0s.  Last read position: 3:131,146,752
INFO	2018-05-28 18:56:54	MergeVcfs	Processed       920,000 records.  Elapsed time: 00:00:16s.  Time for last 10,000:    0s.  Last read position: 3:138,206,471
INFO	2018-05-28 18:56:54	MergeVcfs	Processed       930,000 records.  Elapsed time: 00:00:16s.  Time for last 10,000:    0s.  Last read position: 3:145,425,384
INFO	2018-05-28 18:56:54	MergeVcfs	Processed       940,000 records.  Elapsed time: 00:00:16s.  Time for last 10,000:    0s.  Last read position: 3:151,997,386
INFO	2018-05-28 18:56:55	MergeVcfs	Processed       950,000 records.  Elapsed time: 00:00:16s.  Time for last 10,000:    0s.  Last read position: 3:158,463,046
INFO	2018-05-28 18:56:55	MergeVcfs	Processed       960,000 records.  Elapsed time: 00:00:16s.  Time for last 10,000:    0s.  Last read position: 3:164,793,541
INFO	2018-05-28 18:56:55	MergeVcfs	Processed       970,000 records.  Elapsed time: 00:00:16s.  Time for last 10,000:    0s.  Last read position: 3:172,061,428
INFO	2018-05-28 18:56:55	MergeVcfs	Processed       980,000 records.  Elapsed time: 00:00:17s.  Time for last 10,000:    0s.  Last read position: 3:177,520,036
INFO	2018-05-28 18:56:55	MergeVcfs	Processed       990,000 records.  Elapsed time: 00:00:17s.  Time for last 10,000:    0s.  Last read position: 3:184,786,037
INFO	2018-05-28 18:56:55	MergeVcfs	Processed     1,000,000 records.  Elapsed time: 00:00:17s.  Time for last 10,000:    0s.  Last read position: 3:190,845,800
INFO	2018-05-28 18:56:55	MergeVcfs	Processed     1,010,000 records.  Elapsed time: 00:00:17s.  Time for last 10,000:    0s.  Last read position: 3:196,471,507
INFO	2018-05-28 18:56:55	MergeVcfs	Processed     1,020,000 records.  Elapsed time: 00:00:17s.  Time for last 10,000:    0s.  Last read position: 4:4,258,900
INFO	2018-05-28 18:56:55	MergeVcfs	Processed     1,030,000 records.  Elapsed time: 00:00:17s.  Time for last 10,000:    0s.  Last read position: 4:8,318,609
INFO	2018-05-28 18:56:56	MergeVcfs	Processed     1,040,000 records.  Elapsed time: 00:00:17s.  Time for last 10,000:    0s.  Last read position: 4:13,318,045
INFO	2018-05-28 18:56:56	MergeVcfs	Processed     1,050,000 records.  Elapsed time: 00:00:17s.  Time for last 10,000:    0s.  Last read position: 4:20,439,057
INFO	2018-05-28 18:56:56	MergeVcfs	Processed     1,060,000 records.  Elapsed time: 00:00:17s.  Time for last 10,000:    0s.  Last read position: 4:26,522,356
INFO	2018-05-28 18:56:56	MergeVcfs	Processed     1,070,000 records.  Elapsed time: 00:00:18s.  Time for last 10,000:    0s.  Last read position: 4:32,356,789
INFO	2018-05-28 18:56:56	MergeVcfs	Processed     1,080,000 records.  Elapsed time: 00:00:18s.  Time for last 10,000:    0s.  Last read position: 4:38,839,319
INFO	2018-05-28 18:56:56	MergeVcfs	Processed     1,090,000 records.  Elapsed time: 00:00:18s.  Time for last 10,000:    0s.  Last read position: 4:44,930,052
INFO	2018-05-28 18:56:56	MergeVcfs	Processed     1,100,000 records.  Elapsed time: 00:00:18s.  Time for last 10,000:    0s.  Last read position: 4:54,353,092
INFO	2018-05-28 18:56:56	MergeVcfs	Processed     1,110,000 records.  Elapsed time: 00:00:18s.  Time for last 10,000:    0s.  Last read position: 4:60,023,006
INFO	2018-05-28 18:56:56	MergeVcfs	Processed     1,120,000 records.  Elapsed time: 00:00:18s.  Time for last 10,000:    0s.  Last read position: 4:65,355,456
INFO	2018-05-28 18:56:57	MergeVcfs	Processed     1,130,000 records.  Elapsed time: 00:00:18s.  Time for last 10,000:    0s.  Last read position: 4:70,235,343
INFO	2018-05-28 18:56:57	MergeVcfs	Processed     1,140,000 records.  Elapsed time: 00:00:18s.  Time for last 10,000:    0s.  Last read position: 4:76,125,385
INFO	2018-05-28 18:56:57	MergeVcfs	Processed     1,150,000 records.  Elapsed time: 00:00:18s.  Time for last 10,000:    0s.  Last read position: 4:81,535,083
INFO	2018-05-28 18:56:57	MergeVcfs	Processed     1,160,000 records.  Elapsed time: 00:00:19s.  Time for last 10,000:    0s.  Last read position: 4:86,928,773
INFO	2018-05-28 18:56:57	MergeVcfs	Processed     1,170,000 records.  Elapsed time: 00:00:19s.  Time for last 10,000:    0s.  Last read position: 4:93,614,688
INFO	2018-05-28 18:56:57	MergeVcfs	Processed     1,180,000 records.  Elapsed time: 00:00:19s.  Time for last 10,000:    0s.  Last read position: 4:101,318,099
INFO	2018-05-28 18:56:57	MergeVcfs	Processed     1,190,000 records.  Elapsed time: 00:00:19s.  Time for last 10,000:    0s.  Last read position: 4:109,019,829
INFO	2018-05-28 18:56:57	MergeVcfs	Processed     1,200,000 records.  Elapsed time: 00:00:19s.  Time for last 10,000:    0s.  Last read position: 4:115,309,777
INFO	2018-05-28 18:56:57	MergeVcfs	Processed     1,210,000 records.  Elapsed time: 00:00:19s.  Time for last 10,000:    0s.  Last read position: 4:120,629,974
INFO	2018-05-28 18:56:57	MergeVcfs	Processed     1,220,000 records.  Elapsed time: 00:00:19s.  Time for last 10,000:    0s.  Last read position: 4:126,815,633
INFO	2018-05-28 18:56:58	MergeVcfs	Processed     1,230,000 records.  Elapsed time: 00:00:19s.  Time for last 10,000:    0s.  Last read position: 4:133,037,068
INFO	2018-05-28 18:56:58	MergeVcfs	Processed     1,240,000 records.  Elapsed time: 00:00:19s.  Time for last 10,000:    0s.  Last read position: 4:138,289,646
INFO	2018-05-28 18:56:58	MergeVcfs	Processed     1,250,000 records.  Elapsed time: 00:00:19s.  Time for last 10,000:    0s.  Last read position: 4:144,674,888
INFO	2018-05-28 18:56:58	MergeVcfs	Processed     1,260,000 records.  Elapsed time: 00:00:20s.  Time for last 10,000:    0s.  Last read position: 4:152,370,836
INFO	2018-05-28 18:56:58	MergeVcfs	Processed     1,270,000 records.  Elapsed time: 00:00:20s.  Time for last 10,000:    0s.  Last read position: 4:158,903,797
INFO	2018-05-28 18:56:58	MergeVcfs	Processed     1,280,000 records.  Elapsed time: 00:00:20s.  Time for last 10,000:    0s.  Last read position: 4:163,811,361
INFO	2018-05-28 18:56:58	MergeVcfs	Processed     1,290,000 records.  Elapsed time: 00:00:20s.  Time for last 10,000:    0s.  Last read position: 4:168,965,733
INFO	2018-05-28 18:56:58	MergeVcfs	Processed     1,300,000 records.  Elapsed time: 00:00:20s.  Time for last 10,000:    0s.  Last read position: 4:174,509,911
INFO	2018-05-28 18:56:58	MergeVcfs	Processed     1,310,000 records.  Elapsed time: 00:00:20s.  Time for last 10,000:    0s.  Last read position: 4:179,265,922
INFO	2018-05-28 18:56:59	MergeVcfs	Processed     1,320,000 records.  Elapsed time: 00:00:20s.  Time for last 10,000:    0s.  Last read position: 4:183,619,206
INFO	2018-05-28 18:56:59	MergeVcfs	Processed     1,330,000 records.  Elapsed time: 00:00:20s.  Time for last 10,000:    0s.  Last read position: 4:188,553,338
INFO	2018-05-28 18:56:59	MergeVcfs	Processed     1,340,000 records.  Elapsed time: 00:00:20s.  Time for last 10,000:    0s.  Last read position: 5:1,708,872
INFO	2018-05-28 18:56:59	MergeVcfs	Processed     1,350,000 records.  Elapsed time: 00:00:21s.  Time for last 10,000:    0s.  Last read position: 5:6,106,040
INFO	2018-05-28 18:56:59	MergeVcfs	Processed     1,360,000 records.  Elapsed time: 00:00:21s.  Time for last 10,000:    0s.  Last read position: 5:11,428,508
INFO	2018-05-28 18:56:59	MergeVcfs	Processed     1,370,000 records.  Elapsed time: 00:00:21s.  Time for last 10,000:    0s.  Last read position: 5:17,425,040
INFO	2018-05-28 18:56:59	MergeVcfs	Processed     1,380,000 records.  Elapsed time: 00:00:21s.  Time for last 10,000:    0s.  Last read position: 5:23,484,283
INFO	2018-05-28 18:56:59	MergeVcfs	Processed     1,390,000 records.  Elapsed time: 00:00:21s.  Time for last 10,000:    0s.  Last read position: 5:29,086,607
INFO	2018-05-28 18:56:59	MergeVcfs	Processed     1,400,000 records.  Elapsed time: 00:00:21s.  Time for last 10,000:    0s.  Last read position: 5:34,493,151
INFO	2018-05-28 18:57:00	MergeVcfs	Processed     1,410,000 records.  Elapsed time: 00:00:21s.  Time for last 10,000:    0s.  Last read position: 5:40,310,879
INFO	2018-05-28 18:57:00	MergeVcfs	Processed     1,420,000 records.  Elapsed time: 00:00:21s.  Time for last 10,000:    0s.  Last read position: 5:50,194,920
INFO	2018-05-28 18:57:00	MergeVcfs	Processed     1,430,000 records.  Elapsed time: 00:00:21s.  Time for last 10,000:    0s.  Last read position: 5:56,932,554
INFO	2018-05-28 18:57:00	MergeVcfs	Processed     1,440,000 records.  Elapsed time: 00:00:22s.  Time for last 10,000:    0s.  Last read position: 5:64,847,680
INFO	2018-05-28 18:57:00	MergeVcfs	Processed     1,450,000 records.  Elapsed time: 00:00:22s.  Time for last 10,000:    0s.  Last read position: 5:74,074,422
INFO	2018-05-28 18:57:00	MergeVcfs	Processed     1,460,000 records.  Elapsed time: 00:00:22s.  Time for last 10,000:    0s.  Last read position: 5:80,823,720
INFO	2018-05-28 18:57:00	MergeVcfs	Processed     1,470,000 records.  Elapsed time: 00:00:22s.  Time for last 10,000:    0s.  Last read position: 5:87,959,033
INFO	2018-05-28 18:57:00	MergeVcfs	Processed     1,480,000 records.  Elapsed time: 00:00:22s.  Time for last 10,000:    0s.  Last read position: 5:97,908,772
INFO	2018-05-28 18:57:00	MergeVcfs	Processed     1,490,000 records.  Elapsed time: 00:00:22s.  Time for last 10,000:    0s.  Last read position: 5:105,033,624
INFO	2018-05-28 18:57:01	MergeVcfs	Processed     1,500,000 records.  Elapsed time: 00:00:22s.  Time for last 10,000:    0s.  Last read position: 5:112,586,684
INFO	2018-05-28 18:57:01	MergeVcfs	Processed     1,510,000 records.  Elapsed time: 00:00:22s.  Time for last 10,000:    0s.  Last read position: 5:118,712,192
INFO	2018-05-28 18:57:01	MergeVcfs	Processed     1,520,000 records.  Elapsed time: 00:00:22s.  Time for last 10,000:    0s.  Last read position: 5:125,201,833
INFO	2018-05-28 18:57:01	MergeVcfs	Processed     1,530,000 records.  Elapsed time: 00:00:23s.  Time for last 10,000:    0s.  Last read position: 5:133,049,770
INFO	2018-05-28 18:57:01	MergeVcfs	Processed     1,540,000 records.  Elapsed time: 00:00:23s.  Time for last 10,000:    0s.  Last read position: 5:141,741,666
INFO	2018-05-28 18:57:01	MergeVcfs	Processed     1,550,000 records.  Elapsed time: 00:00:23s.  Time for last 10,000:    0s.  Last read position: 5:150,092,282
INFO	2018-05-28 18:57:01	MergeVcfs	Processed     1,560,000 records.  Elapsed time: 00:00:23s.  Time for last 10,000:    0s.  Last read position: 5:157,420,930
INFO	2018-05-28 18:57:01	MergeVcfs	Processed     1,570,000 records.  Elapsed time: 00:00:23s.  Time for last 10,000:    0s.  Last read position: 5:164,469,908
INFO	2018-05-28 18:57:01	MergeVcfs	Processed     1,580,000 records.  Elapsed time: 00:00:23s.  Time for last 10,000:    0s.  Last read position: 5:171,996,822
INFO	2018-05-28 18:57:02	MergeVcfs	Processed     1,590,000 records.  Elapsed time: 00:00:23s.  Time for last 10,000:    0s.  Last read position: 5:177,882,629
INFO	2018-05-28 18:57:02	MergeVcfs	Processed     1,600,000 records.  Elapsed time: 00:00:23s.  Time for last 10,000:    0s.  Last read position: 6:2,457,473
INFO	2018-05-28 18:57:02	MergeVcfs	Processed     1,610,000 records.  Elapsed time: 00:00:23s.  Time for last 10,000:    0s.  Last read position: 6:7,644,455
INFO	2018-05-28 18:57:02	MergeVcfs	Processed     1,620,000 records.  Elapsed time: 00:00:24s.  Time for last 10,000:    0s.  Last read position: 6:13,192,586
INFO	2018-05-28 18:57:02	MergeVcfs	Processed     1,630,000 records.  Elapsed time: 00:00:24s.  Time for last 10,000:    0s.  Last read position: 6:19,097,007
INFO	2018-05-28 18:57:02	MergeVcfs	Processed     1,640,000 records.  Elapsed time: 00:00:24s.  Time for last 10,000:    0s.  Last read position: 6:24,888,842
INFO	2018-05-28 18:57:02	MergeVcfs	Processed     1,650,000 records.  Elapsed time: 00:00:24s.  Time for last 10,000:    0s.  Last read position: 6:30,434,448
INFO	2018-05-28 18:57:02	MergeVcfs	Processed     1,660,000 records.  Elapsed time: 00:00:24s.  Time for last 10,000:    0s.  Last read position: 6:32,526,619
INFO	2018-05-28 18:57:02	MergeVcfs	Processed     1,670,000 records.  Elapsed time: 00:00:24s.  Time for last 10,000:    0s.  Last read position: 6:34,445,629
INFO	2018-05-28 18:57:03	MergeVcfs	Processed     1,680,000 records.  Elapsed time: 00:00:24s.  Time for last 10,000:    0s.  Last read position: 6:41,021,950
INFO	2018-05-28 18:57:03	MergeVcfs	Processed     1,690,000 records.  Elapsed time: 00:00:24s.  Time for last 10,000:    0s.  Last read position: 6:47,710,432
INFO	2018-05-28 18:57:03	MergeVcfs	Processed     1,700,000 records.  Elapsed time: 00:00:24s.  Time for last 10,000:    0s.  Last read position: 6:54,699,783
INFO	2018-05-28 18:57:03	MergeVcfs	Processed     1,710,000 records.  Elapsed time: 00:00:25s.  Time for last 10,000:    0s.  Last read position: 6:63,542,158
INFO	2018-05-28 18:57:03	MergeVcfs	Processed     1,720,000 records.  Elapsed time: 00:00:25s.  Time for last 10,000:    0s.  Last read position: 6:68,380,813
INFO	2018-05-28 18:57:03	MergeVcfs	Processed     1,730,000 records.  Elapsed time: 00:00:25s.  Time for last 10,000:    0s.  Last read position: 6:74,861,193
INFO	2018-05-28 18:57:03	MergeVcfs	Processed     1,740,000 records.  Elapsed time: 00:00:25s.  Time for last 10,000:    0s.  Last read position: 6:80,814,080
INFO	2018-05-28 18:57:03	MergeVcfs	Processed     1,750,000 records.  Elapsed time: 00:00:25s.  Time for last 10,000:    0s.  Last read position: 6:86,661,892
INFO	2018-05-28 18:57:03	MergeVcfs	Processed     1,760,000 records.  Elapsed time: 00:00:25s.  Time for last 10,000:    0s.  Last read position: 6:93,161,504
INFO	2018-05-28 18:57:03	MergeVcfs	Processed     1,770,000 records.  Elapsed time: 00:00:25s.  Time for last 10,000:    0s.  Last read position: 6:100,281,817
INFO	2018-05-28 18:57:04	MergeVcfs	Processed     1,780,000 records.  Elapsed time: 00:00:25s.  Time for last 10,000:    0s.  Last read position: 6:107,535,865
INFO	2018-05-28 18:57:04	MergeVcfs	Processed     1,790,000 records.  Elapsed time: 00:00:25s.  Time for last 10,000:    0s.  Last read position: 6:114,952,762
INFO	2018-05-28 18:57:04	MergeVcfs	Processed     1,800,000 records.  Elapsed time: 00:00:25s.  Time for last 10,000:    0s.  Last read position: 6:121,368,049
INFO	2018-05-28 18:57:04	MergeVcfs	Processed     1,810,000 records.  Elapsed time: 00:00:26s.  Time for last 10,000:    0s.  Last read position: 6:129,225,789
INFO	2018-05-28 18:57:04	MergeVcfs	Processed     1,820,000 records.  Elapsed time: 00:00:26s.  Time for last 10,000:    0s.  Last read position: 6:135,171,146
INFO	2018-05-28 18:57:04	MergeVcfs	Processed     1,830,000 records.  Elapsed time: 00:00:26s.  Time for last 10,000:    0s.  Last read position: 6:143,096,316
INFO	2018-05-28 18:57:04	MergeVcfs	Processed     1,840,000 records.  Elapsed time: 00:00:26s.  Time for last 10,000:    0s.  Last read position: 6:150,693,905
INFO	2018-05-28 18:57:04	MergeVcfs	Processed     1,850,000 records.  Elapsed time: 00:00:26s.  Time for last 10,000:    0s.  Last read position: 6:157,718,399
INFO	2018-05-28 18:57:04	MergeVcfs	Processed     1,860,000 records.  Elapsed time: 00:00:26s.  Time for last 10,000:    0s.  Last read position: 6:162,752,198
INFO	2018-05-28 18:57:05	MergeVcfs	Processed     1,870,000 records.  Elapsed time: 00:00:26s.  Time for last 10,000:    0s.  Last read position: 6:167,781,155
INFO	2018-05-28 18:57:05	MergeVcfs	Processed     1,880,000 records.  Elapsed time: 00:00:26s.  Time for last 10,000:    0s.  Last read position: 7:1,172,055
INFO	2018-05-28 18:57:05	MergeVcfs	Processed     1,890,000 records.  Elapsed time: 00:00:26s.  Time for last 10,000:    0s.  Last read position: 7:5,900,317
INFO	2018-05-28 18:57:05	MergeVcfs	Processed     1,900,000 records.  Elapsed time: 00:00:27s.  Time for last 10,000:    0s.  Last read position: 7:10,565,921
INFO	2018-05-28 18:57:05	MergeVcfs	Processed     1,910,000 records.  Elapsed time: 00:00:27s.  Time for last 10,000:    0s.  Last read position: 7:14,698,390
INFO	2018-05-28 18:57:05	MergeVcfs	Processed     1,920,000 records.  Elapsed time: 00:00:27s.  Time for last 10,000:    0s.  Last read position: 7:20,117,491
INFO	2018-05-28 18:57:05	MergeVcfs	Processed     1,930,000 records.  Elapsed time: 00:00:27s.  Time for last 10,000:    0s.  Last read position: 7:25,036,781
INFO	2018-05-28 18:57:05	MergeVcfs	Processed     1,940,000 records.  Elapsed time: 00:00:27s.  Time for last 10,000:    0s.  Last read position: 7:31,116,430
INFO	2018-05-28 18:57:05	MergeVcfs	Processed     1,950,000 records.  Elapsed time: 00:00:27s.  Time for last 10,000:    0s.  Last read position: 7:36,210,485
INFO	2018-05-28 18:57:06	MergeVcfs	Processed     1,960,000 records.  Elapsed time: 00:00:27s.  Time for last 10,000:    0s.  Last read position: 7:42,424,341
INFO	2018-05-28 18:57:06	MergeVcfs	Processed     1,970,000 records.  Elapsed time: 00:00:27s.  Time for last 10,000:    0s.  Last read position: 7:48,224,207
INFO	2018-05-28 18:57:06	MergeVcfs	Processed     1,980,000 records.  Elapsed time: 00:00:28s.  Time for last 10,000:    0s.  Last read position: 7:52,758,011
INFO	2018-05-28 18:57:06	MergeVcfs	Processed     1,990,000 records.  Elapsed time: 00:00:28s.  Time for last 10,000:    0s.  Last read position: 7:57,388,615
INFO	2018-05-28 18:57:06	MergeVcfs	Processed     2,000,000 records.  Elapsed time: 00:00:28s.  Time for last 10,000:    0s.  Last read position: 7:66,842,761
INFO	2018-05-28 18:57:06	MergeVcfs	Processed     2,010,000 records.  Elapsed time: 00:00:28s.  Time for last 10,000:    0s.  Last read position: 7:71,603,773
INFO	2018-05-28 18:57:06	MergeVcfs	Processed     2,020,000 records.  Elapsed time: 00:00:28s.  Time for last 10,000:    0s.  Last read position: 7:78,929,401
INFO	2018-05-28 18:57:06	MergeVcfs	Processed     2,030,000 records.  Elapsed time: 00:00:28s.  Time for last 10,000:    0s.  Last read position: 7:84,819,459
INFO	2018-05-28 18:57:07	MergeVcfs	Processed     2,040,000 records.  Elapsed time: 00:00:28s.  Time for last 10,000:    0s.  Last read position: 7:92,751,998
INFO	2018-05-28 18:57:07	MergeVcfs	Processed     2,050,000 records.  Elapsed time: 00:00:29s.  Time for last 10,000:    0s.  Last read position: 7:101,010,870
INFO	2018-05-28 18:57:07	MergeVcfs	Processed     2,060,000 records.  Elapsed time: 00:00:29s.  Time for last 10,000:    0s.  Last read position: 7:107,564,542
INFO	2018-05-28 18:57:07	MergeVcfs	Processed     2,070,000 records.  Elapsed time: 00:00:29s.  Time for last 10,000:    0s.  Last read position: 7:115,126,694
INFO	2018-05-28 18:57:07	MergeVcfs	Processed     2,080,000 records.  Elapsed time: 00:00:29s.  Time for last 10,000:    0s.  Last read position: 7:125,697,282
INFO	2018-05-28 18:57:07	MergeVcfs	Processed     2,090,000 records.  Elapsed time: 00:00:29s.  Time for last 10,000:    0s.  Last read position: 7:134,439,504
INFO	2018-05-28 18:57:07	MergeVcfs	Processed     2,100,000 records.  Elapsed time: 00:00:29s.  Time for last 10,000:    0s.  Last read position: 7:143,155,576
INFO	2018-05-28 18:57:08	MergeVcfs	Processed     2,110,000 records.  Elapsed time: 00:00:29s.  Time for last 10,000:    0s.  Last read position: 7:149,029,124
INFO	2018-05-28 18:57:08	MergeVcfs	Processed     2,120,000 records.  Elapsed time: 00:00:29s.  Time for last 10,000:    0s.  Last read position: 7:153,657,758
INFO	2018-05-28 18:57:08	MergeVcfs	Processed     2,130,000 records.  Elapsed time: 00:00:29s.  Time for last 10,000:    0s.  Last read position: 7:157,764,793
INFO	2018-05-28 18:57:08	MergeVcfs	Processed     2,140,000 records.  Elapsed time: 00:00:30s.  Time for last 10,000:    0s.  Last read position: 8:2,296,372
INFO	2018-05-28 18:57:08	MergeVcfs	Processed     2,150,000 records.  Elapsed time: 00:00:30s.  Time for last 10,000:    0s.  Last read position: 8:4,783,154
INFO	2018-05-28 18:57:08	MergeVcfs	Processed     2,160,000 records.  Elapsed time: 00:00:30s.  Time for last 10,000:    0s.  Last read position: 8:8,121,248
INFO	2018-05-28 18:57:08	MergeVcfs	Processed     2,170,000 records.  Elapsed time: 00:00:30s.  Time for last 10,000:    0s.  Last read position: 8:12,449,441
INFO	2018-05-28 18:57:08	MergeVcfs	Processed     2,180,000 records.  Elapsed time: 00:00:30s.  Time for last 10,000:    0s.  Last read position: 8:15,688,126
INFO	2018-05-28 18:57:08	MergeVcfs	Processed     2,190,000 records.  Elapsed time: 00:00:30s.  Time for last 10,000:    0s.  Last read position: 8:20,444,888
INFO	2018-05-28 18:57:09	MergeVcfs	Processed     2,200,000 records.  Elapsed time: 00:00:30s.  Time for last 10,000:    0s.  Last read position: 8:26,656,683
INFO	2018-05-28 18:57:09	MergeVcfs	Processed     2,210,000 records.  Elapsed time: 00:00:30s.  Time for last 10,000:    0s.  Last read position: 8:33,325,773
INFO	2018-05-28 18:57:09	MergeVcfs	Processed     2,220,000 records.  Elapsed time: 00:00:30s.  Time for last 10,000:    0s.  Last read position: 8:41,233,933
INFO	2018-05-28 18:57:09	MergeVcfs	Processed     2,230,000 records.  Elapsed time: 00:00:31s.  Time for last 10,000:    0s.  Last read position: 8:52,146,146
INFO	2018-05-28 18:57:09	MergeVcfs	Processed     2,240,000 records.  Elapsed time: 00:00:31s.  Time for last 10,000:    0s.  Last read position: 8:58,522,719
INFO	2018-05-28 18:57:09	MergeVcfs	Processed     2,250,000 records.  Elapsed time: 00:00:31s.  Time for last 10,000:    0s.  Last read position: 8:65,087,982
INFO	2018-05-28 18:57:09	MergeVcfs	Processed     2,260,000 records.  Elapsed time: 00:00:31s.  Time for last 10,000:    0s.  Last read position: 8:72,886,693
INFO	2018-05-28 18:57:09	MergeVcfs	Processed     2,270,000 records.  Elapsed time: 00:00:31s.  Time for last 10,000:    0s.  Last read position: 8:79,134,192
INFO	2018-05-28 18:57:09	MergeVcfs	Processed     2,280,000 records.  Elapsed time: 00:00:31s.  Time for last 10,000:    0s.  Last read position: 8:87,589,422
INFO	2018-05-28 18:57:10	MergeVcfs	Processed     2,290,000 records.  Elapsed time: 00:00:31s.  Time for last 10,000:    0s.  Last read position: 8:96,087,473
INFO	2018-05-28 18:57:10	MergeVcfs	Processed     2,300,000 records.  Elapsed time: 00:00:31s.  Time for last 10,000:    0s.  Last read position: 8:104,566,189
INFO	2018-05-28 18:57:10	MergeVcfs	Processed     2,310,000 records.  Elapsed time: 00:00:31s.  Time for last 10,000:    0s.  Last read position: 8:111,611,727
INFO	2018-05-28 18:57:10	MergeVcfs	Processed     2,320,000 records.  Elapsed time: 00:00:32s.  Time for last 10,000:    0s.  Last read position: 8:119,415,402
INFO	2018-05-28 18:57:10	MergeVcfs	Processed     2,330,000 records.  Elapsed time: 00:00:32s.  Time for last 10,000:    0s.  Last read position: 8:125,791,379
INFO	2018-05-28 18:57:10	MergeVcfs	Processed     2,340,000 records.  Elapsed time: 00:00:32s.  Time for last 10,000:    0s.  Last read position: 8:131,841,817
INFO	2018-05-28 18:57:10	MergeVcfs	Processed     2,350,000 records.  Elapsed time: 00:00:32s.  Time for last 10,000:    0s.  Last read position: 8:137,416,254
INFO	2018-05-28 18:57:10	MergeVcfs	Processed     2,360,000 records.  Elapsed time: 00:00:32s.  Time for last 10,000:    0s.  Last read position: 8:142,997,494
INFO	2018-05-28 18:57:10	MergeVcfs	Processed     2,370,000 records.  Elapsed time: 00:00:32s.  Time for last 10,000:    0s.  Last read position: 9:1,777,553
INFO	2018-05-28 18:57:10	MergeVcfs	Processed     2,380,000 records.  Elapsed time: 00:00:32s.  Time for last 10,000:    0s.  Last read position: 9:6,719,601
INFO	2018-05-28 18:57:11	MergeVcfs	Processed     2,390,000 records.  Elapsed time: 00:00:32s.  Time for last 10,000:    0s.  Last read position: 9:10,651,724
INFO	2018-05-28 18:57:11	MergeVcfs	Processed     2,400,000 records.  Elapsed time: 00:00:32s.  Time for last 10,000:    0s.  Last read position: 9:14,895,602
INFO	2018-05-28 18:57:11	MergeVcfs	Processed     2,410,000 records.  Elapsed time: 00:00:32s.  Time for last 10,000:    0s.  Last read position: 9:18,858,918
INFO	2018-05-28 18:57:11	MergeVcfs	Processed     2,420,000 records.  Elapsed time: 00:00:33s.  Time for last 10,000:    0s.  Last read position: 9:24,963,236
INFO	2018-05-28 18:57:11	MergeVcfs	Processed     2,430,000 records.  Elapsed time: 00:00:33s.  Time for last 10,000:    0s.  Last read position: 9:30,570,310
INFO	2018-05-28 18:57:11	MergeVcfs	Processed     2,440,000 records.  Elapsed time: 00:00:33s.  Time for last 10,000:    0s.  Last read position: 9:37,696,427
INFO	2018-05-28 18:57:11	MergeVcfs	Processed     2,450,000 records.  Elapsed time: 00:00:33s.  Time for last 10,000:    0s.  Last read position: 9:73,016,292
INFO	2018-05-28 18:57:11	MergeVcfs	Processed     2,460,000 records.  Elapsed time: 00:00:33s.  Time for last 10,000:    0s.  Last read position: 9:79,582,862
INFO	2018-05-28 18:57:11	MergeVcfs	Processed     2,470,000 records.  Elapsed time: 00:00:33s.  Time for last 10,000:    0s.  Last read position: 9:88,927,366
INFO	2018-05-28 18:57:12	MergeVcfs	Processed     2,480,000 records.  Elapsed time: 00:00:33s.  Time for last 10,000:    0s.  Last read position: 9:99,967,779
INFO	2018-05-28 18:57:12	MergeVcfs	Processed     2,490,000 records.  Elapsed time: 00:00:33s.  Time for last 10,000:    0s.  Last read position: 9:108,583,544
INFO	2018-05-28 18:57:12	MergeVcfs	Processed     2,500,000 records.  Elapsed time: 00:00:33s.  Time for last 10,000:    0s.  Last read position: 9:117,443,677
INFO	2018-05-28 18:57:12	MergeVcfs	Processed     2,510,000 records.  Elapsed time: 00:00:34s.  Time for last 10,000:    0s.  Last read position: 9:124,143,507
INFO	2018-05-28 18:57:12	MergeVcfs	Processed     2,520,000 records.  Elapsed time: 00:00:34s.  Time for last 10,000:    0s.  Last read position: 9:132,071,828
INFO	2018-05-28 18:57:12	MergeVcfs	Processed     2,530,000 records.  Elapsed time: 00:00:34s.  Time for last 10,000:    0s.  Last read position: 9:137,688,657
INFO	2018-05-28 18:57:12	MergeVcfs	Processed     2,540,000 records.  Elapsed time: 00:00:34s.  Time for last 10,000:    0s.  Last read position: 10:1,602,799
INFO	2018-05-28 18:57:12	MergeVcfs	Processed     2,550,000 records.  Elapsed time: 00:00:34s.  Time for last 10,000:    0s.  Last read position: 10:6,002,368
INFO	2018-05-28 18:57:12	MergeVcfs	Processed     2,560,000 records.  Elapsed time: 00:00:34s.  Time for last 10,000:    0s.  Last read position: 10:10,748,969
INFO	2018-05-28 18:57:13	MergeVcfs	Processed     2,570,000 records.  Elapsed time: 00:00:34s.  Time for last 10,000:    0s.  Last read position: 10:15,434,954
INFO	2018-05-28 18:57:13	MergeVcfs	Processed     2,580,000 records.  Elapsed time: 00:00:34s.  Time for last 10,000:    0s.  Last read position: 10:20,550,784
INFO	2018-05-28 18:57:13	MergeVcfs	Processed     2,590,000 records.  Elapsed time: 00:00:34s.  Time for last 10,000:    0s.  Last read position: 10:26,815,981
INFO	2018-05-28 18:57:13	MergeVcfs	Processed     2,600,000 records.  Elapsed time: 00:00:35s.  Time for last 10,000:    0s.  Last read position: 10:31,791,659
INFO	2018-05-28 18:57:13	MergeVcfs	Processed     2,610,000 records.  Elapsed time: 00:00:35s.  Time for last 10,000:    0s.  Last read position: 10:38,076,435
INFO	2018-05-28 18:57:13	MergeVcfs	Processed     2,620,000 records.  Elapsed time: 00:00:35s.  Time for last 10,000:    0s.  Last read position: 10:45,814,331
INFO	2018-05-28 18:57:13	MergeVcfs	Processed     2,630,000 records.  Elapsed time: 00:00:35s.  Time for last 10,000:    0s.  Last read position: 10:54,549,368
INFO	2018-05-28 18:57:13	MergeVcfs	Processed     2,640,000 records.  Elapsed time: 00:00:35s.  Time for last 10,000:    0s.  Last read position: 10:58,487,174
INFO	2018-05-28 18:57:13	MergeVcfs	Processed     2,650,000 records.  Elapsed time: 00:00:35s.  Time for last 10,000:    0s.  Last read position: 10:64,673,405
INFO	2018-05-28 18:57:14	MergeVcfs	Processed     2,660,000 records.  Elapsed time: 00:00:35s.  Time for last 10,000:    0s.  Last read position: 10:69,656,790
INFO	2018-05-28 18:57:14	MergeVcfs	Processed     2,670,000 records.  Elapsed time: 00:00:35s.  Time for last 10,000:    0s.  Last read position: 10:75,122,155
INFO	2018-05-28 18:57:14	MergeVcfs	Processed     2,680,000 records.  Elapsed time: 00:00:35s.  Time for last 10,000:    0s.  Last read position: 10:82,116,960
INFO	2018-05-28 18:57:14	MergeVcfs	Processed     2,690,000 records.  Elapsed time: 00:00:36s.  Time for last 10,000:    0s.  Last read position: 10:88,124,501
INFO	2018-05-28 18:57:14	MergeVcfs	Processed     2,700,000 records.  Elapsed time: 00:00:36s.  Time for last 10,000:    0s.  Last read position: 10:94,460,193
INFO	2018-05-28 18:57:14	MergeVcfs	Processed     2,710,000 records.  Elapsed time: 00:00:36s.  Time for last 10,000:    0s.  Last read position: 10:100,217,739
INFO	2018-05-28 18:57:14	MergeVcfs	Processed     2,720,000 records.  Elapsed time: 00:00:36s.  Time for last 10,000:    0s.  Last read position: 10:106,865,952
INFO	2018-05-28 18:57:14	MergeVcfs	Processed     2,730,000 records.  Elapsed time: 00:00:36s.  Time for last 10,000:    0s.  Last read position: 10:113,472,170
INFO	2018-05-28 18:57:14	MergeVcfs	Processed     2,740,000 records.  Elapsed time: 00:00:36s.  Time for last 10,000:    0s.  Last read position: 10:120,592,359
INFO	2018-05-28 18:57:15	MergeVcfs	Processed     2,750,000 records.  Elapsed time: 00:00:36s.  Time for last 10,000:    0s.  Last read position: 10:125,628,540
INFO	2018-05-28 18:57:15	MergeVcfs	Processed     2,760,000 records.  Elapsed time: 00:00:36s.  Time for last 10,000:    0s.  Last read position: 10:130,795,870
INFO	2018-05-28 18:57:15	MergeVcfs	Processed     2,770,000 records.  Elapsed time: 00:00:36s.  Time for last 10,000:    0s.  Last read position: 11:191,890
INFO	2018-05-28 18:57:15	MergeVcfs	Processed     2,780,000 records.  Elapsed time: 00:00:37s.  Time for last 10,000:    0s.  Last read position: 11:4,814,825
INFO	2018-05-28 18:57:15	MergeVcfs	Processed     2,790,000 records.  Elapsed time: 00:00:37s.  Time for last 10,000:    0s.  Last read position: 11:8,572,643
INFO	2018-05-28 18:57:15	MergeVcfs	Processed     2,800,000 records.  Elapsed time: 00:00:37s.  Time for last 10,000:    0s.  Last read position: 11:14,495,470
INFO	2018-05-28 18:57:15	MergeVcfs	Processed     2,810,000 records.  Elapsed time: 00:00:37s.  Time for last 10,000:    0s.  Last read position: 11:20,737,636
INFO	2018-05-28 18:57:15	MergeVcfs	Processed     2,820,000 records.  Elapsed time: 00:00:37s.  Time for last 10,000:    0s.  Last read position: 11:25,184,683
INFO	2018-05-28 18:57:15	MergeVcfs	Processed     2,830,000 records.  Elapsed time: 00:00:37s.  Time for last 10,000:    0s.  Last read position: 11:34,296,107
INFO	2018-05-28 18:57:16	MergeVcfs	Processed     2,840,000 records.  Elapsed time: 00:00:37s.  Time for last 10,000:    0s.  Last read position: 11:42,083,087
INFO	2018-05-28 18:57:16	MergeVcfs	Processed     2,850,000 records.  Elapsed time: 00:00:37s.  Time for last 10,000:    0s.  Last read position: 11:49,883,449
INFO	2018-05-28 18:57:16	MergeVcfs	Processed     2,860,000 records.  Elapsed time: 00:00:37s.  Time for last 10,000:    0s.  Last read position: 11:61,376,970
INFO	2018-05-28 18:57:16	MergeVcfs	Processed     2,870,000 records.  Elapsed time: 00:00:38s.  Time for last 10,000:    0s.  Last read position: 11:71,134,365
INFO	2018-05-28 18:57:16	MergeVcfs	Processed     2,880,000 records.  Elapsed time: 00:00:38s.  Time for last 10,000:    0s.  Last read position: 11:78,320,519
INFO	2018-05-28 18:57:16	MergeVcfs	Processed     2,890,000 records.  Elapsed time: 00:00:38s.  Time for last 10,000:    0s.  Last read position: 11:86,239,463
INFO	2018-05-28 18:57:16	MergeVcfs	Processed     2,900,000 records.  Elapsed time: 00:00:38s.  Time for last 10,000:    0s.  Last read position: 11:91,410,089
INFO	2018-05-28 18:57:16	MergeVcfs	Processed     2,910,000 records.  Elapsed time: 00:00:38s.  Time for last 10,000:    0s.  Last read position: 11:97,916,052
INFO	2018-05-28 18:57:16	MergeVcfs	Processed     2,920,000 records.  Elapsed time: 00:00:38s.  Time for last 10,000:    0s.  Last read position: 11:103,012,247
INFO	2018-05-28 18:57:17	MergeVcfs	Processed     2,930,000 records.  Elapsed time: 00:00:38s.  Time for last 10,000:    0s.  Last read position: 11:108,255,828
INFO	2018-05-28 18:57:17	MergeVcfs	Processed     2,940,000 records.  Elapsed time: 00:00:38s.  Time for last 10,000:    0s.  Last read position: 11:114,986,230
INFO	2018-05-28 18:57:17	MergeVcfs	Processed     2,950,000 records.  Elapsed time: 00:00:38s.  Time for last 10,000:    0s.  Last read position: 11:120,771,668
INFO	2018-05-28 18:57:17	MergeVcfs	Processed     2,960,000 records.  Elapsed time: 00:00:39s.  Time for last 10,000:    0s.  Last read position: 11:126,820,294
INFO	2018-05-28 18:57:17	MergeVcfs	Processed     2,970,000 records.  Elapsed time: 00:00:39s.  Time for last 10,000:    0s.  Last read position: 12:486,200
INFO	2018-05-28 18:57:17	MergeVcfs	Processed     2,980,000 records.  Elapsed time: 00:00:39s.  Time for last 10,000:    0s.  Last read position: 12:8,465,217
INFO	2018-05-28 18:57:17	MergeVcfs	Processed     2,990,000 records.  Elapsed time: 00:00:39s.  Time for last 10,000:    0s.  Last read position: 12:14,314,251
INFO	2018-05-28 18:57:17	MergeVcfs	Processed     3,000,000 records.  Elapsed time: 00:00:39s.  Time for last 10,000:    0s.  Last read position: 12:20,533,826
INFO	2018-05-28 18:57:17	MergeVcfs	Processed     3,010,000 records.  Elapsed time: 00:00:39s.  Time for last 10,000:    0s.  Last read position: 12:26,135,271
INFO	2018-05-28 18:57:17	MergeVcfs	Processed     3,020,000 records.  Elapsed time: 00:00:39s.  Time for last 10,000:    0s.  Last read position: 12:31,230,428
INFO	2018-05-28 18:57:18	MergeVcfs	Processed     3,030,000 records.  Elapsed time: 00:00:39s.  Time for last 10,000:    0s.  Last read position: 12:40,802,646
INFO	2018-05-28 18:57:18	MergeVcfs	Processed     3,040,000 records.  Elapsed time: 00:00:39s.  Time for last 10,000:    0s.  Last read position: 12:47,528,236
INFO	2018-05-28 18:57:18	MergeVcfs	Processed     3,050,000 records.  Elapsed time: 00:00:39s.  Time for last 10,000:    0s.  Last read position: 12:55,322,376
INFO	2018-05-28 18:57:18	MergeVcfs	Processed     3,060,000 records.  Elapsed time: 00:00:40s.  Time for last 10,000:    0s.  Last read position: 12:62,211,858
INFO	2018-05-28 18:57:18	MergeVcfs	Processed     3,070,000 records.  Elapsed time: 00:00:40s.  Time for last 10,000:    0s.  Last read position: 12:69,447,742
INFO	2018-05-28 18:57:18	MergeVcfs	Processed     3,080,000 records.  Elapsed time: 00:00:40s.  Time for last 10,000:    0s.  Last read position: 12:75,577,667
INFO	2018-05-28 18:57:18	MergeVcfs	Processed     3,090,000 records.  Elapsed time: 00:00:40s.  Time for last 10,000:    0s.  Last read position: 12:82,436,976
INFO	2018-05-28 18:57:18	MergeVcfs	Processed     3,100,000 records.  Elapsed time: 00:00:40s.  Time for last 10,000:    0s.  Last read position: 12:88,498,410
INFO	2018-05-28 18:57:18	MergeVcfs	Processed     3,110,000 records.  Elapsed time: 00:00:40s.  Time for last 10,000:    0s.  Last read position: 12:95,271,856
INFO	2018-05-28 18:57:19	MergeVcfs	Processed     3,120,000 records.  Elapsed time: 00:00:40s.  Time for last 10,000:    0s.  Last read position: 12:100,780,470
INFO	2018-05-28 18:57:19	MergeVcfs	Processed     3,130,000 records.  Elapsed time: 00:00:40s.  Time for last 10,000:    0s.  Last read position: 12:106,406,643
INFO	2018-05-28 18:57:19	MergeVcfs	Processed     3,140,000 records.  Elapsed time: 00:00:40s.  Time for last 10,000:    0s.  Last read position: 12:114,922,592
INFO	2018-05-28 18:57:19	MergeVcfs	Processed     3,150,000 records.  Elapsed time: 00:00:41s.  Time for last 10,000:    0s.  Last read position: 12:120,603,053
INFO	2018-05-28 18:57:19	MergeVcfs	Processed     3,160,000 records.  Elapsed time: 00:00:41s.  Time for last 10,000:    0s.  Last read position: 12:126,297,634
INFO	2018-05-28 18:57:19	MergeVcfs	Processed     3,170,000 records.  Elapsed time: 00:00:41s.  Time for last 10,000:    0s.  Last read position: 12:131,100,777
INFO	2018-05-28 18:57:19	MergeVcfs	Processed     3,180,000 records.  Elapsed time: 00:00:41s.  Time for last 10,000:    0s.  Last read position: 13:21,121,698
INFO	2018-05-28 18:57:19	MergeVcfs	Processed     3,190,000 records.  Elapsed time: 00:00:41s.  Time for last 10,000:    0s.  Last read position: 13:25,422,275
INFO	2018-05-28 18:57:19	MergeVcfs	Processed     3,200,000 records.  Elapsed time: 00:00:41s.  Time for last 10,000:    0s.  Last read position: 13:30,065,349
INFO	2018-05-28 18:57:20	MergeVcfs	Processed     3,210,000 records.  Elapsed time: 00:00:41s.  Time for last 10,000:    0s.  Last read position: 13:36,144,078
INFO	2018-05-28 18:57:20	MergeVcfs	Processed     3,220,000 records.  Elapsed time: 00:00:41s.  Time for last 10,000:    0s.  Last read position: 13:40,930,021
INFO	2018-05-28 18:57:20	MergeVcfs	Processed     3,230,000 records.  Elapsed time: 00:00:41s.  Time for last 10,000:    0s.  Last read position: 13:47,914,672
INFO	2018-05-28 18:57:20	MergeVcfs	Processed     3,240,000 records.  Elapsed time: 00:00:42s.  Time for last 10,000:    0s.  Last read position: 13:55,663,857
INFO	2018-05-28 18:57:20	MergeVcfs	Processed     3,250,000 records.  Elapsed time: 00:00:42s.  Time for last 10,000:    0s.  Last read position: 13:62,021,847
INFO	2018-05-28 18:57:20	MergeVcfs	Processed     3,260,000 records.  Elapsed time: 00:00:42s.  Time for last 10,000:    0s.  Last read position: 13:68,027,335
INFO	2018-05-28 18:57:20	MergeVcfs	Processed     3,270,000 records.  Elapsed time: 00:00:42s.  Time for last 10,000:    0s.  Last read position: 13:73,402,075
INFO	2018-05-28 18:57:20	MergeVcfs	Processed     3,280,000 records.  Elapsed time: 00:00:42s.  Time for last 10,000:    0s.  Last read position: 13:79,876,852
INFO	2018-05-28 18:57:20	MergeVcfs	Processed     3,290,000 records.  Elapsed time: 00:00:42s.  Time for last 10,000:    0s.  Last read position: 13:86,320,813
INFO	2018-05-28 18:57:21	MergeVcfs	Processed     3,300,000 records.  Elapsed time: 00:00:42s.  Time for last 10,000:    0s.  Last read position: 13:92,343,339
INFO	2018-05-28 18:57:21	MergeVcfs	Processed     3,310,000 records.  Elapsed time: 00:00:42s.  Time for last 10,000:    0s.  Last read position: 13:99,624,368
INFO	2018-05-28 18:57:21	MergeVcfs	Processed     3,320,000 records.  Elapsed time: 00:00:42s.  Time for last 10,000:    0s.  Last read position: 13:107,232,975
INFO	2018-05-28 18:57:21	MergeVcfs	Processed     3,330,000 records.  Elapsed time: 00:00:43s.  Time for last 10,000:    0s.  Last read position: 13:112,750,961
INFO	2018-05-28 18:57:21	MergeVcfs	Processed     3,340,000 records.  Elapsed time: 00:00:43s.  Time for last 10,000:    0s.  Last read position: 14:22,769,919
INFO	2018-05-28 18:57:21	MergeVcfs	Processed     3,350,000 records.  Elapsed time: 00:00:43s.  Time for last 10,000:    0s.  Last read position: 14:29,164,491
INFO	2018-05-28 18:57:21	MergeVcfs	Processed     3,360,000 records.  Elapsed time: 00:00:43s.  Time for last 10,000:    0s.  Last read position: 14:36,674,527
INFO	2018-05-28 18:57:21	MergeVcfs	Processed     3,370,000 records.  Elapsed time: 00:00:43s.  Time for last 10,000:    0s.  Last read position: 14:42,985,652
INFO	2018-05-28 18:57:21	MergeVcfs	Processed     3,380,000 records.  Elapsed time: 00:00:43s.  Time for last 10,000:    0s.  Last read position: 14:50,222,934
INFO	2018-05-28 18:57:22	MergeVcfs	Processed     3,390,000 records.  Elapsed time: 00:00:43s.  Time for last 10,000:    0s.  Last read position: 14:56,189,330
INFO	2018-05-28 18:57:22	MergeVcfs	Processed     3,400,000 records.  Elapsed time: 00:00:43s.  Time for last 10,000:    0s.  Last read position: 14:62,808,335
INFO	2018-05-28 18:57:22	MergeVcfs	Processed     3,410,000 records.  Elapsed time: 00:00:43s.  Time for last 10,000:    0s.  Last read position: 14:70,049,093
INFO	2018-05-28 18:57:22	MergeVcfs	Processed     3,420,000 records.  Elapsed time: 00:00:43s.  Time for last 10,000:    0s.  Last read position: 14:77,115,675
INFO	2018-05-28 18:57:22	MergeVcfs	Processed     3,430,000 records.  Elapsed time: 00:00:44s.  Time for last 10,000:    0s.  Last read position: 14:82,925,355
INFO	2018-05-28 18:57:22	MergeVcfs	Processed     3,440,000 records.  Elapsed time: 00:00:44s.  Time for last 10,000:    0s.  Last read position: 14:88,950,847
INFO	2018-05-28 18:57:22	MergeVcfs	Processed     3,450,000 records.  Elapsed time: 00:00:44s.  Time for last 10,000:    0s.  Last read position: 14:94,903,641
INFO	2018-05-28 18:57:22	MergeVcfs	Processed     3,460,000 records.  Elapsed time: 00:00:44s.  Time for last 10,000:    0s.  Last read position: 14:100,432,905
INFO	2018-05-28 18:57:22	MergeVcfs	Processed     3,470,000 records.  Elapsed time: 00:00:44s.  Time for last 10,000:    0s.  Last read position: 14:106,603,235
INFO	2018-05-28 18:57:22	MergeVcfs	Processed     3,480,000 records.  Elapsed time: 00:00:44s.  Time for last 10,000:    0s.  Last read position: 15:24,788,106
INFO	2018-05-28 18:57:23	MergeVcfs	Processed     3,490,000 records.  Elapsed time: 00:00:44s.  Time for last 10,000:    0s.  Last read position: 15:29,736,679
INFO	2018-05-28 18:57:23	MergeVcfs	Processed     3,500,000 records.  Elapsed time: 00:00:44s.  Time for last 10,000:    0s.  Last read position: 15:36,125,300
INFO	2018-05-28 18:57:23	MergeVcfs	Processed     3,510,000 records.  Elapsed time: 00:00:44s.  Time for last 10,000:    0s.  Last read position: 15:42,612,701
INFO	2018-05-28 18:57:23	MergeVcfs	Processed     3,520,000 records.  Elapsed time: 00:00:45s.  Time for last 10,000:    0s.  Last read position: 15:51,885,446
INFO	2018-05-28 18:57:23	MergeVcfs	Processed     3,530,000 records.  Elapsed time: 00:00:45s.  Time for last 10,000:    0s.  Last read position: 15:57,643,886
INFO	2018-05-28 18:57:23	MergeVcfs	Processed     3,540,000 records.  Elapsed time: 00:00:45s.  Time for last 10,000:    0s.  Last read position: 15:63,387,664
INFO	2018-05-28 18:57:23	MergeVcfs	Processed     3,550,000 records.  Elapsed time: 00:00:45s.  Time for last 10,000:    0s.  Last read position: 15:70,158,209
INFO	2018-05-28 18:57:23	MergeVcfs	Processed     3,560,000 records.  Elapsed time: 00:00:45s.  Time for last 10,000:    0s.  Last read position: 15:78,040,436
INFO	2018-05-28 18:57:23	MergeVcfs	Processed     3,570,000 records.  Elapsed time: 00:00:45s.  Time for last 10,000:    0s.  Last read position: 15:85,591,652
INFO	2018-05-28 18:57:24	MergeVcfs	Processed     3,580,000 records.  Elapsed time: 00:00:45s.  Time for last 10,000:    0s.  Last read position: 15:91,499,813
INFO	2018-05-28 18:57:24	MergeVcfs	Processed     3,590,000 records.  Elapsed time: 00:00:45s.  Time for last 10,000:    0s.  Last read position: 15:97,159,049
INFO	2018-05-28 18:57:24	MergeVcfs	Processed     3,600,000 records.  Elapsed time: 00:00:45s.  Time for last 10,000:    0s.  Last read position: 15:102,033,538
INFO	2018-05-28 18:57:24	MergeVcfs	Processed     3,610,000 records.  Elapsed time: 00:00:46s.  Time for last 10,000:    0s.  Last read position: 16:5,747,275
INFO	2018-05-28 18:57:24	MergeVcfs	Processed     3,620,000 records.  Elapsed time: 00:00:46s.  Time for last 10,000:    0s.  Last read position: 16:8,936,975
INFO	2018-05-28 18:57:24	MergeVcfs	Processed     3,630,000 records.  Elapsed time: 00:00:46s.  Time for last 10,000:    0s.  Last read position: 16:13,931,189
INFO	2018-05-28 18:57:24	MergeVcfs	Processed     3,640,000 records.  Elapsed time: 00:00:46s.  Time for last 10,000:    0s.  Last read position: 16:20,627,733
INFO	2018-05-28 18:57:24	MergeVcfs	Processed     3,650,000 records.  Elapsed time: 00:00:46s.  Time for last 10,000:    0s.  Last read position: 16:27,235,792
INFO	2018-05-28 18:57:24	MergeVcfs	Processed     3,660,000 records.  Elapsed time: 00:00:46s.  Time for last 10,000:    0s.  Last read position: 16:51,113,983
INFO	2018-05-28 18:57:25	MergeVcfs	Processed     3,670,000 records.  Elapsed time: 00:00:46s.  Time for last 10,000:    0s.  Last read position: 16:57,651,985
INFO	2018-05-28 18:57:25	MergeVcfs	Processed     3,680,000 records.  Elapsed time: 00:00:46s.  Time for last 10,000:    0s.  Last read position: 16:64,971,479
INFO	2018-05-28 18:57:25	MergeVcfs	Processed     3,690,000 records.  Elapsed time: 00:00:46s.  Time for last 10,000:    0s.  Last read position: 16:73,673,334
INFO	2018-05-28 18:57:25	MergeVcfs	Processed     3,700,000 records.  Elapsed time: 00:00:47s.  Time for last 10,000:    0s.  Last read position: 16:78,787,165
INFO	2018-05-28 18:57:25	MergeVcfs	Processed     3,710,000 records.  Elapsed time: 00:00:47s.  Time for last 10,000:    0s.  Last read position: 16:82,878,063
INFO	2018-05-28 18:57:25	MergeVcfs	Processed     3,720,000 records.  Elapsed time: 00:00:47s.  Time for last 10,000:    0s.  Last read position: 16:86,683,041
INFO	2018-05-28 18:57:25	MergeVcfs	Processed     3,730,000 records.  Elapsed time: 00:00:47s.  Time for last 10,000:    0s.  Last read position: 17:836,108
INFO	2018-05-28 18:57:25	MergeVcfs	Processed     3,740,000 records.  Elapsed time: 00:00:47s.  Time for last 10,000:    0s.  Last read position: 17:5,297,149
INFO	2018-05-28 18:57:25	MergeVcfs	Processed     3,750,000 records.  Elapsed time: 00:00:47s.  Time for last 10,000:    0s.  Last read position: 17:10,124,780
INFO	2018-05-28 18:57:26	MergeVcfs	Processed     3,760,000 records.  Elapsed time: 00:00:47s.  Time for last 10,000:    0s.  Last read position: 17:14,952,132
INFO	2018-05-28 18:57:26	MergeVcfs	Processed     3,770,000 records.  Elapsed time: 00:00:47s.  Time for last 10,000:    0s.  Last read position: 17:22,256,952
INFO	2018-05-28 18:57:26	MergeVcfs	Processed     3,780,000 records.  Elapsed time: 00:00:47s.  Time for last 10,000:    0s.  Last read position: 17:32,404,681
INFO	2018-05-28 18:57:26	MergeVcfs	Processed     3,790,000 records.  Elapsed time: 00:00:48s.  Time for last 10,000:    0s.  Last read position: 17:39,169,280
INFO	2018-05-28 18:57:26	MergeVcfs	Processed     3,800,000 records.  Elapsed time: 00:00:48s.  Time for last 10,000:    0s.  Last read position: 17:46,797,439
INFO	2018-05-28 18:57:26	MergeVcfs	Processed     3,810,000 records.  Elapsed time: 00:00:48s.  Time for last 10,000:    0s.  Last read position: 17:52,766,210
INFO	2018-05-28 18:57:26	MergeVcfs	Processed     3,820,000 records.  Elapsed time: 00:00:48s.  Time for last 10,000:    0s.  Last read position: 17:59,617,685
INFO	2018-05-28 18:57:26	MergeVcfs	Processed     3,830,000 records.  Elapsed time: 00:00:48s.  Time for last 10,000:    0s.  Last read position: 17:66,272,151
INFO	2018-05-28 18:57:26	MergeVcfs	Processed     3,840,000 records.  Elapsed time: 00:00:48s.  Time for last 10,000:    0s.  Last read position: 17:72,261,022
INFO	2018-05-28 18:57:27	MergeVcfs	Processed     3,850,000 records.  Elapsed time: 00:00:48s.  Time for last 10,000:    0s.  Last read position: 17:77,202,799
INFO	2018-05-28 18:57:27	MergeVcfs	Processed     3,860,000 records.  Elapsed time: 00:00:48s.  Time for last 10,000:    0s.  Last read position: 18:1,531,072
INFO	2018-05-28 18:57:27	MergeVcfs	Processed     3,870,000 records.  Elapsed time: 00:00:48s.  Time for last 10,000:    0s.  Last read position: 18:6,627,417
INFO	2018-05-28 18:57:27	MergeVcfs	Processed     3,880,000 records.  Elapsed time: 00:00:49s.  Time for last 10,000:    0s.  Last read position: 18:11,490,540
INFO	2018-05-28 18:57:27	MergeVcfs	Processed     3,890,000 records.  Elapsed time: 00:00:49s.  Time for last 10,000:    0s.  Last read position: 18:20,232,004
INFO	2018-05-28 18:57:27	MergeVcfs	Processed     3,900,000 records.  Elapsed time: 00:00:49s.  Time for last 10,000:    0s.  Last read position: 18:26,916,479
INFO	2018-05-28 18:57:27	MergeVcfs	Processed     3,910,000 records.  Elapsed time: 00:00:49s.  Time for last 10,000:    0s.  Last read position: 18:33,607,447
INFO	2018-05-28 18:57:27	MergeVcfs	Processed     3,920,000 records.  Elapsed time: 00:00:49s.  Time for last 10,000:    0s.  Last read position: 18:40,156,348
INFO	2018-05-28 18:57:27	MergeVcfs	Processed     3,930,000 records.  Elapsed time: 00:00:49s.  Time for last 10,000:    0s.  Last read position: 18:47,276,924
INFO	2018-05-28 18:57:27	MergeVcfs	Processed     3,940,000 records.  Elapsed time: 00:00:49s.  Time for last 10,000:    0s.  Last read position: 18:52,566,400
INFO	2018-05-28 18:57:28	MergeVcfs	Processed     3,950,000 records.  Elapsed time: 00:00:49s.  Time for last 10,000:    0s.  Last read position: 18:59,372,096
INFO	2018-05-28 18:57:28	MergeVcfs	Processed     3,960,000 records.  Elapsed time: 00:00:49s.  Time for last 10,000:    0s.  Last read position: 18:65,635,322
INFO	2018-05-28 18:57:28	MergeVcfs	Processed     3,970,000 records.  Elapsed time: 00:00:49s.  Time for last 10,000:    0s.  Last read position: 18:70,613,466
INFO	2018-05-28 18:57:28	MergeVcfs	Processed     3,980,000 records.  Elapsed time: 00:00:50s.  Time for last 10,000:    0s.  Last read position: 18:75,588,618
INFO	2018-05-28 18:57:28	MergeVcfs	Processed     3,990,000 records.  Elapsed time: 00:00:50s.  Time for last 10,000:    0s.  Last read position: 19:2,465,835
INFO	2018-05-28 18:57:28	MergeVcfs	Processed     4,000,000 records.  Elapsed time: 00:00:50s.  Time for last 10,000:    0s.  Last read position: 19:7,571,120
INFO	2018-05-28 18:57:28	MergeVcfs	Processed     4,010,000 records.  Elapsed time: 00:00:50s.  Time for last 10,000:    0s.  Last read position: 19:15,003,406
INFO	2018-05-28 18:57:28	MergeVcfs	Processed     4,020,000 records.  Elapsed time: 00:00:50s.  Time for last 10,000:    0s.  Last read position: 19:20,916,999
INFO	2018-05-28 18:57:28	MergeVcfs	Processed     4,030,000 records.  Elapsed time: 00:00:50s.  Time for last 10,000:    0s.  Last read position: 19:29,230,442
INFO	2018-05-28 18:57:29	MergeVcfs	Processed     4,040,000 records.  Elapsed time: 00:00:50s.  Time for last 10,000:    0s.  Last read position: 19:35,877,027
INFO	2018-05-28 18:57:29	MergeVcfs	Processed     4,050,000 records.  Elapsed time: 00:00:50s.  Time for last 10,000:    0s.  Last read position: 19:44,296,893
INFO	2018-05-28 18:57:29	MergeVcfs	Processed     4,060,000 records.  Elapsed time: 00:00:50s.  Time for last 10,000:    0s.  Last read position: 19:49,911,665
INFO	2018-05-28 18:57:29	MergeVcfs	Processed     4,070,000 records.  Elapsed time: 00:00:51s.  Time for last 10,000:    0s.  Last read position: 19:54,727,636
INFO	2018-05-28 18:57:29	MergeVcfs	Processed     4,080,000 records.  Elapsed time: 00:00:51s.  Time for last 10,000:    0s.  Last read position: 20:339,229
INFO	2018-05-28 18:57:29	MergeVcfs	Processed     4,090,000 records.  Elapsed time: 00:00:51s.  Time for last 10,000:    0s.  Last read position: 20:5,811,207
INFO	2018-05-28 18:57:29	MergeVcfs	Processed     4,100,000 records.  Elapsed time: 00:00:51s.  Time for last 10,000:    0s.  Last read position: 20:11,429,621
INFO	2018-05-28 18:57:29	MergeVcfs	Processed     4,110,000 records.  Elapsed time: 00:00:51s.  Time for last 10,000:    0s.  Last read position: 20:17,218,385
INFO	2018-05-28 18:57:29	MergeVcfs	Processed     4,120,000 records.  Elapsed time: 00:00:51s.  Time for last 10,000:    0s.  Last read position: 20:23,066,338
INFO	2018-05-28 18:57:30	MergeVcfs	Processed     4,130,000 records.  Elapsed time: 00:00:51s.  Time for last 10,000:    0s.  Last read position: 20:31,164,530
INFO	2018-05-28 18:57:30	MergeVcfs	Processed     4,140,000 records.  Elapsed time: 00:00:51s.  Time for last 10,000:    0s.  Last read position: 20:38,638,639
INFO	2018-05-28 18:57:30	MergeVcfs	Processed     4,150,000 records.  Elapsed time: 00:00:51s.  Time for last 10,000:    0s.  Last read position: 20:45,367,242
INFO	2018-05-28 18:57:30	MergeVcfs	Processed     4,160,000 records.  Elapsed time: 00:00:52s.  Time for last 10,000:    0s.  Last read position: 20:51,007,002
INFO	2018-05-28 18:57:30	MergeVcfs	Processed     4,170,000 records.  Elapsed time: 00:00:52s.  Time for last 10,000:    0s.  Last read position: 20:58,205,333
INFO	2018-05-28 18:57:30	MergeVcfs	Processed     4,180,000 records.  Elapsed time: 00:00:52s.  Time for last 10,000:    0s.  Last read position: 21:15,480,480
INFO	2018-05-28 18:57:30	MergeVcfs	Processed     4,190,000 records.  Elapsed time: 00:00:52s.  Time for last 10,000:    0s.  Last read position: 21:20,428,653
INFO	2018-05-28 18:57:30	MergeVcfs	Processed     4,200,000 records.  Elapsed time: 00:00:52s.  Time for last 10,000:    0s.  Last read position: 21:24,929,472
INFO	2018-05-28 18:57:30	MergeVcfs	Processed     4,210,000 records.  Elapsed time: 00:00:52s.  Time for last 10,000:    0s.  Last read position: 21:29,755,791
INFO	2018-05-28 18:57:31	MergeVcfs	Processed     4,220,000 records.  Elapsed time: 00:00:52s.  Time for last 10,000:    0s.  Last read position: 21:36,970,820
INFO	2018-05-28 18:57:31	MergeVcfs	Processed     4,230,000 records.  Elapsed time: 00:00:52s.  Time for last 10,000:    0s.  Last read position: 21:41,926,346
INFO	2018-05-28 18:57:31	MergeVcfs	Processed     4,240,000 records.  Elapsed time: 00:00:52s.  Time for last 10,000:    0s.  Last read position: 21:46,828,254
INFO	2018-05-28 18:57:31	MergeVcfs	Processed     4,250,000 records.  Elapsed time: 00:00:53s.  Time for last 10,000:    0s.  Last read position: 22:21,205,465
INFO	2018-05-28 18:57:31	MergeVcfs	Processed     4,260,000 records.  Elapsed time: 00:00:53s.  Time for last 10,000:    0s.  Last read position: 22:26,984,163
INFO	2018-05-28 18:57:31	MergeVcfs	Processed     4,270,000 records.  Elapsed time: 00:00:53s.  Time for last 10,000:    0s.  Last read position: 22:33,697,548
INFO	2018-05-28 18:57:31	MergeVcfs	Processed     4,280,000 records.  Elapsed time: 00:00:53s.  Time for last 10,000:    0s.  Last read position: 22:40,282,073
INFO	2018-05-28 18:57:31	MergeVcfs	Processed     4,290,000 records.  Elapsed time: 00:00:53s.  Time for last 10,000:    0s.  Last read position: 22:46,613,237
INFO	2018-05-28 18:57:31	MergeVcfs	Processed     4,300,000 records.  Elapsed time: 00:00:53s.  Time for last 10,000:    0s.  Last read position: 22:50,707,537
INFO	2018-05-28 18:57:32	MergeVcfs	Processed     4,310,000 records.  Elapsed time: 00:00:53s.  Time for last 10,000:    0s.  Last read position: X:3,726,654
INFO	2018-05-28 18:57:32	MergeVcfs	Processed     4,320,000 records.  Elapsed time: 00:00:53s.  Time for last 10,000:    0s.  Last read position: X:13,393,880
INFO	2018-05-28 18:57:32	MergeVcfs	Processed     4,330,000 records.  Elapsed time: 00:00:53s.  Time for last 10,000:    0s.  Last read position: X:22,895,453
INFO	2018-05-28 18:57:32	MergeVcfs	Processed     4,340,000 records.  Elapsed time: 00:00:54s.  Time for last 10,000:    0s.  Last read position: X:30,882,922
INFO	2018-05-28 18:57:32	MergeVcfs	Processed     4,350,000 records.  Elapsed time: 00:00:54s.  Time for last 10,000:    0s.  Last read position: X:45,356,253
INFO	2018-05-28 18:57:32	MergeVcfs	Processed     4,360,000 records.  Elapsed time: 00:00:54s.  Time for last 10,000:    0s.  Last read position: X:64,631,431
INFO	2018-05-28 18:57:32	MergeVcfs	Processed     4,370,000 records.  Elapsed time: 00:00:54s.  Time for last 10,000:    0s.  Last read position: X:75,489,384
INFO	2018-05-28 18:57:32	MergeVcfs	Processed     4,380,000 records.  Elapsed time: 00:00:54s.  Time for last 10,000:    0s.  Last read position: X:82,457,572
INFO	2018-05-28 18:57:32	MergeVcfs	Processed     4,390,000 records.  Elapsed time: 00:00:54s.  Time for last 10,000:    0s.  Last read position: X:88,221,979
INFO	2018-05-28 18:57:32	MergeVcfs	Processed     4,400,000 records.  Elapsed time: 00:00:54s.  Time for last 10,000:    0s.  Last read position: X:94,794,613
INFO	2018-05-28 18:57:33	MergeVcfs	Processed     4,410,000 records.  Elapsed time: 00:00:54s.  Time for last 10,000:    0s.  Last read position: X:108,296,591
INFO	2018-05-28 18:57:33	MergeVcfs	Processed     4,420,000 records.  Elapsed time: 00:00:54s.  Time for last 10,000:    0s.  Last read position: X:118,130,180
INFO	2018-05-28 18:57:33	MergeVcfs	Processed     4,430,000 records.  Elapsed time: 00:00:54s.  Time for last 10,000:    0s.  Last read position: X:126,987,705
INFO	2018-05-28 18:57:33	MergeVcfs	Processed     4,440,000 records.  Elapsed time: 00:00:55s.  Time for last 10,000:    0s.  Last read position: X:140,714,251
INFO	2018-05-28 18:57:33	MergeVcfs	Processed     4,450,000 records.  Elapsed time: 00:00:55s.  Time for last 10,000:    0s.  Last read position: X:147,249,722
[Mon May 28 18:57:35 UTC 2018] picard.vcf.MergeVcfs done. Elapsed time: 0.96 minutes.
Runtime.totalMemory()=257949696
Completed s01_sort_merge_HG01198_ddr_positive_kgen.sh
Mon 28 May 18:57:36 UTC 2018

