Starting s01_sort_merge_HG03120_ddr_positive_kgen.sh
Mon 28 May 19:03:26 UTC 2018


Sorting individual genotype VCF file (chromosome 7) from 1000 Genome Project
Mon 28 May 19:03:26 UTC 2018
19:03:27.483 INFO  NativeLibraryLoader - Loading libgkl_compression.so from jar:file:/home/ec2-user/tools/picard/picard.jar!/com/intel/gkl/native/libgkl_compression.so
[Mon May 28 19:03:27 UTC 2018] SortVcf INPUT=[/home/ec2-user/results/data_analysis/gt_individuals/kgen/ddr_positive/HG03120/s01_HG03120_ddr_positive_kgen_chr7_raw.vcf] OUTPUT=/home/ec2-user/results/data_analysis/gt_individuals/kgen/ddr_positive/HG03120/s01_HG03120_ddr_positive_kgen_chr7_raw_sorted.vcf    VERBOSITY=INFO QUIET=false VALIDATION_STRINGENCY=STRICT COMPRESSION_LEVEL=5 MAX_RECORDS_IN_RAM=500000 CREATE_INDEX=true CREATE_MD5_FILE=false GA4GH_CLIENT_SECRETS=client_secrets.json USE_JDK_DEFLATER=false USE_JDK_INFLATER=false
[Mon May 28 19:03:27 UTC 2018] Executing as ec2-user@ip-172-31-36-234 on Linux 4.14.33-51.37.amzn1.x86_64 amd64; OpenJDK 64-Bit Server VM 1.8.0_171-b10; Deflater: Intel; Inflater: Intel; Provider GCS is not available; Picard version: 2.18.2-SNAPSHOT
INFO	2018-05-28 19:03:27	SortVcf	Reading entries from input file 1
INFO	2018-05-28 19:03:28	SortVcf	read        25,000 records.  Elapsed time: 00:00:00s.  Time for last 25,000:    0s.  Last read position: 7:9,503,333
INFO	2018-05-28 19:03:29	SortVcf	read        50,000 records.  Elapsed time: 00:00:01s.  Time for last 25,000:    0s.  Last read position: 7:20,205,160
INFO	2018-05-28 19:03:29	SortVcf	read        75,000 records.  Elapsed time: 00:00:01s.  Time for last 25,000:    0s.  Last read position: 7:32,701,249
INFO	2018-05-28 19:03:29	SortVcf	read       100,000 records.  Elapsed time: 00:00:02s.  Time for last 25,000:    0s.  Last read position: 7:47,171,053
INFO	2018-05-28 19:03:30	SortVcf	read       125,000 records.  Elapsed time: 00:00:02s.  Time for last 25,000:    0s.  Last read position: 7:62,922,850
INFO	2018-05-28 19:03:31	SortVcf	read       150,000 records.  Elapsed time: 00:00:04s.  Time for last 25,000:    1s.  Last read position: 7:77,749,441
INFO	2018-05-28 19:03:32	SortVcf	read       175,000 records.  Elapsed time: 00:00:04s.  Time for last 25,000:    0s.  Last read position: 7:91,031,535
INFO	2018-05-28 19:03:32	SortVcf	read       200,000 records.  Elapsed time: 00:00:04s.  Time for last 25,000:    0s.  Last read position: 7:106,604,698
INFO	2018-05-28 19:03:32	SortVcf	read       225,000 records.  Elapsed time: 00:00:05s.  Time for last 25,000:    0s.  Last read position: 7:122,599,288
INFO	2018-05-28 19:03:33	SortVcf	read       250,000 records.  Elapsed time: 00:00:05s.  Time for last 25,000:    0s.  Last read position: 7:136,761,312
INFO	2018-05-28 19:03:35	SortVcf	read       275,000 records.  Elapsed time: 00:00:08s.  Time for last 25,000:    2s.  Last read position: 7:149,830,507
INFO	2018-05-28 19:03:37	SortVcf	wrote        25,000 records.  Elapsed time: 00:00:00s.  Time for last 25,000:    0s.  Last read position: 7:9,503,333
INFO	2018-05-28 19:03:40	SortVcf	wrote        50,000 records.  Elapsed time: 00:00:03s.  Time for last 25,000:    3s.  Last read position: 7:20,205,160
INFO	2018-05-28 19:03:40	SortVcf	wrote        75,000 records.  Elapsed time: 00:00:03s.  Time for last 25,000:    0s.  Last read position: 7:32,701,249
INFO	2018-05-28 19:03:40	SortVcf	wrote       100,000 records.  Elapsed time: 00:00:04s.  Time for last 25,000:    0s.  Last read position: 7:47,171,053
INFO	2018-05-28 19:03:41	SortVcf	wrote       125,000 records.  Elapsed time: 00:00:04s.  Time for last 25,000:    0s.  Last read position: 7:62,922,850
INFO	2018-05-28 19:03:41	SortVcf	wrote       150,000 records.  Elapsed time: 00:00:04s.  Time for last 25,000:    0s.  Last read position: 7:77,749,441
INFO	2018-05-28 19:03:41	SortVcf	wrote       175,000 records.  Elapsed time: 00:00:05s.  Time for last 25,000:    0s.  Last read position: 7:91,031,535
INFO	2018-05-28 19:03:42	SortVcf	wrote       200,000 records.  Elapsed time: 00:00:05s.  Time for last 25,000:    0s.  Last read position: 7:106,604,698
INFO	2018-05-28 19:03:42	SortVcf	wrote       225,000 records.  Elapsed time: 00:00:05s.  Time for last 25,000:    0s.  Last read position: 7:122,599,288
INFO	2018-05-28 19:03:42	SortVcf	wrote       250,000 records.  Elapsed time: 00:00:06s.  Time for last 25,000:    0s.  Last read position: 7:136,761,312
INFO	2018-05-28 19:03:43	SortVcf	wrote       275,000 records.  Elapsed time: 00:00:06s.  Time for last 25,000:    0s.  Last read position: 7:149,830,507
[Mon May 28 19:03:43 UTC 2018] picard.vcf.SortVcf done. Elapsed time: 0.27 minutes.
Runtime.totalMemory()=1339031552

Merging DDR control individual genotype VCF files (including sorted chromosome 7) from 1000 Genome Project
Mon 28 May 19:03:43 UTC 2018
19:03:44.547 INFO  NativeLibraryLoader - Loading libgkl_compression.so from jar:file:/home/ec2-user/tools/picard/picard.jar!/com/intel/gkl/native/libgkl_compression.so
[Mon May 28 19:03:44 UTC 2018] MergeVcfs INPUT=[/home/ec2-user/results/data_analysis/gt_individuals/kgen/ddr_positive/HG03120/s01_HG03120_ddr_positive_kgen_chr1_raw.vcf, /home/ec2-user/results/data_analysis/gt_individuals/kgen/ddr_positive/HG03120/s01_HG03120_ddr_positive_kgen_chr2_raw.vcf, /home/ec2-user/results/data_analysis/gt_individuals/kgen/ddr_positive/HG03120/s01_HG03120_ddr_positive_kgen_chr3_raw.vcf, /home/ec2-user/results/data_analysis/gt_individuals/kgen/ddr_positive/HG03120/s01_HG03120_ddr_positive_kgen_chr4_raw.vcf, /home/ec2-user/results/data_analysis/gt_individuals/kgen/ddr_positive/HG03120/s01_HG03120_ddr_positive_kgen_chr5_raw.vcf, /home/ec2-user/results/data_analysis/gt_individuals/kgen/ddr_positive/HG03120/s01_HG03120_ddr_positive_kgen_chr6_raw.vcf, /home/ec2-user/results/data_analysis/gt_individuals/kgen/ddr_positive/HG03120/s01_HG03120_ddr_positive_kgen_chr7_raw_sorted.vcf, /home/ec2-user/results/data_analysis/gt_individuals/kgen/ddr_positive/HG03120/s01_HG03120_ddr_positive_kgen_chr8_raw.vcf, /home/ec2-user/results/data_analysis/gt_individuals/kgen/ddr_positive/HG03120/s01_HG03120_ddr_positive_kgen_chr9_raw.vcf, /home/ec2-user/results/data_analysis/gt_individuals/kgen/ddr_positive/HG03120/s01_HG03120_ddr_positive_kgen_chr10_raw.vcf, /home/ec2-user/results/data_analysis/gt_individuals/kgen/ddr_positive/HG03120/s01_HG03120_ddr_positive_kgen_chr11_raw.vcf, /home/ec2-user/results/data_analysis/gt_individuals/kgen/ddr_positive/HG03120/s01_HG03120_ddr_positive_kgen_chr12_raw.vcf, /home/ec2-user/results/data_analysis/gt_individuals/kgen/ddr_positive/HG03120/s01_HG03120_ddr_positive_kgen_chr13_raw.vcf, /home/ec2-user/results/data_analysis/gt_individuals/kgen/ddr_positive/HG03120/s01_HG03120_ddr_positive_kgen_chr14_raw.vcf, /home/ec2-user/results/data_analysis/gt_individuals/kgen/ddr_positive/HG03120/s01_HG03120_ddr_positive_kgen_chr15_raw.vcf, /home/ec2-user/results/data_analysis/gt_individuals/kgen/ddr_positive/HG03120/s01_HG03120_ddr_positive_kgen_chr16_raw.vcf, /home/ec2-user/results/data_analysis/gt_individuals/kgen/ddr_positive/HG03120/s01_HG03120_ddr_positive_kgen_chr17_raw.vcf, /home/ec2-user/results/data_analysis/gt_individuals/kgen/ddr_positive/HG03120/s01_HG03120_ddr_positive_kgen_chr18_raw.vcf, /home/ec2-user/results/data_analysis/gt_individuals/kgen/ddr_positive/HG03120/s01_HG03120_ddr_positive_kgen_chr19_raw.vcf, /home/ec2-user/results/data_analysis/gt_individuals/kgen/ddr_positive/HG03120/s01_HG03120_ddr_positive_kgen_chr20_raw.vcf, /home/ec2-user/results/data_analysis/gt_individuals/kgen/ddr_positive/HG03120/s01_HG03120_ddr_positive_kgen_chr21_raw.vcf, /home/ec2-user/results/data_analysis/gt_individuals/kgen/ddr_positive/HG03120/s01_HG03120_ddr_positive_kgen_chr22_raw.vcf, /home/ec2-user/results/data_analysis/gt_individuals/kgen/ddr_positive/HG03120/s01_HG03120_ddr_positive_kgen_chrX_raw.vcf] OUTPUT=/home/ec2-user/results/data_analysis/gt_individuals/kgen/ddr_positive/HG03120/s01_HG03120_ddr_positive_kgen_merged_raw.vcf.gz    VERBOSITY=INFO QUIET=false VALIDATION_STRINGENCY=STRICT COMPRESSION_LEVEL=5 MAX_RECORDS_IN_RAM=500000 CREATE_INDEX=true CREATE_MD5_FILE=false GA4GH_CLIENT_SECRETS=client_secrets.json USE_JDK_DEFLATER=false USE_JDK_INFLATER=false
[Mon May 28 19:03:44 UTC 2018] Executing as ec2-user@ip-172-31-36-234 on Linux 4.14.33-51.37.amzn1.x86_64 amd64; OpenJDK 64-Bit Server VM 1.8.0_171-b10; Deflater: Intel; Inflater: Intel; Provider GCS is not available; Picard version: 2.18.2-SNAPSHOT
INFO	2018-05-28 19:03:45	MergeVcfs	Processed        10,000 records.  Elapsed time: 00:00:01s.  Time for last 10,000:    0s.  Last read position: 1:5,306,594
INFO	2018-05-28 19:03:46	MergeVcfs	Processed        20,000 records.  Elapsed time: 00:00:01s.  Time for last 10,000:    0s.  Last read position: 1:10,521,111
INFO	2018-05-28 19:03:46	MergeVcfs	Processed        30,000 records.  Elapsed time: 00:00:02s.  Time for last 10,000:    0s.  Last read position: 1:16,010,038
INFO	2018-05-28 19:03:46	MergeVcfs	Processed        40,000 records.  Elapsed time: 00:00:02s.  Time for last 10,000:    0s.  Last read position: 1:20,940,171
INFO	2018-05-28 19:03:47	MergeVcfs	Processed        50,000 records.  Elapsed time: 00:00:02s.  Time for last 10,000:    0s.  Last read position: 1:26,582,091
INFO	2018-05-28 19:03:47	MergeVcfs	Processed        60,000 records.  Elapsed time: 00:00:03s.  Time for last 10,000:    0s.  Last read position: 1:33,056,842
INFO	2018-05-28 19:03:47	MergeVcfs	Processed        70,000 records.  Elapsed time: 00:00:03s.  Time for last 10,000:    0s.  Last read position: 1:39,543,257
INFO	2018-05-28 19:03:48	MergeVcfs	Processed        80,000 records.  Elapsed time: 00:00:03s.  Time for last 10,000:    0s.  Last read position: 1:46,253,075
INFO	2018-05-28 19:03:48	MergeVcfs	Processed        90,000 records.  Elapsed time: 00:00:03s.  Time for last 10,000:    0s.  Last read position: 1:54,034,869
INFO	2018-05-28 19:03:48	MergeVcfs	Processed       100,000 records.  Elapsed time: 00:00:04s.  Time for last 10,000:    0s.  Last read position: 1:59,230,951
INFO	2018-05-28 19:03:48	MergeVcfs	Processed       110,000 records.  Elapsed time: 00:00:04s.  Time for last 10,000:    0s.  Last read position: 1:65,577,915
INFO	2018-05-28 19:03:49	MergeVcfs	Processed       120,000 records.  Elapsed time: 00:00:04s.  Time for last 10,000:    0s.  Last read position: 1:71,480,798
INFO	2018-05-28 19:03:49	MergeVcfs	Processed       130,000 records.  Elapsed time: 00:00:04s.  Time for last 10,000:    0s.  Last read position: 1:78,208,262
INFO	2018-05-28 19:03:49	MergeVcfs	Processed       140,000 records.  Elapsed time: 00:00:04s.  Time for last 10,000:    0s.  Last read position: 1:83,696,507
INFO	2018-05-28 19:03:49	MergeVcfs	Processed       150,000 records.  Elapsed time: 00:00:05s.  Time for last 10,000:    0s.  Last read position: 1:89,631,596
INFO	2018-05-28 19:03:49	MergeVcfs	Processed       160,000 records.  Elapsed time: 00:00:05s.  Time for last 10,000:    0s.  Last read position: 1:95,374,699
INFO	2018-05-28 19:03:49	MergeVcfs	Processed       170,000 records.  Elapsed time: 00:00:05s.  Time for last 10,000:    0s.  Last read position: 1:102,395,220
INFO	2018-05-28 19:03:49	MergeVcfs	Processed       180,000 records.  Elapsed time: 00:00:05s.  Time for last 10,000:    0s.  Last read position: 1:106,826,753
INFO	2018-05-28 19:03:49	MergeVcfs	Processed       190,000 records.  Elapsed time: 00:00:05s.  Time for last 10,000:    0s.  Last read position: 1:112,298,591
INFO	2018-05-28 19:03:50	MergeVcfs	Processed       200,000 records.  Elapsed time: 00:00:05s.  Time for last 10,000:    0s.  Last read position: 1:118,581,379
INFO	2018-05-28 19:03:50	MergeVcfs	Processed       210,000 records.  Elapsed time: 00:00:05s.  Time for last 10,000:    0s.  Last read position: 1:149,756,964
INFO	2018-05-28 19:03:50	MergeVcfs	Processed       220,000 records.  Elapsed time: 00:00:05s.  Time for last 10,000:    0s.  Last read position: 1:156,762,493
INFO	2018-05-28 19:03:50	MergeVcfs	Processed       230,000 records.  Elapsed time: 00:00:05s.  Time for last 10,000:    0s.  Last read position: 1:161,605,563
INFO	2018-05-28 19:03:50	MergeVcfs	Processed       240,000 records.  Elapsed time: 00:00:05s.  Time for last 10,000:    0s.  Last read position: 1:167,098,313
INFO	2018-05-28 19:03:50	MergeVcfs	Processed       250,000 records.  Elapsed time: 00:00:06s.  Time for last 10,000:    0s.  Last read position: 1:172,618,881
INFO	2018-05-28 19:03:50	MergeVcfs	Processed       260,000 records.  Elapsed time: 00:00:06s.  Time for last 10,000:    0s.  Last read position: 1:179,482,616
INFO	2018-05-28 19:03:50	MergeVcfs	Processed       270,000 records.  Elapsed time: 00:00:06s.  Time for last 10,000:    0s.  Last read position: 1:185,870,555
INFO	2018-05-28 19:03:50	MergeVcfs	Processed       280,000 records.  Elapsed time: 00:00:06s.  Time for last 10,000:    0s.  Last read position: 1:190,939,497
INFO	2018-05-28 19:03:51	MergeVcfs	Processed       290,000 records.  Elapsed time: 00:00:06s.  Time for last 10,000:    0s.  Last read position: 1:196,292,659
INFO	2018-05-28 19:03:51	MergeVcfs	Processed       300,000 records.  Elapsed time: 00:00:06s.  Time for last 10,000:    0s.  Last read position: 1:202,614,069
INFO	2018-05-28 19:03:51	MergeVcfs	Processed       310,000 records.  Elapsed time: 00:00:06s.  Time for last 10,000:    0s.  Last read position: 1:209,063,906
INFO	2018-05-28 19:03:51	MergeVcfs	Processed       320,000 records.  Elapsed time: 00:00:06s.  Time for last 10,000:    0s.  Last read position: 1:215,115,963
INFO	2018-05-28 19:03:51	MergeVcfs	Processed       330,000 records.  Elapsed time: 00:00:06s.  Time for last 10,000:    0s.  Last read position: 1:221,111,780
INFO	2018-05-28 19:03:51	MergeVcfs	Processed       340,000 records.  Elapsed time: 00:00:06s.  Time for last 10,000:    0s.  Last read position: 1:226,923,505
INFO	2018-05-28 19:03:51	MergeVcfs	Processed       350,000 records.  Elapsed time: 00:00:07s.  Time for last 10,000:    0s.  Last read position: 1:232,492,037
INFO	2018-05-28 19:03:51	MergeVcfs	Processed       360,000 records.  Elapsed time: 00:00:07s.  Time for last 10,000:    0s.  Last read position: 1:237,288,825
INFO	2018-05-28 19:03:51	MergeVcfs	Processed       370,000 records.  Elapsed time: 00:00:07s.  Time for last 10,000:    0s.  Last read position: 1:241,876,812
INFO	2018-05-28 19:03:51	MergeVcfs	Processed       380,000 records.  Elapsed time: 00:00:07s.  Time for last 10,000:    0s.  Last read position: 1:246,239,304
INFO	2018-05-28 19:03:52	MergeVcfs	Processed       390,000 records.  Elapsed time: 00:00:07s.  Time for last 10,000:    0s.  Last read position: 2:874,244
INFO	2018-05-28 19:03:52	MergeVcfs	Processed       400,000 records.  Elapsed time: 00:00:07s.  Time for last 10,000:    0s.  Last read position: 2:5,236,153
INFO	2018-05-28 19:03:52	MergeVcfs	Processed       410,000 records.  Elapsed time: 00:00:07s.  Time for last 10,000:    0s.  Last read position: 2:10,407,686
INFO	2018-05-28 19:03:52	MergeVcfs	Processed       420,000 records.  Elapsed time: 00:00:07s.  Time for last 10,000:    0s.  Last read position: 2:15,542,159
INFO	2018-05-28 19:03:52	MergeVcfs	Processed       430,000 records.  Elapsed time: 00:00:07s.  Time for last 10,000:    0s.  Last read position: 2:20,891,108
INFO	2018-05-28 19:03:52	MergeVcfs	Processed       440,000 records.  Elapsed time: 00:00:08s.  Time for last 10,000:    0s.  Last read position: 2:27,163,847
INFO	2018-05-28 19:03:52	MergeVcfs	Processed       450,000 records.  Elapsed time: 00:00:08s.  Time for last 10,000:    0s.  Last read position: 2:33,015,598
INFO	2018-05-28 19:03:52	MergeVcfs	Processed       460,000 records.  Elapsed time: 00:00:08s.  Time for last 10,000:    0s.  Last read position: 2:36,862,985
INFO	2018-05-28 19:03:52	MergeVcfs	Processed       470,000 records.  Elapsed time: 00:00:08s.  Time for last 10,000:    0s.  Last read position: 2:41,762,990
INFO	2018-05-28 19:03:53	MergeVcfs	Processed       480,000 records.  Elapsed time: 00:00:08s.  Time for last 10,000:    0s.  Last read position: 2:46,885,394
INFO	2018-05-28 19:03:53	MergeVcfs	Processed       490,000 records.  Elapsed time: 00:00:08s.  Time for last 10,000:    0s.  Last read position: 2:52,531,661
INFO	2018-05-28 19:03:53	MergeVcfs	Processed       500,000 records.  Elapsed time: 00:00:08s.  Time for last 10,000:    0s.  Last read position: 2:57,438,161
INFO	2018-05-28 19:03:53	MergeVcfs	Processed       510,000 records.  Elapsed time: 00:00:08s.  Time for last 10,000:    0s.  Last read position: 2:64,511,043
INFO	2018-05-28 19:03:53	MergeVcfs	Processed       520,000 records.  Elapsed time: 00:00:08s.  Time for last 10,000:    0s.  Last read position: 2:69,756,715
INFO	2018-05-28 19:03:53	MergeVcfs	Processed       530,000 records.  Elapsed time: 00:00:08s.  Time for last 10,000:    0s.  Last read position: 2:75,045,720
INFO	2018-05-28 19:03:53	MergeVcfs	Processed       540,000 records.  Elapsed time: 00:00:09s.  Time for last 10,000:    0s.  Last read position: 2:79,873,600
INFO	2018-05-28 19:03:53	MergeVcfs	Processed       550,000 records.  Elapsed time: 00:00:09s.  Time for last 10,000:    0s.  Last read position: 2:85,588,041
INFO	2018-05-28 19:03:53	MergeVcfs	Processed       560,000 records.  Elapsed time: 00:00:09s.  Time for last 10,000:    0s.  Last read position: 2:98,928,494
INFO	2018-05-28 19:03:53	MergeVcfs	Processed       570,000 records.  Elapsed time: 00:00:09s.  Time for last 10,000:    0s.  Last read position: 2:104,928,018
INFO	2018-05-28 19:03:54	MergeVcfs	Processed       580,000 records.  Elapsed time: 00:00:09s.  Time for last 10,000:    0s.  Last read position: 2:110,956,045
INFO	2018-05-28 19:03:54	MergeVcfs	Processed       590,000 records.  Elapsed time: 00:00:09s.  Time for last 10,000:    0s.  Last read position: 2:118,037,710
INFO	2018-05-28 19:03:54	MergeVcfs	Processed       600,000 records.  Elapsed time: 00:00:09s.  Time for last 10,000:    0s.  Last read position: 2:123,234,174
INFO	2018-05-28 19:03:54	MergeVcfs	Processed       610,000 records.  Elapsed time: 00:00:09s.  Time for last 10,000:    0s.  Last read position: 2:128,832,892
INFO	2018-05-28 19:03:54	MergeVcfs	Processed       620,000 records.  Elapsed time: 00:00:09s.  Time for last 10,000:    0s.  Last read position: 2:134,332,761
INFO	2018-05-28 19:03:54	MergeVcfs	Processed       630,000 records.  Elapsed time: 00:00:09s.  Time for last 10,000:    0s.  Last read position: 2:140,087,058
INFO	2018-05-28 19:03:54	MergeVcfs	Processed       640,000 records.  Elapsed time: 00:00:10s.  Time for last 10,000:    0s.  Last read position: 2:146,764,156
INFO	2018-05-28 19:03:54	MergeVcfs	Processed       650,000 records.  Elapsed time: 00:00:10s.  Time for last 10,000:    0s.  Last read position: 2:154,148,209
INFO	2018-05-28 19:03:54	MergeVcfs	Processed       660,000 records.  Elapsed time: 00:00:10s.  Time for last 10,000:    0s.  Last read position: 2:160,678,787
INFO	2018-05-28 19:03:54	MergeVcfs	Processed       670,000 records.  Elapsed time: 00:00:10s.  Time for last 10,000:    0s.  Last read position: 2:167,448,965
INFO	2018-05-28 19:03:54	MergeVcfs	Processed       680,000 records.  Elapsed time: 00:00:10s.  Time for last 10,000:    0s.  Last read position: 2:173,332,695
INFO	2018-05-28 19:03:55	MergeVcfs	Processed       690,000 records.  Elapsed time: 00:00:10s.  Time for last 10,000:    0s.  Last read position: 2:179,072,181
INFO	2018-05-28 19:03:55	MergeVcfs	Processed       700,000 records.  Elapsed time: 00:00:10s.  Time for last 10,000:    0s.  Last read position: 2:185,682,739
INFO	2018-05-28 19:03:55	MergeVcfs	Processed       710,000 records.  Elapsed time: 00:00:10s.  Time for last 10,000:    0s.  Last read position: 2:191,920,771
INFO	2018-05-28 19:03:55	MergeVcfs	Processed       720,000 records.  Elapsed time: 00:00:10s.  Time for last 10,000:    0s.  Last read position: 2:197,985,666
INFO	2018-05-28 19:03:55	MergeVcfs	Processed       730,000 records.  Elapsed time: 00:00:10s.  Time for last 10,000:    0s.  Last read position: 2:205,874,393
INFO	2018-05-28 19:03:55	MergeVcfs	Processed       740,000 records.  Elapsed time: 00:00:11s.  Time for last 10,000:    0s.  Last read position: 2:212,070,191
INFO	2018-05-28 19:03:55	MergeVcfs	Processed       750,000 records.  Elapsed time: 00:00:11s.  Time for last 10,000:    0s.  Last read position: 2:217,836,599
INFO	2018-05-28 19:03:55	MergeVcfs	Processed       760,000 records.  Elapsed time: 00:00:11s.  Time for last 10,000:    0s.  Last read position: 2:223,635,030
INFO	2018-05-28 19:03:55	MergeVcfs	Processed       770,000 records.  Elapsed time: 00:00:11s.  Time for last 10,000:    0s.  Last read position: 2:228,570,252
INFO	2018-05-28 19:03:55	MergeVcfs	Processed       780,000 records.  Elapsed time: 00:00:11s.  Time for last 10,000:    0s.  Last read position: 2:233,450,785
INFO	2018-05-28 19:03:56	MergeVcfs	Processed       790,000 records.  Elapsed time: 00:00:11s.  Time for last 10,000:    0s.  Last read position: 2:238,114,043
INFO	2018-05-28 19:03:56	MergeVcfs	Processed       800,000 records.  Elapsed time: 00:00:11s.  Time for last 10,000:    0s.  Last read position: 2:242,643,002
INFO	2018-05-28 19:03:56	MergeVcfs	Processed       810,000 records.  Elapsed time: 00:00:11s.  Time for last 10,000:    0s.  Last read position: 3:3,272,747
INFO	2018-05-28 19:03:56	MergeVcfs	Processed       820,000 records.  Elapsed time: 00:00:11s.  Time for last 10,000:    0s.  Last read position: 3:7,530,446
INFO	2018-05-28 19:03:56	MergeVcfs	Processed       830,000 records.  Elapsed time: 00:00:11s.  Time for last 10,000:    0s.  Last read position: 3:12,038,629
INFO	2018-05-28 19:03:56	MergeVcfs	Processed       840,000 records.  Elapsed time: 00:00:11s.  Time for last 10,000:    0s.  Last read position: 3:16,808,653
INFO	2018-05-28 19:03:56	MergeVcfs	Processed       850,000 records.  Elapsed time: 00:00:12s.  Time for last 10,000:    0s.  Last read position: 3:22,362,959
INFO	2018-05-28 19:03:56	MergeVcfs	Processed       860,000 records.  Elapsed time: 00:00:12s.  Time for last 10,000:    0s.  Last read position: 3:27,381,430
INFO	2018-05-28 19:03:56	MergeVcfs	Processed       870,000 records.  Elapsed time: 00:00:12s.  Time for last 10,000:    0s.  Last read position: 3:32,581,796
INFO	2018-05-28 19:03:56	MergeVcfs	Processed       880,000 records.  Elapsed time: 00:00:12s.  Time for last 10,000:    0s.  Last read position: 3:39,087,764
INFO	2018-05-28 19:03:57	MergeVcfs	Processed       890,000 records.  Elapsed time: 00:00:12s.  Time for last 10,000:    0s.  Last read position: 3:45,047,969
INFO	2018-05-28 19:03:57	MergeVcfs	Processed       900,000 records.  Elapsed time: 00:00:12s.  Time for last 10,000:    0s.  Last read position: 3:53,169,421
INFO	2018-05-28 19:03:57	MergeVcfs	Processed       910,000 records.  Elapsed time: 00:00:12s.  Time for last 10,000:    0s.  Last read position: 3:59,047,902
INFO	2018-05-28 19:03:57	MergeVcfs	Processed       920,000 records.  Elapsed time: 00:00:12s.  Time for last 10,000:    0s.  Last read position: 3:64,223,367
INFO	2018-05-28 19:03:57	MergeVcfs	Processed       930,000 records.  Elapsed time: 00:00:12s.  Time for last 10,000:    0s.  Last read position: 3:68,878,779
INFO	2018-05-28 19:03:57	MergeVcfs	Processed       940,000 records.  Elapsed time: 00:00:12s.  Time for last 10,000:    0s.  Last read position: 3:74,393,755
INFO	2018-05-28 19:03:57	MergeVcfs	Processed       950,000 records.  Elapsed time: 00:00:13s.  Time for last 10,000:    0s.  Last read position: 3:79,819,264
INFO	2018-05-28 19:03:57	MergeVcfs	Processed       960,000 records.  Elapsed time: 00:00:13s.  Time for last 10,000:    0s.  Last read position: 3:86,024,573
INFO	2018-05-28 19:03:57	MergeVcfs	Processed       970,000 records.  Elapsed time: 00:00:13s.  Time for last 10,000:    0s.  Last read position: 3:95,159,418
INFO	2018-05-28 19:03:57	MergeVcfs	Processed       980,000 records.  Elapsed time: 00:00:13s.  Time for last 10,000:    0s.  Last read position: 3:99,414,479
INFO	2018-05-28 19:03:58	MergeVcfs	Processed       990,000 records.  Elapsed time: 00:00:13s.  Time for last 10,000:    0s.  Last read position: 3:104,833,842
INFO	2018-05-28 19:03:58	MergeVcfs	Processed     1,000,000 records.  Elapsed time: 00:00:13s.  Time for last 10,000:    0s.  Last read position: 3:110,643,510
INFO	2018-05-28 19:03:58	MergeVcfs	Processed     1,010,000 records.  Elapsed time: 00:00:13s.  Time for last 10,000:    0s.  Last read position: 3:116,530,828
INFO	2018-05-28 19:03:58	MergeVcfs	Processed     1,020,000 records.  Elapsed time: 00:00:13s.  Time for last 10,000:    0s.  Last read position: 3:122,858,831
INFO	2018-05-28 19:03:58	MergeVcfs	Processed     1,030,000 records.  Elapsed time: 00:00:13s.  Time for last 10,000:    0s.  Last read position: 3:127,958,692
INFO	2018-05-28 19:03:58	MergeVcfs	Processed     1,040,000 records.  Elapsed time: 00:00:13s.  Time for last 10,000:    0s.  Last read position: 3:133,735,861
INFO	2018-05-28 19:03:58	MergeVcfs	Processed     1,050,000 records.  Elapsed time: 00:00:14s.  Time for last 10,000:    0s.  Last read position: 3:140,290,208
INFO	2018-05-28 19:03:58	MergeVcfs	Processed     1,060,000 records.  Elapsed time: 00:00:14s.  Time for last 10,000:    0s.  Last read position: 3:145,665,218
INFO	2018-05-28 19:03:58	MergeVcfs	Processed     1,070,000 records.  Elapsed time: 00:00:14s.  Time for last 10,000:    0s.  Last read position: 3:151,265,215
INFO	2018-05-28 19:03:58	MergeVcfs	Processed     1,080,000 records.  Elapsed time: 00:00:14s.  Time for last 10,000:    0s.  Last read position: 3:157,217,041
INFO	2018-05-28 19:03:59	MergeVcfs	Processed     1,090,000 records.  Elapsed time: 00:00:14s.  Time for last 10,000:    0s.  Last read position: 3:162,490,056
INFO	2018-05-28 19:03:59	MergeVcfs	Processed     1,100,000 records.  Elapsed time: 00:00:14s.  Time for last 10,000:    0s.  Last read position: 3:167,109,496
INFO	2018-05-28 19:03:59	MergeVcfs	Processed     1,110,000 records.  Elapsed time: 00:00:14s.  Time for last 10,000:    0s.  Last read position: 3:173,064,588
INFO	2018-05-28 19:03:59	MergeVcfs	Processed     1,120,000 records.  Elapsed time: 00:00:14s.  Time for last 10,000:    0s.  Last read position: 3:177,772,966
INFO	2018-05-28 19:03:59	MergeVcfs	Processed     1,130,000 records.  Elapsed time: 00:00:14s.  Time for last 10,000:    0s.  Last read position: 3:184,319,711
INFO	2018-05-28 19:03:59	MergeVcfs	Processed     1,140,000 records.  Elapsed time: 00:00:14s.  Time for last 10,000:    0s.  Last read position: 3:189,567,818
INFO	2018-05-28 19:03:59	MergeVcfs	Processed     1,150,000 records.  Elapsed time: 00:00:15s.  Time for last 10,000:    0s.  Last read position: 3:193,886,332
INFO	2018-05-28 19:03:59	MergeVcfs	Processed     1,160,000 records.  Elapsed time: 00:00:15s.  Time for last 10,000:    0s.  Last read position: 4:1,028,389
INFO	2018-05-28 19:03:59	MergeVcfs	Processed     1,170,000 records.  Elapsed time: 00:00:15s.  Time for last 10,000:    0s.  Last read position: 4:5,238,185
INFO	2018-05-28 19:03:59	MergeVcfs	Processed     1,180,000 records.  Elapsed time: 00:00:15s.  Time for last 10,000:    0s.  Last read position: 4:8,946,780
INFO	2018-05-28 19:04:00	MergeVcfs	Processed     1,190,000 records.  Elapsed time: 00:00:15s.  Time for last 10,000:    0s.  Last read position: 4:12,950,510
INFO	2018-05-28 19:04:00	MergeVcfs	Processed     1,200,000 records.  Elapsed time: 00:00:15s.  Time for last 10,000:    0s.  Last read position: 4:18,320,094
INFO	2018-05-28 19:04:00	MergeVcfs	Processed     1,210,000 records.  Elapsed time: 00:00:15s.  Time for last 10,000:    0s.  Last read position: 4:23,398,372
INFO	2018-05-28 19:04:00	MergeVcfs	Processed     1,220,000 records.  Elapsed time: 00:00:15s.  Time for last 10,000:    0s.  Last read position: 4:28,573,280
INFO	2018-05-28 19:04:00	MergeVcfs	Processed     1,230,000 records.  Elapsed time: 00:00:15s.  Time for last 10,000:    0s.  Last read position: 4:32,743,164
INFO	2018-05-28 19:04:00	MergeVcfs	Processed     1,240,000 records.  Elapsed time: 00:00:15s.  Time for last 10,000:    0s.  Last read position: 4:37,672,411
INFO	2018-05-28 19:04:00	MergeVcfs	Processed     1,250,000 records.  Elapsed time: 00:00:16s.  Time for last 10,000:    0s.  Last read position: 4:42,850,509
INFO	2018-05-28 19:04:00	MergeVcfs	Processed     1,260,000 records.  Elapsed time: 00:00:16s.  Time for last 10,000:    0s.  Last read position: 4:48,933,273
INFO	2018-05-28 19:04:00	MergeVcfs	Processed     1,270,000 records.  Elapsed time: 00:00:16s.  Time for last 10,000:    0s.  Last read position: 4:57,366,244
INFO	2018-05-28 19:04:00	MergeVcfs	Processed     1,280,000 records.  Elapsed time: 00:00:16s.  Time for last 10,000:    0s.  Last read position: 4:61,424,832
INFO	2018-05-28 19:04:01	MergeVcfs	Processed     1,290,000 records.  Elapsed time: 00:00:16s.  Time for last 10,000:    0s.  Last read position: 4:66,083,807
INFO	2018-05-28 19:04:01	MergeVcfs	Processed     1,300,000 records.  Elapsed time: 00:00:16s.  Time for last 10,000:    0s.  Last read position: 4:71,211,334
INFO	2018-05-28 19:04:01	MergeVcfs	Processed     1,310,000 records.  Elapsed time: 00:00:16s.  Time for last 10,000:    0s.  Last read position: 4:76,216,648
INFO	2018-05-28 19:04:01	MergeVcfs	Processed     1,320,000 records.  Elapsed time: 00:00:16s.  Time for last 10,000:    0s.  Last read position: 4:81,544,904
INFO	2018-05-28 19:04:01	MergeVcfs	Processed     1,330,000 records.  Elapsed time: 00:00:16s.  Time for last 10,000:    0s.  Last read position: 4:86,485,469
INFO	2018-05-28 19:04:01	MergeVcfs	Processed     1,340,000 records.  Elapsed time: 00:00:16s.  Time for last 10,000:    0s.  Last read position: 4:91,954,489
INFO	2018-05-28 19:04:01	MergeVcfs	Processed     1,350,000 records.  Elapsed time: 00:00:17s.  Time for last 10,000:    0s.  Last read position: 4:97,431,751
INFO	2018-05-28 19:04:01	MergeVcfs	Processed     1,360,000 records.  Elapsed time: 00:00:17s.  Time for last 10,000:    0s.  Last read position: 4:102,427,894
INFO	2018-05-28 19:04:01	MergeVcfs	Processed     1,370,000 records.  Elapsed time: 00:00:17s.  Time for last 10,000:    0s.  Last read position: 4:108,596,230
INFO	2018-05-28 19:04:01	MergeVcfs	Processed     1,380,000 records.  Elapsed time: 00:00:17s.  Time for last 10,000:    0s.  Last read position: 4:114,211,892
INFO	2018-05-28 19:04:02	MergeVcfs	Processed     1,390,000 records.  Elapsed time: 00:00:17s.  Time for last 10,000:    0s.  Last read position: 4:118,754,293
INFO	2018-05-28 19:04:02	MergeVcfs	Processed     1,400,000 records.  Elapsed time: 00:00:17s.  Time for last 10,000:    0s.  Last read position: 4:125,037,794
INFO	2018-05-28 19:04:02	MergeVcfs	Processed     1,410,000 records.  Elapsed time: 00:00:17s.  Time for last 10,000:    0s.  Last read position: 4:131,102,446
INFO	2018-05-28 19:04:02	MergeVcfs	Processed     1,420,000 records.  Elapsed time: 00:00:17s.  Time for last 10,000:    0s.  Last read position: 4:136,371,798
INFO	2018-05-28 19:04:02	MergeVcfs	Processed     1,430,000 records.  Elapsed time: 00:00:17s.  Time for last 10,000:    0s.  Last read position: 4:142,490,463
INFO	2018-05-28 19:04:02	MergeVcfs	Processed     1,440,000 records.  Elapsed time: 00:00:17s.  Time for last 10,000:    0s.  Last read position: 4:148,417,600
INFO	2018-05-28 19:04:02	MergeVcfs	Processed     1,450,000 records.  Elapsed time: 00:00:18s.  Time for last 10,000:    0s.  Last read position: 4:155,288,092
INFO	2018-05-28 19:04:02	MergeVcfs	Processed     1,460,000 records.  Elapsed time: 00:00:18s.  Time for last 10,000:    0s.  Last read position: 4:160,709,783
INFO	2018-05-28 19:04:02	MergeVcfs	Processed     1,470,000 records.  Elapsed time: 00:00:18s.  Time for last 10,000:    0s.  Last read position: 4:165,368,700
INFO	2018-05-28 19:04:02	MergeVcfs	Processed     1,480,000 records.  Elapsed time: 00:00:18s.  Time for last 10,000:    0s.  Last read position: 4:170,234,403
INFO	2018-05-28 19:04:02	MergeVcfs	Processed     1,490,000 records.  Elapsed time: 00:00:18s.  Time for last 10,000:    0s.  Last read position: 4:175,197,680
INFO	2018-05-28 19:04:03	MergeVcfs	Processed     1,500,000 records.  Elapsed time: 00:00:18s.  Time for last 10,000:    0s.  Last read position: 4:180,066,129
INFO	2018-05-28 19:04:03	MergeVcfs	Processed     1,510,000 records.  Elapsed time: 00:00:18s.  Time for last 10,000:    0s.  Last read position: 4:184,539,475
INFO	2018-05-28 19:04:03	MergeVcfs	Processed     1,520,000 records.  Elapsed time: 00:00:18s.  Time for last 10,000:    0s.  Last read position: 4:188,637,955
INFO	2018-05-28 19:04:03	MergeVcfs	Processed     1,530,000 records.  Elapsed time: 00:00:18s.  Time for last 10,000:    0s.  Last read position: 5:1,206,491
INFO	2018-05-28 19:04:03	MergeVcfs	Processed     1,540,000 records.  Elapsed time: 00:00:18s.  Time for last 10,000:    0s.  Last read position: 5:5,038,540
INFO	2018-05-28 19:04:03	MergeVcfs	Processed     1,550,000 records.  Elapsed time: 00:00:19s.  Time for last 10,000:    0s.  Last read position: 5:9,823,680
INFO	2018-05-28 19:04:03	MergeVcfs	Processed     1,560,000 records.  Elapsed time: 00:00:19s.  Time for last 10,000:    0s.  Last read position: 5:15,597,087
INFO	2018-05-28 19:04:03	MergeVcfs	Processed     1,570,000 records.  Elapsed time: 00:00:19s.  Time for last 10,000:    0s.  Last read position: 5:20,462,343
INFO	2018-05-28 19:04:03	MergeVcfs	Processed     1,580,000 records.  Elapsed time: 00:00:19s.  Time for last 10,000:    0s.  Last read position: 5:25,900,094
INFO	2018-05-28 19:04:03	MergeVcfs	Processed     1,590,000 records.  Elapsed time: 00:00:19s.  Time for last 10,000:    0s.  Last read position: 5:30,479,669
INFO	2018-05-28 19:04:04	MergeVcfs	Processed     1,600,000 records.  Elapsed time: 00:00:19s.  Time for last 10,000:    0s.  Last read position: 5:35,831,690
INFO	2018-05-28 19:04:04	MergeVcfs	Processed     1,610,000 records.  Elapsed time: 00:00:19s.  Time for last 10,000:    0s.  Last read position: 5:41,610,025
INFO	2018-05-28 19:04:04	MergeVcfs	Processed     1,620,000 records.  Elapsed time: 00:00:19s.  Time for last 10,000:    0s.  Last read position: 5:51,973,178
INFO	2018-05-28 19:04:04	MergeVcfs	Processed     1,630,000 records.  Elapsed time: 00:00:19s.  Time for last 10,000:    0s.  Last read position: 5:57,249,035
INFO	2018-05-28 19:04:04	MergeVcfs	Processed     1,640,000 records.  Elapsed time: 00:00:19s.  Time for last 10,000:    0s.  Last read position: 5:63,547,800
INFO	2018-05-28 19:04:04	MergeVcfs	Processed     1,650,000 records.  Elapsed time: 00:00:19s.  Time for last 10,000:    0s.  Last read position: 5:71,190,039
INFO	2018-05-28 19:04:04	MergeVcfs	Processed     1,660,000 records.  Elapsed time: 00:00:20s.  Time for last 10,000:    0s.  Last read position: 5:77,076,969
INFO	2018-05-28 19:04:04	MergeVcfs	Processed     1,670,000 records.  Elapsed time: 00:00:20s.  Time for last 10,000:    0s.  Last read position: 5:83,189,173
INFO	2018-05-28 19:04:04	MergeVcfs	Processed     1,680,000 records.  Elapsed time: 00:00:20s.  Time for last 10,000:    0s.  Last read position: 5:89,758,816
INFO	2018-05-28 19:04:04	MergeVcfs	Processed     1,690,000 records.  Elapsed time: 00:00:20s.  Time for last 10,000:    0s.  Last read position: 5:97,627,505
INFO	2018-05-28 19:04:05	MergeVcfs	Processed     1,700,000 records.  Elapsed time: 00:00:20s.  Time for last 10,000:    0s.  Last read position: 5:102,760,603
INFO	2018-05-28 19:04:05	MergeVcfs	Processed     1,710,000 records.  Elapsed time: 00:00:20s.  Time for last 10,000:    0s.  Last read position: 5:108,629,012
INFO	2018-05-28 19:04:05	MergeVcfs	Processed     1,720,000 records.  Elapsed time: 00:00:20s.  Time for last 10,000:    0s.  Last read position: 5:113,674,926
INFO	2018-05-28 19:04:05	MergeVcfs	Processed     1,730,000 records.  Elapsed time: 00:00:20s.  Time for last 10,000:    0s.  Last read position: 5:118,158,913
INFO	2018-05-28 19:04:05	MergeVcfs	Processed     1,740,000 records.  Elapsed time: 00:00:20s.  Time for last 10,000:    0s.  Last read position: 5:123,534,494
INFO	2018-05-28 19:04:05	MergeVcfs	Processed     1,750,000 records.  Elapsed time: 00:00:20s.  Time for last 10,000:    0s.  Last read position: 5:128,312,356
INFO	2018-05-28 19:04:05	MergeVcfs	Processed     1,760,000 records.  Elapsed time: 00:00:21s.  Time for last 10,000:    0s.  Last read position: 5:135,408,325
INFO	2018-05-28 19:04:05	MergeVcfs	Processed     1,770,000 records.  Elapsed time: 00:00:21s.  Time for last 10,000:    0s.  Last read position: 5:142,642,521
INFO	2018-05-28 19:04:05	MergeVcfs	Processed     1,780,000 records.  Elapsed time: 00:00:21s.  Time for last 10,000:    0s.  Last read position: 5:148,551,482
INFO	2018-05-28 19:04:05	MergeVcfs	Processed     1,790,000 records.  Elapsed time: 00:00:21s.  Time for last 10,000:    0s.  Last read position: 5:154,510,806
INFO	2018-05-28 19:04:06	MergeVcfs	Processed     1,800,000 records.  Elapsed time: 00:00:21s.  Time for last 10,000:    0s.  Last read position: 5:160,064,024
INFO	2018-05-28 19:04:06	MergeVcfs	Processed     1,810,000 records.  Elapsed time: 00:00:21s.  Time for last 10,000:    0s.  Last read position: 5:165,582,545
INFO	2018-05-28 19:04:06	MergeVcfs	Processed     1,820,000 records.  Elapsed time: 00:00:21s.  Time for last 10,000:    0s.  Last read position: 5:171,546,863
INFO	2018-05-28 19:04:06	MergeVcfs	Processed     1,830,000 records.  Elapsed time: 00:00:21s.  Time for last 10,000:    0s.  Last read position: 5:176,852,255
INFO	2018-05-28 19:04:06	MergeVcfs	Processed     1,840,000 records.  Elapsed time: 00:00:21s.  Time for last 10,000:    0s.  Last read position: 6:914,641
INFO	2018-05-28 19:04:06	MergeVcfs	Processed     1,850,000 records.  Elapsed time: 00:00:21s.  Time for last 10,000:    0s.  Last read position: 6:5,184,601
INFO	2018-05-28 19:04:06	MergeVcfs	Processed     1,860,000 records.  Elapsed time: 00:00:22s.  Time for last 10,000:    0s.  Last read position: 6:9,501,496
INFO	2018-05-28 19:04:06	MergeVcfs	Processed     1,870,000 records.  Elapsed time: 00:00:22s.  Time for last 10,000:    0s.  Last read position: 6:14,583,998
INFO	2018-05-28 19:04:06	MergeVcfs	Processed     1,880,000 records.  Elapsed time: 00:00:22s.  Time for last 10,000:    0s.  Last read position: 6:19,673,257
INFO	2018-05-28 19:04:06	MergeVcfs	Processed     1,890,000 records.  Elapsed time: 00:00:22s.  Time for last 10,000:    0s.  Last read position: 6:24,549,155
INFO	2018-05-28 19:04:07	MergeVcfs	Processed     1,900,000 records.  Elapsed time: 00:00:22s.  Time for last 10,000:    0s.  Last read position: 6:29,865,457
INFO	2018-05-28 19:04:07	MergeVcfs	Processed     1,910,000 records.  Elapsed time: 00:00:22s.  Time for last 10,000:    0s.  Last read position: 6:31,452,090
INFO	2018-05-28 19:04:07	MergeVcfs	Processed     1,920,000 records.  Elapsed time: 00:00:22s.  Time for last 10,000:    0s.  Last read position: 6:32,645,497
INFO	2018-05-28 19:04:07	MergeVcfs	Processed     1,930,000 records.  Elapsed time: 00:00:22s.  Time for last 10,000:    0s.  Last read position: 6:36,846,411
INFO	2018-05-28 19:04:07	MergeVcfs	Processed     1,940,000 records.  Elapsed time: 00:00:22s.  Time for last 10,000:    0s.  Last read position: 6:42,448,449
INFO	2018-05-28 19:04:07	MergeVcfs	Processed     1,950,000 records.  Elapsed time: 00:00:22s.  Time for last 10,000:    0s.  Last read position: 6:48,461,486
INFO	2018-05-28 19:04:07	MergeVcfs	Processed     1,960,000 records.  Elapsed time: 00:00:23s.  Time for last 10,000:    0s.  Last read position: 6:54,717,772
INFO	2018-05-28 19:04:07	MergeVcfs	Processed     1,970,000 records.  Elapsed time: 00:00:23s.  Time for last 10,000:    0s.  Last read position: 6:63,178,353
INFO	2018-05-28 19:04:07	MergeVcfs	Processed     1,980,000 records.  Elapsed time: 00:00:23s.  Time for last 10,000:    0s.  Last read position: 6:67,812,128
INFO	2018-05-28 19:04:07	MergeVcfs	Processed     1,990,000 records.  Elapsed time: 00:00:23s.  Time for last 10,000:    0s.  Last read position: 6:73,173,514
INFO	2018-05-28 19:04:08	MergeVcfs	Processed     2,000,000 records.  Elapsed time: 00:00:23s.  Time for last 10,000:    0s.  Last read position: 6:78,239,367
INFO	2018-05-28 19:04:08	MergeVcfs	Processed     2,010,000 records.  Elapsed time: 00:00:23s.  Time for last 10,000:    0s.  Last read position: 6:83,099,360
INFO	2018-05-28 19:04:08	MergeVcfs	Processed     2,020,000 records.  Elapsed time: 00:00:23s.  Time for last 10,000:    0s.  Last read position: 6:88,942,172
INFO	2018-05-28 19:04:08	MergeVcfs	Processed     2,030,000 records.  Elapsed time: 00:00:23s.  Time for last 10,000:    0s.  Last read position: 6:95,129,347
INFO	2018-05-28 19:04:08	MergeVcfs	Processed     2,040,000 records.  Elapsed time: 00:00:23s.  Time for last 10,000:    0s.  Last read position: 6:101,246,823
INFO	2018-05-28 19:04:08	MergeVcfs	Processed     2,050,000 records.  Elapsed time: 00:00:23s.  Time for last 10,000:    0s.  Last read position: 6:106,442,246
INFO	2018-05-28 19:04:08	MergeVcfs	Processed     2,060,000 records.  Elapsed time: 00:00:24s.  Time for last 10,000:    0s.  Last read position: 6:112,858,908
INFO	2018-05-28 19:04:08	MergeVcfs	Processed     2,070,000 records.  Elapsed time: 00:00:24s.  Time for last 10,000:    0s.  Last read position: 6:118,636,792
INFO	2018-05-28 19:04:08	MergeVcfs	Processed     2,080,000 records.  Elapsed time: 00:00:24s.  Time for last 10,000:    0s.  Last read position: 6:124,313,842
INFO	2018-05-28 19:04:08	MergeVcfs	Processed     2,090,000 records.  Elapsed time: 00:00:24s.  Time for last 10,000:    0s.  Last read position: 6:130,920,176
INFO	2018-05-28 19:04:08	MergeVcfs	Processed     2,100,000 records.  Elapsed time: 00:00:24s.  Time for last 10,000:    0s.  Last read position: 6:136,245,259
INFO	2018-05-28 19:04:09	MergeVcfs	Processed     2,110,000 records.  Elapsed time: 00:00:24s.  Time for last 10,000:    0s.  Last read position: 6:142,562,020
INFO	2018-05-28 19:04:09	MergeVcfs	Processed     2,120,000 records.  Elapsed time: 00:00:24s.  Time for last 10,000:    0s.  Last read position: 6:148,521,414
INFO	2018-05-28 19:04:09	MergeVcfs	Processed     2,130,000 records.  Elapsed time: 00:00:24s.  Time for last 10,000:    0s.  Last read position: 6:153,212,871
INFO	2018-05-28 19:04:09	MergeVcfs	Processed     2,140,000 records.  Elapsed time: 00:00:24s.  Time for last 10,000:    0s.  Last read position: 6:158,398,902
INFO	2018-05-28 19:04:09	MergeVcfs	Processed     2,150,000 records.  Elapsed time: 00:00:24s.  Time for last 10,000:    0s.  Last read position: 6:162,804,945
INFO	2018-05-28 19:04:09	MergeVcfs	Processed     2,160,000 records.  Elapsed time: 00:00:25s.  Time for last 10,000:    0s.  Last read position: 6:167,382,819
INFO	2018-05-28 19:04:09	MergeVcfs	Processed     2,170,000 records.  Elapsed time: 00:00:25s.  Time for last 10,000:    0s.  Last read position: 7:483,717
INFO	2018-05-28 19:04:09	MergeVcfs	Processed     2,180,000 records.  Elapsed time: 00:00:25s.  Time for last 10,000:    0s.  Last read position: 7:4,237,717
INFO	2018-05-28 19:04:09	MergeVcfs	Processed     2,190,000 records.  Elapsed time: 00:00:25s.  Time for last 10,000:    0s.  Last read position: 7:8,125,531
INFO	2018-05-28 19:04:09	MergeVcfs	Processed     2,200,000 records.  Elapsed time: 00:00:25s.  Time for last 10,000:    0s.  Last read position: 7:11,894,833
INFO	2018-05-28 19:04:10	MergeVcfs	Processed     2,210,000 records.  Elapsed time: 00:00:25s.  Time for last 10,000:    0s.  Last read position: 7:15,731,462
INFO	2018-05-28 19:04:10	MergeVcfs	Processed     2,220,000 records.  Elapsed time: 00:00:25s.  Time for last 10,000:    0s.  Last read position: 7:20,692,532
INFO	2018-05-28 19:04:10	MergeVcfs	Processed     2,230,000 records.  Elapsed time: 00:00:25s.  Time for last 10,000:    0s.  Last read position: 7:25,417,104
INFO	2018-05-28 19:04:10	MergeVcfs	Processed     2,240,000 records.  Elapsed time: 00:00:25s.  Time for last 10,000:    0s.  Last read position: 7:31,181,454
INFO	2018-05-28 19:04:10	MergeVcfs	Processed     2,250,000 records.  Elapsed time: 00:00:25s.  Time for last 10,000:    0s.  Last read position: 7:36,259,601
INFO	2018-05-28 19:04:10	MergeVcfs	Processed     2,260,000 records.  Elapsed time: 00:00:26s.  Time for last 10,000:    0s.  Last read position: 7:41,691,998
INFO	2018-05-28 19:04:10	MergeVcfs	Processed     2,270,000 records.  Elapsed time: 00:00:26s.  Time for last 10,000:    0s.  Last read position: 7:47,848,603
INFO	2018-05-28 19:04:10	MergeVcfs	Processed     2,280,000 records.  Elapsed time: 00:00:26s.  Time for last 10,000:    0s.  Last read position: 7:52,722,322
INFO	2018-05-28 19:04:10	MergeVcfs	Processed     2,290,000 records.  Elapsed time: 00:00:26s.  Time for last 10,000:    0s.  Last read position: 7:57,502,660
INFO	2018-05-28 19:04:10	MergeVcfs	Processed     2,300,000 records.  Elapsed time: 00:00:26s.  Time for last 10,000:    0s.  Last read position: 7:66,603,696
INFO	2018-05-28 19:04:11	MergeVcfs	Processed     2,310,000 records.  Elapsed time: 00:00:26s.  Time for last 10,000:    0s.  Last read position: 7:71,205,561
INFO	2018-05-28 19:04:11	MergeVcfs	Processed     2,320,000 records.  Elapsed time: 00:00:26s.  Time for last 10,000:    0s.  Last read position: 7:78,289,270
INFO	2018-05-28 19:04:11	MergeVcfs	Processed     2,330,000 records.  Elapsed time: 00:00:26s.  Time for last 10,000:    0s.  Last read position: 7:83,411,093
INFO	2018-05-28 19:04:11	MergeVcfs	Processed     2,340,000 records.  Elapsed time: 00:00:26s.  Time for last 10,000:    0s.  Last read position: 7:89,134,469
INFO	2018-05-28 19:04:11	MergeVcfs	Processed     2,350,000 records.  Elapsed time: 00:00:26s.  Time for last 10,000:    0s.  Last read position: 7:95,578,226
INFO	2018-05-28 19:04:11	MergeVcfs	Processed     2,360,000 records.  Elapsed time: 00:00:27s.  Time for last 10,000:    0s.  Last read position: 7:101,758,375
INFO	2018-05-28 19:04:11	MergeVcfs	Processed     2,370,000 records.  Elapsed time: 00:00:27s.  Time for last 10,000:    0s.  Last read position: 7:107,531,832
INFO	2018-05-28 19:04:11	MergeVcfs	Processed     2,380,000 records.  Elapsed time: 00:00:27s.  Time for last 10,000:    0s.  Last read position: 7:113,310,854
INFO	2018-05-28 19:04:11	MergeVcfs	Processed     2,390,000 records.  Elapsed time: 00:00:27s.  Time for last 10,000:    0s.  Last read position: 7:120,038,325
INFO	2018-05-28 19:04:11	MergeVcfs	Processed     2,400,000 records.  Elapsed time: 00:00:27s.  Time for last 10,000:    0s.  Last read position: 7:125,853,683
INFO	2018-05-28 19:04:12	MergeVcfs	Processed     2,410,000 records.  Elapsed time: 00:00:27s.  Time for last 10,000:    0s.  Last read position: 7:131,907,355
INFO	2018-05-28 19:04:12	MergeVcfs	Processed     2,420,000 records.  Elapsed time: 00:00:27s.  Time for last 10,000:    0s.  Last read position: 7:137,442,500
INFO	2018-05-28 19:04:12	MergeVcfs	Processed     2,430,000 records.  Elapsed time: 00:00:27s.  Time for last 10,000:    0s.  Last read position: 7:143,126,796
INFO	2018-05-28 19:04:12	MergeVcfs	Processed     2,440,000 records.  Elapsed time: 00:00:27s.  Time for last 10,000:    0s.  Last read position: 7:148,120,711
INFO	2018-05-28 19:04:12	MergeVcfs	Processed     2,450,000 records.  Elapsed time: 00:00:27s.  Time for last 10,000:    0s.  Last read position: 7:152,564,596
INFO	2018-05-28 19:04:12	MergeVcfs	Processed     2,460,000 records.  Elapsed time: 00:00:28s.  Time for last 10,000:    0s.  Last read position: 7:156,613,136
INFO	2018-05-28 19:04:12	MergeVcfs	Processed     2,470,000 records.  Elapsed time: 00:00:28s.  Time for last 10,000:    0s.  Last read position: 8:1,155,413
INFO	2018-05-28 19:04:12	MergeVcfs	Processed     2,480,000 records.  Elapsed time: 00:00:28s.  Time for last 10,000:    0s.  Last read position: 8:3,701,371
INFO	2018-05-28 19:04:12	MergeVcfs	Processed     2,490,000 records.  Elapsed time: 00:00:28s.  Time for last 10,000:    0s.  Last read position: 8:5,942,419
INFO	2018-05-28 19:04:13	MergeVcfs	Processed     2,500,000 records.  Elapsed time: 00:00:28s.  Time for last 10,000:    0s.  Last read position: 8:9,797,599
INFO	2018-05-28 19:04:13	MergeVcfs	Processed     2,510,000 records.  Elapsed time: 00:00:28s.  Time for last 10,000:    0s.  Last read position: 8:13,612,607
INFO	2018-05-28 19:04:13	MergeVcfs	Processed     2,520,000 records.  Elapsed time: 00:00:28s.  Time for last 10,000:    0s.  Last read position: 8:16,961,290
INFO	2018-05-28 19:04:13	MergeVcfs	Processed     2,530,000 records.  Elapsed time: 00:00:28s.  Time for last 10,000:    0s.  Last read position: 8:20,787,625
INFO	2018-05-28 19:04:13	MergeVcfs	Processed     2,540,000 records.  Elapsed time: 00:00:28s.  Time for last 10,000:    0s.  Last read position: 8:25,924,466
INFO	2018-05-28 19:04:13	MergeVcfs	Processed     2,550,000 records.  Elapsed time: 00:00:28s.  Time for last 10,000:    0s.  Last read position: 8:31,664,165
INFO	2018-05-28 19:04:13	MergeVcfs	Processed     2,560,000 records.  Elapsed time: 00:00:29s.  Time for last 10,000:    0s.  Last read position: 8:37,862,260
INFO	2018-05-28 19:04:13	MergeVcfs	Processed     2,570,000 records.  Elapsed time: 00:00:29s.  Time for last 10,000:    0s.  Last read position: 8:47,063,580
INFO	2018-05-28 19:04:13	MergeVcfs	Processed     2,580,000 records.  Elapsed time: 00:00:29s.  Time for last 10,000:    0s.  Last read position: 8:53,365,037
INFO	2018-05-28 19:04:13	MergeVcfs	Processed     2,590,000 records.  Elapsed time: 00:00:29s.  Time for last 10,000:    0s.  Last read position: 8:58,770,886
INFO	2018-05-28 19:04:14	MergeVcfs	Processed     2,600,000 records.  Elapsed time: 00:00:29s.  Time for last 10,000:    0s.  Last read position: 8:64,410,692
INFO	2018-05-28 19:04:14	MergeVcfs	Processed     2,610,000 records.  Elapsed time: 00:00:29s.  Time for last 10,000:    0s.  Last read position: 8:70,887,835
INFO	2018-05-28 19:04:14	MergeVcfs	Processed     2,620,000 records.  Elapsed time: 00:00:29s.  Time for last 10,000:    0s.  Last read position: 8:76,503,935
INFO	2018-05-28 19:04:14	MergeVcfs	Processed     2,630,000 records.  Elapsed time: 00:00:29s.  Time for last 10,000:    0s.  Last read position: 8:82,361,438
INFO	2018-05-28 19:04:14	MergeVcfs	Processed     2,640,000 records.  Elapsed time: 00:00:29s.  Time for last 10,000:    0s.  Last read position: 8:88,261,948
INFO	2018-05-28 19:04:14	MergeVcfs	Processed     2,650,000 records.  Elapsed time: 00:00:30s.  Time for last 10,000:    0s.  Last read position: 8:94,179,555
INFO	2018-05-28 19:04:14	MergeVcfs	Processed     2,660,000 records.  Elapsed time: 00:00:30s.  Time for last 10,000:    0s.  Last read position: 8:100,997,739
INFO	2018-05-28 19:04:14	MergeVcfs	Processed     2,670,000 records.  Elapsed time: 00:00:30s.  Time for last 10,000:    0s.  Last read position: 8:106,505,971
INFO	2018-05-28 19:04:14	MergeVcfs	Processed     2,680,000 records.  Elapsed time: 00:00:30s.  Time for last 10,000:    0s.  Last read position: 8:111,894,555
INFO	2018-05-28 19:04:15	MergeVcfs	Processed     2,690,000 records.  Elapsed time: 00:00:30s.  Time for last 10,000:    0s.  Last read position: 8:118,205,773
INFO	2018-05-28 19:04:15	MergeVcfs	Processed     2,700,000 records.  Elapsed time: 00:00:30s.  Time for last 10,000:    0s.  Last read position: 8:123,449,975
INFO	2018-05-28 19:04:15	MergeVcfs	Processed     2,710,000 records.  Elapsed time: 00:00:30s.  Time for last 10,000:    0s.  Last read position: 8:128,815,195
INFO	2018-05-28 19:04:15	MergeVcfs	Processed     2,720,000 records.  Elapsed time: 00:00:30s.  Time for last 10,000:    0s.  Last read position: 8:134,290,706
INFO	2018-05-28 19:04:15	MergeVcfs	Processed     2,730,000 records.  Elapsed time: 00:00:30s.  Time for last 10,000:    0s.  Last read position: 8:138,886,383
INFO	2018-05-28 19:04:15	MergeVcfs	Processed     2,740,000 records.  Elapsed time: 00:00:30s.  Time for last 10,000:    0s.  Last read position: 8:143,698,721
INFO	2018-05-28 19:04:15	MergeVcfs	Processed     2,750,000 records.  Elapsed time: 00:00:31s.  Time for last 10,000:    0s.  Last read position: 9:1,522,966
INFO	2018-05-28 19:04:15	MergeVcfs	Processed     2,760,000 records.  Elapsed time: 00:00:31s.  Time for last 10,000:    0s.  Last read position: 9:5,450,953
INFO	2018-05-28 19:04:15	MergeVcfs	Processed     2,770,000 records.  Elapsed time: 00:00:31s.  Time for last 10,000:    0s.  Last read position: 9:9,905,178
INFO	2018-05-28 19:04:15	MergeVcfs	Processed     2,780,000 records.  Elapsed time: 00:00:31s.  Time for last 10,000:    0s.  Last read position: 9:14,363,871
INFO	2018-05-28 19:04:16	MergeVcfs	Processed     2,790,000 records.  Elapsed time: 00:00:31s.  Time for last 10,000:    0s.  Last read position: 9:18,758,205
INFO	2018-05-28 19:04:16	MergeVcfs	Processed     2,800,000 records.  Elapsed time: 00:00:31s.  Time for last 10,000:    0s.  Last read position: 9:23,975,354
INFO	2018-05-28 19:04:16	MergeVcfs	Processed     2,810,000 records.  Elapsed time: 00:00:31s.  Time for last 10,000:    0s.  Last read position: 9:29,011,244
INFO	2018-05-28 19:04:16	MergeVcfs	Processed     2,820,000 records.  Elapsed time: 00:00:31s.  Time for last 10,000:    0s.  Last read position: 9:33,610,559
INFO	2018-05-28 19:04:16	MergeVcfs	Processed     2,830,000 records.  Elapsed time: 00:00:31s.  Time for last 10,000:    0s.  Last read position: 9:43,541,127
INFO	2018-05-28 19:04:16	MergeVcfs	Processed     2,840,000 records.  Elapsed time: 00:00:32s.  Time for last 10,000:    0s.  Last read position: 9:74,709,235
INFO	2018-05-28 19:04:16	MergeVcfs	Processed     2,850,000 records.  Elapsed time: 00:00:32s.  Time for last 10,000:    0s.  Last read position: 9:80,965,232
INFO	2018-05-28 19:04:16	MergeVcfs	Processed     2,860,000 records.  Elapsed time: 00:00:32s.  Time for last 10,000:    0s.  Last read position: 9:86,870,188
INFO	2018-05-28 19:04:16	MergeVcfs	Processed     2,870,000 records.  Elapsed time: 00:00:32s.  Time for last 10,000:    0s.  Last read position: 9:92,033,677
INFO	2018-05-28 19:04:17	MergeVcfs	Processed     2,880,000 records.  Elapsed time: 00:00:32s.  Time for last 10,000:    0s.  Last read position: 9:97,692,781
INFO	2018-05-28 19:04:17	MergeVcfs	Processed     2,890,000 records.  Elapsed time: 00:00:32s.  Time for last 10,000:    0s.  Last read position: 9:103,941,200
INFO	2018-05-28 19:04:17	MergeVcfs	Processed     2,900,000 records.  Elapsed time: 00:00:32s.  Time for last 10,000:    0s.  Last read position: 9:108,467,303
INFO	2018-05-28 19:04:17	MergeVcfs	Processed     2,910,000 records.  Elapsed time: 00:00:32s.  Time for last 10,000:    0s.  Last read position: 9:114,480,602
INFO	2018-05-28 19:04:17	MergeVcfs	Processed     2,920,000 records.  Elapsed time: 00:00:32s.  Time for last 10,000:    0s.  Last read position: 9:119,768,572
INFO	2018-05-28 19:04:17	MergeVcfs	Processed     2,930,000 records.  Elapsed time: 00:00:33s.  Time for last 10,000:    0s.  Last read position: 9:126,322,968
INFO	2018-05-28 19:04:17	MergeVcfs	Processed     2,940,000 records.  Elapsed time: 00:00:33s.  Time for last 10,000:    0s.  Last read position: 9:132,668,158
INFO	2018-05-28 19:04:17	MergeVcfs	Processed     2,950,000 records.  Elapsed time: 00:00:33s.  Time for last 10,000:    0s.  Last read position: 9:137,718,893
INFO	2018-05-28 19:04:17	MergeVcfs	Processed     2,960,000 records.  Elapsed time: 00:00:33s.  Time for last 10,000:    0s.  Last read position: 10:1,618,731
INFO	2018-05-28 19:04:18	MergeVcfs	Processed     2,970,000 records.  Elapsed time: 00:00:33s.  Time for last 10,000:    0s.  Last read position: 10:5,554,293
INFO	2018-05-28 19:04:18	MergeVcfs	Processed     2,980,000 records.  Elapsed time: 00:00:33s.  Time for last 10,000:    0s.  Last read position: 10:10,421,545
INFO	2018-05-28 19:04:18	MergeVcfs	Processed     2,990,000 records.  Elapsed time: 00:00:33s.  Time for last 10,000:    0s.  Last read position: 10:15,033,570
INFO	2018-05-28 19:04:18	MergeVcfs	Processed     3,000,000 records.  Elapsed time: 00:00:33s.  Time for last 10,000:    0s.  Last read position: 10:19,756,443
INFO	2018-05-28 19:04:18	MergeVcfs	Processed     3,010,000 records.  Elapsed time: 00:00:33s.  Time for last 10,000:    0s.  Last read position: 10:25,389,104
INFO	2018-05-28 19:04:18	MergeVcfs	Processed     3,020,000 records.  Elapsed time: 00:00:34s.  Time for last 10,000:    0s.  Last read position: 10:29,244,256
INFO	2018-05-28 19:04:18	MergeVcfs	Processed     3,030,000 records.  Elapsed time: 00:00:34s.  Time for last 10,000:    0s.  Last read position: 10:33,824,065
INFO	2018-05-28 19:04:18	MergeVcfs	Processed     3,040,000 records.  Elapsed time: 00:00:34s.  Time for last 10,000:    0s.  Last read position: 10:42,450,713
INFO	2018-05-28 19:04:18	MergeVcfs	Processed     3,050,000 records.  Elapsed time: 00:00:34s.  Time for last 10,000:    0s.  Last read position: 10:49,205,173
INFO	2018-05-28 19:04:19	MergeVcfs	Processed     3,060,000 records.  Elapsed time: 00:00:34s.  Time for last 10,000:    0s.  Last read position: 10:54,822,646
INFO	2018-05-28 19:04:19	MergeVcfs	Processed     3,070,000 records.  Elapsed time: 00:00:34s.  Time for last 10,000:    0s.  Last read position: 10:58,943,177
INFO	2018-05-28 19:04:19	MergeVcfs	Processed     3,080,000 records.  Elapsed time: 00:00:34s.  Time for last 10,000:    0s.  Last read position: 10:64,418,089
INFO	2018-05-28 19:04:19	MergeVcfs	Processed     3,090,000 records.  Elapsed time: 00:00:34s.  Time for last 10,000:    0s.  Last read position: 10:69,418,644
INFO	2018-05-28 19:04:19	MergeVcfs	Processed     3,100,000 records.  Elapsed time: 00:00:34s.  Time for last 10,000:    0s.  Last read position: 10:74,767,777
INFO	2018-05-28 19:04:19	MergeVcfs	Processed     3,110,000 records.  Elapsed time: 00:00:35s.  Time for last 10,000:    0s.  Last read position: 10:81,309,518
INFO	2018-05-28 19:04:19	MergeVcfs	Processed     3,120,000 records.  Elapsed time: 00:00:35s.  Time for last 10,000:    0s.  Last read position: 10:86,098,324
INFO	2018-05-28 19:04:19	MergeVcfs	Processed     3,130,000 records.  Elapsed time: 00:00:35s.  Time for last 10,000:    0s.  Last read position: 10:92,423,055
INFO	2018-05-28 19:04:19	MergeVcfs	Processed     3,140,000 records.  Elapsed time: 00:00:35s.  Time for last 10,000:    0s.  Last read position: 10:99,276,108
INFO	2018-05-28 19:04:19	MergeVcfs	Processed     3,150,000 records.  Elapsed time: 00:00:35s.  Time for last 10,000:    0s.  Last read position: 10:106,415,636
INFO	2018-05-28 19:04:20	MergeVcfs	Processed     3,160,000 records.  Elapsed time: 00:00:35s.  Time for last 10,000:    0s.  Last read position: 10:111,468,576
INFO	2018-05-28 19:04:20	MergeVcfs	Processed     3,170,000 records.  Elapsed time: 00:00:35s.  Time for last 10,000:    0s.  Last read position: 10:117,450,359
INFO	2018-05-28 19:04:20	MergeVcfs	Processed     3,180,000 records.  Elapsed time: 00:00:35s.  Time for last 10,000:    0s.  Last read position: 10:123,066,247
INFO	2018-05-28 19:04:20	MergeVcfs	Processed     3,190,000 records.  Elapsed time: 00:00:35s.  Time for last 10,000:    0s.  Last read position: 10:127,994,302
INFO	2018-05-28 19:04:20	MergeVcfs	Processed     3,200,000 records.  Elapsed time: 00:00:35s.  Time for last 10,000:    0s.  Last read position: 10:132,770,703
INFO	2018-05-28 19:04:20	MergeVcfs	Processed     3,210,000 records.  Elapsed time: 00:00:36s.  Time for last 10,000:    0s.  Last read position: 11:1,734,523
INFO	2018-05-28 19:04:20	MergeVcfs	Processed     3,220,000 records.  Elapsed time: 00:00:36s.  Time for last 10,000:    0s.  Last read position: 11:5,575,253
INFO	2018-05-28 19:04:20	MergeVcfs	Processed     3,230,000 records.  Elapsed time: 00:00:36s.  Time for last 10,000:    0s.  Last read position: 11:9,924,507
INFO	2018-05-28 19:04:20	MergeVcfs	Processed     3,240,000 records.  Elapsed time: 00:00:36s.  Time for last 10,000:    0s.  Last read position: 11:15,250,941
INFO	2018-05-28 19:04:21	MergeVcfs	Processed     3,250,000 records.  Elapsed time: 00:00:36s.  Time for last 10,000:    0s.  Last read position: 11:20,993,554
INFO	2018-05-28 19:04:21	MergeVcfs	Processed     3,260,000 records.  Elapsed time: 00:00:36s.  Time for last 10,000:    0s.  Last read position: 11:25,003,031
INFO	2018-05-28 19:04:21	MergeVcfs	Processed     3,270,000 records.  Elapsed time: 00:00:36s.  Time for last 10,000:    0s.  Last read position: 11:30,243,868
INFO	2018-05-28 19:04:21	MergeVcfs	Processed     3,280,000 records.  Elapsed time: 00:00:36s.  Time for last 10,000:    0s.  Last read position: 11:35,986,538
INFO	2018-05-28 19:04:21	MergeVcfs	Processed     3,290,000 records.  Elapsed time: 00:00:36s.  Time for last 10,000:    0s.  Last read position: 11:40,759,656
INFO	2018-05-28 19:04:21	MergeVcfs	Processed     3,300,000 records.  Elapsed time: 00:00:37s.  Time for last 10,000:    0s.  Last read position: 11:46,147,802
INFO	2018-05-28 19:04:21	MergeVcfs	Processed     3,310,000 records.  Elapsed time: 00:00:37s.  Time for last 10,000:    0s.  Last read position: 11:54,913,096
INFO	2018-05-28 19:04:21	MergeVcfs	Processed     3,320,000 records.  Elapsed time: 00:00:37s.  Time for last 10,000:    0s.  Last read position: 11:61,033,525
INFO	2018-05-28 19:04:21	MergeVcfs	Processed     3,330,000 records.  Elapsed time: 00:00:37s.  Time for last 10,000:    0s.  Last read position: 11:67,560,447
INFO	2018-05-28 19:04:22	MergeVcfs	Processed     3,340,000 records.  Elapsed time: 00:00:37s.  Time for last 10,000:    0s.  Last read position: 11:72,904,482
INFO	2018-05-28 19:04:22	MergeVcfs	Processed     3,350,000 records.  Elapsed time: 00:00:37s.  Time for last 10,000:    0s.  Last read position: 11:78,723,149
INFO	2018-05-28 19:04:22	MergeVcfs	Processed     3,360,000 records.  Elapsed time: 00:00:37s.  Time for last 10,000:    0s.  Last read position: 11:83,668,037
INFO	2018-05-28 19:04:22	MergeVcfs	Processed     3,370,000 records.  Elapsed time: 00:00:37s.  Time for last 10,000:    0s.  Last read position: 11:89,857,089
INFO	2018-05-28 19:04:22	MergeVcfs	Processed     3,380,000 records.  Elapsed time: 00:00:37s.  Time for last 10,000:    0s.  Last read position: 11:95,319,679
INFO	2018-05-28 19:04:22	MergeVcfs	Processed     3,390,000 records.  Elapsed time: 00:00:38s.  Time for last 10,000:    0s.  Last read position: 11:100,148,851
INFO	2018-05-28 19:04:22	MergeVcfs	Processed     3,400,000 records.  Elapsed time: 00:00:38s.  Time for last 10,000:    0s.  Last read position: 11:105,426,110
INFO	2018-05-28 19:04:22	MergeVcfs	Processed     3,410,000 records.  Elapsed time: 00:00:38s.  Time for last 10,000:    0s.  Last read position: 11:111,532,473
INFO	2018-05-28 19:04:23	MergeVcfs	Processed     3,420,000 records.  Elapsed time: 00:00:38s.  Time for last 10,000:    0s.  Last read position: 11:117,393,102
INFO	2018-05-28 19:04:23	MergeVcfs	Processed     3,430,000 records.  Elapsed time: 00:00:38s.  Time for last 10,000:    0s.  Last read position: 11:122,962,900
INFO	2018-05-28 19:04:23	MergeVcfs	Processed     3,440,000 records.  Elapsed time: 00:00:38s.  Time for last 10,000:    0s.  Last read position: 11:127,523,573
INFO	2018-05-28 19:04:23	MergeVcfs	Processed     3,450,000 records.  Elapsed time: 00:00:38s.  Time for last 10,000:    0s.  Last read position: 11:133,207,701
INFO	2018-05-28 19:04:23	MergeVcfs	Processed     3,460,000 records.  Elapsed time: 00:00:38s.  Time for last 10,000:    0s.  Last read position: 12:3,021,182
INFO	2018-05-28 19:04:23	MergeVcfs	Processed     3,470,000 records.  Elapsed time: 00:00:39s.  Time for last 10,000:    0s.  Last read position: 12:7,904,260
INFO	2018-05-28 19:04:23	MergeVcfs	Processed     3,480,000 records.  Elapsed time: 00:00:39s.  Time for last 10,000:    0s.  Last read position: 12:11,765,329
INFO	2018-05-28 19:04:23	MergeVcfs	Processed     3,490,000 records.  Elapsed time: 00:00:39s.  Time for last 10,000:    0s.  Last read position: 12:17,888,353
INFO	2018-05-28 19:04:23	MergeVcfs	Processed     3,500,000 records.  Elapsed time: 00:00:39s.  Time for last 10,000:    0s.  Last read position: 12:23,138,401
INFO	2018-05-28 19:04:24	MergeVcfs	Processed     3,510,000 records.  Elapsed time: 00:00:39s.  Time for last 10,000:    0s.  Last read position: 12:28,989,194
INFO	2018-05-28 19:04:24	MergeVcfs	Processed     3,520,000 records.  Elapsed time: 00:00:39s.  Time for last 10,000:    0s.  Last read position: 12:32,981,958
INFO	2018-05-28 19:04:24	MergeVcfs	Processed     3,530,000 records.  Elapsed time: 00:00:39s.  Time for last 10,000:    0s.  Last read position: 12:41,084,497
INFO	2018-05-28 19:04:24	MergeVcfs	Processed     3,540,000 records.  Elapsed time: 00:00:39s.  Time for last 10,000:    0s.  Last read position: 12:46,510,883
INFO	2018-05-28 19:04:24	MergeVcfs	Processed     3,550,000 records.  Elapsed time: 00:00:39s.  Time for last 10,000:    0s.  Last read position: 12:52,688,766
INFO	2018-05-28 19:04:24	MergeVcfs	Processed     3,560,000 records.  Elapsed time: 00:00:39s.  Time for last 10,000:    0s.  Last read position: 12:58,810,024
INFO	2018-05-28 19:04:24	MergeVcfs	Processed     3,570,000 records.  Elapsed time: 00:00:40s.  Time for last 10,000:    0s.  Last read position: 12:64,444,236
INFO	2018-05-28 19:04:24	MergeVcfs	Processed     3,580,000 records.  Elapsed time: 00:00:40s.  Time for last 10,000:    0s.  Last read position: 12:70,823,818
INFO	2018-05-28 19:04:24	MergeVcfs	Processed     3,590,000 records.  Elapsed time: 00:00:40s.  Time for last 10,000:    0s.  Last read position: 12:76,672,829
INFO	2018-05-28 19:04:24	MergeVcfs	Processed     3,600,000 records.  Elapsed time: 00:00:40s.  Time for last 10,000:    0s.  Last read position: 12:83,324,879
INFO	2018-05-28 19:04:25	MergeVcfs	Processed     3,610,000 records.  Elapsed time: 00:00:40s.  Time for last 10,000:    0s.  Last read position: 12:89,988,947
INFO	2018-05-28 19:04:25	MergeVcfs	Processed     3,620,000 records.  Elapsed time: 00:00:40s.  Time for last 10,000:    0s.  Last read position: 12:95,534,425
INFO	2018-05-28 19:04:25	MergeVcfs	Processed     3,630,000 records.  Elapsed time: 00:00:40s.  Time for last 10,000:    0s.  Last read position: 12:101,197,812
INFO	2018-05-28 19:04:25	MergeVcfs	Processed     3,640,000 records.  Elapsed time: 00:00:40s.  Time for last 10,000:    0s.  Last read position: 12:107,273,884
INFO	2018-05-28 19:04:25	MergeVcfs	Processed     3,650,000 records.  Elapsed time: 00:00:40s.  Time for last 10,000:    0s.  Last read position: 12:113,467,810
INFO	2018-05-28 19:04:25	MergeVcfs	Processed     3,660,000 records.  Elapsed time: 00:00:41s.  Time for last 10,000:    0s.  Last read position: 12:119,161,101
INFO	2018-05-28 19:04:25	MergeVcfs	Processed     3,670,000 records.  Elapsed time: 00:00:41s.  Time for last 10,000:    0s.  Last read position: 12:125,281,102
INFO	2018-05-28 19:04:25	MergeVcfs	Processed     3,680,000 records.  Elapsed time: 00:00:41s.  Time for last 10,000:    0s.  Last read position: 12:129,234,087
INFO	2018-05-28 19:04:25	MergeVcfs	Processed     3,690,000 records.  Elapsed time: 00:00:41s.  Time for last 10,000:    0s.  Last read position: 12:133,313,237
INFO	2018-05-28 19:04:26	MergeVcfs	Processed     3,700,000 records.  Elapsed time: 00:00:41s.  Time for last 10,000:    0s.  Last read position: 13:23,136,704
INFO	2018-05-28 19:04:26	MergeVcfs	Processed     3,710,000 records.  Elapsed time: 00:00:41s.  Time for last 10,000:    0s.  Last read position: 13:27,380,336
INFO	2018-05-28 19:04:26	MergeVcfs	Processed     3,720,000 records.  Elapsed time: 00:00:41s.  Time for last 10,000:    0s.  Last read position: 13:32,180,917
INFO	2018-05-28 19:04:26	MergeVcfs	Processed     3,730,000 records.  Elapsed time: 00:00:41s.  Time for last 10,000:    0s.  Last read position: 13:37,952,685
INFO	2018-05-28 19:04:26	MergeVcfs	Processed     3,740,000 records.  Elapsed time: 00:00:41s.  Time for last 10,000:    0s.  Last read position: 13:43,278,256
INFO	2018-05-28 19:04:26	MergeVcfs	Processed     3,750,000 records.  Elapsed time: 00:00:41s.  Time for last 10,000:    0s.  Last read position: 13:48,819,226
INFO	2018-05-28 19:04:26	MergeVcfs	Processed     3,760,000 records.  Elapsed time: 00:00:42s.  Time for last 10,000:    0s.  Last read position: 13:55,681,284
INFO	2018-05-28 19:04:26	MergeVcfs	Processed     3,770,000 records.  Elapsed time: 00:00:42s.  Time for last 10,000:    0s.  Last read position: 13:61,798,628
INFO	2018-05-28 19:04:26	MergeVcfs	Processed     3,780,000 records.  Elapsed time: 00:00:42s.  Time for last 10,000:    0s.  Last read position: 13:66,956,841
INFO	2018-05-28 19:04:26	MergeVcfs	Processed     3,790,000 records.  Elapsed time: 00:00:42s.  Time for last 10,000:    0s.  Last read position: 13:72,826,883
INFO	2018-05-28 19:04:27	MergeVcfs	Processed     3,800,000 records.  Elapsed time: 00:00:42s.  Time for last 10,000:    0s.  Last read position: 13:78,641,835
INFO	2018-05-28 19:04:27	MergeVcfs	Processed     3,810,000 records.  Elapsed time: 00:00:42s.  Time for last 10,000:    0s.  Last read position: 13:84,251,113
INFO	2018-05-28 19:04:27	MergeVcfs	Processed     3,820,000 records.  Elapsed time: 00:00:42s.  Time for last 10,000:    0s.  Last read position: 13:90,321,262
INFO	2018-05-28 19:04:27	MergeVcfs	Processed     3,830,000 records.  Elapsed time: 00:00:42s.  Time for last 10,000:    0s.  Last read position: 13:95,199,464
INFO	2018-05-28 19:04:27	MergeVcfs	Processed     3,840,000 records.  Elapsed time: 00:00:42s.  Time for last 10,000:    0s.  Last read position: 13:100,759,821
INFO	2018-05-28 19:04:27	MergeVcfs	Processed     3,850,000 records.  Elapsed time: 00:00:43s.  Time for last 10,000:    0s.  Last read position: 13:105,384,601
INFO	2018-05-28 19:04:27	MergeVcfs	Processed     3,860,000 records.  Elapsed time: 00:00:43s.  Time for last 10,000:    0s.  Last read position: 13:110,154,044
INFO	2018-05-28 19:04:27	MergeVcfs	Processed     3,870,000 records.  Elapsed time: 00:00:43s.  Time for last 10,000:    0s.  Last read position: 13:114,939,441
INFO	2018-05-28 19:04:27	MergeVcfs	Processed     3,880,000 records.  Elapsed time: 00:00:43s.  Time for last 10,000:    0s.  Last read position: 14:23,947,950
INFO	2018-05-28 19:04:28	MergeVcfs	Processed     3,890,000 records.  Elapsed time: 00:00:43s.  Time for last 10,000:    0s.  Last read position: 14:29,116,311
INFO	2018-05-28 19:04:28	MergeVcfs	Processed     3,900,000 records.  Elapsed time: 00:00:43s.  Time for last 10,000:    0s.  Last read position: 14:34,920,651
INFO	2018-05-28 19:04:28	MergeVcfs	Processed     3,910,000 records.  Elapsed time: 00:00:43s.  Time for last 10,000:    0s.  Last read position: 14:40,910,101
INFO	2018-05-28 19:04:28	MergeVcfs	Processed     3,920,000 records.  Elapsed time: 00:00:43s.  Time for last 10,000:    0s.  Last read position: 14:46,636,105
INFO	2018-05-28 19:04:28	MergeVcfs	Processed     3,930,000 records.  Elapsed time: 00:00:43s.  Time for last 10,000:    0s.  Last read position: 14:51,967,258
INFO	2018-05-28 19:04:28	MergeVcfs	Processed     3,940,000 records.  Elapsed time: 00:00:43s.  Time for last 10,000:    0s.  Last read position: 14:57,621,543
INFO	2018-05-28 19:04:28	MergeVcfs	Processed     3,950,000 records.  Elapsed time: 00:00:44s.  Time for last 10,000:    0s.  Last read position: 14:63,780,723
INFO	2018-05-28 19:04:28	MergeVcfs	Processed     3,960,000 records.  Elapsed time: 00:00:44s.  Time for last 10,000:    0s.  Last read position: 14:70,542,102
INFO	2018-05-28 19:04:28	MergeVcfs	Processed     3,970,000 records.  Elapsed time: 00:00:44s.  Time for last 10,000:    0s.  Last read position: 14:76,648,664
INFO	2018-05-28 19:04:28	MergeVcfs	Processed     3,980,000 records.  Elapsed time: 00:00:44s.  Time for last 10,000:    0s.  Last read position: 14:82,072,476
INFO	2018-05-28 19:04:29	MergeVcfs	Processed     3,990,000 records.  Elapsed time: 00:00:44s.  Time for last 10,000:    0s.  Last read position: 14:87,664,975
INFO	2018-05-28 19:04:29	MergeVcfs	Processed     4,000,000 records.  Elapsed time: 00:00:44s.  Time for last 10,000:    0s.  Last read position: 14:92,754,084
INFO	2018-05-28 19:04:29	MergeVcfs	Processed     4,010,000 records.  Elapsed time: 00:00:44s.  Time for last 10,000:    0s.  Last read position: 14:97,388,524
INFO	2018-05-28 19:04:29	MergeVcfs	Processed     4,020,000 records.  Elapsed time: 00:00:44s.  Time for last 10,000:    0s.  Last read position: 14:103,078,358
INFO	2018-05-28 19:04:29	MergeVcfs	Processed     4,030,000 records.  Elapsed time: 00:00:44s.  Time for last 10,000:    0s.  Last read position: 14:106,995,148
INFO	2018-05-28 19:04:29	MergeVcfs	Processed     4,040,000 records.  Elapsed time: 00:00:45s.  Time for last 10,000:    0s.  Last read position: 15:25,272,892
INFO	2018-05-28 19:04:29	MergeVcfs	Processed     4,050,000 records.  Elapsed time: 00:00:45s.  Time for last 10,000:    0s.  Last read position: 15:29,988,290
INFO	2018-05-28 19:04:29	MergeVcfs	Processed     4,060,000 records.  Elapsed time: 00:00:45s.  Time for last 10,000:    0s.  Last read position: 15:35,950,461
INFO	2018-05-28 19:04:29	MergeVcfs	Processed     4,070,000 records.  Elapsed time: 00:00:45s.  Time for last 10,000:    0s.  Last read position: 15:41,006,939
INFO	2018-05-28 19:04:30	MergeVcfs	Processed     4,080,000 records.  Elapsed time: 00:00:45s.  Time for last 10,000:    0s.  Last read position: 15:46,843,932
INFO	2018-05-28 19:04:30	MergeVcfs	Processed     4,090,000 records.  Elapsed time: 00:00:45s.  Time for last 10,000:    0s.  Last read position: 15:53,531,959
INFO	2018-05-28 19:04:30	MergeVcfs	Processed     4,100,000 records.  Elapsed time: 00:00:45s.  Time for last 10,000:    0s.  Last read position: 15:58,537,657
INFO	2018-05-28 19:04:30	MergeVcfs	Processed     4,110,000 records.  Elapsed time: 00:00:45s.  Time for last 10,000:    0s.  Last read position: 15:63,861,730
INFO	2018-05-28 19:04:30	MergeVcfs	Processed     4,120,000 records.  Elapsed time: 00:00:45s.  Time for last 10,000:    0s.  Last read position: 15:70,099,969
INFO	2018-05-28 19:04:30	MergeVcfs	Processed     4,130,000 records.  Elapsed time: 00:00:45s.  Time for last 10,000:    0s.  Last read position: 15:78,263,868
INFO	2018-05-28 19:04:30	MergeVcfs	Processed     4,140,000 records.  Elapsed time: 00:00:46s.  Time for last 10,000:    0s.  Last read position: 15:84,753,708
INFO	2018-05-28 19:04:30	MergeVcfs	Processed     4,150,000 records.  Elapsed time: 00:00:46s.  Time for last 10,000:    0s.  Last read position: 15:90,380,214
INFO	2018-05-28 19:04:30	MergeVcfs	Processed     4,160,000 records.  Elapsed time: 00:00:46s.  Time for last 10,000:    0s.  Last read position: 15:94,683,468
INFO	2018-05-28 19:04:31	MergeVcfs	Processed     4,170,000 records.  Elapsed time: 00:00:46s.  Time for last 10,000:    0s.  Last read position: 15:99,296,809
INFO	2018-05-28 19:04:31	MergeVcfs	Processed     4,180,000 records.  Elapsed time: 00:00:46s.  Time for last 10,000:    0s.  Last read position: 16:995,565
INFO	2018-05-28 19:04:31	MergeVcfs	Processed     4,190,000 records.  Elapsed time: 00:00:46s.  Time for last 10,000:    0s.  Last read position: 16:5,478,721
INFO	2018-05-28 19:04:31	MergeVcfs	Processed     4,200,000 records.  Elapsed time: 00:00:46s.  Time for last 10,000:    0s.  Last read position: 16:8,396,551
INFO	2018-05-28 19:04:31	MergeVcfs	Processed     4,210,000 records.  Elapsed time: 00:00:46s.  Time for last 10,000:    0s.  Last read position: 16:11,789,190
INFO	2018-05-28 19:04:31	MergeVcfs	Processed     4,220,000 records.  Elapsed time: 00:00:46s.  Time for last 10,000:    0s.  Last read position: 16:17,420,626
INFO	2018-05-28 19:04:31	MergeVcfs	Processed     4,230,000 records.  Elapsed time: 00:00:47s.  Time for last 10,000:    0s.  Last read position: 16:24,296,686
INFO	2018-05-28 19:04:31	MergeVcfs	Processed     4,240,000 records.  Elapsed time: 00:00:47s.  Time for last 10,000:    0s.  Last read position: 16:30,759,716
INFO	2018-05-28 19:04:31	MergeVcfs	Processed     4,250,000 records.  Elapsed time: 00:00:47s.  Time for last 10,000:    0s.  Last read position: 16:50,842,197
INFO	2018-05-28 19:04:31	MergeVcfs	Processed     4,260,000 records.  Elapsed time: 00:00:47s.  Time for last 10,000:    0s.  Last read position: 16:56,186,449
INFO	2018-05-28 19:04:32	MergeVcfs	Processed     4,270,000 records.  Elapsed time: 00:00:47s.  Time for last 10,000:    0s.  Last read position: 16:61,007,204
INFO	2018-05-28 19:04:32	MergeVcfs	Processed     4,280,000 records.  Elapsed time: 00:00:47s.  Time for last 10,000:    0s.  Last read position: 16:67,726,214
INFO	2018-05-28 19:04:32	MergeVcfs	Processed     4,290,000 records.  Elapsed time: 00:00:47s.  Time for last 10,000:    0s.  Last read position: 16:74,744,893
INFO	2018-05-28 19:04:32	MergeVcfs	Processed     4,300,000 records.  Elapsed time: 00:00:47s.  Time for last 10,000:    0s.  Last read position: 16:78,817,784
INFO	2018-05-28 19:04:32	MergeVcfs	Processed     4,310,000 records.  Elapsed time: 00:00:47s.  Time for last 10,000:    0s.  Last read position: 16:82,243,721
INFO	2018-05-28 19:04:32	MergeVcfs	Processed     4,320,000 records.  Elapsed time: 00:00:48s.  Time for last 10,000:    0s.  Last read position: 16:85,318,822
INFO	2018-05-28 19:04:32	MergeVcfs	Processed     4,330,000 records.  Elapsed time: 00:00:48s.  Time for last 10,000:    0s.  Last read position: 16:88,803,557
INFO	2018-05-28 19:04:32	MergeVcfs	Processed     4,340,000 records.  Elapsed time: 00:00:48s.  Time for last 10,000:    0s.  Last read position: 17:3,111,483
INFO	2018-05-28 19:04:32	MergeVcfs	Processed     4,350,000 records.  Elapsed time: 00:00:48s.  Time for last 10,000:    0s.  Last read position: 17:7,647,007
INFO	2018-05-28 19:04:33	MergeVcfs	Processed     4,360,000 records.  Elapsed time: 00:00:48s.  Time for last 10,000:    0s.  Last read position: 17:12,767,465
INFO	2018-05-28 19:04:33	MergeVcfs	Processed     4,370,000 records.  Elapsed time: 00:00:48s.  Time for last 10,000:    0s.  Last read position: 17:17,374,702
INFO	2018-05-28 19:04:33	MergeVcfs	Processed     4,380,000 records.  Elapsed time: 00:00:48s.  Time for last 10,000:    0s.  Last read position: 17:27,571,789
INFO	2018-05-28 19:04:33	MergeVcfs	Processed     4,390,000 records.  Elapsed time: 00:00:48s.  Time for last 10,000:    0s.  Last read position: 17:33,957,779
INFO	2018-05-28 19:04:33	MergeVcfs	Processed     4,400,000 records.  Elapsed time: 00:00:48s.  Time for last 10,000:    0s.  Last read position: 17:39,975,075
INFO	2018-05-28 19:04:33	MergeVcfs	Processed     4,410,000 records.  Elapsed time: 00:00:49s.  Time for last 10,000:    0s.  Last read position: 17:47,275,360
INFO	2018-05-28 19:04:33	MergeVcfs	Processed     4,420,000 records.  Elapsed time: 00:00:49s.  Time for last 10,000:    0s.  Last read position: 17:52,788,241
INFO	2018-05-28 19:04:33	MergeVcfs	Processed     4,430,000 records.  Elapsed time: 00:00:49s.  Time for last 10,000:    0s.  Last read position: 17:59,069,915
INFO	2018-05-28 19:04:33	MergeVcfs	Processed     4,440,000 records.  Elapsed time: 00:00:49s.  Time for last 10,000:    0s.  Last read position: 17:65,431,947
INFO	2018-05-28 19:04:34	MergeVcfs	Processed     4,450,000 records.  Elapsed time: 00:00:49s.  Time for last 10,000:    0s.  Last read position: 17:70,832,485
INFO	2018-05-28 19:04:34	MergeVcfs	Processed     4,460,000 records.  Elapsed time: 00:00:49s.  Time for last 10,000:    0s.  Last read position: 17:75,362,141
INFO	2018-05-28 19:04:34	MergeVcfs	Processed     4,470,000 records.  Elapsed time: 00:00:49s.  Time for last 10,000:    0s.  Last read position: 17:79,857,221
INFO	2018-05-28 19:04:34	MergeVcfs	Processed     4,480,000 records.  Elapsed time: 00:00:49s.  Time for last 10,000:    0s.  Last read position: 18:2,789,966
INFO	2018-05-28 19:04:34	MergeVcfs	Processed     4,490,000 records.  Elapsed time: 00:00:49s.  Time for last 10,000:    0s.  Last read position: 18:7,251,816
INFO	2018-05-28 19:04:34	MergeVcfs	Processed     4,500,000 records.  Elapsed time: 00:00:49s.  Time for last 10,000:    0s.  Last read position: 18:11,919,128
INFO	2018-05-28 19:04:34	MergeVcfs	Processed     4,510,000 records.  Elapsed time: 00:00:50s.  Time for last 10,000:    0s.  Last read position: 18:20,199,170
INFO	2018-05-28 19:04:34	MergeVcfs	Processed     4,520,000 records.  Elapsed time: 00:00:50s.  Time for last 10,000:    0s.  Last read position: 18:26,664,538
INFO	2018-05-28 19:04:34	MergeVcfs	Processed     4,530,000 records.  Elapsed time: 00:00:50s.  Time for last 10,000:    0s.  Last read position: 18:32,646,780
INFO	2018-05-28 19:04:34	MergeVcfs	Processed     4,540,000 records.  Elapsed time: 00:00:50s.  Time for last 10,000:    0s.  Last read position: 18:39,127,628
INFO	2018-05-28 19:04:35	MergeVcfs	Processed     4,550,000 records.  Elapsed time: 00:00:50s.  Time for last 10,000:    0s.  Last read position: 18:45,865,163
INFO	2018-05-28 19:04:35	MergeVcfs	Processed     4,560,000 records.  Elapsed time: 00:00:50s.  Time for last 10,000:    0s.  Last read position: 18:50,988,831
INFO	2018-05-28 19:04:35	MergeVcfs	Processed     4,570,000 records.  Elapsed time: 00:00:50s.  Time for last 10,000:    0s.  Last read position: 18:56,797,761
INFO	2018-05-28 19:04:35	MergeVcfs	Processed     4,580,000 records.  Elapsed time: 00:00:50s.  Time for last 10,000:    0s.  Last read position: 18:62,085,800
INFO	2018-05-28 19:04:35	MergeVcfs	Processed     4,590,000 records.  Elapsed time: 00:00:50s.  Time for last 10,000:    0s.  Last read position: 18:67,165,234
INFO	2018-05-28 19:04:35	MergeVcfs	Processed     4,600,000 records.  Elapsed time: 00:00:51s.  Time for last 10,000:    0s.  Last read position: 18:72,227,510
INFO	2018-05-28 19:04:35	MergeVcfs	Processed     4,610,000 records.  Elapsed time: 00:00:51s.  Time for last 10,000:    0s.  Last read position: 18:76,757,888
INFO	2018-05-28 19:04:35	MergeVcfs	Processed     4,620,000 records.  Elapsed time: 00:00:51s.  Time for last 10,000:    0s.  Last read position: 19:2,908,901
INFO	2018-05-28 19:04:35	MergeVcfs	Processed     4,630,000 records.  Elapsed time: 00:00:51s.  Time for last 10,000:    0s.  Last read position: 19:6,996,995
INFO	2018-05-28 19:04:36	MergeVcfs	Processed     4,640,000 records.  Elapsed time: 00:00:51s.  Time for last 10,000:    0s.  Last read position: 19:11,870,721
INFO	2018-05-28 19:04:36	MergeVcfs	Processed     4,650,000 records.  Elapsed time: 00:00:51s.  Time for last 10,000:    0s.  Last read position: 19:16,438,428
INFO	2018-05-28 19:04:36	MergeVcfs	Processed     4,660,000 records.  Elapsed time: 00:00:51s.  Time for last 10,000:    0s.  Last read position: 19:21,172,515
INFO	2018-05-28 19:04:36	MergeVcfs	Processed     4,670,000 records.  Elapsed time: 00:00:51s.  Time for last 10,000:    0s.  Last read position: 19:28,576,712
INFO	2018-05-28 19:04:36	MergeVcfs	Processed     4,680,000 records.  Elapsed time: 00:00:51s.  Time for last 10,000:    0s.  Last read position: 19:33,496,191
INFO	2018-05-28 19:04:36	MergeVcfs	Processed     4,690,000 records.  Elapsed time: 00:00:51s.  Time for last 10,000:    0s.  Last read position: 19:38,946,607
INFO	2018-05-28 19:04:36	MergeVcfs	Processed     4,700,000 records.  Elapsed time: 00:00:52s.  Time for last 10,000:    0s.  Last read position: 19:43,920,443
INFO	2018-05-28 19:04:36	MergeVcfs	Processed     4,710,000 records.  Elapsed time: 00:00:52s.  Time for last 10,000:    0s.  Last read position: 19:49,043,693
INFO	2018-05-28 19:04:36	MergeVcfs	Processed     4,720,000 records.  Elapsed time: 00:00:52s.  Time for last 10,000:    0s.  Last read position: 19:53,179,907
INFO	2018-05-28 19:04:36	MergeVcfs	Processed     4,730,000 records.  Elapsed time: 00:00:52s.  Time for last 10,000:    0s.  Last read position: 19:56,477,125
INFO	2018-05-28 19:04:37	MergeVcfs	Processed     4,740,000 records.  Elapsed time: 00:00:52s.  Time for last 10,000:    0s.  Last read position: 20:2,145,227
INFO	2018-05-28 19:04:37	MergeVcfs	Processed     4,750,000 records.  Elapsed time: 00:00:52s.  Time for last 10,000:    0s.  Last read position: 20:6,583,041
INFO	2018-05-28 19:04:37	MergeVcfs	Processed     4,760,000 records.  Elapsed time: 00:00:52s.  Time for last 10,000:    0s.  Last read position: 20:12,133,588
INFO	2018-05-28 19:04:37	MergeVcfs	Processed     4,770,000 records.  Elapsed time: 00:00:52s.  Time for last 10,000:    0s.  Last read position: 20:17,827,285
INFO	2018-05-28 19:04:37	MergeVcfs	Processed     4,780,000 records.  Elapsed time: 00:00:52s.  Time for last 10,000:    0s.  Last read position: 20:23,298,695
INFO	2018-05-28 19:04:37	MergeVcfs	Processed     4,790,000 records.  Elapsed time: 00:00:53s.  Time for last 10,000:    0s.  Last read position: 20:31,616,793
INFO	2018-05-28 19:04:37	MergeVcfs	Processed     4,800,000 records.  Elapsed time: 00:00:53s.  Time for last 10,000:    0s.  Last read position: 20:38,854,208
INFO	2018-05-28 19:04:37	MergeVcfs	Processed     4,810,000 records.  Elapsed time: 00:00:53s.  Time for last 10,000:    0s.  Last read position: 20:45,236,969
INFO	2018-05-28 19:04:37	MergeVcfs	Processed     4,820,000 records.  Elapsed time: 00:00:53s.  Time for last 10,000:    0s.  Last read position: 20:50,503,126
INFO	2018-05-28 19:04:38	MergeVcfs	Processed     4,830,000 records.  Elapsed time: 00:00:53s.  Time for last 10,000:    0s.  Last read position: 20:55,195,464
INFO	2018-05-28 19:04:38	MergeVcfs	Processed     4,840,000 records.  Elapsed time: 00:00:53s.  Time for last 10,000:    0s.  Last read position: 20:60,617,033
INFO	2018-05-28 19:04:38	MergeVcfs	Processed     4,850,000 records.  Elapsed time: 00:00:53s.  Time for last 10,000:    0s.  Last read position: 21:15,619,179
INFO	2018-05-28 19:04:38	MergeVcfs	Processed     4,860,000 records.  Elapsed time: 00:00:53s.  Time for last 10,000:    0s.  Last read position: 21:20,104,098
INFO	2018-05-28 19:04:38	MergeVcfs	Processed     4,870,000 records.  Elapsed time: 00:00:53s.  Time for last 10,000:    0s.  Last read position: 21:23,956,361
INFO	2018-05-28 19:04:38	MergeVcfs	Processed     4,880,000 records.  Elapsed time: 00:00:53s.  Time for last 10,000:    0s.  Last read position: 21:28,051,803
INFO	2018-05-28 19:04:38	MergeVcfs	Processed     4,890,000 records.  Elapsed time: 00:00:54s.  Time for last 10,000:    0s.  Last read position: 21:32,757,144
INFO	2018-05-28 19:04:38	MergeVcfs	Processed     4,900,000 records.  Elapsed time: 00:00:54s.  Time for last 10,000:    0s.  Last read position: 21:37,950,796
INFO	2018-05-28 19:04:38	MergeVcfs	Processed     4,910,000 records.  Elapsed time: 00:00:54s.  Time for last 10,000:    0s.  Last read position: 21:42,405,487
INFO	2018-05-28 19:04:38	MergeVcfs	Processed     4,920,000 records.  Elapsed time: 00:00:54s.  Time for last 10,000:    0s.  Last read position: 21:46,724,802
INFO	2018-05-28 19:04:39	MergeVcfs	Processed     4,930,000 records.  Elapsed time: 00:00:54s.  Time for last 10,000:    0s.  Last read position: 22:19,860,143
INFO	2018-05-28 19:04:39	MergeVcfs	Processed     4,940,000 records.  Elapsed time: 00:00:54s.  Time for last 10,000:    0s.  Last read position: 22:24,681,579
INFO	2018-05-28 19:04:39	MergeVcfs	Processed     4,950,000 records.  Elapsed time: 00:00:54s.  Time for last 10,000:    0s.  Last read position: 22:30,007,808
INFO	2018-05-28 19:04:39	MergeVcfs	Processed     4,960,000 records.  Elapsed time: 00:00:54s.  Time for last 10,000:    0s.  Last read position: 22:35,345,231
INFO	2018-05-28 19:04:39	MergeVcfs	Processed     4,970,000 records.  Elapsed time: 00:00:54s.  Time for last 10,000:    0s.  Last read position: 22:41,230,238
INFO	2018-05-28 19:04:39	MergeVcfs	Processed     4,980,000 records.  Elapsed time: 00:00:55s.  Time for last 10,000:    0s.  Last read position: 22:45,876,881
INFO	2018-05-28 19:04:39	MergeVcfs	Processed     4,990,000 records.  Elapsed time: 00:00:55s.  Time for last 10,000:    0s.  Last read position: 22:49,473,621
INFO	2018-05-28 19:04:39	MergeVcfs	Processed     5,000,000 records.  Elapsed time: 00:00:55s.  Time for last 10,000:    0s.  Last read position: X:1,447,282
INFO	2018-05-28 19:04:39	MergeVcfs	Processed     5,010,000 records.  Elapsed time: 00:00:55s.  Time for last 10,000:    0s.  Last read position: X:7,056,943
INFO	2018-05-28 19:04:40	MergeVcfs	Processed     5,020,000 records.  Elapsed time: 00:00:55s.  Time for last 10,000:    0s.  Last read position: X:20,243,653
INFO	2018-05-28 19:04:40	MergeVcfs	Processed     5,030,000 records.  Elapsed time: 00:00:55s.  Time for last 10,000:    0s.  Last read position: X:31,872,894
INFO	2018-05-28 19:04:40	MergeVcfs	Processed     5,040,000 records.  Elapsed time: 00:00:55s.  Time for last 10,000:    0s.  Last read position: X:42,928,680
INFO	2018-05-28 19:04:40	MergeVcfs	Processed     5,050,000 records.  Elapsed time: 00:00:55s.  Time for last 10,000:    0s.  Last read position: X:56,610,717
INFO	2018-05-28 19:04:40	MergeVcfs	Processed     5,060,000 records.  Elapsed time: 00:00:55s.  Time for last 10,000:    0s.  Last read position: X:75,379,183
INFO	2018-05-28 19:04:40	MergeVcfs	Processed     5,070,000 records.  Elapsed time: 00:00:55s.  Time for last 10,000:    0s.  Last read position: X:85,383,239
INFO	2018-05-28 19:04:40	MergeVcfs	Processed     5,080,000 records.  Elapsed time: 00:00:56s.  Time for last 10,000:    0s.  Last read position: X:93,817,102
INFO	2018-05-28 19:04:40	MergeVcfs	Processed     5,090,000 records.  Elapsed time: 00:00:56s.  Time for last 10,000:    0s.  Last read position: X:107,331,894
INFO	2018-05-28 19:04:40	MergeVcfs	Processed     5,100,000 records.  Elapsed time: 00:00:56s.  Time for last 10,000:    0s.  Last read position: X:118,083,390
INFO	2018-05-28 19:04:40	MergeVcfs	Processed     5,110,000 records.  Elapsed time: 00:00:56s.  Time for last 10,000:    0s.  Last read position: X:127,054,479
INFO	2018-05-28 19:04:40	MergeVcfs	Processed     5,120,000 records.  Elapsed time: 00:00:56s.  Time for last 10,000:    0s.  Last read position: X:141,362,880
INFO	2018-05-28 19:04:41	MergeVcfs	Processed     5,130,000 records.  Elapsed time: 00:00:56s.  Time for last 10,000:    0s.  Last read position: X:151,049,661
[Mon May 28 19:04:43 UTC 2018] picard.vcf.MergeVcfs done. Elapsed time: 0.98 minutes.
Runtime.totalMemory()=309329920
Completed s01_sort_merge_HG03120_ddr_positive_kgen.sh
Mon 28 May 19:04:43 UTC 2018

