Starting s01_select_NA19131_ddr_positive_kgen.sh
Sun 27 May 16:41:35 UTC 2018

1000 Genomes Project Individual ID - DDR positive genotype to be extracted - NA19131

Selecting DDR positive individual genotype from 1000 Genome Project (Chromosome 1) ...
Sun 27 May 16:41:35 UTC 2018

Completed DDR positive individual genotype from 1000 Genome Project (Chromosome 1)
Sun 27 May 17:10:21 UTC 2018

Selecting DDR positive individual genotype from 1000 Genome Project (Chromosome 2) ...
Sun 27 May 17:10:21 UTC 2018

Completed DDR positive individual genotype from 1000 Genome Project (Chromosome 2)
Sun 27 May 17:43:08 UTC 2018

Selecting DDR positive individual genotype from 1000 Genome Project (Chromosome 3) ...
Sun 27 May 17:43:08 UTC 2018

Completed DDR positive individual genotype from 1000 Genome Project (Chromosome 3)
Sun 27 May 18:09:43 UTC 2018

Selecting DDR positive individual genotype from 1000 Genome Project (Chromosome 4) ...
Sun 27 May 18:09:43 UTC 2018

Completed DDR positive individual genotype from 1000 Genome Project (Chromosome 4)
Sun 27 May 18:36:14 UTC 2018

Selecting DDR positive individual genotype from 1000 Genome Project (Chromosome 5) ...
Sun 27 May 18:36:14 UTC 2018

Completed DDR positive individual genotype from 1000 Genome Project (Chromosome 5)
Sun 27 May 19:00:24 UTC 2018

Selecting DDR positive individual genotype from 1000 Genome Project (Chromosome 6) ...
Sun 27 May 19:00:24 UTC 2018

Completed DDR positive individual genotype from 1000 Genome Project (Chromosome 6)
Sun 27 May 19:23:03 UTC 2018

Selecting DDR positive individual genotype from 1000 Genome Project (Chromosome 7) ...
Sun 27 May 19:23:03 UTC 2018

Completed DDR positive individual genotype from 1000 Genome Project (Chromosome 7)
Sun 27 May 19:44:17 UTC 2018

Selecting DDR positive individual genotype from 1000 Genome Project (Chromosome 8) ...
Sun 27 May 19:44:17 UTC 2018

Completed DDR positive individual genotype from 1000 Genome Project (Chromosome 8)
Sun 27 May 20:05:43 UTC 2018

Selecting DDR positive individual genotype from 1000 Genome Project (Chromosome 9) ...
Sun 27 May 20:05:43 UTC 2018

Completed DDR positive individual genotype from 1000 Genome Project (Chromosome 9)
Sun 27 May 20:21:51 UTC 2018

Selecting DDR positive individual genotype from 1000 Genome Project (Chromosome 10) ...
Sun 27 May 20:21:51 UTC 2018

Completed DDR positive individual genotype from 1000 Genome Project (Chromosome 10)
Sun 27 May 20:39:56 UTC 2018

Selecting DDR positive individual genotype from 1000 Genome Project (Chromosome 11) ...
Sun 27 May 20:39:56 UTC 2018

Completed DDR positive individual genotype from 1000 Genome Project (Chromosome 11)
Sun 27 May 20:58:28 UTC 2018

Selecting DDR positive individual genotype from 1000 Genome Project (Chromosome 12) ...
Sun 27 May 20:58:28 UTC 2018

Completed DDR positive individual genotype from 1000 Genome Project (Chromosome 12)
Sun 27 May 21:15:34 UTC 2018

Selecting DDR positive individual genotype from 1000 Genome Project (Chromosome 13) ...
Sun 27 May 21:15:34 UTC 2018

Completed DDR positive individual genotype from 1000 Genome Project (Chromosome 13)
Sun 27 May 21:28:44 UTC 2018

Selecting DDR positive individual genotype from 1000 Genome Project (Chromosome 14) ...
Sun 27 May 21:28:44 UTC 2018

Completed DDR positive individual genotype from 1000 Genome Project (Chromosome 14)
Sun 27 May 21:41:18 UTC 2018

Selecting DDR positive individual genotype from 1000 Genome Project (Chromosome 15) ...
Sun 27 May 21:41:18 UTC 2018

Completed DDR positive individual genotype from 1000 Genome Project (Chromosome 15)
Sun 27 May 21:52:08 UTC 2018

Selecting DDR positive individual genotype from 1000 Genome Project (Chromosome 16) ...
Sun 27 May 21:52:08 UTC 2018

Completed DDR positive individual genotype from 1000 Genome Project (Chromosome 16)
Sun 27 May 22:04:07 UTC 2018

Selecting DDR positive individual genotype from 1000 Genome Project (Chromosome 17) ...
Sun 27 May 22:04:07 UTC 2018

Completed DDR positive individual genotype from 1000 Genome Project (Chromosome 17)
Sun 27 May 22:15:00 UTC 2018

Selecting DDR positive individual genotype from 1000 Genome Project (Chromosome 18) ...
Sun 27 May 22:15:00 UTC 2018

Completed DDR positive individual genotype from 1000 Genome Project (Chromosome 18)
Sun 27 May 22:25:22 UTC 2018

Selecting DDR positive individual genotype from 1000 Genome Project (Chromosome 19) ...
Sun 27 May 22:25:22 UTC 2018

Completed DDR positive individual genotype from 1000 Genome Project (Chromosome 19)
Sun 27 May 22:33:46 UTC 2018

Selecting DDR positive individual genotype from 1000 Genome Project (Chromosome 20) ...
Sun 27 May 22:33:46 UTC 2018

Completed DDR positive individual genotype from 1000 Genome Project (Chromosome 20)
Sun 27 May 22:42:05 UTC 2018

Selecting DDR positive individual genotype from 1000 Genome Project (Chromosome 21) ...
Sun 27 May 22:42:05 UTC 2018

Completed DDR positive individual genotype from 1000 Genome Project (Chromosome 21)
Sun 27 May 22:47:20 UTC 2018

Selecting DDR positive individual genotype from 1000 Genome Project (Chromosome 22) ...
Sun 27 May 22:47:20 UTC 2018

Completed DDR positive individual genotype from 1000 Genome Project (Chromosome 22)
Sun 27 May 22:52:30 UTC 2018

Selecting DDR positive individual genotype from 1000 Genome Project (Chromosome X) ...
Sun 27 May 22:52:30 UTC 2018

Completed DDR positive individual genotype from 1000 Genome Project (Chromosome X)
Sun 27 May 23:11:28 UTC 2018


Merging DDR positive individual genotype VCF files from 1000 Genome Project
Sun 27 May 23:11:28 UTC 2018
23:11:29.727 INFO  NativeLibraryLoader - Loading libgkl_compression.so from jar:file:/home/ec2-user/tools/picard/picard.jar!/com/intel/gkl/native/libgkl_compression.so
[Sun May 27 23:11:29 UTC 2018] MergeVcfs INPUT=[/home/ec2-user/results/data_analysis/gt_individuals/kgen/ddr_positive/NA19131/s01_NA19131_ddr_positive_kgen_chr1_raw.vcf, /home/ec2-user/results/data_analysis/gt_individuals/kgen/ddr_positive/NA19131/s01_NA19131_ddr_positive_kgen_chr2_raw.vcf, /home/ec2-user/results/data_analysis/gt_individuals/kgen/ddr_positive/NA19131/s01_NA19131_ddr_positive_kgen_chr3_raw.vcf, /home/ec2-user/results/data_analysis/gt_individuals/kgen/ddr_positive/NA19131/s01_NA19131_ddr_positive_kgen_chr4_raw.vcf, /home/ec2-user/results/data_analysis/gt_individuals/kgen/ddr_positive/NA19131/s01_NA19131_ddr_positive_kgen_chr5_raw.vcf, /home/ec2-user/results/data_analysis/gt_individuals/kgen/ddr_positive/NA19131/s01_NA19131_ddr_positive_kgen_chr6_raw.vcf, /home/ec2-user/results/data_analysis/gt_individuals/kgen/ddr_positive/NA19131/s01_NA19131_ddr_positive_kgen_chr7_raw.vcf, /home/ec2-user/results/data_analysis/gt_individuals/kgen/ddr_positive/NA19131/s01_NA19131_ddr_positive_kgen_chr8_raw.vcf, /home/ec2-user/results/data_analysis/gt_individuals/kgen/ddr_positive/NA19131/s01_NA19131_ddr_positive_kgen_chr9_raw.vcf, /home/ec2-user/results/data_analysis/gt_individuals/kgen/ddr_positive/NA19131/s01_NA19131_ddr_positive_kgen_chr10_raw.vcf, /home/ec2-user/results/data_analysis/gt_individuals/kgen/ddr_positive/NA19131/s01_NA19131_ddr_positive_kgen_chr11_raw.vcf, /home/ec2-user/results/data_analysis/gt_individuals/kgen/ddr_positive/NA19131/s01_NA19131_ddr_positive_kgen_chr12_raw.vcf, /home/ec2-user/results/data_analysis/gt_individuals/kgen/ddr_positive/NA19131/s01_NA19131_ddr_positive_kgen_chr13_raw.vcf, /home/ec2-user/results/data_analysis/gt_individuals/kgen/ddr_positive/NA19131/s01_NA19131_ddr_positive_kgen_chr14_raw.vcf, /home/ec2-user/results/data_analysis/gt_individuals/kgen/ddr_positive/NA19131/s01_NA19131_ddr_positive_kgen_chr15_raw.vcf, /home/ec2-user/results/data_analysis/gt_individuals/kgen/ddr_positive/NA19131/s01_NA19131_ddr_positive_kgen_chr16_raw.vcf, /home/ec2-user/results/data_analysis/gt_individuals/kgen/ddr_positive/NA19131/s01_NA19131_ddr_positive_kgen_chr17_raw.vcf, /home/ec2-user/results/data_analysis/gt_individuals/kgen/ddr_positive/NA19131/s01_NA19131_ddr_positive_kgen_chr18_raw.vcf, /home/ec2-user/results/data_analysis/gt_individuals/kgen/ddr_positive/NA19131/s01_NA19131_ddr_positive_kgen_chr19_raw.vcf, /home/ec2-user/results/data_analysis/gt_individuals/kgen/ddr_positive/NA19131/s01_NA19131_ddr_positive_kgen_chr20_raw.vcf, /home/ec2-user/results/data_analysis/gt_individuals/kgen/ddr_positive/NA19131/s01_NA19131_ddr_positive_kgen_chr21_raw.vcf, /home/ec2-user/results/data_analysis/gt_individuals/kgen/ddr_positive/NA19131/s01_NA19131_ddr_positive_kgen_chr22_raw.vcf, /home/ec2-user/results/data_analysis/gt_individuals/kgen/ddr_positive/NA19131/s01_NA19131_ddr_positive_kgen_chrX_raw.vcf] OUTPUT=/home/ec2-user/results/data_analysis/gt_individuals/kgen/ddr_positive/NA19131/s01_NA19131_ddr_positive_kgen_merged_raw.vcf.gz    VERBOSITY=INFO QUIET=false VALIDATION_STRINGENCY=STRICT COMPRESSION_LEVEL=5 MAX_RECORDS_IN_RAM=500000 CREATE_INDEX=true CREATE_MD5_FILE=false GA4GH_CLIENT_SECRETS=client_secrets.json USE_JDK_DEFLATER=false USE_JDK_INFLATER=false
[Sun May 27 23:11:29 UTC 2018] Executing as ec2-user@ip-172-31-36-234 on Linux 4.14.33-51.37.amzn1.x86_64 amd64; OpenJDK 64-Bit Server VM 1.8.0_171-b10; Deflater: Intel; Inflater: Intel; Provider GCS is not available; Picard version: 2.18.2-SNAPSHOT
INFO	2018-05-27 23:11:31	MergeVcfs	Processed        10,000 records.  Elapsed time: 00:00:01s.  Time for last 10,000:    0s.  Last read position: 1:4,926,485
INFO	2018-05-27 23:11:31	MergeVcfs	Processed        20,000 records.  Elapsed time: 00:00:01s.  Time for last 10,000:    0s.  Last read position: 1:10,313,811
INFO	2018-05-27 23:11:31	MergeVcfs	Processed        30,000 records.  Elapsed time: 00:00:02s.  Time for last 10,000:    0s.  Last read position: 1:16,087,260
INFO	2018-05-27 23:11:32	MergeVcfs	Processed        40,000 records.  Elapsed time: 00:00:02s.  Time for last 10,000:    0s.  Last read position: 1:21,076,771
INFO	2018-05-27 23:11:32	MergeVcfs	Processed        50,000 records.  Elapsed time: 00:00:02s.  Time for last 10,000:    0s.  Last read position: 1:26,573,217
INFO	2018-05-27 23:11:32	MergeVcfs	Processed        60,000 records.  Elapsed time: 00:00:03s.  Time for last 10,000:    0s.  Last read position: 1:33,116,206
INFO	2018-05-27 23:11:33	MergeVcfs	Processed        70,000 records.  Elapsed time: 00:00:03s.  Time for last 10,000:    0s.  Last read position: 1:39,842,443
INFO	2018-05-27 23:11:33	MergeVcfs	Processed        80,000 records.  Elapsed time: 00:00:03s.  Time for last 10,000:    0s.  Last read position: 1:46,487,560
INFO	2018-05-27 23:11:33	MergeVcfs	Processed        90,000 records.  Elapsed time: 00:00:03s.  Time for last 10,000:    0s.  Last read position: 1:54,496,055
INFO	2018-05-27 23:11:33	MergeVcfs	Processed       100,000 records.  Elapsed time: 00:00:04s.  Time for last 10,000:    0s.  Last read position: 1:59,592,256
INFO	2018-05-27 23:11:34	MergeVcfs	Processed       110,000 records.  Elapsed time: 00:00:04s.  Time for last 10,000:    0s.  Last read position: 1:65,429,257
INFO	2018-05-27 23:11:34	MergeVcfs	Processed       120,000 records.  Elapsed time: 00:00:04s.  Time for last 10,000:    0s.  Last read position: 1:71,644,237
INFO	2018-05-27 23:11:34	MergeVcfs	Processed       130,000 records.  Elapsed time: 00:00:04s.  Time for last 10,000:    0s.  Last read position: 1:77,801,456
INFO	2018-05-27 23:11:34	MergeVcfs	Processed       140,000 records.  Elapsed time: 00:00:04s.  Time for last 10,000:    0s.  Last read position: 1:83,344,880
INFO	2018-05-27 23:11:34	MergeVcfs	Processed       150,000 records.  Elapsed time: 00:00:04s.  Time for last 10,000:    0s.  Last read position: 1:89,425,637
INFO	2018-05-27 23:11:34	MergeVcfs	Processed       160,000 records.  Elapsed time: 00:00:05s.  Time for last 10,000:    0s.  Last read position: 1:95,114,146
INFO	2018-05-27 23:11:34	MergeVcfs	Processed       170,000 records.  Elapsed time: 00:00:05s.  Time for last 10,000:    0s.  Last read position: 1:101,243,989
INFO	2018-05-27 23:11:35	MergeVcfs	Processed       180,000 records.  Elapsed time: 00:00:05s.  Time for last 10,000:    0s.  Last read position: 1:106,131,274
INFO	2018-05-27 23:11:35	MergeVcfs	Processed       190,000 records.  Elapsed time: 00:00:05s.  Time for last 10,000:    0s.  Last read position: 1:112,233,548
INFO	2018-05-27 23:11:35	MergeVcfs	Processed       200,000 records.  Elapsed time: 00:00:05s.  Time for last 10,000:    0s.  Last read position: 1:119,000,378
INFO	2018-05-27 23:11:35	MergeVcfs	Processed       210,000 records.  Elapsed time: 00:00:05s.  Time for last 10,000:    0s.  Last read position: 1:150,488,722
INFO	2018-05-27 23:11:35	MergeVcfs	Processed       220,000 records.  Elapsed time: 00:00:05s.  Time for last 10,000:    0s.  Last read position: 1:157,527,764
INFO	2018-05-27 23:11:35	MergeVcfs	Processed       230,000 records.  Elapsed time: 00:00:05s.  Time for last 10,000:    0s.  Last read position: 1:162,715,426
INFO	2018-05-27 23:11:35	MergeVcfs	Processed       240,000 records.  Elapsed time: 00:00:05s.  Time for last 10,000:    0s.  Last read position: 1:168,188,288
INFO	2018-05-27 23:11:35	MergeVcfs	Processed       250,000 records.  Elapsed time: 00:00:06s.  Time for last 10,000:    0s.  Last read position: 1:173,816,089
INFO	2018-05-27 23:11:35	MergeVcfs	Processed       260,000 records.  Elapsed time: 00:00:06s.  Time for last 10,000:    0s.  Last read position: 1:180,343,893
INFO	2018-05-27 23:11:36	MergeVcfs	Processed       270,000 records.  Elapsed time: 00:00:06s.  Time for last 10,000:    0s.  Last read position: 1:185,691,752
INFO	2018-05-27 23:11:36	MergeVcfs	Processed       280,000 records.  Elapsed time: 00:00:06s.  Time for last 10,000:    0s.  Last read position: 1:190,071,452
INFO	2018-05-27 23:11:36	MergeVcfs	Processed       290,000 records.  Elapsed time: 00:00:06s.  Time for last 10,000:    0s.  Last read position: 1:196,005,563
INFO	2018-05-27 23:11:36	MergeVcfs	Processed       300,000 records.  Elapsed time: 00:00:06s.  Time for last 10,000:    0s.  Last read position: 1:202,025,488
INFO	2018-05-27 23:11:36	MergeVcfs	Processed       310,000 records.  Elapsed time: 00:00:06s.  Time for last 10,000:    0s.  Last read position: 1:208,433,225
INFO	2018-05-27 23:11:36	MergeVcfs	Processed       320,000 records.  Elapsed time: 00:00:06s.  Time for last 10,000:    0s.  Last read position: 1:214,392,725
INFO	2018-05-27 23:11:36	MergeVcfs	Processed       330,000 records.  Elapsed time: 00:00:06s.  Time for last 10,000:    0s.  Last read position: 1:220,079,664
INFO	2018-05-27 23:11:36	MergeVcfs	Processed       340,000 records.  Elapsed time: 00:00:07s.  Time for last 10,000:    0s.  Last read position: 1:225,836,460
INFO	2018-05-27 23:11:36	MergeVcfs	Processed       350,000 records.  Elapsed time: 00:00:07s.  Time for last 10,000:    0s.  Last read position: 1:230,880,505
INFO	2018-05-27 23:11:37	MergeVcfs	Processed       360,000 records.  Elapsed time: 00:00:07s.  Time for last 10,000:    0s.  Last read position: 1:235,740,978
INFO	2018-05-27 23:11:37	MergeVcfs	Processed       370,000 records.  Elapsed time: 00:00:07s.  Time for last 10,000:    0s.  Last read position: 1:240,240,784
INFO	2018-05-27 23:11:37	MergeVcfs	Processed       380,000 records.  Elapsed time: 00:00:07s.  Time for last 10,000:    0s.  Last read position: 1:244,929,262
INFO	2018-05-27 23:11:37	MergeVcfs	Processed       390,000 records.  Elapsed time: 00:00:07s.  Time for last 10,000:    0s.  Last read position: 1:248,672,424
INFO	2018-05-27 23:11:37	MergeVcfs	Processed       400,000 records.  Elapsed time: 00:00:07s.  Time for last 10,000:    0s.  Last read position: 2:3,275,826
INFO	2018-05-27 23:11:37	MergeVcfs	Processed       410,000 records.  Elapsed time: 00:00:07s.  Time for last 10,000:    0s.  Last read position: 2:7,924,095
INFO	2018-05-27 23:11:37	MergeVcfs	Processed       420,000 records.  Elapsed time: 00:00:07s.  Time for last 10,000:    0s.  Last read position: 2:12,634,689
INFO	2018-05-27 23:11:37	MergeVcfs	Processed       430,000 records.  Elapsed time: 00:00:08s.  Time for last 10,000:    0s.  Last read position: 2:17,889,701
INFO	2018-05-27 23:11:37	MergeVcfs	Processed       440,000 records.  Elapsed time: 00:00:08s.  Time for last 10,000:    0s.  Last read position: 2:23,528,271
INFO	2018-05-27 23:11:38	MergeVcfs	Processed       450,000 records.  Elapsed time: 00:00:08s.  Time for last 10,000:    0s.  Last read position: 2:29,841,286
INFO	2018-05-27 23:11:38	MergeVcfs	Processed       460,000 records.  Elapsed time: 00:00:08s.  Time for last 10,000:    0s.  Last read position: 2:35,464,547
INFO	2018-05-27 23:11:38	MergeVcfs	Processed       470,000 records.  Elapsed time: 00:00:08s.  Time for last 10,000:    0s.  Last read position: 2:40,181,783
INFO	2018-05-27 23:11:38	MergeVcfs	Processed       480,000 records.  Elapsed time: 00:00:08s.  Time for last 10,000:    0s.  Last read position: 2:44,647,038
INFO	2018-05-27 23:11:38	MergeVcfs	Processed       490,000 records.  Elapsed time: 00:00:08s.  Time for last 10,000:    0s.  Last read position: 2:49,777,936
INFO	2018-05-27 23:11:38	MergeVcfs	Processed       500,000 records.  Elapsed time: 00:00:08s.  Time for last 10,000:    0s.  Last read position: 2:54,735,611
INFO	2018-05-27 23:11:38	MergeVcfs	Processed       510,000 records.  Elapsed time: 00:00:08s.  Time for last 10,000:    0s.  Last read position: 2:59,884,498
INFO	2018-05-27 23:11:38	MergeVcfs	Processed       520,000 records.  Elapsed time: 00:00:09s.  Time for last 10,000:    0s.  Last read position: 2:66,582,260
INFO	2018-05-27 23:11:38	MergeVcfs	Processed       530,000 records.  Elapsed time: 00:00:09s.  Time for last 10,000:    0s.  Last read position: 2:72,128,779
INFO	2018-05-27 23:11:38	MergeVcfs	Processed       540,000 records.  Elapsed time: 00:00:09s.  Time for last 10,000:    0s.  Last read position: 2:77,688,264
INFO	2018-05-27 23:11:39	MergeVcfs	Processed       550,000 records.  Elapsed time: 00:00:09s.  Time for last 10,000:    0s.  Last read position: 2:82,808,756
INFO	2018-05-27 23:11:39	MergeVcfs	Processed       560,000 records.  Elapsed time: 00:00:09s.  Time for last 10,000:    0s.  Last read position: 2:90,451,349
INFO	2018-05-27 23:11:39	MergeVcfs	Processed       570,000 records.  Elapsed time: 00:00:09s.  Time for last 10,000:    0s.  Last read position: 2:102,941,641
INFO	2018-05-27 23:11:39	MergeVcfs	Processed       580,000 records.  Elapsed time: 00:00:09s.  Time for last 10,000:    0s.  Last read position: 2:108,726,733
INFO	2018-05-27 23:11:39	MergeVcfs	Processed       590,000 records.  Elapsed time: 00:00:09s.  Time for last 10,000:    0s.  Last read position: 2:116,094,134
INFO	2018-05-27 23:11:39	MergeVcfs	Processed       600,000 records.  Elapsed time: 00:00:09s.  Time for last 10,000:    0s.  Last read position: 2:121,693,425
INFO	2018-05-27 23:11:39	MergeVcfs	Processed       610,000 records.  Elapsed time: 00:00:09s.  Time for last 10,000:    0s.  Last read position: 2:127,581,222
INFO	2018-05-27 23:11:39	MergeVcfs	Processed       620,000 records.  Elapsed time: 00:00:10s.  Time for last 10,000:    0s.  Last read position: 2:133,190,095
INFO	2018-05-27 23:11:39	MergeVcfs	Processed       630,000 records.  Elapsed time: 00:00:10s.  Time for last 10,000:    0s.  Last read position: 2:139,167,603
INFO	2018-05-27 23:11:40	MergeVcfs	Processed       640,000 records.  Elapsed time: 00:00:10s.  Time for last 10,000:    0s.  Last read position: 2:145,900,794
INFO	2018-05-27 23:11:40	MergeVcfs	Processed       650,000 records.  Elapsed time: 00:00:10s.  Time for last 10,000:    0s.  Last read position: 2:153,677,575
INFO	2018-05-27 23:11:40	MergeVcfs	Processed       660,000 records.  Elapsed time: 00:00:10s.  Time for last 10,000:    0s.  Last read position: 2:160,792,507
INFO	2018-05-27 23:11:40	MergeVcfs	Processed       670,000 records.  Elapsed time: 00:00:10s.  Time for last 10,000:    0s.  Last read position: 2:167,606,144
INFO	2018-05-27 23:11:40	MergeVcfs	Processed       680,000 records.  Elapsed time: 00:00:10s.  Time for last 10,000:    0s.  Last read position: 2:172,813,218
INFO	2018-05-27 23:11:40	MergeVcfs	Processed       690,000 records.  Elapsed time: 00:00:10s.  Time for last 10,000:    0s.  Last read position: 2:179,089,622
INFO	2018-05-27 23:11:40	MergeVcfs	Processed       700,000 records.  Elapsed time: 00:00:10s.  Time for last 10,000:    0s.  Last read position: 2:185,289,834
INFO	2018-05-27 23:11:40	MergeVcfs	Processed       710,000 records.  Elapsed time: 00:00:11s.  Time for last 10,000:    0s.  Last read position: 2:192,053,706
INFO	2018-05-27 23:11:40	MergeVcfs	Processed       720,000 records.  Elapsed time: 00:00:11s.  Time for last 10,000:    0s.  Last read position: 2:198,390,002
INFO	2018-05-27 23:11:41	MergeVcfs	Processed       730,000 records.  Elapsed time: 00:00:11s.  Time for last 10,000:    0s.  Last read position: 2:205,887,035
INFO	2018-05-27 23:11:41	MergeVcfs	Processed       740,000 records.  Elapsed time: 00:00:11s.  Time for last 10,000:    0s.  Last read position: 2:211,683,214
INFO	2018-05-27 23:11:41	MergeVcfs	Processed       750,000 records.  Elapsed time: 00:00:11s.  Time for last 10,000:    0s.  Last read position: 2:216,889,521
INFO	2018-05-27 23:11:41	MergeVcfs	Processed       760,000 records.  Elapsed time: 00:00:11s.  Time for last 10,000:    0s.  Last read position: 2:222,426,927
INFO	2018-05-27 23:11:41	MergeVcfs	Processed       770,000 records.  Elapsed time: 00:00:11s.  Time for last 10,000:    0s.  Last read position: 2:227,786,514
INFO	2018-05-27 23:11:41	MergeVcfs	Processed       780,000 records.  Elapsed time: 00:00:11s.  Time for last 10,000:    0s.  Last read position: 2:232,697,493
INFO	2018-05-27 23:11:41	MergeVcfs	Processed       790,000 records.  Elapsed time: 00:00:11s.  Time for last 10,000:    0s.  Last read position: 2:237,567,494
INFO	2018-05-27 23:11:41	MergeVcfs	Processed       800,000 records.  Elapsed time: 00:00:11s.  Time for last 10,000:    0s.  Last read position: 2:242,148,380
INFO	2018-05-27 23:11:41	MergeVcfs	Processed       810,000 records.  Elapsed time: 00:00:12s.  Time for last 10,000:    0s.  Last read position: 3:3,030,223
INFO	2018-05-27 23:11:41	MergeVcfs	Processed       820,000 records.  Elapsed time: 00:00:12s.  Time for last 10,000:    0s.  Last read position: 3:6,755,165
INFO	2018-05-27 23:11:42	MergeVcfs	Processed       830,000 records.  Elapsed time: 00:00:12s.  Time for last 10,000:    0s.  Last read position: 3:11,036,562
INFO	2018-05-27 23:11:42	MergeVcfs	Processed       840,000 records.  Elapsed time: 00:00:12s.  Time for last 10,000:    0s.  Last read position: 3:16,319,108
INFO	2018-05-27 23:11:42	MergeVcfs	Processed       850,000 records.  Elapsed time: 00:00:12s.  Time for last 10,000:    0s.  Last read position: 3:22,127,205
INFO	2018-05-27 23:11:42	MergeVcfs	Processed       860,000 records.  Elapsed time: 00:00:12s.  Time for last 10,000:    0s.  Last read position: 3:27,029,743
INFO	2018-05-27 23:11:42	MergeVcfs	Processed       870,000 records.  Elapsed time: 00:00:12s.  Time for last 10,000:    0s.  Last read position: 3:32,590,937
INFO	2018-05-27 23:11:42	MergeVcfs	Processed       880,000 records.  Elapsed time: 00:00:12s.  Time for last 10,000:    0s.  Last read position: 3:39,517,437
INFO	2018-05-27 23:11:42	MergeVcfs	Processed       890,000 records.  Elapsed time: 00:00:12s.  Time for last 10,000:    0s.  Last read position: 3:45,223,868
INFO	2018-05-27 23:11:42	MergeVcfs	Processed       900,000 records.  Elapsed time: 00:00:13s.  Time for last 10,000:    0s.  Last read position: 3:53,360,741
INFO	2018-05-27 23:11:42	MergeVcfs	Processed       910,000 records.  Elapsed time: 00:00:13s.  Time for last 10,000:    0s.  Last read position: 3:59,253,671
INFO	2018-05-27 23:11:43	MergeVcfs	Processed       920,000 records.  Elapsed time: 00:00:13s.  Time for last 10,000:    0s.  Last read position: 3:64,281,153
INFO	2018-05-27 23:11:43	MergeVcfs	Processed       930,000 records.  Elapsed time: 00:00:13s.  Time for last 10,000:    0s.  Last read position: 3:69,430,007
INFO	2018-05-27 23:11:43	MergeVcfs	Processed       940,000 records.  Elapsed time: 00:00:13s.  Time for last 10,000:    0s.  Last read position: 3:75,163,240
INFO	2018-05-27 23:11:43	MergeVcfs	Processed       950,000 records.  Elapsed time: 00:00:13s.  Time for last 10,000:    0s.  Last read position: 3:80,892,039
INFO	2018-05-27 23:11:43	MergeVcfs	Processed       960,000 records.  Elapsed time: 00:00:13s.  Time for last 10,000:    0s.  Last read position: 3:87,038,154
INFO	2018-05-27 23:11:43	MergeVcfs	Processed       970,000 records.  Elapsed time: 00:00:13s.  Time for last 10,000:    0s.  Last read position: 3:95,531,825
INFO	2018-05-27 23:11:43	MergeVcfs	Processed       980,000 records.  Elapsed time: 00:00:13s.  Time for last 10,000:    0s.  Last read position: 3:100,430,675
INFO	2018-05-27 23:11:43	MergeVcfs	Processed       990,000 records.  Elapsed time: 00:00:14s.  Time for last 10,000:    0s.  Last read position: 3:105,915,233
INFO	2018-05-27 23:11:43	MergeVcfs	Processed     1,000,000 records.  Elapsed time: 00:00:14s.  Time for last 10,000:    0s.  Last read position: 3:111,540,629
INFO	2018-05-27 23:11:44	MergeVcfs	Processed     1,010,000 records.  Elapsed time: 00:00:14s.  Time for last 10,000:    0s.  Last read position: 3:117,924,527
INFO	2018-05-27 23:11:44	MergeVcfs	Processed     1,020,000 records.  Elapsed time: 00:00:14s.  Time for last 10,000:    0s.  Last read position: 3:123,564,698
INFO	2018-05-27 23:11:44	MergeVcfs	Processed     1,030,000 records.  Elapsed time: 00:00:14s.  Time for last 10,000:    0s.  Last read position: 3:128,913,447
INFO	2018-05-27 23:11:44	MergeVcfs	Processed     1,040,000 records.  Elapsed time: 00:00:14s.  Time for last 10,000:    0s.  Last read position: 3:134,205,227
INFO	2018-05-27 23:11:44	MergeVcfs	Processed     1,050,000 records.  Elapsed time: 00:00:14s.  Time for last 10,000:    0s.  Last read position: 3:140,729,008
INFO	2018-05-27 23:11:44	MergeVcfs	Processed     1,060,000 records.  Elapsed time: 00:00:14s.  Time for last 10,000:    0s.  Last read position: 3:145,940,376
INFO	2018-05-27 23:11:44	MergeVcfs	Processed     1,070,000 records.  Elapsed time: 00:00:14s.  Time for last 10,000:    0s.  Last read position: 3:151,424,284
INFO	2018-05-27 23:11:44	MergeVcfs	Processed     1,080,000 records.  Elapsed time: 00:00:14s.  Time for last 10,000:    0s.  Last read position: 3:157,152,132
INFO	2018-05-27 23:11:44	MergeVcfs	Processed     1,090,000 records.  Elapsed time: 00:00:15s.  Time for last 10,000:    0s.  Last read position: 3:162,604,708
INFO	2018-05-27 23:11:44	MergeVcfs	Processed     1,100,000 records.  Elapsed time: 00:00:15s.  Time for last 10,000:    0s.  Last read position: 3:167,152,225
INFO	2018-05-27 23:11:45	MergeVcfs	Processed     1,110,000 records.  Elapsed time: 00:00:15s.  Time for last 10,000:    0s.  Last read position: 3:172,958,757
INFO	2018-05-27 23:11:45	MergeVcfs	Processed     1,120,000 records.  Elapsed time: 00:00:15s.  Time for last 10,000:    0s.  Last read position: 3:178,008,903
INFO	2018-05-27 23:11:45	MergeVcfs	Processed     1,130,000 records.  Elapsed time: 00:00:15s.  Time for last 10,000:    0s.  Last read position: 3:183,964,030
INFO	2018-05-27 23:11:45	MergeVcfs	Processed     1,140,000 records.  Elapsed time: 00:00:15s.  Time for last 10,000:    0s.  Last read position: 3:189,437,068
INFO	2018-05-27 23:11:45	MergeVcfs	Processed     1,150,000 records.  Elapsed time: 00:00:15s.  Time for last 10,000:    0s.  Last read position: 3:193,789,903
INFO	2018-05-27 23:11:45	MergeVcfs	Processed     1,160,000 records.  Elapsed time: 00:00:15s.  Time for last 10,000:    0s.  Last read position: 4:1,052,857
INFO	2018-05-27 23:11:45	MergeVcfs	Processed     1,170,000 records.  Elapsed time: 00:00:15s.  Time for last 10,000:    0s.  Last read position: 4:5,262,893
INFO	2018-05-27 23:11:45	MergeVcfs	Processed     1,180,000 records.  Elapsed time: 00:00:16s.  Time for last 10,000:    0s.  Last read position: 4:9,013,047
INFO	2018-05-27 23:11:45	MergeVcfs	Processed     1,190,000 records.  Elapsed time: 00:00:16s.  Time for last 10,000:    0s.  Last read position: 4:13,038,965
INFO	2018-05-27 23:11:46	MergeVcfs	Processed     1,200,000 records.  Elapsed time: 00:00:16s.  Time for last 10,000:    0s.  Last read position: 4:18,473,140
INFO	2018-05-27 23:11:46	MergeVcfs	Processed     1,210,000 records.  Elapsed time: 00:00:16s.  Time for last 10,000:    0s.  Last read position: 4:23,992,551
INFO	2018-05-27 23:11:46	MergeVcfs	Processed     1,220,000 records.  Elapsed time: 00:00:16s.  Time for last 10,000:    0s.  Last read position: 4:29,588,598
INFO	2018-05-27 23:11:46	MergeVcfs	Processed     1,230,000 records.  Elapsed time: 00:00:16s.  Time for last 10,000:    0s.  Last read position: 4:34,354,837
INFO	2018-05-27 23:11:46	MergeVcfs	Processed     1,240,000 records.  Elapsed time: 00:00:16s.  Time for last 10,000:    0s.  Last read position: 4:38,181,480
INFO	2018-05-27 23:11:46	MergeVcfs	Processed     1,250,000 records.  Elapsed time: 00:00:16s.  Time for last 10,000:    0s.  Last read position: 4:43,355,579
INFO	2018-05-27 23:11:46	MergeVcfs	Processed     1,260,000 records.  Elapsed time: 00:00:16s.  Time for last 10,000:    0s.  Last read position: 4:48,931,159
INFO	2018-05-27 23:11:46	MergeVcfs	Processed     1,270,000 records.  Elapsed time: 00:00:16s.  Time for last 10,000:    0s.  Last read position: 4:57,606,047
INFO	2018-05-27 23:11:46	MergeVcfs	Processed     1,280,000 records.  Elapsed time: 00:00:17s.  Time for last 10,000:    0s.  Last read position: 4:61,880,518
INFO	2018-05-27 23:11:46	MergeVcfs	Processed     1,290,000 records.  Elapsed time: 00:00:17s.  Time for last 10,000:    0s.  Last read position: 4:66,393,458
INFO	2018-05-27 23:11:47	MergeVcfs	Processed     1,300,000 records.  Elapsed time: 00:00:17s.  Time for last 10,000:    0s.  Last read position: 4:71,131,306
INFO	2018-05-27 23:11:47	MergeVcfs	Processed     1,310,000 records.  Elapsed time: 00:00:17s.  Time for last 10,000:    0s.  Last read position: 4:76,189,694
INFO	2018-05-27 23:11:47	MergeVcfs	Processed     1,320,000 records.  Elapsed time: 00:00:17s.  Time for last 10,000:    0s.  Last read position: 4:81,135,131
INFO	2018-05-27 23:11:47	MergeVcfs	Processed     1,330,000 records.  Elapsed time: 00:00:17s.  Time for last 10,000:    0s.  Last read position: 4:86,248,308
INFO	2018-05-27 23:11:47	MergeVcfs	Processed     1,340,000 records.  Elapsed time: 00:00:17s.  Time for last 10,000:    0s.  Last read position: 4:92,093,983
INFO	2018-05-27 23:11:47	MergeVcfs	Processed     1,350,000 records.  Elapsed time: 00:00:17s.  Time for last 10,000:    0s.  Last read position: 4:97,404,077
INFO	2018-05-27 23:11:47	MergeVcfs	Processed     1,360,000 records.  Elapsed time: 00:00:17s.  Time for last 10,000:    0s.  Last read position: 4:102,721,732
INFO	2018-05-27 23:11:47	MergeVcfs	Processed     1,370,000 records.  Elapsed time: 00:00:18s.  Time for last 10,000:    0s.  Last read position: 4:109,366,081
INFO	2018-05-27 23:11:47	MergeVcfs	Processed     1,380,000 records.  Elapsed time: 00:00:18s.  Time for last 10,000:    0s.  Last read position: 4:115,007,528
INFO	2018-05-27 23:11:48	MergeVcfs	Processed     1,390,000 records.  Elapsed time: 00:00:18s.  Time for last 10,000:    0s.  Last read position: 4:120,314,350
INFO	2018-05-27 23:11:48	MergeVcfs	Processed     1,400,000 records.  Elapsed time: 00:00:18s.  Time for last 10,000:    0s.  Last read position: 4:125,901,272
INFO	2018-05-27 23:11:48	MergeVcfs	Processed     1,410,000 records.  Elapsed time: 00:00:18s.  Time for last 10,000:    0s.  Last read position: 4:131,602,557
INFO	2018-05-27 23:11:48	MergeVcfs	Processed     1,420,000 records.  Elapsed time: 00:00:18s.  Time for last 10,000:    0s.  Last read position: 4:136,963,992
INFO	2018-05-27 23:11:48	MergeVcfs	Processed     1,430,000 records.  Elapsed time: 00:00:18s.  Time for last 10,000:    0s.  Last read position: 4:142,664,741
INFO	2018-05-27 23:11:48	MergeVcfs	Processed     1,440,000 records.  Elapsed time: 00:00:18s.  Time for last 10,000:    0s.  Last read position: 4:148,735,644
INFO	2018-05-27 23:11:48	MergeVcfs	Processed     1,450,000 records.  Elapsed time: 00:00:18s.  Time for last 10,000:    0s.  Last read position: 4:155,132,707
INFO	2018-05-27 23:11:48	MergeVcfs	Processed     1,460,000 records.  Elapsed time: 00:00:18s.  Time for last 10,000:    0s.  Last read position: 4:160,662,198
INFO	2018-05-27 23:11:48	MergeVcfs	Processed     1,470,000 records.  Elapsed time: 00:00:19s.  Time for last 10,000:    0s.  Last read position: 4:165,434,471
INFO	2018-05-27 23:11:49	MergeVcfs	Processed     1,480,000 records.  Elapsed time: 00:00:19s.  Time for last 10,000:    0s.  Last read position: 4:170,085,486
INFO	2018-05-27 23:11:49	MergeVcfs	Processed     1,490,000 records.  Elapsed time: 00:00:19s.  Time for last 10,000:    0s.  Last read position: 4:175,769,027
INFO	2018-05-27 23:11:49	MergeVcfs	Processed     1,500,000 records.  Elapsed time: 00:00:19s.  Time for last 10,000:    0s.  Last read position: 4:180,585,050
INFO	2018-05-27 23:11:49	MergeVcfs	Processed     1,510,000 records.  Elapsed time: 00:00:19s.  Time for last 10,000:    0s.  Last read position: 4:184,932,088
INFO	2018-05-27 23:11:49	MergeVcfs	Processed     1,520,000 records.  Elapsed time: 00:00:19s.  Time for last 10,000:    0s.  Last read position: 4:189,105,890
INFO	2018-05-27 23:11:49	MergeVcfs	Processed     1,530,000 records.  Elapsed time: 00:00:19s.  Time for last 10,000:    0s.  Last read position: 5:1,652,673
INFO	2018-05-27 23:11:49	MergeVcfs	Processed     1,540,000 records.  Elapsed time: 00:00:19s.  Time for last 10,000:    0s.  Last read position: 5:5,413,647
INFO	2018-05-27 23:11:49	MergeVcfs	Processed     1,550,000 records.  Elapsed time: 00:00:20s.  Time for last 10,000:    0s.  Last read position: 5:9,987,240
INFO	2018-05-27 23:11:49	MergeVcfs	Processed     1,560,000 records.  Elapsed time: 00:00:20s.  Time for last 10,000:    0s.  Last read position: 5:15,432,722
INFO	2018-05-27 23:11:50	MergeVcfs	Processed     1,570,000 records.  Elapsed time: 00:00:20s.  Time for last 10,000:    0s.  Last read position: 5:21,371,095
INFO	2018-05-27 23:11:50	MergeVcfs	Processed     1,580,000 records.  Elapsed time: 00:00:20s.  Time for last 10,000:    0s.  Last read position: 5:26,378,862
INFO	2018-05-27 23:11:50	MergeVcfs	Processed     1,590,000 records.  Elapsed time: 00:00:20s.  Time for last 10,000:    0s.  Last read position: 5:30,926,007
INFO	2018-05-27 23:11:50	MergeVcfs	Processed     1,600,000 records.  Elapsed time: 00:00:20s.  Time for last 10,000:    0s.  Last read position: 5:35,589,089
INFO	2018-05-27 23:11:50	MergeVcfs	Processed     1,610,000 records.  Elapsed time: 00:00:20s.  Time for last 10,000:    0s.  Last read position: 5:41,567,143
INFO	2018-05-27 23:11:50	MergeVcfs	Processed     1,620,000 records.  Elapsed time: 00:00:20s.  Time for last 10,000:    0s.  Last read position: 5:50,972,161
INFO	2018-05-27 23:11:50	MergeVcfs	Processed     1,630,000 records.  Elapsed time: 00:00:20s.  Time for last 10,000:    0s.  Last read position: 5:56,020,572
INFO	2018-05-27 23:11:50	MergeVcfs	Processed     1,640,000 records.  Elapsed time: 00:00:21s.  Time for last 10,000:    0s.  Last read position: 5:62,270,752
INFO	2018-05-27 23:11:50	MergeVcfs	Processed     1,650,000 records.  Elapsed time: 00:00:21s.  Time for last 10,000:    0s.  Last read position: 5:68,019,774
INFO	2018-05-27 23:11:51	MergeVcfs	Processed     1,660,000 records.  Elapsed time: 00:00:21s.  Time for last 10,000:    0s.  Last read position: 5:75,429,603
INFO	2018-05-27 23:11:51	MergeVcfs	Processed     1,670,000 records.  Elapsed time: 00:00:21s.  Time for last 10,000:    0s.  Last read position: 5:81,004,305
INFO	2018-05-27 23:11:51	MergeVcfs	Processed     1,680,000 records.  Elapsed time: 00:00:21s.  Time for last 10,000:    0s.  Last read position: 5:87,832,011
INFO	2018-05-27 23:11:51	MergeVcfs	Processed     1,690,000 records.  Elapsed time: 00:00:21s.  Time for last 10,000:    0s.  Last read position: 5:95,872,538
INFO	2018-05-27 23:11:51	MergeVcfs	Processed     1,700,000 records.  Elapsed time: 00:00:21s.  Time for last 10,000:    0s.  Last read position: 5:100,690,416
INFO	2018-05-27 23:11:51	MergeVcfs	Processed     1,710,000 records.  Elapsed time: 00:00:21s.  Time for last 10,000:    0s.  Last read position: 5:106,211,190
INFO	2018-05-27 23:11:51	MergeVcfs	Processed     1,720,000 records.  Elapsed time: 00:00:22s.  Time for last 10,000:    0s.  Last read position: 5:111,557,882
INFO	2018-05-27 23:11:51	MergeVcfs	Processed     1,730,000 records.  Elapsed time: 00:00:22s.  Time for last 10,000:    0s.  Last read position: 5:115,931,819
INFO	2018-05-27 23:11:52	MergeVcfs	Processed     1,740,000 records.  Elapsed time: 00:00:22s.  Time for last 10,000:    0s.  Last read position: 5:120,837,855
INFO	2018-05-27 23:11:52	MergeVcfs	Processed     1,750,000 records.  Elapsed time: 00:00:22s.  Time for last 10,000:    0s.  Last read position: 5:125,955,494
INFO	2018-05-27 23:11:52	MergeVcfs	Processed     1,760,000 records.  Elapsed time: 00:00:22s.  Time for last 10,000:    0s.  Last read position: 5:132,343,316
INFO	2018-05-27 23:11:52	MergeVcfs	Processed     1,770,000 records.  Elapsed time: 00:00:22s.  Time for last 10,000:    0s.  Last read position: 5:139,214,653
INFO	2018-05-27 23:11:52	MergeVcfs	Processed     1,780,000 records.  Elapsed time: 00:00:22s.  Time for last 10,000:    0s.  Last read position: 5:145,792,463
INFO	2018-05-27 23:11:52	MergeVcfs	Processed     1,790,000 records.  Elapsed time: 00:00:22s.  Time for last 10,000:    0s.  Last read position: 5:151,050,044
INFO	2018-05-27 23:11:52	MergeVcfs	Processed     1,800,000 records.  Elapsed time: 00:00:22s.  Time for last 10,000:    0s.  Last read position: 5:156,750,832
INFO	2018-05-27 23:11:52	MergeVcfs	Processed     1,810,000 records.  Elapsed time: 00:00:23s.  Time for last 10,000:    0s.  Last read position: 5:162,645,678
INFO	2018-05-27 23:11:52	MergeVcfs	Processed     1,820,000 records.  Elapsed time: 00:00:23s.  Time for last 10,000:    0s.  Last read position: 5:168,700,403
INFO	2018-05-27 23:11:52	MergeVcfs	Processed     1,830,000 records.  Elapsed time: 00:00:23s.  Time for last 10,000:    0s.  Last read position: 5:174,205,032
INFO	2018-05-27 23:11:53	MergeVcfs	Processed     1,840,000 records.  Elapsed time: 00:00:23s.  Time for last 10,000:    0s.  Last read position: 5:179,511,302
INFO	2018-05-27 23:11:53	MergeVcfs	Processed     1,850,000 records.  Elapsed time: 00:00:23s.  Time for last 10,000:    0s.  Last read position: 6:3,328,585
INFO	2018-05-27 23:11:53	MergeVcfs	Processed     1,860,000 records.  Elapsed time: 00:00:23s.  Time for last 10,000:    0s.  Last read position: 6:7,872,352
INFO	2018-05-27 23:11:53	MergeVcfs	Processed     1,870,000 records.  Elapsed time: 00:00:23s.  Time for last 10,000:    0s.  Last read position: 6:12,602,099
INFO	2018-05-27 23:11:53	MergeVcfs	Processed     1,880,000 records.  Elapsed time: 00:00:23s.  Time for last 10,000:    0s.  Last read position: 6:18,174,012
INFO	2018-05-27 23:11:53	MergeVcfs	Processed     1,890,000 records.  Elapsed time: 00:00:23s.  Time for last 10,000:    0s.  Last read position: 6:23,132,592
INFO	2018-05-27 23:11:53	MergeVcfs	Processed     1,900,000 records.  Elapsed time: 00:00:23s.  Time for last 10,000:    0s.  Last read position: 6:28,350,713
INFO	2018-05-27 23:11:53	MergeVcfs	Processed     1,910,000 records.  Elapsed time: 00:00:24s.  Time for last 10,000:    0s.  Last read position: 6:31,201,665
INFO	2018-05-27 23:11:53	MergeVcfs	Processed     1,920,000 records.  Elapsed time: 00:00:24s.  Time for last 10,000:    0s.  Last read position: 6:32,551,382
INFO	2018-05-27 23:11:54	MergeVcfs	Processed     1,930,000 records.  Elapsed time: 00:00:24s.  Time for last 10,000:    0s.  Last read position: 6:33,756,026
INFO	2018-05-27 23:11:54	MergeVcfs	Processed     1,940,000 records.  Elapsed time: 00:00:24s.  Time for last 10,000:    0s.  Last read position: 6:39,380,747
INFO	2018-05-27 23:11:54	MergeVcfs	Processed     1,950,000 records.  Elapsed time: 00:00:24s.  Time for last 10,000:    0s.  Last read position: 6:45,248,115
INFO	2018-05-27 23:11:54	MergeVcfs	Processed     1,960,000 records.  Elapsed time: 00:00:24s.  Time for last 10,000:    0s.  Last read position: 6:51,629,406
INFO	2018-05-27 23:11:54	MergeVcfs	Processed     1,970,000 records.  Elapsed time: 00:00:24s.  Time for last 10,000:    0s.  Last read position: 6:56,226,033
INFO	2018-05-27 23:11:54	MergeVcfs	Processed     1,980,000 records.  Elapsed time: 00:00:24s.  Time for last 10,000:    0s.  Last read position: 6:64,847,993
INFO	2018-05-27 23:11:54	MergeVcfs	Processed     1,990,000 records.  Elapsed time: 00:00:24s.  Time for last 10,000:    0s.  Last read position: 6:68,822,971
INFO	2018-05-27 23:11:54	MergeVcfs	Processed     2,000,000 records.  Elapsed time: 00:00:25s.  Time for last 10,000:    0s.  Last read position: 6:74,273,669
INFO	2018-05-27 23:11:54	MergeVcfs	Processed     2,010,000 records.  Elapsed time: 00:00:25s.  Time for last 10,000:    0s.  Last read position: 6:79,975,133
INFO	2018-05-27 23:11:54	MergeVcfs	Processed     2,020,000 records.  Elapsed time: 00:00:25s.  Time for last 10,000:    0s.  Last read position: 6:85,914,495
INFO	2018-05-27 23:11:55	MergeVcfs	Processed     2,030,000 records.  Elapsed time: 00:00:25s.  Time for last 10,000:    0s.  Last read position: 6:91,474,545
INFO	2018-05-27 23:11:55	MergeVcfs	Processed     2,040,000 records.  Elapsed time: 00:00:25s.  Time for last 10,000:    0s.  Last read position: 6:96,954,881
INFO	2018-05-27 23:11:55	MergeVcfs	Processed     2,050,000 records.  Elapsed time: 00:00:25s.  Time for last 10,000:    0s.  Last read position: 6:103,259,341
INFO	2018-05-27 23:11:55	MergeVcfs	Processed     2,060,000 records.  Elapsed time: 00:00:25s.  Time for last 10,000:    0s.  Last read position: 6:109,032,000
INFO	2018-05-27 23:11:55	MergeVcfs	Processed     2,070,000 records.  Elapsed time: 00:00:25s.  Time for last 10,000:    0s.  Last read position: 6:115,284,215
INFO	2018-05-27 23:11:55	MergeVcfs	Processed     2,080,000 records.  Elapsed time: 00:00:25s.  Time for last 10,000:    0s.  Last read position: 6:121,258,543
INFO	2018-05-27 23:11:55	MergeVcfs	Processed     2,090,000 records.  Elapsed time: 00:00:25s.  Time for last 10,000:    0s.  Last read position: 6:127,888,651
INFO	2018-05-27 23:11:55	MergeVcfs	Processed     2,100,000 records.  Elapsed time: 00:00:26s.  Time for last 10,000:    0s.  Last read position: 6:133,454,738
INFO	2018-05-27 23:11:55	MergeVcfs	Processed     2,110,000 records.  Elapsed time: 00:00:26s.  Time for last 10,000:    0s.  Last read position: 6:139,590,226
INFO	2018-05-27 23:11:56	MergeVcfs	Processed     2,120,000 records.  Elapsed time: 00:00:26s.  Time for last 10,000:    0s.  Last read position: 6:146,386,018
INFO	2018-05-27 23:11:56	MergeVcfs	Processed     2,130,000 records.  Elapsed time: 00:00:26s.  Time for last 10,000:    0s.  Last read position: 6:151,541,824
INFO	2018-05-27 23:11:56	MergeVcfs	Processed     2,140,000 records.  Elapsed time: 00:00:26s.  Time for last 10,000:    0s.  Last read position: 6:156,479,528
INFO	2018-05-27 23:11:56	MergeVcfs	Processed     2,150,000 records.  Elapsed time: 00:00:26s.  Time for last 10,000:    0s.  Last read position: 6:161,290,812
INFO	2018-05-27 23:11:56	MergeVcfs	Processed     2,160,000 records.  Elapsed time: 00:00:26s.  Time for last 10,000:    0s.  Last read position: 6:165,517,495
INFO	2018-05-27 23:11:56	MergeVcfs	Processed     2,170,000 records.  Elapsed time: 00:00:26s.  Time for last 10,000:    0s.  Last read position: 6:169,615,829
INFO	2018-05-27 23:11:56	MergeVcfs	Processed     2,180,000 records.  Elapsed time: 00:00:26s.  Time for last 10,000:    0s.  Last read position: 7:2,650,773
INFO	2018-05-27 23:11:56	MergeVcfs	Processed     2,190,000 records.  Elapsed time: 00:00:27s.  Time for last 10,000:    0s.  Last read position: 7:6,742,374
INFO	2018-05-27 23:11:56	MergeVcfs	Processed     2,200,000 records.  Elapsed time: 00:00:27s.  Time for last 10,000:    0s.  Last read position: 7:10,193,339
INFO	2018-05-27 23:11:57	MergeVcfs	Processed     2,210,000 records.  Elapsed time: 00:00:27s.  Time for last 10,000:    0s.  Last read position: 7:14,000,770
INFO	2018-05-27 23:11:57	MergeVcfs	Processed     2,220,000 records.  Elapsed time: 00:00:27s.  Time for last 10,000:    0s.  Last read position: 7:19,186,799
INFO	2018-05-27 23:11:57	MergeVcfs	Processed     2,230,000 records.  Elapsed time: 00:00:27s.  Time for last 10,000:    0s.  Last read position: 7:24,140,421
INFO	2018-05-27 23:11:57	MergeVcfs	Processed     2,240,000 records.  Elapsed time: 00:00:27s.  Time for last 10,000:    0s.  Last read position: 7:29,572,476
INFO	2018-05-27 23:11:57	MergeVcfs	Processed     2,250,000 records.  Elapsed time: 00:00:27s.  Time for last 10,000:    0s.  Last read position: 7:34,774,132
INFO	2018-05-27 23:11:57	MergeVcfs	Processed     2,260,000 records.  Elapsed time: 00:00:27s.  Time for last 10,000:    0s.  Last read position: 7:40,757,521
INFO	2018-05-27 23:11:57	MergeVcfs	Processed     2,270,000 records.  Elapsed time: 00:00:27s.  Time for last 10,000:    0s.  Last read position: 7:46,857,530
INFO	2018-05-27 23:11:57	MergeVcfs	Processed     2,280,000 records.  Elapsed time: 00:00:28s.  Time for last 10,000:    0s.  Last read position: 7:51,963,258
INFO	2018-05-27 23:11:57	MergeVcfs	Processed     2,290,000 records.  Elapsed time: 00:00:28s.  Time for last 10,000:    0s.  Last read position: 7:56,183,318
INFO	2018-05-27 23:11:57	MergeVcfs	Processed     2,300,000 records.  Elapsed time: 00:00:28s.  Time for last 10,000:    0s.  Last read position: 7:64,916,237
INFO	2018-05-27 23:11:58	MergeVcfs	Processed     2,310,000 records.  Elapsed time: 00:00:28s.  Time for last 10,000:    0s.  Last read position: 7:70,511,449
INFO	2018-05-27 23:11:58	MergeVcfs	Processed     2,320,000 records.  Elapsed time: 00:00:28s.  Time for last 10,000:    0s.  Last read position: 7:77,061,515
INFO	2018-05-27 23:11:58	MergeVcfs	Processed     2,330,000 records.  Elapsed time: 00:00:28s.  Time for last 10,000:    0s.  Last read position: 7:82,370,604
INFO	2018-05-27 23:11:58	MergeVcfs	Processed     2,340,000 records.  Elapsed time: 00:00:28s.  Time for last 10,000:    0s.  Last read position: 7:88,783,266
INFO	2018-05-27 23:11:58	MergeVcfs	Processed     2,350,000 records.  Elapsed time: 00:00:28s.  Time for last 10,000:    0s.  Last read position: 7:95,595,226
INFO	2018-05-27 23:11:58	MergeVcfs	Processed     2,360,000 records.  Elapsed time: 00:00:28s.  Time for last 10,000:    0s.  Last read position: 7:101,587,392
INFO	2018-05-27 23:11:58	MergeVcfs	Processed     2,370,000 records.  Elapsed time: 00:00:28s.  Time for last 10,000:    0s.  Last read position: 7:107,616,792
INFO	2018-05-27 23:11:58	MergeVcfs	Processed     2,380,000 records.  Elapsed time: 00:00:29s.  Time for last 10,000:    0s.  Last read position: 7:113,339,268
INFO	2018-05-27 23:11:58	MergeVcfs	Processed     2,390,000 records.  Elapsed time: 00:00:29s.  Time for last 10,000:    0s.  Last read position: 7:120,307,856
INFO	2018-05-27 23:11:59	MergeVcfs	Processed     2,400,000 records.  Elapsed time: 00:00:29s.  Time for last 10,000:    0s.  Last read position: 7:125,661,725
INFO	2018-05-27 23:11:59	MergeVcfs	Processed     2,410,000 records.  Elapsed time: 00:00:29s.  Time for last 10,000:    0s.  Last read position: 7:131,560,983
INFO	2018-05-27 23:11:59	MergeVcfs	Processed     2,420,000 records.  Elapsed time: 00:00:29s.  Time for last 10,000:    0s.  Last read position: 7:137,106,947
INFO	2018-05-27 23:11:59	MergeVcfs	Processed     2,430,000 records.  Elapsed time: 00:00:29s.  Time for last 10,000:    0s.  Last read position: 7:142,404,201
INFO	2018-05-27 23:11:59	MergeVcfs	Processed     2,440,000 records.  Elapsed time: 00:00:29s.  Time for last 10,000:    0s.  Last read position: 7:147,670,251
INFO	2018-05-27 23:11:59	MergeVcfs	Processed     2,450,000 records.  Elapsed time: 00:00:29s.  Time for last 10,000:    0s.  Last read position: 7:152,164,992
INFO	2018-05-27 23:11:59	MergeVcfs	Processed     2,460,000 records.  Elapsed time: 00:00:29s.  Time for last 10,000:    0s.  Last read position: 7:156,274,325
INFO	2018-05-27 23:11:59	MergeVcfs	Processed     2,470,000 records.  Elapsed time: 00:00:30s.  Time for last 10,000:    0s.  Last read position: 8:994,669
INFO	2018-05-27 23:11:59	MergeVcfs	Processed     2,480,000 records.  Elapsed time: 00:00:30s.  Time for last 10,000:    0s.  Last read position: 8:3,603,605
INFO	2018-05-27 23:11:59	MergeVcfs	Processed     2,490,000 records.  Elapsed time: 00:00:30s.  Time for last 10,000:    0s.  Last read position: 8:5,930,888
INFO	2018-05-27 23:12:00	MergeVcfs	Processed     2,500,000 records.  Elapsed time: 00:00:30s.  Time for last 10,000:    0s.  Last read position: 8:9,735,911
INFO	2018-05-27 23:12:00	MergeVcfs	Processed     2,510,000 records.  Elapsed time: 00:00:30s.  Time for last 10,000:    0s.  Last read position: 8:13,587,088
INFO	2018-05-27 23:12:00	MergeVcfs	Processed     2,520,000 records.  Elapsed time: 00:00:30s.  Time for last 10,000:    0s.  Last read position: 8:16,985,962
INFO	2018-05-27 23:12:00	MergeVcfs	Processed     2,530,000 records.  Elapsed time: 00:00:30s.  Time for last 10,000:    0s.  Last read position: 8:20,712,566
INFO	2018-05-27 23:12:00	MergeVcfs	Processed     2,540,000 records.  Elapsed time: 00:00:30s.  Time for last 10,000:    0s.  Last read position: 8:25,936,679
INFO	2018-05-27 23:12:00	MergeVcfs	Processed     2,550,000 records.  Elapsed time: 00:00:30s.  Time for last 10,000:    0s.  Last read position: 8:31,342,245
INFO	2018-05-27 23:12:00	MergeVcfs	Processed     2,560,000 records.  Elapsed time: 00:00:30s.  Time for last 10,000:    0s.  Last read position: 8:37,888,017
INFO	2018-05-27 23:12:00	MergeVcfs	Processed     2,570,000 records.  Elapsed time: 00:00:31s.  Time for last 10,000:    0s.  Last read position: 8:48,012,089
INFO	2018-05-27 23:12:00	MergeVcfs	Processed     2,580,000 records.  Elapsed time: 00:00:31s.  Time for last 10,000:    0s.  Last read position: 8:54,466,327
INFO	2018-05-27 23:12:01	MergeVcfs	Processed     2,590,000 records.  Elapsed time: 00:00:31s.  Time for last 10,000:    0s.  Last read position: 8:60,216,777
INFO	2018-05-27 23:12:01	MergeVcfs	Processed     2,600,000 records.  Elapsed time: 00:00:31s.  Time for last 10,000:    0s.  Last read position: 8:66,251,447
INFO	2018-05-27 23:12:01	MergeVcfs	Processed     2,610,000 records.  Elapsed time: 00:00:31s.  Time for last 10,000:    0s.  Last read position: 8:72,595,441
INFO	2018-05-27 23:12:01	MergeVcfs	Processed     2,620,000 records.  Elapsed time: 00:00:31s.  Time for last 10,000:    0s.  Last read position: 8:78,202,856
INFO	2018-05-27 23:12:01	MergeVcfs	Processed     2,630,000 records.  Elapsed time: 00:00:31s.  Time for last 10,000:    0s.  Last read position: 8:83,971,772
INFO	2018-05-27 23:12:01	MergeVcfs	Processed     2,640,000 records.  Elapsed time: 00:00:31s.  Time for last 10,000:    0s.  Last read position: 8:90,173,835
INFO	2018-05-27 23:12:01	MergeVcfs	Processed     2,650,000 records.  Elapsed time: 00:00:31s.  Time for last 10,000:    0s.  Last read position: 8:96,710,317
INFO	2018-05-27 23:12:01	MergeVcfs	Processed     2,660,000 records.  Elapsed time: 00:00:32s.  Time for last 10,000:    0s.  Last read position: 8:103,118,359
INFO	2018-05-27 23:12:01	MergeVcfs	Processed     2,670,000 records.  Elapsed time: 00:00:32s.  Time for last 10,000:    0s.  Last read position: 8:109,207,275
INFO	2018-05-27 23:12:02	MergeVcfs	Processed     2,680,000 records.  Elapsed time: 00:00:32s.  Time for last 10,000:    0s.  Last read position: 8:115,551,561
INFO	2018-05-27 23:12:02	MergeVcfs	Processed     2,690,000 records.  Elapsed time: 00:00:32s.  Time for last 10,000:    0s.  Last read position: 8:121,194,964
INFO	2018-05-27 23:12:02	MergeVcfs	Processed     2,700,000 records.  Elapsed time: 00:00:32s.  Time for last 10,000:    0s.  Last read position: 8:126,574,143
INFO	2018-05-27 23:12:02	MergeVcfs	Processed     2,710,000 records.  Elapsed time: 00:00:32s.  Time for last 10,000:    0s.  Last read position: 8:131,807,054
INFO	2018-05-27 23:12:02	MergeVcfs	Processed     2,720,000 records.  Elapsed time: 00:00:32s.  Time for last 10,000:    0s.  Last read position: 8:136,794,889
INFO	2018-05-27 23:12:02	MergeVcfs	Processed     2,730,000 records.  Elapsed time: 00:00:32s.  Time for last 10,000:    0s.  Last read position: 8:141,195,274
INFO	2018-05-27 23:12:02	MergeVcfs	Processed     2,740,000 records.  Elapsed time: 00:00:32s.  Time for last 10,000:    0s.  Last read position: 8:146,233,400
INFO	2018-05-27 23:12:02	MergeVcfs	Processed     2,750,000 records.  Elapsed time: 00:00:33s.  Time for last 10,000:    0s.  Last read position: 9:3,613,868
INFO	2018-05-27 23:12:02	MergeVcfs	Processed     2,760,000 records.  Elapsed time: 00:00:33s.  Time for last 10,000:    0s.  Last read position: 9:8,223,043
INFO	2018-05-27 23:12:02	MergeVcfs	Processed     2,770,000 records.  Elapsed time: 00:00:33s.  Time for last 10,000:    0s.  Last read position: 9:12,470,650
INFO	2018-05-27 23:12:03	MergeVcfs	Processed     2,780,000 records.  Elapsed time: 00:00:33s.  Time for last 10,000:    0s.  Last read position: 9:16,958,002
INFO	2018-05-27 23:12:03	MergeVcfs	Processed     2,790,000 records.  Elapsed time: 00:00:33s.  Time for last 10,000:    0s.  Last read position: 9:21,881,338
INFO	2018-05-27 23:12:03	MergeVcfs	Processed     2,800,000 records.  Elapsed time: 00:00:33s.  Time for last 10,000:    0s.  Last read position: 9:26,908,195
INFO	2018-05-27 23:12:03	MergeVcfs	Processed     2,810,000 records.  Elapsed time: 00:00:33s.  Time for last 10,000:    0s.  Last read position: 9:31,863,024
INFO	2018-05-27 23:12:03	MergeVcfs	Processed     2,820,000 records.  Elapsed time: 00:00:33s.  Time for last 10,000:    0s.  Last read position: 9:37,658,930
INFO	2018-05-27 23:12:03	MergeVcfs	Processed     2,830,000 records.  Elapsed time: 00:00:33s.  Time for last 10,000:    0s.  Last read position: 9:72,932,161
INFO	2018-05-27 23:12:03	MergeVcfs	Processed     2,840,000 records.  Elapsed time: 00:00:33s.  Time for last 10,000:    0s.  Last read position: 9:78,966,133
INFO	2018-05-27 23:12:03	MergeVcfs	Processed     2,850,000 records.  Elapsed time: 00:00:34s.  Time for last 10,000:    0s.  Last read position: 9:84,352,213
INFO	2018-05-27 23:12:03	MergeVcfs	Processed     2,860,000 records.  Elapsed time: 00:00:34s.  Time for last 10,000:    0s.  Last read position: 9:90,369,481
INFO	2018-05-27 23:12:04	MergeVcfs	Processed     2,870,000 records.  Elapsed time: 00:00:34s.  Time for last 10,000:    0s.  Last read position: 9:96,195,659
INFO	2018-05-27 23:12:04	MergeVcfs	Processed     2,880,000 records.  Elapsed time: 00:00:34s.  Time for last 10,000:    0s.  Last read position: 9:102,157,501
INFO	2018-05-27 23:12:04	MergeVcfs	Processed     2,890,000 records.  Elapsed time: 00:00:34s.  Time for last 10,000:    0s.  Last read position: 9:107,692,080
INFO	2018-05-27 23:12:04	MergeVcfs	Processed     2,900,000 records.  Elapsed time: 00:00:34s.  Time for last 10,000:    0s.  Last read position: 9:113,151,062
INFO	2018-05-27 23:12:04	MergeVcfs	Processed     2,910,000 records.  Elapsed time: 00:00:34s.  Time for last 10,000:    0s.  Last read position: 9:118,244,946
INFO	2018-05-27 23:12:04	MergeVcfs	Processed     2,920,000 records.  Elapsed time: 00:00:34s.  Time for last 10,000:    0s.  Last read position: 9:124,338,057
INFO	2018-05-27 23:12:04	MergeVcfs	Processed     2,930,000 records.  Elapsed time: 00:00:34s.  Time for last 10,000:    0s.  Last read position: 9:131,024,464
INFO	2018-05-27 23:12:04	MergeVcfs	Processed     2,940,000 records.  Elapsed time: 00:00:35s.  Time for last 10,000:    0s.  Last read position: 9:136,001,994
INFO	2018-05-27 23:12:04	MergeVcfs	Processed     2,950,000 records.  Elapsed time: 00:00:35s.  Time for last 10,000:    0s.  Last read position: 9:140,287,252
INFO	2018-05-27 23:12:05	MergeVcfs	Processed     2,960,000 records.  Elapsed time: 00:00:35s.  Time for last 10,000:    0s.  Last read position: 10:3,962,232
INFO	2018-05-27 23:12:05	MergeVcfs	Processed     2,970,000 records.  Elapsed time: 00:00:35s.  Time for last 10,000:    0s.  Last read position: 10:8,445,949
INFO	2018-05-27 23:12:05	MergeVcfs	Processed     2,980,000 records.  Elapsed time: 00:00:35s.  Time for last 10,000:    0s.  Last read position: 10:13,181,035
INFO	2018-05-27 23:12:05	MergeVcfs	Processed     2,990,000 records.  Elapsed time: 00:00:35s.  Time for last 10,000:    0s.  Last read position: 10:17,420,609
INFO	2018-05-27 23:12:05	MergeVcfs	Processed     3,000,000 records.  Elapsed time: 00:00:35s.  Time for last 10,000:    0s.  Last read position: 10:22,808,124
INFO	2018-05-27 23:12:05	MergeVcfs	Processed     3,010,000 records.  Elapsed time: 00:00:35s.  Time for last 10,000:    0s.  Last read position: 10:27,650,064
INFO	2018-05-27 23:12:05	MergeVcfs	Processed     3,020,000 records.  Elapsed time: 00:00:35s.  Time for last 10,000:    0s.  Last read position: 10:32,073,540
INFO	2018-05-27 23:12:05	MergeVcfs	Processed     3,030,000 records.  Elapsed time: 00:00:35s.  Time for last 10,000:    0s.  Last read position: 10:38,311,865
INFO	2018-05-27 23:12:05	MergeVcfs	Processed     3,040,000 records.  Elapsed time: 00:00:36s.  Time for last 10,000:    0s.  Last read position: 10:47,058,971
INFO	2018-05-27 23:12:05	MergeVcfs	Processed     3,050,000 records.  Elapsed time: 00:00:36s.  Time for last 10,000:    0s.  Last read position: 10:54,773,063
INFO	2018-05-27 23:12:06	MergeVcfs	Processed     3,060,000 records.  Elapsed time: 00:00:36s.  Time for last 10,000:    0s.  Last read position: 10:58,870,533
INFO	2018-05-27 23:12:06	MergeVcfs	Processed     3,070,000 records.  Elapsed time: 00:00:36s.  Time for last 10,000:    0s.  Last read position: 10:63,775,089
INFO	2018-05-27 23:12:06	MergeVcfs	Processed     3,080,000 records.  Elapsed time: 00:00:36s.  Time for last 10,000:    0s.  Last read position: 10:68,640,951
INFO	2018-05-27 23:12:06	MergeVcfs	Processed     3,090,000 records.  Elapsed time: 00:00:36s.  Time for last 10,000:    0s.  Last read position: 10:74,292,575
INFO	2018-05-27 23:12:06	MergeVcfs	Processed     3,100,000 records.  Elapsed time: 00:00:36s.  Time for last 10,000:    0s.  Last read position: 10:80,866,885
INFO	2018-05-27 23:12:06	MergeVcfs	Processed     3,110,000 records.  Elapsed time: 00:00:36s.  Time for last 10,000:    0s.  Last read position: 10:85,789,609
INFO	2018-05-27 23:12:06	MergeVcfs	Processed     3,120,000 records.  Elapsed time: 00:00:36s.  Time for last 10,000:    0s.  Last read position: 10:91,804,620
INFO	2018-05-27 23:12:06	MergeVcfs	Processed     3,130,000 records.  Elapsed time: 00:00:37s.  Time for last 10,000:    0s.  Last read position: 10:97,539,087
INFO	2018-05-27 23:12:06	MergeVcfs	Processed     3,140,000 records.  Elapsed time: 00:00:37s.  Time for last 10,000:    0s.  Last read position: 10:104,285,594
INFO	2018-05-27 23:12:07	MergeVcfs	Processed     3,150,000 records.  Elapsed time: 00:00:37s.  Time for last 10,000:    0s.  Last read position: 10:110,050,800
INFO	2018-05-27 23:12:07	MergeVcfs	Processed     3,160,000 records.  Elapsed time: 00:00:37s.  Time for last 10,000:    0s.  Last read position: 10:115,318,439
INFO	2018-05-27 23:12:07	MergeVcfs	Processed     3,170,000 records.  Elapsed time: 00:00:37s.  Time for last 10,000:    0s.  Last read position: 10:120,838,100
INFO	2018-05-27 23:12:07	MergeVcfs	Processed     3,180,000 records.  Elapsed time: 00:00:37s.  Time for last 10,000:    0s.  Last read position: 10:126,055,704
INFO	2018-05-27 23:12:07	MergeVcfs	Processed     3,190,000 records.  Elapsed time: 00:00:37s.  Time for last 10,000:    0s.  Last read position: 10:130,875,333
INFO	2018-05-27 23:12:07	MergeVcfs	Processed     3,200,000 records.  Elapsed time: 00:00:37s.  Time for last 10,000:    0s.  Last read position: 10:135,347,533
INFO	2018-05-27 23:12:07	MergeVcfs	Processed     3,210,000 records.  Elapsed time: 00:00:37s.  Time for last 10,000:    0s.  Last read position: 11:4,332,261
INFO	2018-05-27 23:12:07	MergeVcfs	Processed     3,220,000 records.  Elapsed time: 00:00:38s.  Time for last 10,000:    0s.  Last read position: 11:7,968,562
INFO	2018-05-27 23:12:07	MergeVcfs	Processed     3,230,000 records.  Elapsed time: 00:00:38s.  Time for last 10,000:    0s.  Last read position: 11:12,891,496
INFO	2018-05-27 23:12:07	MergeVcfs	Processed     3,240,000 records.  Elapsed time: 00:00:38s.  Time for last 10,000:    0s.  Last read position: 11:19,208,139
INFO	2018-05-27 23:12:08	MergeVcfs	Processed     3,250,000 records.  Elapsed time: 00:00:38s.  Time for last 10,000:    0s.  Last read position: 11:23,526,383
INFO	2018-05-27 23:12:08	MergeVcfs	Processed     3,260,000 records.  Elapsed time: 00:00:38s.  Time for last 10,000:    0s.  Last read position: 11:27,393,813
INFO	2018-05-27 23:12:08	MergeVcfs	Processed     3,270,000 records.  Elapsed time: 00:00:38s.  Time for last 10,000:    0s.  Last read position: 11:34,052,329
INFO	2018-05-27 23:12:08	MergeVcfs	Processed     3,280,000 records.  Elapsed time: 00:00:38s.  Time for last 10,000:    0s.  Last read position: 11:38,826,720
INFO	2018-05-27 23:12:08	MergeVcfs	Processed     3,290,000 records.  Elapsed time: 00:00:38s.  Time for last 10,000:    0s.  Last read position: 11:44,204,159
INFO	2018-05-27 23:12:08	MergeVcfs	Processed     3,300,000 records.  Elapsed time: 00:00:38s.  Time for last 10,000:    0s.  Last read position: 11:49,542,148
INFO	2018-05-27 23:12:08	MergeVcfs	Processed     3,310,000 records.  Elapsed time: 00:00:38s.  Time for last 10,000:    0s.  Last read position: 11:58,513,456
INFO	2018-05-27 23:12:08	MergeVcfs	Processed     3,320,000 records.  Elapsed time: 00:00:39s.  Time for last 10,000:    0s.  Last read position: 11:65,003,447
INFO	2018-05-27 23:12:08	MergeVcfs	Processed     3,330,000 records.  Elapsed time: 00:00:39s.  Time for last 10,000:    0s.  Last read position: 11:70,736,842
INFO	2018-05-27 23:12:09	MergeVcfs	Processed     3,340,000 records.  Elapsed time: 00:00:39s.  Time for last 10,000:    0s.  Last read position: 11:76,317,662
INFO	2018-05-27 23:12:09	MergeVcfs	Processed     3,350,000 records.  Elapsed time: 00:00:39s.  Time for last 10,000:    0s.  Last read position: 11:81,470,267
INFO	2018-05-27 23:12:09	MergeVcfs	Processed     3,360,000 records.  Elapsed time: 00:00:39s.  Time for last 10,000:    0s.  Last read position: 11:86,702,907
INFO	2018-05-27 23:12:09	MergeVcfs	Processed     3,370,000 records.  Elapsed time: 00:00:39s.  Time for last 10,000:    0s.  Last read position: 11:91,560,493
INFO	2018-05-27 23:12:09	MergeVcfs	Processed     3,380,000 records.  Elapsed time: 00:00:39s.  Time for last 10,000:    0s.  Last read position: 11:97,626,300
INFO	2018-05-27 23:12:09	MergeVcfs	Processed     3,390,000 records.  Elapsed time: 00:00:39s.  Time for last 10,000:    0s.  Last read position: 11:101,954,773
INFO	2018-05-27 23:12:09	MergeVcfs	Processed     3,400,000 records.  Elapsed time: 00:00:39s.  Time for last 10,000:    0s.  Last read position: 11:107,191,590
INFO	2018-05-27 23:12:09	MergeVcfs	Processed     3,410,000 records.  Elapsed time: 00:00:40s.  Time for last 10,000:    0s.  Last read position: 11:113,659,554
INFO	2018-05-27 23:12:09	MergeVcfs	Processed     3,420,000 records.  Elapsed time: 00:00:40s.  Time for last 10,000:    0s.  Last read position: 11:119,248,887
INFO	2018-05-27 23:12:10	MergeVcfs	Processed     3,430,000 records.  Elapsed time: 00:00:40s.  Time for last 10,000:    0s.  Last read position: 11:124,458,451
INFO	2018-05-27 23:12:10	MergeVcfs	Processed     3,440,000 records.  Elapsed time: 00:00:40s.  Time for last 10,000:    0s.  Last read position: 11:129,990,587
INFO	2018-05-27 23:12:10	MergeVcfs	Processed     3,450,000 records.  Elapsed time: 00:00:40s.  Time for last 10,000:    0s.  Last read position: 12:167,874
INFO	2018-05-27 23:12:10	MergeVcfs	Processed     3,460,000 records.  Elapsed time: 00:00:40s.  Time for last 10,000:    0s.  Last read position: 12:5,191,005
INFO	2018-05-27 23:12:10	MergeVcfs	Processed     3,470,000 records.  Elapsed time: 00:00:40s.  Time for last 10,000:    0s.  Last read position: 12:9,642,494
INFO	2018-05-27 23:12:10	MergeVcfs	Processed     3,480,000 records.  Elapsed time: 00:00:40s.  Time for last 10,000:    0s.  Last read position: 12:15,056,717
INFO	2018-05-27 23:12:10	MergeVcfs	Processed     3,490,000 records.  Elapsed time: 00:00:40s.  Time for last 10,000:    0s.  Last read position: 12:20,949,446
INFO	2018-05-27 23:12:10	MergeVcfs	Processed     3,500,000 records.  Elapsed time: 00:00:41s.  Time for last 10,000:    0s.  Last read position: 12:26,650,225
INFO	2018-05-27 23:12:10	MergeVcfs	Processed     3,510,000 records.  Elapsed time: 00:00:41s.  Time for last 10,000:    0s.  Last read position: 12:31,700,046
INFO	2018-05-27 23:12:11	MergeVcfs	Processed     3,520,000 records.  Elapsed time: 00:00:41s.  Time for last 10,000:    0s.  Last read position: 12:38,987,300
INFO	2018-05-27 23:12:11	MergeVcfs	Processed     3,530,000 records.  Elapsed time: 00:00:41s.  Time for last 10,000:    0s.  Last read position: 12:43,951,992
INFO	2018-05-27 23:12:11	MergeVcfs	Processed     3,540,000 records.  Elapsed time: 00:00:41s.  Time for last 10,000:    0s.  Last read position: 12:50,710,329
INFO	2018-05-27 23:12:11	MergeVcfs	Processed     3,550,000 records.  Elapsed time: 00:00:41s.  Time for last 10,000:    0s.  Last read position: 12:56,427,845
INFO	2018-05-27 23:12:11	MergeVcfs	Processed     3,560,000 records.  Elapsed time: 00:00:41s.  Time for last 10,000:    0s.  Last read position: 12:62,846,785
INFO	2018-05-27 23:12:11	MergeVcfs	Processed     3,570,000 records.  Elapsed time: 00:00:41s.  Time for last 10,000:    0s.  Last read position: 12:69,207,902
INFO	2018-05-27 23:12:11	MergeVcfs	Processed     3,580,000 records.  Elapsed time: 00:00:41s.  Time for last 10,000:    0s.  Last read position: 12:75,201,585
INFO	2018-05-27 23:12:11	MergeVcfs	Processed     3,590,000 records.  Elapsed time: 00:00:41s.  Time for last 10,000:    0s.  Last read position: 12:81,259,985
INFO	2018-05-27 23:12:11	MergeVcfs	Processed     3,600,000 records.  Elapsed time: 00:00:42s.  Time for last 10,000:    0s.  Last read position: 12:87,356,073
INFO	2018-05-27 23:12:11	MergeVcfs	Processed     3,610,000 records.  Elapsed time: 00:00:42s.  Time for last 10,000:    0s.  Last read position: 12:93,894,703
INFO	2018-05-27 23:12:12	MergeVcfs	Processed     3,620,000 records.  Elapsed time: 00:00:42s.  Time for last 10,000:    0s.  Last read position: 12:99,600,468
INFO	2018-05-27 23:12:12	MergeVcfs	Processed     3,630,000 records.  Elapsed time: 00:00:42s.  Time for last 10,000:    0s.  Last read position: 12:105,841,802
INFO	2018-05-27 23:12:12	MergeVcfs	Processed     3,640,000 records.  Elapsed time: 00:00:42s.  Time for last 10,000:    0s.  Last read position: 12:113,357,237
INFO	2018-05-27 23:12:12	MergeVcfs	Processed     3,650,000 records.  Elapsed time: 00:00:42s.  Time for last 10,000:    0s.  Last read position: 12:119,100,394
INFO	2018-05-27 23:12:12	MergeVcfs	Processed     3,660,000 records.  Elapsed time: 00:00:42s.  Time for last 10,000:    0s.  Last read position: 12:124,652,282
INFO	2018-05-27 23:12:12	MergeVcfs	Processed     3,670,000 records.  Elapsed time: 00:00:42s.  Time for last 10,000:    0s.  Last read position: 12:128,794,175
INFO	2018-05-27 23:12:12	MergeVcfs	Processed     3,680,000 records.  Elapsed time: 00:00:42s.  Time for last 10,000:    0s.  Last read position: 12:132,682,207
INFO	2018-05-27 23:12:12	MergeVcfs	Processed     3,690,000 records.  Elapsed time: 00:00:43s.  Time for last 10,000:    0s.  Last read position: 13:22,129,013
INFO	2018-05-27 23:12:12	MergeVcfs	Processed     3,700,000 records.  Elapsed time: 00:00:43s.  Time for last 10,000:    0s.  Last read position: 13:26,239,578
INFO	2018-05-27 23:12:13	MergeVcfs	Processed     3,710,000 records.  Elapsed time: 00:00:43s.  Time for last 10,000:    0s.  Last read position: 13:30,849,924
INFO	2018-05-27 23:12:13	MergeVcfs	Processed     3,720,000 records.  Elapsed time: 00:00:43s.  Time for last 10,000:    0s.  Last read position: 13:36,296,660
INFO	2018-05-27 23:12:13	MergeVcfs	Processed     3,730,000 records.  Elapsed time: 00:00:43s.  Time for last 10,000:    0s.  Last read position: 13:41,189,968
INFO	2018-05-27 23:12:13	MergeVcfs	Processed     3,740,000 records.  Elapsed time: 00:00:43s.  Time for last 10,000:    0s.  Last read position: 13:47,017,049
INFO	2018-05-27 23:12:13	MergeVcfs	Processed     3,750,000 records.  Elapsed time: 00:00:43s.  Time for last 10,000:    0s.  Last read position: 13:53,882,310
INFO	2018-05-27 23:12:13	MergeVcfs	Processed     3,760,000 records.  Elapsed time: 00:00:43s.  Time for last 10,000:    0s.  Last read position: 13:59,824,535
INFO	2018-05-27 23:12:13	MergeVcfs	Processed     3,770,000 records.  Elapsed time: 00:00:43s.  Time for last 10,000:    0s.  Last read position: 13:64,743,839
INFO	2018-05-27 23:12:13	MergeVcfs	Processed     3,780,000 records.  Elapsed time: 00:00:44s.  Time for last 10,000:    0s.  Last read position: 13:70,048,225
INFO	2018-05-27 23:12:13	MergeVcfs	Processed     3,790,000 records.  Elapsed time: 00:00:44s.  Time for last 10,000:    0s.  Last read position: 13:75,229,587
INFO	2018-05-27 23:12:13	MergeVcfs	Processed     3,800,000 records.  Elapsed time: 00:00:44s.  Time for last 10,000:    0s.  Last read position: 13:81,260,479
INFO	2018-05-27 23:12:14	MergeVcfs	Processed     3,810,000 records.  Elapsed time: 00:00:44s.  Time for last 10,000:    0s.  Last read position: 13:86,335,437
INFO	2018-05-27 23:12:14	MergeVcfs	Processed     3,820,000 records.  Elapsed time: 00:00:44s.  Time for last 10,000:    0s.  Last read position: 13:90,972,465
INFO	2018-05-27 23:12:14	MergeVcfs	Processed     3,830,000 records.  Elapsed time: 00:00:44s.  Time for last 10,000:    0s.  Last read position: 13:96,230,279
INFO	2018-05-27 23:12:14	MergeVcfs	Processed     3,840,000 records.  Elapsed time: 00:00:44s.  Time for last 10,000:    0s.  Last read position: 13:102,257,595
INFO	2018-05-27 23:12:14	MergeVcfs	Processed     3,850,000 records.  Elapsed time: 00:00:44s.  Time for last 10,000:    0s.  Last read position: 13:106,902,728
INFO	2018-05-27 23:12:14	MergeVcfs	Processed     3,860,000 records.  Elapsed time: 00:00:44s.  Time for last 10,000:    0s.  Last read position: 13:111,490,352
INFO	2018-05-27 23:12:14	MergeVcfs	Processed     3,870,000 records.  Elapsed time: 00:00:44s.  Time for last 10,000:    0s.  Last read position: 14:20,960,956
INFO	2018-05-27 23:12:14	MergeVcfs	Processed     3,880,000 records.  Elapsed time: 00:00:45s.  Time for last 10,000:    0s.  Last read position: 14:25,603,530
INFO	2018-05-27 23:12:14	MergeVcfs	Processed     3,890,000 records.  Elapsed time: 00:00:45s.  Time for last 10,000:    0s.  Last read position: 14:31,438,178
INFO	2018-05-27 23:12:15	MergeVcfs	Processed     3,900,000 records.  Elapsed time: 00:00:45s.  Time for last 10,000:    0s.  Last read position: 14:36,911,181
INFO	2018-05-27 23:12:15	MergeVcfs	Processed     3,910,000 records.  Elapsed time: 00:00:45s.  Time for last 10,000:    0s.  Last read position: 14:41,822,376
INFO	2018-05-27 23:12:15	MergeVcfs	Processed     3,920,000 records.  Elapsed time: 00:00:45s.  Time for last 10,000:    0s.  Last read position: 14:47,251,168
INFO	2018-05-27 23:12:15	MergeVcfs	Processed     3,930,000 records.  Elapsed time: 00:00:45s.  Time for last 10,000:    0s.  Last read position: 14:52,660,498
INFO	2018-05-27 23:12:15	MergeVcfs	Processed     3,940,000 records.  Elapsed time: 00:00:45s.  Time for last 10,000:    0s.  Last read position: 14:58,049,897
INFO	2018-05-27 23:12:15	MergeVcfs	Processed     3,950,000 records.  Elapsed time: 00:00:45s.  Time for last 10,000:    0s.  Last read position: 14:64,408,982
INFO	2018-05-27 23:12:15	MergeVcfs	Processed     3,960,000 records.  Elapsed time: 00:00:45s.  Time for last 10,000:    0s.  Last read position: 14:70,809,019
INFO	2018-05-27 23:12:15	MergeVcfs	Processed     3,970,000 records.  Elapsed time: 00:00:46s.  Time for last 10,000:    0s.  Last read position: 14:76,650,132
INFO	2018-05-27 23:12:15	MergeVcfs	Processed     3,980,000 records.  Elapsed time: 00:00:46s.  Time for last 10,000:    0s.  Last read position: 14:82,549,423
INFO	2018-05-27 23:12:15	MergeVcfs	Processed     3,990,000 records.  Elapsed time: 00:00:46s.  Time for last 10,000:    0s.  Last read position: 14:88,518,161
INFO	2018-05-27 23:12:16	MergeVcfs	Processed     4,000,000 records.  Elapsed time: 00:00:46s.  Time for last 10,000:    0s.  Last read position: 14:93,789,673
INFO	2018-05-27 23:12:16	MergeVcfs	Processed     4,010,000 records.  Elapsed time: 00:00:46s.  Time for last 10,000:    0s.  Last read position: 14:98,800,417
INFO	2018-05-27 23:12:16	MergeVcfs	Processed     4,020,000 records.  Elapsed time: 00:00:46s.  Time for last 10,000:    0s.  Last read position: 14:104,496,229
INFO	2018-05-27 23:12:16	MergeVcfs	Processed     4,030,000 records.  Elapsed time: 00:00:46s.  Time for last 10,000:    0s.  Last read position: 15:21,951,671
INFO	2018-05-27 23:12:16	MergeVcfs	Processed     4,040,000 records.  Elapsed time: 00:00:46s.  Time for last 10,000:    0s.  Last read position: 15:26,969,024
INFO	2018-05-27 23:12:16	MergeVcfs	Processed     4,050,000 records.  Elapsed time: 00:00:46s.  Time for last 10,000:    0s.  Last read position: 15:32,689,095
INFO	2018-05-27 23:12:16	MergeVcfs	Processed     4,060,000 records.  Elapsed time: 00:00:46s.  Time for last 10,000:    0s.  Last read position: 15:37,962,566
INFO	2018-05-27 23:12:16	MergeVcfs	Processed     4,070,000 records.  Elapsed time: 00:00:47s.  Time for last 10,000:    0s.  Last read position: 15:44,111,665
INFO	2018-05-27 23:12:16	MergeVcfs	Processed     4,080,000 records.  Elapsed time: 00:00:47s.  Time for last 10,000:    0s.  Last read position: 15:50,718,442
INFO	2018-05-27 23:12:17	MergeVcfs	Processed     4,090,000 records.  Elapsed time: 00:00:47s.  Time for last 10,000:    0s.  Last read position: 15:55,789,793
INFO	2018-05-27 23:12:17	MergeVcfs	Processed     4,100,000 records.  Elapsed time: 00:00:47s.  Time for last 10,000:    0s.  Last read position: 15:60,521,294
INFO	2018-05-27 23:12:17	MergeVcfs	Processed     4,110,000 records.  Elapsed time: 00:00:47s.  Time for last 10,000:    0s.  Last read position: 15:66,930,690
INFO	2018-05-27 23:12:17	MergeVcfs	Processed     4,120,000 records.  Elapsed time: 00:00:47s.  Time for last 10,000:    0s.  Last read position: 15:73,054,848
INFO	2018-05-27 23:12:17	MergeVcfs	Processed     4,130,000 records.  Elapsed time: 00:00:47s.  Time for last 10,000:    0s.  Last read position: 15:79,896,878
INFO	2018-05-27 23:12:17	MergeVcfs	Processed     4,140,000 records.  Elapsed time: 00:00:47s.  Time for last 10,000:    0s.  Last read position: 15:87,030,426
INFO	2018-05-27 23:12:17	MergeVcfs	Processed     4,150,000 records.  Elapsed time: 00:00:47s.  Time for last 10,000:    0s.  Last read position: 15:92,164,452
INFO	2018-05-27 23:12:17	MergeVcfs	Processed     4,160,000 records.  Elapsed time: 00:00:48s.  Time for last 10,000:    0s.  Last read position: 15:96,666,466
INFO	2018-05-27 23:12:17	MergeVcfs	Processed     4,170,000 records.  Elapsed time: 00:00:48s.  Time for last 10,000:    0s.  Last read position: 15:101,072,471
INFO	2018-05-27 23:12:17	MergeVcfs	Processed     4,180,000 records.  Elapsed time: 00:00:48s.  Time for last 10,000:    0s.  Last read position: 16:3,061,652
INFO	2018-05-27 23:12:18	MergeVcfs	Processed     4,190,000 records.  Elapsed time: 00:00:48s.  Time for last 10,000:    0s.  Last read position: 16:6,916,451
INFO	2018-05-27 23:12:18	MergeVcfs	Processed     4,200,000 records.  Elapsed time: 00:00:48s.  Time for last 10,000:    0s.  Last read position: 16:10,105,143
INFO	2018-05-27 23:12:18	MergeVcfs	Processed     4,210,000 records.  Elapsed time: 00:00:48s.  Time for last 10,000:    0s.  Last read position: 16:13,881,081
INFO	2018-05-27 23:12:18	MergeVcfs	Processed     4,220,000 records.  Elapsed time: 00:00:48s.  Time for last 10,000:    0s.  Last read position: 16:20,616,226
INFO	2018-05-27 23:12:18	MergeVcfs	Processed     4,230,000 records.  Elapsed time: 00:00:48s.  Time for last 10,000:    0s.  Last read position: 16:26,565,521
INFO	2018-05-27 23:12:18	MergeVcfs	Processed     4,240,000 records.  Elapsed time: 00:00:48s.  Time for last 10,000:    0s.  Last read position: 16:34,194,142
INFO	2018-05-27 23:12:18	MergeVcfs	Processed     4,250,000 records.  Elapsed time: 00:00:48s.  Time for last 10,000:    0s.  Last read position: 16:52,415,789
INFO	2018-05-27 23:12:18	MergeVcfs	Processed     4,260,000 records.  Elapsed time: 00:00:49s.  Time for last 10,000:    0s.  Last read position: 16:57,736,231
INFO	2018-05-27 23:12:18	MergeVcfs	Processed     4,270,000 records.  Elapsed time: 00:00:49s.  Time for last 10,000:    0s.  Last read position: 16:63,215,160
INFO	2018-05-27 23:12:18	MergeVcfs	Processed     4,280,000 records.  Elapsed time: 00:00:49s.  Time for last 10,000:    0s.  Last read position: 16:70,191,029
INFO	2018-05-27 23:12:19	MergeVcfs	Processed     4,290,000 records.  Elapsed time: 00:00:49s.  Time for last 10,000:    0s.  Last read position: 16:76,237,345
INFO	2018-05-27 23:12:19	MergeVcfs	Processed     4,300,000 records.  Elapsed time: 00:00:49s.  Time for last 10,000:    0s.  Last read position: 16:79,665,246
INFO	2018-05-27 23:12:19	MergeVcfs	Processed     4,310,000 records.  Elapsed time: 00:00:49s.  Time for last 10,000:    0s.  Last read position: 16:82,944,891
INFO	2018-05-27 23:12:19	MergeVcfs	Processed     4,320,000 records.  Elapsed time: 00:00:49s.  Time for last 10,000:    0s.  Last read position: 16:86,171,203
INFO	2018-05-27 23:12:19	MergeVcfs	Processed     4,330,000 records.  Elapsed time: 00:00:49s.  Time for last 10,000:    0s.  Last read position: 16:89,947,948
INFO	2018-05-27 23:12:19	MergeVcfs	Processed     4,340,000 records.  Elapsed time: 00:00:49s.  Time for last 10,000:    0s.  Last read position: 17:3,951,975
INFO	2018-05-27 23:12:19	MergeVcfs	Processed     4,350,000 records.  Elapsed time: 00:00:49s.  Time for last 10,000:    0s.  Last read position: 17:8,937,898
INFO	2018-05-27 23:12:19	MergeVcfs	Processed     4,360,000 records.  Elapsed time: 00:00:50s.  Time for last 10,000:    0s.  Last read position: 17:13,507,791
INFO	2018-05-27 23:12:19	MergeVcfs	Processed     4,370,000 records.  Elapsed time: 00:00:50s.  Time for last 10,000:    0s.  Last read position: 17:18,776,390
INFO	2018-05-27 23:12:19	MergeVcfs	Processed     4,380,000 records.  Elapsed time: 00:00:50s.  Time for last 10,000:    0s.  Last read position: 17:30,090,815
INFO	2018-05-27 23:12:20	MergeVcfs	Processed     4,390,000 records.  Elapsed time: 00:00:50s.  Time for last 10,000:    0s.  Last read position: 17:36,228,819
INFO	2018-05-27 23:12:20	MergeVcfs	Processed     4,400,000 records.  Elapsed time: 00:00:50s.  Time for last 10,000:    0s.  Last read position: 17:42,770,644
INFO	2018-05-27 23:12:20	MergeVcfs	Processed     4,410,000 records.  Elapsed time: 00:00:50s.  Time for last 10,000:    0s.  Last read position: 17:49,836,384
INFO	2018-05-27 23:12:20	MergeVcfs	Processed     4,420,000 records.  Elapsed time: 00:00:50s.  Time for last 10,000:    0s.  Last read position: 17:55,817,986
INFO	2018-05-27 23:12:20	MergeVcfs	Processed     4,430,000 records.  Elapsed time: 00:00:50s.  Time for last 10,000:    0s.  Last read position: 17:63,013,487
INFO	2018-05-27 23:12:20	MergeVcfs	Processed     4,440,000 records.  Elapsed time: 00:00:50s.  Time for last 10,000:    0s.  Last read position: 17:67,945,713
INFO	2018-05-27 23:12:20	MergeVcfs	Processed     4,450,000 records.  Elapsed time: 00:00:50s.  Time for last 10,000:    0s.  Last read position: 17:72,708,563
INFO	2018-05-27 23:12:20	MergeVcfs	Processed     4,460,000 records.  Elapsed time: 00:00:51s.  Time for last 10,000:    0s.  Last read position: 17:77,175,809
INFO	2018-05-27 23:12:20	MergeVcfs	Processed     4,470,000 records.  Elapsed time: 00:00:51s.  Time for last 10,000:    0s.  Last read position: 18:678,481
INFO	2018-05-27 23:12:20	MergeVcfs	Processed     4,480,000 records.  Elapsed time: 00:00:51s.  Time for last 10,000:    0s.  Last read position: 18:4,761,808
INFO	2018-05-27 23:12:21	MergeVcfs	Processed     4,490,000 records.  Elapsed time: 00:00:51s.  Time for last 10,000:    0s.  Last read position: 18:9,624,396
INFO	2018-05-27 23:12:21	MergeVcfs	Processed     4,500,000 records.  Elapsed time: 00:00:51s.  Time for last 10,000:    0s.  Last read position: 18:14,066,116
INFO	2018-05-27 23:12:21	MergeVcfs	Processed     4,510,000 records.  Elapsed time: 00:00:51s.  Time for last 10,000:    0s.  Last read position: 18:22,863,883
INFO	2018-05-27 23:12:21	MergeVcfs	Processed     4,520,000 records.  Elapsed time: 00:00:51s.  Time for last 10,000:    0s.  Last read position: 18:28,294,595
INFO	2018-05-27 23:12:21	MergeVcfs	Processed     4,530,000 records.  Elapsed time: 00:00:51s.  Time for last 10,000:    0s.  Last read position: 18:34,238,892
INFO	2018-05-27 23:12:21	MergeVcfs	Processed     4,540,000 records.  Elapsed time: 00:00:51s.  Time for last 10,000:    0s.  Last read position: 18:41,125,137
INFO	2018-05-27 23:12:21	MergeVcfs	Processed     4,550,000 records.  Elapsed time: 00:00:51s.  Time for last 10,000:    0s.  Last read position: 18:47,632,846
INFO	2018-05-27 23:12:21	MergeVcfs	Processed     4,560,000 records.  Elapsed time: 00:00:52s.  Time for last 10,000:    0s.  Last read position: 18:52,377,940
INFO	2018-05-27 23:12:21	MergeVcfs	Processed     4,570,000 records.  Elapsed time: 00:00:52s.  Time for last 10,000:    0s.  Last read position: 18:57,723,749
INFO	2018-05-27 23:12:21	MergeVcfs	Processed     4,580,000 records.  Elapsed time: 00:00:52s.  Time for last 10,000:    0s.  Last read position: 18:63,365,833
INFO	2018-05-27 23:12:22	MergeVcfs	Processed     4,590,000 records.  Elapsed time: 00:00:52s.  Time for last 10,000:    0s.  Last read position: 18:68,347,357
INFO	2018-05-27 23:12:22	MergeVcfs	Processed     4,600,000 records.  Elapsed time: 00:00:52s.  Time for last 10,000:    0s.  Last read position: 18:72,965,319
INFO	2018-05-27 23:12:22	MergeVcfs	Processed     4,610,000 records.  Elapsed time: 00:00:52s.  Time for last 10,000:    0s.  Last read position: 18:77,502,720
INFO	2018-05-27 23:12:22	MergeVcfs	Processed     4,620,000 records.  Elapsed time: 00:00:52s.  Time for last 10,000:    0s.  Last read position: 19:3,814,392
INFO	2018-05-27 23:12:22	MergeVcfs	Processed     4,630,000 records.  Elapsed time: 00:00:52s.  Time for last 10,000:    0s.  Last read position: 19:7,840,845
INFO	2018-05-27 23:12:22	MergeVcfs	Processed     4,640,000 records.  Elapsed time: 00:00:52s.  Time for last 10,000:    0s.  Last read position: 19:12,701,577
INFO	2018-05-27 23:12:22	MergeVcfs	Processed     4,650,000 records.  Elapsed time: 00:00:52s.  Time for last 10,000:    0s.  Last read position: 19:17,434,587
INFO	2018-05-27 23:12:22	MergeVcfs	Processed     4,660,000 records.  Elapsed time: 00:00:53s.  Time for last 10,000:    0s.  Last read position: 19:22,094,731
INFO	2018-05-27 23:12:22	MergeVcfs	Processed     4,670,000 records.  Elapsed time: 00:00:53s.  Time for last 10,000:    0s.  Last read position: 19:28,911,221
INFO	2018-05-27 23:12:22	MergeVcfs	Processed     4,680,000 records.  Elapsed time: 00:00:53s.  Time for last 10,000:    0s.  Last read position: 19:34,196,050
INFO	2018-05-27 23:12:23	MergeVcfs	Processed     4,690,000 records.  Elapsed time: 00:00:53s.  Time for last 10,000:    0s.  Last read position: 19:40,042,796
INFO	2018-05-27 23:12:23	MergeVcfs	Processed     4,700,000 records.  Elapsed time: 00:00:53s.  Time for last 10,000:    0s.  Last read position: 19:44,830,113
INFO	2018-05-27 23:12:23	MergeVcfs	Processed     4,710,000 records.  Elapsed time: 00:00:53s.  Time for last 10,000:    0s.  Last read position: 19:49,465,469
INFO	2018-05-27 23:12:23	MergeVcfs	Processed     4,720,000 records.  Elapsed time: 00:00:53s.  Time for last 10,000:    0s.  Last read position: 19:53,467,724
INFO	2018-05-27 23:12:23	MergeVcfs	Processed     4,730,000 records.  Elapsed time: 00:00:53s.  Time for last 10,000:    0s.  Last read position: 19:56,905,575
INFO	2018-05-27 23:12:23	MergeVcfs	Processed     4,740,000 records.  Elapsed time: 00:00:53s.  Time for last 10,000:    0s.  Last read position: 20:2,744,601
INFO	2018-05-27 23:12:23	MergeVcfs	Processed     4,750,000 records.  Elapsed time: 00:00:53s.  Time for last 10,000:    0s.  Last read position: 20:7,463,028
INFO	2018-05-27 23:12:23	MergeVcfs	Processed     4,760,000 records.  Elapsed time: 00:00:54s.  Time for last 10,000:    0s.  Last read position: 20:13,028,144
INFO	2018-05-27 23:12:23	MergeVcfs	Processed     4,770,000 records.  Elapsed time: 00:00:54s.  Time for last 10,000:    0s.  Last read position: 20:18,343,765
INFO	2018-05-27 23:12:23	MergeVcfs	Processed     4,780,000 records.  Elapsed time: 00:00:54s.  Time for last 10,000:    0s.  Last read position: 20:23,923,298
INFO	2018-05-27 23:12:24	MergeVcfs	Processed     4,790,000 records.  Elapsed time: 00:00:54s.  Time for last 10,000:    0s.  Last read position: 20:32,516,317
INFO	2018-05-27 23:12:24	MergeVcfs	Processed     4,800,000 records.  Elapsed time: 00:00:54s.  Time for last 10,000:    0s.  Last read position: 20:40,094,515
INFO	2018-05-27 23:12:24	MergeVcfs	Processed     4,810,000 records.  Elapsed time: 00:00:54s.  Time for last 10,000:    0s.  Last read position: 20:46,340,596
INFO	2018-05-27 23:12:24	MergeVcfs	Processed     4,820,000 records.  Elapsed time: 00:00:54s.  Time for last 10,000:    0s.  Last read position: 20:51,761,595
INFO	2018-05-27 23:12:24	MergeVcfs	Processed     4,830,000 records.  Elapsed time: 00:00:54s.  Time for last 10,000:    0s.  Last read position: 20:56,051,389
INFO	2018-05-27 23:12:24	MergeVcfs	Processed     4,840,000 records.  Elapsed time: 00:00:54s.  Time for last 10,000:    0s.  Last read position: 20:61,022,376
INFO	2018-05-27 23:12:24	MergeVcfs	Processed     4,850,000 records.  Elapsed time: 00:00:54s.  Time for last 10,000:    0s.  Last read position: 21:16,433,603
INFO	2018-05-27 23:12:24	MergeVcfs	Processed     4,860,000 records.  Elapsed time: 00:00:55s.  Time for last 10,000:    0s.  Last read position: 21:20,655,600
INFO	2018-05-27 23:12:24	MergeVcfs	Processed     4,870,000 records.  Elapsed time: 00:00:55s.  Time for last 10,000:    0s.  Last read position: 21:25,170,040
INFO	2018-05-27 23:12:24	MergeVcfs	Processed     4,880,000 records.  Elapsed time: 00:00:55s.  Time for last 10,000:    0s.  Last read position: 21:29,435,869
INFO	2018-05-27 23:12:25	MergeVcfs	Processed     4,890,000 records.  Elapsed time: 00:00:55s.  Time for last 10,000:    0s.  Last read position: 21:34,670,874
INFO	2018-05-27 23:12:25	MergeVcfs	Processed     4,900,000 records.  Elapsed time: 00:00:55s.  Time for last 10,000:    0s.  Last read position: 21:39,519,448
INFO	2018-05-27 23:12:25	MergeVcfs	Processed     4,910,000 records.  Elapsed time: 00:00:55s.  Time for last 10,000:    0s.  Last read position: 21:43,670,657
INFO	2018-05-27 23:12:25	MergeVcfs	Processed     4,920,000 records.  Elapsed time: 00:00:55s.  Time for last 10,000:    0s.  Last read position: 21:47,834,678
INFO	2018-05-27 23:12:25	MergeVcfs	Processed     4,930,000 records.  Elapsed time: 00:00:55s.  Time for last 10,000:    0s.  Last read position: 22:21,722,525
INFO	2018-05-27 23:12:25	MergeVcfs	Processed     4,940,000 records.  Elapsed time: 00:00:55s.  Time for last 10,000:    0s.  Last read position: 22:25,700,896
INFO	2018-05-27 23:12:25	MergeVcfs	Processed     4,950,000 records.  Elapsed time: 00:00:55s.  Time for last 10,000:    0s.  Last read position: 22:31,742,451
INFO	2018-05-27 23:12:25	MergeVcfs	Processed     4,960,000 records.  Elapsed time: 00:00:56s.  Time for last 10,000:    0s.  Last read position: 22:36,709,492
INFO	2018-05-27 23:12:25	MergeVcfs	Processed     4,970,000 records.  Elapsed time: 00:00:56s.  Time for last 10,000:    0s.  Last read position: 22:42,248,860
INFO	2018-05-27 23:12:25	MergeVcfs	Processed     4,980,000 records.  Elapsed time: 00:00:56s.  Time for last 10,000:    0s.  Last read position: 22:46,725,350
INFO	2018-05-27 23:12:26	MergeVcfs	Processed     4,990,000 records.  Elapsed time: 00:00:56s.  Time for last 10,000:    0s.  Last read position: 22:50,113,084
INFO	2018-05-27 23:12:26	MergeVcfs	Processed     5,000,000 records.  Elapsed time: 00:00:56s.  Time for last 10,000:    0s.  Last read position: X:2,120,706
INFO	2018-05-27 23:12:26	MergeVcfs	Processed     5,010,000 records.  Elapsed time: 00:00:56s.  Time for last 10,000:    0s.  Last read position: X:6,617,173
INFO	2018-05-27 23:12:26	MergeVcfs	Processed     5,020,000 records.  Elapsed time: 00:00:56s.  Time for last 10,000:    0s.  Last read position: X:14,735,467
INFO	2018-05-27 23:12:26	MergeVcfs	Processed     5,030,000 records.  Elapsed time: 00:00:56s.  Time for last 10,000:    0s.  Last read position: X:22,885,206
INFO	2018-05-27 23:12:26	MergeVcfs	Processed     5,040,000 records.  Elapsed time: 00:00:56s.  Time for last 10,000:    0s.  Last read position: X:30,569,809
INFO	2018-05-27 23:12:26	MergeVcfs	Processed     5,050,000 records.  Elapsed time: 00:00:56s.  Time for last 10,000:    0s.  Last read position: X:37,236,015
INFO	2018-05-27 23:12:26	MergeVcfs	Processed     5,060,000 records.  Elapsed time: 00:00:57s.  Time for last 10,000:    0s.  Last read position: X:45,261,209
INFO	2018-05-27 23:12:26	MergeVcfs	Processed     5,070,000 records.  Elapsed time: 00:00:57s.  Time for last 10,000:    0s.  Last read position: X:56,370,250
INFO	2018-05-27 23:12:26	MergeVcfs	Processed     5,080,000 records.  Elapsed time: 00:00:57s.  Time for last 10,000:    0s.  Last read position: X:68,002,667
INFO	2018-05-27 23:12:27	MergeVcfs	Processed     5,090,000 records.  Elapsed time: 00:00:57s.  Time for last 10,000:    0s.  Last read position: X:76,424,129
INFO	2018-05-27 23:12:27	MergeVcfs	Processed     5,100,000 records.  Elapsed time: 00:00:57s.  Time for last 10,000:    0s.  Last read position: X:84,002,217
INFO	2018-05-27 23:12:27	MergeVcfs	Processed     5,110,000 records.  Elapsed time: 00:00:57s.  Time for last 10,000:    0s.  Last read position: X:89,230,644
INFO	2018-05-27 23:12:27	MergeVcfs	Processed     5,120,000 records.  Elapsed time: 00:00:57s.  Time for last 10,000:    0s.  Last read position: X:95,723,235
INFO	2018-05-27 23:12:27	MergeVcfs	Processed     5,130,000 records.  Elapsed time: 00:00:58s.  Time for last 10,000:    0s.  Last read position: X:104,683,607
INFO	2018-05-27 23:12:27	MergeVcfs	Processed     5,140,000 records.  Elapsed time: 00:00:58s.  Time for last 10,000:    0s.  Last read position: X:113,289,392
INFO	2018-05-27 23:12:27	MergeVcfs	Processed     5,150,000 records.  Elapsed time: 00:00:58s.  Time for last 10,000:    0s.  Last read position: X:120,318,469
INFO	2018-05-27 23:12:28	MergeVcfs	Processed     5,160,000 records.  Elapsed time: 00:00:58s.  Time for last 10,000:    0s.  Last read position: X:126,759,987
INFO	2018-05-27 23:12:28	MergeVcfs	Processed     5,170,000 records.  Elapsed time: 00:00:58s.  Time for last 10,000:    0s.  Last read position: X:136,531,841
INFO	2018-05-27 23:12:28	MergeVcfs	Processed     5,180,000 records.  Elapsed time: 00:00:58s.  Time for last 10,000:    0s.  Last read position: X:143,303,844
INFO	2018-05-27 23:12:28	MergeVcfs	Processed     5,190,000 records.  Elapsed time: 00:00:58s.  Time for last 10,000:    0s.  Last read position: X:150,303,291
[Sun May 27 23:12:28 UTC 2018] picard.vcf.MergeVcfs done. Elapsed time: 0.98 minutes.
Runtime.totalMemory()=225968128

Completed merging DDR positive individual genotype VCF files from 1000 Genome Project
Sun 27 May 23:12:28 UTC 2018

Completed s01_select_NA19131_ddr_positive_kgen.sh
Sun 27 May 23:12:28 UTC 2018

