Starting s01_select_HG02122_ddr_positive_kgen.sh
Fri 25 May 00:46:31 UTC 2018

1000 Genomes Project Individual ID - DDR positive genotype to be extracted - HG02122

Selecting DDR positive individual genotype from 1000 Genome Project (Chromosome 1) ...
Fri 25 May 00:46:31 UTC 2018

Completed DDR positive individual genotype from 1000 Genome Project (Chromosome 1)
Fri 25 May 01:15:16 UTC 2018

Selecting DDR positive individual genotype from 1000 Genome Project (Chromosome 2) ...
Fri 25 May 01:15:16 UTC 2018

Completed DDR positive individual genotype from 1000 Genome Project (Chromosome 2)
Fri 25 May 01:47:34 UTC 2018

Selecting DDR positive individual genotype from 1000 Genome Project (Chromosome 3) ...
Fri 25 May 01:47:34 UTC 2018

Completed DDR positive individual genotype from 1000 Genome Project (Chromosome 3)
Fri 25 May 02:14:56 UTC 2018

Selecting DDR positive individual genotype from 1000 Genome Project (Chromosome 4) ...
Fri 25 May 02:14:56 UTC 2018

Completed DDR positive individual genotype from 1000 Genome Project (Chromosome 4)
Fri 25 May 02:41:19 UTC 2018

Selecting DDR positive individual genotype from 1000 Genome Project (Chromosome 5) ...
Fri 25 May 02:41:19 UTC 2018

Completed DDR positive individual genotype from 1000 Genome Project (Chromosome 5)
Fri 25 May 03:05:55 UTC 2018

Selecting DDR positive individual genotype from 1000 Genome Project (Chromosome 6) ...
Fri 25 May 03:05:55 UTC 2018

Completed DDR positive individual genotype from 1000 Genome Project (Chromosome 6)
Fri 25 May 03:28:50 UTC 2018

Selecting DDR positive individual genotype from 1000 Genome Project (Chromosome 7) ...
Fri 25 May 03:28:50 UTC 2018

Completed DDR positive individual genotype from 1000 Genome Project (Chromosome 7)
Fri 25 May 03:49:49 UTC 2018

Selecting DDR positive individual genotype from 1000 Genome Project (Chromosome 8) ...
Fri 25 May 03:49:49 UTC 2018

Completed DDR positive individual genotype from 1000 Genome Project (Chromosome 8)
Fri 25 May 04:10:43 UTC 2018

Selecting DDR positive individual genotype from 1000 Genome Project (Chromosome 9) ...
Fri 25 May 04:10:43 UTC 2018

Completed DDR positive individual genotype from 1000 Genome Project (Chromosome 9)
Fri 25 May 04:26:57 UTC 2018

Selecting DDR positive individual genotype from 1000 Genome Project (Chromosome 10) ...
Fri 25 May 04:26:57 UTC 2018

Completed DDR positive individual genotype from 1000 Genome Project (Chromosome 10)
Fri 25 May 04:44:57 UTC 2018

Selecting DDR positive individual genotype from 1000 Genome Project (Chromosome 11) ...
Fri 25 May 04:44:57 UTC 2018

Completed DDR positive individual genotype from 1000 Genome Project (Chromosome 11)
Fri 25 May 05:03:20 UTC 2018

Selecting DDR positive individual genotype from 1000 Genome Project (Chromosome 12) ...
Fri 25 May 05:03:20 UTC 2018

Completed DDR positive individual genotype from 1000 Genome Project (Chromosome 12)
Fri 25 May 05:20:36 UTC 2018

Selecting DDR positive individual genotype from 1000 Genome Project (Chromosome 13) ...
Fri 25 May 05:20:36 UTC 2018

Completed DDR positive individual genotype from 1000 Genome Project (Chromosome 13)
Fri 25 May 05:33:41 UTC 2018

Selecting DDR positive individual genotype from 1000 Genome Project (Chromosome 14) ...
Fri 25 May 05:33:41 UTC 2018

Completed DDR positive individual genotype from 1000 Genome Project (Chromosome 14)
Fri 25 May 05:46:03 UTC 2018

Selecting DDR positive individual genotype from 1000 Genome Project (Chromosome 15) ...
Fri 25 May 05:46:03 UTC 2018

Completed DDR positive individual genotype from 1000 Genome Project (Chromosome 15)
Fri 25 May 05:57:01 UTC 2018

Selecting DDR positive individual genotype from 1000 Genome Project (Chromosome 16) ...
Fri 25 May 05:57:01 UTC 2018

Completed DDR positive individual genotype from 1000 Genome Project (Chromosome 16)
Fri 25 May 06:09:07 UTC 2018

Selecting DDR positive individual genotype from 1000 Genome Project (Chromosome 17) ...
Fri 25 May 06:09:07 UTC 2018

Completed DDR positive individual genotype from 1000 Genome Project (Chromosome 17)
Fri 25 May 06:19:53 UTC 2018

Selecting DDR positive individual genotype from 1000 Genome Project (Chromosome 18) ...
Fri 25 May 06:19:53 UTC 2018

Completed DDR positive individual genotype from 1000 Genome Project (Chromosome 18)
Fri 25 May 06:30:25 UTC 2018

Selecting DDR positive individual genotype from 1000 Genome Project (Chromosome 19) ...
Fri 25 May 06:30:25 UTC 2018

Completed DDR positive individual genotype from 1000 Genome Project (Chromosome 19)
Fri 25 May 06:39:00 UTC 2018

Selecting DDR positive individual genotype from 1000 Genome Project (Chromosome 20) ...
Fri 25 May 06:39:00 UTC 2018

Completed DDR positive individual genotype from 1000 Genome Project (Chromosome 20)
Fri 25 May 06:47:14 UTC 2018

Selecting DDR positive individual genotype from 1000 Genome Project (Chromosome 21) ...
Fri 25 May 06:47:14 UTC 2018

Completed DDR positive individual genotype from 1000 Genome Project (Chromosome 21)
Fri 25 May 06:52:27 UTC 2018

Selecting DDR positive individual genotype from 1000 Genome Project (Chromosome 22) ...
Fri 25 May 06:52:27 UTC 2018

Completed DDR positive individual genotype from 1000 Genome Project (Chromosome 22)
Fri 25 May 06:57:45 UTC 2018

Selecting DDR positive individual genotype from 1000 Genome Project (Chromosome X) ...
Fri 25 May 06:57:45 UTC 2018

Completed DDR positive individual genotype from 1000 Genome Project (Chromosome X)
Fri 25 May 07:13:57 UTC 2018


Merging DDR positive individual genotype VCF files from 1000 Genome Project
Fri 25 May 07:13:57 UTC 2018
07:13:58.474 INFO  NativeLibraryLoader - Loading libgkl_compression.so from jar:file:/home/ec2-user/tools/picard/picard.jar!/com/intel/gkl/native/libgkl_compression.so
[Fri May 25 07:13:58 UTC 2018] MergeVcfs INPUT=[/home/ec2-user/results/data_analysis/gt_individuals/kgen/ddr_positive/HG02122/s01_HG02122_ddr_positive_kgen_chr1_raw.vcf, /home/ec2-user/results/data_analysis/gt_individuals/kgen/ddr_positive/HG02122/s01_HG02122_ddr_positive_kgen_chr2_raw.vcf, /home/ec2-user/results/data_analysis/gt_individuals/kgen/ddr_positive/HG02122/s01_HG02122_ddr_positive_kgen_chr3_raw.vcf, /home/ec2-user/results/data_analysis/gt_individuals/kgen/ddr_positive/HG02122/s01_HG02122_ddr_positive_kgen_chr4_raw.vcf, /home/ec2-user/results/data_analysis/gt_individuals/kgen/ddr_positive/HG02122/s01_HG02122_ddr_positive_kgen_chr5_raw.vcf, /home/ec2-user/results/data_analysis/gt_individuals/kgen/ddr_positive/HG02122/s01_HG02122_ddr_positive_kgen_chr6_raw.vcf, /home/ec2-user/results/data_analysis/gt_individuals/kgen/ddr_positive/HG02122/s01_HG02122_ddr_positive_kgen_chr7_raw.vcf, /home/ec2-user/results/data_analysis/gt_individuals/kgen/ddr_positive/HG02122/s01_HG02122_ddr_positive_kgen_chr8_raw.vcf, /home/ec2-user/results/data_analysis/gt_individuals/kgen/ddr_positive/HG02122/s01_HG02122_ddr_positive_kgen_chr9_raw.vcf, /home/ec2-user/results/data_analysis/gt_individuals/kgen/ddr_positive/HG02122/s01_HG02122_ddr_positive_kgen_chr10_raw.vcf, /home/ec2-user/results/data_analysis/gt_individuals/kgen/ddr_positive/HG02122/s01_HG02122_ddr_positive_kgen_chr11_raw.vcf, /home/ec2-user/results/data_analysis/gt_individuals/kgen/ddr_positive/HG02122/s01_HG02122_ddr_positive_kgen_chr12_raw.vcf, /home/ec2-user/results/data_analysis/gt_individuals/kgen/ddr_positive/HG02122/s01_HG02122_ddr_positive_kgen_chr13_raw.vcf, /home/ec2-user/results/data_analysis/gt_individuals/kgen/ddr_positive/HG02122/s01_HG02122_ddr_positive_kgen_chr14_raw.vcf, /home/ec2-user/results/data_analysis/gt_individuals/kgen/ddr_positive/HG02122/s01_HG02122_ddr_positive_kgen_chr15_raw.vcf, /home/ec2-user/results/data_analysis/gt_individuals/kgen/ddr_positive/HG02122/s01_HG02122_ddr_positive_kgen_chr16_raw.vcf, /home/ec2-user/results/data_analysis/gt_individuals/kgen/ddr_positive/HG02122/s01_HG02122_ddr_positive_kgen_chr17_raw.vcf, /home/ec2-user/results/data_analysis/gt_individuals/kgen/ddr_positive/HG02122/s01_HG02122_ddr_positive_kgen_chr18_raw.vcf, /home/ec2-user/results/data_analysis/gt_individuals/kgen/ddr_positive/HG02122/s01_HG02122_ddr_positive_kgen_chr19_raw.vcf, /home/ec2-user/results/data_analysis/gt_individuals/kgen/ddr_positive/HG02122/s01_HG02122_ddr_positive_kgen_chr20_raw.vcf, /home/ec2-user/results/data_analysis/gt_individuals/kgen/ddr_positive/HG02122/s01_HG02122_ddr_positive_kgen_chr21_raw.vcf, /home/ec2-user/results/data_analysis/gt_individuals/kgen/ddr_positive/HG02122/s01_HG02122_ddr_positive_kgen_chr22_raw.vcf, /home/ec2-user/results/data_analysis/gt_individuals/kgen/ddr_positive/HG02122/s01_HG02122_ddr_positive_kgen_chrX_raw.vcf] OUTPUT=/home/ec2-user/results/data_analysis/gt_individuals/kgen/ddr_positive/HG02122/s01_HG02122_ddr_positive_kgen_merged_raw.vcf.gz    VERBOSITY=INFO QUIET=false VALIDATION_STRINGENCY=STRICT COMPRESSION_LEVEL=5 MAX_RECORDS_IN_RAM=500000 CREATE_INDEX=true CREATE_MD5_FILE=false GA4GH_CLIENT_SECRETS=client_secrets.json USE_JDK_DEFLATER=false USE_JDK_INFLATER=false
[Fri May 25 07:13:58 UTC 2018] Executing as ec2-user@ip-172-31-34-3 on Linux 4.14.33-51.37.amzn1.x86_64 amd64; OpenJDK 64-Bit Server VM 1.8.0_171-b10; Deflater: Intel; Inflater: Intel; Provider GCS is not available; Picard version: 2.18.2-SNAPSHOT
INFO	2018-05-25 07:13:59	MergeVcfs	Processed        10,000 records.  Elapsed time: 00:00:01s.  Time for last 10,000:    0s.  Last read position: 1:6,085,900
INFO	2018-05-25 07:14:00	MergeVcfs	Processed        20,000 records.  Elapsed time: 00:00:01s.  Time for last 10,000:    0s.  Last read position: 1:13,179,661
INFO	2018-05-25 07:14:00	MergeVcfs	Processed        30,000 records.  Elapsed time: 00:00:01s.  Time for last 10,000:    0s.  Last read position: 1:19,682,136
INFO	2018-05-25 07:14:00	MergeVcfs	Processed        40,000 records.  Elapsed time: 00:00:02s.  Time for last 10,000:    0s.  Last read position: 1:26,085,048
INFO	2018-05-25 07:14:01	MergeVcfs	Processed        50,000 records.  Elapsed time: 00:00:02s.  Time for last 10,000:    0s.  Last read position: 1:34,371,271
INFO	2018-05-25 07:14:01	MergeVcfs	Processed        60,000 records.  Elapsed time: 00:00:02s.  Time for last 10,000:    0s.  Last read position: 1:42,102,575
INFO	2018-05-25 07:14:01	MergeVcfs	Processed        70,000 records.  Elapsed time: 00:00:03s.  Time for last 10,000:    0s.  Last read position: 1:49,835,817
INFO	2018-05-25 07:14:01	MergeVcfs	Processed        80,000 records.  Elapsed time: 00:00:03s.  Time for last 10,000:    0s.  Last read position: 1:57,558,974
INFO	2018-05-25 07:14:02	MergeVcfs	Processed        90,000 records.  Elapsed time: 00:00:03s.  Time for last 10,000:    0s.  Last read position: 1:64,961,781
INFO	2018-05-25 07:14:02	MergeVcfs	Processed       100,000 records.  Elapsed time: 00:00:04s.  Time for last 10,000:    0s.  Last read position: 1:71,293,735
INFO	2018-05-25 07:14:02	MergeVcfs	Processed       110,000 records.  Elapsed time: 00:00:04s.  Time for last 10,000:    0s.  Last read position: 1:78,629,036
INFO	2018-05-25 07:14:03	MergeVcfs	Processed       120,000 records.  Elapsed time: 00:00:04s.  Time for last 10,000:    0s.  Last read position: 1:85,365,834
INFO	2018-05-25 07:14:03	MergeVcfs	Processed       130,000 records.  Elapsed time: 00:00:04s.  Time for last 10,000:    0s.  Last read position: 1:92,262,342
INFO	2018-05-25 07:14:03	MergeVcfs	Processed       140,000 records.  Elapsed time: 00:00:05s.  Time for last 10,000:    0s.  Last read position: 1:99,679,888
INFO	2018-05-25 07:14:03	MergeVcfs	Processed       150,000 records.  Elapsed time: 00:00:05s.  Time for last 10,000:    0s.  Last read position: 1:105,825,561
INFO	2018-05-25 07:14:04	MergeVcfs	Processed       160,000 records.  Elapsed time: 00:00:05s.  Time for last 10,000:    0s.  Last read position: 1:112,659,862
INFO	2018-05-25 07:14:04	MergeVcfs	Processed       170,000 records.  Elapsed time: 00:00:05s.  Time for last 10,000:    0s.  Last read position: 1:120,115,723
INFO	2018-05-25 07:14:04	MergeVcfs	Processed       180,000 records.  Elapsed time: 00:00:06s.  Time for last 10,000:    0s.  Last read position: 1:153,273,252
INFO	2018-05-25 07:14:04	MergeVcfs	Processed       190,000 records.  Elapsed time: 00:00:06s.  Time for last 10,000:    0s.  Last read position: 1:160,546,709
INFO	2018-05-25 07:14:05	MergeVcfs	Processed       200,000 records.  Elapsed time: 00:00:06s.  Time for last 10,000:    0s.  Last read position: 1:166,639,468
INFO	2018-05-25 07:14:05	MergeVcfs	Processed       210,000 records.  Elapsed time: 00:00:06s.  Time for last 10,000:    0s.  Last read position: 1:173,748,550
INFO	2018-05-25 07:14:05	MergeVcfs	Processed       220,000 records.  Elapsed time: 00:00:07s.  Time for last 10,000:    0s.  Last read position: 1:181,726,413
INFO	2018-05-25 07:14:05	MergeVcfs	Processed       230,000 records.  Elapsed time: 00:00:07s.  Time for last 10,000:    0s.  Last read position: 1:188,662,582
INFO	2018-05-25 07:14:06	MergeVcfs	Processed       240,000 records.  Elapsed time: 00:00:07s.  Time for last 10,000:    0s.  Last read position: 1:194,882,680
INFO	2018-05-25 07:14:06	MergeVcfs	Processed       250,000 records.  Elapsed time: 00:00:07s.  Time for last 10,000:    0s.  Last read position: 1:201,943,010
INFO	2018-05-25 07:14:06	MergeVcfs	Processed       260,000 records.  Elapsed time: 00:00:08s.  Time for last 10,000:    0s.  Last read position: 1:209,339,484
INFO	2018-05-25 07:14:06	MergeVcfs	Processed       270,000 records.  Elapsed time: 00:00:08s.  Time for last 10,000:    0s.  Last read position: 1:216,005,329
INFO	2018-05-25 07:14:06	MergeVcfs	Processed       280,000 records.  Elapsed time: 00:00:08s.  Time for last 10,000:    0s.  Last read position: 1:222,778,567
INFO	2018-05-25 07:14:07	MergeVcfs	Processed       290,000 records.  Elapsed time: 00:00:08s.  Time for last 10,000:    0s.  Last read position: 1:229,079,165
INFO	2018-05-25 07:14:07	MergeVcfs	Processed       300,000 records.  Elapsed time: 00:00:08s.  Time for last 10,000:    0s.  Last read position: 1:235,661,544
INFO	2018-05-25 07:14:07	MergeVcfs	Processed       310,000 records.  Elapsed time: 00:00:09s.  Time for last 10,000:    0s.  Last read position: 1:240,769,094
INFO	2018-05-25 07:14:07	MergeVcfs	Processed       320,000 records.  Elapsed time: 00:00:09s.  Time for last 10,000:    0s.  Last read position: 1:246,386,173
INFO	2018-05-25 07:14:07	MergeVcfs	Processed       330,000 records.  Elapsed time: 00:00:09s.  Time for last 10,000:    0s.  Last read position: 2:1,593,087
INFO	2018-05-25 07:14:08	MergeVcfs	Processed       340,000 records.  Elapsed time: 00:00:09s.  Time for last 10,000:    0s.  Last read position: 2:7,260,917
INFO	2018-05-25 07:14:08	MergeVcfs	Processed       350,000 records.  Elapsed time: 00:00:09s.  Time for last 10,000:    0s.  Last read position: 2:13,619,589
INFO	2018-05-25 07:14:08	MergeVcfs	Processed       360,000 records.  Elapsed time: 00:00:10s.  Time for last 10,000:    0s.  Last read position: 2:19,784,222
INFO	2018-05-25 07:14:08	MergeVcfs	Processed       370,000 records.  Elapsed time: 00:00:10s.  Time for last 10,000:    0s.  Last read position: 2:28,012,267
INFO	2018-05-25 07:14:08	MergeVcfs	Processed       380,000 records.  Elapsed time: 00:00:10s.  Time for last 10,000:    0s.  Last read position: 2:34,604,711
INFO	2018-05-25 07:14:09	MergeVcfs	Processed       390,000 records.  Elapsed time: 00:00:10s.  Time for last 10,000:    0s.  Last read position: 2:40,041,467
INFO	2018-05-25 07:14:09	MergeVcfs	Processed       400,000 records.  Elapsed time: 00:00:10s.  Time for last 10,000:    0s.  Last read position: 2:46,431,385
INFO	2018-05-25 07:14:09	MergeVcfs	Processed       410,000 records.  Elapsed time: 00:00:10s.  Time for last 10,000:    0s.  Last read position: 2:52,881,236
INFO	2018-05-25 07:14:09	MergeVcfs	Processed       420,000 records.  Elapsed time: 00:00:11s.  Time for last 10,000:    0s.  Last read position: 2:58,779,894
INFO	2018-05-25 07:14:09	MergeVcfs	Processed       430,000 records.  Elapsed time: 00:00:11s.  Time for last 10,000:    0s.  Last read position: 2:67,202,205
INFO	2018-05-25 07:14:09	MergeVcfs	Processed       440,000 records.  Elapsed time: 00:00:11s.  Time for last 10,000:    0s.  Last read position: 2:74,530,978
INFO	2018-05-25 07:14:09	MergeVcfs	Processed       450,000 records.  Elapsed time: 00:00:11s.  Time for last 10,000:    0s.  Last read position: 2:80,461,048
INFO	2018-05-25 07:14:10	MergeVcfs	Processed       460,000 records.  Elapsed time: 00:00:11s.  Time for last 10,000:    0s.  Last read position: 2:88,380,717
INFO	2018-05-25 07:14:10	MergeVcfs	Processed       470,000 records.  Elapsed time: 00:00:11s.  Time for last 10,000:    0s.  Last read position: 2:103,056,534
INFO	2018-05-25 07:14:10	MergeVcfs	Processed       480,000 records.  Elapsed time: 00:00:11s.  Time for last 10,000:    0s.  Last read position: 2:110,425,390
INFO	2018-05-25 07:14:10	MergeVcfs	Processed       490,000 records.  Elapsed time: 00:00:11s.  Time for last 10,000:    0s.  Last read position: 2:118,350,687
INFO	2018-05-25 07:14:10	MergeVcfs	Processed       500,000 records.  Elapsed time: 00:00:11s.  Time for last 10,000:    0s.  Last read position: 2:124,713,529
INFO	2018-05-25 07:14:10	MergeVcfs	Processed       510,000 records.  Elapsed time: 00:00:12s.  Time for last 10,000:    0s.  Last read position: 2:131,710,070
INFO	2018-05-25 07:14:10	MergeVcfs	Processed       520,000 records.  Elapsed time: 00:00:12s.  Time for last 10,000:    0s.  Last read position: 2:137,669,947
INFO	2018-05-25 07:14:10	MergeVcfs	Processed       530,000 records.  Elapsed time: 00:00:12s.  Time for last 10,000:    0s.  Last read position: 2:143,363,680
INFO	2018-05-25 07:14:10	MergeVcfs	Processed       540,000 records.  Elapsed time: 00:00:12s.  Time for last 10,000:    0s.  Last read position: 2:151,940,485
INFO	2018-05-25 07:14:11	MergeVcfs	Processed       550,000 records.  Elapsed time: 00:00:12s.  Time for last 10,000:    0s.  Last read position: 2:159,340,038
INFO	2018-05-25 07:14:11	MergeVcfs	Processed       560,000 records.  Elapsed time: 00:00:12s.  Time for last 10,000:    0s.  Last read position: 2:167,004,118
INFO	2018-05-25 07:14:11	MergeVcfs	Processed       570,000 records.  Elapsed time: 00:00:12s.  Time for last 10,000:    0s.  Last read position: 2:172,718,734
INFO	2018-05-25 07:14:11	MergeVcfs	Processed       580,000 records.  Elapsed time: 00:00:12s.  Time for last 10,000:    0s.  Last read position: 2:180,476,149
INFO	2018-05-25 07:14:11	MergeVcfs	Processed       590,000 records.  Elapsed time: 00:00:12s.  Time for last 10,000:    0s.  Last read position: 2:187,236,003
INFO	2018-05-25 07:14:11	MergeVcfs	Processed       600,000 records.  Elapsed time: 00:00:13s.  Time for last 10,000:    0s.  Last read position: 2:194,195,686
INFO	2018-05-25 07:14:11	MergeVcfs	Processed       610,000 records.  Elapsed time: 00:00:13s.  Time for last 10,000:    0s.  Last read position: 2:201,667,523
INFO	2018-05-25 07:14:11	MergeVcfs	Processed       620,000 records.  Elapsed time: 00:00:13s.  Time for last 10,000:    0s.  Last read position: 2:209,947,642
INFO	2018-05-25 07:14:11	MergeVcfs	Processed       630,000 records.  Elapsed time: 00:00:13s.  Time for last 10,000:    0s.  Last read position: 2:216,824,684
INFO	2018-05-25 07:14:11	MergeVcfs	Processed       640,000 records.  Elapsed time: 00:00:13s.  Time for last 10,000:    0s.  Last read position: 2:223,853,228
INFO	2018-05-25 07:14:12	MergeVcfs	Processed       650,000 records.  Elapsed time: 00:00:13s.  Time for last 10,000:    0s.  Last read position: 2:230,394,789
INFO	2018-05-25 07:14:12	MergeVcfs	Processed       660,000 records.  Elapsed time: 00:00:13s.  Time for last 10,000:    0s.  Last read position: 2:236,905,211
INFO	2018-05-25 07:14:12	MergeVcfs	Processed       670,000 records.  Elapsed time: 00:00:13s.  Time for last 10,000:    0s.  Last read position: 2:242,800,148
INFO	2018-05-25 07:14:12	MergeVcfs	Processed       680,000 records.  Elapsed time: 00:00:13s.  Time for last 10,000:    0s.  Last read position: 3:4,513,293
INFO	2018-05-25 07:14:12	MergeVcfs	Processed       690,000 records.  Elapsed time: 00:00:14s.  Time for last 10,000:    0s.  Last read position: 3:10,415,108
INFO	2018-05-25 07:14:12	MergeVcfs	Processed       700,000 records.  Elapsed time: 00:00:14s.  Time for last 10,000:    0s.  Last read position: 3:16,173,235
INFO	2018-05-25 07:14:12	MergeVcfs	Processed       710,000 records.  Elapsed time: 00:00:14s.  Time for last 10,000:    0s.  Last read position: 3:23,549,447
INFO	2018-05-25 07:14:12	MergeVcfs	Processed       720,000 records.  Elapsed time: 00:00:14s.  Time for last 10,000:    0s.  Last read position: 3:30,212,323
INFO	2018-05-25 07:14:12	MergeVcfs	Processed       730,000 records.  Elapsed time: 00:00:14s.  Time for last 10,000:    0s.  Last read position: 3:36,285,022
INFO	2018-05-25 07:14:13	MergeVcfs	Processed       740,000 records.  Elapsed time: 00:00:14s.  Time for last 10,000:    0s.  Last read position: 3:43,522,471
INFO	2018-05-25 07:14:13	MergeVcfs	Processed       750,000 records.  Elapsed time: 00:00:14s.  Time for last 10,000:    0s.  Last read position: 3:53,121,276
INFO	2018-05-25 07:14:13	MergeVcfs	Processed       760,000 records.  Elapsed time: 00:00:14s.  Time for last 10,000:    0s.  Last read position: 3:60,405,919
INFO	2018-05-25 07:14:13	MergeVcfs	Processed       770,000 records.  Elapsed time: 00:00:14s.  Time for last 10,000:    0s.  Last read position: 3:66,274,730
INFO	2018-05-25 07:14:13	MergeVcfs	Processed       780,000 records.  Elapsed time: 00:00:15s.  Time for last 10,000:    0s.  Last read position: 3:72,355,688
INFO	2018-05-25 07:14:13	MergeVcfs	Processed       790,000 records.  Elapsed time: 00:00:15s.  Time for last 10,000:    0s.  Last read position: 3:78,726,203
INFO	2018-05-25 07:14:13	MergeVcfs	Processed       800,000 records.  Elapsed time: 00:00:15s.  Time for last 10,000:    0s.  Last read position: 3:85,461,034
INFO	2018-05-25 07:14:13	MergeVcfs	Processed       810,000 records.  Elapsed time: 00:00:15s.  Time for last 10,000:    0s.  Last read position: 3:94,965,472
INFO	2018-05-25 07:14:13	MergeVcfs	Processed       820,000 records.  Elapsed time: 00:00:15s.  Time for last 10,000:    0s.  Last read position: 3:101,734,920
INFO	2018-05-25 07:14:14	MergeVcfs	Processed       830,000 records.  Elapsed time: 00:00:15s.  Time for last 10,000:    0s.  Last read position: 3:108,506,049
INFO	2018-05-25 07:14:14	MergeVcfs	Processed       840,000 records.  Elapsed time: 00:00:15s.  Time for last 10,000:    0s.  Last read position: 3:114,589,921
INFO	2018-05-25 07:14:14	MergeVcfs	Processed       850,000 records.  Elapsed time: 00:00:15s.  Time for last 10,000:    0s.  Last read position: 3:122,185,549
INFO	2018-05-25 07:14:14	MergeVcfs	Processed       860,000 records.  Elapsed time: 00:00:15s.  Time for last 10,000:    0s.  Last read position: 3:129,125,661
INFO	2018-05-25 07:14:14	MergeVcfs	Processed       870,000 records.  Elapsed time: 00:00:16s.  Time for last 10,000:    0s.  Last read position: 3:134,951,036
INFO	2018-05-25 07:14:14	MergeVcfs	Processed       880,000 records.  Elapsed time: 00:00:16s.  Time for last 10,000:    0s.  Last read position: 3:142,667,110
INFO	2018-05-25 07:14:14	MergeVcfs	Processed       890,000 records.  Elapsed time: 00:00:16s.  Time for last 10,000:    0s.  Last read position: 3:149,513,260
INFO	2018-05-25 07:14:14	MergeVcfs	Processed       900,000 records.  Elapsed time: 00:00:16s.  Time for last 10,000:    0s.  Last read position: 3:156,678,610
INFO	2018-05-25 07:14:14	MergeVcfs	Processed       910,000 records.  Elapsed time: 00:00:16s.  Time for last 10,000:    0s.  Last read position: 3:163,426,119
INFO	2018-05-25 07:14:15	MergeVcfs	Processed       920,000 records.  Elapsed time: 00:00:16s.  Time for last 10,000:    0s.  Last read position: 3:171,746,711
INFO	2018-05-25 07:14:15	MergeVcfs	Processed       930,000 records.  Elapsed time: 00:00:16s.  Time for last 10,000:    0s.  Last read position: 3:178,590,769
INFO	2018-05-25 07:14:15	MergeVcfs	Processed       940,000 records.  Elapsed time: 00:00:16s.  Time for last 10,000:    0s.  Last read position: 3:186,239,679
INFO	2018-05-25 07:14:15	MergeVcfs	Processed       950,000 records.  Elapsed time: 00:00:16s.  Time for last 10,000:    0s.  Last read position: 3:191,867,350
INFO	2018-05-25 07:14:15	MergeVcfs	Processed       960,000 records.  Elapsed time: 00:00:17s.  Time for last 10,000:    0s.  Last read position: 3:197,197,397
INFO	2018-05-25 07:14:15	MergeVcfs	Processed       970,000 records.  Elapsed time: 00:00:17s.  Time for last 10,000:    0s.  Last read position: 4:5,569,959
INFO	2018-05-25 07:14:15	MergeVcfs	Processed       980,000 records.  Elapsed time: 00:00:17s.  Time for last 10,000:    0s.  Last read position: 4:9,596,455
INFO	2018-05-25 07:14:15	MergeVcfs	Processed       990,000 records.  Elapsed time: 00:00:17s.  Time for last 10,000:    0s.  Last read position: 4:14,683,157
INFO	2018-05-25 07:14:15	MergeVcfs	Processed     1,000,000 records.  Elapsed time: 00:00:17s.  Time for last 10,000:    0s.  Last read position: 4:21,479,606
INFO	2018-05-25 07:14:16	MergeVcfs	Processed     1,010,000 records.  Elapsed time: 00:00:17s.  Time for last 10,000:    0s.  Last read position: 4:27,684,571
INFO	2018-05-25 07:14:16	MergeVcfs	Processed     1,020,000 records.  Elapsed time: 00:00:17s.  Time for last 10,000:    0s.  Last read position: 4:33,240,148
INFO	2018-05-25 07:14:16	MergeVcfs	Processed     1,030,000 records.  Elapsed time: 00:00:17s.  Time for last 10,000:    0s.  Last read position: 4:38,745,263
INFO	2018-05-25 07:14:16	MergeVcfs	Processed     1,040,000 records.  Elapsed time: 00:00:17s.  Time for last 10,000:    0s.  Last read position: 4:44,929,812
INFO	2018-05-25 07:14:16	MergeVcfs	Processed     1,050,000 records.  Elapsed time: 00:00:18s.  Time for last 10,000:    0s.  Last read position: 4:54,900,604
INFO	2018-05-25 07:14:16	MergeVcfs	Processed     1,060,000 records.  Elapsed time: 00:00:18s.  Time for last 10,000:    0s.  Last read position: 4:60,142,688
INFO	2018-05-25 07:14:16	MergeVcfs	Processed     1,070,000 records.  Elapsed time: 00:00:18s.  Time for last 10,000:    0s.  Last read position: 4:65,783,438
INFO	2018-05-25 07:14:16	MergeVcfs	Processed     1,080,000 records.  Elapsed time: 00:00:18s.  Time for last 10,000:    0s.  Last read position: 4:70,615,045
INFO	2018-05-25 07:14:16	MergeVcfs	Processed     1,090,000 records.  Elapsed time: 00:00:18s.  Time for last 10,000:    0s.  Last read position: 4:76,829,513
INFO	2018-05-25 07:14:17	MergeVcfs	Processed     1,100,000 records.  Elapsed time: 00:00:18s.  Time for last 10,000:    0s.  Last read position: 4:83,113,813
INFO	2018-05-25 07:14:17	MergeVcfs	Processed     1,110,000 records.  Elapsed time: 00:00:18s.  Time for last 10,000:    0s.  Last read position: 4:90,440,510
INFO	2018-05-25 07:14:17	MergeVcfs	Processed     1,120,000 records.  Elapsed time: 00:00:18s.  Time for last 10,000:    0s.  Last read position: 4:97,869,317
INFO	2018-05-25 07:14:17	MergeVcfs	Processed     1,130,000 records.  Elapsed time: 00:00:18s.  Time for last 10,000:    0s.  Last read position: 4:105,855,732
INFO	2018-05-25 07:14:17	MergeVcfs	Processed     1,140,000 records.  Elapsed time: 00:00:18s.  Time for last 10,000:    0s.  Last read position: 4:112,953,088
INFO	2018-05-25 07:14:17	MergeVcfs	Processed     1,150,000 records.  Elapsed time: 00:00:19s.  Time for last 10,000:    0s.  Last read position: 4:118,426,176
INFO	2018-05-25 07:14:17	MergeVcfs	Processed     1,160,000 records.  Elapsed time: 00:00:19s.  Time for last 10,000:    0s.  Last read position: 4:124,918,122
INFO	2018-05-25 07:14:17	MergeVcfs	Processed     1,170,000 records.  Elapsed time: 00:00:19s.  Time for last 10,000:    0s.  Last read position: 4:130,638,713
INFO	2018-05-25 07:14:17	MergeVcfs	Processed     1,180,000 records.  Elapsed time: 00:00:19s.  Time for last 10,000:    0s.  Last read position: 4:136,408,707
INFO	2018-05-25 07:14:18	MergeVcfs	Processed     1,190,000 records.  Elapsed time: 00:00:19s.  Time for last 10,000:    0s.  Last read position: 4:142,712,960
INFO	2018-05-25 07:14:18	MergeVcfs	Processed     1,200,000 records.  Elapsed time: 00:00:19s.  Time for last 10,000:    0s.  Last read position: 4:149,963,273
INFO	2018-05-25 07:14:18	MergeVcfs	Processed     1,210,000 records.  Elapsed time: 00:00:19s.  Time for last 10,000:    0s.  Last read position: 4:157,090,189
INFO	2018-05-25 07:14:18	MergeVcfs	Processed     1,220,000 records.  Elapsed time: 00:00:19s.  Time for last 10,000:    0s.  Last read position: 4:162,986,512
INFO	2018-05-25 07:14:18	MergeVcfs	Processed     1,230,000 records.  Elapsed time: 00:00:19s.  Time for last 10,000:    0s.  Last read position: 4:168,296,322
INFO	2018-05-25 07:14:18	MergeVcfs	Processed     1,240,000 records.  Elapsed time: 00:00:20s.  Time for last 10,000:    0s.  Last read position: 4:174,889,357
INFO	2018-05-25 07:14:18	MergeVcfs	Processed     1,250,000 records.  Elapsed time: 00:00:20s.  Time for last 10,000:    0s.  Last read position: 4:180,137,800
INFO	2018-05-25 07:14:18	MergeVcfs	Processed     1,260,000 records.  Elapsed time: 00:00:20s.  Time for last 10,000:    0s.  Last read position: 4:185,077,101
INFO	2018-05-25 07:14:18	MergeVcfs	Processed     1,270,000 records.  Elapsed time: 00:00:20s.  Time for last 10,000:    0s.  Last read position: 4:189,511,563
INFO	2018-05-25 07:14:18	MergeVcfs	Processed     1,280,000 records.  Elapsed time: 00:00:20s.  Time for last 10,000:    0s.  Last read position: 5:3,153,967
INFO	2018-05-25 07:14:19	MergeVcfs	Processed     1,290,000 records.  Elapsed time: 00:00:20s.  Time for last 10,000:    0s.  Last read position: 5:8,192,063
INFO	2018-05-25 07:14:19	MergeVcfs	Processed     1,300,000 records.  Elapsed time: 00:00:20s.  Time for last 10,000:    0s.  Last read position: 5:13,960,949
INFO	2018-05-25 07:14:19	MergeVcfs	Processed     1,310,000 records.  Elapsed time: 00:00:20s.  Time for last 10,000:    0s.  Last read position: 5:20,771,779
INFO	2018-05-25 07:14:19	MergeVcfs	Processed     1,320,000 records.  Elapsed time: 00:00:20s.  Time for last 10,000:    0s.  Last read position: 5:27,700,373
INFO	2018-05-25 07:14:19	MergeVcfs	Processed     1,330,000 records.  Elapsed time: 00:00:21s.  Time for last 10,000:    0s.  Last read position: 5:33,667,277
INFO	2018-05-25 07:14:19	MergeVcfs	Processed     1,340,000 records.  Elapsed time: 00:00:21s.  Time for last 10,000:    0s.  Last read position: 5:40,590,471
INFO	2018-05-25 07:14:19	MergeVcfs	Processed     1,350,000 records.  Elapsed time: 00:00:21s.  Time for last 10,000:    0s.  Last read position: 5:52,456,392
INFO	2018-05-25 07:14:19	MergeVcfs	Processed     1,360,000 records.  Elapsed time: 00:00:21s.  Time for last 10,000:    0s.  Last read position: 5:59,298,222
INFO	2018-05-25 07:14:19	MergeVcfs	Processed     1,370,000 records.  Elapsed time: 00:00:21s.  Time for last 10,000:    0s.  Last read position: 5:68,383,720
INFO	2018-05-25 07:14:20	MergeVcfs	Processed     1,380,000 records.  Elapsed time: 00:00:21s.  Time for last 10,000:    0s.  Last read position: 5:77,827,337
INFO	2018-05-25 07:14:20	MergeVcfs	Processed     1,390,000 records.  Elapsed time: 00:00:21s.  Time for last 10,000:    0s.  Last read position: 5:85,203,108
INFO	2018-05-25 07:14:20	MergeVcfs	Processed     1,400,000 records.  Elapsed time: 00:00:21s.  Time for last 10,000:    0s.  Last read position: 5:95,117,927
INFO	2018-05-25 07:14:20	MergeVcfs	Processed     1,410,000 records.  Elapsed time: 00:00:21s.  Time for last 10,000:    0s.  Last read position: 5:102,081,096
INFO	2018-05-25 07:14:20	MergeVcfs	Processed     1,420,000 records.  Elapsed time: 00:00:22s.  Time for last 10,000:    0s.  Last read position: 5:110,085,098
INFO	2018-05-25 07:14:20	MergeVcfs	Processed     1,430,000 records.  Elapsed time: 00:00:22s.  Time for last 10,000:    0s.  Last read position: 5:116,214,852
INFO	2018-05-25 07:14:20	MergeVcfs	Processed     1,440,000 records.  Elapsed time: 00:00:22s.  Time for last 10,000:    0s.  Last read position: 5:123,760,052
INFO	2018-05-25 07:14:20	MergeVcfs	Processed     1,450,000 records.  Elapsed time: 00:00:22s.  Time for last 10,000:    0s.  Last read position: 5:132,135,372
INFO	2018-05-25 07:14:20	MergeVcfs	Processed     1,460,000 records.  Elapsed time: 00:00:22s.  Time for last 10,000:    0s.  Last read position: 5:141,578,181
INFO	2018-05-25 07:14:21	MergeVcfs	Processed     1,470,000 records.  Elapsed time: 00:00:22s.  Time for last 10,000:    0s.  Last read position: 5:148,801,101
INFO	2018-05-25 07:14:21	MergeVcfs	Processed     1,480,000 records.  Elapsed time: 00:00:22s.  Time for last 10,000:    0s.  Last read position: 5:154,915,967
INFO	2018-05-25 07:14:21	MergeVcfs	Processed     1,490,000 records.  Elapsed time: 00:00:22s.  Time for last 10,000:    0s.  Last read position: 5:162,430,835
INFO	2018-05-25 07:14:21	MergeVcfs	Processed     1,500,000 records.  Elapsed time: 00:00:22s.  Time for last 10,000:    0s.  Last read position: 5:169,262,067
INFO	2018-05-25 07:14:21	MergeVcfs	Processed     1,510,000 records.  Elapsed time: 00:00:23s.  Time for last 10,000:    0s.  Last read position: 5:176,288,825
INFO	2018-05-25 07:14:21	MergeVcfs	Processed     1,520,000 records.  Elapsed time: 00:00:23s.  Time for last 10,000:    0s.  Last read position: 6:1,565,483
INFO	2018-05-25 07:14:21	MergeVcfs	Processed     1,530,000 records.  Elapsed time: 00:00:23s.  Time for last 10,000:    0s.  Last read position: 6:6,839,273
INFO	2018-05-25 07:14:21	MergeVcfs	Processed     1,540,000 records.  Elapsed time: 00:00:23s.  Time for last 10,000:    0s.  Last read position: 6:12,253,937
INFO	2018-05-25 07:14:21	MergeVcfs	Processed     1,550,000 records.  Elapsed time: 00:00:23s.  Time for last 10,000:    0s.  Last read position: 6:19,186,520
INFO	2018-05-25 07:14:22	MergeVcfs	Processed     1,560,000 records.  Elapsed time: 00:00:23s.  Time for last 10,000:    0s.  Last read position: 6:24,818,365
INFO	2018-05-25 07:14:22	MergeVcfs	Processed     1,570,000 records.  Elapsed time: 00:00:23s.  Time for last 10,000:    0s.  Last read position: 6:29,912,042
INFO	2018-05-25 07:14:22	MergeVcfs	Processed     1,580,000 records.  Elapsed time: 00:00:23s.  Time for last 10,000:    0s.  Last read position: 6:31,657,413
INFO	2018-05-25 07:14:22	MergeVcfs	Processed     1,590,000 records.  Elapsed time: 00:00:23s.  Time for last 10,000:    0s.  Last read position: 6:32,699,716
INFO	2018-05-25 07:14:22	MergeVcfs	Processed     1,600,000 records.  Elapsed time: 00:00:24s.  Time for last 10,000:    0s.  Last read position: 6:38,869,214
INFO	2018-05-25 07:14:22	MergeVcfs	Processed     1,610,000 records.  Elapsed time: 00:00:24s.  Time for last 10,000:    0s.  Last read position: 6:45,347,644
INFO	2018-05-25 07:14:22	MergeVcfs	Processed     1,620,000 records.  Elapsed time: 00:00:24s.  Time for last 10,000:    0s.  Last read position: 6:52,065,054
INFO	2018-05-25 07:14:22	MergeVcfs	Processed     1,630,000 records.  Elapsed time: 00:00:24s.  Time for last 10,000:    0s.  Last read position: 6:58,423,264
INFO	2018-05-25 07:14:22	MergeVcfs	Processed     1,640,000 records.  Elapsed time: 00:00:24s.  Time for last 10,000:    0s.  Last read position: 6:67,576,037
INFO	2018-05-25 07:14:23	MergeVcfs	Processed     1,650,000 records.  Elapsed time: 00:00:24s.  Time for last 10,000:    0s.  Last read position: 6:74,102,745
INFO	2018-05-25 07:14:23	MergeVcfs	Processed     1,660,000 records.  Elapsed time: 00:00:24s.  Time for last 10,000:    0s.  Last read position: 6:79,973,438
INFO	2018-05-25 07:14:23	MergeVcfs	Processed     1,670,000 records.  Elapsed time: 00:00:24s.  Time for last 10,000:    0s.  Last read position: 6:86,112,491
INFO	2018-05-25 07:14:23	MergeVcfs	Processed     1,680,000 records.  Elapsed time: 00:00:24s.  Time for last 10,000:    0s.  Last read position: 6:93,025,195
INFO	2018-05-25 07:14:23	MergeVcfs	Processed     1,690,000 records.  Elapsed time: 00:00:24s.  Time for last 10,000:    0s.  Last read position: 6:99,956,076
INFO	2018-05-25 07:14:23	MergeVcfs	Processed     1,700,000 records.  Elapsed time: 00:00:25s.  Time for last 10,000:    0s.  Last read position: 6:106,414,808
INFO	2018-05-25 07:14:23	MergeVcfs	Processed     1,710,000 records.  Elapsed time: 00:00:25s.  Time for last 10,000:    0s.  Last read position: 6:114,073,140
INFO	2018-05-25 07:14:23	MergeVcfs	Processed     1,720,000 records.  Elapsed time: 00:00:25s.  Time for last 10,000:    0s.  Last read position: 6:120,863,149
INFO	2018-05-25 07:14:23	MergeVcfs	Processed     1,730,000 records.  Elapsed time: 00:00:25s.  Time for last 10,000:    0s.  Last read position: 6:127,883,685
INFO	2018-05-25 07:14:24	MergeVcfs	Processed     1,740,000 records.  Elapsed time: 00:00:25s.  Time for last 10,000:    0s.  Last read position: 6:137,037,072
INFO	2018-05-25 07:14:24	MergeVcfs	Processed     1,750,000 records.  Elapsed time: 00:00:25s.  Time for last 10,000:    0s.  Last read position: 6:145,190,266
INFO	2018-05-25 07:14:24	MergeVcfs	Processed     1,760,000 records.  Elapsed time: 00:00:25s.  Time for last 10,000:    0s.  Last read position: 6:151,524,021
INFO	2018-05-25 07:14:24	MergeVcfs	Processed     1,770,000 records.  Elapsed time: 00:00:25s.  Time for last 10,000:    0s.  Last read position: 6:158,471,260
INFO	2018-05-25 07:14:24	MergeVcfs	Processed     1,780,000 records.  Elapsed time: 00:00:25s.  Time for last 10,000:    0s.  Last read position: 6:163,910,456
INFO	2018-05-25 07:14:24	MergeVcfs	Processed     1,790,000 records.  Elapsed time: 00:00:26s.  Time for last 10,000:    0s.  Last read position: 6:168,698,141
INFO	2018-05-25 07:14:24	MergeVcfs	Processed     1,800,000 records.  Elapsed time: 00:00:26s.  Time for last 10,000:    0s.  Last read position: 7:2,212,758
INFO	2018-05-25 07:14:24	MergeVcfs	Processed     1,810,000 records.  Elapsed time: 00:00:26s.  Time for last 10,000:    0s.  Last read position: 7:7,406,600
INFO	2018-05-25 07:14:24	MergeVcfs	Processed     1,820,000 records.  Elapsed time: 00:00:26s.  Time for last 10,000:    0s.  Last read position: 7:12,318,115
INFO	2018-05-25 07:14:24	MergeVcfs	Processed     1,830,000 records.  Elapsed time: 00:00:26s.  Time for last 10,000:    0s.  Last read position: 7:17,307,374
INFO	2018-05-25 07:14:25	MergeVcfs	Processed     1,840,000 records.  Elapsed time: 00:00:26s.  Time for last 10,000:    0s.  Last read position: 7:22,709,748
INFO	2018-05-25 07:14:25	MergeVcfs	Processed     1,850,000 records.  Elapsed time: 00:00:26s.  Time for last 10,000:    0s.  Last read position: 7:29,126,824
INFO	2018-05-25 07:14:25	MergeVcfs	Processed     1,860,000 records.  Elapsed time: 00:00:26s.  Time for last 10,000:    0s.  Last read position: 7:36,067,466
INFO	2018-05-25 07:14:25	MergeVcfs	Processed     1,870,000 records.  Elapsed time: 00:00:26s.  Time for last 10,000:    0s.  Last read position: 7:42,759,430
INFO	2018-05-25 07:14:25	MergeVcfs	Processed     1,880,000 records.  Elapsed time: 00:00:27s.  Time for last 10,000:    0s.  Last read position: 7:49,628,150
INFO	2018-05-25 07:14:25	MergeVcfs	Processed     1,890,000 records.  Elapsed time: 00:00:27s.  Time for last 10,000:    0s.  Last read position: 7:55,013,547
INFO	2018-05-25 07:14:25	MergeVcfs	Processed     1,900,000 records.  Elapsed time: 00:00:27s.  Time for last 10,000:    0s.  Last read position: 7:64,328,300
INFO	2018-05-25 07:14:25	MergeVcfs	Processed     1,910,000 records.  Elapsed time: 00:00:27s.  Time for last 10,000:    0s.  Last read position: 7:69,761,364
INFO	2018-05-25 07:14:25	MergeVcfs	Processed     1,920,000 records.  Elapsed time: 00:00:27s.  Time for last 10,000:    0s.  Last read position: 7:77,671,031
INFO	2018-05-25 07:14:26	MergeVcfs	Processed     1,930,000 records.  Elapsed time: 00:00:27s.  Time for last 10,000:    0s.  Last read position: 7:84,027,956
INFO	2018-05-25 07:14:26	MergeVcfs	Processed     1,940,000 records.  Elapsed time: 00:00:27s.  Time for last 10,000:    0s.  Last read position: 7:90,914,857
INFO	2018-05-25 07:14:26	MergeVcfs	Processed     1,950,000 records.  Elapsed time: 00:00:27s.  Time for last 10,000:    0s.  Last read position: 7:100,235,970
INFO	2018-05-25 07:14:26	MergeVcfs	Processed     1,960,000 records.  Elapsed time: 00:00:27s.  Time for last 10,000:    0s.  Last read position: 7:107,092,820
INFO	2018-05-25 07:14:26	MergeVcfs	Processed     1,970,000 records.  Elapsed time: 00:00:28s.  Time for last 10,000:    0s.  Last read position: 7:115,155,336
INFO	2018-05-25 07:14:26	MergeVcfs	Processed     1,980,000 records.  Elapsed time: 00:00:28s.  Time for last 10,000:    0s.  Last read position: 7:123,915,378
INFO	2018-05-25 07:14:26	MergeVcfs	Processed     1,990,000 records.  Elapsed time: 00:00:28s.  Time for last 10,000:    0s.  Last read position: 7:131,298,634
INFO	2018-05-25 07:14:26	MergeVcfs	Processed     2,000,000 records.  Elapsed time: 00:00:28s.  Time for last 10,000:    0s.  Last read position: 7:137,671,487
INFO	2018-05-25 07:14:26	MergeVcfs	Processed     2,010,000 records.  Elapsed time: 00:00:28s.  Time for last 10,000:    0s.  Last read position: 7:145,730,480
INFO	2018-05-25 07:14:27	MergeVcfs	Processed     2,020,000 records.  Elapsed time: 00:00:28s.  Time for last 10,000:    0s.  Last read position: 7:151,570,179
INFO	2018-05-25 07:14:27	MergeVcfs	Processed     2,030,000 records.  Elapsed time: 00:00:28s.  Time for last 10,000:    0s.  Last read position: 7:157,087,322
INFO	2018-05-25 07:14:27	MergeVcfs	Processed     2,040,000 records.  Elapsed time: 00:00:28s.  Time for last 10,000:    0s.  Last read position: 8:2,088,896
INFO	2018-05-25 07:14:27	MergeVcfs	Processed     2,050,000 records.  Elapsed time: 00:00:28s.  Time for last 10,000:    0s.  Last read position: 8:5,043,966
INFO	2018-05-25 07:14:27	MergeVcfs	Processed     2,060,000 records.  Elapsed time: 00:00:28s.  Time for last 10,000:    0s.  Last read position: 8:8,644,274
INFO	2018-05-25 07:14:27	MergeVcfs	Processed     2,070,000 records.  Elapsed time: 00:00:29s.  Time for last 10,000:    0s.  Last read position: 8:13,279,843
INFO	2018-05-25 07:14:27	MergeVcfs	Processed     2,080,000 records.  Elapsed time: 00:00:29s.  Time for last 10,000:    0s.  Last read position: 8:16,754,703
INFO	2018-05-25 07:14:27	MergeVcfs	Processed     2,090,000 records.  Elapsed time: 00:00:29s.  Time for last 10,000:    0s.  Last read position: 8:22,398,734
INFO	2018-05-25 07:14:27	MergeVcfs	Processed     2,100,000 records.  Elapsed time: 00:00:29s.  Time for last 10,000:    0s.  Last read position: 8:27,957,556
INFO	2018-05-25 07:14:28	MergeVcfs	Processed     2,110,000 records.  Elapsed time: 00:00:29s.  Time for last 10,000:    0s.  Last read position: 8:34,410,220
INFO	2018-05-25 07:14:28	MergeVcfs	Processed     2,120,000 records.  Elapsed time: 00:00:29s.  Time for last 10,000:    0s.  Last read position: 8:42,402,071
INFO	2018-05-25 07:14:28	MergeVcfs	Processed     2,130,000 records.  Elapsed time: 00:00:29s.  Time for last 10,000:    0s.  Last read position: 8:54,110,521
INFO	2018-05-25 07:14:28	MergeVcfs	Processed     2,140,000 records.  Elapsed time: 00:00:29s.  Time for last 10,000:    0s.  Last read position: 8:61,224,105
INFO	2018-05-25 07:14:28	MergeVcfs	Processed     2,150,000 records.  Elapsed time: 00:00:29s.  Time for last 10,000:    0s.  Last read position: 8:69,862,129
INFO	2018-05-25 07:14:28	MergeVcfs	Processed     2,160,000 records.  Elapsed time: 00:00:30s.  Time for last 10,000:    0s.  Last read position: 8:77,734,363
INFO	2018-05-25 07:14:28	MergeVcfs	Processed     2,170,000 records.  Elapsed time: 00:00:30s.  Time for last 10,000:    0s.  Last read position: 8:85,908,758
INFO	2018-05-25 07:14:28	MergeVcfs	Processed     2,180,000 records.  Elapsed time: 00:00:30s.  Time for last 10,000:    0s.  Last read position: 8:95,211,708
INFO	2018-05-25 07:14:28	MergeVcfs	Processed     2,190,000 records.  Elapsed time: 00:00:30s.  Time for last 10,000:    0s.  Last read position: 8:103,564,973
INFO	2018-05-25 07:14:28	MergeVcfs	Processed     2,200,000 records.  Elapsed time: 00:00:30s.  Time for last 10,000:    0s.  Last read position: 8:111,055,674
INFO	2018-05-25 07:14:29	MergeVcfs	Processed     2,210,000 records.  Elapsed time: 00:00:30s.  Time for last 10,000:    0s.  Last read position: 8:119,689,697
INFO	2018-05-25 07:14:29	MergeVcfs	Processed     2,220,000 records.  Elapsed time: 00:00:30s.  Time for last 10,000:    0s.  Last read position: 8:126,486,542
INFO	2018-05-25 07:14:29	MergeVcfs	Processed     2,230,000 records.  Elapsed time: 00:00:30s.  Time for last 10,000:    0s.  Last read position: 8:132,705,718
INFO	2018-05-25 07:14:29	MergeVcfs	Processed     2,240,000 records.  Elapsed time: 00:00:30s.  Time for last 10,000:    0s.  Last read position: 8:138,800,045
INFO	2018-05-25 07:14:29	MergeVcfs	Processed     2,250,000 records.  Elapsed time: 00:00:31s.  Time for last 10,000:    0s.  Last read position: 8:144,291,474
INFO	2018-05-25 07:14:29	MergeVcfs	Processed     2,260,000 records.  Elapsed time: 00:00:31s.  Time for last 10,000:    0s.  Last read position: 9:3,363,619
INFO	2018-05-25 07:14:29	MergeVcfs	Processed     2,270,000 records.  Elapsed time: 00:00:31s.  Time for last 10,000:    0s.  Last read position: 9:8,502,071
INFO	2018-05-25 07:14:29	MergeVcfs	Processed     2,280,000 records.  Elapsed time: 00:00:31s.  Time for last 10,000:    0s.  Last read position: 9:12,883,357
INFO	2018-05-25 07:14:29	MergeVcfs	Processed     2,290,000 records.  Elapsed time: 00:00:31s.  Time for last 10,000:    0s.  Last read position: 9:18,184,645
INFO	2018-05-25 07:14:30	MergeVcfs	Processed     2,300,000 records.  Elapsed time: 00:00:31s.  Time for last 10,000:    0s.  Last read position: 9:23,979,505
INFO	2018-05-25 07:14:30	MergeVcfs	Processed     2,310,000 records.  Elapsed time: 00:00:31s.  Time for last 10,000:    0s.  Last read position: 9:30,302,403
INFO	2018-05-25 07:14:30	MergeVcfs	Processed     2,320,000 records.  Elapsed time: 00:00:31s.  Time for last 10,000:    0s.  Last read position: 9:36,733,478
INFO	2018-05-25 07:14:30	MergeVcfs	Processed     2,330,000 records.  Elapsed time: 00:00:31s.  Time for last 10,000:    0s.  Last read position: 9:72,732,428
INFO	2018-05-25 07:14:30	MergeVcfs	Processed     2,340,000 records.  Elapsed time: 00:00:32s.  Time for last 10,000:    0s.  Last read position: 9:79,231,357
INFO	2018-05-25 07:14:30	MergeVcfs	Processed     2,350,000 records.  Elapsed time: 00:00:32s.  Time for last 10,000:    0s.  Last read position: 9:86,777,367
INFO	2018-05-25 07:14:30	MergeVcfs	Processed     2,360,000 records.  Elapsed time: 00:00:32s.  Time for last 10,000:    0s.  Last read position: 9:93,585,560
INFO	2018-05-25 07:14:30	MergeVcfs	Processed     2,370,000 records.  Elapsed time: 00:00:32s.  Time for last 10,000:    0s.  Last read position: 9:100,624,299
INFO	2018-05-25 07:14:30	MergeVcfs	Processed     2,380,000 records.  Elapsed time: 00:00:32s.  Time for last 10,000:    0s.  Last read position: 9:107,209,724
INFO	2018-05-25 07:14:31	MergeVcfs	Processed     2,390,000 records.  Elapsed time: 00:00:32s.  Time for last 10,000:    0s.  Last read position: 9:113,686,755
INFO	2018-05-25 07:14:31	MergeVcfs	Processed     2,400,000 records.  Elapsed time: 00:00:32s.  Time for last 10,000:    0s.  Last read position: 9:120,364,240
INFO	2018-05-25 07:14:31	MergeVcfs	Processed     2,410,000 records.  Elapsed time: 00:00:32s.  Time for last 10,000:    0s.  Last read position: 9:128,189,302
INFO	2018-05-25 07:14:31	MergeVcfs	Processed     2,420,000 records.  Elapsed time: 00:00:32s.  Time for last 10,000:    0s.  Last read position: 9:134,778,255
INFO	2018-05-25 07:14:31	MergeVcfs	Processed     2,430,000 records.  Elapsed time: 00:00:33s.  Time for last 10,000:    0s.  Last read position: 10:413,140
INFO	2018-05-25 07:14:31	MergeVcfs	Processed     2,440,000 records.  Elapsed time: 00:00:33s.  Time for last 10,000:    0s.  Last read position: 10:5,117,667
INFO	2018-05-25 07:14:31	MergeVcfs	Processed     2,450,000 records.  Elapsed time: 00:00:33s.  Time for last 10,000:    0s.  Last read position: 10:10,171,642
INFO	2018-05-25 07:14:31	MergeVcfs	Processed     2,460,000 records.  Elapsed time: 00:00:33s.  Time for last 10,000:    0s.  Last read position: 10:14,713,221
INFO	2018-05-25 07:14:31	MergeVcfs	Processed     2,470,000 records.  Elapsed time: 00:00:33s.  Time for last 10,000:    0s.  Last read position: 10:20,311,913
INFO	2018-05-25 07:14:32	MergeVcfs	Processed     2,480,000 records.  Elapsed time: 00:00:33s.  Time for last 10,000:    0s.  Last read position: 10:26,994,981
INFO	2018-05-25 07:14:32	MergeVcfs	Processed     2,490,000 records.  Elapsed time: 00:00:33s.  Time for last 10,000:    0s.  Last read position: 10:32,426,134
INFO	2018-05-25 07:14:32	MergeVcfs	Processed     2,500,000 records.  Elapsed time: 00:00:33s.  Time for last 10,000:    0s.  Last read position: 10:39,087,386
INFO	2018-05-25 07:14:32	MergeVcfs	Processed     2,510,000 records.  Elapsed time: 00:00:33s.  Time for last 10,000:    0s.  Last read position: 10:50,477,981
INFO	2018-05-25 07:14:32	MergeVcfs	Processed     2,520,000 records.  Elapsed time: 00:00:33s.  Time for last 10,000:    0s.  Last read position: 10:56,482,197
INFO	2018-05-25 07:14:32	MergeVcfs	Processed     2,530,000 records.  Elapsed time: 00:00:34s.  Time for last 10,000:    0s.  Last read position: 10:62,351,061
INFO	2018-05-25 07:14:32	MergeVcfs	Processed     2,540,000 records.  Elapsed time: 00:00:34s.  Time for last 10,000:    0s.  Last read position: 10:68,446,555
INFO	2018-05-25 07:14:32	MergeVcfs	Processed     2,550,000 records.  Elapsed time: 00:00:34s.  Time for last 10,000:    0s.  Last read position: 10:74,897,271
INFO	2018-05-25 07:14:32	MergeVcfs	Processed     2,560,000 records.  Elapsed time: 00:00:34s.  Time for last 10,000:    0s.  Last read position: 10:82,570,881
INFO	2018-05-25 07:14:33	MergeVcfs	Processed     2,570,000 records.  Elapsed time: 00:00:34s.  Time for last 10,000:    0s.  Last read position: 10:90,142,203
INFO	2018-05-25 07:14:33	MergeVcfs	Processed     2,580,000 records.  Elapsed time: 00:00:34s.  Time for last 10,000:    0s.  Last read position: 10:97,393,678
INFO	2018-05-25 07:14:33	MergeVcfs	Processed     2,590,000 records.  Elapsed time: 00:00:34s.  Time for last 10,000:    0s.  Last read position: 10:105,348,493
INFO	2018-05-25 07:14:33	MergeVcfs	Processed     2,600,000 records.  Elapsed time: 00:00:34s.  Time for last 10,000:    0s.  Last read position: 10:112,485,320
INFO	2018-05-25 07:14:33	MergeVcfs	Processed     2,610,000 records.  Elapsed time: 00:00:34s.  Time for last 10,000:    0s.  Last read position: 10:119,201,129
INFO	2018-05-25 07:14:33	MergeVcfs	Processed     2,620,000 records.  Elapsed time: 00:00:35s.  Time for last 10,000:    0s.  Last read position: 10:124,325,409
INFO	2018-05-25 07:14:33	MergeVcfs	Processed     2,630,000 records.  Elapsed time: 00:00:35s.  Time for last 10,000:    0s.  Last read position: 10:129,629,438
INFO	2018-05-25 07:14:33	MergeVcfs	Processed     2,640,000 records.  Elapsed time: 00:00:35s.  Time for last 10,000:    0s.  Last read position: 10:135,097,434
INFO	2018-05-25 07:14:33	MergeVcfs	Processed     2,650,000 records.  Elapsed time: 00:00:35s.  Time for last 10,000:    0s.  Last read position: 11:4,538,785
INFO	2018-05-25 07:14:33	MergeVcfs	Processed     2,660,000 records.  Elapsed time: 00:00:35s.  Time for last 10,000:    0s.  Last read position: 11:8,919,889
INFO	2018-05-25 07:14:34	MergeVcfs	Processed     2,670,000 records.  Elapsed time: 00:00:35s.  Time for last 10,000:    0s.  Last read position: 11:15,225,295
INFO	2018-05-25 07:14:34	MergeVcfs	Processed     2,680,000 records.  Elapsed time: 00:00:35s.  Time for last 10,000:    0s.  Last read position: 11:21,173,458
INFO	2018-05-25 07:14:34	MergeVcfs	Processed     2,690,000 records.  Elapsed time: 00:00:35s.  Time for last 10,000:    0s.  Last read position: 11:25,757,952
INFO	2018-05-25 07:14:34	MergeVcfs	Processed     2,700,000 records.  Elapsed time: 00:00:35s.  Time for last 10,000:    0s.  Last read position: 11:31,905,534
INFO	2018-05-25 07:14:34	MergeVcfs	Processed     2,710,000 records.  Elapsed time: 00:00:36s.  Time for last 10,000:    0s.  Last read position: 11:37,864,444
INFO	2018-05-25 07:14:34	MergeVcfs	Processed     2,720,000 records.  Elapsed time: 00:00:36s.  Time for last 10,000:    0s.  Last read position: 11:43,557,199
INFO	2018-05-25 07:14:34	MergeVcfs	Processed     2,730,000 records.  Elapsed time: 00:00:36s.  Time for last 10,000:    0s.  Last read position: 11:50,049,986
INFO	2018-05-25 07:14:34	MergeVcfs	Processed     2,740,000 records.  Elapsed time: 00:00:36s.  Time for last 10,000:    0s.  Last read position: 11:60,273,642
INFO	2018-05-25 07:14:34	MergeVcfs	Processed     2,750,000 records.  Elapsed time: 00:00:36s.  Time for last 10,000:    0s.  Last read position: 11:68,314,980
INFO	2018-05-25 07:14:35	MergeVcfs	Processed     2,760,000 records.  Elapsed time: 00:00:36s.  Time for last 10,000:    0s.  Last read position: 11:74,861,433
INFO	2018-05-25 07:14:35	MergeVcfs	Processed     2,770,000 records.  Elapsed time: 00:00:36s.  Time for last 10,000:    0s.  Last read position: 11:82,226,690
INFO	2018-05-25 07:14:35	MergeVcfs	Processed     2,780,000 records.  Elapsed time: 00:00:36s.  Time for last 10,000:    0s.  Last read position: 11:89,733,108
INFO	2018-05-25 07:14:35	MergeVcfs	Processed     2,790,000 records.  Elapsed time: 00:00:37s.  Time for last 10,000:    0s.  Last read position: 11:96,646,038
INFO	2018-05-25 07:14:35	MergeVcfs	Processed     2,800,000 records.  Elapsed time: 00:00:37s.  Time for last 10,000:    0s.  Last read position: 11:101,518,567
INFO	2018-05-25 07:14:35	MergeVcfs	Processed     2,810,000 records.  Elapsed time: 00:00:37s.  Time for last 10,000:    0s.  Last read position: 11:107,551,685
INFO	2018-05-25 07:14:35	MergeVcfs	Processed     2,820,000 records.  Elapsed time: 00:00:37s.  Time for last 10,000:    0s.  Last read position: 11:114,767,237
INFO	2018-05-25 07:14:35	MergeVcfs	Processed     2,830,000 records.  Elapsed time: 00:00:37s.  Time for last 10,000:    0s.  Last read position: 11:121,770,113
INFO	2018-05-25 07:14:36	MergeVcfs	Processed     2,840,000 records.  Elapsed time: 00:00:37s.  Time for last 10,000:    0s.  Last read position: 11:128,443,833
INFO	2018-05-25 07:14:36	MergeVcfs	Processed     2,850,000 records.  Elapsed time: 00:00:37s.  Time for last 10,000:    0s.  Last read position: 12:238,191
INFO	2018-05-25 07:14:36	MergeVcfs	Processed     2,860,000 records.  Elapsed time: 00:00:37s.  Time for last 10,000:    0s.  Last read position: 12:6,242,259
INFO	2018-05-25 07:14:36	MergeVcfs	Processed     2,870,000 records.  Elapsed time: 00:00:37s.  Time for last 10,000:    0s.  Last read position: 12:11,393,311
INFO	2018-05-25 07:14:36	MergeVcfs	Processed     2,880,000 records.  Elapsed time: 00:00:38s.  Time for last 10,000:    0s.  Last read position: 12:17,882,991
INFO	2018-05-25 07:14:36	MergeVcfs	Processed     2,890,000 records.  Elapsed time: 00:00:38s.  Time for last 10,000:    0s.  Last read position: 12:23,638,950
INFO	2018-05-25 07:14:36	MergeVcfs	Processed     2,900,000 records.  Elapsed time: 00:00:38s.  Time for last 10,000:    0s.  Last read position: 12:29,727,945
INFO	2018-05-25 07:14:36	MergeVcfs	Processed     2,910,000 records.  Elapsed time: 00:00:38s.  Time for last 10,000:    0s.  Last read position: 12:38,268,695
INFO	2018-05-25 07:14:36	MergeVcfs	Processed     2,920,000 records.  Elapsed time: 00:00:38s.  Time for last 10,000:    0s.  Last read position: 12:45,077,993
INFO	2018-05-25 07:14:37	MergeVcfs	Processed     2,930,000 records.  Elapsed time: 00:00:38s.  Time for last 10,000:    0s.  Last read position: 12:52,452,220
INFO	2018-05-25 07:14:37	MergeVcfs	Processed     2,940,000 records.  Elapsed time: 00:00:38s.  Time for last 10,000:    0s.  Last read position: 12:58,748,846
INFO	2018-05-25 07:14:37	MergeVcfs	Processed     2,950,000 records.  Elapsed time: 00:00:38s.  Time for last 10,000:    0s.  Last read position: 12:65,225,605
INFO	2018-05-25 07:14:37	MergeVcfs	Processed     2,960,000 records.  Elapsed time: 00:00:38s.  Time for last 10,000:    0s.  Last read position: 12:72,478,234
INFO	2018-05-25 07:14:37	MergeVcfs	Processed     2,970,000 records.  Elapsed time: 00:00:39s.  Time for last 10,000:    0s.  Last read position: 12:79,046,827
INFO	2018-05-25 07:14:37	MergeVcfs	Processed     2,980,000 records.  Elapsed time: 00:00:39s.  Time for last 10,000:    0s.  Last read position: 12:86,137,866
INFO	2018-05-25 07:14:37	MergeVcfs	Processed     2,990,000 records.  Elapsed time: 00:00:39s.  Time for last 10,000:    0s.  Last read position: 12:94,445,248
INFO	2018-05-25 07:14:37	MergeVcfs	Processed     3,000,000 records.  Elapsed time: 00:00:39s.  Time for last 10,000:    0s.  Last read position: 12:101,061,164
INFO	2018-05-25 07:14:38	MergeVcfs	Processed     3,010,000 records.  Elapsed time: 00:00:39s.  Time for last 10,000:    0s.  Last read position: 12:107,673,202
INFO	2018-05-25 07:14:38	MergeVcfs	Processed     3,020,000 records.  Elapsed time: 00:00:39s.  Time for last 10,000:    0s.  Last read position: 12:115,720,293
INFO	2018-05-25 07:14:38	MergeVcfs	Processed     3,030,000 records.  Elapsed time: 00:00:39s.  Time for last 10,000:    0s.  Last read position: 12:122,212,752
INFO	2018-05-25 07:14:38	MergeVcfs	Processed     3,040,000 records.  Elapsed time: 00:00:39s.  Time for last 10,000:    0s.  Last read position: 12:128,080,261
INFO	2018-05-25 07:14:38	MergeVcfs	Processed     3,050,000 records.  Elapsed time: 00:00:39s.  Time for last 10,000:    0s.  Last read position: 12:132,268,241
INFO	2018-05-25 07:14:38	MergeVcfs	Processed     3,060,000 records.  Elapsed time: 00:00:40s.  Time for last 10,000:    0s.  Last read position: 13:22,436,821
INFO	2018-05-25 07:14:38	MergeVcfs	Processed     3,070,000 records.  Elapsed time: 00:00:40s.  Time for last 10,000:    0s.  Last read position: 13:26,699,690
INFO	2018-05-25 07:14:38	MergeVcfs	Processed     3,080,000 records.  Elapsed time: 00:00:40s.  Time for last 10,000:    0s.  Last read position: 13:32,229,620
INFO	2018-05-25 07:14:38	MergeVcfs	Processed     3,090,000 records.  Elapsed time: 00:00:40s.  Time for last 10,000:    0s.  Last read position: 13:38,620,758
INFO	2018-05-25 07:14:38	MergeVcfs	Processed     3,100,000 records.  Elapsed time: 00:00:40s.  Time for last 10,000:    0s.  Last read position: 13:44,557,128
INFO	2018-05-25 07:14:39	MergeVcfs	Processed     3,110,000 records.  Elapsed time: 00:00:40s.  Time for last 10,000:    0s.  Last read position: 13:51,457,287
INFO	2018-05-25 07:14:39	MergeVcfs	Processed     3,120,000 records.  Elapsed time: 00:00:40s.  Time for last 10,000:    0s.  Last read position: 13:58,610,832
INFO	2018-05-25 07:14:39	MergeVcfs	Processed     3,130,000 records.  Elapsed time: 00:00:40s.  Time for last 10,000:    0s.  Last read position: 13:65,625,897
INFO	2018-05-25 07:14:39	MergeVcfs	Processed     3,140,000 records.  Elapsed time: 00:00:40s.  Time for last 10,000:    0s.  Last read position: 13:72,391,572
INFO	2018-05-25 07:14:39	MergeVcfs	Processed     3,150,000 records.  Elapsed time: 00:00:40s.  Time for last 10,000:    0s.  Last read position: 13:78,694,840
INFO	2018-05-25 07:14:39	MergeVcfs	Processed     3,160,000 records.  Elapsed time: 00:00:41s.  Time for last 10,000:    0s.  Last read position: 13:85,064,665
INFO	2018-05-25 07:14:39	MergeVcfs	Processed     3,170,000 records.  Elapsed time: 00:00:41s.  Time for last 10,000:    0s.  Last read position: 13:90,932,004
INFO	2018-05-25 07:14:39	MergeVcfs	Processed     3,180,000 records.  Elapsed time: 00:00:41s.  Time for last 10,000:    0s.  Last read position: 13:96,733,047
INFO	2018-05-25 07:14:39	MergeVcfs	Processed     3,190,000 records.  Elapsed time: 00:00:41s.  Time for last 10,000:    0s.  Last read position: 13:102,961,123
INFO	2018-05-25 07:14:39	MergeVcfs	Processed     3,200,000 records.  Elapsed time: 00:00:41s.  Time for last 10,000:    0s.  Last read position: 13:108,545,648
INFO	2018-05-25 07:14:40	MergeVcfs	Processed     3,210,000 records.  Elapsed time: 00:00:41s.  Time for last 10,000:    0s.  Last read position: 13:113,905,812
INFO	2018-05-25 07:14:40	MergeVcfs	Processed     3,220,000 records.  Elapsed time: 00:00:41s.  Time for last 10,000:    0s.  Last read position: 14:24,150,046
INFO	2018-05-25 07:14:40	MergeVcfs	Processed     3,230,000 records.  Elapsed time: 00:00:41s.  Time for last 10,000:    0s.  Last read position: 14:31,138,219
INFO	2018-05-25 07:14:40	MergeVcfs	Processed     3,240,000 records.  Elapsed time: 00:00:41s.  Time for last 10,000:    0s.  Last read position: 14:37,124,770
INFO	2018-05-25 07:14:40	MergeVcfs	Processed     3,250,000 records.  Elapsed time: 00:00:41s.  Time for last 10,000:    0s.  Last read position: 14:42,799,172
INFO	2018-05-25 07:14:40	MergeVcfs	Processed     3,260,000 records.  Elapsed time: 00:00:42s.  Time for last 10,000:    0s.  Last read position: 14:48,733,614
INFO	2018-05-25 07:14:40	MergeVcfs	Processed     3,270,000 records.  Elapsed time: 00:00:42s.  Time for last 10,000:    0s.  Last read position: 14:55,019,180
INFO	2018-05-25 07:14:40	MergeVcfs	Processed     3,280,000 records.  Elapsed time: 00:00:42s.  Time for last 10,000:    0s.  Last read position: 14:61,692,913
INFO	2018-05-25 07:14:40	MergeVcfs	Processed     3,290,000 records.  Elapsed time: 00:00:42s.  Time for last 10,000:    0s.  Last read position: 14:68,801,740
INFO	2018-05-25 07:14:40	MergeVcfs	Processed     3,300,000 records.  Elapsed time: 00:00:42s.  Time for last 10,000:    0s.  Last read position: 14:76,025,603
INFO	2018-05-25 07:14:41	MergeVcfs	Processed     3,310,000 records.  Elapsed time: 00:00:42s.  Time for last 10,000:    0s.  Last read position: 14:83,420,745
INFO	2018-05-25 07:14:41	MergeVcfs	Processed     3,320,000 records.  Elapsed time: 00:00:42s.  Time for last 10,000:    0s.  Last read position: 14:89,781,709
INFO	2018-05-25 07:14:41	MergeVcfs	Processed     3,330,000 records.  Elapsed time: 00:00:42s.  Time for last 10,000:    0s.  Last read position: 14:95,783,977
INFO	2018-05-25 07:14:41	MergeVcfs	Processed     3,340,000 records.  Elapsed time: 00:00:42s.  Time for last 10,000:    0s.  Last read position: 14:102,590,527
INFO	2018-05-25 07:14:41	MergeVcfs	Processed     3,350,000 records.  Elapsed time: 00:00:43s.  Time for last 10,000:    0s.  Last read position: 15:20,143,868
INFO	2018-05-25 07:14:41	MergeVcfs	Processed     3,360,000 records.  Elapsed time: 00:00:43s.  Time for last 10,000:    0s.  Last read position: 15:26,783,607
INFO	2018-05-25 07:14:41	MergeVcfs	Processed     3,370,000 records.  Elapsed time: 00:00:43s.  Time for last 10,000:    0s.  Last read position: 15:34,138,105
INFO	2018-05-25 07:14:41	MergeVcfs	Processed     3,380,000 records.  Elapsed time: 00:00:43s.  Time for last 10,000:    0s.  Last read position: 15:40,982,547
INFO	2018-05-25 07:14:41	MergeVcfs	Processed     3,390,000 records.  Elapsed time: 00:00:43s.  Time for last 10,000:    0s.  Last read position: 15:49,583,750
INFO	2018-05-25 07:14:42	MergeVcfs	Processed     3,400,000 records.  Elapsed time: 00:00:43s.  Time for last 10,000:    0s.  Last read position: 15:55,688,352
INFO	2018-05-25 07:14:42	MergeVcfs	Processed     3,410,000 records.  Elapsed time: 00:00:43s.  Time for last 10,000:    0s.  Last read position: 15:61,359,355
INFO	2018-05-25 07:14:42	MergeVcfs	Processed     3,420,000 records.  Elapsed time: 00:00:43s.  Time for last 10,000:    0s.  Last read position: 15:67,963,058
INFO	2018-05-25 07:14:42	MergeVcfs	Processed     3,430,000 records.  Elapsed time: 00:00:43s.  Time for last 10,000:    0s.  Last read position: 15:74,925,422
INFO	2018-05-25 07:14:42	MergeVcfs	Processed     3,440,000 records.  Elapsed time: 00:00:43s.  Time for last 10,000:    0s.  Last read position: 15:82,247,748
INFO	2018-05-25 07:14:42	MergeVcfs	Processed     3,450,000 records.  Elapsed time: 00:00:44s.  Time for last 10,000:    0s.  Last read position: 15:90,266,425
INFO	2018-05-25 07:14:42	MergeVcfs	Processed     3,460,000 records.  Elapsed time: 00:00:44s.  Time for last 10,000:    0s.  Last read position: 15:95,433,103
INFO	2018-05-25 07:14:42	MergeVcfs	Processed     3,470,000 records.  Elapsed time: 00:00:44s.  Time for last 10,000:    0s.  Last read position: 15:100,854,573
INFO	2018-05-25 07:14:42	MergeVcfs	Processed     3,480,000 records.  Elapsed time: 00:00:44s.  Time for last 10,000:    0s.  Last read position: 16:4,169,108
INFO	2018-05-25 07:14:42	MergeVcfs	Processed     3,490,000 records.  Elapsed time: 00:00:44s.  Time for last 10,000:    0s.  Last read position: 16:7,760,166
INFO	2018-05-25 07:14:43	MergeVcfs	Processed     3,500,000 records.  Elapsed time: 00:00:44s.  Time for last 10,000:    0s.  Last read position: 16:11,817,107
INFO	2018-05-25 07:14:43	MergeVcfs	Processed     3,510,000 records.  Elapsed time: 00:00:44s.  Time for last 10,000:    0s.  Last read position: 16:19,070,442
INFO	2018-05-25 07:14:43	MergeVcfs	Processed     3,520,000 records.  Elapsed time: 00:00:44s.  Time for last 10,000:    0s.  Last read position: 16:26,954,867
INFO	2018-05-25 07:14:43	MergeVcfs	Processed     3,530,000 records.  Elapsed time: 00:00:44s.  Time for last 10,000:    0s.  Last read position: 16:49,876,872
INFO	2018-05-25 07:14:43	MergeVcfs	Processed     3,540,000 records.  Elapsed time: 00:00:44s.  Time for last 10,000:    0s.  Last read position: 16:56,419,419
INFO	2018-05-25 07:14:43	MergeVcfs	Processed     3,550,000 records.  Elapsed time: 00:00:45s.  Time for last 10,000:    0s.  Last read position: 16:63,015,849
INFO	2018-05-25 07:14:43	MergeVcfs	Processed     3,560,000 records.  Elapsed time: 00:00:45s.  Time for last 10,000:    0s.  Last read position: 16:72,815,720
INFO	2018-05-25 07:14:43	MergeVcfs	Processed     3,570,000 records.  Elapsed time: 00:00:45s.  Time for last 10,000:    0s.  Last read position: 16:78,099,653
INFO	2018-05-25 07:14:43	MergeVcfs	Processed     3,580,000 records.  Elapsed time: 00:00:45s.  Time for last 10,000:    0s.  Last read position: 16:82,202,137
INFO	2018-05-25 07:14:43	MergeVcfs	Processed     3,590,000 records.  Elapsed time: 00:00:45s.  Time for last 10,000:    0s.  Last read position: 16:86,115,309
INFO	2018-05-25 07:14:44	MergeVcfs	Processed     3,600,000 records.  Elapsed time: 00:00:45s.  Time for last 10,000:    0s.  Last read position: 17:802,359
INFO	2018-05-25 07:14:44	MergeVcfs	Processed     3,610,000 records.  Elapsed time: 00:00:45s.  Time for last 10,000:    0s.  Last read position: 17:6,146,406
INFO	2018-05-25 07:14:44	MergeVcfs	Processed     3,620,000 records.  Elapsed time: 00:00:45s.  Time for last 10,000:    0s.  Last read position: 17:12,376,811
INFO	2018-05-25 07:14:44	MergeVcfs	Processed     3,630,000 records.  Elapsed time: 00:00:45s.  Time for last 10,000:    0s.  Last read position: 17:18,167,505
INFO	2018-05-25 07:14:44	MergeVcfs	Processed     3,640,000 records.  Elapsed time: 00:00:45s.  Time for last 10,000:    0s.  Last read position: 17:31,320,658
INFO	2018-05-25 07:14:44	MergeVcfs	Processed     3,650,000 records.  Elapsed time: 00:00:46s.  Time for last 10,000:    0s.  Last read position: 17:39,409,271
INFO	2018-05-25 07:14:44	MergeVcfs	Processed     3,660,000 records.  Elapsed time: 00:00:46s.  Time for last 10,000:    0s.  Last read position: 17:48,010,493
INFO	2018-05-25 07:14:44	MergeVcfs	Processed     3,670,000 records.  Elapsed time: 00:00:46s.  Time for last 10,000:    0s.  Last read position: 17:55,961,772
INFO	2018-05-25 07:14:44	MergeVcfs	Processed     3,680,000 records.  Elapsed time: 00:00:46s.  Time for last 10,000:    0s.  Last read position: 17:65,575,647
INFO	2018-05-25 07:14:44	MergeVcfs	Processed     3,690,000 records.  Elapsed time: 00:00:46s.  Time for last 10,000:    0s.  Last read position: 17:72,361,160
INFO	2018-05-25 07:14:45	MergeVcfs	Processed     3,700,000 records.  Elapsed time: 00:00:46s.  Time for last 10,000:    0s.  Last read position: 17:77,830,767
INFO	2018-05-25 07:14:45	MergeVcfs	Processed     3,710,000 records.  Elapsed time: 00:00:46s.  Time for last 10,000:    0s.  Last read position: 18:1,925,033
INFO	2018-05-25 07:14:45	MergeVcfs	Processed     3,720,000 records.  Elapsed time: 00:00:46s.  Time for last 10,000:    0s.  Last read position: 18:7,192,047
INFO	2018-05-25 07:14:45	MergeVcfs	Processed     3,730,000 records.  Elapsed time: 00:00:46s.  Time for last 10,000:    0s.  Last read position: 18:12,386,021
INFO	2018-05-25 07:14:45	MergeVcfs	Processed     3,740,000 records.  Elapsed time: 00:00:46s.  Time for last 10,000:    0s.  Last read position: 18:22,513,463
INFO	2018-05-25 07:14:45	MergeVcfs	Processed     3,750,000 records.  Elapsed time: 00:00:47s.  Time for last 10,000:    0s.  Last read position: 18:30,166,182
INFO	2018-05-25 07:14:45	MergeVcfs	Processed     3,760,000 records.  Elapsed time: 00:00:47s.  Time for last 10,000:    0s.  Last read position: 18:38,585,710
INFO	2018-05-25 07:14:45	MergeVcfs	Processed     3,770,000 records.  Elapsed time: 00:00:47s.  Time for last 10,000:    0s.  Last read position: 18:45,883,580
INFO	2018-05-25 07:14:45	MergeVcfs	Processed     3,780,000 records.  Elapsed time: 00:00:47s.  Time for last 10,000:    0s.  Last read position: 18:51,906,766
INFO	2018-05-25 07:14:45	MergeVcfs	Processed     3,790,000 records.  Elapsed time: 00:00:47s.  Time for last 10,000:    0s.  Last read position: 18:59,148,257
INFO	2018-05-25 07:14:46	MergeVcfs	Processed     3,800,000 records.  Elapsed time: 00:00:47s.  Time for last 10,000:    0s.  Last read position: 18:65,031,862
INFO	2018-05-25 07:14:46	MergeVcfs	Processed     3,810,000 records.  Elapsed time: 00:00:47s.  Time for last 10,000:    0s.  Last read position: 18:70,069,003
INFO	2018-05-25 07:14:46	MergeVcfs	Processed     3,820,000 records.  Elapsed time: 00:00:47s.  Time for last 10,000:    0s.  Last read position: 18:75,207,369
INFO	2018-05-25 07:14:46	MergeVcfs	Processed     3,830,000 records.  Elapsed time: 00:00:47s.  Time for last 10,000:    0s.  Last read position: 19:2,389,958
INFO	2018-05-25 07:14:46	MergeVcfs	Processed     3,840,000 records.  Elapsed time: 00:00:47s.  Time for last 10,000:    0s.  Last read position: 19:7,532,577
INFO	2018-05-25 07:14:46	MergeVcfs	Processed     3,850,000 records.  Elapsed time: 00:00:48s.  Time for last 10,000:    0s.  Last read position: 19:14,547,211
INFO	2018-05-25 07:14:46	MergeVcfs	Processed     3,860,000 records.  Elapsed time: 00:00:48s.  Time for last 10,000:    0s.  Last read position: 19:20,604,902
INFO	2018-05-25 07:14:46	MergeVcfs	Processed     3,870,000 records.  Elapsed time: 00:00:48s.  Time for last 10,000:    0s.  Last read position: 19:28,565,718
INFO	2018-05-25 07:14:46	MergeVcfs	Processed     3,880,000 records.  Elapsed time: 00:00:48s.  Time for last 10,000:    0s.  Last read position: 19:34,830,707
INFO	2018-05-25 07:14:46	MergeVcfs	Processed     3,890,000 records.  Elapsed time: 00:00:48s.  Time for last 10,000:    0s.  Last read position: 19:42,317,872
INFO	2018-05-25 07:14:47	MergeVcfs	Processed     3,900,000 records.  Elapsed time: 00:00:48s.  Time for last 10,000:    0s.  Last read position: 19:48,915,605
INFO	2018-05-25 07:14:47	MergeVcfs	Processed     3,910,000 records.  Elapsed time: 00:00:48s.  Time for last 10,000:    0s.  Last read position: 19:53,952,695
INFO	2018-05-25 07:14:47	MergeVcfs	Processed     3,920,000 records.  Elapsed time: 00:00:48s.  Time for last 10,000:    0s.  Last read position: 20:442,323
INFO	2018-05-25 07:14:47	MergeVcfs	Processed     3,930,000 records.  Elapsed time: 00:00:48s.  Time for last 10,000:    0s.  Last read position: 20:6,329,093
INFO	2018-05-25 07:14:47	MergeVcfs	Processed     3,940,000 records.  Elapsed time: 00:00:48s.  Time for last 10,000:    0s.  Last read position: 20:12,824,627
INFO	2018-05-25 07:14:47	MergeVcfs	Processed     3,950,000 records.  Elapsed time: 00:00:49s.  Time for last 10,000:    0s.  Last read position: 20:19,509,918
INFO	2018-05-25 07:14:47	MergeVcfs	Processed     3,960,000 records.  Elapsed time: 00:00:49s.  Time for last 10,000:    0s.  Last read position: 20:29,991,219
INFO	2018-05-25 07:14:47	MergeVcfs	Processed     3,970,000 records.  Elapsed time: 00:00:49s.  Time for last 10,000:    0s.  Last read position: 20:39,702,623
INFO	2018-05-25 07:14:47	MergeVcfs	Processed     3,980,000 records.  Elapsed time: 00:00:49s.  Time for last 10,000:    0s.  Last read position: 20:46,762,646
INFO	2018-05-25 07:14:47	MergeVcfs	Processed     3,990,000 records.  Elapsed time: 00:00:49s.  Time for last 10,000:    0s.  Last read position: 20:53,410,994
INFO	2018-05-25 07:14:48	MergeVcfs	Processed     4,000,000 records.  Elapsed time: 00:00:49s.  Time for last 10,000:    0s.  Last read position: 20:59,829,847
INFO	2018-05-25 07:14:48	MergeVcfs	Processed     4,010,000 records.  Elapsed time: 00:00:49s.  Time for last 10,000:    0s.  Last read position: 21:15,534,637
INFO	2018-05-25 07:14:48	MergeVcfs	Processed     4,020,000 records.  Elapsed time: 00:00:49s.  Time for last 10,000:    0s.  Last read position: 21:20,717,347
INFO	2018-05-25 07:14:48	MergeVcfs	Processed     4,030,000 records.  Elapsed time: 00:00:49s.  Time for last 10,000:    0s.  Last read position: 21:25,514,146
INFO	2018-05-25 07:14:48	MergeVcfs	Processed     4,040,000 records.  Elapsed time: 00:00:49s.  Time for last 10,000:    0s.  Last read position: 21:31,084,094
INFO	2018-05-25 07:14:48	MergeVcfs	Processed     4,050,000 records.  Elapsed time: 00:00:50s.  Time for last 10,000:    0s.  Last read position: 21:37,881,540
INFO	2018-05-25 07:14:48	MergeVcfs	Processed     4,060,000 records.  Elapsed time: 00:00:50s.  Time for last 10,000:    0s.  Last read position: 21:43,133,247
INFO	2018-05-25 07:14:48	MergeVcfs	Processed     4,070,000 records.  Elapsed time: 00:00:50s.  Time for last 10,000:    0s.  Last read position: 22:17,003,695
INFO	2018-05-25 07:14:48	MergeVcfs	Processed     4,080,000 records.  Elapsed time: 00:00:50s.  Time for last 10,000:    0s.  Last read position: 22:23,100,539
INFO	2018-05-25 07:14:48	MergeVcfs	Processed     4,090,000 records.  Elapsed time: 00:00:50s.  Time for last 10,000:    0s.  Last read position: 22:29,809,901
INFO	2018-05-25 07:14:48	MergeVcfs	Processed     4,100,000 records.  Elapsed time: 00:00:50s.  Time for last 10,000:    0s.  Last read position: 22:37,409,319
INFO	2018-05-25 07:14:49	MergeVcfs	Processed     4,110,000 records.  Elapsed time: 00:00:50s.  Time for last 10,000:    0s.  Last read position: 22:44,389,392
INFO	2018-05-25 07:14:49	MergeVcfs	Processed     4,120,000 records.  Elapsed time: 00:00:50s.  Time for last 10,000:    0s.  Last read position: 22:49,276,955
INFO	2018-05-25 07:14:49	MergeVcfs	Processed     4,130,000 records.  Elapsed time: 00:00:50s.  Time for last 10,000:    0s.  Last read position: X:1,833,036
INFO	2018-05-25 07:14:49	MergeVcfs	Processed     4,140,000 records.  Elapsed time: 00:00:50s.  Time for last 10,000:    0s.  Last read position: X:12,141,542
INFO	2018-05-25 07:14:49	MergeVcfs	Processed     4,150,000 records.  Elapsed time: 00:00:51s.  Time for last 10,000:    0s.  Last read position: X:30,639,210
INFO	2018-05-25 07:14:49	MergeVcfs	Processed     4,160,000 records.  Elapsed time: 00:00:51s.  Time for last 10,000:    0s.  Last read position: X:49,591,822
INFO	2018-05-25 07:14:49	MergeVcfs	Processed     4,170,000 records.  Elapsed time: 00:00:51s.  Time for last 10,000:    0s.  Last read position: X:72,696,021
INFO	2018-05-25 07:14:49	MergeVcfs	Processed     4,180,000 records.  Elapsed time: 00:00:51s.  Time for last 10,000:    0s.  Last read position: X:86,369,412
INFO	2018-05-25 07:14:49	MergeVcfs	Processed     4,190,000 records.  Elapsed time: 00:00:51s.  Time for last 10,000:    0s.  Last read position: X:97,555,341
INFO	2018-05-25 07:14:49	MergeVcfs	Processed     4,200,000 records.  Elapsed time: 00:00:51s.  Time for last 10,000:    0s.  Last read position: X:115,926,510
INFO	2018-05-25 07:14:50	MergeVcfs	Processed     4,210,000 records.  Elapsed time: 00:00:51s.  Time for last 10,000:    0s.  Last read position: X:128,862,365
INFO	2018-05-25 07:14:50	MergeVcfs	Processed     4,220,000 records.  Elapsed time: 00:00:51s.  Time for last 10,000:    0s.  Last read position: X:144,608,528
[Fri May 25 07:14:50 UTC 2018] picard.vcf.MergeVcfs done. Elapsed time: 0.87 minutes.
Runtime.totalMemory()=373817344

Completed merging DDR positive individual genotype VCF files from 1000 Genome Project
Fri 25 May 07:14:50 UTC 2018

Completed s01_select_HG02122_ddr_positive_kgen.sh
Fri 25 May 07:14:50 UTC 2018

