Starting s01_batch_analysis_ddr_positive_kgen.sh
Thu 24 May 18:16:00 UTC 2018

Starting s01_select_NA19043_ddr_positive_kgen.sh
Thu 24 May 18:16:00 UTC 2018

Completed s01_select_NA19043_ddr_positive_kgen.sh
Fri 25 May 00:46:31 UTC 2018

Starting s01_select_HG02122_ddr_positive_kgen.sh
Fri 25 May 00:46:31 UTC 2018

Completed s01_select_HG02122_ddr_positive_kgen.sh
Fri 25 May 07:14:50 UTC 2018

Starting s01_select_HG00310_ddr_positive_kgen.sh
Fri 25 May 07:14:50 UTC 2018

Completed s01_select_HG00310_ddr_positive_kgen.sh
Fri 25 May 13:41:17 UTC 2018

Starting s01_select_HG00365_ddr_positive_kgen.sh
Fri 25 May 13:41:17 UTC 2018

Completed s01_select_HG00365_ddr_positive_kgen.sh
Fri 25 May 20:09:04 UTC 2018

Starting s01_select_HG02623_ddr_positive_kgen.sh
Fri 25 May 20:09:04 UTC 2018

Completed s01_select_HG02623_ddr_positive_kgen.sh
Sat 26 May 02:37:01 UTC 2018

Starting s01_select_NA29834_ddr_positive_kgen.sh
Sat 26 May 02:37:01 UTC 2018

Completed s01_select_NA19834_ddr_positive_kgen.sh
Sat 26 May 09:11:00 UTC 2018

Starting s01_select_HG02121_ddr_positive_kgen.sh
Sat 26 May 09:11:00 UTC 2018

Completed s01_select_HG02121_ddr_positive_kgen.sh
Sat 26 May 15:39:52 UTC 2018

Completed s01_batch_analysis_ddr_positive_kgen.sh
Sat 26 May 15:39:52 UTC 2018

