Starting s01_sort_merge_NA19043_ddr_positive_kgen.sh
Sun 27 May 10:24:08 UTC 2018


Sorting individual genotype VCF file (chromosome 7) from 1000 Genome Project
Sun 27 May 10:24:08 UTC 2018
10:24:09.372 INFO  NativeLibraryLoader - Loading libgkl_compression.so from jar:file:/home/ec2-user/tools/picard/picard.jar!/com/intel/gkl/native/libgkl_compression.so
[Sun May 27 10:24:09 UTC 2018] SortVcf INPUT=[/home/ec2-user/results/data_analysis/gt_individuals/kgen/ddr_positive/NA19043/s01_NA19043_ddr_positive_kgen_chr7_raw.vcf] OUTPUT=/home/ec2-user/results/data_analysis/gt_individuals/kgen/ddr_positive/NA19043/s01_NA19043_ddr_positive_kgen_chr7_raw_sorted.vcf    VERBOSITY=INFO QUIET=false VALIDATION_STRINGENCY=STRICT COMPRESSION_LEVEL=5 MAX_RECORDS_IN_RAM=500000 CREATE_INDEX=true CREATE_MD5_FILE=false GA4GH_CLIENT_SECRETS=client_secrets.json USE_JDK_DEFLATER=false USE_JDK_INFLATER=false
[Sun May 27 10:24:09 UTC 2018] Executing as ec2-user@ip-172-31-36-234 on Linux 4.14.33-51.37.amzn1.x86_64 amd64; OpenJDK 64-Bit Server VM 1.8.0_171-b10; Deflater: Intel; Inflater: Intel; Provider GCS is not available; Picard version: 2.18.2-SNAPSHOT
INFO	2018-05-27 10:24:09	SortVcf	Reading entries from input file 1
INFO	2018-05-27 10:24:10	SortVcf	read        25,000 records.  Elapsed time: 00:00:01s.  Time for last 25,000:    1s.  Last read position: 7:9,601,537
INFO	2018-05-27 10:24:12	SortVcf	read        50,000 records.  Elapsed time: 00:00:02s.  Time for last 25,000:    1s.  Last read position: 7:20,515,755
INFO	2018-05-27 10:24:13	SortVcf	read        75,000 records.  Elapsed time: 00:00:03s.  Time for last 25,000:    0s.  Last read position: 7:33,510,259
INFO	2018-05-27 10:24:14	SortVcf	read       100,000 records.  Elapsed time: 00:00:04s.  Time for last 25,000:    1s.  Last read position: 7:48,021,229
INFO	2018-05-27 10:24:15	SortVcf	read       125,000 records.  Elapsed time: 00:00:05s.  Time for last 25,000:    1s.  Last read position: 7:63,334,137
INFO	2018-05-27 10:24:18	SortVcf	read       150,000 records.  Elapsed time: 00:00:08s.  Time for last 25,000:    2s.  Last read position: 7:77,195,495
INFO	2018-05-27 10:24:19	SortVcf	read       175,000 records.  Elapsed time: 00:00:09s.  Time for last 25,000:    1s.  Last read position: 7:90,634,017
INFO	2018-05-27 10:24:19	SortVcf	read       200,000 records.  Elapsed time: 00:00:10s.  Time for last 25,000:    0s.  Last read position: 7:106,495,068
INFO	2018-05-27 10:24:21	SortVcf	read       225,000 records.  Elapsed time: 00:00:11s.  Time for last 25,000:    1s.  Last read position: 7:124,570,788
INFO	2018-05-27 10:24:22	SortVcf	read       250,000 records.  Elapsed time: 00:00:12s.  Time for last 25,000:    1s.  Last read position: 7:138,644,343
INFO	2018-05-27 10:24:26	SortVcf	read       275,000 records.  Elapsed time: 00:00:16s.  Time for last 25,000:    4s.  Last read position: 7:151,308,234
INFO	2018-05-27 10:24:28	SortVcf	wrote        25,000 records.  Elapsed time: 00:00:01s.  Time for last 25,000:    1s.  Last read position: 7:9,601,537
INFO	2018-05-27 10:24:28	SortVcf	wrote        50,000 records.  Elapsed time: 00:00:01s.  Time for last 25,000:    0s.  Last read position: 7:20,515,755
INFO	2018-05-27 10:24:31	SortVcf	wrote        75,000 records.  Elapsed time: 00:00:04s.  Time for last 25,000:    2s.  Last read position: 7:33,510,259
INFO	2018-05-27 10:24:31	SortVcf	wrote       100,000 records.  Elapsed time: 00:00:04s.  Time for last 25,000:    0s.  Last read position: 7:48,021,229
INFO	2018-05-27 10:24:31	SortVcf	wrote       125,000 records.  Elapsed time: 00:00:05s.  Time for last 25,000:    0s.  Last read position: 7:63,334,137
INFO	2018-05-27 10:24:32	SortVcf	wrote       150,000 records.  Elapsed time: 00:00:05s.  Time for last 25,000:    0s.  Last read position: 7:77,195,495
INFO	2018-05-27 10:24:32	SortVcf	wrote       175,000 records.  Elapsed time: 00:00:05s.  Time for last 25,000:    0s.  Last read position: 7:90,634,017
INFO	2018-05-27 10:24:33	SortVcf	wrote       200,000 records.  Elapsed time: 00:00:06s.  Time for last 25,000:    0s.  Last read position: 7:106,495,068
INFO	2018-05-27 10:24:33	SortVcf	wrote       225,000 records.  Elapsed time: 00:00:06s.  Time for last 25,000:    0s.  Last read position: 7:124,570,788
INFO	2018-05-27 10:24:33	SortVcf	wrote       250,000 records.  Elapsed time: 00:00:07s.  Time for last 25,000:    0s.  Last read position: 7:138,644,343
INFO	2018-05-27 10:24:34	SortVcf	wrote       275,000 records.  Elapsed time: 00:00:07s.  Time for last 25,000:    0s.  Last read position: 7:151,308,234
[Sun May 27 10:24:34 UTC 2018] picard.vcf.SortVcf done. Elapsed time: 0.42 minutes.
Runtime.totalMemory()=1308098560

Merging DDR control individual genotype VCF files (including sorted chromosome 7) from 1000 Genome Project
Sun 27 May 10:24:34 UTC 2018
10:24:35.119 INFO  NativeLibraryLoader - Loading libgkl_compression.so from jar:file:/home/ec2-user/tools/picard/picard.jar!/com/intel/gkl/native/libgkl_compression.so
[Sun May 27 10:24:35 UTC 2018] MergeVcfs INPUT=[/home/ec2-user/results/data_analysis/gt_individuals/kgen/ddr_positive/NA19043/s01_NA19043_ddr_positive_kgen_chr1_raw.vcf, /home/ec2-user/results/data_analysis/gt_individuals/kgen/ddr_positive/NA19043/s01_NA19043_ddr_positive_kgen_chr2_raw.vcf, /home/ec2-user/results/data_analysis/gt_individuals/kgen/ddr_positive/NA19043/s01_NA19043_ddr_positive_kgen_chr3_raw.vcf, /home/ec2-user/results/data_analysis/gt_individuals/kgen/ddr_positive/NA19043/s01_NA19043_ddr_positive_kgen_chr4_raw.vcf, /home/ec2-user/results/data_analysis/gt_individuals/kgen/ddr_positive/NA19043/s01_NA19043_ddr_positive_kgen_chr5_raw.vcf, /home/ec2-user/results/data_analysis/gt_individuals/kgen/ddr_positive/NA19043/s01_NA19043_ddr_positive_kgen_chr6_raw.vcf, /home/ec2-user/results/data_analysis/gt_individuals/kgen/ddr_positive/NA19043/s01_NA19043_ddr_positive_kgen_chr7_raw_sorted.vcf, /home/ec2-user/results/data_analysis/gt_individuals/kgen/ddr_positive/NA19043/s01_NA19043_ddr_positive_kgen_chr8_raw.vcf, /home/ec2-user/results/data_analysis/gt_individuals/kgen/ddr_positive/NA19043/s01_NA19043_ddr_positive_kgen_chr9_raw.vcf, /home/ec2-user/results/data_analysis/gt_individuals/kgen/ddr_positive/NA19043/s01_NA19043_ddr_positive_kgen_chr10_raw.vcf, /home/ec2-user/results/data_analysis/gt_individuals/kgen/ddr_positive/NA19043/s01_NA19043_ddr_positive_kgen_chr11_raw.vcf, /home/ec2-user/results/data_analysis/gt_individuals/kgen/ddr_positive/NA19043/s01_NA19043_ddr_positive_kgen_chr12_raw.vcf, /home/ec2-user/results/data_analysis/gt_individuals/kgen/ddr_positive/NA19043/s01_NA19043_ddr_positive_kgen_chr13_raw.vcf, /home/ec2-user/results/data_analysis/gt_individuals/kgen/ddr_positive/NA19043/s01_NA19043_ddr_positive_kgen_chr14_raw.vcf, /home/ec2-user/results/data_analysis/gt_individuals/kgen/ddr_positive/NA19043/s01_NA19043_ddr_positive_kgen_chr15_raw.vcf, /home/ec2-user/results/data_analysis/gt_individuals/kgen/ddr_positive/NA19043/s01_NA19043_ddr_positive_kgen_chr16_raw.vcf, /home/ec2-user/results/data_analysis/gt_individuals/kgen/ddr_positive/NA19043/s01_NA19043_ddr_positive_kgen_chr17_raw.vcf, /home/ec2-user/results/data_analysis/gt_individuals/kgen/ddr_positive/NA19043/s01_NA19043_ddr_positive_kgen_chr18_raw.vcf, /home/ec2-user/results/data_analysis/gt_individuals/kgen/ddr_positive/NA19043/s01_NA19043_ddr_positive_kgen_chr19_raw.vcf, /home/ec2-user/results/data_analysis/gt_individuals/kgen/ddr_positive/NA19043/s01_NA19043_ddr_positive_kgen_chr20_raw.vcf, /home/ec2-user/results/data_analysis/gt_individuals/kgen/ddr_positive/NA19043/s01_NA19043_ddr_positive_kgen_chr21_raw.vcf, /home/ec2-user/results/data_analysis/gt_individuals/kgen/ddr_positive/NA19043/s01_NA19043_ddr_positive_kgen_chr22_raw.vcf, /home/ec2-user/results/data_analysis/gt_individuals/kgen/ddr_positive/NA19043/s01_NA19043_ddr_positive_kgen_chrX_raw.vcf] OUTPUT=/home/ec2-user/results/data_analysis/gt_individuals/kgen/ddr_positive/NA19043/s01_NA19043_ddr_positive_kgen_merged_raw.vcf.gz    VERBOSITY=INFO QUIET=false VALIDATION_STRINGENCY=STRICT COMPRESSION_LEVEL=5 MAX_RECORDS_IN_RAM=500000 CREATE_INDEX=true CREATE_MD5_FILE=false GA4GH_CLIENT_SECRETS=client_secrets.json USE_JDK_DEFLATER=false USE_JDK_INFLATER=false
[Sun May 27 10:24:35 UTC 2018] Executing as ec2-user@ip-172-31-36-234 on Linux 4.14.33-51.37.amzn1.x86_64 amd64; OpenJDK 64-Bit Server VM 1.8.0_171-b10; Deflater: Intel; Inflater: Intel; Provider GCS is not available; Picard version: 2.18.2-SNAPSHOT
INFO	2018-05-27 10:24:39	MergeVcfs	Processed        10,000 records.  Elapsed time: 00:00:03s.  Time for last 10,000:    0s.  Last read position: 1:5,213,647
INFO	2018-05-27 10:24:39	MergeVcfs	Processed        20,000 records.  Elapsed time: 00:00:04s.  Time for last 10,000:    0s.  Last read position: 1:10,495,773
INFO	2018-05-27 10:24:39	MergeVcfs	Processed        30,000 records.  Elapsed time: 00:00:04s.  Time for last 10,000:    0s.  Last read position: 1:16,379,823
INFO	2018-05-27 10:24:40	MergeVcfs	Processed        40,000 records.  Elapsed time: 00:00:05s.  Time for last 10,000:    0s.  Last read position: 1:21,541,734
INFO	2018-05-27 10:24:40	MergeVcfs	Processed        50,000 records.  Elapsed time: 00:00:05s.  Time for last 10,000:    0s.  Last read position: 1:27,872,839
INFO	2018-05-27 10:24:41	MergeVcfs	Processed        60,000 records.  Elapsed time: 00:00:05s.  Time for last 10,000:    0s.  Last read position: 1:34,505,400
INFO	2018-05-27 10:24:41	MergeVcfs	Processed        70,000 records.  Elapsed time: 00:00:06s.  Time for last 10,000:    0s.  Last read position: 1:41,785,005
INFO	2018-05-27 10:24:41	MergeVcfs	Processed        80,000 records.  Elapsed time: 00:00:06s.  Time for last 10,000:    0s.  Last read position: 1:48,485,047
INFO	2018-05-27 10:24:42	MergeVcfs	Processed        90,000 records.  Elapsed time: 00:00:07s.  Time for last 10,000:    0s.  Last read position: 1:55,494,682
INFO	2018-05-27 10:24:43	MergeVcfs	Processed       100,000 records.  Elapsed time: 00:00:08s.  Time for last 10,000:    1s.  Last read position: 1:61,922,046
INFO	2018-05-27 10:24:44	MergeVcfs	Processed       110,000 records.  Elapsed time: 00:00:09s.  Time for last 10,000:    0s.  Last read position: 1:67,101,497
INFO	2018-05-27 10:24:44	MergeVcfs	Processed       120,000 records.  Elapsed time: 00:00:09s.  Time for last 10,000:    0s.  Last read position: 1:73,336,312
INFO	2018-05-27 10:24:45	MergeVcfs	Processed       130,000 records.  Elapsed time: 00:00:09s.  Time for last 10,000:    0s.  Last read position: 1:79,330,958
INFO	2018-05-27 10:24:45	MergeVcfs	Processed       140,000 records.  Elapsed time: 00:00:10s.  Time for last 10,000:    0s.  Last read position: 1:84,969,305
INFO	2018-05-27 10:24:45	MergeVcfs	Processed       150,000 records.  Elapsed time: 00:00:10s.  Time for last 10,000:    0s.  Last read position: 1:91,755,014
INFO	2018-05-27 10:24:46	MergeVcfs	Processed       160,000 records.  Elapsed time: 00:00:11s.  Time for last 10,000:    0s.  Last read position: 1:97,669,738
INFO	2018-05-27 10:24:46	MergeVcfs	Processed       170,000 records.  Elapsed time: 00:00:11s.  Time for last 10,000:    0s.  Last read position: 1:103,049,936
INFO	2018-05-27 10:24:46	MergeVcfs	Processed       180,000 records.  Elapsed time: 00:00:11s.  Time for last 10,000:    0s.  Last read position: 1:108,014,346
INFO	2018-05-27 10:24:47	MergeVcfs	Processed       190,000 records.  Elapsed time: 00:00:12s.  Time for last 10,000:    0s.  Last read position: 1:114,369,523
INFO	2018-05-27 10:24:47	MergeVcfs	Processed       200,000 records.  Elapsed time: 00:00:12s.  Time for last 10,000:    0s.  Last read position: 1:121,363,551
INFO	2018-05-27 10:24:48	MergeVcfs	Processed       210,000 records.  Elapsed time: 00:00:12s.  Time for last 10,000:    0s.  Last read position: 1:153,040,165
INFO	2018-05-27 10:24:48	MergeVcfs	Processed       220,000 records.  Elapsed time: 00:00:13s.  Time for last 10,000:    0s.  Last read position: 1:159,048,975
INFO	2018-05-27 10:24:49	MergeVcfs	Processed       230,000 records.  Elapsed time: 00:00:14s.  Time for last 10,000:    0s.  Last read position: 1:164,763,015
INFO	2018-05-27 10:24:49	MergeVcfs	Processed       240,000 records.  Elapsed time: 00:00:14s.  Time for last 10,000:    0s.  Last read position: 1:170,334,934
INFO	2018-05-27 10:24:50	MergeVcfs	Processed       250,000 records.  Elapsed time: 00:00:15s.  Time for last 10,000:    0s.  Last read position: 1:176,053,542
INFO	2018-05-27 10:24:50	MergeVcfs	Processed       260,000 records.  Elapsed time: 00:00:15s.  Time for last 10,000:    0s.  Last read position: 1:181,972,472
INFO	2018-05-27 10:24:51	MergeVcfs	Processed       270,000 records.  Elapsed time: 00:00:15s.  Time for last 10,000:    0s.  Last read position: 1:187,712,121
INFO	2018-05-27 10:24:51	MergeVcfs	Processed       280,000 records.  Elapsed time: 00:00:16s.  Time for last 10,000:    0s.  Last read position: 1:193,098,964
INFO	2018-05-27 10:24:51	MergeVcfs	Processed       290,000 records.  Elapsed time: 00:00:16s.  Time for last 10,000:    0s.  Last read position: 1:198,310,302
INFO	2018-05-27 10:24:52	MergeVcfs	Processed       300,000 records.  Elapsed time: 00:00:16s.  Time for last 10,000:    0s.  Last read position: 1:203,938,312
INFO	2018-05-27 10:24:52	MergeVcfs	Processed       310,000 records.  Elapsed time: 00:00:17s.  Time for last 10,000:    0s.  Last read position: 1:210,817,767
INFO	2018-05-27 10:24:52	MergeVcfs	Processed       320,000 records.  Elapsed time: 00:00:17s.  Time for last 10,000:    0s.  Last read position: 1:217,115,806
INFO	2018-05-27 10:24:52	MergeVcfs	Processed       330,000 records.  Elapsed time: 00:00:17s.  Time for last 10,000:    0s.  Last read position: 1:223,156,382
INFO	2018-05-27 10:24:53	MergeVcfs	Processed       340,000 records.  Elapsed time: 00:00:18s.  Time for last 10,000:    0s.  Last read position: 1:228,400,653
INFO	2018-05-27 10:24:53	MergeVcfs	Processed       350,000 records.  Elapsed time: 00:00:18s.  Time for last 10,000:    0s.  Last read position: 1:233,998,067
INFO	2018-05-27 10:24:54	MergeVcfs	Processed       360,000 records.  Elapsed time: 00:00:19s.  Time for last 10,000:    0s.  Last read position: 1:238,427,259
INFO	2018-05-27 10:24:54	MergeVcfs	Processed       370,000 records.  Elapsed time: 00:00:19s.  Time for last 10,000:    0s.  Last read position: 1:243,015,352
INFO	2018-05-27 10:24:54	MergeVcfs	Processed       380,000 records.  Elapsed time: 00:00:19s.  Time for last 10,000:    0s.  Last read position: 1:247,534,426
INFO	2018-05-27 10:24:55	MergeVcfs	Processed       390,000 records.  Elapsed time: 00:00:19s.  Time for last 10,000:    0s.  Last read position: 2:2,580,875
INFO	2018-05-27 10:24:55	MergeVcfs	Processed       400,000 records.  Elapsed time: 00:00:20s.  Time for last 10,000:    0s.  Last read position: 2:7,507,339
INFO	2018-05-27 10:24:55	MergeVcfs	Processed       410,000 records.  Elapsed time: 00:00:20s.  Time for last 10,000:    0s.  Last read position: 2:12,314,475
INFO	2018-05-27 10:24:56	MergeVcfs	Processed       420,000 records.  Elapsed time: 00:00:21s.  Time for last 10,000:    0s.  Last read position: 2:17,373,855
INFO	2018-05-27 10:24:56	MergeVcfs	Processed       430,000 records.  Elapsed time: 00:00:21s.  Time for last 10,000:    0s.  Last read position: 2:22,947,078
INFO	2018-05-27 10:24:56	MergeVcfs	Processed       440,000 records.  Elapsed time: 00:00:21s.  Time for last 10,000:    0s.  Last read position: 2:29,246,044
INFO	2018-05-27 10:24:57	MergeVcfs	Processed       450,000 records.  Elapsed time: 00:00:22s.  Time for last 10,000:    0s.  Last read position: 2:34,403,344
INFO	2018-05-27 10:24:58	MergeVcfs	Processed       460,000 records.  Elapsed time: 00:00:22s.  Time for last 10,000:    0s.  Last read position: 2:38,568,827
INFO	2018-05-27 10:24:58	MergeVcfs	Processed       470,000 records.  Elapsed time: 00:00:23s.  Time for last 10,000:    0s.  Last read position: 2:43,323,500
INFO	2018-05-27 10:24:59	MergeVcfs	Processed       480,000 records.  Elapsed time: 00:00:23s.  Time for last 10,000:    0s.  Last read position: 2:47,950,973
INFO	2018-05-27 10:24:59	MergeVcfs	Processed       490,000 records.  Elapsed time: 00:00:24s.  Time for last 10,000:    0s.  Last read position: 2:53,160,499
INFO	2018-05-27 10:24:59	MergeVcfs	Processed       500,000 records.  Elapsed time: 00:00:24s.  Time for last 10,000:    0s.  Last read position: 2:58,257,780
INFO	2018-05-27 10:25:00	MergeVcfs	Processed       510,000 records.  Elapsed time: 00:00:25s.  Time for last 10,000:    0s.  Last read position: 2:65,116,956
INFO	2018-05-27 10:25:00	MergeVcfs	Processed       520,000 records.  Elapsed time: 00:00:25s.  Time for last 10,000:    0s.  Last read position: 2:70,451,784
INFO	2018-05-27 10:25:00	MergeVcfs	Processed       530,000 records.  Elapsed time: 00:00:25s.  Time for last 10,000:    0s.  Last read position: 2:76,119,852
INFO	2018-05-27 10:25:01	MergeVcfs	Processed       540,000 records.  Elapsed time: 00:00:26s.  Time for last 10,000:    0s.  Last read position: 2:80,990,212
INFO	2018-05-27 10:25:01	MergeVcfs	Processed       550,000 records.  Elapsed time: 00:00:26s.  Time for last 10,000:    0s.  Last read position: 2:87,062,315
INFO	2018-05-27 10:25:02	MergeVcfs	Processed       560,000 records.  Elapsed time: 00:00:26s.  Time for last 10,000:    0s.  Last read position: 2:101,308,711
INFO	2018-05-27 10:25:02	MergeVcfs	Processed       570,000 records.  Elapsed time: 00:00:27s.  Time for last 10,000:    0s.  Last read position: 2:107,060,418
INFO	2018-05-27 10:25:02	MergeVcfs	Processed       580,000 records.  Elapsed time: 00:00:27s.  Time for last 10,000:    0s.  Last read position: 2:113,940,839
INFO	2018-05-27 10:25:02	MergeVcfs	Processed       590,000 records.  Elapsed time: 00:00:27s.  Time for last 10,000:    0s.  Last read position: 2:119,688,887
INFO	2018-05-27 10:25:03	MergeVcfs	Processed       600,000 records.  Elapsed time: 00:00:28s.  Time for last 10,000:    0s.  Last read position: 2:125,514,455
INFO	2018-05-27 10:25:03	MergeVcfs	Processed       610,000 records.  Elapsed time: 00:00:28s.  Time for last 10,000:    0s.  Last read position: 2:130,640,267
INFO	2018-05-27 10:25:04	MergeVcfs	Processed       620,000 records.  Elapsed time: 00:00:29s.  Time for last 10,000:    0s.  Last read position: 2:136,176,923
INFO	2018-05-27 10:25:05	MergeVcfs	Processed       630,000 records.  Elapsed time: 00:00:29s.  Time for last 10,000:    0s.  Last read position: 2:141,657,265
INFO	2018-05-27 10:25:05	MergeVcfs	Processed       640,000 records.  Elapsed time: 00:00:30s.  Time for last 10,000:    0s.  Last read position: 2:148,420,119
INFO	2018-05-27 10:25:05	MergeVcfs	Processed       650,000 records.  Elapsed time: 00:00:30s.  Time for last 10,000:    0s.  Last read position: 2:155,260,562
INFO	2018-05-27 10:25:06	MergeVcfs	Processed       660,000 records.  Elapsed time: 00:00:31s.  Time for last 10,000:    0s.  Last read position: 2:161,907,794
INFO	2018-05-27 10:25:06	MergeVcfs	Processed       670,000 records.  Elapsed time: 00:00:31s.  Time for last 10,000:    0s.  Last read position: 2:168,765,036
INFO	2018-05-27 10:25:06	MergeVcfs	Processed       680,000 records.  Elapsed time: 00:00:31s.  Time for last 10,000:    0s.  Last read position: 2:174,251,754
INFO	2018-05-27 10:25:07	MergeVcfs	Processed       690,000 records.  Elapsed time: 00:00:32s.  Time for last 10,000:    0s.  Last read position: 2:180,929,432
INFO	2018-05-27 10:25:07	MergeVcfs	Processed       700,000 records.  Elapsed time: 00:00:32s.  Time for last 10,000:    0s.  Last read position: 2:186,821,042
INFO	2018-05-27 10:25:08	MergeVcfs	Processed       710,000 records.  Elapsed time: 00:00:32s.  Time for last 10,000:    0s.  Last read position: 2:193,342,726
INFO	2018-05-27 10:25:08	MergeVcfs	Processed       720,000 records.  Elapsed time: 00:00:33s.  Time for last 10,000:    0s.  Last read position: 2:199,545,315
INFO	2018-05-27 10:25:08	MergeVcfs	Processed       730,000 records.  Elapsed time: 00:00:33s.  Time for last 10,000:    0s.  Last read position: 2:207,038,830
INFO	2018-05-27 10:25:09	MergeVcfs	Processed       740,000 records.  Elapsed time: 00:00:34s.  Time for last 10,000:    0s.  Last read position: 2:212,760,650
INFO	2018-05-27 10:25:09	MergeVcfs	Processed       750,000 records.  Elapsed time: 00:00:34s.  Time for last 10,000:    0s.  Last read position: 2:218,309,740
INFO	2018-05-27 10:25:10	MergeVcfs	Processed       760,000 records.  Elapsed time: 00:00:35s.  Time for last 10,000:    0s.  Last read position: 2:224,038,660
INFO	2018-05-27 10:25:10	MergeVcfs	Processed       770,000 records.  Elapsed time: 00:00:35s.  Time for last 10,000:    0s.  Last read position: 2:228,950,430
INFO	2018-05-27 10:25:11	MergeVcfs	Processed       780,000 records.  Elapsed time: 00:00:36s.  Time for last 10,000:    0s.  Last read position: 2:234,114,243
INFO	2018-05-27 10:25:11	MergeVcfs	Processed       790,000 records.  Elapsed time: 00:00:36s.  Time for last 10,000:    0s.  Last read position: 2:238,612,459
INFO	2018-05-27 10:25:11	MergeVcfs	Processed       800,000 records.  Elapsed time: 00:00:36s.  Time for last 10,000:    0s.  Last read position: 3:180,825
INFO	2018-05-27 10:25:12	MergeVcfs	Processed       810,000 records.  Elapsed time: 00:00:36s.  Time for last 10,000:    0s.  Last read position: 3:3,775,161
INFO	2018-05-27 10:25:12	MergeVcfs	Processed       820,000 records.  Elapsed time: 00:00:37s.  Time for last 10,000:    0s.  Last read position: 3:7,791,385
INFO	2018-05-27 10:25:12	MergeVcfs	Processed       830,000 records.  Elapsed time: 00:00:37s.  Time for last 10,000:    0s.  Last read position: 3:12,437,978
INFO	2018-05-27 10:25:13	MergeVcfs	Processed       840,000 records.  Elapsed time: 00:00:38s.  Time for last 10,000:    0s.  Last read position: 3:17,195,625
INFO	2018-05-27 10:25:13	MergeVcfs	Processed       850,000 records.  Elapsed time: 00:00:38s.  Time for last 10,000:    0s.  Last read position: 3:22,902,601
INFO	2018-05-27 10:25:14	MergeVcfs	Processed       860,000 records.  Elapsed time: 00:00:39s.  Time for last 10,000:    0s.  Last read position: 3:28,414,543
INFO	2018-05-27 10:25:14	MergeVcfs	Processed       870,000 records.  Elapsed time: 00:00:39s.  Time for last 10,000:    0s.  Last read position: 3:34,099,359
INFO	2018-05-27 10:25:15	MergeVcfs	Processed       880,000 records.  Elapsed time: 00:00:40s.  Time for last 10,000:    0s.  Last read position: 3:40,255,177
INFO	2018-05-27 10:25:15	MergeVcfs	Processed       890,000 records.  Elapsed time: 00:00:40s.  Time for last 10,000:    0s.  Last read position: 3:46,408,856
INFO	2018-05-27 10:25:16	MergeVcfs	Processed       900,000 records.  Elapsed time: 00:00:41s.  Time for last 10,000:    0s.  Last read position: 3:54,551,759
INFO	2018-05-27 10:25:16	MergeVcfs	Processed       910,000 records.  Elapsed time: 00:00:41s.  Time for last 10,000:    0s.  Last read position: 3:60,276,185
INFO	2018-05-27 10:25:16	MergeVcfs	Processed       920,000 records.  Elapsed time: 00:00:41s.  Time for last 10,000:    0s.  Last read position: 3:65,284,563
INFO	2018-05-27 10:25:17	MergeVcfs	Processed       930,000 records.  Elapsed time: 00:00:42s.  Time for last 10,000:    0s.  Last read position: 3:70,562,122
INFO	2018-05-27 10:25:17	MergeVcfs	Processed       940,000 records.  Elapsed time: 00:00:42s.  Time for last 10,000:    0s.  Last read position: 3:75,851,012
INFO	2018-05-27 10:25:18	MergeVcfs	Processed       950,000 records.  Elapsed time: 00:00:42s.  Time for last 10,000:    0s.  Last read position: 3:81,599,850
INFO	2018-05-27 10:25:18	MergeVcfs	Processed       960,000 records.  Elapsed time: 00:00:43s.  Time for last 10,000:    0s.  Last read position: 3:87,651,877
INFO	2018-05-27 10:25:18	MergeVcfs	Processed       970,000 records.  Elapsed time: 00:00:43s.  Time for last 10,000:    0s.  Last read position: 3:96,023,599
INFO	2018-05-27 10:25:19	MergeVcfs	Processed       980,000 records.  Elapsed time: 00:00:44s.  Time for last 10,000:    0s.  Last read position: 3:101,014,954
INFO	2018-05-27 10:25:19	MergeVcfs	Processed       990,000 records.  Elapsed time: 00:00:44s.  Time for last 10,000:    0s.  Last read position: 3:107,043,012
INFO	2018-05-27 10:25:19	MergeVcfs	Processed     1,000,000 records.  Elapsed time: 00:00:44s.  Time for last 10,000:    0s.  Last read position: 3:112,383,856
INFO	2018-05-27 10:25:20	MergeVcfs	Processed     1,010,000 records.  Elapsed time: 00:00:45s.  Time for last 10,000:    0s.  Last read position: 3:118,419,383
INFO	2018-05-27 10:25:20	MergeVcfs	Processed     1,020,000 records.  Elapsed time: 00:00:45s.  Time for last 10,000:    0s.  Last read position: 3:124,470,558
INFO	2018-05-27 10:25:21	MergeVcfs	Processed     1,030,000 records.  Elapsed time: 00:00:46s.  Time for last 10,000:    0s.  Last read position: 3:129,897,272
INFO	2018-05-27 10:25:21	MergeVcfs	Processed     1,040,000 records.  Elapsed time: 00:00:46s.  Time for last 10,000:    0s.  Last read position: 3:136,172,260
INFO	2018-05-27 10:25:21	MergeVcfs	Processed     1,050,000 records.  Elapsed time: 00:00:46s.  Time for last 10,000:    0s.  Last read position: 3:142,572,920
INFO	2018-05-27 10:25:22	MergeVcfs	Processed     1,060,000 records.  Elapsed time: 00:00:47s.  Time for last 10,000:    0s.  Last read position: 3:147,959,124
INFO	2018-05-27 10:25:22	MergeVcfs	Processed     1,070,000 records.  Elapsed time: 00:00:47s.  Time for last 10,000:    0s.  Last read position: 3:153,452,105
INFO	2018-05-27 10:25:23	MergeVcfs	Processed     1,080,000 records.  Elapsed time: 00:00:48s.  Time for last 10,000:    0s.  Last read position: 3:159,359,371
INFO	2018-05-27 10:25:23	MergeVcfs	Processed     1,090,000 records.  Elapsed time: 00:00:48s.  Time for last 10,000:    0s.  Last read position: 3:164,138,308
INFO	2018-05-27 10:25:24	MergeVcfs	Processed     1,100,000 records.  Elapsed time: 00:00:48s.  Time for last 10,000:    0s.  Last read position: 3:170,058,772
INFO	2018-05-27 10:25:24	MergeVcfs	Processed     1,110,000 records.  Elapsed time: 00:00:49s.  Time for last 10,000:    0s.  Last read position: 3:175,483,518
INFO	2018-05-27 10:25:24	MergeVcfs	Processed     1,120,000 records.  Elapsed time: 00:00:49s.  Time for last 10,000:    0s.  Last read position: 3:181,673,977
INFO	2018-05-27 10:25:24	MergeVcfs	Processed     1,130,000 records.  Elapsed time: 00:00:49s.  Time for last 10,000:    0s.  Last read position: 3:187,056,143
INFO	2018-05-27 10:25:25	MergeVcfs	Processed     1,140,000 records.  Elapsed time: 00:00:50s.  Time for last 10,000:    0s.  Last read position: 3:191,882,828
INFO	2018-05-27 10:25:26	MergeVcfs	Processed     1,150,000 records.  Elapsed time: 00:00:51s.  Time for last 10,000:    0s.  Last read position: 3:196,391,192
INFO	2018-05-27 10:25:26	MergeVcfs	Processed     1,160,000 records.  Elapsed time: 00:00:51s.  Time for last 10,000:    0s.  Last read position: 4:3,923,407
INFO	2018-05-27 10:25:26	MergeVcfs	Processed     1,170,000 records.  Elapsed time: 00:00:51s.  Time for last 10,000:    0s.  Last read position: 4:7,404,283
INFO	2018-05-27 10:25:27	MergeVcfs	Processed     1,180,000 records.  Elapsed time: 00:00:51s.  Time for last 10,000:    0s.  Last read position: 4:11,153,641
INFO	2018-05-27 10:25:27	MergeVcfs	Processed     1,190,000 records.  Elapsed time: 00:00:52s.  Time for last 10,000:    0s.  Last read position: 4:16,299,728
INFO	2018-05-27 10:25:27	MergeVcfs	Processed     1,200,000 records.  Elapsed time: 00:00:52s.  Time for last 10,000:    0s.  Last read position: 4:21,373,046
INFO	2018-05-27 10:25:28	MergeVcfs	Processed     1,210,000 records.  Elapsed time: 00:00:53s.  Time for last 10,000:    0s.  Last read position: 4:27,032,276
INFO	2018-05-27 10:25:28	MergeVcfs	Processed     1,220,000 records.  Elapsed time: 00:00:53s.  Time for last 10,000:    0s.  Last read position: 4:32,024,812
INFO	2018-05-27 10:25:28	MergeVcfs	Processed     1,230,000 records.  Elapsed time: 00:00:53s.  Time for last 10,000:    0s.  Last read position: 4:37,000,384
INFO	2018-05-27 10:25:29	MergeVcfs	Processed     1,240,000 records.  Elapsed time: 00:00:54s.  Time for last 10,000:    0s.  Last read position: 4:42,211,080
INFO	2018-05-27 10:25:29	MergeVcfs	Processed     1,250,000 records.  Elapsed time: 00:00:54s.  Time for last 10,000:    0s.  Last read position: 4:48,368,765
INFO	2018-05-27 10:25:30	MergeVcfs	Processed     1,260,000 records.  Elapsed time: 00:00:55s.  Time for last 10,000:    0s.  Last read position: 4:57,291,539
INFO	2018-05-27 10:25:30	MergeVcfs	Processed     1,270,000 records.  Elapsed time: 00:00:55s.  Time for last 10,000:    0s.  Last read position: 4:61,224,123
INFO	2018-05-27 10:25:31	MergeVcfs	Processed     1,280,000 records.  Elapsed time: 00:00:56s.  Time for last 10,000:    0s.  Last read position: 4:65,585,822
INFO	2018-05-27 10:25:31	MergeVcfs	Processed     1,290,000 records.  Elapsed time: 00:00:56s.  Time for last 10,000:    0s.  Last read position: 4:70,394,089
INFO	2018-05-27 10:25:31	MergeVcfs	Processed     1,300,000 records.  Elapsed time: 00:00:56s.  Time for last 10,000:    0s.  Last read position: 4:75,417,326
INFO	2018-05-27 10:25:32	MergeVcfs	Processed     1,310,000 records.  Elapsed time: 00:00:57s.  Time for last 10,000:    0s.  Last read position: 4:79,925,013
INFO	2018-05-27 10:25:32	MergeVcfs	Processed     1,320,000 records.  Elapsed time: 00:00:57s.  Time for last 10,000:    0s.  Last read position: 4:85,062,566
INFO	2018-05-27 10:25:32	MergeVcfs	Processed     1,330,000 records.  Elapsed time: 00:00:57s.  Time for last 10,000:    0s.  Last read position: 4:90,736,006
INFO	2018-05-27 10:25:33	MergeVcfs	Processed     1,340,000 records.  Elapsed time: 00:00:58s.  Time for last 10,000:    0s.  Last read position: 4:96,509,169
INFO	2018-05-27 10:25:33	MergeVcfs	Processed     1,350,000 records.  Elapsed time: 00:00:58s.  Time for last 10,000:    0s.  Last read position: 4:102,277,019
INFO	2018-05-27 10:25:33	MergeVcfs	Processed     1,360,000 records.  Elapsed time: 00:00:58s.  Time for last 10,000:    0s.  Last read position: 4:108,425,613
INFO	2018-05-27 10:25:34	MergeVcfs	Processed     1,370,000 records.  Elapsed time: 00:00:59s.  Time for last 10,000:    0s.  Last read position: 4:114,106,350
INFO	2018-05-27 10:25:34	MergeVcfs	Processed     1,380,000 records.  Elapsed time: 00:00:59s.  Time for last 10,000:    0s.  Last read position: 4:118,897,514
INFO	2018-05-27 10:25:35	MergeVcfs	Processed     1,390,000 records.  Elapsed time: 00:01:00s.  Time for last 10,000:    0s.  Last read position: 4:124,902,307
INFO	2018-05-27 10:25:35	MergeVcfs	Processed     1,400,000 records.  Elapsed time: 00:01:00s.  Time for last 10,000:    0s.  Last read position: 4:131,273,758
INFO	2018-05-27 10:25:36	MergeVcfs	Processed     1,410,000 records.  Elapsed time: 00:01:01s.  Time for last 10,000:    0s.  Last read position: 4:136,367,511
INFO	2018-05-27 10:25:36	MergeVcfs	Processed     1,420,000 records.  Elapsed time: 00:01:01s.  Time for last 10,000:    0s.  Last read position: 4:142,261,365
INFO	2018-05-27 10:25:37	MergeVcfs	Processed     1,430,000 records.  Elapsed time: 00:01:01s.  Time for last 10,000:    0s.  Last read position: 4:148,198,753
INFO	2018-05-27 10:25:37	MergeVcfs	Processed     1,440,000 records.  Elapsed time: 00:01:02s.  Time for last 10,000:    0s.  Last read position: 4:154,900,025
INFO	2018-05-27 10:25:37	MergeVcfs	Processed     1,450,000 records.  Elapsed time: 00:01:02s.  Time for last 10,000:    0s.  Last read position: 4:160,689,458
INFO	2018-05-27 10:25:38	MergeVcfs	Processed     1,460,000 records.  Elapsed time: 00:01:02s.  Time for last 10,000:    0s.  Last read position: 4:166,052,651
INFO	2018-05-27 10:25:38	MergeVcfs	Processed     1,470,000 records.  Elapsed time: 00:01:03s.  Time for last 10,000:    0s.  Last read position: 4:171,247,158
INFO	2018-05-27 10:25:38	MergeVcfs	Processed     1,480,000 records.  Elapsed time: 00:01:03s.  Time for last 10,000:    0s.  Last read position: 4:176,384,644
INFO	2018-05-27 10:25:39	MergeVcfs	Processed     1,490,000 records.  Elapsed time: 00:01:04s.  Time for last 10,000:    0s.  Last read position: 4:181,077,156
INFO	2018-05-27 10:25:39	MergeVcfs	Processed     1,500,000 records.  Elapsed time: 00:01:04s.  Time for last 10,000:    0s.  Last read position: 4:185,573,560
INFO	2018-05-27 10:25:40	MergeVcfs	Processed     1,510,000 records.  Elapsed time: 00:01:04s.  Time for last 10,000:    0s.  Last read position: 4:189,650,912
INFO	2018-05-27 10:25:40	MergeVcfs	Processed     1,520,000 records.  Elapsed time: 00:01:05s.  Time for last 10,000:    0s.  Last read position: 5:2,313,025
INFO	2018-05-27 10:25:40	MergeVcfs	Processed     1,530,000 records.  Elapsed time: 00:01:05s.  Time for last 10,000:    0s.  Last read position: 5:6,079,524
INFO	2018-05-27 10:25:40	MergeVcfs	Processed     1,540,000 records.  Elapsed time: 00:01:05s.  Time for last 10,000:    0s.  Last read position: 5:10,841,161
INFO	2018-05-27 10:25:41	MergeVcfs	Processed     1,550,000 records.  Elapsed time: 00:01:06s.  Time for last 10,000:    0s.  Last read position: 5:16,417,510
INFO	2018-05-27 10:25:41	MergeVcfs	Processed     1,560,000 records.  Elapsed time: 00:01:06s.  Time for last 10,000:    0s.  Last read position: 5:21,682,970
INFO	2018-05-27 10:25:42	MergeVcfs	Processed     1,570,000 records.  Elapsed time: 00:01:06s.  Time for last 10,000:    0s.  Last read position: 5:26,616,686
INFO	2018-05-27 10:25:42	MergeVcfs	Processed     1,580,000 records.  Elapsed time: 00:01:07s.  Time for last 10,000:    0s.  Last read position: 5:31,462,977
INFO	2018-05-27 10:25:42	MergeVcfs	Processed     1,590,000 records.  Elapsed time: 00:01:07s.  Time for last 10,000:    0s.  Last read position: 5:36,549,210
INFO	2018-05-27 10:25:43	MergeVcfs	Processed     1,600,000 records.  Elapsed time: 00:01:08s.  Time for last 10,000:    0s.  Last read position: 5:42,274,675
INFO	2018-05-27 10:25:43	MergeVcfs	Processed     1,610,000 records.  Elapsed time: 00:01:08s.  Time for last 10,000:    0s.  Last read position: 5:51,767,364
INFO	2018-05-27 10:25:44	MergeVcfs	Processed     1,620,000 records.  Elapsed time: 00:01:09s.  Time for last 10,000:    0s.  Last read position: 5:57,263,716
INFO	2018-05-27 10:25:44	MergeVcfs	Processed     1,630,000 records.  Elapsed time: 00:01:09s.  Time for last 10,000:    0s.  Last read position: 5:64,180,735
INFO	2018-05-27 10:25:45	MergeVcfs	Processed     1,640,000 records.  Elapsed time: 00:01:09s.  Time for last 10,000:    0s.  Last read position: 5:71,881,771
INFO	2018-05-27 10:25:45	MergeVcfs	Processed     1,650,000 records.  Elapsed time: 00:01:10s.  Time for last 10,000:    0s.  Last read position: 5:77,173,522
INFO	2018-05-27 10:25:45	MergeVcfs	Processed     1,660,000 records.  Elapsed time: 00:01:10s.  Time for last 10,000:    0s.  Last read position: 5:82,495,587
INFO	2018-05-27 10:25:46	MergeVcfs	Processed     1,670,000 records.  Elapsed time: 00:01:11s.  Time for last 10,000:    0s.  Last read position: 5:88,891,761
INFO	2018-05-27 10:25:46	MergeVcfs	Processed     1,680,000 records.  Elapsed time: 00:01:11s.  Time for last 10,000:    0s.  Last read position: 5:96,567,978
INFO	2018-05-27 10:25:47	MergeVcfs	Processed     1,690,000 records.  Elapsed time: 00:01:11s.  Time for last 10,000:    0s.  Last read position: 5:101,234,437
INFO	2018-05-27 10:25:47	MergeVcfs	Processed     1,700,000 records.  Elapsed time: 00:01:12s.  Time for last 10,000:    0s.  Last read position: 5:107,536,393
INFO	2018-05-27 10:25:47	MergeVcfs	Processed     1,710,000 records.  Elapsed time: 00:01:12s.  Time for last 10,000:    0s.  Last read position: 5:112,962,961
INFO	2018-05-27 10:25:48	MergeVcfs	Processed     1,720,000 records.  Elapsed time: 00:01:12s.  Time for last 10,000:    0s.  Last read position: 5:117,297,070
INFO	2018-05-27 10:25:48	MergeVcfs	Processed     1,730,000 records.  Elapsed time: 00:01:13s.  Time for last 10,000:    0s.  Last read position: 5:122,688,727
INFO	2018-05-27 10:25:48	MergeVcfs	Processed     1,740,000 records.  Elapsed time: 00:01:13s.  Time for last 10,000:    0s.  Last read position: 5:128,648,141
INFO	2018-05-27 10:25:49	MergeVcfs	Processed     1,750,000 records.  Elapsed time: 00:01:14s.  Time for last 10,000:    0s.  Last read position: 5:135,315,750
INFO	2018-05-27 10:25:50	MergeVcfs	Processed     1,760,000 records.  Elapsed time: 00:01:14s.  Time for last 10,000:    0s.  Last read position: 5:143,042,579
INFO	2018-05-27 10:25:50	MergeVcfs	Processed     1,770,000 records.  Elapsed time: 00:01:15s.  Time for last 10,000:    0s.  Last read position: 5:148,720,087
INFO	2018-05-27 10:25:51	MergeVcfs	Processed     1,780,000 records.  Elapsed time: 00:01:15s.  Time for last 10,000:    0s.  Last read position: 5:154,561,187
INFO	2018-05-27 10:25:51	MergeVcfs	Processed     1,790,000 records.  Elapsed time: 00:01:16s.  Time for last 10,000:    0s.  Last read position: 5:160,426,247
INFO	2018-05-27 10:25:51	MergeVcfs	Processed     1,800,000 records.  Elapsed time: 00:01:16s.  Time for last 10,000:    0s.  Last read position: 5:165,968,371
INFO	2018-05-27 10:25:52	MergeVcfs	Processed     1,810,000 records.  Elapsed time: 00:01:17s.  Time for last 10,000:    0s.  Last read position: 5:171,719,528
INFO	2018-05-27 10:25:52	MergeVcfs	Processed     1,820,000 records.  Elapsed time: 00:01:17s.  Time for last 10,000:    0s.  Last read position: 5:177,522,638
INFO	2018-05-27 10:25:52	MergeVcfs	Processed     1,830,000 records.  Elapsed time: 00:01:17s.  Time for last 10,000:    0s.  Last read position: 6:1,293,265
INFO	2018-05-27 10:25:53	MergeVcfs	Processed     1,840,000 records.  Elapsed time: 00:01:18s.  Time for last 10,000:    0s.  Last read position: 6:5,465,669
INFO	2018-05-27 10:25:53	MergeVcfs	Processed     1,850,000 records.  Elapsed time: 00:01:18s.  Time for last 10,000:    0s.  Last read position: 6:10,082,402
INFO	2018-05-27 10:25:53	MergeVcfs	Processed     1,860,000 records.  Elapsed time: 00:01:18s.  Time for last 10,000:    0s.  Last read position: 6:15,023,514
INFO	2018-05-27 10:25:54	MergeVcfs	Processed     1,870,000 records.  Elapsed time: 00:01:19s.  Time for last 10,000:    0s.  Last read position: 6:20,439,460
INFO	2018-05-27 10:25:54	MergeVcfs	Processed     1,880,000 records.  Elapsed time: 00:01:19s.  Time for last 10,000:    0s.  Last read position: 6:25,147,492
INFO	2018-05-27 10:25:54	MergeVcfs	Processed     1,890,000 records.  Elapsed time: 00:01:19s.  Time for last 10,000:    0s.  Last read position: 6:29,933,550
INFO	2018-05-27 10:25:55	MergeVcfs	Processed     1,900,000 records.  Elapsed time: 00:01:20s.  Time for last 10,000:    0s.  Last read position: 6:32,560,441
INFO	2018-05-27 10:25:55	MergeVcfs	Processed     1,910,000 records.  Elapsed time: 00:01:20s.  Time for last 10,000:    0s.  Last read position: 6:36,722,842
INFO	2018-05-27 10:25:56	MergeVcfs	Processed     1,920,000 records.  Elapsed time: 00:01:21s.  Time for last 10,000:    0s.  Last read position: 6:42,184,400
INFO	2018-05-27 10:25:56	MergeVcfs	Processed     1,930,000 records.  Elapsed time: 00:01:21s.  Time for last 10,000:    0s.  Last read position: 6:47,855,232
INFO	2018-05-27 10:25:57	MergeVcfs	Processed     1,940,000 records.  Elapsed time: 00:01:22s.  Time for last 10,000:    0s.  Last read position: 6:53,265,412
INFO	2018-05-27 10:25:57	MergeVcfs	Processed     1,950,000 records.  Elapsed time: 00:01:22s.  Time for last 10,000:    0s.  Last read position: 6:58,261,005
INFO	2018-05-27 10:25:58	MergeVcfs	Processed     1,960,000 records.  Elapsed time: 00:01:23s.  Time for last 10,000:    0s.  Last read position: 6:66,467,986
INFO	2018-05-27 10:25:58	MergeVcfs	Processed     1,970,000 records.  Elapsed time: 00:01:23s.  Time for last 10,000:    0s.  Last read position: 6:70,846,022
INFO	2018-05-27 10:25:59	MergeVcfs	Processed     1,980,000 records.  Elapsed time: 00:01:24s.  Time for last 10,000:    0s.  Last read position: 6:76,861,486
INFO	2018-05-27 10:25:59	MergeVcfs	Processed     1,990,000 records.  Elapsed time: 00:01:24s.  Time for last 10,000:    0s.  Last read position: 6:81,637,743
INFO	2018-05-27 10:26:00	MergeVcfs	Processed     2,000,000 records.  Elapsed time: 00:01:24s.  Time for last 10,000:    0s.  Last read position: 6:87,381,459
INFO	2018-05-27 10:26:00	MergeVcfs	Processed     2,010,000 records.  Elapsed time: 00:01:25s.  Time for last 10,000:    0s.  Last read position: 6:92,533,734
INFO	2018-05-27 10:26:00	MergeVcfs	Processed     2,020,000 records.  Elapsed time: 00:01:25s.  Time for last 10,000:    0s.  Last read position: 6:98,279,450
INFO	2018-05-27 10:26:01	MergeVcfs	Processed     2,030,000 records.  Elapsed time: 00:01:25s.  Time for last 10,000:    0s.  Last read position: 6:104,004,495
INFO	2018-05-27 10:26:01	MergeVcfs	Processed     2,040,000 records.  Elapsed time: 00:01:26s.  Time for last 10,000:    0s.  Last read position: 6:110,025,618
INFO	2018-05-27 10:26:01	MergeVcfs	Processed     2,050,000 records.  Elapsed time: 00:01:26s.  Time for last 10,000:    0s.  Last read position: 6:116,087,438
INFO	2018-05-27 10:26:02	MergeVcfs	Processed     2,060,000 records.  Elapsed time: 00:01:27s.  Time for last 10,000:    0s.  Last read position: 6:122,666,394
INFO	2018-05-27 10:26:03	MergeVcfs	Processed     2,070,000 records.  Elapsed time: 00:01:27s.  Time for last 10,000:    0s.  Last read position: 6:129,175,233
INFO	2018-05-27 10:26:03	MergeVcfs	Processed     2,080,000 records.  Elapsed time: 00:01:28s.  Time for last 10,000:    0s.  Last read position: 6:134,184,846
INFO	2018-05-27 10:26:03	MergeVcfs	Processed     2,090,000 records.  Elapsed time: 00:01:28s.  Time for last 10,000:    0s.  Last read position: 6:140,236,322
INFO	2018-05-27 10:26:04	MergeVcfs	Processed     2,100,000 records.  Elapsed time: 00:01:29s.  Time for last 10,000:    0s.  Last read position: 6:147,083,127
INFO	2018-05-27 10:26:04	MergeVcfs	Processed     2,110,000 records.  Elapsed time: 00:01:29s.  Time for last 10,000:    0s.  Last read position: 6:152,169,363
INFO	2018-05-27 10:26:05	MergeVcfs	Processed     2,120,000 records.  Elapsed time: 00:01:30s.  Time for last 10,000:    0s.  Last read position: 6:156,738,568
INFO	2018-05-27 10:26:05	MergeVcfs	Processed     2,130,000 records.  Elapsed time: 00:01:30s.  Time for last 10,000:    0s.  Last read position: 6:161,736,222
INFO	2018-05-27 10:26:05	MergeVcfs	Processed     2,140,000 records.  Elapsed time: 00:01:30s.  Time for last 10,000:    0s.  Last read position: 6:166,517,762
INFO	2018-05-27 10:26:06	MergeVcfs	Processed     2,150,000 records.  Elapsed time: 00:01:31s.  Time for last 10,000:    0s.  Last read position: 6:170,491,905
INFO	2018-05-27 10:26:06	MergeVcfs	Processed     2,160,000 records.  Elapsed time: 00:01:31s.  Time for last 10,000:    0s.  Last read position: 7:3,375,407
INFO	2018-05-27 10:26:06	MergeVcfs	Processed     2,170,000 records.  Elapsed time: 00:01:31s.  Time for last 10,000:    0s.  Last read position: 7:7,314,729
INFO	2018-05-27 10:26:06	MergeVcfs	Processed     2,180,000 records.  Elapsed time: 00:01:31s.  Time for last 10,000:    0s.  Last read position: 7:11,273,724
INFO	2018-05-27 10:26:06	MergeVcfs	Processed     2,190,000 records.  Elapsed time: 00:01:31s.  Time for last 10,000:    0s.  Last read position: 7:15,016,110
INFO	2018-05-27 10:26:06	MergeVcfs	Processed     2,200,000 records.  Elapsed time: 00:01:31s.  Time for last 10,000:    0s.  Last read position: 7:20,054,730
INFO	2018-05-27 10:26:06	MergeVcfs	Processed     2,210,000 records.  Elapsed time: 00:01:31s.  Time for last 10,000:    0s.  Last read position: 7:24,804,556
INFO	2018-05-27 10:26:07	MergeVcfs	Processed     2,220,000 records.  Elapsed time: 00:01:31s.  Time for last 10,000:    0s.  Last read position: 7:30,604,977
INFO	2018-05-27 10:26:07	MergeVcfs	Processed     2,230,000 records.  Elapsed time: 00:01:31s.  Time for last 10,000:    0s.  Last read position: 7:35,651,628
INFO	2018-05-27 10:26:07	MergeVcfs	Processed     2,240,000 records.  Elapsed time: 00:01:32s.  Time for last 10,000:    0s.  Last read position: 7:41,917,789
INFO	2018-05-27 10:26:07	MergeVcfs	Processed     2,250,000 records.  Elapsed time: 00:01:32s.  Time for last 10,000:    0s.  Last read position: 7:47,721,907
INFO	2018-05-27 10:26:07	MergeVcfs	Processed     2,260,000 records.  Elapsed time: 00:01:32s.  Time for last 10,000:    0s.  Last read position: 7:52,557,903
INFO	2018-05-27 10:26:07	MergeVcfs	Processed     2,270,000 records.  Elapsed time: 00:01:32s.  Time for last 10,000:    0s.  Last read position: 7:56,980,096
INFO	2018-05-27 10:26:07	MergeVcfs	Processed     2,280,000 records.  Elapsed time: 00:01:32s.  Time for last 10,000:    0s.  Last read position: 7:64,895,916
INFO	2018-05-27 10:26:07	MergeVcfs	Processed     2,290,000 records.  Elapsed time: 00:01:32s.  Time for last 10,000:    0s.  Last read position: 7:69,979,194
INFO	2018-05-27 10:26:07	MergeVcfs	Processed     2,300,000 records.  Elapsed time: 00:01:32s.  Time for last 10,000:    0s.  Last read position: 7:76,681,764
INFO	2018-05-27 10:26:07	MergeVcfs	Processed     2,310,000 records.  Elapsed time: 00:01:32s.  Time for last 10,000:    0s.  Last read position: 7:81,884,709
INFO	2018-05-27 10:26:08	MergeVcfs	Processed     2,320,000 records.  Elapsed time: 00:01:32s.  Time for last 10,000:    0s.  Last read position: 7:87,459,951
INFO	2018-05-27 10:26:08	MergeVcfs	Processed     2,330,000 records.  Elapsed time: 00:01:32s.  Time for last 10,000:    0s.  Last read position: 7:93,762,481
INFO	2018-05-27 10:26:08	MergeVcfs	Processed     2,340,000 records.  Elapsed time: 00:01:33s.  Time for last 10,000:    0s.  Last read position: 7:100,444,911
INFO	2018-05-27 10:26:08	MergeVcfs	Processed     2,350,000 records.  Elapsed time: 00:01:33s.  Time for last 10,000:    0s.  Last read position: 7:106,035,493
INFO	2018-05-27 10:26:08	MergeVcfs	Processed     2,360,000 records.  Elapsed time: 00:01:33s.  Time for last 10,000:    0s.  Last read position: 7:112,314,614
INFO	2018-05-27 10:26:08	MergeVcfs	Processed     2,370,000 records.  Elapsed time: 00:01:33s.  Time for last 10,000:    0s.  Last read position: 7:121,034,258
INFO	2018-05-27 10:26:08	MergeVcfs	Processed     2,380,000 records.  Elapsed time: 00:01:33s.  Time for last 10,000:    0s.  Last read position: 7:126,071,650
INFO	2018-05-27 10:26:08	MergeVcfs	Processed     2,390,000 records.  Elapsed time: 00:01:33s.  Time for last 10,000:    0s.  Last read position: 7:132,693,536
INFO	2018-05-27 10:26:08	MergeVcfs	Processed     2,400,000 records.  Elapsed time: 00:01:33s.  Time for last 10,000:    0s.  Last read position: 7:138,220,773
INFO	2018-05-27 10:26:08	MergeVcfs	Processed     2,410,000 records.  Elapsed time: 00:01:33s.  Time for last 10,000:    0s.  Last read position: 7:144,426,920
INFO	2018-05-27 10:26:09	MergeVcfs	Processed     2,420,000 records.  Elapsed time: 00:01:33s.  Time for last 10,000:    0s.  Last read position: 7:148,732,698
INFO	2018-05-27 10:26:09	MergeVcfs	Processed     2,430,000 records.  Elapsed time: 00:01:33s.  Time for last 10,000:    0s.  Last read position: 7:153,058,622
INFO	2018-05-27 10:26:09	MergeVcfs	Processed     2,440,000 records.  Elapsed time: 00:01:34s.  Time for last 10,000:    0s.  Last read position: 7:157,260,730
INFO	2018-05-27 10:26:09	MergeVcfs	Processed     2,450,000 records.  Elapsed time: 00:01:34s.  Time for last 10,000:    0s.  Last read position: 8:1,760,259
INFO	2018-05-27 10:26:09	MergeVcfs	Processed     2,460,000 records.  Elapsed time: 00:01:34s.  Time for last 10,000:    0s.  Last read position: 8:4,048,801
INFO	2018-05-27 10:26:10	MergeVcfs	Processed     2,470,000 records.  Elapsed time: 00:01:34s.  Time for last 10,000:    0s.  Last read position: 8:6,535,690
INFO	2018-05-27 10:26:10	MergeVcfs	Processed     2,480,000 records.  Elapsed time: 00:01:35s.  Time for last 10,000:    0s.  Last read position: 8:10,938,074
INFO	2018-05-27 10:26:10	MergeVcfs	Processed     2,490,000 records.  Elapsed time: 00:01:35s.  Time for last 10,000:    0s.  Last read position: 8:14,390,530
INFO	2018-05-27 10:26:11	MergeVcfs	Processed     2,500,000 records.  Elapsed time: 00:01:36s.  Time for last 10,000:    0s.  Last read position: 8:17,858,437
INFO	2018-05-27 10:26:11	MergeVcfs	Processed     2,510,000 records.  Elapsed time: 00:01:36s.  Time for last 10,000:    0s.  Last read position: 8:22,167,613
INFO	2018-05-27 10:26:12	MergeVcfs	Processed     2,520,000 records.  Elapsed time: 00:01:37s.  Time for last 10,000:    0s.  Last read position: 8:27,270,426
INFO	2018-05-27 10:26:12	MergeVcfs	Processed     2,530,000 records.  Elapsed time: 00:01:37s.  Time for last 10,000:    0s.  Last read position: 8:33,072,536
INFO	2018-05-27 10:26:12	MergeVcfs	Processed     2,540,000 records.  Elapsed time: 00:01:37s.  Time for last 10,000:    0s.  Last read position: 8:39,355,244
INFO	2018-05-27 10:26:13	MergeVcfs	Processed     2,550,000 records.  Elapsed time: 00:01:38s.  Time for last 10,000:    0s.  Last read position: 8:47,510,709
INFO	2018-05-27 10:26:13	MergeVcfs	Processed     2,560,000 records.  Elapsed time: 00:01:38s.  Time for last 10,000:    0s.  Last read position: 8:53,914,613
INFO	2018-05-27 10:26:14	MergeVcfs	Processed     2,570,000 records.  Elapsed time: 00:01:39s.  Time for last 10,000:    0s.  Last read position: 8:59,208,721
INFO	2018-05-27 10:26:14	MergeVcfs	Processed     2,580,000 records.  Elapsed time: 00:01:39s.  Time for last 10,000:    0s.  Last read position: 8:64,685,833
INFO	2018-05-27 10:26:15	MergeVcfs	Processed     2,590,000 records.  Elapsed time: 00:01:40s.  Time for last 10,000:    0s.  Last read position: 8:70,960,801
INFO	2018-05-27 10:26:15	MergeVcfs	Processed     2,600,000 records.  Elapsed time: 00:01:40s.  Time for last 10,000:    0s.  Last read position: 8:77,133,097
INFO	2018-05-27 10:26:15	MergeVcfs	Processed     2,610,000 records.  Elapsed time: 00:01:40s.  Time for last 10,000:    0s.  Last read position: 8:83,687,788
INFO	2018-05-27 10:26:16	MergeVcfs	Processed     2,620,000 records.  Elapsed time: 00:01:40s.  Time for last 10,000:    0s.  Last read position: 8:89,264,537
INFO	2018-05-27 10:26:16	MergeVcfs	Processed     2,630,000 records.  Elapsed time: 00:01:41s.  Time for last 10,000:    0s.  Last read position: 8:95,417,733
INFO	2018-05-27 10:26:16	MergeVcfs	Processed     2,640,000 records.  Elapsed time: 00:01:41s.  Time for last 10,000:    0s.  Last read position: 8:102,609,825
INFO	2018-05-27 10:26:17	MergeVcfs	Processed     2,650,000 records.  Elapsed time: 00:01:42s.  Time for last 10,000:    0s.  Last read position: 8:108,146,741
INFO	2018-05-27 10:26:17	MergeVcfs	Processed     2,660,000 records.  Elapsed time: 00:01:42s.  Time for last 10,000:    0s.  Last read position: 8:113,886,927
INFO	2018-05-27 10:26:18	MergeVcfs	Processed     2,670,000 records.  Elapsed time: 00:01:42s.  Time for last 10,000:    0s.  Last read position: 8:119,793,638
INFO	2018-05-27 10:26:18	MergeVcfs	Processed     2,680,000 records.  Elapsed time: 00:01:43s.  Time for last 10,000:    0s.  Last read position: 8:125,232,701
INFO	2018-05-27 10:26:18	MergeVcfs	Processed     2,690,000 records.  Elapsed time: 00:01:43s.  Time for last 10,000:    0s.  Last read position: 8:130,360,792
INFO	2018-05-27 10:26:19	MergeVcfs	Processed     2,700,000 records.  Elapsed time: 00:01:44s.  Time for last 10,000:    0s.  Last read position: 8:135,135,497
INFO	2018-05-27 10:26:19	MergeVcfs	Processed     2,710,000 records.  Elapsed time: 00:01:44s.  Time for last 10,000:    0s.  Last read position: 8:139,782,538
INFO	2018-05-27 10:26:20	MergeVcfs	Processed     2,720,000 records.  Elapsed time: 00:01:45s.  Time for last 10,000:    0s.  Last read position: 8:144,333,390
INFO	2018-05-27 10:26:20	MergeVcfs	Processed     2,730,000 records.  Elapsed time: 00:01:45s.  Time for last 10,000:    0s.  Last read position: 9:1,935,537
INFO	2018-05-27 10:26:20	MergeVcfs	Processed     2,740,000 records.  Elapsed time: 00:01:45s.  Time for last 10,000:    0s.  Last read position: 9:6,616,648
INFO	2018-05-27 10:26:21	MergeVcfs	Processed     2,750,000 records.  Elapsed time: 00:01:45s.  Time for last 10,000:    0s.  Last read position: 9:10,462,793
INFO	2018-05-27 10:26:21	MergeVcfs	Processed     2,760,000 records.  Elapsed time: 00:01:46s.  Time for last 10,000:    0s.  Last read position: 9:14,879,938
INFO	2018-05-27 10:26:21	MergeVcfs	Processed     2,770,000 records.  Elapsed time: 00:01:46s.  Time for last 10,000:    0s.  Last read position: 9:19,739,287
INFO	2018-05-27 10:26:22	MergeVcfs	Processed     2,780,000 records.  Elapsed time: 00:01:46s.  Time for last 10,000:    0s.  Last read position: 9:25,061,898
INFO	2018-05-27 10:26:22	MergeVcfs	Processed     2,790,000 records.  Elapsed time: 00:01:47s.  Time for last 10,000:    0s.  Last read position: 9:29,834,371
INFO	2018-05-27 10:26:22	MergeVcfs	Processed     2,800,000 records.  Elapsed time: 00:01:47s.  Time for last 10,000:    0s.  Last read position: 9:34,691,556
INFO	2018-05-27 10:26:23	MergeVcfs	Processed     2,810,000 records.  Elapsed time: 00:01:48s.  Time for last 10,000:    0s.  Last read position: 9:68,500,448
INFO	2018-05-27 10:26:23	MergeVcfs	Processed     2,820,000 records.  Elapsed time: 00:01:48s.  Time for last 10,000:    0s.  Last read position: 9:76,331,394
INFO	2018-05-27 10:26:24	MergeVcfs	Processed     2,830,000 records.  Elapsed time: 00:01:49s.  Time for last 10,000:    0s.  Last read position: 9:82,127,919
INFO	2018-05-27 10:26:24	MergeVcfs	Processed     2,840,000 records.  Elapsed time: 00:01:49s.  Time for last 10,000:    0s.  Last read position: 9:87,634,305
INFO	2018-05-27 10:26:25	MergeVcfs	Processed     2,850,000 records.  Elapsed time: 00:01:50s.  Time for last 10,000:    0s.  Last read position: 9:92,903,671
INFO	2018-05-27 10:26:25	MergeVcfs	Processed     2,860,000 records.  Elapsed time: 00:01:50s.  Time for last 10,000:    0s.  Last read position: 9:99,031,628
INFO	2018-05-27 10:26:26	MergeVcfs	Processed     2,870,000 records.  Elapsed time: 00:01:51s.  Time for last 10,000:    0s.  Last read position: 9:105,093,203
INFO	2018-05-27 10:26:26	MergeVcfs	Processed     2,880,000 records.  Elapsed time: 00:01:51s.  Time for last 10,000:    0s.  Last read position: 9:110,144,872
INFO	2018-05-27 10:26:26	MergeVcfs	Processed     2,890,000 records.  Elapsed time: 00:01:51s.  Time for last 10,000:    0s.  Last read position: 9:115,219,619
INFO	2018-05-27 10:26:27	MergeVcfs	Processed     2,900,000 records.  Elapsed time: 00:01:52s.  Time for last 10,000:    0s.  Last read position: 9:120,851,579
INFO	2018-05-27 10:26:27	MergeVcfs	Processed     2,910,000 records.  Elapsed time: 00:01:52s.  Time for last 10,000:    0s.  Last read position: 9:126,863,664
INFO	2018-05-27 10:26:28	MergeVcfs	Processed     2,920,000 records.  Elapsed time: 00:01:53s.  Time for last 10,000:    0s.  Last read position: 9:133,048,264
INFO	2018-05-27 10:26:28	MergeVcfs	Processed     2,930,000 records.  Elapsed time: 00:01:53s.  Time for last 10,000:    0s.  Last read position: 9:137,763,706
INFO	2018-05-27 10:26:28	MergeVcfs	Processed     2,940,000 records.  Elapsed time: 00:01:53s.  Time for last 10,000:    0s.  Last read position: 10:1,604,444
INFO	2018-05-27 10:26:29	MergeVcfs	Processed     2,950,000 records.  Elapsed time: 00:01:54s.  Time for last 10,000:    0s.  Last read position: 10:5,548,353
INFO	2018-05-27 10:26:29	MergeVcfs	Processed     2,960,000 records.  Elapsed time: 00:01:54s.  Time for last 10,000:    0s.  Last read position: 10:10,301,674
INFO	2018-05-27 10:26:29	MergeVcfs	Processed     2,970,000 records.  Elapsed time: 00:01:54s.  Time for last 10,000:    0s.  Last read position: 10:14,980,145
INFO	2018-05-27 10:26:30	MergeVcfs	Processed     2,980,000 records.  Elapsed time: 00:01:55s.  Time for last 10,000:    0s.  Last read position: 10:19,877,715
INFO	2018-05-27 10:26:30	MergeVcfs	Processed     2,990,000 records.  Elapsed time: 00:01:55s.  Time for last 10,000:    0s.  Last read position: 10:25,672,477
INFO	2018-05-27 10:26:30	MergeVcfs	Processed     3,000,000 records.  Elapsed time: 00:01:55s.  Time for last 10,000:    0s.  Last read position: 10:29,667,342
INFO	2018-05-27 10:26:31	MergeVcfs	Processed     3,010,000 records.  Elapsed time: 00:01:56s.  Time for last 10,000:    0s.  Last read position: 10:34,998,488
INFO	2018-05-27 10:26:31	MergeVcfs	Processed     3,020,000 records.  Elapsed time: 00:01:56s.  Time for last 10,000:    0s.  Last read position: 10:43,113,426
INFO	2018-05-27 10:26:32	MergeVcfs	Processed     3,030,000 records.  Elapsed time: 00:01:57s.  Time for last 10,000:    0s.  Last read position: 10:50,574,702
INFO	2018-05-27 10:26:32	MergeVcfs	Processed     3,040,000 records.  Elapsed time: 00:01:57s.  Time for last 10,000:    0s.  Last read position: 10:55,938,133
INFO	2018-05-27 10:26:33	MergeVcfs	Processed     3,050,000 records.  Elapsed time: 00:01:57s.  Time for last 10,000:    0s.  Last read position: 10:60,448,050
INFO	2018-05-27 10:26:33	MergeVcfs	Processed     3,060,000 records.  Elapsed time: 00:01:58s.  Time for last 10,000:    0s.  Last read position: 10:65,819,680
INFO	2018-05-27 10:26:34	MergeVcfs	Processed     3,070,000 records.  Elapsed time: 00:01:59s.  Time for last 10,000:    0s.  Last read position: 10:70,465,733
INFO	2018-05-27 10:26:34	MergeVcfs	Processed     3,080,000 records.  Elapsed time: 00:01:59s.  Time for last 10,000:    0s.  Last read position: 10:75,498,906
INFO	2018-05-27 10:26:34	MergeVcfs	Processed     3,090,000 records.  Elapsed time: 00:01:59s.  Time for last 10,000:    0s.  Last read position: 10:81,798,534
INFO	2018-05-27 10:26:35	MergeVcfs	Processed     3,100,000 records.  Elapsed time: 00:02:00s.  Time for last 10,000:    0s.  Last read position: 10:86,664,885
INFO	2018-05-27 10:26:35	MergeVcfs	Processed     3,110,000 records.  Elapsed time: 00:02:00s.  Time for last 10,000:    0s.  Last read position: 10:92,608,033
INFO	2018-05-27 10:26:36	MergeVcfs	Processed     3,120,000 records.  Elapsed time: 00:02:00s.  Time for last 10,000:    0s.  Last read position: 10:99,025,219
INFO	2018-05-27 10:26:36	MergeVcfs	Processed     3,130,000 records.  Elapsed time: 00:02:01s.  Time for last 10,000:    0s.  Last read position: 10:105,928,001
INFO	2018-05-27 10:26:36	MergeVcfs	Processed     3,140,000 records.  Elapsed time: 00:02:01s.  Time for last 10,000:    0s.  Last read position: 10:111,154,767
INFO	2018-05-27 10:26:37	MergeVcfs	Processed     3,150,000 records.  Elapsed time: 00:02:02s.  Time for last 10,000:    0s.  Last read position: 10:117,121,032
INFO	2018-05-27 10:26:37	MergeVcfs	Processed     3,160,000 records.  Elapsed time: 00:02:02s.  Time for last 10,000:    0s.  Last read position: 10:122,512,012
INFO	2018-05-27 10:26:38	MergeVcfs	Processed     3,170,000 records.  Elapsed time: 00:02:02s.  Time for last 10,000:    0s.  Last read position: 10:127,730,876
INFO	2018-05-27 10:26:38	MergeVcfs	Processed     3,180,000 records.  Elapsed time: 00:02:03s.  Time for last 10,000:    0s.  Last read position: 10:132,261,933
INFO	2018-05-27 10:26:38	MergeVcfs	Processed     3,190,000 records.  Elapsed time: 00:02:03s.  Time for last 10,000:    0s.  Last read position: 11:1,364,644
INFO	2018-05-27 10:26:39	MergeVcfs	Processed     3,200,000 records.  Elapsed time: 00:02:04s.  Time for last 10,000:    0s.  Last read position: 11:5,333,729
INFO	2018-05-27 10:26:39	MergeVcfs	Processed     3,210,000 records.  Elapsed time: 00:02:04s.  Time for last 10,000:    0s.  Last read position: 11:9,030,625
INFO	2018-05-27 10:26:39	MergeVcfs	Processed     3,220,000 records.  Elapsed time: 00:02:04s.  Time for last 10,000:    0s.  Last read position: 11:14,253,482
INFO	2018-05-27 10:26:40	MergeVcfs	Processed     3,230,000 records.  Elapsed time: 00:02:05s.  Time for last 10,000:    0s.  Last read position: 11:20,159,865
INFO	2018-05-27 10:26:40	MergeVcfs	Processed     3,240,000 records.  Elapsed time: 00:02:05s.  Time for last 10,000:    0s.  Last read position: 11:24,393,982
INFO	2018-05-27 10:26:41	MergeVcfs	Processed     3,250,000 records.  Elapsed time: 00:02:05s.  Time for last 10,000:    0s.  Last read position: 11:29,015,739
INFO	2018-05-27 10:26:41	MergeVcfs	Processed     3,260,000 records.  Elapsed time: 00:02:06s.  Time for last 10,000:    0s.  Last read position: 11:34,810,443
INFO	2018-05-27 10:26:42	MergeVcfs	Processed     3,270,000 records.  Elapsed time: 00:02:06s.  Time for last 10,000:    0s.  Last read position: 11:39,757,668
INFO	2018-05-27 10:26:42	MergeVcfs	Processed     3,280,000 records.  Elapsed time: 00:02:07s.  Time for last 10,000:    0s.  Last read position: 11:44,981,822
INFO	2018-05-27 10:26:42	MergeVcfs	Processed     3,290,000 records.  Elapsed time: 00:02:07s.  Time for last 10,000:    0s.  Last read position: 11:50,563,398
INFO	2018-05-27 10:26:43	MergeVcfs	Processed     3,300,000 records.  Elapsed time: 00:02:08s.  Time for last 10,000:    0s.  Last read position: 11:59,793,568
INFO	2018-05-27 10:26:43	MergeVcfs	Processed     3,310,000 records.  Elapsed time: 00:02:08s.  Time for last 10,000:    0s.  Last read position: 11:67,239,122
INFO	2018-05-27 10:26:44	MergeVcfs	Processed     3,320,000 records.  Elapsed time: 00:02:09s.  Time for last 10,000:    0s.  Last read position: 11:72,289,291
INFO	2018-05-27 10:26:44	MergeVcfs	Processed     3,330,000 records.  Elapsed time: 00:02:09s.  Time for last 10,000:    0s.  Last read position: 11:78,682,467
INFO	2018-05-27 10:26:45	MergeVcfs	Processed     3,340,000 records.  Elapsed time: 00:02:10s.  Time for last 10,000:    0s.  Last read position: 11:83,773,411
INFO	2018-05-27 10:26:45	MergeVcfs	Processed     3,350,000 records.  Elapsed time: 00:02:10s.  Time for last 10,000:    0s.  Last read position: 11:89,493,200
INFO	2018-05-27 10:26:46	MergeVcfs	Processed     3,360,000 records.  Elapsed time: 00:02:10s.  Time for last 10,000:    0s.  Last read position: 11:95,435,488
INFO	2018-05-27 10:26:46	MergeVcfs	Processed     3,370,000 records.  Elapsed time: 00:02:11s.  Time for last 10,000:    0s.  Last read position: 11:99,963,060
INFO	2018-05-27 10:26:46	MergeVcfs	Processed     3,380,000 records.  Elapsed time: 00:02:11s.  Time for last 10,000:    0s.  Last read position: 11:104,924,938
INFO	2018-05-27 10:26:47	MergeVcfs	Processed     3,390,000 records.  Elapsed time: 00:02:12s.  Time for last 10,000:    0s.  Last read position: 11:110,904,947
INFO	2018-05-27 10:26:47	MergeVcfs	Processed     3,400,000 records.  Elapsed time: 00:02:12s.  Time for last 10,000:    0s.  Last read position: 11:117,203,633
INFO	2018-05-27 10:26:48	MergeVcfs	Processed     3,410,000 records.  Elapsed time: 00:02:13s.  Time for last 10,000:    0s.  Last read position: 11:122,595,235
INFO	2018-05-27 10:26:48	MergeVcfs	Processed     3,420,000 records.  Elapsed time: 00:02:13s.  Time for last 10,000:    0s.  Last read position: 11:127,480,487
INFO	2018-05-27 10:26:49	MergeVcfs	Processed     3,430,000 records.  Elapsed time: 00:02:14s.  Time for last 10,000:    0s.  Last read position: 11:132,663,965
INFO	2018-05-27 10:26:49	MergeVcfs	Processed     3,440,000 records.  Elapsed time: 00:02:14s.  Time for last 10,000:    0s.  Last read position: 12:2,812,453
INFO	2018-05-27 10:26:49	MergeVcfs	Processed     3,450,000 records.  Elapsed time: 00:02:14s.  Time for last 10,000:    0s.  Last read position: 12:7,850,583
INFO	2018-05-27 10:26:50	MergeVcfs	Processed     3,460,000 records.  Elapsed time: 00:02:15s.  Time for last 10,000:    0s.  Last read position: 12:11,893,865
INFO	2018-05-27 10:26:50	MergeVcfs	Processed     3,470,000 records.  Elapsed time: 00:02:15s.  Time for last 10,000:    0s.  Last read position: 12:17,991,158
INFO	2018-05-27 10:26:51	MergeVcfs	Processed     3,480,000 records.  Elapsed time: 00:02:15s.  Time for last 10,000:    0s.  Last read position: 12:23,022,880
INFO	2018-05-27 10:26:51	MergeVcfs	Processed     3,490,000 records.  Elapsed time: 00:02:16s.  Time for last 10,000:    0s.  Last read position: 12:29,003,709
INFO	2018-05-27 10:26:51	MergeVcfs	Processed     3,500,000 records.  Elapsed time: 00:02:16s.  Time for last 10,000:    0s.  Last read position: 12:33,382,713
INFO	2018-05-27 10:26:52	MergeVcfs	Processed     3,510,000 records.  Elapsed time: 00:02:17s.  Time for last 10,000:    0s.  Last read position: 12:42,232,982
INFO	2018-05-27 10:26:52	MergeVcfs	Processed     3,520,000 records.  Elapsed time: 00:02:17s.  Time for last 10,000:    0s.  Last read position: 12:48,411,987
INFO	2018-05-27 10:26:53	MergeVcfs	Processed     3,530,000 records.  Elapsed time: 00:02:18s.  Time for last 10,000:    0s.  Last read position: 12:54,567,106
INFO	2018-05-27 10:26:53	MergeVcfs	Processed     3,540,000 records.  Elapsed time: 00:02:18s.  Time for last 10,000:    0s.  Last read position: 12:61,103,562
INFO	2018-05-27 10:26:53	MergeVcfs	Processed     3,550,000 records.  Elapsed time: 00:02:18s.  Time for last 10,000:    0s.  Last read position: 12:66,753,972
INFO	2018-05-27 10:26:54	MergeVcfs	Processed     3,560,000 records.  Elapsed time: 00:02:19s.  Time for last 10,000:    0s.  Last read position: 12:72,367,059
INFO	2018-05-27 10:26:54	MergeVcfs	Processed     3,570,000 records.  Elapsed time: 00:02:19s.  Time for last 10,000:    0s.  Last read position: 12:78,042,172
INFO	2018-05-27 10:26:54	MergeVcfs	Processed     3,580,000 records.  Elapsed time: 00:02:19s.  Time for last 10,000:    0s.  Last read position: 12:84,819,896
INFO	2018-05-27 10:26:55	MergeVcfs	Processed     3,590,000 records.  Elapsed time: 00:02:20s.  Time for last 10,000:    0s.  Last read position: 12:92,170,791
INFO	2018-05-27 10:26:55	MergeVcfs	Processed     3,600,000 records.  Elapsed time: 00:02:20s.  Time for last 10,000:    0s.  Last read position: 12:97,763,604
INFO	2018-05-27 10:26:56	MergeVcfs	Processed     3,610,000 records.  Elapsed time: 00:02:20s.  Time for last 10,000:    0s.  Last read position: 12:104,182,857
INFO	2018-05-27 10:26:56	MergeVcfs	Processed     3,620,000 records.  Elapsed time: 00:02:21s.  Time for last 10,000:    0s.  Last read position: 12:110,164,377
INFO	2018-05-27 10:26:56	MergeVcfs	Processed     3,630,000 records.  Elapsed time: 00:02:21s.  Time for last 10,000:    0s.  Last read position: 12:116,483,965
INFO	2018-05-27 10:26:57	MergeVcfs	Processed     3,640,000 records.  Elapsed time: 00:02:22s.  Time for last 10,000:    0s.  Last read position: 12:122,698,561
INFO	2018-05-27 10:26:57	MergeVcfs	Processed     3,650,000 records.  Elapsed time: 00:02:22s.  Time for last 10,000:    0s.  Last read position: 12:127,492,389
INFO	2018-05-27 10:26:58	MergeVcfs	Processed     3,660,000 records.  Elapsed time: 00:02:22s.  Time for last 10,000:    0s.  Last read position: 12:131,400,805
INFO	2018-05-27 10:26:58	MergeVcfs	Processed     3,670,000 records.  Elapsed time: 00:02:23s.  Time for last 10,000:    0s.  Last read position: 13:20,818,189
INFO	2018-05-27 10:26:58	MergeVcfs	Processed     3,680,000 records.  Elapsed time: 00:02:23s.  Time for last 10,000:    0s.  Last read position: 13:25,026,917
INFO	2018-05-27 10:26:59	MergeVcfs	Processed     3,690,000 records.  Elapsed time: 00:02:23s.  Time for last 10,000:    0s.  Last read position: 13:29,675,963
INFO	2018-05-27 10:26:59	MergeVcfs	Processed     3,700,000 records.  Elapsed time: 00:02:24s.  Time for last 10,000:    0s.  Last read position: 13:34,935,811
INFO	2018-05-27 10:26:59	MergeVcfs	Processed     3,710,000 records.  Elapsed time: 00:02:24s.  Time for last 10,000:    0s.  Last read position: 13:40,316,604
INFO	2018-05-27 10:27:00	MergeVcfs	Processed     3,720,000 records.  Elapsed time: 00:02:25s.  Time for last 10,000:    0s.  Last read position: 13:46,669,032
INFO	2018-05-27 10:27:00	MergeVcfs	Processed     3,730,000 records.  Elapsed time: 00:02:25s.  Time for last 10,000:    0s.  Last read position: 13:53,610,590
INFO	2018-05-27 10:27:01	MergeVcfs	Processed     3,740,000 records.  Elapsed time: 00:02:26s.  Time for last 10,000:    0s.  Last read position: 13:59,360,422
INFO	2018-05-27 10:27:01	MergeVcfs	Processed     3,750,000 records.  Elapsed time: 00:02:26s.  Time for last 10,000:    0s.  Last read position: 13:64,589,658
INFO	2018-05-27 10:27:02	MergeVcfs	Processed     3,760,000 records.  Elapsed time: 00:02:26s.  Time for last 10,000:    0s.  Last read position: 13:70,332,490
INFO	2018-05-27 10:27:02	MergeVcfs	Processed     3,770,000 records.  Elapsed time: 00:02:27s.  Time for last 10,000:    0s.  Last read position: 13:75,860,701
INFO	2018-05-27 10:27:03	MergeVcfs	Processed     3,780,000 records.  Elapsed time: 00:02:28s.  Time for last 10,000:    0s.  Last read position: 13:82,039,994
INFO	2018-05-27 10:27:03	MergeVcfs	Processed     3,790,000 records.  Elapsed time: 00:02:28s.  Time for last 10,000:    0s.  Last read position: 13:87,338,840
INFO	2018-05-27 10:27:03	MergeVcfs	Processed     3,800,000 records.  Elapsed time: 00:02:28s.  Time for last 10,000:    0s.  Last read position: 13:92,947,642
INFO	2018-05-27 10:27:04	MergeVcfs	Processed     3,810,000 records.  Elapsed time: 00:02:29s.  Time for last 10,000:    0s.  Last read position: 13:98,518,461
INFO	2018-05-27 10:27:04	MergeVcfs	Processed     3,820,000 records.  Elapsed time: 00:02:29s.  Time for last 10,000:    0s.  Last read position: 13:104,123,025
INFO	2018-05-27 10:27:05	MergeVcfs	Processed     3,830,000 records.  Elapsed time: 00:02:29s.  Time for last 10,000:    0s.  Last read position: 13:108,939,048
INFO	2018-05-27 10:27:05	MergeVcfs	Processed     3,840,000 records.  Elapsed time: 00:02:30s.  Time for last 10,000:    0s.  Last read position: 13:113,453,275
INFO	2018-05-27 10:27:05	MergeVcfs	Processed     3,850,000 records.  Elapsed time: 00:02:30s.  Time for last 10,000:    0s.  Last read position: 14:22,497,261
INFO	2018-05-27 10:27:06	MergeVcfs	Processed     3,860,000 records.  Elapsed time: 00:02:31s.  Time for last 10,000:    0s.  Last read position: 14:27,853,025
INFO	2018-05-27 10:27:06	MergeVcfs	Processed     3,870,000 records.  Elapsed time: 00:02:31s.  Time for last 10,000:    0s.  Last read position: 14:33,370,502
INFO	2018-05-27 10:27:06	MergeVcfs	Processed     3,880,000 records.  Elapsed time: 00:02:31s.  Time for last 10,000:    0s.  Last read position: 14:38,657,832
INFO	2018-05-27 10:27:07	MergeVcfs	Processed     3,890,000 records.  Elapsed time: 00:02:31s.  Time for last 10,000:    0s.  Last read position: 14:43,566,584
INFO	2018-05-27 10:27:07	MergeVcfs	Processed     3,900,000 records.  Elapsed time: 00:02:32s.  Time for last 10,000:    0s.  Last read position: 14:48,766,379
INFO	2018-05-27 10:27:07	MergeVcfs	Processed     3,910,000 records.  Elapsed time: 00:02:32s.  Time for last 10,000:    0s.  Last read position: 14:54,171,904
INFO	2018-05-27 10:27:08	MergeVcfs	Processed     3,920,000 records.  Elapsed time: 00:02:33s.  Time for last 10,000:    0s.  Last read position: 14:59,870,557
INFO	2018-05-27 10:27:08	MergeVcfs	Processed     3,930,000 records.  Elapsed time: 00:02:33s.  Time for last 10,000:    0s.  Last read position: 14:65,733,068
INFO	2018-05-27 10:27:09	MergeVcfs	Processed     3,940,000 records.  Elapsed time: 00:02:34s.  Time for last 10,000:    0s.  Last read position: 14:71,704,684
INFO	2018-05-27 10:27:09	MergeVcfs	Processed     3,950,000 records.  Elapsed time: 00:02:34s.  Time for last 10,000:    0s.  Last read position: 14:77,701,761
INFO	2018-05-27 10:27:10	MergeVcfs	Processed     3,960,000 records.  Elapsed time: 00:02:35s.  Time for last 10,000:    0s.  Last read position: 14:83,561,655
INFO	2018-05-27 10:27:10	MergeVcfs	Processed     3,970,000 records.  Elapsed time: 00:02:35s.  Time for last 10,000:    0s.  Last read position: 14:89,193,711
INFO	2018-05-27 10:27:11	MergeVcfs	Processed     3,980,000 records.  Elapsed time: 00:02:36s.  Time for last 10,000:    0s.  Last read position: 14:94,367,322
INFO	2018-05-27 10:27:11	MergeVcfs	Processed     3,990,000 records.  Elapsed time: 00:02:36s.  Time for last 10,000:    0s.  Last read position: 14:99,077,039
INFO	2018-05-27 10:27:11	MergeVcfs	Processed     4,000,000 records.  Elapsed time: 00:02:36s.  Time for last 10,000:    0s.  Last read position: 14:104,503,197
INFO	2018-05-27 10:27:12	MergeVcfs	Processed     4,010,000 records.  Elapsed time: 00:02:37s.  Time for last 10,000:    0s.  Last read position: 15:22,460,637
INFO	2018-05-27 10:27:12	MergeVcfs	Processed     4,020,000 records.  Elapsed time: 00:02:37s.  Time for last 10,000:    0s.  Last read position: 15:26,728,658
INFO	2018-05-27 10:27:12	MergeVcfs	Processed     4,030,000 records.  Elapsed time: 00:02:37s.  Time for last 10,000:    0s.  Last read position: 15:32,992,092
INFO	2018-05-27 10:27:13	MergeVcfs	Processed     4,040,000 records.  Elapsed time: 00:02:38s.  Time for last 10,000:    0s.  Last read position: 15:38,226,318
INFO	2018-05-27 10:27:13	MergeVcfs	Processed     4,050,000 records.  Elapsed time: 00:02:38s.  Time for last 10,000:    0s.  Last read position: 15:44,200,808
INFO	2018-05-27 10:27:14	MergeVcfs	Processed     4,060,000 records.  Elapsed time: 00:02:38s.  Time for last 10,000:    0s.  Last read position: 15:50,589,411
INFO	2018-05-27 10:27:14	MergeVcfs	Processed     4,070,000 records.  Elapsed time: 00:02:39s.  Time for last 10,000:    0s.  Last read position: 15:55,407,383
INFO	2018-05-27 10:27:14	MergeVcfs	Processed     4,080,000 records.  Elapsed time: 00:02:39s.  Time for last 10,000:    0s.  Last read position: 15:60,754,275
INFO	2018-05-27 10:27:15	MergeVcfs	Processed     4,090,000 records.  Elapsed time: 00:02:40s.  Time for last 10,000:    0s.  Last read position: 15:66,290,820
INFO	2018-05-27 10:27:15	MergeVcfs	Processed     4,100,000 records.  Elapsed time: 00:02:40s.  Time for last 10,000:    0s.  Last read position: 15:71,989,305
INFO	2018-05-27 10:27:16	MergeVcfs	Processed     4,110,000 records.  Elapsed time: 00:02:40s.  Time for last 10,000:    0s.  Last read position: 15:79,067,951
INFO	2018-05-27 10:27:16	MergeVcfs	Processed     4,120,000 records.  Elapsed time: 00:02:41s.  Time for last 10,000:    0s.  Last read position: 15:85,795,075
INFO	2018-05-27 10:27:16	MergeVcfs	Processed     4,130,000 records.  Elapsed time: 00:02:41s.  Time for last 10,000:    0s.  Last read position: 15:90,314,665
INFO	2018-05-27 10:27:17	MergeVcfs	Processed     4,140,000 records.  Elapsed time: 00:02:42s.  Time for last 10,000:    0s.  Last read position: 15:94,744,876
INFO	2018-05-27 10:27:17	MergeVcfs	Processed     4,150,000 records.  Elapsed time: 00:02:42s.  Time for last 10,000:    0s.  Last read position: 15:99,254,554
INFO	2018-05-27 10:27:17	MergeVcfs	Processed     4,160,000 records.  Elapsed time: 00:02:42s.  Time for last 10,000:    0s.  Last read position: 16:954,418
INFO	2018-05-27 10:27:18	MergeVcfs	Processed     4,170,000 records.  Elapsed time: 00:02:43s.  Time for last 10,000:    0s.  Last read position: 16:5,373,215
INFO	2018-05-27 10:27:18	MergeVcfs	Processed     4,180,000 records.  Elapsed time: 00:02:43s.  Time for last 10,000:    0s.  Last read position: 16:8,261,106
INFO	2018-05-27 10:27:19	MergeVcfs	Processed     4,190,000 records.  Elapsed time: 00:02:43s.  Time for last 10,000:    0s.  Last read position: 16:11,635,296
INFO	2018-05-27 10:27:19	MergeVcfs	Processed     4,200,000 records.  Elapsed time: 00:02:44s.  Time for last 10,000:    0s.  Last read position: 16:17,142,774
INFO	2018-05-27 10:27:19	MergeVcfs	Processed     4,210,000 records.  Elapsed time: 00:02:44s.  Time for last 10,000:    0s.  Last read position: 16:23,888,354
INFO	2018-05-27 10:27:20	MergeVcfs	Processed     4,220,000 records.  Elapsed time: 00:02:45s.  Time for last 10,000:    0s.  Last read position: 16:29,308,847
INFO	2018-05-27 10:27:20	MergeVcfs	Processed     4,230,000 records.  Elapsed time: 00:02:45s.  Time for last 10,000:    0s.  Last read position: 16:50,214,083
INFO	2018-05-27 10:27:21	MergeVcfs	Processed     4,240,000 records.  Elapsed time: 00:02:45s.  Time for last 10,000:    0s.  Last read position: 16:55,693,855
INFO	2018-05-27 10:27:21	MergeVcfs	Processed     4,250,000 records.  Elapsed time: 00:02:46s.  Time for last 10,000:    0s.  Last read position: 16:60,924,542
INFO	2018-05-27 10:27:22	MergeVcfs	Processed     4,260,000 records.  Elapsed time: 00:02:46s.  Time for last 10,000:    0s.  Last read position: 16:66,829,023
INFO	2018-05-27 10:27:22	MergeVcfs	Processed     4,270,000 records.  Elapsed time: 00:02:47s.  Time for last 10,000:    0s.  Last read position: 16:74,130,672
INFO	2018-05-27 10:27:23	MergeVcfs	Processed     4,280,000 records.  Elapsed time: 00:02:47s.  Time for last 10,000:    0s.  Last read position: 16:78,559,190
INFO	2018-05-27 10:27:23	MergeVcfs	Processed     4,290,000 records.  Elapsed time: 00:02:48s.  Time for last 10,000:    0s.  Last read position: 16:82,255,876
INFO	2018-05-27 10:27:23	MergeVcfs	Processed     4,300,000 records.  Elapsed time: 00:02:48s.  Time for last 10,000:    0s.  Last read position: 16:85,636,133
INFO	2018-05-27 10:27:24	MergeVcfs	Processed     4,310,000 records.  Elapsed time: 00:02:49s.  Time for last 10,000:    0s.  Last read position: 16:89,156,124
INFO	2018-05-27 10:27:24	MergeVcfs	Processed     4,320,000 records.  Elapsed time: 00:02:49s.  Time for last 10,000:    0s.  Last read position: 17:3,289,173
INFO	2018-05-27 10:27:24	MergeVcfs	Processed     4,330,000 records.  Elapsed time: 00:02:49s.  Time for last 10,000:    0s.  Last read position: 17:7,920,847
INFO	2018-05-27 10:27:24	MergeVcfs	Processed     4,340,000 records.  Elapsed time: 00:02:49s.  Time for last 10,000:    0s.  Last read position: 17:12,840,542
INFO	2018-05-27 10:27:25	MergeVcfs	Processed     4,350,000 records.  Elapsed time: 00:02:50s.  Time for last 10,000:    0s.  Last read position: 17:17,883,599
INFO	2018-05-27 10:27:25	MergeVcfs	Processed     4,360,000 records.  Elapsed time: 00:02:50s.  Time for last 10,000:    0s.  Last read position: 17:28,516,047
INFO	2018-05-27 10:27:26	MergeVcfs	Processed     4,370,000 records.  Elapsed time: 00:02:51s.  Time for last 10,000:    0s.  Last read position: 17:35,089,480
INFO	2018-05-27 10:27:26	MergeVcfs	Processed     4,380,000 records.  Elapsed time: 00:02:51s.  Time for last 10,000:    0s.  Last read position: 17:41,462,229
INFO	2018-05-27 10:27:27	MergeVcfs	Processed     4,390,000 records.  Elapsed time: 00:02:52s.  Time for last 10,000:    0s.  Last read position: 17:49,295,890
INFO	2018-05-27 10:27:27	MergeVcfs	Processed     4,400,000 records.  Elapsed time: 00:02:52s.  Time for last 10,000:    0s.  Last read position: 17:54,795,340
INFO	2018-05-27 10:27:28	MergeVcfs	Processed     4,410,000 records.  Elapsed time: 00:02:53s.  Time for last 10,000:    0s.  Last read position: 17:63,071,911
INFO	2018-05-27 10:27:28	MergeVcfs	Processed     4,420,000 records.  Elapsed time: 00:02:53s.  Time for last 10,000:    0s.  Last read position: 17:68,653,426
INFO	2018-05-27 10:27:29	MergeVcfs	Processed     4,430,000 records.  Elapsed time: 00:02:54s.  Time for last 10,000:    0s.  Last read position: 17:73,649,954
INFO	2018-05-27 10:27:29	MergeVcfs	Processed     4,440,000 records.  Elapsed time: 00:02:54s.  Time for last 10,000:    0s.  Last read position: 17:78,028,773
INFO	2018-05-27 10:27:29	MergeVcfs	Processed     4,450,000 records.  Elapsed time: 00:02:54s.  Time for last 10,000:    0s.  Last read position: 18:943,843
INFO	2018-05-27 10:27:30	MergeVcfs	Processed     4,460,000 records.  Elapsed time: 00:02:55s.  Time for last 10,000:    0s.  Last read position: 18:5,057,019
INFO	2018-05-27 10:27:30	MergeVcfs	Processed     4,470,000 records.  Elapsed time: 00:02:55s.  Time for last 10,000:    0s.  Last read position: 18:9,655,113
INFO	2018-05-27 10:27:30	MergeVcfs	Processed     4,480,000 records.  Elapsed time: 00:02:55s.  Time for last 10,000:    0s.  Last read position: 18:14,210,287
INFO	2018-05-27 10:27:31	MergeVcfs	Processed     4,490,000 records.  Elapsed time: 00:02:56s.  Time for last 10,000:    0s.  Last read position: 18:23,627,326
INFO	2018-05-27 10:27:31	MergeVcfs	Processed     4,500,000 records.  Elapsed time: 00:02:56s.  Time for last 10,000:    0s.  Last read position: 18:29,240,321
INFO	2018-05-27 10:27:32	MergeVcfs	Processed     4,510,000 records.  Elapsed time: 00:02:56s.  Time for last 10,000:    0s.  Last read position: 18:35,805,625
INFO	2018-05-27 10:27:32	MergeVcfs	Processed     4,520,000 records.  Elapsed time: 00:02:57s.  Time for last 10,000:    0s.  Last read position: 18:42,321,222
INFO	2018-05-27 10:27:32	MergeVcfs	Processed     4,530,000 records.  Elapsed time: 00:02:57s.  Time for last 10,000:    0s.  Last read position: 18:47,830,318
INFO	2018-05-27 10:27:33	MergeVcfs	Processed     4,540,000 records.  Elapsed time: 00:02:58s.  Time for last 10,000:    0s.  Last read position: 18:53,332,309
INFO	2018-05-27 10:27:33	MergeVcfs	Processed     4,550,000 records.  Elapsed time: 00:02:58s.  Time for last 10,000:    0s.  Last read position: 18:58,337,336
INFO	2018-05-27 10:27:34	MergeVcfs	Processed     4,560,000 records.  Elapsed time: 00:02:59s.  Time for last 10,000:    0s.  Last read position: 18:63,402,782
INFO	2018-05-27 10:27:34	MergeVcfs	Processed     4,570,000 records.  Elapsed time: 00:02:59s.  Time for last 10,000:    0s.  Last read position: 18:68,446,802
INFO	2018-05-27 10:27:35	MergeVcfs	Processed     4,580,000 records.  Elapsed time: 00:03:00s.  Time for last 10,000:    0s.  Last read position: 18:73,060,836
INFO	2018-05-27 10:27:35	MergeVcfs	Processed     4,590,000 records.  Elapsed time: 00:03:00s.  Time for last 10,000:    0s.  Last read position: 18:77,226,664
INFO	2018-05-27 10:27:35	MergeVcfs	Processed     4,600,000 records.  Elapsed time: 00:03:00s.  Time for last 10,000:    0s.  Last read position: 19:3,493,608
INFO	2018-05-27 10:27:35	MergeVcfs	Processed     4,610,000 records.  Elapsed time: 00:03:00s.  Time for last 10,000:    0s.  Last read position: 19:7,922,672
INFO	2018-05-27 10:27:36	MergeVcfs	Processed     4,620,000 records.  Elapsed time: 00:03:01s.  Time for last 10,000:    0s.  Last read position: 19:12,789,976
INFO	2018-05-27 10:27:36	MergeVcfs	Processed     4,630,000 records.  Elapsed time: 00:03:01s.  Time for last 10,000:    0s.  Last read position: 19:17,488,141
INFO	2018-05-27 10:27:37	MergeVcfs	Processed     4,640,000 records.  Elapsed time: 00:03:02s.  Time for last 10,000:    0s.  Last read position: 19:21,716,539
INFO	2018-05-27 10:27:37	MergeVcfs	Processed     4,650,000 records.  Elapsed time: 00:03:02s.  Time for last 10,000:    0s.  Last read position: 19:28,719,329
INFO	2018-05-27 10:27:37	MergeVcfs	Processed     4,660,000 records.  Elapsed time: 00:03:02s.  Time for last 10,000:    0s.  Last read position: 19:34,025,030
INFO	2018-05-27 10:27:38	MergeVcfs	Processed     4,670,000 records.  Elapsed time: 00:03:03s.  Time for last 10,000:    0s.  Last read position: 19:39,761,624
INFO	2018-05-27 10:27:39	MergeVcfs	Processed     4,680,000 records.  Elapsed time: 00:03:03s.  Time for last 10,000:    0s.  Last read position: 19:45,446,260
INFO	2018-05-27 10:27:39	MergeVcfs	Processed     4,690,000 records.  Elapsed time: 00:03:04s.  Time for last 10,000:    0s.  Last read position: 19:50,803,403
INFO	2018-05-27 10:27:39	MergeVcfs	Processed     4,700,000 records.  Elapsed time: 00:03:04s.  Time for last 10,000:    0s.  Last read position: 19:54,349,018
INFO	2018-05-27 10:27:40	MergeVcfs	Processed     4,710,000 records.  Elapsed time: 00:03:05s.  Time for last 10,000:    0s.  Last read position: 19:58,278,453
INFO	2018-05-27 10:27:40	MergeVcfs	Processed     4,720,000 records.  Elapsed time: 00:03:05s.  Time for last 10,000:    0s.  Last read position: 20:4,227,524
INFO	2018-05-27 10:27:40	MergeVcfs	Processed     4,730,000 records.  Elapsed time: 00:03:05s.  Time for last 10,000:    0s.  Last read position: 20:9,117,737
INFO	2018-05-27 10:27:41	MergeVcfs	Processed     4,740,000 records.  Elapsed time: 00:03:06s.  Time for last 10,000:    0s.  Last read position: 20:14,957,425
INFO	2018-05-27 10:27:41	MergeVcfs	Processed     4,750,000 records.  Elapsed time: 00:03:06s.  Time for last 10,000:    0s.  Last read position: 20:19,802,265
INFO	2018-05-27 10:27:41	MergeVcfs	Processed     4,760,000 records.  Elapsed time: 00:03:06s.  Time for last 10,000:    0s.  Last read position: 20:25,102,572
INFO	2018-05-27 10:27:42	MergeVcfs	Processed     4,770,000 records.  Elapsed time: 00:03:07s.  Time for last 10,000:    0s.  Last read position: 20:34,154,371
INFO	2018-05-27 10:27:42	MergeVcfs	Processed     4,780,000 records.  Elapsed time: 00:03:07s.  Time for last 10,000:    0s.  Last read position: 20:42,016,966
INFO	2018-05-27 10:27:43	MergeVcfs	Processed     4,790,000 records.  Elapsed time: 00:03:07s.  Time for last 10,000:    0s.  Last read position: 20:47,537,357
INFO	2018-05-27 10:27:43	MergeVcfs	Processed     4,800,000 records.  Elapsed time: 00:03:08s.  Time for last 10,000:    0s.  Last read position: 20:52,789,417
INFO	2018-05-27 10:27:44	MergeVcfs	Processed     4,810,000 records.  Elapsed time: 00:03:08s.  Time for last 10,000:    0s.  Last read position: 20:57,058,812
INFO	2018-05-27 10:27:44	MergeVcfs	Processed     4,820,000 records.  Elapsed time: 00:03:09s.  Time for last 10,000:    0s.  Last read position: 20:61,965,508
INFO	2018-05-27 10:27:44	MergeVcfs	Processed     4,830,000 records.  Elapsed time: 00:03:09s.  Time for last 10,000:    0s.  Last read position: 21:16,958,251
INFO	2018-05-27 10:27:44	MergeVcfs	Processed     4,840,000 records.  Elapsed time: 00:03:09s.  Time for last 10,000:    0s.  Last read position: 21:21,533,684
INFO	2018-05-27 10:27:45	MergeVcfs	Processed     4,850,000 records.  Elapsed time: 00:03:10s.  Time for last 10,000:    0s.  Last read position: 21:25,442,047
INFO	2018-05-27 10:27:45	MergeVcfs	Processed     4,860,000 records.  Elapsed time: 00:03:10s.  Time for last 10,000:    0s.  Last read position: 21:29,957,710
INFO	2018-05-27 10:27:46	MergeVcfs	Processed     4,870,000 records.  Elapsed time: 00:03:10s.  Time for last 10,000:    0s.  Last read position: 21:34,642,756
INFO	2018-05-27 10:27:46	MergeVcfs	Processed     4,880,000 records.  Elapsed time: 00:03:11s.  Time for last 10,000:    0s.  Last read position: 21:39,739,136
INFO	2018-05-27 10:27:46	MergeVcfs	Processed     4,890,000 records.  Elapsed time: 00:03:11s.  Time for last 10,000:    0s.  Last read position: 21:44,049,040
INFO	2018-05-27 10:27:47	MergeVcfs	Processed     4,900,000 records.  Elapsed time: 00:03:11s.  Time for last 10,000:    0s.  Last read position: 22:16,855,764
INFO	2018-05-27 10:27:47	MergeVcfs	Processed     4,910,000 records.  Elapsed time: 00:03:12s.  Time for last 10,000:    0s.  Last read position: 22:22,584,839
INFO	2018-05-27 10:27:47	MergeVcfs	Processed     4,920,000 records.  Elapsed time: 00:03:12s.  Time for last 10,000:    0s.  Last read position: 22:26,843,990
INFO	2018-05-27 10:27:47	MergeVcfs	Processed     4,930,000 records.  Elapsed time: 00:03:12s.  Time for last 10,000:    0s.  Last read position: 22:33,334,912
INFO	2018-05-27 10:27:48	MergeVcfs	Processed     4,940,000 records.  Elapsed time: 00:03:12s.  Time for last 10,000:    0s.  Last read position: 22:37,913,647
INFO	2018-05-27 10:27:48	MergeVcfs	Processed     4,950,000 records.  Elapsed time: 00:03:13s.  Time for last 10,000:    0s.  Last read position: 22:43,595,093
INFO	2018-05-27 10:27:48	MergeVcfs	Processed     4,960,000 records.  Elapsed time: 00:03:13s.  Time for last 10,000:    0s.  Last read position: 22:47,608,834
INFO	2018-05-27 10:27:49	MergeVcfs	Processed     4,970,000 records.  Elapsed time: 00:03:14s.  Time for last 10,000:    0s.  Last read position: X:294,915
INFO	2018-05-27 10:27:49	MergeVcfs	Processed     4,980,000 records.  Elapsed time: 00:03:14s.  Time for last 10,000:    0s.  Last read position: X:3,325,546
INFO	2018-05-27 10:27:49	MergeVcfs	Processed     4,990,000 records.  Elapsed time: 00:03:14s.  Time for last 10,000:    0s.  Last read position: X:12,895,044
INFO	2018-05-27 10:27:50	MergeVcfs	Processed     5,000,000 records.  Elapsed time: 00:03:15s.  Time for last 10,000:    0s.  Last read position: X:26,518,322
INFO	2018-05-27 10:27:50	MergeVcfs	Processed     5,010,000 records.  Elapsed time: 00:03:15s.  Time for last 10,000:    0s.  Last read position: X:37,174,650
INFO	2018-05-27 10:27:51	MergeVcfs	Processed     5,020,000 records.  Elapsed time: 00:03:15s.  Time for last 10,000:    0s.  Last read position: X:49,210,895
INFO	2018-05-27 10:27:51	MergeVcfs	Processed     5,030,000 records.  Elapsed time: 00:03:16s.  Time for last 10,000:    0s.  Last read position: X:65,985,750
INFO	2018-05-27 10:27:52	MergeVcfs	Processed     5,040,000 records.  Elapsed time: 00:03:16s.  Time for last 10,000:    0s.  Last read position: X:78,068,751
INFO	2018-05-27 10:27:52	MergeVcfs	Processed     5,050,000 records.  Elapsed time: 00:03:17s.  Time for last 10,000:    0s.  Last read position: X:86,687,726
INFO	2018-05-27 10:27:53	MergeVcfs	Processed     5,060,000 records.  Elapsed time: 00:03:18s.  Time for last 10,000:    0s.  Last read position: X:94,705,170
INFO	2018-05-27 10:27:53	MergeVcfs	Processed     5,070,000 records.  Elapsed time: 00:03:18s.  Time for last 10,000:    0s.  Last read position: X:108,192,795
INFO	2018-05-27 10:27:54	MergeVcfs	Processed     5,080,000 records.  Elapsed time: 00:03:18s.  Time for last 10,000:    0s.  Last read position: X:118,149,366
INFO	2018-05-27 10:27:54	MergeVcfs	Processed     5,090,000 records.  Elapsed time: 00:03:19s.  Time for last 10,000:    0s.  Last read position: X:129,218,866
INFO	2018-05-27 10:27:54	MergeVcfs	Processed     5,100,000 records.  Elapsed time: 00:03:19s.  Time for last 10,000:    0s.  Last read position: X:142,300,274
INFO	2018-05-27 10:27:55	MergeVcfs	Processed     5,110,000 records.  Elapsed time: 00:03:20s.  Time for last 10,000:    0s.  Last read position: X:152,412,454
[Sun May 27 10:27:56 UTC 2018] picard.vcf.MergeVcfs done. Elapsed time: 3.35 minutes.
Runtime.totalMemory()=133169152
Completed s01_sort_merge_NA19043_ddr_positive_kgen.sh
Sun 27 May 10:27:56 UTC 2018

