Starting s01_sort_merge_NA19834_ddr_positive_kgen.sh
Sun 27 May 10:29:58 UTC 2018


Sorting individual genotype VCF file (chromosome 2) from 1000 Genome Project
Sun 27 May 10:29:58 UTC 2018
10:29:59.155 INFO  NativeLibraryLoader - Loading libgkl_compression.so from jar:file:/home/ec2-user/tools/picard/picard.jar!/com/intel/gkl/native/libgkl_compression.so
[Sun May 27 10:29:59 UTC 2018] SortVcf INPUT=[/home/ec2-user/results/data_analysis/gt_individuals/kgen/ddr_positive/NA19834/s01_NA19834_ddr_positive_kgen_chr2_raw.vcf] OUTPUT=/home/ec2-user/results/data_analysis/gt_individuals/kgen/ddr_positive/NA19834/s01_NA19834_ddr_positive_kgen_chr2_raw_sorted.vcf    VERBOSITY=INFO QUIET=false VALIDATION_STRINGENCY=STRICT COMPRESSION_LEVEL=5 MAX_RECORDS_IN_RAM=500000 CREATE_INDEX=true CREATE_MD5_FILE=false GA4GH_CLIENT_SECRETS=client_secrets.json USE_JDK_DEFLATER=false USE_JDK_INFLATER=false
[Sun May 27 10:29:59 UTC 2018] Executing as ec2-user@ip-172-31-36-234 on Linux 4.14.33-51.37.amzn1.x86_64 amd64; OpenJDK 64-Bit Server VM 1.8.0_171-b10; Deflater: Intel; Inflater: Intel; Provider GCS is not available; Picard version: 2.18.2-SNAPSHOT
INFO	2018-05-27 10:29:59	SortVcf	Reading entries from input file 1
INFO	2018-05-27 10:30:00	SortVcf	read        25,000 records.  Elapsed time: 00:00:01s.  Time for last 25,000:    1s.  Last read position: 2:11,622,668
INFO	2018-05-27 10:30:01	SortVcf	read        50,000 records.  Elapsed time: 00:00:02s.  Time for last 25,000:    1s.  Last read position: 2:26,398,324
INFO	2018-05-27 10:30:02	SortVcf	read        75,000 records.  Elapsed time: 00:00:03s.  Time for last 25,000:    0s.  Last read position: 2:39,069,618
INFO	2018-05-27 10:30:03	SortVcf	read       100,000 records.  Elapsed time: 00:00:04s.  Time for last 25,000:    1s.  Last read position: 2:52,145,001
INFO	2018-05-27 10:30:04	SortVcf	read       125,000 records.  Elapsed time: 00:00:05s.  Time for last 25,000:    0s.  Last read position: 2:66,710,434
INFO	2018-05-27 10:30:07	SortVcf	read       150,000 records.  Elapsed time: 00:00:07s.  Time for last 25,000:    2s.  Last read position: 2:80,511,750
INFO	2018-05-27 10:30:07	SortVcf	read       175,000 records.  Elapsed time: 00:00:08s.  Time for last 25,000:    0s.  Last read position: 2:105,326,756
INFO	2018-05-27 10:30:09	SortVcf	read       200,000 records.  Elapsed time: 00:00:09s.  Time for last 25,000:    1s.  Last read position: 2:121,225,499
INFO	2018-05-27 10:30:10	SortVcf	read       225,000 records.  Elapsed time: 00:00:10s.  Time for last 25,000:    1s.  Last read position: 2:135,055,273
INFO	2018-05-27 10:30:11	SortVcf	read       250,000 records.  Elapsed time: 00:00:12s.  Time for last 25,000:    1s.  Last read position: 2:151,146,640
INFO	2018-05-27 10:30:12	SortVcf	read       275,000 records.  Elapsed time: 00:00:13s.  Time for last 25,000:    0s.  Last read position: 2:168,769,921
INFO	2018-05-27 10:30:16	SortVcf	read       300,000 records.  Elapsed time: 00:00:17s.  Time for last 25,000:    3s.  Last read position: 2:184,161,788
INFO	2018-05-27 10:30:20	SortVcf	read       325,000 records.  Elapsed time: 00:00:20s.  Time for last 25,000:    3s.  Last read position: 2:200,656,221
INFO	2018-05-27 10:30:21	SortVcf	read       350,000 records.  Elapsed time: 00:00:21s.  Time for last 25,000:    0s.  Last read position: 2:216,003,407
INFO	2018-05-27 10:30:22	SortVcf	read       375,000 records.  Elapsed time: 00:00:23s.  Time for last 25,000:    1s.  Last read position: 2:230,096,893
INFO	2018-05-27 10:30:24	SortVcf	wrote        25,000 records.  Elapsed time: 00:00:00s.  Time for last 25,000:    0s.  Last read position: 2:11,622,668
INFO	2018-05-27 10:30:28	SortVcf	wrote        50,000 records.  Elapsed time: 00:00:04s.  Time for last 25,000:    3s.  Last read position: 2:26,398,324
INFO	2018-05-27 10:30:28	SortVcf	wrote        75,000 records.  Elapsed time: 00:00:04s.  Time for last 25,000:    0s.  Last read position: 2:39,069,618
INFO	2018-05-27 10:30:28	SortVcf	wrote       100,000 records.  Elapsed time: 00:00:04s.  Time for last 25,000:    0s.  Last read position: 2:52,145,001
INFO	2018-05-27 10:30:29	SortVcf	wrote       125,000 records.  Elapsed time: 00:00:05s.  Time for last 25,000:    0s.  Last read position: 2:66,710,434
INFO	2018-05-27 10:30:29	SortVcf	wrote       150,000 records.  Elapsed time: 00:00:05s.  Time for last 25,000:    0s.  Last read position: 2:80,511,750
INFO	2018-05-27 10:30:29	SortVcf	wrote       175,000 records.  Elapsed time: 00:00:05s.  Time for last 25,000:    0s.  Last read position: 2:105,326,756
INFO	2018-05-27 10:30:30	SortVcf	wrote       200,000 records.  Elapsed time: 00:00:06s.  Time for last 25,000:    0s.  Last read position: 2:121,225,499
INFO	2018-05-27 10:30:30	SortVcf	wrote       225,000 records.  Elapsed time: 00:00:06s.  Time for last 25,000:    0s.  Last read position: 2:135,055,273
INFO	2018-05-27 10:30:30	SortVcf	wrote       250,000 records.  Elapsed time: 00:00:06s.  Time for last 25,000:    0s.  Last read position: 2:151,146,640
INFO	2018-05-27 10:30:31	SortVcf	wrote       275,000 records.  Elapsed time: 00:00:07s.  Time for last 25,000:    0s.  Last read position: 2:168,769,921
INFO	2018-05-27 10:30:31	SortVcf	wrote       300,000 records.  Elapsed time: 00:00:07s.  Time for last 25,000:    0s.  Last read position: 2:184,161,788
INFO	2018-05-27 10:30:31	SortVcf	wrote       325,000 records.  Elapsed time: 00:00:07s.  Time for last 25,000:    0s.  Last read position: 2:200,656,221
INFO	2018-05-27 10:30:31	SortVcf	wrote       350,000 records.  Elapsed time: 00:00:07s.  Time for last 25,000:    0s.  Last read position: 2:216,003,407
INFO	2018-05-27 10:30:32	SortVcf	wrote       375,000 records.  Elapsed time: 00:00:08s.  Time for last 25,000:    0s.  Last read position: 2:230,096,893
[Sun May 27 10:30:32 UTC 2018] picard.vcf.SortVcf done. Elapsed time: 0.55 minutes.
Runtime.totalMemory()=1693450240

Merging DDR control individual genotype VCF files (including sorted chromosome 2) from 1000 Genome Project
Sun 27 May 10:30:32 UTC 2018
10:30:32.869 INFO  NativeLibraryLoader - Loading libgkl_compression.so from jar:file:/home/ec2-user/tools/picard/picard.jar!/com/intel/gkl/native/libgkl_compression.so
[Sun May 27 10:30:32 UTC 2018] MergeVcfs INPUT=[/home/ec2-user/results/data_analysis/gt_individuals/kgen/ddr_positive/NA19834/s01_NA19834_ddr_positive_kgen_chr1_raw.vcf, /home/ec2-user/results/data_analysis/gt_individuals/kgen/ddr_positive/NA19834/s01_NA19834_ddr_positive_kgen_chr2_raw_sorted.vcf, /home/ec2-user/results/data_analysis/gt_individuals/kgen/ddr_positive/NA19834/s01_NA19834_ddr_positive_kgen_chr3_raw.vcf, /home/ec2-user/results/data_analysis/gt_individuals/kgen/ddr_positive/NA19834/s01_NA19834_ddr_positive_kgen_chr4_raw.vcf, /home/ec2-user/results/data_analysis/gt_individuals/kgen/ddr_positive/NA19834/s01_NA19834_ddr_positive_kgen_chr5_raw.vcf, /home/ec2-user/results/data_analysis/gt_individuals/kgen/ddr_positive/NA19834/s01_NA19834_ddr_positive_kgen_chr6_raw.vcf, /home/ec2-user/results/data_analysis/gt_individuals/kgen/ddr_positive/NA19834/s01_NA19834_ddr_positive_kgen_chr7_raw.vcf, /home/ec2-user/results/data_analysis/gt_individuals/kgen/ddr_positive/NA19834/s01_NA19834_ddr_positive_kgen_chr8_raw.vcf, /home/ec2-user/results/data_analysis/gt_individuals/kgen/ddr_positive/NA19834/s01_NA19834_ddr_positive_kgen_chr9_raw.vcf, /home/ec2-user/results/data_analysis/gt_individuals/kgen/ddr_positive/NA19834/s01_NA19834_ddr_positive_kgen_chr10_raw.vcf, /home/ec2-user/results/data_analysis/gt_individuals/kgen/ddr_positive/NA19834/s01_NA19834_ddr_positive_kgen_chr11_raw.vcf, /home/ec2-user/results/data_analysis/gt_individuals/kgen/ddr_positive/NA19834/s01_NA19834_ddr_positive_kgen_chr12_raw.vcf, /home/ec2-user/results/data_analysis/gt_individuals/kgen/ddr_positive/NA19834/s01_NA19834_ddr_positive_kgen_chr13_raw.vcf, /home/ec2-user/results/data_analysis/gt_individuals/kgen/ddr_positive/NA19834/s01_NA19834_ddr_positive_kgen_chr14_raw.vcf, /home/ec2-user/results/data_analysis/gt_individuals/kgen/ddr_positive/NA19834/s01_NA19834_ddr_positive_kgen_chr15_raw.vcf, /home/ec2-user/results/data_analysis/gt_individuals/kgen/ddr_positive/NA19834/s01_NA19834_ddr_positive_kgen_chr16_raw.vcf, /home/ec2-user/results/data_analysis/gt_individuals/kgen/ddr_positive/NA19834/s01_NA19834_ddr_positive_kgen_chr17_raw.vcf, /home/ec2-user/results/data_analysis/gt_individuals/kgen/ddr_positive/NA19834/s01_NA19834_ddr_positive_kgen_chr18_raw.vcf, /home/ec2-user/results/data_analysis/gt_individuals/kgen/ddr_positive/NA19834/s01_NA19834_ddr_positive_kgen_chr19_raw.vcf, /home/ec2-user/results/data_analysis/gt_individuals/kgen/ddr_positive/NA19834/s01_NA19834_ddr_positive_kgen_chr20_raw.vcf, /home/ec2-user/results/data_analysis/gt_individuals/kgen/ddr_positive/NA19834/s01_NA19834_ddr_positive_kgen_chr21_raw.vcf, /home/ec2-user/results/data_analysis/gt_individuals/kgen/ddr_positive/NA19834/s01_NA19834_ddr_positive_kgen_chr22_raw.vcf, /home/ec2-user/results/data_analysis/gt_individuals/kgen/ddr_positive/NA19834/s01_NA19834_ddr_positive_kgen_chrX_raw.vcf] OUTPUT=/home/ec2-user/results/data_analysis/gt_individuals/kgen/ddr_positive/NA19834/s01_NA19834_ddr_positive_kgen_merged_raw.vcf.gz    VERBOSITY=INFO QUIET=false VALIDATION_STRINGENCY=STRICT COMPRESSION_LEVEL=5 MAX_RECORDS_IN_RAM=500000 CREATE_INDEX=true CREATE_MD5_FILE=false GA4GH_CLIENT_SECRETS=client_secrets.json USE_JDK_DEFLATER=false USE_JDK_INFLATER=false
[Sun May 27 10:30:32 UTC 2018] Executing as ec2-user@ip-172-31-36-234 on Linux 4.14.33-51.37.amzn1.x86_64 amd64; OpenJDK 64-Bit Server VM 1.8.0_171-b10; Deflater: Intel; Inflater: Intel; Provider GCS is not available; Picard version: 2.18.2-SNAPSHOT
INFO	2018-05-27 10:30:36	MergeVcfs	Processed        10,000 records.  Elapsed time: 00:00:03s.  Time for last 10,000:    0s.  Last read position: 1:5,337,058
INFO	2018-05-27 10:30:37	MergeVcfs	Processed        20,000 records.  Elapsed time: 00:00:04s.  Time for last 10,000:    0s.  Last read position: 1:10,669,510
INFO	2018-05-27 10:30:37	MergeVcfs	Processed        30,000 records.  Elapsed time: 00:00:04s.  Time for last 10,000:    0s.  Last read position: 1:16,269,477
INFO	2018-05-27 10:30:37	MergeVcfs	Processed        40,000 records.  Elapsed time: 00:00:04s.  Time for last 10,000:    0s.  Last read position: 1:21,689,005
INFO	2018-05-27 10:30:38	MergeVcfs	Processed        50,000 records.  Elapsed time: 00:00:05s.  Time for last 10,000:    0s.  Last read position: 1:27,516,508
INFO	2018-05-27 10:30:38	MergeVcfs	Processed        60,000 records.  Elapsed time: 00:00:05s.  Time for last 10,000:    0s.  Last read position: 1:34,385,740
INFO	2018-05-27 10:30:38	MergeVcfs	Processed        70,000 records.  Elapsed time: 00:00:05s.  Time for last 10,000:    0s.  Last read position: 1:40,855,691
INFO	2018-05-27 10:30:39	MergeVcfs	Processed        80,000 records.  Elapsed time: 00:00:06s.  Time for last 10,000:    0s.  Last read position: 1:47,347,285
INFO	2018-05-27 10:30:40	MergeVcfs	Processed        90,000 records.  Elapsed time: 00:00:07s.  Time for last 10,000:    0s.  Last read position: 1:54,840,496
INFO	2018-05-27 10:30:40	MergeVcfs	Processed       100,000 records.  Elapsed time: 00:00:07s.  Time for last 10,000:    0s.  Last read position: 1:60,027,952
INFO	2018-05-27 10:30:41	MergeVcfs	Processed       110,000 records.  Elapsed time: 00:00:08s.  Time for last 10,000:    0s.  Last read position: 1:65,764,879
INFO	2018-05-27 10:30:41	MergeVcfs	Processed       120,000 records.  Elapsed time: 00:00:09s.  Time for last 10,000:    0s.  Last read position: 1:71,652,584
INFO	2018-05-27 10:30:42	MergeVcfs	Processed       130,000 records.  Elapsed time: 00:00:09s.  Time for last 10,000:    0s.  Last read position: 1:77,983,394
INFO	2018-05-27 10:30:42	MergeVcfs	Processed       140,000 records.  Elapsed time: 00:00:09s.  Time for last 10,000:    0s.  Last read position: 1:83,562,316
INFO	2018-05-27 10:30:43	MergeVcfs	Processed       150,000 records.  Elapsed time: 00:00:10s.  Time for last 10,000:    0s.  Last read position: 1:89,894,185
INFO	2018-05-27 10:30:43	MergeVcfs	Processed       160,000 records.  Elapsed time: 00:00:10s.  Time for last 10,000:    0s.  Last read position: 1:95,913,448
INFO	2018-05-27 10:30:43	MergeVcfs	Processed       170,000 records.  Elapsed time: 00:00:10s.  Time for last 10,000:    0s.  Last read position: 1:102,315,705
INFO	2018-05-27 10:30:44	MergeVcfs	Processed       180,000 records.  Elapsed time: 00:00:11s.  Time for last 10,000:    0s.  Last read position: 1:107,233,518
INFO	2018-05-27 10:30:44	MergeVcfs	Processed       190,000 records.  Elapsed time: 00:00:11s.  Time for last 10,000:    0s.  Last read position: 1:113,013,190
INFO	2018-05-27 10:30:44	MergeVcfs	Processed       200,000 records.  Elapsed time: 00:00:11s.  Time for last 10,000:    0s.  Last read position: 1:119,859,572
INFO	2018-05-27 10:30:45	MergeVcfs	Processed       210,000 records.  Elapsed time: 00:00:12s.  Time for last 10,000:    0s.  Last read position: 1:152,203,495
INFO	2018-05-27 10:30:45	MergeVcfs	Processed       220,000 records.  Elapsed time: 00:00:12s.  Time for last 10,000:    0s.  Last read position: 1:158,375,527
INFO	2018-05-27 10:30:46	MergeVcfs	Processed       230,000 records.  Elapsed time: 00:00:13s.  Time for last 10,000:    0s.  Last read position: 1:163,500,256
INFO	2018-05-27 10:30:46	MergeVcfs	Processed       240,000 records.  Elapsed time: 00:00:13s.  Time for last 10,000:    0s.  Last read position: 1:169,511,555
INFO	2018-05-27 10:30:46	MergeVcfs	Processed       250,000 records.  Elapsed time: 00:00:13s.  Time for last 10,000:    0s.  Last read position: 1:176,001,496
INFO	2018-05-27 10:30:47	MergeVcfs	Processed       260,000 records.  Elapsed time: 00:00:14s.  Time for last 10,000:    0s.  Last read position: 1:181,826,790
INFO	2018-05-27 10:30:47	MergeVcfs	Processed       270,000 records.  Elapsed time: 00:00:14s.  Time for last 10,000:    0s.  Last read position: 1:188,212,339
INFO	2018-05-27 10:30:48	MergeVcfs	Processed       280,000 records.  Elapsed time: 00:00:15s.  Time for last 10,000:    0s.  Last read position: 1:193,886,154
INFO	2018-05-27 10:30:48	MergeVcfs	Processed       290,000 records.  Elapsed time: 00:00:15s.  Time for last 10,000:    0s.  Last read position: 1:199,823,126
INFO	2018-05-27 10:30:48	MergeVcfs	Processed       300,000 records.  Elapsed time: 00:00:15s.  Time for last 10,000:    0s.  Last read position: 1:206,075,209
INFO	2018-05-27 10:30:49	MergeVcfs	Processed       310,000 records.  Elapsed time: 00:00:16s.  Time for last 10,000:    0s.  Last read position: 1:212,955,231
INFO	2018-05-27 10:30:49	MergeVcfs	Processed       320,000 records.  Elapsed time: 00:00:16s.  Time for last 10,000:    0s.  Last read position: 1:218,793,848
INFO	2018-05-27 10:30:49	MergeVcfs	Processed       330,000 records.  Elapsed time: 00:00:16s.  Time for last 10,000:    0s.  Last read position: 1:224,898,863
INFO	2018-05-27 10:30:50	MergeVcfs	Processed       340,000 records.  Elapsed time: 00:00:17s.  Time for last 10,000:    0s.  Last read position: 1:230,681,253
INFO	2018-05-27 10:30:50	MergeVcfs	Processed       350,000 records.  Elapsed time: 00:00:17s.  Time for last 10,000:    0s.  Last read position: 1:236,033,290
INFO	2018-05-27 10:30:51	MergeVcfs	Processed       360,000 records.  Elapsed time: 00:00:18s.  Time for last 10,000:    0s.  Last read position: 1:240,305,659
INFO	2018-05-27 10:30:51	MergeVcfs	Processed       370,000 records.  Elapsed time: 00:00:18s.  Time for last 10,000:    0s.  Last read position: 1:245,148,399
INFO	2018-05-27 10:30:51	MergeVcfs	Processed       380,000 records.  Elapsed time: 00:00:18s.  Time for last 10,000:    0s.  Last read position: 1:248,813,723
INFO	2018-05-27 10:30:51	MergeVcfs	Processed       390,000 records.  Elapsed time: 00:00:19s.  Time for last 10,000:    0s.  Last read position: 2:3,820,763
INFO	2018-05-27 10:30:52	MergeVcfs	Processed       400,000 records.  Elapsed time: 00:00:19s.  Time for last 10,000:    0s.  Last read position: 2:8,691,773
INFO	2018-05-27 10:30:52	MergeVcfs	Processed       410,000 records.  Elapsed time: 00:00:19s.  Time for last 10,000:    0s.  Last read position: 2:13,685,649
INFO	2018-05-27 10:30:52	MergeVcfs	Processed       420,000 records.  Elapsed time: 00:00:19s.  Time for last 10,000:    0s.  Last read position: 2:19,350,640
INFO	2018-05-27 10:30:52	MergeVcfs	Processed       430,000 records.  Elapsed time: 00:00:19s.  Time for last 10,000:    0s.  Last read position: 2:25,959,477
INFO	2018-05-27 10:30:52	MergeVcfs	Processed       440,000 records.  Elapsed time: 00:00:19s.  Time for last 10,000:    0s.  Last read position: 2:31,986,063
INFO	2018-05-27 10:30:52	MergeVcfs	Processed       450,000 records.  Elapsed time: 00:00:19s.  Time for last 10,000:    0s.  Last read position: 2:36,563,661
INFO	2018-05-27 10:30:52	MergeVcfs	Processed       460,000 records.  Elapsed time: 00:00:19s.  Time for last 10,000:    0s.  Last read position: 2:41,346,543
INFO	2018-05-27 10:30:52	MergeVcfs	Processed       470,000 records.  Elapsed time: 00:00:19s.  Time for last 10,000:    0s.  Last read position: 2:45,740,560
INFO	2018-05-27 10:30:52	MergeVcfs	Processed       480,000 records.  Elapsed time: 00:00:19s.  Time for last 10,000:    0s.  Last read position: 2:50,960,386
INFO	2018-05-27 10:30:53	MergeVcfs	Processed       490,000 records.  Elapsed time: 00:00:20s.  Time for last 10,000:    0s.  Last read position: 2:56,785,192
INFO	2018-05-27 10:30:53	MergeVcfs	Processed       500,000 records.  Elapsed time: 00:00:20s.  Time for last 10,000:    0s.  Last read position: 2:62,889,906
INFO	2018-05-27 10:30:53	MergeVcfs	Processed       510,000 records.  Elapsed time: 00:00:20s.  Time for last 10,000:    0s.  Last read position: 2:69,013,314
INFO	2018-05-27 10:30:53	MergeVcfs	Processed       520,000 records.  Elapsed time: 00:00:20s.  Time for last 10,000:    0s.  Last read position: 2:75,273,585
INFO	2018-05-27 10:30:53	MergeVcfs	Processed       530,000 records.  Elapsed time: 00:00:20s.  Time for last 10,000:    0s.  Last read position: 2:80,144,920
INFO	2018-05-27 10:30:53	MergeVcfs	Processed       540,000 records.  Elapsed time: 00:00:20s.  Time for last 10,000:    0s.  Last read position: 2:86,472,989
INFO	2018-05-27 10:30:53	MergeVcfs	Processed       550,000 records.  Elapsed time: 00:00:20s.  Time for last 10,000:    0s.  Last read position: 2:101,441,418
INFO	2018-05-27 10:30:53	MergeVcfs	Processed       560,000 records.  Elapsed time: 00:00:20s.  Time for last 10,000:    0s.  Last read position: 2:107,801,027
INFO	2018-05-27 10:30:53	MergeVcfs	Processed       570,000 records.  Elapsed time: 00:00:20s.  Time for last 10,000:    0s.  Last read position: 2:115,049,818
INFO	2018-05-27 10:30:53	MergeVcfs	Processed       580,000 records.  Elapsed time: 00:00:20s.  Time for last 10,000:    0s.  Last read position: 2:120,797,357
INFO	2018-05-27 10:30:54	MergeVcfs	Processed       590,000 records.  Elapsed time: 00:00:21s.  Time for last 10,000:    0s.  Last read position: 2:126,218,867
INFO	2018-05-27 10:30:54	MergeVcfs	Processed       600,000 records.  Elapsed time: 00:00:21s.  Time for last 10,000:    0s.  Last read position: 2:132,184,070
INFO	2018-05-27 10:30:54	MergeVcfs	Processed       610,000 records.  Elapsed time: 00:00:21s.  Time for last 10,000:    0s.  Last read position: 2:137,742,886
INFO	2018-05-27 10:30:54	MergeVcfs	Processed       620,000 records.  Elapsed time: 00:00:21s.  Time for last 10,000:    0s.  Last read position: 2:142,736,379
INFO	2018-05-27 10:30:54	MergeVcfs	Processed       630,000 records.  Elapsed time: 00:00:21s.  Time for last 10,000:    0s.  Last read position: 2:150,667,270
INFO	2018-05-27 10:30:54	MergeVcfs	Processed       640,000 records.  Elapsed time: 00:00:21s.  Time for last 10,000:    0s.  Last read position: 2:157,487,986
INFO	2018-05-27 10:30:54	MergeVcfs	Processed       650,000 records.  Elapsed time: 00:00:21s.  Time for last 10,000:    0s.  Last read position: 2:164,632,851
INFO	2018-05-27 10:30:54	MergeVcfs	Processed       660,000 records.  Elapsed time: 00:00:21s.  Time for last 10,000:    0s.  Last read position: 2:171,017,200
INFO	2018-05-27 10:30:54	MergeVcfs	Processed       670,000 records.  Elapsed time: 00:00:21s.  Time for last 10,000:    0s.  Last read position: 2:177,529,020
INFO	2018-05-27 10:30:54	MergeVcfs	Processed       680,000 records.  Elapsed time: 00:00:21s.  Time for last 10,000:    0s.  Last read position: 2:183,808,424
INFO	2018-05-27 10:30:55	MergeVcfs	Processed       690,000 records.  Elapsed time: 00:00:22s.  Time for last 10,000:    0s.  Last read position: 2:190,002,422
INFO	2018-05-27 10:30:55	MergeVcfs	Processed       700,000 records.  Elapsed time: 00:00:22s.  Time for last 10,000:    0s.  Last read position: 2:196,892,209
INFO	2018-05-27 10:30:55	MergeVcfs	Processed       710,000 records.  Elapsed time: 00:00:22s.  Time for last 10,000:    0s.  Last read position: 2:204,022,020
INFO	2018-05-27 10:30:55	MergeVcfs	Processed       720,000 records.  Elapsed time: 00:00:22s.  Time for last 10,000:    0s.  Last read position: 2:209,852,446
INFO	2018-05-27 10:30:55	MergeVcfs	Processed       730,000 records.  Elapsed time: 00:00:22s.  Time for last 10,000:    0s.  Last read position: 2:215,672,401
INFO	2018-05-27 10:30:55	MergeVcfs	Processed       740,000 records.  Elapsed time: 00:00:22s.  Time for last 10,000:    0s.  Last read position: 2:221,181,167
INFO	2018-05-27 10:30:55	MergeVcfs	Processed       750,000 records.  Elapsed time: 00:00:22s.  Time for last 10,000:    0s.  Last read position: 2:227,107,035
INFO	2018-05-27 10:30:55	MergeVcfs	Processed       760,000 records.  Elapsed time: 00:00:22s.  Time for last 10,000:    0s.  Last read position: 2:232,304,779
INFO	2018-05-27 10:30:55	MergeVcfs	Processed       770,000 records.  Elapsed time: 00:00:22s.  Time for last 10,000:    0s.  Last read position: 2:238,600,018
INFO	2018-05-27 10:30:55	MergeVcfs	Processed       780,000 records.  Elapsed time: 00:00:22s.  Time for last 10,000:    0s.  Last read position: 3:450,391
INFO	2018-05-27 10:30:56	MergeVcfs	Processed       790,000 records.  Elapsed time: 00:00:23s.  Time for last 10,000:    0s.  Last read position: 3:4,190,422
INFO	2018-05-27 10:30:56	MergeVcfs	Processed       800,000 records.  Elapsed time: 00:00:23s.  Time for last 10,000:    0s.  Last read position: 3:9,040,994
INFO	2018-05-27 10:30:56	MergeVcfs	Processed       810,000 records.  Elapsed time: 00:00:23s.  Time for last 10,000:    0s.  Last read position: 3:14,450,550
INFO	2018-05-27 10:30:56	MergeVcfs	Processed       820,000 records.  Elapsed time: 00:00:24s.  Time for last 10,000:    0s.  Last read position: 3:21,671,872
INFO	2018-05-27 10:30:57	MergeVcfs	Processed       830,000 records.  Elapsed time: 00:00:24s.  Time for last 10,000:    0s.  Last read position: 3:26,323,961
INFO	2018-05-27 10:30:57	MergeVcfs	Processed       840,000 records.  Elapsed time: 00:00:24s.  Time for last 10,000:    0s.  Last read position: 3:31,051,129
INFO	2018-05-27 10:30:58	MergeVcfs	Processed       850,000 records.  Elapsed time: 00:00:25s.  Time for last 10,000:    0s.  Last read position: 3:37,047,391
INFO	2018-05-27 10:30:58	MergeVcfs	Processed       860,000 records.  Elapsed time: 00:00:25s.  Time for last 10,000:    0s.  Last read position: 3:43,120,351
INFO	2018-05-27 10:30:58	MergeVcfs	Processed       870,000 records.  Elapsed time: 00:00:25s.  Time for last 10,000:    0s.  Last read position: 3:51,300,320
INFO	2018-05-27 10:30:59	MergeVcfs	Processed       880,000 records.  Elapsed time: 00:00:26s.  Time for last 10,000:    0s.  Last read position: 3:57,709,851
INFO	2018-05-27 10:30:59	MergeVcfs	Processed       890,000 records.  Elapsed time: 00:00:26s.  Time for last 10,000:    0s.  Last read position: 3:62,565,497
INFO	2018-05-27 10:31:00	MergeVcfs	Processed       900,000 records.  Elapsed time: 00:00:27s.  Time for last 10,000:    0s.  Last read position: 3:67,755,600
INFO	2018-05-27 10:31:00	MergeVcfs	Processed       910,000 records.  Elapsed time: 00:00:27s.  Time for last 10,000:    0s.  Last read position: 3:73,712,433
INFO	2018-05-27 10:31:00	MergeVcfs	Processed       920,000 records.  Elapsed time: 00:00:28s.  Time for last 10,000:    0s.  Last read position: 3:79,600,772
INFO	2018-05-27 10:31:01	MergeVcfs	Processed       930,000 records.  Elapsed time: 00:00:28s.  Time for last 10,000:    0s.  Last read position: 3:85,684,874
INFO	2018-05-27 10:31:01	MergeVcfs	Processed       940,000 records.  Elapsed time: 00:00:28s.  Time for last 10,000:    0s.  Last read position: 3:95,311,233
INFO	2018-05-27 10:31:01	MergeVcfs	Processed       950,000 records.  Elapsed time: 00:00:28s.  Time for last 10,000:    0s.  Last read position: 3:101,439,499
INFO	2018-05-27 10:31:02	MergeVcfs	Processed       960,000 records.  Elapsed time: 00:00:29s.  Time for last 10,000:    0s.  Last read position: 3:106,744,472
INFO	2018-05-27 10:31:02	MergeVcfs	Processed       970,000 records.  Elapsed time: 00:00:29s.  Time for last 10,000:    0s.  Last read position: 3:112,281,782
INFO	2018-05-27 10:31:03	MergeVcfs	Processed       980,000 records.  Elapsed time: 00:00:30s.  Time for last 10,000:    0s.  Last read position: 3:118,863,550
INFO	2018-05-27 10:31:03	MergeVcfs	Processed       990,000 records.  Elapsed time: 00:00:30s.  Time for last 10,000:    0s.  Last read position: 3:124,761,595
INFO	2018-05-27 10:31:03	MergeVcfs	Processed     1,000,000 records.  Elapsed time: 00:00:31s.  Time for last 10,000:    0s.  Last read position: 3:130,197,413
INFO	2018-05-27 10:31:04	MergeVcfs	Processed     1,010,000 records.  Elapsed time: 00:00:31s.  Time for last 10,000:    0s.  Last read position: 3:136,694,885
INFO	2018-05-27 10:31:04	MergeVcfs	Processed     1,020,000 records.  Elapsed time: 00:00:31s.  Time for last 10,000:    0s.  Last read position: 3:143,412,268
INFO	2018-05-27 10:31:05	MergeVcfs	Processed     1,030,000 records.  Elapsed time: 00:00:32s.  Time for last 10,000:    0s.  Last read position: 3:148,524,981
INFO	2018-05-27 10:31:05	MergeVcfs	Processed     1,040,000 records.  Elapsed time: 00:00:32s.  Time for last 10,000:    0s.  Last read position: 3:154,176,645
INFO	2018-05-27 10:31:06	MergeVcfs	Processed     1,050,000 records.  Elapsed time: 00:00:33s.  Time for last 10,000:    0s.  Last read position: 3:160,346,420
INFO	2018-05-27 10:31:06	MergeVcfs	Processed     1,060,000 records.  Elapsed time: 00:00:33s.  Time for last 10,000:    0s.  Last read position: 3:164,521,100
INFO	2018-05-27 10:31:06	MergeVcfs	Processed     1,070,000 records.  Elapsed time: 00:00:33s.  Time for last 10,000:    0s.  Last read position: 3:170,827,755
INFO	2018-05-27 10:31:07	MergeVcfs	Processed     1,080,000 records.  Elapsed time: 00:00:34s.  Time for last 10,000:    0s.  Last read position: 3:176,015,418
INFO	2018-05-27 10:31:07	MergeVcfs	Processed     1,090,000 records.  Elapsed time: 00:00:34s.  Time for last 10,000:    0s.  Last read position: 3:181,461,672
INFO	2018-05-27 10:31:07	MergeVcfs	Processed     1,100,000 records.  Elapsed time: 00:00:34s.  Time for last 10,000:    0s.  Last read position: 3:187,194,882
INFO	2018-05-27 10:31:08	MergeVcfs	Processed     1,110,000 records.  Elapsed time: 00:00:35s.  Time for last 10,000:    0s.  Last read position: 3:191,677,133
INFO	2018-05-27 10:31:08	MergeVcfs	Processed     1,120,000 records.  Elapsed time: 00:00:35s.  Time for last 10,000:    0s.  Last read position: 3:195,898,503
INFO	2018-05-27 10:31:08	MergeVcfs	Processed     1,130,000 records.  Elapsed time: 00:00:35s.  Time for last 10,000:    0s.  Last read position: 4:3,565,819
INFO	2018-05-27 10:31:09	MergeVcfs	Processed     1,140,000 records.  Elapsed time: 00:00:36s.  Time for last 10,000:    0s.  Last read position: 4:7,318,135
INFO	2018-05-27 10:31:09	MergeVcfs	Processed     1,150,000 records.  Elapsed time: 00:00:36s.  Time for last 10,000:    0s.  Last read position: 4:10,990,766
INFO	2018-05-27 10:31:09	MergeVcfs	Processed     1,160,000 records.  Elapsed time: 00:00:37s.  Time for last 10,000:    0s.  Last read position: 4:15,991,275
INFO	2018-05-27 10:31:10	MergeVcfs	Processed     1,170,000 records.  Elapsed time: 00:00:37s.  Time for last 10,000:    0s.  Last read position: 4:21,719,762
INFO	2018-05-27 10:31:10	MergeVcfs	Processed     1,180,000 records.  Elapsed time: 00:00:37s.  Time for last 10,000:    0s.  Last read position: 4:27,113,650
INFO	2018-05-27 10:31:11	MergeVcfs	Processed     1,190,000 records.  Elapsed time: 00:00:38s.  Time for last 10,000:    0s.  Last read position: 4:32,249,975
INFO	2018-05-27 10:31:11	MergeVcfs	Processed     1,200,000 records.  Elapsed time: 00:00:38s.  Time for last 10,000:    0s.  Last read position: 4:37,470,370
INFO	2018-05-27 10:31:12	MergeVcfs	Processed     1,210,000 records.  Elapsed time: 00:00:39s.  Time for last 10,000:    0s.  Last read position: 4:42,589,916
INFO	2018-05-27 10:31:12	MergeVcfs	Processed     1,220,000 records.  Elapsed time: 00:00:39s.  Time for last 10,000:    0s.  Last read position: 4:47,921,824
INFO	2018-05-27 10:31:13	MergeVcfs	Processed     1,230,000 records.  Elapsed time: 00:00:40s.  Time for last 10,000:    0s.  Last read position: 4:56,794,701
INFO	2018-05-27 10:31:13	MergeVcfs	Processed     1,240,000 records.  Elapsed time: 00:00:40s.  Time for last 10,000:    0s.  Last read position: 4:61,224,853
INFO	2018-05-27 10:31:13	MergeVcfs	Processed     1,250,000 records.  Elapsed time: 00:00:40s.  Time for last 10,000:    0s.  Last read position: 4:65,858,295
INFO	2018-05-27 10:31:14	MergeVcfs	Processed     1,260,000 records.  Elapsed time: 00:00:41s.  Time for last 10,000:    0s.  Last read position: 4:70,984,463
INFO	2018-05-27 10:31:14	MergeVcfs	Processed     1,270,000 records.  Elapsed time: 00:00:41s.  Time for last 10,000:    0s.  Last read position: 4:75,992,586
INFO	2018-05-27 10:31:15	MergeVcfs	Processed     1,280,000 records.  Elapsed time: 00:00:42s.  Time for last 10,000:    0s.  Last read position: 4:80,938,584
INFO	2018-05-27 10:31:15	MergeVcfs	Processed     1,290,000 records.  Elapsed time: 00:00:42s.  Time for last 10,000:    0s.  Last read position: 4:86,289,813
INFO	2018-05-27 10:31:15	MergeVcfs	Processed     1,300,000 records.  Elapsed time: 00:00:43s.  Time for last 10,000:    0s.  Last read position: 4:91,978,448
INFO	2018-05-27 10:31:16	MergeVcfs	Processed     1,310,000 records.  Elapsed time: 00:00:43s.  Time for last 10,000:    0s.  Last read position: 4:97,855,523
INFO	2018-05-27 10:31:16	MergeVcfs	Processed     1,320,000 records.  Elapsed time: 00:00:43s.  Time for last 10,000:    0s.  Last read position: 4:103,186,490
INFO	2018-05-27 10:31:17	MergeVcfs	Processed     1,330,000 records.  Elapsed time: 00:00:44s.  Time for last 10,000:    0s.  Last read position: 4:109,733,814
INFO	2018-05-27 10:31:17	MergeVcfs	Processed     1,340,000 records.  Elapsed time: 00:00:44s.  Time for last 10,000:    0s.  Last read position: 4:115,516,701
INFO	2018-05-27 10:31:17	MergeVcfs	Processed     1,350,000 records.  Elapsed time: 00:00:44s.  Time for last 10,000:    0s.  Last read position: 4:120,869,014
INFO	2018-05-27 10:31:18	MergeVcfs	Processed     1,360,000 records.  Elapsed time: 00:00:45s.  Time for last 10,000:    0s.  Last read position: 4:126,870,345
INFO	2018-05-27 10:31:18	MergeVcfs	Processed     1,370,000 records.  Elapsed time: 00:00:45s.  Time for last 10,000:    0s.  Last read position: 4:132,966,203
INFO	2018-05-27 10:31:19	MergeVcfs	Processed     1,380,000 records.  Elapsed time: 00:00:46s.  Time for last 10,000:    0s.  Last read position: 4:138,814,757
INFO	2018-05-27 10:31:19	MergeVcfs	Processed     1,390,000 records.  Elapsed time: 00:00:46s.  Time for last 10,000:    0s.  Last read position: 4:144,910,891
INFO	2018-05-27 10:31:20	MergeVcfs	Processed     1,400,000 records.  Elapsed time: 00:00:47s.  Time for last 10,000:    0s.  Last read position: 4:152,004,112
INFO	2018-05-27 10:31:20	MergeVcfs	Processed     1,410,000 records.  Elapsed time: 00:00:47s.  Time for last 10,000:    0s.  Last read position: 4:157,433,885
INFO	2018-05-27 10:31:21	MergeVcfs	Processed     1,420,000 records.  Elapsed time: 00:00:48s.  Time for last 10,000:    0s.  Last read position: 4:162,588,672
INFO	2018-05-27 10:31:21	MergeVcfs	Processed     1,430,000 records.  Elapsed time: 00:00:48s.  Time for last 10,000:    0s.  Last read position: 4:167,336,650
INFO	2018-05-27 10:31:21	MergeVcfs	Processed     1,440,000 records.  Elapsed time: 00:00:48s.  Time for last 10,000:    0s.  Last read position: 4:172,865,435
INFO	2018-05-27 10:31:22	MergeVcfs	Processed     1,450,000 records.  Elapsed time: 00:00:49s.  Time for last 10,000:    0s.  Last read position: 4:178,164,867
INFO	2018-05-27 10:31:22	MergeVcfs	Processed     1,460,000 records.  Elapsed time: 00:00:49s.  Time for last 10,000:    0s.  Last read position: 4:182,246,699
INFO	2018-05-27 10:31:22	MergeVcfs	Processed     1,470,000 records.  Elapsed time: 00:00:50s.  Time for last 10,000:    0s.  Last read position: 4:186,636,564
INFO	2018-05-27 10:31:23	MergeVcfs	Processed     1,480,000 records.  Elapsed time: 00:00:50s.  Time for last 10,000:    0s.  Last read position: 4:190,242,646
INFO	2018-05-27 10:31:23	MergeVcfs	Processed     1,490,000 records.  Elapsed time: 00:00:50s.  Time for last 10,000:    0s.  Last read position: 5:3,062,491
INFO	2018-05-27 10:31:23	MergeVcfs	Processed     1,500,000 records.  Elapsed time: 00:00:50s.  Time for last 10,000:    0s.  Last read position: 5:7,437,503
INFO	2018-05-27 10:31:24	MergeVcfs	Processed     1,510,000 records.  Elapsed time: 00:00:51s.  Time for last 10,000:    0s.  Last read position: 5:13,034,874
INFO	2018-05-27 10:31:24	MergeVcfs	Processed     1,520,000 records.  Elapsed time: 00:00:51s.  Time for last 10,000:    0s.  Last read position: 5:18,663,578
INFO	2018-05-27 10:31:24	MergeVcfs	Processed     1,530,000 records.  Elapsed time: 00:00:51s.  Time for last 10,000:    0s.  Last read position: 5:24,382,182
INFO	2018-05-27 10:31:25	MergeVcfs	Processed     1,540,000 records.  Elapsed time: 00:00:52s.  Time for last 10,000:    0s.  Last read position: 5:29,613,723
INFO	2018-05-27 10:31:25	MergeVcfs	Processed     1,550,000 records.  Elapsed time: 00:00:52s.  Time for last 10,000:    0s.  Last read position: 5:34,394,002
INFO	2018-05-27 10:31:25	MergeVcfs	Processed     1,560,000 records.  Elapsed time: 00:00:52s.  Time for last 10,000:    0s.  Last read position: 5:39,812,944
INFO	2018-05-27 10:31:26	MergeVcfs	Processed     1,570,000 records.  Elapsed time: 00:00:53s.  Time for last 10,000:    0s.  Last read position: 5:46,208,921
INFO	2018-05-27 10:31:26	MergeVcfs	Processed     1,580,000 records.  Elapsed time: 00:00:53s.  Time for last 10,000:    0s.  Last read position: 5:54,945,675
INFO	2018-05-27 10:31:27	MergeVcfs	Processed     1,590,000 records.  Elapsed time: 00:00:54s.  Time for last 10,000:    0s.  Last read position: 5:61,161,410
INFO	2018-05-27 10:31:27	MergeVcfs	Processed     1,600,000 records.  Elapsed time: 00:00:54s.  Time for last 10,000:    0s.  Last read position: 5:67,971,850
INFO	2018-05-27 10:31:28	MergeVcfs	Processed     1,610,000 records.  Elapsed time: 00:00:55s.  Time for last 10,000:    0s.  Last read position: 5:75,495,849
INFO	2018-05-27 10:31:28	MergeVcfs	Processed     1,620,000 records.  Elapsed time: 00:00:55s.  Time for last 10,000:    0s.  Last read position: 5:80,873,851
INFO	2018-05-27 10:31:28	MergeVcfs	Processed     1,630,000 records.  Elapsed time: 00:00:55s.  Time for last 10,000:    0s.  Last read position: 5:86,923,050
INFO	2018-05-27 10:31:29	MergeVcfs	Processed     1,640,000 records.  Elapsed time: 00:00:56s.  Time for last 10,000:    0s.  Last read position: 5:95,478,246
INFO	2018-05-27 10:31:29	MergeVcfs	Processed     1,650,000 records.  Elapsed time: 00:00:56s.  Time for last 10,000:    0s.  Last read position: 5:100,946,707
INFO	2018-05-27 10:31:29	MergeVcfs	Processed     1,660,000 records.  Elapsed time: 00:00:56s.  Time for last 10,000:    0s.  Last read position: 5:106,925,176
INFO	2018-05-27 10:31:30	MergeVcfs	Processed     1,670,000 records.  Elapsed time: 00:00:57s.  Time for last 10,000:    0s.  Last read position: 5:112,707,789
INFO	2018-05-27 10:31:30	MergeVcfs	Processed     1,680,000 records.  Elapsed time: 00:00:57s.  Time for last 10,000:    0s.  Last read position: 5:117,261,460
INFO	2018-05-27 10:31:31	MergeVcfs	Processed     1,690,000 records.  Elapsed time: 00:00:58s.  Time for last 10,000:    0s.  Last read position: 5:122,016,443
INFO	2018-05-27 10:31:31	MergeVcfs	Processed     1,700,000 records.  Elapsed time: 00:00:58s.  Time for last 10,000:    0s.  Last read position: 5:126,880,337
INFO	2018-05-27 10:31:32	MergeVcfs	Processed     1,710,000 records.  Elapsed time: 00:00:59s.  Time for last 10,000:    0s.  Last read position: 5:133,387,519
INFO	2018-05-27 10:31:32	MergeVcfs	Processed     1,720,000 records.  Elapsed time: 00:00:59s.  Time for last 10,000:    0s.  Last read position: 5:141,479,565
INFO	2018-05-27 10:31:33	MergeVcfs	Processed     1,730,000 records.  Elapsed time: 00:01:00s.  Time for last 10,000:    0s.  Last read position: 5:148,089,675
INFO	2018-05-27 10:31:33	MergeVcfs	Processed     1,740,000 records.  Elapsed time: 00:01:00s.  Time for last 10,000:    0s.  Last read position: 5:154,035,953
INFO	2018-05-27 10:31:34	MergeVcfs	Processed     1,750,000 records.  Elapsed time: 00:01:01s.  Time for last 10,000:    0s.  Last read position: 5:160,384,945
INFO	2018-05-27 10:31:34	MergeVcfs	Processed     1,760,000 records.  Elapsed time: 00:01:01s.  Time for last 10,000:    0s.  Last read position: 5:165,963,317
INFO	2018-05-27 10:31:34	MergeVcfs	Processed     1,770,000 records.  Elapsed time: 00:01:01s.  Time for last 10,000:    0s.  Last read position: 5:172,036,332
INFO	2018-05-27 10:31:35	MergeVcfs	Processed     1,780,000 records.  Elapsed time: 00:01:02s.  Time for last 10,000:    0s.  Last read position: 5:177,691,338
INFO	2018-05-27 10:31:35	MergeVcfs	Processed     1,790,000 records.  Elapsed time: 00:01:02s.  Time for last 10,000:    0s.  Last read position: 6:1,104,444
INFO	2018-05-27 10:31:35	MergeVcfs	Processed     1,800,000 records.  Elapsed time: 00:01:02s.  Time for last 10,000:    0s.  Last read position: 6:5,458,513
INFO	2018-05-27 10:31:35	MergeVcfs	Processed     1,810,000 records.  Elapsed time: 00:01:03s.  Time for last 10,000:    0s.  Last read position: 6:10,259,932
INFO	2018-05-27 10:31:36	MergeVcfs	Processed     1,820,000 records.  Elapsed time: 00:01:03s.  Time for last 10,000:    0s.  Last read position: 6:15,886,775
INFO	2018-05-27 10:31:36	MergeVcfs	Processed     1,830,000 records.  Elapsed time: 00:01:03s.  Time for last 10,000:    0s.  Last read position: 6:20,975,092
INFO	2018-05-27 10:31:36	MergeVcfs	Processed     1,840,000 records.  Elapsed time: 00:01:03s.  Time for last 10,000:    0s.  Last read position: 6:25,955,341
INFO	2018-05-27 10:31:37	MergeVcfs	Processed     1,850,000 records.  Elapsed time: 00:01:04s.  Time for last 10,000:    0s.  Last read position: 6:30,292,431
INFO	2018-05-27 10:31:37	MergeVcfs	Processed     1,860,000 records.  Elapsed time: 00:01:04s.  Time for last 10,000:    0s.  Last read position: 6:32,447,154
INFO	2018-05-27 10:31:37	MergeVcfs	Processed     1,870,000 records.  Elapsed time: 00:01:05s.  Time for last 10,000:    0s.  Last read position: 6:33,074,288
INFO	2018-05-27 10:31:38	MergeVcfs	Processed     1,880,000 records.  Elapsed time: 00:01:05s.  Time for last 10,000:    0s.  Last read position: 6:39,223,000
INFO	2018-05-27 10:31:38	MergeVcfs	Processed     1,890,000 records.  Elapsed time: 00:01:06s.  Time for last 10,000:    0s.  Last read position: 6:44,950,963
INFO	2018-05-27 10:31:39	MergeVcfs	Processed     1,900,000 records.  Elapsed time: 00:01:06s.  Time for last 10,000:    0s.  Last read position: 6:51,206,168
INFO	2018-05-27 10:31:39	MergeVcfs	Processed     1,910,000 records.  Elapsed time: 00:01:06s.  Time for last 10,000:    0s.  Last read position: 6:55,999,634
INFO	2018-05-27 10:31:40	MergeVcfs	Processed     1,920,000 records.  Elapsed time: 00:01:07s.  Time for last 10,000:    0s.  Last read position: 6:63,763,992
INFO	2018-05-27 10:31:40	MergeVcfs	Processed     1,930,000 records.  Elapsed time: 00:01:07s.  Time for last 10,000:    0s.  Last read position: 6:68,296,940
INFO	2018-05-27 10:31:40	MergeVcfs	Processed     1,940,000 records.  Elapsed time: 00:01:07s.  Time for last 10,000:    0s.  Last read position: 6:73,690,683
INFO	2018-05-27 10:31:41	MergeVcfs	Processed     1,950,000 records.  Elapsed time: 00:01:08s.  Time for last 10,000:    0s.  Last read position: 6:79,385,308
INFO	2018-05-27 10:31:41	MergeVcfs	Processed     1,960,000 records.  Elapsed time: 00:01:08s.  Time for last 10,000:    0s.  Last read position: 6:85,300,318
INFO	2018-05-27 10:31:42	MergeVcfs	Processed     1,970,000 records.  Elapsed time: 00:01:09s.  Time for last 10,000:    0s.  Last read position: 6:91,214,250
INFO	2018-05-27 10:31:42	MergeVcfs	Processed     1,980,000 records.  Elapsed time: 00:01:09s.  Time for last 10,000:    0s.  Last read position: 6:97,333,504
INFO	2018-05-27 10:31:42	MergeVcfs	Processed     1,990,000 records.  Elapsed time: 00:01:09s.  Time for last 10,000:    0s.  Last read position: 6:103,357,748
INFO	2018-05-27 10:31:43	MergeVcfs	Processed     2,000,000 records.  Elapsed time: 00:01:10s.  Time for last 10,000:    0s.  Last read position: 6:108,674,035
INFO	2018-05-27 10:31:43	MergeVcfs	Processed     2,010,000 records.  Elapsed time: 00:01:10s.  Time for last 10,000:    0s.  Last read position: 6:114,832,425
INFO	2018-05-27 10:31:44	MergeVcfs	Processed     2,020,000 records.  Elapsed time: 00:01:11s.  Time for last 10,000:    0s.  Last read position: 6:121,159,380
INFO	2018-05-27 10:31:44	MergeVcfs	Processed     2,030,000 records.  Elapsed time: 00:01:11s.  Time for last 10,000:    0s.  Last read position: 6:127,719,465
INFO	2018-05-27 10:31:45	MergeVcfs	Processed     2,040,000 records.  Elapsed time: 00:01:12s.  Time for last 10,000:    0s.  Last read position: 6:133,190,367
INFO	2018-05-27 10:31:45	MergeVcfs	Processed     2,050,000 records.  Elapsed time: 00:01:12s.  Time for last 10,000:    0s.  Last read position: 6:139,272,128
INFO	2018-05-27 10:31:46	MergeVcfs	Processed     2,060,000 records.  Elapsed time: 00:01:13s.  Time for last 10,000:    0s.  Last read position: 6:146,388,320
INFO	2018-05-27 10:31:46	MergeVcfs	Processed     2,070,000 records.  Elapsed time: 00:01:13s.  Time for last 10,000:    0s.  Last read position: 6:152,146,580
INFO	2018-05-27 10:31:47	MergeVcfs	Processed     2,080,000 records.  Elapsed time: 00:01:14s.  Time for last 10,000:    0s.  Last read position: 6:156,971,901
INFO	2018-05-27 10:31:47	MergeVcfs	Processed     2,090,000 records.  Elapsed time: 00:01:14s.  Time for last 10,000:    0s.  Last read position: 6:161,331,563
INFO	2018-05-27 10:31:47	MergeVcfs	Processed     2,100,000 records.  Elapsed time: 00:01:14s.  Time for last 10,000:    0s.  Last read position: 6:165,804,882
INFO	2018-05-27 10:31:48	MergeVcfs	Processed     2,110,000 records.  Elapsed time: 00:01:15s.  Time for last 10,000:    0s.  Last read position: 6:169,984,687
INFO	2018-05-27 10:31:48	MergeVcfs	Processed     2,120,000 records.  Elapsed time: 00:01:15s.  Time for last 10,000:    0s.  Last read position: 7:3,190,276
INFO	2018-05-27 10:31:48	MergeVcfs	Processed     2,130,000 records.  Elapsed time: 00:01:15s.  Time for last 10,000:    0s.  Last read position: 7:7,506,148
INFO	2018-05-27 10:31:49	MergeVcfs	Processed     2,140,000 records.  Elapsed time: 00:01:16s.  Time for last 10,000:    0s.  Last read position: 7:11,336,642
INFO	2018-05-27 10:31:49	MergeVcfs	Processed     2,150,000 records.  Elapsed time: 00:01:16s.  Time for last 10,000:    0s.  Last read position: 7:15,148,690
INFO	2018-05-27 10:31:49	MergeVcfs	Processed     2,160,000 records.  Elapsed time: 00:01:16s.  Time for last 10,000:    0s.  Last read position: 7:20,187,535
INFO	2018-05-27 10:31:50	MergeVcfs	Processed     2,170,000 records.  Elapsed time: 00:01:17s.  Time for last 10,000:    0s.  Last read position: 7:24,962,097
INFO	2018-05-27 10:31:50	MergeVcfs	Processed     2,180,000 records.  Elapsed time: 00:01:17s.  Time for last 10,000:    0s.  Last read position: 7:30,473,428
INFO	2018-05-27 10:31:50	MergeVcfs	Processed     2,190,000 records.  Elapsed time: 00:01:17s.  Time for last 10,000:    0s.  Last read position: 7:36,067,024
INFO	2018-05-27 10:31:51	MergeVcfs	Processed     2,200,000 records.  Elapsed time: 00:01:18s.  Time for last 10,000:    0s.  Last read position: 7:41,480,051
INFO	2018-05-27 10:31:51	MergeVcfs	Processed     2,210,000 records.  Elapsed time: 00:01:18s.  Time for last 10,000:    0s.  Last read position: 7:47,267,682
INFO	2018-05-27 10:31:52	MergeVcfs	Processed     2,220,000 records.  Elapsed time: 00:01:19s.  Time for last 10,000:    0s.  Last read position: 7:52,087,881
INFO	2018-05-27 10:31:52	MergeVcfs	Processed     2,230,000 records.  Elapsed time: 00:01:19s.  Time for last 10,000:    0s.  Last read position: 7:56,648,019
INFO	2018-05-27 10:31:53	MergeVcfs	Processed     2,240,000 records.  Elapsed time: 00:01:20s.  Time for last 10,000:    0s.  Last read position: 7:64,854,664
INFO	2018-05-27 10:31:53	MergeVcfs	Processed     2,250,000 records.  Elapsed time: 00:01:20s.  Time for last 10,000:    0s.  Last read position: 7:69,742,912
INFO	2018-05-27 10:31:53	MergeVcfs	Processed     2,260,000 records.  Elapsed time: 00:01:20s.  Time for last 10,000:    0s.  Last read position: 7:76,632,253
INFO	2018-05-27 10:31:53	MergeVcfs	Processed     2,270,000 records.  Elapsed time: 00:01:20s.  Time for last 10,000:    0s.  Last read position: 7:82,011,004
INFO	2018-05-27 10:31:54	MergeVcfs	Processed     2,280,000 records.  Elapsed time: 00:01:21s.  Time for last 10,000:    0s.  Last read position: 7:87,189,930
INFO	2018-05-27 10:31:54	MergeVcfs	Processed     2,290,000 records.  Elapsed time: 00:01:21s.  Time for last 10,000:    0s.  Last read position: 7:93,132,826
INFO	2018-05-27 10:31:55	MergeVcfs	Processed     2,300,000 records.  Elapsed time: 00:01:22s.  Time for last 10,000:    0s.  Last read position: 7:99,475,138
INFO	2018-05-27 10:31:55	MergeVcfs	Processed     2,310,000 records.  Elapsed time: 00:01:22s.  Time for last 10,000:    0s.  Last read position: 7:105,542,965
INFO	2018-05-27 10:31:55	MergeVcfs	Processed     2,320,000 records.  Elapsed time: 00:01:22s.  Time for last 10,000:    0s.  Last read position: 7:111,843,630
INFO	2018-05-27 10:31:56	MergeVcfs	Processed     2,330,000 records.  Elapsed time: 00:01:23s.  Time for last 10,000:    0s.  Last read position: 7:118,751,216
INFO	2018-05-27 10:31:56	MergeVcfs	Processed     2,340,000 records.  Elapsed time: 00:01:23s.  Time for last 10,000:    0s.  Last read position: 7:124,461,288
INFO	2018-05-27 10:31:56	MergeVcfs	Processed     2,350,000 records.  Elapsed time: 00:01:24s.  Time for last 10,000:    0s.  Last read position: 7:129,625,054
INFO	2018-05-27 10:31:57	MergeVcfs	Processed     2,360,000 records.  Elapsed time: 00:01:24s.  Time for last 10,000:    0s.  Last read position: 7:135,228,450
INFO	2018-05-27 10:31:57	MergeVcfs	Processed     2,370,000 records.  Elapsed time: 00:01:24s.  Time for last 10,000:    0s.  Last read position: 7:141,037,071
INFO	2018-05-27 10:31:58	MergeVcfs	Processed     2,380,000 records.  Elapsed time: 00:01:25s.  Time for last 10,000:    0s.  Last read position: 7:147,160,731
INFO	2018-05-27 10:31:58	MergeVcfs	Processed     2,390,000 records.  Elapsed time: 00:01:25s.  Time for last 10,000:    0s.  Last read position: 7:152,263,193
INFO	2018-05-27 10:31:59	MergeVcfs	Processed     2,400,000 records.  Elapsed time: 00:01:26s.  Time for last 10,000:    0s.  Last read position: 7:156,397,864
INFO	2018-05-27 10:31:59	MergeVcfs	Processed     2,410,000 records.  Elapsed time: 00:01:26s.  Time for last 10,000:    0s.  Last read position: 8:1,217,248
INFO	2018-05-27 10:31:59	MergeVcfs	Processed     2,420,000 records.  Elapsed time: 00:01:26s.  Time for last 10,000:    0s.  Last read position: 8:3,864,820
INFO	2018-05-27 10:32:00	MergeVcfs	Processed     2,430,000 records.  Elapsed time: 00:01:27s.  Time for last 10,000:    0s.  Last read position: 8:6,178,212
INFO	2018-05-27 10:32:00	MergeVcfs	Processed     2,440,000 records.  Elapsed time: 00:01:27s.  Time for last 10,000:    0s.  Last read position: 8:10,572,531
INFO	2018-05-27 10:32:00	MergeVcfs	Processed     2,450,000 records.  Elapsed time: 00:01:27s.  Time for last 10,000:    0s.  Last read position: 8:14,270,867
INFO	2018-05-27 10:32:01	MergeVcfs	Processed     2,460,000 records.  Elapsed time: 00:01:28s.  Time for last 10,000:    0s.  Last read position: 8:17,641,103
INFO	2018-05-27 10:32:01	MergeVcfs	Processed     2,470,000 records.  Elapsed time: 00:01:28s.  Time for last 10,000:    0s.  Last read position: 8:21,975,521
INFO	2018-05-27 10:32:01	MergeVcfs	Processed     2,480,000 records.  Elapsed time: 00:01:28s.  Time for last 10,000:    0s.  Last read position: 8:27,280,860
INFO	2018-05-27 10:32:02	MergeVcfs	Processed     2,490,000 records.  Elapsed time: 00:01:29s.  Time for last 10,000:    0s.  Last read position: 8:33,097,410
INFO	2018-05-27 10:32:02	MergeVcfs	Processed     2,500,000 records.  Elapsed time: 00:01:30s.  Time for last 10,000:    0s.  Last read position: 8:39,919,743
INFO	2018-05-27 10:32:03	MergeVcfs	Processed     2,510,000 records.  Elapsed time: 00:01:30s.  Time for last 10,000:    0s.  Last read position: 8:50,126,747
INFO	2018-05-27 10:32:03	MergeVcfs	Processed     2,520,000 records.  Elapsed time: 00:01:30s.  Time for last 10,000:    0s.  Last read position: 8:55,235,198
INFO	2018-05-27 10:32:04	MergeVcfs	Processed     2,530,000 records.  Elapsed time: 00:01:31s.  Time for last 10,000:    0s.  Last read position: 8:60,841,061
INFO	2018-05-27 10:32:04	MergeVcfs	Processed     2,540,000 records.  Elapsed time: 00:01:31s.  Time for last 10,000:    0s.  Last read position: 8:66,505,104
INFO	2018-05-27 10:32:05	MergeVcfs	Processed     2,550,000 records.  Elapsed time: 00:01:32s.  Time for last 10,000:    0s.  Last read position: 8:72,889,927
INFO	2018-05-27 10:32:05	MergeVcfs	Processed     2,560,000 records.  Elapsed time: 00:01:32s.  Time for last 10,000:    0s.  Last read position: 8:78,476,677
INFO	2018-05-27 10:32:05	MergeVcfs	Processed     2,570,000 records.  Elapsed time: 00:01:32s.  Time for last 10,000:    0s.  Last read position: 8:84,332,862
INFO	2018-05-27 10:32:06	MergeVcfs	Processed     2,580,000 records.  Elapsed time: 00:01:33s.  Time for last 10,000:    0s.  Last read position: 8:90,761,485
INFO	2018-05-27 10:32:06	MergeVcfs	Processed     2,590,000 records.  Elapsed time: 00:01:33s.  Time for last 10,000:    0s.  Last read position: 8:97,333,825
INFO	2018-05-27 10:32:06	MergeVcfs	Processed     2,600,000 records.  Elapsed time: 00:01:33s.  Time for last 10,000:    0s.  Last read position: 8:103,729,398
INFO	2018-05-27 10:32:06	MergeVcfs	Processed     2,610,000 records.  Elapsed time: 00:01:33s.  Time for last 10,000:    0s.  Last read position: 8:110,035,081
INFO	2018-05-27 10:32:07	MergeVcfs	Processed     2,620,000 records.  Elapsed time: 00:01:34s.  Time for last 10,000:    0s.  Last read position: 8:115,870,224
INFO	2018-05-27 10:32:07	MergeVcfs	Processed     2,630,000 records.  Elapsed time: 00:01:34s.  Time for last 10,000:    0s.  Last read position: 8:121,443,880
INFO	2018-05-27 10:32:08	MergeVcfs	Processed     2,640,000 records.  Elapsed time: 00:01:35s.  Time for last 10,000:    0s.  Last read position: 8:126,732,043
INFO	2018-05-27 10:32:08	MergeVcfs	Processed     2,650,000 records.  Elapsed time: 00:01:35s.  Time for last 10,000:    0s.  Last read position: 8:131,865,823
INFO	2018-05-27 10:32:09	MergeVcfs	Processed     2,660,000 records.  Elapsed time: 00:01:36s.  Time for last 10,000:    0s.  Last read position: 8:136,855,510
INFO	2018-05-27 10:32:09	MergeVcfs	Processed     2,670,000 records.  Elapsed time: 00:01:36s.  Time for last 10,000:    0s.  Last read position: 8:141,543,304
INFO	2018-05-27 10:32:10	MergeVcfs	Processed     2,680,000 records.  Elapsed time: 00:01:37s.  Time for last 10,000:    0s.  Last read position: 9:192,652
INFO	2018-05-27 10:32:10	MergeVcfs	Processed     2,690,000 records.  Elapsed time: 00:01:37s.  Time for last 10,000:    0s.  Last read position: 9:3,845,541
INFO	2018-05-27 10:32:10	MergeVcfs	Processed     2,700,000 records.  Elapsed time: 00:01:37s.  Time for last 10,000:    0s.  Last read position: 9:8,501,698
INFO	2018-05-27 10:32:10	MergeVcfs	Processed     2,710,000 records.  Elapsed time: 00:01:37s.  Time for last 10,000:    0s.  Last read position: 9:12,593,124
INFO	2018-05-27 10:32:11	MergeVcfs	Processed     2,720,000 records.  Elapsed time: 00:01:38s.  Time for last 10,000:    0s.  Last read position: 9:17,430,610
INFO	2018-05-27 10:32:11	MergeVcfs	Processed     2,730,000 records.  Elapsed time: 00:01:38s.  Time for last 10,000:    0s.  Last read position: 9:22,261,910
INFO	2018-05-27 10:32:11	MergeVcfs	Processed     2,740,000 records.  Elapsed time: 00:01:38s.  Time for last 10,000:    0s.  Last read position: 9:27,466,684
INFO	2018-05-27 10:32:12	MergeVcfs	Processed     2,750,000 records.  Elapsed time: 00:01:39s.  Time for last 10,000:    0s.  Last read position: 9:32,196,104
INFO	2018-05-27 10:32:12	MergeVcfs	Processed     2,760,000 records.  Elapsed time: 00:01:39s.  Time for last 10,000:    0s.  Last read position: 9:38,654,225
INFO	2018-05-27 10:32:13	MergeVcfs	Processed     2,770,000 records.  Elapsed time: 00:01:40s.  Time for last 10,000:    0s.  Last read position: 9:73,436,425
INFO	2018-05-27 10:32:13	MergeVcfs	Processed     2,780,000 records.  Elapsed time: 00:01:40s.  Time for last 10,000:    0s.  Last read position: 9:79,281,625
INFO	2018-05-27 10:32:13	MergeVcfs	Processed     2,790,000 records.  Elapsed time: 00:01:40s.  Time for last 10,000:    0s.  Last read position: 9:84,978,587
INFO	2018-05-27 10:32:14	MergeVcfs	Processed     2,800,000 records.  Elapsed time: 00:01:41s.  Time for last 10,000:    0s.  Last read position: 9:90,493,423
INFO	2018-05-27 10:32:14	MergeVcfs	Processed     2,810,000 records.  Elapsed time: 00:01:41s.  Time for last 10,000:    0s.  Last read position: 9:96,478,271
INFO	2018-05-27 10:32:15	MergeVcfs	Processed     2,820,000 records.  Elapsed time: 00:01:42s.  Time for last 10,000:    0s.  Last read position: 9:103,828,497
INFO	2018-05-27 10:32:15	MergeVcfs	Processed     2,830,000 records.  Elapsed time: 00:01:42s.  Time for last 10,000:    0s.  Last read position: 9:108,516,888
INFO	2018-05-27 10:32:16	MergeVcfs	Processed     2,840,000 records.  Elapsed time: 00:01:43s.  Time for last 10,000:    0s.  Last read position: 9:114,415,798
INFO	2018-05-27 10:32:16	MergeVcfs	Processed     2,850,000 records.  Elapsed time: 00:01:43s.  Time for last 10,000:    0s.  Last read position: 9:120,054,797
INFO	2018-05-27 10:32:16	MergeVcfs	Processed     2,860,000 records.  Elapsed time: 00:01:43s.  Time for last 10,000:    0s.  Last read position: 9:126,518,277
INFO	2018-05-27 10:32:16	MergeVcfs	Processed     2,870,000 records.  Elapsed time: 00:01:44s.  Time for last 10,000:    0s.  Last read position: 9:132,991,779
INFO	2018-05-27 10:32:17	MergeVcfs	Processed     2,880,000 records.  Elapsed time: 00:01:44s.  Time for last 10,000:    0s.  Last read position: 9:138,174,856
INFO	2018-05-27 10:32:17	MergeVcfs	Processed     2,890,000 records.  Elapsed time: 00:01:44s.  Time for last 10,000:    0s.  Last read position: 10:2,347,736
INFO	2018-05-27 10:32:18	MergeVcfs	Processed     2,900,000 records.  Elapsed time: 00:01:45s.  Time for last 10,000:    0s.  Last read position: 10:6,491,003
INFO	2018-05-27 10:32:18	MergeVcfs	Processed     2,910,000 records.  Elapsed time: 00:01:45s.  Time for last 10,000:    0s.  Last read position: 10:11,357,510
INFO	2018-05-27 10:32:18	MergeVcfs	Processed     2,920,000 records.  Elapsed time: 00:01:45s.  Time for last 10,000:    0s.  Last read position: 10:15,683,595
INFO	2018-05-27 10:32:19	MergeVcfs	Processed     2,930,000 records.  Elapsed time: 00:01:46s.  Time for last 10,000:    0s.  Last read position: 10:20,704,533
INFO	2018-05-27 10:32:19	MergeVcfs	Processed     2,940,000 records.  Elapsed time: 00:01:46s.  Time for last 10,000:    0s.  Last read position: 10:26,362,226
INFO	2018-05-27 10:32:19	MergeVcfs	Processed     2,950,000 records.  Elapsed time: 00:01:46s.  Time for last 10,000:    0s.  Last read position: 10:30,912,894
INFO	2018-05-27 10:32:20	MergeVcfs	Processed     2,960,000 records.  Elapsed time: 00:01:47s.  Time for last 10,000:    0s.  Last read position: 10:36,941,727
INFO	2018-05-27 10:32:20	MergeVcfs	Processed     2,970,000 records.  Elapsed time: 00:01:47s.  Time for last 10,000:    0s.  Last read position: 10:47,107,666
INFO	2018-05-27 10:32:21	MergeVcfs	Processed     2,980,000 records.  Elapsed time: 00:01:48s.  Time for last 10,000:    0s.  Last read position: 10:54,821,756
INFO	2018-05-27 10:32:21	MergeVcfs	Processed     2,990,000 records.  Elapsed time: 00:01:48s.  Time for last 10,000:    0s.  Last read position: 10:59,268,811
INFO	2018-05-27 10:32:22	MergeVcfs	Processed     3,000,000 records.  Elapsed time: 00:01:49s.  Time for last 10,000:    0s.  Last read position: 10:64,613,909
INFO	2018-05-27 10:32:22	MergeVcfs	Processed     3,010,000 records.  Elapsed time: 00:01:49s.  Time for last 10,000:    0s.  Last read position: 10:69,639,570
INFO	2018-05-27 10:32:22	MergeVcfs	Processed     3,020,000 records.  Elapsed time: 00:01:49s.  Time for last 10,000:    0s.  Last read position: 10:75,198,334
INFO	2018-05-27 10:32:23	MergeVcfs	Processed     3,030,000 records.  Elapsed time: 00:01:50s.  Time for last 10,000:    0s.  Last read position: 10:82,108,654
INFO	2018-05-27 10:32:23	MergeVcfs	Processed     3,040,000 records.  Elapsed time: 00:01:50s.  Time for last 10,000:    0s.  Last read position: 10:87,090,992
INFO	2018-05-27 10:32:23	MergeVcfs	Processed     3,050,000 records.  Elapsed time: 00:01:50s.  Time for last 10,000:    0s.  Last read position: 10:92,996,797
INFO	2018-05-27 10:32:24	MergeVcfs	Processed     3,060,000 records.  Elapsed time: 00:01:51s.  Time for last 10,000:    0s.  Last read position: 10:99,460,274
INFO	2018-05-27 10:32:24	MergeVcfs	Processed     3,070,000 records.  Elapsed time: 00:01:51s.  Time for last 10,000:    0s.  Last read position: 10:106,653,311
INFO	2018-05-27 10:32:24	MergeVcfs	Processed     3,080,000 records.  Elapsed time: 00:01:51s.  Time for last 10,000:    0s.  Last read position: 10:111,586,319
INFO	2018-05-27 10:32:25	MergeVcfs	Processed     3,090,000 records.  Elapsed time: 00:01:52s.  Time for last 10,000:    0s.  Last read position: 10:117,595,116
INFO	2018-05-27 10:32:25	MergeVcfs	Processed     3,100,000 records.  Elapsed time: 00:01:52s.  Time for last 10,000:    0s.  Last read position: 10:122,951,458
INFO	2018-05-27 10:32:26	MergeVcfs	Processed     3,110,000 records.  Elapsed time: 00:01:53s.  Time for last 10,000:    0s.  Last read position: 10:128,228,142
INFO	2018-05-27 10:32:26	MergeVcfs	Processed     3,120,000 records.  Elapsed time: 00:01:53s.  Time for last 10,000:    0s.  Last read position: 10:132,811,254
INFO	2018-05-27 10:32:26	MergeVcfs	Processed     3,130,000 records.  Elapsed time: 00:01:53s.  Time for last 10,000:    0s.  Last read position: 11:2,167,303
INFO	2018-05-27 10:32:27	MergeVcfs	Processed     3,140,000 records.  Elapsed time: 00:01:54s.  Time for last 10,000:    0s.  Last read position: 11:5,678,638
INFO	2018-05-27 10:32:27	MergeVcfs	Processed     3,150,000 records.  Elapsed time: 00:01:54s.  Time for last 10,000:    0s.  Last read position: 11:10,779,029
INFO	2018-05-27 10:32:27	MergeVcfs	Processed     3,160,000 records.  Elapsed time: 00:01:54s.  Time for last 10,000:    0s.  Last read position: 11:16,017,360
INFO	2018-05-27 10:32:28	MergeVcfs	Processed     3,170,000 records.  Elapsed time: 00:01:55s.  Time for last 10,000:    0s.  Last read position: 11:21,442,866
INFO	2018-05-27 10:32:28	MergeVcfs	Processed     3,180,000 records.  Elapsed time: 00:01:55s.  Time for last 10,000:    0s.  Last read position: 11:25,525,316
INFO	2018-05-27 10:32:28	MergeVcfs	Processed     3,190,000 records.  Elapsed time: 00:01:55s.  Time for last 10,000:    0s.  Last read position: 11:31,366,700
INFO	2018-05-27 10:32:28	MergeVcfs	Processed     3,200,000 records.  Elapsed time: 00:01:56s.  Time for last 10,000:    0s.  Last read position: 11:37,205,935
INFO	2018-05-27 10:32:29	MergeVcfs	Processed     3,210,000 records.  Elapsed time: 00:01:56s.  Time for last 10,000:    0s.  Last read position: 11:41,654,121
INFO	2018-05-27 10:32:29	MergeVcfs	Processed     3,220,000 records.  Elapsed time: 00:01:56s.  Time for last 10,000:    0s.  Last read position: 11:47,791,003
INFO	2018-05-27 10:32:30	MergeVcfs	Processed     3,230,000 records.  Elapsed time: 00:01:57s.  Time for last 10,000:    0s.  Last read position: 11:55,162,500
INFO	2018-05-27 10:32:30	MergeVcfs	Processed     3,240,000 records.  Elapsed time: 00:01:57s.  Time for last 10,000:    0s.  Last read position: 11:60,697,621
INFO	2018-05-27 10:32:31	MergeVcfs	Processed     3,250,000 records.  Elapsed time: 00:01:58s.  Time for last 10,000:    0s.  Last read position: 11:67,713,070
INFO	2018-05-27 10:32:31	MergeVcfs	Processed     3,260,000 records.  Elapsed time: 00:01:58s.  Time for last 10,000:    0s.  Last read position: 11:73,773,781
INFO	2018-05-27 10:32:31	MergeVcfs	Processed     3,270,000 records.  Elapsed time: 00:01:58s.  Time for last 10,000:    0s.  Last read position: 11:79,858,863
INFO	2018-05-27 10:32:32	MergeVcfs	Processed     3,280,000 records.  Elapsed time: 00:01:59s.  Time for last 10,000:    0s.  Last read position: 11:85,429,074
INFO	2018-05-27 10:32:32	MergeVcfs	Processed     3,290,000 records.  Elapsed time: 00:01:59s.  Time for last 10,000:    0s.  Last read position: 11:91,553,124
INFO	2018-05-27 10:32:32	MergeVcfs	Processed     3,300,000 records.  Elapsed time: 00:01:59s.  Time for last 10,000:    0s.  Last read position: 11:97,563,890
INFO	2018-05-27 10:32:33	MergeVcfs	Processed     3,310,000 records.  Elapsed time: 00:02:00s.  Time for last 10,000:    0s.  Last read position: 11:101,851,952
INFO	2018-05-27 10:32:33	MergeVcfs	Processed     3,320,000 records.  Elapsed time: 00:02:00s.  Time for last 10,000:    0s.  Last read position: 11:107,173,870
INFO	2018-05-27 10:32:33	MergeVcfs	Processed     3,330,000 records.  Elapsed time: 00:02:00s.  Time for last 10,000:    0s.  Last read position: 11:113,570,405
INFO	2018-05-27 10:32:34	MergeVcfs	Processed     3,340,000 records.  Elapsed time: 00:02:01s.  Time for last 10,000:    0s.  Last read position: 11:119,087,122
INFO	2018-05-27 10:32:34	MergeVcfs	Processed     3,350,000 records.  Elapsed time: 00:02:01s.  Time for last 10,000:    0s.  Last read position: 11:124,436,202
INFO	2018-05-27 10:32:35	MergeVcfs	Processed     3,360,000 records.  Elapsed time: 00:02:02s.  Time for last 10,000:    0s.  Last read position: 11:130,422,517
INFO	2018-05-27 10:32:35	MergeVcfs	Processed     3,370,000 records.  Elapsed time: 00:02:02s.  Time for last 10,000:    0s.  Last read position: 12:695,248
INFO	2018-05-27 10:32:35	MergeVcfs	Processed     3,380,000 records.  Elapsed time: 00:02:02s.  Time for last 10,000:    0s.  Last read position: 12:6,143,356
INFO	2018-05-27 10:32:35	MergeVcfs	Processed     3,390,000 records.  Elapsed time: 00:02:02s.  Time for last 10,000:    0s.  Last read position: 12:10,452,396
INFO	2018-05-27 10:32:36	MergeVcfs	Processed     3,400,000 records.  Elapsed time: 00:02:03s.  Time for last 10,000:    0s.  Last read position: 12:15,300,542
INFO	2018-05-27 10:32:36	MergeVcfs	Processed     3,410,000 records.  Elapsed time: 00:02:03s.  Time for last 10,000:    0s.  Last read position: 12:20,920,977
INFO	2018-05-27 10:32:37	MergeVcfs	Processed     3,420,000 records.  Elapsed time: 00:02:04s.  Time for last 10,000:    0s.  Last read position: 12:26,143,443
INFO	2018-05-27 10:32:37	MergeVcfs	Processed     3,430,000 records.  Elapsed time: 00:02:04s.  Time for last 10,000:    0s.  Last read position: 12:31,414,369
INFO	2018-05-27 10:32:37	MergeVcfs	Processed     3,440,000 records.  Elapsed time: 00:02:04s.  Time for last 10,000:    0s.  Last read position: 12:40,289,703
INFO	2018-05-27 10:32:38	MergeVcfs	Processed     3,450,000 records.  Elapsed time: 00:02:05s.  Time for last 10,000:    0s.  Last read position: 12:45,839,669
INFO	2018-05-27 10:32:38	MergeVcfs	Processed     3,460,000 records.  Elapsed time: 00:02:05s.  Time for last 10,000:    0s.  Last read position: 12:52,198,739
INFO	2018-05-27 10:32:39	MergeVcfs	Processed     3,470,000 records.  Elapsed time: 00:02:06s.  Time for last 10,000:    0s.  Last read position: 12:57,759,057
INFO	2018-05-27 10:32:39	MergeVcfs	Processed     3,480,000 records.  Elapsed time: 00:02:06s.  Time for last 10,000:    0s.  Last read position: 12:63,624,912
INFO	2018-05-27 10:32:40	MergeVcfs	Processed     3,490,000 records.  Elapsed time: 00:02:07s.  Time for last 10,000:    0s.  Last read position: 12:69,815,826
INFO	2018-05-27 10:32:40	MergeVcfs	Processed     3,500,000 records.  Elapsed time: 00:02:07s.  Time for last 10,000:    0s.  Last read position: 12:75,159,446
INFO	2018-05-27 10:32:40	MergeVcfs	Processed     3,510,000 records.  Elapsed time: 00:02:07s.  Time for last 10,000:    0s.  Last read position: 12:81,565,688
INFO	2018-05-27 10:32:41	MergeVcfs	Processed     3,520,000 records.  Elapsed time: 00:02:08s.  Time for last 10,000:    0s.  Last read position: 12:86,918,829
INFO	2018-05-27 10:32:41	MergeVcfs	Processed     3,530,000 records.  Elapsed time: 00:02:08s.  Time for last 10,000:    0s.  Last read position: 12:93,898,524
INFO	2018-05-27 10:32:41	MergeVcfs	Processed     3,540,000 records.  Elapsed time: 00:02:09s.  Time for last 10,000:    0s.  Last read position: 12:99,425,790
INFO	2018-05-27 10:32:42	MergeVcfs	Processed     3,550,000 records.  Elapsed time: 00:02:09s.  Time for last 10,000:    0s.  Last read position: 12:105,494,962
INFO	2018-05-27 10:32:42	MergeVcfs	Processed     3,560,000 records.  Elapsed time: 00:02:09s.  Time for last 10,000:    0s.  Last read position: 12:113,563,105
INFO	2018-05-27 10:32:42	MergeVcfs	Processed     3,570,000 records.  Elapsed time: 00:02:09s.  Time for last 10,000:    0s.  Last read position: 12:119,366,754
INFO	2018-05-27 10:32:43	MergeVcfs	Processed     3,580,000 records.  Elapsed time: 00:02:10s.  Time for last 10,000:    0s.  Last read position: 12:125,437,236
INFO	2018-05-27 10:32:43	MergeVcfs	Processed     3,590,000 records.  Elapsed time: 00:02:10s.  Time for last 10,000:    0s.  Last read position: 12:129,771,111
INFO	2018-05-27 10:32:44	MergeVcfs	Processed     3,600,000 records.  Elapsed time: 00:02:11s.  Time for last 10,000:    0s.  Last read position: 13:19,168,198
INFO	2018-05-27 10:32:44	MergeVcfs	Processed     3,610,000 records.  Elapsed time: 00:02:11s.  Time for last 10,000:    0s.  Last read position: 13:23,580,499
INFO	2018-05-27 10:32:44	MergeVcfs	Processed     3,620,000 records.  Elapsed time: 00:02:11s.  Time for last 10,000:    0s.  Last read position: 13:28,114,856
INFO	2018-05-27 10:32:45	MergeVcfs	Processed     3,630,000 records.  Elapsed time: 00:02:12s.  Time for last 10,000:    0s.  Last read position: 13:33,696,701
INFO	2018-05-27 10:32:45	MergeVcfs	Processed     3,640,000 records.  Elapsed time: 00:02:12s.  Time for last 10,000:    0s.  Last read position: 13:39,310,746
INFO	2018-05-27 10:32:45	MergeVcfs	Processed     3,650,000 records.  Elapsed time: 00:02:12s.  Time for last 10,000:    0s.  Last read position: 13:45,752,475
INFO	2018-05-27 10:32:46	MergeVcfs	Processed     3,660,000 records.  Elapsed time: 00:02:13s.  Time for last 10,000:    0s.  Last read position: 13:51,375,211
INFO	2018-05-27 10:32:46	MergeVcfs	Processed     3,670,000 records.  Elapsed time: 00:02:13s.  Time for last 10,000:    0s.  Last read position: 13:58,503,628
INFO	2018-05-27 10:32:46	MergeVcfs	Processed     3,680,000 records.  Elapsed time: 00:02:13s.  Time for last 10,000:    0s.  Last read position: 13:63,636,943
INFO	2018-05-27 10:32:47	MergeVcfs	Processed     3,690,000 records.  Elapsed time: 00:02:14s.  Time for last 10,000:    0s.  Last read position: 13:69,439,891
INFO	2018-05-27 10:32:47	MergeVcfs	Processed     3,700,000 records.  Elapsed time: 00:02:14s.  Time for last 10,000:    0s.  Last read position: 13:74,415,126
INFO	2018-05-27 10:32:48	MergeVcfs	Processed     3,710,000 records.  Elapsed time: 00:02:15s.  Time for last 10,000:    0s.  Last read position: 13:79,889,967
INFO	2018-05-27 10:32:48	MergeVcfs	Processed     3,720,000 records.  Elapsed time: 00:02:15s.  Time for last 10,000:    0s.  Last read position: 13:85,554,743
INFO	2018-05-27 10:32:49	MergeVcfs	Processed     3,730,000 records.  Elapsed time: 00:02:16s.  Time for last 10,000:    0s.  Last read position: 13:90,618,938
INFO	2018-05-27 10:32:49	MergeVcfs	Processed     3,740,000 records.  Elapsed time: 00:02:16s.  Time for last 10,000:    0s.  Last read position: 13:95,682,367
INFO	2018-05-27 10:32:49	MergeVcfs	Processed     3,750,000 records.  Elapsed time: 00:02:16s.  Time for last 10,000:    0s.  Last read position: 13:101,275,899
INFO	2018-05-27 10:32:50	MergeVcfs	Processed     3,760,000 records.  Elapsed time: 00:02:17s.  Time for last 10,000:    0s.  Last read position: 13:105,664,559
INFO	2018-05-27 10:32:50	MergeVcfs	Processed     3,770,000 records.  Elapsed time: 00:02:17s.  Time for last 10,000:    0s.  Last read position: 13:110,499,122
INFO	2018-05-27 10:32:50	MergeVcfs	Processed     3,780,000 records.  Elapsed time: 00:02:17s.  Time for last 10,000:    0s.  Last read position: 13:115,003,677
INFO	2018-05-27 10:32:50	MergeVcfs	Processed     3,790,000 records.  Elapsed time: 00:02:18s.  Time for last 10,000:    0s.  Last read position: 14:24,421,090
INFO	2018-05-27 10:32:51	MergeVcfs	Processed     3,800,000 records.  Elapsed time: 00:02:18s.  Time for last 10,000:    0s.  Last read position: 14:30,162,857
INFO	2018-05-27 10:32:51	MergeVcfs	Processed     3,810,000 records.  Elapsed time: 00:02:18s.  Time for last 10,000:    0s.  Last read position: 14:35,581,125
INFO	2018-05-27 10:32:51	MergeVcfs	Processed     3,820,000 records.  Elapsed time: 00:02:19s.  Time for last 10,000:    0s.  Last read position: 14:41,183,723
INFO	2018-05-27 10:32:52	MergeVcfs	Processed     3,830,000 records.  Elapsed time: 00:02:19s.  Time for last 10,000:    0s.  Last read position: 14:46,963,718
INFO	2018-05-27 10:32:52	MergeVcfs	Processed     3,840,000 records.  Elapsed time: 00:02:19s.  Time for last 10,000:    0s.  Last read position: 14:52,352,950
INFO	2018-05-27 10:32:53	MergeVcfs	Processed     3,850,000 records.  Elapsed time: 00:02:20s.  Time for last 10,000:    0s.  Last read position: 14:57,807,230
INFO	2018-05-27 10:32:53	MergeVcfs	Processed     3,860,000 records.  Elapsed time: 00:02:20s.  Time for last 10,000:    0s.  Last read position: 14:64,069,288
INFO	2018-05-27 10:32:54	MergeVcfs	Processed     3,870,000 records.  Elapsed time: 00:02:21s.  Time for last 10,000:    0s.  Last read position: 14:72,484,911
INFO	2018-05-27 10:32:54	MergeVcfs	Processed     3,880,000 records.  Elapsed time: 00:02:21s.  Time for last 10,000:    0s.  Last read position: 14:78,405,720
INFO	2018-05-27 10:32:54	MergeVcfs	Processed     3,890,000 records.  Elapsed time: 00:02:21s.  Time for last 10,000:    0s.  Last read position: 14:84,746,729
INFO	2018-05-27 10:32:55	MergeVcfs	Processed     3,900,000 records.  Elapsed time: 00:02:22s.  Time for last 10,000:    0s.  Last read position: 14:90,038,821
INFO	2018-05-27 10:32:55	MergeVcfs	Processed     3,910,000 records.  Elapsed time: 00:02:22s.  Time for last 10,000:    0s.  Last read position: 14:95,264,983
INFO	2018-05-27 10:32:56	MergeVcfs	Processed     3,920,000 records.  Elapsed time: 00:02:23s.  Time for last 10,000:    0s.  Last read position: 14:100,096,473
INFO	2018-05-27 10:32:56	MergeVcfs	Processed     3,930,000 records.  Elapsed time: 00:02:23s.  Time for last 10,000:    0s.  Last read position: 14:106,030,855
INFO	2018-05-27 10:32:56	MergeVcfs	Processed     3,940,000 records.  Elapsed time: 00:02:23s.  Time for last 10,000:    0s.  Last read position: 15:24,465,408
INFO	2018-05-27 10:32:56	MergeVcfs	Processed     3,950,000 records.  Elapsed time: 00:02:23s.  Time for last 10,000:    0s.  Last read position: 15:29,585,750
INFO	2018-05-27 10:32:57	MergeVcfs	Processed     3,960,000 records.  Elapsed time: 00:02:24s.  Time for last 10,000:    0s.  Last read position: 15:35,012,906
INFO	2018-05-27 10:32:57	MergeVcfs	Processed     3,970,000 records.  Elapsed time: 00:02:24s.  Time for last 10,000:    0s.  Last read position: 15:40,176,196
INFO	2018-05-27 10:32:57	MergeVcfs	Processed     3,980,000 records.  Elapsed time: 00:02:25s.  Time for last 10,000:    0s.  Last read position: 15:47,169,308
INFO	2018-05-27 10:32:58	MergeVcfs	Processed     3,990,000 records.  Elapsed time: 00:02:25s.  Time for last 10,000:    0s.  Last read position: 15:53,631,288
INFO	2018-05-27 10:32:58	MergeVcfs	Processed     4,000,000 records.  Elapsed time: 00:02:25s.  Time for last 10,000:    0s.  Last read position: 15:58,263,181
INFO	2018-05-27 10:32:58	MergeVcfs	Processed     4,010,000 records.  Elapsed time: 00:02:25s.  Time for last 10,000:    0s.  Last read position: 15:63,344,958
INFO	2018-05-27 10:32:59	MergeVcfs	Processed     4,020,000 records.  Elapsed time: 00:02:26s.  Time for last 10,000:    0s.  Last read position: 15:69,653,303
INFO	2018-05-27 10:32:59	MergeVcfs	Processed     4,030,000 records.  Elapsed time: 00:02:26s.  Time for last 10,000:    0s.  Last read position: 15:77,312,005
INFO	2018-05-27 10:33:00	MergeVcfs	Processed     4,040,000 records.  Elapsed time: 00:02:27s.  Time for last 10,000:    0s.  Last read position: 15:84,133,480
INFO	2018-05-27 10:33:00	MergeVcfs	Processed     4,050,000 records.  Elapsed time: 00:02:27s.  Time for last 10,000:    0s.  Last read position: 15:89,724,720
INFO	2018-05-27 10:33:01	MergeVcfs	Processed     4,060,000 records.  Elapsed time: 00:02:28s.  Time for last 10,000:    0s.  Last read position: 15:94,402,940
INFO	2018-05-27 10:33:01	MergeVcfs	Processed     4,070,000 records.  Elapsed time: 00:02:28s.  Time for last 10,000:    0s.  Last read position: 15:99,020,646
INFO	2018-05-27 10:33:01	MergeVcfs	Processed     4,080,000 records.  Elapsed time: 00:02:28s.  Time for last 10,000:    0s.  Last read position: 16:808,811
INFO	2018-05-27 10:33:02	MergeVcfs	Processed     4,090,000 records.  Elapsed time: 00:02:29s.  Time for last 10,000:    0s.  Last read position: 16:5,587,786
INFO	2018-05-27 10:33:02	MergeVcfs	Processed     4,100,000 records.  Elapsed time: 00:02:29s.  Time for last 10,000:    0s.  Last read position: 16:8,484,982
INFO	2018-05-27 10:33:02	MergeVcfs	Processed     4,110,000 records.  Elapsed time: 00:02:29s.  Time for last 10,000:    0s.  Last read position: 16:11,870,494
INFO	2018-05-27 10:33:02	MergeVcfs	Processed     4,120,000 records.  Elapsed time: 00:02:30s.  Time for last 10,000:    0s.  Last read position: 16:17,329,357
INFO	2018-05-27 10:33:03	MergeVcfs	Processed     4,130,000 records.  Elapsed time: 00:02:30s.  Time for last 10,000:    0s.  Last read position: 16:23,785,099
INFO	2018-05-27 10:33:03	MergeVcfs	Processed     4,140,000 records.  Elapsed time: 00:02:30s.  Time for last 10,000:    0s.  Last read position: 16:29,786,669
INFO	2018-05-27 10:33:04	MergeVcfs	Processed     4,150,000 records.  Elapsed time: 00:02:31s.  Time for last 10,000:    0s.  Last read position: 16:51,700,342
INFO	2018-05-27 10:33:04	MergeVcfs	Processed     4,160,000 records.  Elapsed time: 00:02:31s.  Time for last 10,000:    0s.  Last read position: 16:56,748,607
INFO	2018-05-27 10:33:04	MergeVcfs	Processed     4,170,000 records.  Elapsed time: 00:02:31s.  Time for last 10,000:    0s.  Last read position: 16:63,566,079
INFO	2018-05-27 10:33:05	MergeVcfs	Processed     4,180,000 records.  Elapsed time: 00:02:32s.  Time for last 10,000:    0s.  Last read position: 16:71,347,135
INFO	2018-05-27 10:33:05	MergeVcfs	Processed     4,190,000 records.  Elapsed time: 00:02:32s.  Time for last 10,000:    0s.  Last read position: 16:76,992,954
INFO	2018-05-27 10:33:06	MergeVcfs	Processed     4,200,000 records.  Elapsed time: 00:02:33s.  Time for last 10,000:    0s.  Last read position: 16:80,405,411
INFO	2018-05-27 10:33:06	MergeVcfs	Processed     4,210,000 records.  Elapsed time: 00:02:33s.  Time for last 10,000:    0s.  Last read position: 16:83,705,649
INFO	2018-05-27 10:33:07	MergeVcfs	Processed     4,220,000 records.  Elapsed time: 00:02:34s.  Time for last 10,000:    0s.  Last read position: 16:86,888,863
INFO	2018-05-27 10:33:07	MergeVcfs	Processed     4,230,000 records.  Elapsed time: 00:02:34s.  Time for last 10,000:    0s.  Last read position: 17:904,377
INFO	2018-05-27 10:33:07	MergeVcfs	Processed     4,240,000 records.  Elapsed time: 00:02:34s.  Time for last 10,000:    0s.  Last read position: 17:5,081,473
INFO	2018-05-27 10:33:08	MergeVcfs	Processed     4,250,000 records.  Elapsed time: 00:02:35s.  Time for last 10,000:    0s.  Last read position: 17:9,897,995
INFO	2018-05-27 10:33:08	MergeVcfs	Processed     4,260,000 records.  Elapsed time: 00:02:35s.  Time for last 10,000:    0s.  Last read position: 17:14,491,981
INFO	2018-05-27 10:33:08	MergeVcfs	Processed     4,270,000 records.  Elapsed time: 00:02:35s.  Time for last 10,000:    0s.  Last read position: 17:20,752,247
INFO	2018-05-27 10:33:09	MergeVcfs	Processed     4,280,000 records.  Elapsed time: 00:02:36s.  Time for last 10,000:    0s.  Last read position: 17:31,272,456
INFO	2018-05-27 10:33:09	MergeVcfs	Processed     4,290,000 records.  Elapsed time: 00:02:36s.  Time for last 10,000:    0s.  Last read position: 17:37,607,666
INFO	2018-05-27 10:33:09	MergeVcfs	Processed     4,300,000 records.  Elapsed time: 00:02:36s.  Time for last 10,000:    0s.  Last read position: 17:45,321,694
INFO	2018-05-27 10:33:10	MergeVcfs	Processed     4,310,000 records.  Elapsed time: 00:02:37s.  Time for last 10,000:    0s.  Last read position: 17:51,878,812
INFO	2018-05-27 10:33:10	MergeVcfs	Processed     4,320,000 records.  Elapsed time: 00:02:37s.  Time for last 10,000:    0s.  Last read position: 17:58,216,961
INFO	2018-05-27 10:33:10	MergeVcfs	Processed     4,330,000 records.  Elapsed time: 00:02:38s.  Time for last 10,000:    0s.  Last read position: 17:64,071,247
INFO	2018-05-27 10:33:11	MergeVcfs	Processed     4,340,000 records.  Elapsed time: 00:02:38s.  Time for last 10,000:    0s.  Last read position: 17:69,481,959
INFO	2018-05-27 10:33:11	MergeVcfs	Processed     4,350,000 records.  Elapsed time: 00:02:38s.  Time for last 10,000:    0s.  Last read position: 17:74,558,446
INFO	2018-05-27 10:33:12	MergeVcfs	Processed     4,360,000 records.  Elapsed time: 00:02:39s.  Time for last 10,000:    0s.  Last read position: 17:78,983,936
INFO	2018-05-27 10:33:12	MergeVcfs	Processed     4,370,000 records.  Elapsed time: 00:02:39s.  Time for last 10,000:    0s.  Last read position: 18:2,373,878
INFO	2018-05-27 10:33:12	MergeVcfs	Processed     4,380,000 records.  Elapsed time: 00:02:39s.  Time for last 10,000:    0s.  Last read position: 18:6,871,181
INFO	2018-05-27 10:33:13	MergeVcfs	Processed     4,390,000 records.  Elapsed time: 00:02:40s.  Time for last 10,000:    0s.  Last read position: 18:11,338,110
INFO	2018-05-27 10:33:13	MergeVcfs	Processed     4,400,000 records.  Elapsed time: 00:02:40s.  Time for last 10,000:    0s.  Last read position: 18:19,300,364
INFO	2018-05-27 10:33:13	MergeVcfs	Processed     4,410,000 records.  Elapsed time: 00:02:40s.  Time for last 10,000:    0s.  Last read position: 18:25,516,542
INFO	2018-05-27 10:33:14	MergeVcfs	Processed     4,420,000 records.  Elapsed time: 00:02:41s.  Time for last 10,000:    0s.  Last read position: 18:32,644,588
INFO	2018-05-27 10:33:14	MergeVcfs	Processed     4,430,000 records.  Elapsed time: 00:02:41s.  Time for last 10,000:    0s.  Last read position: 18:38,980,978
INFO	2018-05-27 10:33:14	MergeVcfs	Processed     4,440,000 records.  Elapsed time: 00:02:41s.  Time for last 10,000:    0s.  Last read position: 18:45,421,899
INFO	2018-05-27 10:33:15	MergeVcfs	Processed     4,450,000 records.  Elapsed time: 00:02:42s.  Time for last 10,000:    0s.  Last read position: 18:51,016,127
INFO	2018-05-27 10:33:15	MergeVcfs	Processed     4,460,000 records.  Elapsed time: 00:02:42s.  Time for last 10,000:    0s.  Last read position: 18:56,844,020
INFO	2018-05-27 10:33:16	MergeVcfs	Processed     4,470,000 records.  Elapsed time: 00:02:43s.  Time for last 10,000:    0s.  Last read position: 18:62,027,176
INFO	2018-05-27 10:33:16	MergeVcfs	Processed     4,480,000 records.  Elapsed time: 00:02:43s.  Time for last 10,000:    0s.  Last read position: 18:66,911,113
INFO	2018-05-27 10:33:16	MergeVcfs	Processed     4,490,000 records.  Elapsed time: 00:02:43s.  Time for last 10,000:    0s.  Last read position: 18:71,872,635
INFO	2018-05-27 10:33:17	MergeVcfs	Processed     4,500,000 records.  Elapsed time: 00:02:44s.  Time for last 10,000:    0s.  Last read position: 18:76,396,914
INFO	2018-05-27 10:33:17	MergeVcfs	Processed     4,510,000 records.  Elapsed time: 00:02:44s.  Time for last 10,000:    0s.  Last read position: 19:3,207,854
INFO	2018-05-27 10:33:17	MergeVcfs	Processed     4,520,000 records.  Elapsed time: 00:02:44s.  Time for last 10,000:    0s.  Last read position: 19:7,723,124
INFO	2018-05-27 10:33:18	MergeVcfs	Processed     4,530,000 records.  Elapsed time: 00:02:45s.  Time for last 10,000:    0s.  Last read position: 19:12,614,065
INFO	2018-05-27 10:33:18	MergeVcfs	Processed     4,540,000 records.  Elapsed time: 00:02:45s.  Time for last 10,000:    0s.  Last read position: 19:17,193,518
INFO	2018-05-27 10:33:18	MergeVcfs	Processed     4,550,000 records.  Elapsed time: 00:02:45s.  Time for last 10,000:    0s.  Last read position: 19:21,807,888
INFO	2018-05-27 10:33:19	MergeVcfs	Processed     4,560,000 records.  Elapsed time: 00:02:46s.  Time for last 10,000:    0s.  Last read position: 19:29,104,349
INFO	2018-05-27 10:33:19	MergeVcfs	Processed     4,570,000 records.  Elapsed time: 00:02:46s.  Time for last 10,000:    0s.  Last read position: 19:34,430,295
INFO	2018-05-27 10:33:19	MergeVcfs	Processed     4,580,000 records.  Elapsed time: 00:02:46s.  Time for last 10,000:    0s.  Last read position: 19:39,642,007
INFO	2018-05-27 10:33:20	MergeVcfs	Processed     4,590,000 records.  Elapsed time: 00:02:47s.  Time for last 10,000:    0s.  Last read position: 19:45,818,144
INFO	2018-05-27 10:33:20	MergeVcfs	Processed     4,600,000 records.  Elapsed time: 00:02:47s.  Time for last 10,000:    0s.  Last read position: 19:50,827,474
INFO	2018-05-27 10:33:21	MergeVcfs	Processed     4,610,000 records.  Elapsed time: 00:02:48s.  Time for last 10,000:    0s.  Last read position: 19:54,392,162
INFO	2018-05-27 10:33:21	MergeVcfs	Processed     4,620,000 records.  Elapsed time: 00:02:48s.  Time for last 10,000:    0s.  Last read position: 19:58,969,179
INFO	2018-05-27 10:33:21	MergeVcfs	Processed     4,630,000 records.  Elapsed time: 00:02:48s.  Time for last 10,000:    0s.  Last read position: 20:4,778,370
INFO	2018-05-27 10:33:22	MergeVcfs	Processed     4,640,000 records.  Elapsed time: 00:02:49s.  Time for last 10,000:    0s.  Last read position: 20:9,986,343
INFO	2018-05-27 10:33:22	MergeVcfs	Processed     4,650,000 records.  Elapsed time: 00:02:49s.  Time for last 10,000:    0s.  Last read position: 20:15,730,727
INFO	2018-05-27 10:33:22	MergeVcfs	Processed     4,660,000 records.  Elapsed time: 00:02:49s.  Time for last 10,000:    0s.  Last read position: 20:21,313,837
INFO	2018-05-27 10:33:23	MergeVcfs	Processed     4,670,000 records.  Elapsed time: 00:02:50s.  Time for last 10,000:    0s.  Last read position: 20:30,332,660
INFO	2018-05-27 10:33:23	MergeVcfs	Processed     4,680,000 records.  Elapsed time: 00:02:50s.  Time for last 10,000:    0s.  Last read position: 20:37,796,848
INFO	2018-05-27 10:33:24	MergeVcfs	Processed     4,690,000 records.  Elapsed time: 00:02:51s.  Time for last 10,000:    0s.  Last read position: 20:44,628,668
INFO	2018-05-27 10:33:24	MergeVcfs	Processed     4,700,000 records.  Elapsed time: 00:02:51s.  Time for last 10,000:    0s.  Last read position: 20:50,282,693
INFO	2018-05-27 10:33:25	MergeVcfs	Processed     4,710,000 records.  Elapsed time: 00:02:52s.  Time for last 10,000:    0s.  Last read position: 20:55,274,149
INFO	2018-05-27 10:33:25	MergeVcfs	Processed     4,720,000 records.  Elapsed time: 00:02:52s.  Time for last 10,000:    0s.  Last read position: 20:60,462,834
INFO	2018-05-27 10:33:25	MergeVcfs	Processed     4,730,000 records.  Elapsed time: 00:02:52s.  Time for last 10,000:    0s.  Last read position: 21:15,452,911
INFO	2018-05-27 10:33:26	MergeVcfs	Processed     4,740,000 records.  Elapsed time: 00:02:53s.  Time for last 10,000:    0s.  Last read position: 21:20,005,455
INFO	2018-05-27 10:33:26	MergeVcfs	Processed     4,750,000 records.  Elapsed time: 00:02:53s.  Time for last 10,000:    0s.  Last read position: 21:24,227,169
INFO	2018-05-27 10:33:26	MergeVcfs	Processed     4,760,000 records.  Elapsed time: 00:02:53s.  Time for last 10,000:    0s.  Last read position: 21:28,419,471
INFO	2018-05-27 10:33:27	MergeVcfs	Processed     4,770,000 records.  Elapsed time: 00:02:54s.  Time for last 10,000:    0s.  Last read position: 21:33,538,451
INFO	2018-05-27 10:33:27	MergeVcfs	Processed     4,780,000 records.  Elapsed time: 00:02:54s.  Time for last 10,000:    0s.  Last read position: 21:39,197,410
INFO	2018-05-27 10:33:27	MergeVcfs	Processed     4,790,000 records.  Elapsed time: 00:02:54s.  Time for last 10,000:    0s.  Last read position: 21:43,904,965
INFO	2018-05-27 10:33:27	MergeVcfs	Processed     4,800,000 records.  Elapsed time: 00:02:54s.  Time for last 10,000:    0s.  Last read position: 22:16,305,499
INFO	2018-05-27 10:33:28	MergeVcfs	Processed     4,810,000 records.  Elapsed time: 00:02:55s.  Time for last 10,000:    0s.  Last read position: 22:22,267,280
INFO	2018-05-27 10:33:28	MergeVcfs	Processed     4,820,000 records.  Elapsed time: 00:02:55s.  Time for last 10,000:    0s.  Last read position: 22:26,626,242
INFO	2018-05-27 10:33:28	MergeVcfs	Processed     4,830,000 records.  Elapsed time: 00:02:55s.  Time for last 10,000:    0s.  Last read position: 22:33,021,994
INFO	2018-05-27 10:33:29	MergeVcfs	Processed     4,840,000 records.  Elapsed time: 00:02:56s.  Time for last 10,000:    0s.  Last read position: 22:38,052,291
INFO	2018-05-27 10:33:29	MergeVcfs	Processed     4,850,000 records.  Elapsed time: 00:02:56s.  Time for last 10,000:    0s.  Last read position: 22:44,055,917
INFO	2018-05-27 10:33:29	MergeVcfs	Processed     4,860,000 records.  Elapsed time: 00:02:56s.  Time for last 10,000:    0s.  Last read position: 22:48,314,059
INFO	2018-05-27 10:33:30	MergeVcfs	Processed     4,870,000 records.  Elapsed time: 00:02:57s.  Time for last 10,000:    0s.  Last read position: X:596,420
INFO	2018-05-27 10:33:30	MergeVcfs	Processed     4,880,000 records.  Elapsed time: 00:02:57s.  Time for last 10,000:    0s.  Last read position: X:6,022,996
INFO	2018-05-27 10:33:30	MergeVcfs	Processed     4,890,000 records.  Elapsed time: 00:02:57s.  Time for last 10,000:    0s.  Last read position: X:27,835,664
INFO	2018-05-27 10:33:31	MergeVcfs	Processed     4,900,000 records.  Elapsed time: 00:02:58s.  Time for last 10,000:    0s.  Last read position: X:40,063,107
INFO	2018-05-27 10:33:31	MergeVcfs	Processed     4,910,000 records.  Elapsed time: 00:02:58s.  Time for last 10,000:    0s.  Last read position: X:56,005,522
INFO	2018-05-27 10:33:31	MergeVcfs	Processed     4,920,000 records.  Elapsed time: 00:02:58s.  Time for last 10,000:    0s.  Last read position: X:77,454,196
INFO	2018-05-27 10:33:32	MergeVcfs	Processed     4,930,000 records.  Elapsed time: 00:02:59s.  Time for last 10,000:    0s.  Last read position: X:89,729,323
INFO	2018-05-27 10:33:32	MergeVcfs	Processed     4,940,000 records.  Elapsed time: 00:02:59s.  Time for last 10,000:    0s.  Last read position: X:100,552,606
INFO	2018-05-27 10:33:32	MergeVcfs	Processed     4,950,000 records.  Elapsed time: 00:02:59s.  Time for last 10,000:    0s.  Last read position: X:115,072,855
INFO	2018-05-27 10:33:33	MergeVcfs	Processed     4,960,000 records.  Elapsed time: 00:03:00s.  Time for last 10,000:    0s.  Last read position: X:125,212,575
INFO	2018-05-27 10:33:33	MergeVcfs	Processed     4,970,000 records.  Elapsed time: 00:03:00s.  Time for last 10,000:    0s.  Last read position: X:138,921,106
INFO	2018-05-27 10:33:33	MergeVcfs	Processed     4,980,000 records.  Elapsed time: 00:03:00s.  Time for last 10,000:    0s.  Last read position: X:148,458,665
[Sun May 27 10:33:35 UTC 2018] picard.vcf.MergeVcfs done. Elapsed time: 3.05 minutes.
Runtime.totalMemory()=136314880
Completed s01_sort_merge_NA19834_ddr_positive_kgen.sh
Sun 27 May 10:33:35 UTC 2018

