Starting s01_select_HG02977_ddr_positive_kgen.sh
Mon 28 May 05:35:17 UTC 2018

1000 Genomes Project Individual ID - DDR positive genotype to be extracted - HG02977

Selecting DDR positive individual genotype from 1000 Genome Project (Chromosome 1) ...
Mon 28 May 05:35:17 UTC 2018

Completed DDR positive individual genotype from 1000 Genome Project (Chromosome 1)
Mon 28 May 06:03:50 UTC 2018

Selecting DDR positive individual genotype from 1000 Genome Project (Chromosome 2) ...
Mon 28 May 06:03:50 UTC 2018

Completed DDR positive individual genotype from 1000 Genome Project (Chromosome 2)
Mon 28 May 06:36:15 UTC 2018

Selecting DDR positive individual genotype from 1000 Genome Project (Chromosome 3) ...
Mon 28 May 06:36:15 UTC 2018

Completed DDR positive individual genotype from 1000 Genome Project (Chromosome 3)
Mon 28 May 07:01:59 UTC 2018

Selecting DDR positive individual genotype from 1000 Genome Project (Chromosome 4) ...
Mon 28 May 07:01:59 UTC 2018

Completed DDR positive individual genotype from 1000 Genome Project (Chromosome 4)
Mon 28 May 07:28:14 UTC 2018

Selecting DDR positive individual genotype from 1000 Genome Project (Chromosome 5) ...
Mon 28 May 07:28:14 UTC 2018

Completed DDR positive individual genotype from 1000 Genome Project (Chromosome 5)
Mon 28 May 07:53:08 UTC 2018

Selecting DDR positive individual genotype from 1000 Genome Project (Chromosome 6) ...
Mon 28 May 07:53:08 UTC 2018

Completed DDR positive individual genotype from 1000 Genome Project (Chromosome 6)
Mon 28 May 08:15:37 UTC 2018

Selecting DDR positive individual genotype from 1000 Genome Project (Chromosome 7) ...
Mon 28 May 08:15:37 UTC 2018

Completed DDR positive individual genotype from 1000 Genome Project (Chromosome 7)
Mon 28 May 08:37:08 UTC 2018

Selecting DDR positive individual genotype from 1000 Genome Project (Chromosome 8) ...
Mon 28 May 08:37:08 UTC 2018

Completed DDR positive individual genotype from 1000 Genome Project (Chromosome 8)
Mon 28 May 08:58:22 UTC 2018

Selecting DDR positive individual genotype from 1000 Genome Project (Chromosome 9) ...
Mon 28 May 08:58:22 UTC 2018

Completed DDR positive individual genotype from 1000 Genome Project (Chromosome 9)
Mon 28 May 09:14:32 UTC 2018

Selecting DDR positive individual genotype from 1000 Genome Project (Chromosome 10) ...
Mon 28 May 09:14:32 UTC 2018

Completed DDR positive individual genotype from 1000 Genome Project (Chromosome 10)
Mon 28 May 09:32:41 UTC 2018

Selecting DDR positive individual genotype from 1000 Genome Project (Chromosome 11) ...
Mon 28 May 09:32:41 UTC 2018

Completed DDR positive individual genotype from 1000 Genome Project (Chromosome 11)
Mon 28 May 09:51:25 UTC 2018

Selecting DDR positive individual genotype from 1000 Genome Project (Chromosome 12) ...
Mon 28 May 09:51:25 UTC 2018

Completed DDR positive individual genotype from 1000 Genome Project (Chromosome 12)
Mon 28 May 10:08:28 UTC 2018

Selecting DDR positive individual genotype from 1000 Genome Project (Chromosome 13) ...
Mon 28 May 10:08:28 UTC 2018

Completed DDR positive individual genotype from 1000 Genome Project (Chromosome 13)
Mon 28 May 10:21:18 UTC 2018

Selecting DDR positive individual genotype from 1000 Genome Project (Chromosome 14) ...
Mon 28 May 10:21:18 UTC 2018

Completed DDR positive individual genotype from 1000 Genome Project (Chromosome 14)
Mon 28 May 10:33:05 UTC 2018

Selecting DDR positive individual genotype from 1000 Genome Project (Chromosome 15) ...
Mon 28 May 10:33:05 UTC 2018

Completed DDR positive individual genotype from 1000 Genome Project (Chromosome 15)
Mon 28 May 10:43:42 UTC 2018

Selecting DDR positive individual genotype from 1000 Genome Project (Chromosome 16) ...
Mon 28 May 10:43:42 UTC 2018

Completed DDR positive individual genotype from 1000 Genome Project (Chromosome 16)
Mon 28 May 10:56:06 UTC 2018

Selecting DDR positive individual genotype from 1000 Genome Project (Chromosome 17) ...
Mon 28 May 10:56:06 UTC 2018

Completed DDR positive individual genotype from 1000 Genome Project (Chromosome 17)
Mon 28 May 11:06:40 UTC 2018

Selecting DDR positive individual genotype from 1000 Genome Project (Chromosome 18) ...
Mon 28 May 11:06:40 UTC 2018

Completed DDR positive individual genotype from 1000 Genome Project (Chromosome 18)
Mon 28 May 11:16:42 UTC 2018

Selecting DDR positive individual genotype from 1000 Genome Project (Chromosome 19) ...
Mon 28 May 11:16:42 UTC 2018

Completed DDR positive individual genotype from 1000 Genome Project (Chromosome 19)
Mon 28 May 11:25:09 UTC 2018

Selecting DDR positive individual genotype from 1000 Genome Project (Chromosome 20) ...
Mon 28 May 11:25:09 UTC 2018

Completed DDR positive individual genotype from 1000 Genome Project (Chromosome 20)
Mon 28 May 11:33:15 UTC 2018

Selecting DDR positive individual genotype from 1000 Genome Project (Chromosome 21) ...
Mon 28 May 11:33:15 UTC 2018

Completed DDR positive individual genotype from 1000 Genome Project (Chromosome 21)
Mon 28 May 11:38:10 UTC 2018

Selecting DDR positive individual genotype from 1000 Genome Project (Chromosome 22) ...
Mon 28 May 11:38:10 UTC 2018

Completed DDR positive individual genotype from 1000 Genome Project (Chromosome 22)
Mon 28 May 11:43:21 UTC 2018

Selecting DDR positive individual genotype from 1000 Genome Project (Chromosome X) ...
Mon 28 May 11:43:21 UTC 2018

Completed DDR positive individual genotype from 1000 Genome Project (Chromosome X)
Mon 28 May 11:59:17 UTC 2018


Merging DDR positive individual genotype VCF files from 1000 Genome Project
Mon 28 May 11:59:17 UTC 2018
11:59:18.053 INFO  NativeLibraryLoader - Loading libgkl_compression.so from jar:file:/home/ec2-user/tools/picard/picard.jar!/com/intel/gkl/native/libgkl_compression.so
[Mon May 28 11:59:18 UTC 2018] MergeVcfs INPUT=[/home/ec2-user/results/data_analysis/gt_individuals/kgen/ddr_positive/HG02977/s01_HG02977_ddr_positive_kgen_chr1_raw.vcf, /home/ec2-user/results/data_analysis/gt_individuals/kgen/ddr_positive/HG02977/s01_HG02977_ddr_positive_kgen_chr2_raw.vcf, /home/ec2-user/results/data_analysis/gt_individuals/kgen/ddr_positive/HG02977/s01_HG02977_ddr_positive_kgen_chr3_raw.vcf, /home/ec2-user/results/data_analysis/gt_individuals/kgen/ddr_positive/HG02977/s01_HG02977_ddr_positive_kgen_chr4_raw.vcf, /home/ec2-user/results/data_analysis/gt_individuals/kgen/ddr_positive/HG02977/s01_HG02977_ddr_positive_kgen_chr5_raw.vcf, /home/ec2-user/results/data_analysis/gt_individuals/kgen/ddr_positive/HG02977/s01_HG02977_ddr_positive_kgen_chr6_raw.vcf, /home/ec2-user/results/data_analysis/gt_individuals/kgen/ddr_positive/HG02977/s01_HG02977_ddr_positive_kgen_chr7_raw.vcf, /home/ec2-user/results/data_analysis/gt_individuals/kgen/ddr_positive/HG02977/s01_HG02977_ddr_positive_kgen_chr8_raw.vcf, /home/ec2-user/results/data_analysis/gt_individuals/kgen/ddr_positive/HG02977/s01_HG02977_ddr_positive_kgen_chr9_raw.vcf, /home/ec2-user/results/data_analysis/gt_individuals/kgen/ddr_positive/HG02977/s01_HG02977_ddr_positive_kgen_chr10_raw.vcf, /home/ec2-user/results/data_analysis/gt_individuals/kgen/ddr_positive/HG02977/s01_HG02977_ddr_positive_kgen_chr11_raw.vcf, /home/ec2-user/results/data_analysis/gt_individuals/kgen/ddr_positive/HG02977/s01_HG02977_ddr_positive_kgen_chr12_raw.vcf, /home/ec2-user/results/data_analysis/gt_individuals/kgen/ddr_positive/HG02977/s01_HG02977_ddr_positive_kgen_chr13_raw.vcf, /home/ec2-user/results/data_analysis/gt_individuals/kgen/ddr_positive/HG02977/s01_HG02977_ddr_positive_kgen_chr14_raw.vcf, /home/ec2-user/results/data_analysis/gt_individuals/kgen/ddr_positive/HG02977/s01_HG02977_ddr_positive_kgen_chr15_raw.vcf, /home/ec2-user/results/data_analysis/gt_individuals/kgen/ddr_positive/HG02977/s01_HG02977_ddr_positive_kgen_chr16_raw.vcf, /home/ec2-user/results/data_analysis/gt_individuals/kgen/ddr_positive/HG02977/s01_HG02977_ddr_positive_kgen_chr17_raw.vcf, /home/ec2-user/results/data_analysis/gt_individuals/kgen/ddr_positive/HG02977/s01_HG02977_ddr_positive_kgen_chr18_raw.vcf, /home/ec2-user/results/data_analysis/gt_individuals/kgen/ddr_positive/HG02977/s01_HG02977_ddr_positive_kgen_chr19_raw.vcf, /home/ec2-user/results/data_analysis/gt_individuals/kgen/ddr_positive/HG02977/s01_HG02977_ddr_positive_kgen_chr20_raw.vcf, /home/ec2-user/results/data_analysis/gt_individuals/kgen/ddr_positive/HG02977/s01_HG02977_ddr_positive_kgen_chr21_raw.vcf, /home/ec2-user/results/data_analysis/gt_individuals/kgen/ddr_positive/HG02977/s01_HG02977_ddr_positive_kgen_chr22_raw.vcf, /home/ec2-user/results/data_analysis/gt_individuals/kgen/ddr_positive/HG02977/s01_HG02977_ddr_positive_kgen_chrX_raw.vcf] OUTPUT=/home/ec2-user/results/data_analysis/gt_individuals/kgen/ddr_positive/HG02977/s01_HG02977_ddr_positive_kgen_merged_raw.vcf.gz    VERBOSITY=INFO QUIET=false VALIDATION_STRINGENCY=STRICT COMPRESSION_LEVEL=5 MAX_RECORDS_IN_RAM=500000 CREATE_INDEX=true CREATE_MD5_FILE=false GA4GH_CLIENT_SECRETS=client_secrets.json USE_JDK_DEFLATER=false USE_JDK_INFLATER=false
[Mon May 28 11:59:18 UTC 2018] Executing as ec2-user@ip-172-31-36-234 on Linux 4.14.33-51.37.amzn1.x86_64 amd64; OpenJDK 64-Bit Server VM 1.8.0_171-b10; Deflater: Intel; Inflater: Intel; Provider GCS is not available; Picard version: 2.18.2-SNAPSHOT
INFO	2018-05-28 11:59:19	MergeVcfs	Processed        10,000 records.  Elapsed time: 00:00:01s.  Time for last 10,000:    0s.  Last read position: 1:5,164,445
INFO	2018-05-28 11:59:19	MergeVcfs	Processed        20,000 records.  Elapsed time: 00:00:01s.  Time for last 10,000:    0s.  Last read position: 1:10,482,150
INFO	2018-05-28 11:59:20	MergeVcfs	Processed        30,000 records.  Elapsed time: 00:00:01s.  Time for last 10,000:    0s.  Last read position: 1:15,919,641
INFO	2018-05-28 11:59:20	MergeVcfs	Processed        40,000 records.  Elapsed time: 00:00:02s.  Time for last 10,000:    0s.  Last read position: 1:20,936,762
INFO	2018-05-28 11:59:20	MergeVcfs	Processed        50,000 records.  Elapsed time: 00:00:02s.  Time for last 10,000:    0s.  Last read position: 1:26,406,722
INFO	2018-05-28 11:59:20	MergeVcfs	Processed        60,000 records.  Elapsed time: 00:00:02s.  Time for last 10,000:    0s.  Last read position: 1:33,157,604
INFO	2018-05-28 11:59:21	MergeVcfs	Processed        70,000 records.  Elapsed time: 00:00:03s.  Time for last 10,000:    0s.  Last read position: 1:40,156,778
INFO	2018-05-28 11:59:21	MergeVcfs	Processed        80,000 records.  Elapsed time: 00:00:03s.  Time for last 10,000:    0s.  Last read position: 1:46,990,681
INFO	2018-05-28 11:59:21	MergeVcfs	Processed        90,000 records.  Elapsed time: 00:00:03s.  Time for last 10,000:    0s.  Last read position: 1:54,710,949
INFO	2018-05-28 11:59:21	MergeVcfs	Processed       100,000 records.  Elapsed time: 00:00:03s.  Time for last 10,000:    0s.  Last read position: 1:60,003,727
INFO	2018-05-28 11:59:22	MergeVcfs	Processed       110,000 records.  Elapsed time: 00:00:04s.  Time for last 10,000:    0s.  Last read position: 1:66,510,285
INFO	2018-05-28 11:59:22	MergeVcfs	Processed       120,000 records.  Elapsed time: 00:00:04s.  Time for last 10,000:    0s.  Last read position: 1:72,563,110
INFO	2018-05-28 11:59:22	MergeVcfs	Processed       130,000 records.  Elapsed time: 00:00:04s.  Time for last 10,000:    0s.  Last read position: 1:78,840,406
INFO	2018-05-28 11:59:22	MergeVcfs	Processed       140,000 records.  Elapsed time: 00:00:04s.  Time for last 10,000:    0s.  Last read position: 1:84,117,342
INFO	2018-05-28 11:59:23	MergeVcfs	Processed       150,000 records.  Elapsed time: 00:00:04s.  Time for last 10,000:    0s.  Last read position: 1:89,852,410
INFO	2018-05-28 11:59:23	MergeVcfs	Processed       160,000 records.  Elapsed time: 00:00:05s.  Time for last 10,000:    0s.  Last read position: 1:95,990,749
INFO	2018-05-28 11:59:23	MergeVcfs	Processed       170,000 records.  Elapsed time: 00:00:05s.  Time for last 10,000:    0s.  Last read position: 1:102,376,258
INFO	2018-05-28 11:59:23	MergeVcfs	Processed       180,000 records.  Elapsed time: 00:00:05s.  Time for last 10,000:    0s.  Last read position: 1:106,870,121
INFO	2018-05-28 11:59:23	MergeVcfs	Processed       190,000 records.  Elapsed time: 00:00:05s.  Time for last 10,000:    0s.  Last read position: 1:112,747,724
INFO	2018-05-28 11:59:23	MergeVcfs	Processed       200,000 records.  Elapsed time: 00:00:05s.  Time for last 10,000:    0s.  Last read position: 1:119,181,128
INFO	2018-05-28 11:59:23	MergeVcfs	Processed       210,000 records.  Elapsed time: 00:00:05s.  Time for last 10,000:    0s.  Last read position: 1:150,924,790
INFO	2018-05-28 11:59:24	MergeVcfs	Processed       220,000 records.  Elapsed time: 00:00:06s.  Time for last 10,000:    0s.  Last read position: 1:157,531,532
INFO	2018-05-28 11:59:24	MergeVcfs	Processed       230,000 records.  Elapsed time: 00:00:06s.  Time for last 10,000:    0s.  Last read position: 1:162,896,420
INFO	2018-05-28 11:59:24	MergeVcfs	Processed       240,000 records.  Elapsed time: 00:00:06s.  Time for last 10,000:    0s.  Last read position: 1:168,182,285
INFO	2018-05-28 11:59:24	MergeVcfs	Processed       250,000 records.  Elapsed time: 00:00:06s.  Time for last 10,000:    0s.  Last read position: 1:173,928,841
INFO	2018-05-28 11:59:24	MergeVcfs	Processed       260,000 records.  Elapsed time: 00:00:06s.  Time for last 10,000:    0s.  Last read position: 1:179,513,807
INFO	2018-05-28 11:59:24	MergeVcfs	Processed       270,000 records.  Elapsed time: 00:00:06s.  Time for last 10,000:    0s.  Last read position: 1:185,475,885
INFO	2018-05-28 11:59:24	MergeVcfs	Processed       280,000 records.  Elapsed time: 00:00:06s.  Time for last 10,000:    0s.  Last read position: 1:190,195,165
INFO	2018-05-28 11:59:24	MergeVcfs	Processed       290,000 records.  Elapsed time: 00:00:06s.  Time for last 10,000:    0s.  Last read position: 1:196,236,425
INFO	2018-05-28 11:59:24	MergeVcfs	Processed       300,000 records.  Elapsed time: 00:00:06s.  Time for last 10,000:    0s.  Last read position: 1:202,056,430
INFO	2018-05-28 11:59:25	MergeVcfs	Processed       310,000 records.  Elapsed time: 00:00:06s.  Time for last 10,000:    0s.  Last read position: 1:209,029,464
INFO	2018-05-28 11:59:25	MergeVcfs	Processed       320,000 records.  Elapsed time: 00:00:07s.  Time for last 10,000:    0s.  Last read position: 1:214,891,605
INFO	2018-05-28 11:59:25	MergeVcfs	Processed       330,000 records.  Elapsed time: 00:00:07s.  Time for last 10,000:    0s.  Last read position: 1:220,722,069
INFO	2018-05-28 11:59:25	MergeVcfs	Processed       340,000 records.  Elapsed time: 00:00:07s.  Time for last 10,000:    0s.  Last read position: 1:226,583,142
INFO	2018-05-28 11:59:25	MergeVcfs	Processed       350,000 records.  Elapsed time: 00:00:07s.  Time for last 10,000:    0s.  Last read position: 1:232,305,249
INFO	2018-05-28 11:59:25	MergeVcfs	Processed       360,000 records.  Elapsed time: 00:00:07s.  Time for last 10,000:    0s.  Last read position: 1:237,101,221
INFO	2018-05-28 11:59:25	MergeVcfs	Processed       370,000 records.  Elapsed time: 00:00:07s.  Time for last 10,000:    0s.  Last read position: 1:241,437,212
INFO	2018-05-28 11:59:25	MergeVcfs	Processed       380,000 records.  Elapsed time: 00:00:07s.  Time for last 10,000:    0s.  Last read position: 1:246,003,671
INFO	2018-05-28 11:59:25	MergeVcfs	Processed       390,000 records.  Elapsed time: 00:00:07s.  Time for last 10,000:    0s.  Last read position: 2:706,400
INFO	2018-05-28 11:59:26	MergeVcfs	Processed       400,000 records.  Elapsed time: 00:00:07s.  Time for last 10,000:    0s.  Last read position: 2:4,905,669
INFO	2018-05-28 11:59:26	MergeVcfs	Processed       410,000 records.  Elapsed time: 00:00:08s.  Time for last 10,000:    0s.  Last read position: 2:10,313,375
INFO	2018-05-28 11:59:26	MergeVcfs	Processed       420,000 records.  Elapsed time: 00:00:08s.  Time for last 10,000:    0s.  Last read position: 2:14,989,384
INFO	2018-05-28 11:59:26	MergeVcfs	Processed       430,000 records.  Elapsed time: 00:00:08s.  Time for last 10,000:    0s.  Last read position: 2:20,307,179
INFO	2018-05-28 11:59:26	MergeVcfs	Processed       440,000 records.  Elapsed time: 00:00:08s.  Time for last 10,000:    0s.  Last read position: 2:26,892,160
INFO	2018-05-28 11:59:26	MergeVcfs	Processed       450,000 records.  Elapsed time: 00:00:08s.  Time for last 10,000:    0s.  Last read position: 2:33,401,295
INFO	2018-05-28 11:59:26	MergeVcfs	Processed       460,000 records.  Elapsed time: 00:00:08s.  Time for last 10,000:    0s.  Last read position: 2:37,479,862
INFO	2018-05-28 11:59:26	MergeVcfs	Processed       470,000 records.  Elapsed time: 00:00:08s.  Time for last 10,000:    0s.  Last read position: 2:42,396,358
INFO	2018-05-28 11:59:27	MergeVcfs	Processed       480,000 records.  Elapsed time: 00:00:08s.  Time for last 10,000:    0s.  Last read position: 2:47,510,935
INFO	2018-05-28 11:59:27	MergeVcfs	Processed       490,000 records.  Elapsed time: 00:00:09s.  Time for last 10,000:    0s.  Last read position: 2:52,547,805
INFO	2018-05-28 11:59:27	MergeVcfs	Processed       500,000 records.  Elapsed time: 00:00:09s.  Time for last 10,000:    0s.  Last read position: 2:57,129,971
INFO	2018-05-28 11:59:27	MergeVcfs	Processed       510,000 records.  Elapsed time: 00:00:09s.  Time for last 10,000:    0s.  Last read position: 2:63,552,232
INFO	2018-05-28 11:59:27	MergeVcfs	Processed       520,000 records.  Elapsed time: 00:00:09s.  Time for last 10,000:    0s.  Last read position: 2:68,982,783
INFO	2018-05-28 11:59:27	MergeVcfs	Processed       530,000 records.  Elapsed time: 00:00:09s.  Time for last 10,000:    0s.  Last read position: 2:74,384,707
INFO	2018-05-28 11:59:27	MergeVcfs	Processed       540,000 records.  Elapsed time: 00:00:09s.  Time for last 10,000:    0s.  Last read position: 2:79,284,969
INFO	2018-05-28 11:59:27	MergeVcfs	Processed       550,000 records.  Elapsed time: 00:00:09s.  Time for last 10,000:    0s.  Last read position: 2:85,392,009
INFO	2018-05-28 11:59:27	MergeVcfs	Processed       560,000 records.  Elapsed time: 00:00:09s.  Time for last 10,000:    0s.  Last read position: 2:99,592,551
INFO	2018-05-28 11:59:27	MergeVcfs	Processed       570,000 records.  Elapsed time: 00:00:09s.  Time for last 10,000:    0s.  Last read position: 2:105,496,521
INFO	2018-05-28 11:59:28	MergeVcfs	Processed       580,000 records.  Elapsed time: 00:00:10s.  Time for last 10,000:    0s.  Last read position: 2:112,155,629
INFO	2018-05-28 11:59:28	MergeVcfs	Processed       590,000 records.  Elapsed time: 00:00:10s.  Time for last 10,000:    0s.  Last read position: 2:118,108,932
INFO	2018-05-28 11:59:28	MergeVcfs	Processed       600,000 records.  Elapsed time: 00:00:10s.  Time for last 10,000:    0s.  Last read position: 2:123,624,805
INFO	2018-05-28 11:59:28	MergeVcfs	Processed       610,000 records.  Elapsed time: 00:00:10s.  Time for last 10,000:    0s.  Last read position: 2:128,831,582
INFO	2018-05-28 11:59:28	MergeVcfs	Processed       620,000 records.  Elapsed time: 00:00:10s.  Time for last 10,000:    0s.  Last read position: 2:133,648,840
INFO	2018-05-28 11:59:28	MergeVcfs	Processed       630,000 records.  Elapsed time: 00:00:10s.  Time for last 10,000:    0s.  Last read position: 2:139,433,309
INFO	2018-05-28 11:59:28	MergeVcfs	Processed       640,000 records.  Elapsed time: 00:00:10s.  Time for last 10,000:    0s.  Last read position: 2:145,446,458
INFO	2018-05-28 11:59:28	MergeVcfs	Processed       650,000 records.  Elapsed time: 00:00:10s.  Time for last 10,000:    0s.  Last read position: 2:152,923,904
INFO	2018-05-28 11:59:28	MergeVcfs	Processed       660,000 records.  Elapsed time: 00:00:10s.  Time for last 10,000:    0s.  Last read position: 2:160,102,868
INFO	2018-05-28 11:59:29	MergeVcfs	Processed       670,000 records.  Elapsed time: 00:00:10s.  Time for last 10,000:    0s.  Last read position: 2:167,054,651
INFO	2018-05-28 11:59:29	MergeVcfs	Processed       680,000 records.  Elapsed time: 00:00:11s.  Time for last 10,000:    0s.  Last read position: 2:173,058,850
INFO	2018-05-28 11:59:29	MergeVcfs	Processed       690,000 records.  Elapsed time: 00:00:11s.  Time for last 10,000:    0s.  Last read position: 2:179,083,169
INFO	2018-05-28 11:59:29	MergeVcfs	Processed       700,000 records.  Elapsed time: 00:00:11s.  Time for last 10,000:    0s.  Last read position: 2:185,515,251
INFO	2018-05-28 11:59:29	MergeVcfs	Processed       710,000 records.  Elapsed time: 00:00:11s.  Time for last 10,000:    0s.  Last read position: 2:192,096,154
INFO	2018-05-28 11:59:29	MergeVcfs	Processed       720,000 records.  Elapsed time: 00:00:11s.  Time for last 10,000:    0s.  Last read position: 2:199,132,076
INFO	2018-05-28 11:59:29	MergeVcfs	Processed       730,000 records.  Elapsed time: 00:00:11s.  Time for last 10,000:    0s.  Last read position: 2:206,834,981
INFO	2018-05-28 11:59:29	MergeVcfs	Processed       740,000 records.  Elapsed time: 00:00:11s.  Time for last 10,000:    0s.  Last read position: 2:212,251,070
INFO	2018-05-28 11:59:29	MergeVcfs	Processed       750,000 records.  Elapsed time: 00:00:11s.  Time for last 10,000:    0s.  Last read position: 2:217,614,650
INFO	2018-05-28 11:59:29	MergeVcfs	Processed       760,000 records.  Elapsed time: 00:00:11s.  Time for last 10,000:    0s.  Last read position: 2:223,108,054
INFO	2018-05-28 11:59:30	MergeVcfs	Processed       770,000 records.  Elapsed time: 00:00:12s.  Time for last 10,000:    0s.  Last read position: 2:228,391,234
INFO	2018-05-28 11:59:30	MergeVcfs	Processed       780,000 records.  Elapsed time: 00:00:12s.  Time for last 10,000:    0s.  Last read position: 2:233,612,631
INFO	2018-05-28 11:59:30	MergeVcfs	Processed       790,000 records.  Elapsed time: 00:00:12s.  Time for last 10,000:    0s.  Last read position: 2:238,374,742
INFO	2018-05-28 11:59:30	MergeVcfs	Processed       800,000 records.  Elapsed time: 00:00:12s.  Time for last 10,000:    0s.  Last read position: 2:242,781,146
INFO	2018-05-28 11:59:30	MergeVcfs	Processed       810,000 records.  Elapsed time: 00:00:12s.  Time for last 10,000:    0s.  Last read position: 3:3,339,720
INFO	2018-05-28 11:59:30	MergeVcfs	Processed       820,000 records.  Elapsed time: 00:00:12s.  Time for last 10,000:    0s.  Last read position: 3:7,387,519
INFO	2018-05-28 11:59:30	MergeVcfs	Processed       830,000 records.  Elapsed time: 00:00:12s.  Time for last 10,000:    0s.  Last read position: 3:11,928,282
INFO	2018-05-28 11:59:30	MergeVcfs	Processed       840,000 records.  Elapsed time: 00:00:12s.  Time for last 10,000:    0s.  Last read position: 3:16,757,273
INFO	2018-05-28 11:59:30	MergeVcfs	Processed       850,000 records.  Elapsed time: 00:00:12s.  Time for last 10,000:    0s.  Last read position: 3:22,538,877
INFO	2018-05-28 11:59:31	MergeVcfs	Processed       860,000 records.  Elapsed time: 00:00:12s.  Time for last 10,000:    0s.  Last read position: 3:27,541,311
INFO	2018-05-28 11:59:31	MergeVcfs	Processed       870,000 records.  Elapsed time: 00:00:13s.  Time for last 10,000:    0s.  Last read position: 3:32,487,879
INFO	2018-05-28 11:59:31	MergeVcfs	Processed       880,000 records.  Elapsed time: 00:00:13s.  Time for last 10,000:    0s.  Last read position: 3:39,376,084
INFO	2018-05-28 11:59:31	MergeVcfs	Processed       890,000 records.  Elapsed time: 00:00:13s.  Time for last 10,000:    0s.  Last read position: 3:45,163,449
INFO	2018-05-28 11:59:31	MergeVcfs	Processed       900,000 records.  Elapsed time: 00:00:13s.  Time for last 10,000:    0s.  Last read position: 3:53,878,302
INFO	2018-05-28 11:59:31	MergeVcfs	Processed       910,000 records.  Elapsed time: 00:00:13s.  Time for last 10,000:    0s.  Last read position: 3:59,568,434
INFO	2018-05-28 11:59:31	MergeVcfs	Processed       920,000 records.  Elapsed time: 00:00:13s.  Time for last 10,000:    0s.  Last read position: 3:64,543,904
INFO	2018-05-28 11:59:31	MergeVcfs	Processed       930,000 records.  Elapsed time: 00:00:13s.  Time for last 10,000:    0s.  Last read position: 3:69,540,495
INFO	2018-05-28 11:59:31	MergeVcfs	Processed       940,000 records.  Elapsed time: 00:00:13s.  Time for last 10,000:    0s.  Last read position: 3:75,301,350
INFO	2018-05-28 11:59:31	MergeVcfs	Processed       950,000 records.  Elapsed time: 00:00:13s.  Time for last 10,000:    0s.  Last read position: 3:81,407,034
INFO	2018-05-28 11:59:32	MergeVcfs	Processed       960,000 records.  Elapsed time: 00:00:14s.  Time for last 10,000:    0s.  Last read position: 3:87,544,219
INFO	2018-05-28 11:59:32	MergeVcfs	Processed       970,000 records.  Elapsed time: 00:00:14s.  Time for last 10,000:    0s.  Last read position: 3:95,776,142
INFO	2018-05-28 11:59:32	MergeVcfs	Processed       980,000 records.  Elapsed time: 00:00:14s.  Time for last 10,000:    0s.  Last read position: 3:100,629,093
INFO	2018-05-28 11:59:32	MergeVcfs	Processed       990,000 records.  Elapsed time: 00:00:14s.  Time for last 10,000:    0s.  Last read position: 3:106,220,130
INFO	2018-05-28 11:59:32	MergeVcfs	Processed     1,000,000 records.  Elapsed time: 00:00:14s.  Time for last 10,000:    0s.  Last read position: 3:111,700,306
INFO	2018-05-28 11:59:32	MergeVcfs	Processed     1,010,000 records.  Elapsed time: 00:00:14s.  Time for last 10,000:    0s.  Last read position: 3:118,352,694
INFO	2018-05-28 11:59:32	MergeVcfs	Processed     1,020,000 records.  Elapsed time: 00:00:14s.  Time for last 10,000:    0s.  Last read position: 3:124,506,269
INFO	2018-05-28 11:59:32	MergeVcfs	Processed     1,030,000 records.  Elapsed time: 00:00:14s.  Time for last 10,000:    0s.  Last read position: 3:129,343,123
INFO	2018-05-28 11:59:32	MergeVcfs	Processed     1,040,000 records.  Elapsed time: 00:00:14s.  Time for last 10,000:    0s.  Last read position: 3:134,711,827
INFO	2018-05-28 11:59:33	MergeVcfs	Processed     1,050,000 records.  Elapsed time: 00:00:14s.  Time for last 10,000:    0s.  Last read position: 3:141,603,887
INFO	2018-05-28 11:59:33	MergeVcfs	Processed     1,060,000 records.  Elapsed time: 00:00:15s.  Time for last 10,000:    0s.  Last read position: 3:146,716,431
INFO	2018-05-28 11:59:33	MergeVcfs	Processed     1,070,000 records.  Elapsed time: 00:00:15s.  Time for last 10,000:    0s.  Last read position: 3:152,717,418
INFO	2018-05-28 11:59:33	MergeVcfs	Processed     1,080,000 records.  Elapsed time: 00:00:15s.  Time for last 10,000:    0s.  Last read position: 3:158,705,066
INFO	2018-05-28 11:59:33	MergeVcfs	Processed     1,090,000 records.  Elapsed time: 00:00:15s.  Time for last 10,000:    0s.  Last read position: 3:163,959,385
INFO	2018-05-28 11:59:33	MergeVcfs	Processed     1,100,000 records.  Elapsed time: 00:00:15s.  Time for last 10,000:    0s.  Last read position: 3:170,075,701
INFO	2018-05-28 11:59:33	MergeVcfs	Processed     1,110,000 records.  Elapsed time: 00:00:15s.  Time for last 10,000:    0s.  Last read position: 3:175,214,170
INFO	2018-05-28 11:59:33	MergeVcfs	Processed     1,120,000 records.  Elapsed time: 00:00:15s.  Time for last 10,000:    0s.  Last read position: 3:180,590,560
INFO	2018-05-28 11:59:33	MergeVcfs	Processed     1,130,000 records.  Elapsed time: 00:00:15s.  Time for last 10,000:    0s.  Last read position: 3:186,406,129
INFO	2018-05-28 11:59:33	MergeVcfs	Processed     1,140,000 records.  Elapsed time: 00:00:15s.  Time for last 10,000:    0s.  Last read position: 3:191,097,966
INFO	2018-05-28 11:59:34	MergeVcfs	Processed     1,150,000 records.  Elapsed time: 00:00:16s.  Time for last 10,000:    0s.  Last read position: 3:195,326,719
INFO	2018-05-28 11:59:34	MergeVcfs	Processed     1,160,000 records.  Elapsed time: 00:00:16s.  Time for last 10,000:    0s.  Last read position: 4:2,370,148
INFO	2018-05-28 11:59:34	MergeVcfs	Processed     1,170,000 records.  Elapsed time: 00:00:16s.  Time for last 10,000:    0s.  Last read position: 4:6,020,498
INFO	2018-05-28 11:59:34	MergeVcfs	Processed     1,180,000 records.  Elapsed time: 00:00:16s.  Time for last 10,000:    0s.  Last read position: 4:9,497,153
INFO	2018-05-28 11:59:34	MergeVcfs	Processed     1,190,000 records.  Elapsed time: 00:00:16s.  Time for last 10,000:    0s.  Last read position: 4:14,385,092
INFO	2018-05-28 11:59:34	MergeVcfs	Processed     1,200,000 records.  Elapsed time: 00:00:16s.  Time for last 10,000:    0s.  Last read position: 4:19,470,766
INFO	2018-05-28 11:59:34	MergeVcfs	Processed     1,210,000 records.  Elapsed time: 00:00:16s.  Time for last 10,000:    0s.  Last read position: 4:24,955,536
INFO	2018-05-28 11:59:34	MergeVcfs	Processed     1,220,000 records.  Elapsed time: 00:00:16s.  Time for last 10,000:    0s.  Last read position: 4:29,899,027
INFO	2018-05-28 11:59:34	MergeVcfs	Processed     1,230,000 records.  Elapsed time: 00:00:16s.  Time for last 10,000:    0s.  Last read position: 4:34,368,176
INFO	2018-05-28 11:59:35	MergeVcfs	Processed     1,240,000 records.  Elapsed time: 00:00:16s.  Time for last 10,000:    0s.  Last read position: 4:38,840,969
INFO	2018-05-28 11:59:35	MergeVcfs	Processed     1,250,000 records.  Elapsed time: 00:00:17s.  Time for last 10,000:    0s.  Last read position: 4:43,945,196
INFO	2018-05-28 11:59:35	MergeVcfs	Processed     1,260,000 records.  Elapsed time: 00:00:17s.  Time for last 10,000:    0s.  Last read position: 4:53,142,623
INFO	2018-05-28 11:59:35	MergeVcfs	Processed     1,270,000 records.  Elapsed time: 00:00:17s.  Time for last 10,000:    0s.  Last read position: 4:58,485,373
INFO	2018-05-28 11:59:35	MergeVcfs	Processed     1,280,000 records.  Elapsed time: 00:00:17s.  Time for last 10,000:    0s.  Last read position: 4:62,990,004
INFO	2018-05-28 11:59:35	MergeVcfs	Processed     1,290,000 records.  Elapsed time: 00:00:17s.  Time for last 10,000:    0s.  Last read position: 4:67,391,626
INFO	2018-05-28 11:59:35	MergeVcfs	Processed     1,300,000 records.  Elapsed time: 00:00:17s.  Time for last 10,000:    0s.  Last read position: 4:71,653,799
INFO	2018-05-28 11:59:35	MergeVcfs	Processed     1,310,000 records.  Elapsed time: 00:00:17s.  Time for last 10,000:    0s.  Last read position: 4:76,805,048
INFO	2018-05-28 11:59:35	MergeVcfs	Processed     1,320,000 records.  Elapsed time: 00:00:17s.  Time for last 10,000:    0s.  Last read position: 4:82,042,745
INFO	2018-05-28 11:59:35	MergeVcfs	Processed     1,330,000 records.  Elapsed time: 00:00:17s.  Time for last 10,000:    0s.  Last read position: 4:87,154,071
INFO	2018-05-28 11:59:36	MergeVcfs	Processed     1,340,000 records.  Elapsed time: 00:00:17s.  Time for last 10,000:    0s.  Last read position: 4:92,821,168
INFO	2018-05-28 11:59:36	MergeVcfs	Processed     1,350,000 records.  Elapsed time: 00:00:18s.  Time for last 10,000:    0s.  Last read position: 4:98,530,719
INFO	2018-05-28 11:59:36	MergeVcfs	Processed     1,360,000 records.  Elapsed time: 00:00:18s.  Time for last 10,000:    0s.  Last read position: 4:103,983,974
INFO	2018-05-28 11:59:36	MergeVcfs	Processed     1,370,000 records.  Elapsed time: 00:00:18s.  Time for last 10,000:    0s.  Last read position: 4:110,737,389
INFO	2018-05-28 11:59:36	MergeVcfs	Processed     1,380,000 records.  Elapsed time: 00:00:18s.  Time for last 10,000:    0s.  Last read position: 4:116,098,817
INFO	2018-05-28 11:59:36	MergeVcfs	Processed     1,390,000 records.  Elapsed time: 00:00:18s.  Time for last 10,000:    0s.  Last read position: 4:121,730,568
INFO	2018-05-28 11:59:36	MergeVcfs	Processed     1,400,000 records.  Elapsed time: 00:00:18s.  Time for last 10,000:    0s.  Last read position: 4:127,126,945
INFO	2018-05-28 11:59:36	MergeVcfs	Processed     1,410,000 records.  Elapsed time: 00:00:18s.  Time for last 10,000:    0s.  Last read position: 4:133,164,679
INFO	2018-05-28 11:59:36	MergeVcfs	Processed     1,420,000 records.  Elapsed time: 00:00:18s.  Time for last 10,000:    0s.  Last read position: 4:138,116,818
INFO	2018-05-28 11:59:36	MergeVcfs	Processed     1,430,000 records.  Elapsed time: 00:00:18s.  Time for last 10,000:    0s.  Last read position: 4:143,313,834
INFO	2018-05-28 11:59:37	MergeVcfs	Processed     1,440,000 records.  Elapsed time: 00:00:19s.  Time for last 10,000:    0s.  Last read position: 4:149,599,191
INFO	2018-05-28 11:59:37	MergeVcfs	Processed     1,450,000 records.  Elapsed time: 00:00:19s.  Time for last 10,000:    0s.  Last read position: 4:156,189,953
INFO	2018-05-28 11:59:37	MergeVcfs	Processed     1,460,000 records.  Elapsed time: 00:00:19s.  Time for last 10,000:    0s.  Last read position: 4:161,125,268
INFO	2018-05-28 11:59:37	MergeVcfs	Processed     1,470,000 records.  Elapsed time: 00:00:19s.  Time for last 10,000:    0s.  Last read position: 4:165,714,791
INFO	2018-05-28 11:59:37	MergeVcfs	Processed     1,480,000 records.  Elapsed time: 00:00:19s.  Time for last 10,000:    0s.  Last read position: 4:170,864,568
INFO	2018-05-28 11:59:37	MergeVcfs	Processed     1,490,000 records.  Elapsed time: 00:00:19s.  Time for last 10,000:    0s.  Last read position: 4:176,384,410
INFO	2018-05-28 11:59:37	MergeVcfs	Processed     1,500,000 records.  Elapsed time: 00:00:19s.  Time for last 10,000:    0s.  Last read position: 4:180,870,991
INFO	2018-05-28 11:59:37	MergeVcfs	Processed     1,510,000 records.  Elapsed time: 00:00:19s.  Time for last 10,000:    0s.  Last read position: 4:185,576,664
INFO	2018-05-28 11:59:37	MergeVcfs	Processed     1,520,000 records.  Elapsed time: 00:00:19s.  Time for last 10,000:    0s.  Last read position: 4:189,425,174
INFO	2018-05-28 11:59:38	MergeVcfs	Processed     1,530,000 records.  Elapsed time: 00:00:19s.  Time for last 10,000:    0s.  Last read position: 5:1,950,611
INFO	2018-05-28 11:59:38	MergeVcfs	Processed     1,540,000 records.  Elapsed time: 00:00:20s.  Time for last 10,000:    0s.  Last read position: 5:6,014,683
INFO	2018-05-28 11:59:38	MergeVcfs	Processed     1,550,000 records.  Elapsed time: 00:00:20s.  Time for last 10,000:    0s.  Last read position: 5:10,501,076
INFO	2018-05-28 11:59:38	MergeVcfs	Processed     1,560,000 records.  Elapsed time: 00:00:20s.  Time for last 10,000:    0s.  Last read position: 5:16,665,316
INFO	2018-05-28 11:59:38	MergeVcfs	Processed     1,570,000 records.  Elapsed time: 00:00:20s.  Time for last 10,000:    0s.  Last read position: 5:22,275,706
INFO	2018-05-28 11:59:38	MergeVcfs	Processed     1,580,000 records.  Elapsed time: 00:00:20s.  Time for last 10,000:    0s.  Last read position: 5:27,397,498
INFO	2018-05-28 11:59:38	MergeVcfs	Processed     1,590,000 records.  Elapsed time: 00:00:20s.  Time for last 10,000:    0s.  Last read position: 5:31,877,782
INFO	2018-05-28 11:59:38	MergeVcfs	Processed     1,600,000 records.  Elapsed time: 00:00:20s.  Time for last 10,000:    0s.  Last read position: 5:36,587,783
INFO	2018-05-28 11:59:38	MergeVcfs	Processed     1,610,000 records.  Elapsed time: 00:00:20s.  Time for last 10,000:    0s.  Last read position: 5:42,961,249
INFO	2018-05-28 11:59:39	MergeVcfs	Processed     1,620,000 records.  Elapsed time: 00:00:20s.  Time for last 10,000:    0s.  Last read position: 5:52,861,827
INFO	2018-05-28 11:59:39	MergeVcfs	Processed     1,630,000 records.  Elapsed time: 00:00:21s.  Time for last 10,000:    0s.  Last read position: 5:58,079,407
INFO	2018-05-28 11:59:39	MergeVcfs	Processed     1,640,000 records.  Elapsed time: 00:00:21s.  Time for last 10,000:    0s.  Last read position: 5:64,746,627
INFO	2018-05-28 11:59:39	MergeVcfs	Processed     1,650,000 records.  Elapsed time: 00:00:21s.  Time for last 10,000:    0s.  Last read position: 5:72,527,239
INFO	2018-05-28 11:59:39	MergeVcfs	Processed     1,660,000 records.  Elapsed time: 00:00:21s.  Time for last 10,000:    0s.  Last read position: 5:77,916,642
INFO	2018-05-28 11:59:39	MergeVcfs	Processed     1,670,000 records.  Elapsed time: 00:00:21s.  Time for last 10,000:    0s.  Last read position: 5:83,986,424
INFO	2018-05-28 11:59:39	MergeVcfs	Processed     1,680,000 records.  Elapsed time: 00:00:21s.  Time for last 10,000:    0s.  Last read position: 5:89,806,747
INFO	2018-05-28 11:59:39	MergeVcfs	Processed     1,690,000 records.  Elapsed time: 00:00:21s.  Time for last 10,000:    0s.  Last read position: 5:97,125,498
INFO	2018-05-28 11:59:39	MergeVcfs	Processed     1,700,000 records.  Elapsed time: 00:00:21s.  Time for last 10,000:    0s.  Last read position: 5:102,227,939
INFO	2018-05-28 11:59:39	MergeVcfs	Processed     1,710,000 records.  Elapsed time: 00:00:21s.  Time for last 10,000:    0s.  Last read position: 5:108,610,759
INFO	2018-05-28 11:59:40	MergeVcfs	Processed     1,720,000 records.  Elapsed time: 00:00:21s.  Time for last 10,000:    0s.  Last read position: 5:113,534,022
INFO	2018-05-28 11:59:40	MergeVcfs	Processed     1,730,000 records.  Elapsed time: 00:00:22s.  Time for last 10,000:    0s.  Last read position: 5:118,125,881
INFO	2018-05-28 11:59:40	MergeVcfs	Processed     1,740,000 records.  Elapsed time: 00:00:22s.  Time for last 10,000:    0s.  Last read position: 5:123,548,269
INFO	2018-05-28 11:59:40	MergeVcfs	Processed     1,750,000 records.  Elapsed time: 00:00:22s.  Time for last 10,000:    0s.  Last read position: 5:129,220,455
INFO	2018-05-28 11:59:40	MergeVcfs	Processed     1,760,000 records.  Elapsed time: 00:00:22s.  Time for last 10,000:    0s.  Last read position: 5:136,043,791
INFO	2018-05-28 11:59:40	MergeVcfs	Processed     1,770,000 records.  Elapsed time: 00:00:22s.  Time for last 10,000:    0s.  Last read position: 5:143,101,506
INFO	2018-05-28 11:59:40	MergeVcfs	Processed     1,780,000 records.  Elapsed time: 00:00:22s.  Time for last 10,000:    0s.  Last read position: 5:148,308,853
INFO	2018-05-28 11:59:40	MergeVcfs	Processed     1,790,000 records.  Elapsed time: 00:00:22s.  Time for last 10,000:    0s.  Last read position: 5:154,095,776
INFO	2018-05-28 11:59:40	MergeVcfs	Processed     1,800,000 records.  Elapsed time: 00:00:22s.  Time for last 10,000:    0s.  Last read position: 5:160,080,880
INFO	2018-05-28 11:59:40	MergeVcfs	Processed     1,810,000 records.  Elapsed time: 00:00:22s.  Time for last 10,000:    0s.  Last read position: 5:165,980,719
INFO	2018-05-28 11:59:41	MergeVcfs	Processed     1,820,000 records.  Elapsed time: 00:00:23s.  Time for last 10,000:    0s.  Last read position: 5:171,993,606
INFO	2018-05-28 11:59:41	MergeVcfs	Processed     1,830,000 records.  Elapsed time: 00:00:23s.  Time for last 10,000:    0s.  Last read position: 5:177,555,900
INFO	2018-05-28 11:59:41	MergeVcfs	Processed     1,840,000 records.  Elapsed time: 00:00:23s.  Time for last 10,000:    0s.  Last read position: 6:1,304,418
INFO	2018-05-28 11:59:41	MergeVcfs	Processed     1,850,000 records.  Elapsed time: 00:00:23s.  Time for last 10,000:    0s.  Last read position: 6:5,817,861
INFO	2018-05-28 11:59:41	MergeVcfs	Processed     1,860,000 records.  Elapsed time: 00:00:23s.  Time for last 10,000:    0s.  Last read position: 6:10,451,890
INFO	2018-05-28 11:59:41	MergeVcfs	Processed     1,870,000 records.  Elapsed time: 00:00:23s.  Time for last 10,000:    0s.  Last read position: 6:15,747,341
INFO	2018-05-28 11:59:41	MergeVcfs	Processed     1,880,000 records.  Elapsed time: 00:00:23s.  Time for last 10,000:    0s.  Last read position: 6:20,898,112
INFO	2018-05-28 11:59:41	MergeVcfs	Processed     1,890,000 records.  Elapsed time: 00:00:23s.  Time for last 10,000:    0s.  Last read position: 6:25,814,939
INFO	2018-05-28 11:59:41	MergeVcfs	Processed     1,900,000 records.  Elapsed time: 00:00:23s.  Time for last 10,000:    0s.  Last read position: 6:30,642,417
INFO	2018-05-28 11:59:42	MergeVcfs	Processed     1,910,000 records.  Elapsed time: 00:00:23s.  Time for last 10,000:    0s.  Last read position: 6:32,587,456
INFO	2018-05-28 11:59:42	MergeVcfs	Processed     1,920,000 records.  Elapsed time: 00:00:24s.  Time for last 10,000:    0s.  Last read position: 6:36,876,342
INFO	2018-05-28 11:59:42	MergeVcfs	Processed     1,930,000 records.  Elapsed time: 00:00:24s.  Time for last 10,000:    0s.  Last read position: 6:42,522,412
INFO	2018-05-28 11:59:42	MergeVcfs	Processed     1,940,000 records.  Elapsed time: 00:00:24s.  Time for last 10,000:    0s.  Last read position: 6:48,704,020
INFO	2018-05-28 11:59:42	MergeVcfs	Processed     1,950,000 records.  Elapsed time: 00:00:24s.  Time for last 10,000:    0s.  Last read position: 6:54,443,353
INFO	2018-05-28 11:59:42	MergeVcfs	Processed     1,960,000 records.  Elapsed time: 00:00:24s.  Time for last 10,000:    0s.  Last read position: 6:62,489,273
INFO	2018-05-28 11:59:42	MergeVcfs	Processed     1,970,000 records.  Elapsed time: 00:00:24s.  Time for last 10,000:    0s.  Last read position: 6:67,212,758
INFO	2018-05-28 11:59:42	MergeVcfs	Processed     1,980,000 records.  Elapsed time: 00:00:24s.  Time for last 10,000:    0s.  Last read position: 6:72,831,868
INFO	2018-05-28 11:59:42	MergeVcfs	Processed     1,990,000 records.  Elapsed time: 00:00:24s.  Time for last 10,000:    0s.  Last read position: 6:78,015,814
INFO	2018-05-28 11:59:42	MergeVcfs	Processed     2,000,000 records.  Elapsed time: 00:00:24s.  Time for last 10,000:    0s.  Last read position: 6:82,803,930
INFO	2018-05-28 11:59:43	MergeVcfs	Processed     2,010,000 records.  Elapsed time: 00:00:25s.  Time for last 10,000:    0s.  Last read position: 6:88,577,115
INFO	2018-05-28 11:59:43	MergeVcfs	Processed     2,020,000 records.  Elapsed time: 00:00:25s.  Time for last 10,000:    0s.  Last read position: 6:94,249,210
INFO	2018-05-28 11:59:43	MergeVcfs	Processed     2,030,000 records.  Elapsed time: 00:00:25s.  Time for last 10,000:    0s.  Last read position: 6:100,155,845
INFO	2018-05-28 11:59:43	MergeVcfs	Processed     2,040,000 records.  Elapsed time: 00:00:25s.  Time for last 10,000:    0s.  Last read position: 6:105,651,466
INFO	2018-05-28 11:59:43	MergeVcfs	Processed     2,050,000 records.  Elapsed time: 00:00:25s.  Time for last 10,000:    0s.  Last read position: 6:111,341,907
INFO	2018-05-28 11:59:43	MergeVcfs	Processed     2,060,000 records.  Elapsed time: 00:00:25s.  Time for last 10,000:    0s.  Last read position: 6:117,576,641
INFO	2018-05-28 11:59:43	MergeVcfs	Processed     2,070,000 records.  Elapsed time: 00:00:25s.  Time for last 10,000:    0s.  Last read position: 6:123,291,367
INFO	2018-05-28 11:59:43	MergeVcfs	Processed     2,080,000 records.  Elapsed time: 00:00:25s.  Time for last 10,000:    0s.  Last read position: 6:129,532,959
INFO	2018-05-28 11:59:43	MergeVcfs	Processed     2,090,000 records.  Elapsed time: 00:00:25s.  Time for last 10,000:    0s.  Last read position: 6:134,551,547
INFO	2018-05-28 11:59:44	MergeVcfs	Processed     2,100,000 records.  Elapsed time: 00:00:25s.  Time for last 10,000:    0s.  Last read position: 6:140,317,609
INFO	2018-05-28 11:59:44	MergeVcfs	Processed     2,110,000 records.  Elapsed time: 00:00:26s.  Time for last 10,000:    0s.  Last read position: 6:147,051,506
INFO	2018-05-28 11:59:44	MergeVcfs	Processed     2,120,000 records.  Elapsed time: 00:00:26s.  Time for last 10,000:    0s.  Last read position: 6:151,921,139
INFO	2018-05-28 11:59:44	MergeVcfs	Processed     2,130,000 records.  Elapsed time: 00:00:26s.  Time for last 10,000:    0s.  Last read position: 6:156,788,641
INFO	2018-05-28 11:59:44	MergeVcfs	Processed     2,140,000 records.  Elapsed time: 00:00:26s.  Time for last 10,000:    0s.  Last read position: 6:161,957,425
INFO	2018-05-28 11:59:44	MergeVcfs	Processed     2,150,000 records.  Elapsed time: 00:00:26s.  Time for last 10,000:    0s.  Last read position: 6:166,125,255
INFO	2018-05-28 11:59:44	MergeVcfs	Processed     2,160,000 records.  Elapsed time: 00:00:26s.  Time for last 10,000:    0s.  Last read position: 6:169,951,852
INFO	2018-05-28 11:59:44	MergeVcfs	Processed     2,170,000 records.  Elapsed time: 00:00:26s.  Time for last 10,000:    0s.  Last read position: 7:3,002,354
INFO	2018-05-28 11:59:44	MergeVcfs	Processed     2,180,000 records.  Elapsed time: 00:00:26s.  Time for last 10,000:    0s.  Last read position: 7:6,936,498
INFO	2018-05-28 11:59:44	MergeVcfs	Processed     2,190,000 records.  Elapsed time: 00:00:26s.  Time for last 10,000:    0s.  Last read position: 7:10,447,858
INFO	2018-05-28 11:59:45	MergeVcfs	Processed     2,200,000 records.  Elapsed time: 00:00:27s.  Time for last 10,000:    0s.  Last read position: 7:14,144,605
INFO	2018-05-28 11:59:45	MergeVcfs	Processed     2,210,000 records.  Elapsed time: 00:00:27s.  Time for last 10,000:    0s.  Last read position: 7:19,204,445
INFO	2018-05-28 11:59:45	MergeVcfs	Processed     2,220,000 records.  Elapsed time: 00:00:27s.  Time for last 10,000:    0s.  Last read position: 7:24,049,685
INFO	2018-05-28 11:59:45	MergeVcfs	Processed     2,230,000 records.  Elapsed time: 00:00:27s.  Time for last 10,000:    0s.  Last read position: 7:29,660,315
INFO	2018-05-28 11:59:45	MergeVcfs	Processed     2,240,000 records.  Elapsed time: 00:00:27s.  Time for last 10,000:    0s.  Last read position: 7:34,936,891
INFO	2018-05-28 11:59:45	MergeVcfs	Processed     2,250,000 records.  Elapsed time: 00:00:27s.  Time for last 10,000:    0s.  Last read position: 7:40,353,231
[Mon May 28 11:59:45 UTC 2018] picard.vcf.MergeVcfs done. Elapsed time: 0.46 minutes.
Runtime.totalMemory()=182976512
To get help, see http://broadinstitute.github.io/picard/index.html#GettingHelp
Exception in thread "main" java.lang.IllegalStateException: The elements of the input Iterators are not sorted according to the comparator htsjdk.variant.variantcontext.VariantContextComparator
	at htsjdk.samtools.util.MergingIterator.next(MergingIterator.java:113)
	at picard.vcf.MergeVcfs.doWork(MergeVcfs.java:221)
	at picard.cmdline.CommandLineProgram.instanceMain(CommandLineProgram.java:282)
	at picard.cmdline.PicardCommandLine.instanceMain(PicardCommandLine.java:98)
	at picard.cmdline.PicardCommandLine.main(PicardCommandLine.java:108)
