Starting s01_select_genes_kgen_or_gatk4.sh
Fri 20 Apr 17:03:41 UTC 2018

Selecting OR gene variants from 1000 Genome Project (Chromosome 1) ...

Completed OR gene variant selection from 1000 Genome Project (Chromosome 1)
Fri 20 Apr 17:04:00 UTC 2018

Selecting OR gene variants from 1000 Genome Project (Chromosome 2) ...

Completed OR gene variant selection from 1000 Genome Project (Chromosome 2)
Fri 20 Apr 17:04:04 UTC 2018

Selecting OR gene variants from 1000 Genome Project (Chromosome 3) ...

Completed OR gene variant selection from 1000 Genome Project (Chromosome 3)
Fri 20 Apr 17:04:10 UTC 2018

Selecting OR gene variants from 1000 Genome Project (Chromosome 4) ...

Completed OR gene variant selection from 1000 Genome Project (Chromosome 4)
Fri 20 Apr 17:04:13 UTC 2018

Selecting OR gene variants from 1000 Genome Project (Chromosome 5) ...

Completed OR gene variant selection from 1000 Genome Project (Chromosome 5)
Fri 20 Apr 17:04:18 UTC 2018

Selecting OR gene variants from 1000 Genome Project (Chromosome 6) ...

Completed OR gene variant selection from 1000 Genome Project (Chromosome 6)
Fri 20 Apr 17:04:27 UTC 2018

Selecting OR gene variants from 1000 Genome Project (Chromosome 7) ...

Completed OR gene variant selection from 1000 Genome Project (Chromosome 7)
Fri 20 Apr 17:04:33 UTC 2018

Selecting OR gene variants from 1000 Genome Project (Chromosome 8) ...

Completed OR gene variant selection from 1000 Genome Project (Chromosome 8)
Fri 20 Apr 17:04:36 UTC 2018

Selecting OR gene variants from 1000 Genome Project (Chromosome 9) ...

Completed OR gene variant selection from 1000 Genome Project (Chromosome 9)
Fri 20 Apr 17:04:44 UTC 2018

Selecting OR gene variants from 1000 Genome Project (Chromosome 10) ...

Completed OR gene variant selection from 1000 Genome Project (Chromosome 10)
Fri 20 Apr 17:04:50 UTC 2018

Selecting OR gene variants from 1000 Genome Project (Chromosome 11) ...

Completed OR gene variant selection from 1000 Genome Project (Chromosome 11)
Fri 20 Apr 17:05:25 UTC 2018

Selecting OR gene variants from 1000 Genome Project (Chromosome 12) ...

Completed OR gene variant selection from 1000 Genome Project (Chromosome 12)
Fri 20 Apr 17:05:34 UTC 2018

Selecting OR gene variants from 1000 Genome Project (Chromosome 13) ...

Completed OR gene variant selection from 1000 Genome Project (Chromosome 13)
Fri 20 Apr 17:05:37 UTC 2018

Selecting OR gene variants from 1000 Genome Project (Chromosome 14) ...

Completed OR gene variant selection from 1000 Genome Project (Chromosome 14)
Fri 20 Apr 17:05:49 UTC 2018

Selecting OR gene variants from 1000 Genome Project (Chromosome 15) ...

Completed OR gene variant selection from 1000 Genome Project (Chromosome 15)
Fri 20 Apr 17:05:54 UTC 2018

Selecting OR gene variants from 1000 Genome Project (Chromosome 16) ...

Completed OR gene variant selection from 1000 Genome Project (Chromosome 16)
Fri 20 Apr 17:05:59 UTC 2018

Selecting OR gene variants from 1000 Genome Project (Chromosome 17) ...

Completed OR gene variant selection from 1000 Genome Project (Chromosome 17)
Fri 20 Apr 17:06:05 UTC 2018

Selecting OR gene variants from 1000 Genome Project (Chromosome 18) ...

Completed OR gene variant selection from 1000 Genome Project (Chromosome 18)
Fri 20 Apr 17:06:08 UTC 2018

Selecting OR gene variants from 1000 Genome Project (Chromosome 19) ...

Completed OR gene variant selection from 1000 Genome Project (Chromosome 19)
Fri 20 Apr 17:06:17 UTC 2018

Selecting OR gene variants from 1000 Genome Project (Chromosome 20) ...

Completed OR gene variant selection from 1000 Genome Project (Chromosome 20)
Fri 20 Apr 17:06:20 UTC 2018

Selecting OR gene variants from 1000 Genome Project (Chromosome 21) ...

Completed OR gene variant selection from 1000 Genome Project (Chromosome 21)
Fri 20 Apr 17:06:23 UTC 2018

Selecting OR gene variants from 1000 Genome Project (Chromosome 22) ...

Completed OR gene variant selection from 1000 Genome Project (Chromosome 22)
Fri 20 Apr 17:06:27 UTC 2018

Selecting OR gene variants from 1000 Genome Project (Chromosome X) ...

Completed OR gene variant selection from 1000 Genome Project (Chromosome X)
Fri 20 Apr 17:06:31 UTC 2018

Selecting OR gene variants from 1000 Genome Project (Chromosome Y) ...

Completed OR gene variant selection from 1000 Genome Project (Chromosome Y)
Fri 20 Apr 17:06:34 UTC 2018

Finishing s01_select_genes_kgen_or_gatk4.sh
Fri 20 Apr 17:06:34 UTC 2018

