Starting s01_select_genes_kgen_gatk4.sh
Fri 20 Apr 12:12:25 UTC 2018

Selecting DDR gene variants from 1000 Genome Project (Chromosome 1) ...

Completed DDR gene variant selection from 1000 Genome Project (Chromosome 1)
Fri 20 Apr 12:12:40 UTC 2018

Selecting DDR gene variants from 1000 Genome Project (Chromosome 2) ...

Completed DDR gene variant selection from 1000 Genome Project (Chromosome 2)
Fri 20 Apr 12:13:18 UTC 2018

Selecting DDR gene variants from 1000 Genome Project (Chromosome 3) ...

Completed DDR gene variant selection from 1000 Genome Project (Chromosome 3)
Fri 20 Apr 12:13:47 UTC 2018

Selecting DDR gene variants from 1000 Genome Project (Chromosome 4) ...

Completed DDR gene variant selection from 1000 Genome Project (Chromosome 4)
Fri 20 Apr 12:14:06 UTC 2018

Selecting DDR gene variants from 1000 Genome Project (Chromosome 5) ...

Completed DDR gene variant selection from 1000 Genome Project (Chromosome 5)
Fri 20 Apr 12:14:31 UTC 2018

Selecting DDR gene variants from 1000 Genome Project (Chromosome 6) ...

Completed DDR gene variant selection from 1000 Genome Project (Chromosome 6)
Fri 20 Apr 12:14:46 UTC 2018

Selecting DDR gene variants from 1000 Genome Project (Chromosome 7) ...

Completed DDR gene variant selection from 1000 Genome Project (Chromosome 7)
Fri 20 Apr 12:15:08 UTC 2018

Selecting DDR gene variants from 1000 Genome Project (Chromosome 8) ...

Completed DDR gene variant selection from 1000 Genome Project (Chromosome 8)
Fri 20 Apr 12:15:28 UTC 2018

Selecting DDR gene variants from 1000 Genome Project (Chromosome 9) ...

Completed DDR gene variant selection from 1000 Genome Project (Chromosome 9)
Fri 20 Apr 12:15:41 UTC 2018

Selecting DDR gene variants from 1000 Genome Project (Chromosome 10) ...

Completed DDR gene variant selection from 1000 Genome Project (Chromosome 10)
Fri 20 Apr 12:16:00 UTC 2018

Selecting DDR gene variants from 1000 Genome Project (Chromosome 11) ...

Completed DDR gene variant selection from 1000 Genome Project (Chromosome 11)
Fri 20 Apr 12:16:15 UTC 2018

Selecting DDR gene variants from 1000 Genome Project (Chromosome 12) ...

Completed DDR gene variant selection from 1000 Genome Project (Chromosome 12)
Fri 20 Apr 12:16:29 UTC 2018

Selecting DDR gene variants from 1000 Genome Project (Chromosome 13) ...

Completed DDR gene variant selection from 1000 Genome Project (Chromosome 13)
Fri 20 Apr 12:16:45 UTC 2018

Selecting DDR gene variants from 1000 Genome Project (Chromosome 14) ...

Completed DDR gene variant selection from 1000 Genome Project (Chromosome 14)
Fri 20 Apr 12:17:17 UTC 2018

Selecting DDR gene variants from 1000 Genome Project (Chromosome 15) ...

Completed DDR gene variant selection from 1000 Genome Project (Chromosome 15)
Fri 20 Apr 12:17:31 UTC 2018

Selecting DDR gene variants from 1000 Genome Project (Chromosome 16) ...

Completed DDR gene variant selection from 1000 Genome Project (Chromosome 16)
Fri 20 Apr 12:17:46 UTC 2018

Selecting DDR gene variants from 1000 Genome Project (Chromosome 17) ...

Completed DDR gene variant selection from 1000 Genome Project (Chromosome 17)
Fri 20 Apr 12:18:05 UTC 2018

Selecting DDR gene variants from 1000 Genome Project (Chromosome 18) ...

Completed DDR gene variant selection from 1000 Genome Project (Chromosome 18)
Fri 20 Apr 12:18:17 UTC 2018

Selecting DDR gene variants from 1000 Genome Project (Chromosome 19) ...

Completed DDR gene variant selection from 1000 Genome Project (Chromosome 19)
Fri 20 Apr 12:18:31 UTC 2018

Selecting DDR gene variants from 1000 Genome Project (Chromosome 20) ...

Completed DDR gene variant selection from 1000 Genome Project (Chromosome 20)
Fri 20 Apr 12:18:36 UTC 2018

Selecting DDR gene variants from 1000 Genome Project (Chromosome 21) ...

Completed DDR gene variant selection from 1000 Genome Project (Chromosome 21)
Fri 20 Apr 12:18:39 UTC 2018

Selecting DDR gene variants from 1000 Genome Project (Chromosome 22) ...

Completed DDR gene variant selection from 1000 Genome Project (Chromosome 22)
Fri 20 Apr 12:18:47 UTC 2018

Selecting DDR gene variants from 1000 Genome Project (Chromosome X) ...

Completed DDR gene variant selection from 1000 Genome Project (Chromosome X)
Fri 20 Apr 12:18:55 UTC 2018

Selecting DDR gene variants from 1000 Genome Project (Chromosome Y) ...

Completed DDR gene variant selection from 1000 Genome Project (Chromosome Y)
Fri 20 Apr 12:18:58 UTC 2018

Finishing s01_select_genes_kgen_gatk4.sh
Fri 20 Apr 12:18:58 UTC 2018

