Starting Preprocessed ExAC Non-TCGA File Quality Control (DNA Repair Genes)
Sun 22 Apr 18:47:47 UTC 2018

Source VCF File: /home/ec2-user/resources/exac_v1/ExAC_nonTCGA.r1.sites.vep.vcf.gz
Num of variants: 8,608,691

Parsing bcftools stats output: /home/ec2-user/results/preprocessed/vcf_stats/exac_nontcga_ddr/exac_nontcga_downloaded_vcfstats.txt
Plotting graphs: python plot.py
Creating PDF: pdflatex summary.tex >plot-vcfstats.log 2>&1
Finished: /home/ec2-user/results/preprocessed/vcf_stats/exac_nontcga_ddr/downloaded//summary.pdf

DDR / OR Gene Selected VCF File: /home/ec2-user/results/preprocessed/exac_v1/s01_ddr_exac_nontcga_raw.vcf
Num of variants: 120,919

Multialleleic Masked VCF File: /home/ec2-user/results/preprocessed/exac_v1/s01_ddr_exac_nontcga_ma.vcf
Num of variants: 8,623

Multialleleic Flagged VCF File: /home/ec2-user/results/preprocessed/exac_v1/s01_ddr_exac_nontcga_fma.vcf
Num of variants: 120,919

Cleaned Multialleleic Flagged VCF File: /home/ec2-user/results/preprocessed/exac_v1/s01_ddr_exac_nontcga_clean.vcf
Num of variants: 120,919

Multialleleic Split VCF File: /home/ec2-user/results/preprocessed/exac_v1/s01_ddr_exac_nontcga_split.vcf
Num of variants: 130,455

Parsing bcftools stats output: /home/ec2-user/results/preprocessed/vcf_stats/exac_nontcga_ddr/exac_nontcga_ddr_split_vcfstats.txt
Plotting graphs: python plot.py
Creating PDF: pdflatex summary.tex >plot-vcfstats.log 2>&1
Finished: /home/ec2-user/results/preprocessed/vcf_stats/exac_nontcga_ddr/split//summary.pdf

Finishing Preprocessed ExAC Non-TCGA File Quality Control (DNA Repair Genes)
Sun 22 Apr 18:56:20 UTC 2018

