Using wget to download 1000 genome project dataset
Sat 24 Mar 16:07:16 UTC 2018

Files to download:
annotations_file: http://ftp.1000genomes.ebi.ac.uk/vol1/ftp/release/20130502/integrated_call_samples_v3.20130502.ALL.panel
pedegree_file: http://ftp.1000genomes.ebi.ac.uk/vol1/ftp/release/20130502/integrated_call_samples_v2.20130502.ALL.ped
sites_vcf: http://ftp.1000genomes.ebi.ac.uk/vol1/ftp/release/20130502/ALL.wgs.phase3_shapeit2_mvncall_integrated_v5b.20130502.sites.vcf.gz
sites_vcf_ind: http://ftp.1000genomes.ebi.ac.uk/vol1/ftp/release/20130502/ALL.wgs.phase3_shapeit2_mvncall_integrated_v5b.20130502.sites.vcf.gz.tbi
genotypes_vcf_chr1: http://ftp.1000genomes.ebi.ac.uk/vol1/ftp/release/20130502/ALL.chr1.phase3_shapeit2_mvncall_integrated_v5a.20130502.genotypes.vcf.gz
genotypes_vcf_chr1_ind: http://ftp.1000genomes.ebi.ac.uk/vol1/ftp/release/20130502/ALL.chr1.phase3_shapeit2_mvncall_integrated_v5a.20130502.genotypes.vcf.gz.tbi
genotypes_vcf_chr2: http://ftp.1000genomes.ebi.ac.uk/vol1/ftp/release/20130502/ALL.chr2.phase3_shapeit2_mvncall_integrated_v5a.20130502.genotypes.vcf.gz
genotypes_vcf_chr2_ind: http://ftp.1000genomes.ebi.ac.uk/vol1/ftp/release/20130502/ALL.chr2.phase3_shapeit2_mvncall_integrated_v5a.20130502.genotypes.vcf.gz.tbi
genotypes_vcf_chr3: http://ftp.1000genomes.ebi.ac.uk/vol1/ftp/release/20130502/ALL.chr3.phase3_shapeit2_mvncall_integrated_v5a.20130502.genotypes.vcf.gz
genotypes_vcf_chr3_ind: http://ftp.1000genomes.ebi.ac.uk/vol1/ftp/release/20130502/ALL.chr3.phase3_shapeit2_mvncall_integrated_v5a.20130502.genotypes.vcf.gz.tbi
genotypes_vcf_chr4: http://ftp.1000genomes.ebi.ac.uk/vol1/ftp/release/20130502/ALL.chr4.phase3_shapeit2_mvncall_integrated_v5a.20130502.genotypes.vcf.gz
genotypes_vcf_chr4_ind: http://ftp.1000genomes.ebi.ac.uk/vol1/ftp/release/20130502/ALL.chr4.phase3_shapeit2_mvncall_integrated_v5a.20130502.genotypes.vcf.gz.tbi
genotypes_vcf_chr5: http://ftp.1000genomes.ebi.ac.uk/vol1/ftp/release/20130502/ALL.chr5.phase3_shapeit2_mvncall_integrated_v5a.20130502.genotypes.vcf.gz
genotypes_vcf_chr5_ind: http://ftp.1000genomes.ebi.ac.uk/vol1/ftp/release/20130502/ALL.chr5.phase3_shapeit2_mvncall_integrated_v5a.20130502.genotypes.vcf.gz.tbi
genotypes_vcf_chr6: http://ftp.1000genomes.ebi.ac.uk/vol1/ftp/release/20130502/ALL.chr6.phase3_shapeit2_mvncall_integrated_v5a.20130502.genotypes.vcf.gz
genotypes_vcf_chr6_ind: http://ftp.1000genomes.ebi.ac.uk/vol1/ftp/release/20130502/ALL.chr6.phase3_shapeit2_mvncall_integrated_v5a.20130502.genotypes.vcf.gz.tbi
genotypes_vcf_chr7: http://ftp.1000genomes.ebi.ac.uk/vol1/ftp/release/20130502/ALL.chr7.phase3_shapeit2_mvncall_integrated_v5a.20130502.genotypes.vcf.gz
genotypes_vcf_chr7_ind: http://ftp.1000genomes.ebi.ac.uk/vol1/ftp/release/20130502/ALL.chr7.phase3_shapeit2_mvncall_integrated_v5a.20130502.genotypes.vcf.gz.tbi
genotypes_vcf_chr8: http://ftp.1000genomes.ebi.ac.uk/vol1/ftp/release/20130502/ALL.chr8.phase3_shapeit2_mvncall_integrated_v5a.20130502.genotypes.vcf.gz
genotypes_vcf_chr8_ind: http://ftp.1000genomes.ebi.ac.uk/vol1/ftp/release/20130502/ALL.chr8.phase3_shapeit2_mvncall_integrated_v5a.20130502.genotypes.vcf.gz.tbi
genotypes_vcf_chr9: http://ftp.1000genomes.ebi.ac.uk/vol1/ftp/release/20130502/ALL.chr9.phase3_shapeit2_mvncall_integrated_v5a.20130502.genotypes.vcf.gz
genotypes_vcf_chr9_ind: http://ftp.1000genomes.ebi.ac.uk/vol1/ftp/release/20130502/ALL.chr9.phase3_shapeit2_mvncall_integrated_v5a.20130502.genotypes.vcf.gz.tbi
genotypes_vcf_chr10: http://ftp.1000genomes.ebi.ac.uk/vol1/ftp/release/20130502/ALL.chr10.phase3_shapeit2_mvncall_integrated_v5a.20130502.genotypes.vcf.gz
genotypes_vcf_chr10_ind: http://ftp.1000genomes.ebi.ac.uk/vol1/ftp/release/20130502/ALL.chr10.phase3_shapeit2_mvncall_integrated_v5a.20130502.genotypes.vcf.gz.tbi
genotypes_vcf_chr11: http://ftp.1000genomes.ebi.ac.uk/vol1/ftp/release/20130502/ALL.chr11.phase3_shapeit2_mvncall_integrated_v5a.20130502.genotypes.vcf.gz
genotypes_vcf_chr11_ind: http://ftp.1000genomes.ebi.ac.uk/vol1/ftp/release/20130502/ALL.chr11.phase3_shapeit2_mvncall_integrated_v5a.20130502.genotypes.vcf.gz.tbi
genotypes_vcf_chr12: http://ftp.1000genomes.ebi.ac.uk/vol1/ftp/release/20130502/ALL.chr12.phase3_shapeit2_mvncall_integrated_v5a.20130502.genotypes.vcf.gz
genotypes_vcf_chr12_ind: http://ftp.1000genomes.ebi.ac.uk/vol1/ftp/release/20130502/ALL.chr12.phase3_shapeit2_mvncall_integrated_v5a.20130502.genotypes.vcf.gz.tbi
genotypes_vcf_chr13: http://ftp.1000genomes.ebi.ac.uk/vol1/ftp/release/20130502/ALL.chr13.phase3_shapeit2_mvncall_integrated_v5a.20130502.genotypes.vcf.gz
genotypes_vcf_chr13_ind: http://ftp.1000genomes.ebi.ac.uk/vol1/ftp/release/20130502/ALL.chr13.phase3_shapeit2_mvncall_integrated_v5a.20130502.genotypes.vcf.gz.tbi
genotypes_vcf_chr14: http://ftp.1000genomes.ebi.ac.uk/vol1/ftp/release/20130502/ALL.chr14.phase3_shapeit2_mvncall_integrated_v5a.20130502.genotypes.vcf.gz
genotypes_vcf_chr14_ind: http://ftp.1000genomes.ebi.ac.uk/vol1/ftp/release/20130502/ALL.chr14.phase3_shapeit2_mvncall_integrated_v5a.20130502.genotypes.vcf.gz.tbi
genotypes_vcf_chr15: http://ftp.1000genomes.ebi.ac.uk/vol1/ftp/release/20130502/ALL.chr15.phase3_shapeit2_mvncall_integrated_v5a.20130502.genotypes.vcf.gz
genotypes_vcf_chr15_ind: http://ftp.1000genomes.ebi.ac.uk/vol1/ftp/release/20130502/ALL.chr15.phase3_shapeit2_mvncall_integrated_v5a.20130502.genotypes.vcf.gz.tbi
genotypes_vcf_chr16: http://ftp.1000genomes.ebi.ac.uk/vol1/ftp/release/20130502/ALL.chr16.phase3_shapeit2_mvncall_integrated_v5a.20130502.genotypes.vcf.gz
genotypes_vcf_chr16_ind: http://ftp.1000genomes.ebi.ac.uk/vol1/ftp/release/20130502/ALL.chr16.phase3_shapeit2_mvncall_integrated_v5a.20130502.genotypes.vcf.gz.tbi
genotypes_vcf_chr17: http://ftp.1000genomes.ebi.ac.uk/vol1/ftp/release/20130502/ALL.chr17.phase3_shapeit2_mvncall_integrated_v5a.20130502.genotypes.vcf.gz
genotypes_vcf_chr17_ind: http://ftp.1000genomes.ebi.ac.uk/vol1/ftp/release/20130502/ALL.chr17.phase3_shapeit2_mvncall_integrated_v5a.20130502.genotypes.vcf.gz.tbi
genotypes_vcf_chr18: http://ftp.1000genomes.ebi.ac.uk/vol1/ftp/release/20130502/ALL.chr18.phase3_shapeit2_mvncall_integrated_v5a.20130502.genotypes.vcf.gz
genotypes_vcf_chr18_ind: http://ftp.1000genomes.ebi.ac.uk/vol1/ftp/release/20130502/ALL.chr18.phase3_shapeit2_mvncall_integrated_v5a.20130502.genotypes.vcf.gz.tbi
genotypes_vcf_chr19: http://ftp.1000genomes.ebi.ac.uk/vol1/ftp/release/20130502/ALL.chr19.phase3_shapeit2_mvncall_integrated_v5a.20130502.genotypes.vcf.gz
genotypes_vcf_chr19_ind: http://ftp.1000genomes.ebi.ac.uk/vol1/ftp/release/20130502/ALL.chr19.phase3_shapeit2_mvncall_integrated_v5a.20130502.genotypes.vcf.gz.tbi
genotypes_vcf_chr20: http://ftp.1000genomes.ebi.ac.uk/vol1/ftp/release/20130502/ALL.chr20.phase3_shapeit2_mvncall_integrated_v5a.20130502.genotypes.vcf.gz
genotypes_vcf_chr20_ind: http://ftp.1000genomes.ebi.ac.uk/vol1/ftp/release/20130502/ALL.chr20.phase3_shapeit2_mvncall_integrated_v5a.20130502.genotypes.vcf.gz.tbi
genotypes_vcf_chr21: http://ftp.1000genomes.ebi.ac.uk/vol1/ftp/release/20130502/ALL.chr21.phase3_shapeit2_mvncall_integrated_v5a.20130502.genotypes.vcf.gz
genotypes_vcf_chr21_ind: http://ftp.1000genomes.ebi.ac.uk/vol1/ftp/release/20130502/ALL.chr21.phase3_shapeit2_mvncall_integrated_v5a.20130502.genotypes.vcf.gz.tbi
genotypes_vcf_chr22: http://ftp.1000genomes.ebi.ac.uk/vol1/ftp/release/20130502/ALL.chr22.phase3_shapeit2_mvncall_integrated_v5a.20130502.genotypes.vcf.gz
genotypes_vcf_chr22_ind: http://ftp.1000genomes.ebi.ac.uk/vol1/ftp/release/20130502/ALL.chr22.phase3_shapeit2_mvncall_integrated_v5a.20130502.genotypes.vcf.gz.tbi
genotypes_vcf_chrX: http://ftp.1000genomes.ebi.ac.uk/vol1/ftp/release/20130502/ALL.chrX.phase3_shapeit2_mvncall_integrated_v1b.20130502.genotypes.vcf.gz
genotypes_vcf_chrX_ind: http://ftp.1000genomes.ebi.ac.uk/vol1/ftp/release/20130502/ALL.chrX.phase3_shapeit2_mvncall_integrated_v1b.20130502.genotypes.vcf.gz.tbi
genotypes_vcf_chrY: http://ftp.1000genomes.ebi.ac.uk/vol1/ftp/release/20130502/ALL.chrY.phase3_integrated_v2a.20130502.genotypes.vcf.gz
genotypes_vcf_chrY_ind: http://ftp.1000genomes.ebi.ac.uk/vol1/ftp/release/20130502/ALL.chrY.phase3_integrated_v2a.20130502.genotypes.vcf.gz.tbi
README_known_issues_20160715
README_phase3_callset_20150220
README_phase3_chrY_calls_20141104
README_vcf_info_annotation.20141104

Target folder:
/home/ec2-user/resources/kgen/source

2018-03-24 16:07:16 URL:http://ftp.1000genomes.ebi.ac.uk/vol1/ftp/release/20130502/integrated_call_samples_v3.20130502.ALL.panel [55156/55156] -> "integrated_call_samples_v3.20130502.ALL.panel" [1]
2018-03-24 16:07:16 URL:http://ftp.1000genomes.ebi.ac.uk/vol1/ftp/release/20130502/integrated_call_samples_v2.20130502.ALL.ped [209360/209360] -> "integrated_call_samples_v2.20130502.ALL.ped" [1]
2018-03-24 16:14:03 URL:http://ftp.1000genomes.ebi.ac.uk/vol1/ftp/release/20130502/ALL.wgs.phase3_shapeit2_mvncall_integrated_v5b.20130502.sites.vcf.gz [1980074620/1980074620] -> "ALL.wgs.phase3_shapeit2_mvncall_integrated_v5b.20130502.sites.vcf.gz" [1]
2018-03-24 16:14:04 URL:http://ftp.1000genomes.ebi.ac.uk/vol1/ftp/release/20130502/ALL.wgs.phase3_shapeit2_mvncall_integrated_v5b.20130502.sites.vcf.gz.tbi [2463880/2463880] -> "ALL.wgs.phase3_shapeit2_mvncall_integrated_v5b.20130502.sites.vcf.gz.tbi" [1]
2018-03-24 16:18:15 URL:http://ftp.1000genomes.ebi.ac.uk/vol1/ftp/release/20130502/ALL.chr1.phase3_shapeit2_mvncall_integrated_v5a.20130502.genotypes.vcf.gz [1216886729/1216886729] -> "ALL.chr1.phase3_shapeit2_mvncall_integrated_v5a.20130502.genotypes.vcf.gz" [1]
2018-03-24 16:18:15 URL:http://ftp.1000genomes.ebi.ac.uk/vol1/ftp/release/20130502/ALL.chr1.phase3_shapeit2_mvncall_integrated_v5a.20130502.genotypes.vcf.gz.tbi [224660/224660] -> "ALL.chr1.phase3_shapeit2_mvncall_integrated_v5a.20130502.genotypes.vcf.gz.tbi" [1]
2018-03-24 16:22:45 URL:http://ftp.1000genomes.ebi.ac.uk/vol1/ftp/release/20130502/ALL.chr2.phase3_shapeit2_mvncall_integrated_v5a.20130502.genotypes.vcf.gz [1312735578/1312735578] -> "ALL.chr2.phase3_shapeit2_mvncall_integrated_v5a.20130502.genotypes.vcf.gz" [1]
2018-03-24 16:22:45 URL:http://ftp.1000genomes.ebi.ac.uk/vol1/ftp/release/20130502/ALL.chr2.phase3_shapeit2_mvncall_integrated_v5a.20130502.genotypes.vcf.gz.tbi [238011/238011] -> "ALL.chr2.phase3_shapeit2_mvncall_integrated_v5a.20130502.genotypes.vcf.gz.tbi" [1]
2018-03-24 16:26:33 URL:http://ftp.1000genomes.ebi.ac.uk/vol1/ftp/release/20130502/ALL.chr3.phase3_shapeit2_mvncall_integrated_v5a.20130502.genotypes.vcf.gz [1105776520/1105776520] -> "ALL.chr3.phase3_shapeit2_mvncall_integrated_v5a.20130502.genotypes.vcf.gz" [1]
2018-03-24 16:26:33 URL:http://ftp.1000genomes.ebi.ac.uk/vol1/ftp/release/20130502/ALL.chr3.phase3_shapeit2_mvncall_integrated_v5a.20130502.genotypes.vcf.gz.tbi [196236/196236] -> "ALL.chr3.phase3_shapeit2_mvncall_integrated_v5a.20130502.genotypes.vcf.gz.tbi" [1]
2018-03-24 16:30:22 URL:http://ftp.1000genomes.ebi.ac.uk/vol1/ftp/release/20130502/ALL.chr4.phase3_shapeit2_mvncall_integrated_v5a.20130502.genotypes.vcf.gz [1117054318/1117054318] -> "ALL.chr4.phase3_shapeit2_mvncall_integrated_v5a.20130502.genotypes.vcf.gz" [1]
2018-03-24 16:30:23 URL:http://ftp.1000genomes.ebi.ac.uk/vol1/ftp/release/20130502/ALL.chr4.phase3_shapeit2_mvncall_integrated_v5a.20130502.genotypes.vcf.gz.tbi [188993/188993] -> "ALL.chr4.phase3_shapeit2_mvncall_integrated_v5a.20130502.genotypes.vcf.gz.tbi" [1]
2018-03-24 16:33:49 URL:http://ftp.1000genomes.ebi.ac.uk/vol1/ftp/release/20130502/ALL.chr5.phase3_shapeit2_mvncall_integrated_v5a.20130502.genotypes.vcf.gz [989263345/989263345] -> "ALL.chr5.phase3_shapeit2_mvncall_integrated_v5a.20130502.genotypes.vcf.gz" [1]
2018-03-24 16:33:50 URL:http://ftp.1000genomes.ebi.ac.uk/vol1/ftp/release/20130502/ALL.chr5.phase3_shapeit2_mvncall_integrated_v5a.20130502.genotypes.vcf.gz.tbi [176777/176777] -> "ALL.chr5.phase3_shapeit2_mvncall_integrated_v5a.20130502.genotypes.vcf.gz.tbi" [1]
2018-03-24 16:37:05 URL:http://ftp.1000genomes.ebi.ac.uk/vol1/ftp/release/20130502/ALL.chr6.phase3_shapeit2_mvncall_integrated_v5a.20130502.genotypes.vcf.gz [999436830/999436830] -> "ALL.chr6.phase3_shapeit2_mvncall_integrated_v5a.20130502.genotypes.vcf.gz" [1]
2018-03-24 16:37:05 URL:http://ftp.1000genomes.ebi.ac.uk/vol1/ftp/release/20130502/ALL.chr6.phase3_shapeit2_mvncall_integrated_v5a.20130502.genotypes.vcf.gz.tbi [169549/169549] -> "ALL.chr6.phase3_shapeit2_mvncall_integrated_v5a.20130502.genotypes.vcf.gz.tbi" [1]
2018-03-24 16:40:03 URL:http://ftp.1000genomes.ebi.ac.uk/vol1/ftp/release/20130502/ALL.chr7.phase3_shapeit2_mvncall_integrated_v5a.20130502.genotypes.vcf.gz [908031088/908031088] -> "ALL.chr7.phase3_shapeit2_mvncall_integrated_v5a.20130502.genotypes.vcf.gz" [1]
2018-03-24 16:40:03 URL:http://ftp.1000genomes.ebi.ac.uk/vol1/ftp/release/20130502/ALL.chr7.phase3_shapeit2_mvncall_integrated_v5a.20130502.genotypes.vcf.gz.tbi [158064/158064] -> "ALL.chr7.phase3_shapeit2_mvncall_integrated_v5a.20130502.genotypes.vcf.gz.tbi" [1]
2018-03-24 16:42:40 URL:http://ftp.1000genomes.ebi.ac.uk/vol1/ftp/release/20130502/ALL.chr8.phase3_shapeit2_mvncall_integrated_v5a.20130502.genotypes.vcf.gz [861233457/861233457] -> "ALL.chr8.phase3_shapeit2_mvncall_integrated_v5a.20130502.genotypes.vcf.gz" [1]
2018-03-24 16:42:40 URL:http://ftp.1000genomes.ebi.ac.uk/vol1/ftp/release/20130502/ALL.chr8.phase3_shapeit2_mvncall_integrated_v5a.20130502.genotypes.vcf.gz.tbi [146204/146204] -> "ALL.chr8.phase3_shapeit2_mvncall_integrated_v5a.20130502.genotypes.vcf.gz.tbi" [1]
2018-03-24 16:44:43 URL:http://ftp.1000genomes.ebi.ac.uk/vol1/ftp/release/20130502/ALL.chr9.phase3_shapeit2_mvncall_integrated_v5a.20130502.genotypes.vcf.gz [672879733/672879733] -> "ALL.chr9.phase3_shapeit2_mvncall_integrated_v5a.20130502.genotypes.vcf.gz" [1]
2018-03-24 16:44:43 URL:http://ftp.1000genomes.ebi.ac.uk/vol1/ftp/release/20130502/ALL.chr9.phase3_shapeit2_mvncall_integrated_v5a.20130502.genotypes.vcf.gz.tbi [121082/121082] -> "ALL.chr9.phase3_shapeit2_mvncall_integrated_v5a.20130502.genotypes.vcf.gz.tbi" [1]
2018-03-24 16:47:23 URL:http://ftp.1000genomes.ebi.ac.uk/vol1/ftp/release/20130502/ALL.chr10.phase3_shapeit2_mvncall_integrated_v5a.20130502.genotypes.vcf.gz [773788987/773788987] -> "ALL.chr10.phase3_shapeit2_mvncall_integrated_v5a.20130502.genotypes.vcf.gz" [1]
2018-03-24 16:47:23 URL:http://ftp.1000genomes.ebi.ac.uk/vol1/ftp/release/20130502/ALL.chr10.phase3_shapeit2_mvncall_integrated_v5a.20130502.genotypes.vcf.gz.tbi [133086/133086] -> "ALL.chr10.phase3_shapeit2_mvncall_integrated_v5a.20130502.genotypes.vcf.gz.tbi" [1]
2018-03-24 16:49:43 URL:http://ftp.1000genomes.ebi.ac.uk/vol1/ftp/release/20130502/ALL.chr11.phase3_shapeit2_mvncall_integrated_v5a.20130502.genotypes.vcf.gz [767084423/767084423] -> "ALL.chr11.phase3_shapeit2_mvncall_integrated_v5a.20130502.genotypes.vcf.gz" [1]
2018-03-24 16:49:44 URL:http://ftp.1000genomes.ebi.ac.uk/vol1/ftp/release/20130502/ALL.chr11.phase3_shapeit2_mvncall_integrated_v5a.20130502.genotypes.vcf.gz.tbi [133331/133331] -> "ALL.chr11.phase3_shapeit2_mvncall_integrated_v5a.20130502.genotypes.vcf.gz.tbi" [1]
2018-03-24 16:51:59 URL:http://ftp.1000genomes.ebi.ac.uk/vol1/ftp/release/20130502/ALL.chr12.phase3_shapeit2_mvncall_integrated_v5a.20130502.genotypes.vcf.gz [740805962/740805962] -> "ALL.chr12.phase3_shapeit2_mvncall_integrated_v5a.20130502.genotypes.vcf.gz" [1]
2018-03-24 16:51:59 URL:http://ftp.1000genomes.ebi.ac.uk/vol1/ftp/release/20130502/ALL.chr12.phase3_shapeit2_mvncall_integrated_v5a.20130502.genotypes.vcf.gz.tbi [133171/133171] -> "ALL.chr12.phase3_shapeit2_mvncall_integrated_v5a.20130502.genotypes.vcf.gz.tbi" [1]
2018-03-24 16:53:41 URL:http://ftp.1000genomes.ebi.ac.uk/vol1/ftp/release/20130502/ALL.chr13.phase3_shapeit2_mvncall_integrated_v5a.20130502.genotypes.vcf.gz [556832848/556832848] -> "ALL.chr13.phase3_shapeit2_mvncall_integrated_v5a.20130502.genotypes.vcf.gz" [1]
2018-03-24 16:53:41 URL:http://ftp.1000genomes.ebi.ac.uk/vol1/ftp/release/20130502/ALL.chr13.phase3_shapeit2_mvncall_integrated_v5a.20130502.genotypes.vcf.gz.tbi [96652/96652] -> "ALL.chr13.phase3_shapeit2_mvncall_integrated_v5a.20130502.genotypes.vcf.gz.tbi" [1]
2018-03-24 16:55:14 URL:http://ftp.1000genomes.ebi.ac.uk/vol1/ftp/release/20130502/ALL.chr14.phase3_shapeit2_mvncall_integrated_v5a.20130502.genotypes.vcf.gz [506573037/506573037] -> "ALL.chr14.phase3_shapeit2_mvncall_integrated_v5a.20130502.genotypes.vcf.gz" [1]
2018-03-24 16:55:14 URL:http://ftp.1000genomes.ebi.ac.uk/vol1/ftp/release/20130502/ALL.chr14.phase3_shapeit2_mvncall_integrated_v5a.20130502.genotypes.vcf.gz.tbi [88321/88321] -> "ALL.chr14.phase3_shapeit2_mvncall_integrated_v5a.20130502.genotypes.vcf.gz.tbi" [1]
2018-03-24 16:56:38 URL:http://ftp.1000genomes.ebi.ac.uk/vol1/ftp/release/20130502/ALL.chr15.phase3_shapeit2_mvncall_integrated_v5a.20130502.genotypes.vcf.gz [457900567/457900567] -> "ALL.chr15.phase3_shapeit2_mvncall_integrated_v5a.20130502.genotypes.vcf.gz" [1]
2018-03-24 16:56:38 URL:http://ftp.1000genomes.ebi.ac.uk/vol1/ftp/release/20130502/ALL.chr15.phase3_shapeit2_mvncall_integrated_v5a.20130502.genotypes.vcf.gz.tbi [81584/81584] -> "ALL.chr15.phase3_shapeit2_mvncall_integrated_v5a.20130502.genotypes.vcf.gz.tbi" [1]
2018-03-24 16:58:14 URL:http://ftp.1000genomes.ebi.ac.uk/vol1/ftp/release/20130502/ALL.chr16.phase3_shapeit2_mvncall_integrated_v5a.20130502.genotypes.vcf.gz [495134005/495134005] -> "ALL.chr16.phase3_shapeit2_mvncall_integrated_v5a.20130502.genotypes.vcf.gz" [1]
2018-03-24 16:58:15 URL:http://ftp.1000genomes.ebi.ac.uk/vol1/ftp/release/20130502/ALL.chr16.phase3_shapeit2_mvncall_integrated_v5a.20130502.genotypes.vcf.gz.tbi [81026/81026] -> "ALL.chr16.phase3_shapeit2_mvncall_integrated_v5a.20130502.genotypes.vcf.gz.tbi" [1]
2018-03-24 16:59:52 URL:http://ftp.1000genomes.ebi.ac.uk/vol1/ftp/release/20130502/ALL.chr17.phase3_shapeit2_mvncall_integrated_v5a.20130502.genotypes.vcf.gz [434623611/434623611] -> "ALL.chr17.phase3_shapeit2_mvncall_integrated_v5a.20130502.genotypes.vcf.gz" [1]
2018-03-24 16:59:53 URL:http://ftp.1000genomes.ebi.ac.uk/vol1/ftp/release/20130502/ALL.chr17.phase3_shapeit2_mvncall_integrated_v5a.20130502.genotypes.vcf.gz.tbi [79187/79187] -> "ALL.chr17.phase3_shapeit2_mvncall_integrated_v5a.20130502.genotypes.vcf.gz.tbi" [1]
2018-03-24 17:01:31 URL:http://ftp.1000genomes.ebi.ac.uk/vol1/ftp/release/20130502/ALL.chr18.phase3_shapeit2_mvncall_integrated_v5a.20130502.genotypes.vcf.gz [436425683/436425683] -> "ALL.chr18.phase3_shapeit2_mvncall_integrated_v5a.20130502.genotypes.vcf.gz" [1]
2018-03-24 17:01:31 URL:http://ftp.1000genomes.ebi.ac.uk/vol1/ftp/release/20130502/ALL.chr18.phase3_shapeit2_mvncall_integrated_v5a.20130502.genotypes.vcf.gz.tbi [74610/74610] -> "ALL.chr18.phase3_shapeit2_mvncall_integrated_v5a.20130502.genotypes.vcf.gz.tbi" [1]
2018-03-24 17:02:57 URL:http://ftp.1000genomes.ebi.ac.uk/vol1/ftp/release/20130502/ALL.chr19.phase3_shapeit2_mvncall_integrated_v5a.20130502.genotypes.vcf.gz [359519603/359519603] -> "ALL.chr19.phase3_shapeit2_mvncall_integrated_v5a.20130502.genotypes.vcf.gz" [1]
2018-03-24 17:02:57 URL:http://ftp.1000genomes.ebi.ac.uk/vol1/ftp/release/20130502/ALL.chr19.phase3_shapeit2_mvncall_integrated_v5a.20130502.genotypes.vcf.gz.tbi [55477/55477] -> "ALL.chr19.phase3_shapeit2_mvncall_integrated_v5a.20130502.genotypes.vcf.gz.tbi" [1]
2018-03-24 17:04:07 URL:http://ftp.1000genomes.ebi.ac.uk/vol1/ftp/release/20130502/ALL.chr20.phase3_shapeit2_mvncall_integrated_v5a.20130502.genotypes.vcf.gz [341680844/341680844] -> "ALL.chr20.phase3_shapeit2_mvncall_integrated_v5a.20130502.genotypes.vcf.gz" [1]
2018-03-24 17:04:07 URL:http://ftp.1000genomes.ebi.ac.uk/vol1/ftp/release/20130502/ALL.chr20.phase3_shapeit2_mvncall_integrated_v5a.20130502.genotypes.vcf.gz.tbi [56516/56516] -> "ALL.chr20.phase3_shapeit2_mvncall_integrated_v5a.20130502.genotypes.vcf.gz.tbi" [1]
2018-03-24 17:04:57 URL:http://ftp.1000genomes.ebi.ac.uk/vol1/ftp/release/20130502/ALL.chr21.phase3_shapeit2_mvncall_integrated_v5a.20130502.genotypes.vcf.gz [218612970/218612970] -> "ALL.chr21.phase3_shapeit2_mvncall_integrated_v5a.20130502.genotypes.vcf.gz" [1]
2018-03-24 17:04:57 URL:http://ftp.1000genomes.ebi.ac.uk/vol1/ftp/release/20130502/ALL.chr21.phase3_shapeit2_mvncall_integrated_v5a.20130502.genotypes.vcf.gz.tbi [35357/35357] -> "ALL.chr21.phase3_shapeit2_mvncall_integrated_v5a.20130502.genotypes.vcf.gz.tbi" [1]
2018-03-24 17:05:45 URL:http://ftp.1000genomes.ebi.ac.uk/vol1/ftp/release/20130502/ALL.chr22.phase3_shapeit2_mvncall_integrated_v5a.20130502.genotypes.vcf.gz [214453750/214453750] -> "ALL.chr22.phase3_shapeit2_mvncall_integrated_v5a.20130502.genotypes.vcf.gz" [1]
2018-03-24 17:05:45 URL:http://ftp.1000genomes.ebi.ac.uk/vol1/ftp/release/20130502/ALL.chr22.phase3_shapeit2_mvncall_integrated_v5a.20130502.genotypes.vcf.gz.tbi [36078/36078] -> "ALL.chr22.phase3_shapeit2_mvncall_integrated_v5a.20130502.genotypes.vcf.gz.tbi" [1]
2018-03-24 17:12:05 URL:http://ftp.1000genomes.ebi.ac.uk/vol1/ftp/release/20130502/ALL.chrX.phase3_shapeit2_mvncall_integrated_v1b.20130502.genotypes.vcf.gz [1923680177/1923680177] -> "ALL.chrX.phase3_shapeit2_mvncall_integrated_v1b.20130502.genotypes.vcf.gz" [1]
2018-03-24 17:12:05 URL:http://ftp.1000genomes.ebi.ac.uk/vol1/ftp/release/20130502/ALL.chrX.phase3_shapeit2_mvncall_integrated_v1b.20130502.genotypes.vcf.gz.tbi [148068/148068] -> "ALL.chrX.phase3_shapeit2_mvncall_integrated_v1b.20130502.genotypes.vcf.gz.tbi" [1]
2018-03-24 17:12:07 URL:http://ftp.1000genomes.ebi.ac.uk/vol1/ftp/release/20130502/ALL.chrY.phase3_integrated_v2a.20130502.genotypes.vcf.gz [5719126/5719126] -> "ALL.chrY.phase3_integrated_v2a.20130502.genotypes.vcf.gz" [1]
2018-03-24 17:12:07 URL:http://ftp.1000genomes.ebi.ac.uk/vol1/ftp/release/20130502/ALL.chrY.phase3_integrated_v2a.20130502.genotypes.vcf.gz.tbi [8058/8058] -> "ALL.chrY.phase3_integrated_v2a.20130502.genotypes.vcf.gz.tbi" [1]
2018-03-24 17:12:07 URL:http://ftp.1000genomes.ebi.ac.uk/vol1/ftp/release/20130502/README_known_issues_20160715 [3224/3224] -> "README_known_issues_20160715" [1]
2018-03-24 17:12:07 URL:http://ftp.1000genomes.ebi.ac.uk/vol1/ftp/release/20130502/README_phase3_callset_20150220 [6555/6555] -> "README_phase3_callset_20150220" [1]
2018-03-24 17:12:07 URL:http://ftp.1000genomes.ebi.ac.uk/vol1/ftp/release/20130502/README_phase3_chrY_calls_20141104 [5344/5344] -> "README_phase3_chrY_calls_20141104" [1]
2018-03-24 17:12:07 URL:http://ftp.1000genomes.ebi.ac.uk/vol1/ftp/release/20130502/README_vcf_info_annotation.20141104 [2914/2914] -> "README_vcf_info_annotation.20141104" [1]
Copied all files
Sat 24 Mar 17:12:07 UTC 2018

